summary:libsystem_kernel.dylib!__proc_info!0x24b74
summary:CoreFoundation!__CFStrHashEightBit2!0xc833c
summary:SystemConfiguration!SCPreferencesGetValue!0xed68
summary:CoreFoundation!DYLD-STUB$$strlen!0x18d940
summary:libsystem_c.dylib!_NSGetEnviron!0x10f08
summary:libsystem_c.dylib!vsnprintf_l!0x49f2c
summary:libsystem_c.dylib!snprintf_l!0x3f974
summary:SystemConfiguration!__SCGetThreadSpecificData!0x1584
summary:Foundation!_NSDescriptionWithLocaleFunc!0x135ba0
summary:CoreFoundation!__CFRuntimeIsConstant!0xab4f0
summary:CoreFoundation!DYLD-STUB$$modf!0x18d274
summary:libsystem_c.dylib!_st_localsub!0x4c688
summary:CoreFoundation!__CFStrAllocateMutableContents!0xe0f94
summary:libsystem_platform.dylib!__bzero!0x80c0
summary:libsystem_c.dylib!gettimeofday!0x10fe4
summary:libsystem_c.dylib!__v2printf!0x62d38
summary:libsystem_c.dylib!notify_check_tz!0x4b36c
summary:CoreFoundation!CFUniCharGetBitmapPtrForPlane!0x1094b8
summary:libsystem_c.dylib!__ultoa!0x43524
summary:CoreFoundation!_NSIsNSString!0x138340
summary:CoreFoundation!_NSIsNSNumber!0x138224
summary:CoreFoundation!_CFLogvEx2Predicate!0x1184d0
summary:WebCore!DYLD-STUB$$std::__1::basic_string<char,
summary:SystemConfiguration!_SC_cfstring_to_cstring!0x2a8c
summary:CoreFoundation!CFDataCreateMutable!0x6a760
summary:libcorecrypto.dylib!ccdigest_update!0x1868c
summary:CoreFoundation!__CFProcessIsRestricted!0xac2c4
summary:libsystem_kernel.dylib!__error!0x3f44
summary:SystemConfiguration!__SCPSignatureFromStatbuf!0xa614
summary:libsystem_kernel.dylib!kdebug_is_enabled!0x9960
summary:CoreFoundation!_CFExecutableLinkedOnOrAfter!0x117cf0
summary:libsystem_kernel.dylib!proc_pidinfo!0x4328
summary:SystemConfiguration!_SC_syslog_os_log_mapping!0x1e4c
summary:SystemConfiguration!__SCPreferencesPath!0xa6a8
summary:CoreFoundation!__CFToUTF8!0x5447c
summary:CoreFoundation!CFDataCreate!0x6a298
summary:libsystem_c.dylib!tolower!0x9e80
summary:Foundation!_appendBytes!0x1b84ac
summary:CoreFoundation!_logToStderr!0x11a788
summary:libsystem_kernel.dylib!geteuid!0x26604
summary:libsystem_kernel.dylib!cerror!0x3f8c
summary:CoreFoundation!CFAbsoluteTimeGetCurrent!0x127f5c
summary:CoreFoundation!CFDataGetBytePtr!0x6a1b8
summary:CoreFoundation!CFNumberGetValue!0x89818
summary:libsystem_c.dylib!DYLD-STUB$$malloc!0x746fc
summary:libsystem_c.dylib!DYLD-STUB$$<redacted>!0x74750
summary:CoreFoundation!_NSTaggedPointerStringGetBytes!0x11aaa0
summary:libsystem_notify.dylib!0x1d30!0x1d30
summary:CoreFoundation!_populateBanner!0x11a618
summary:libcommonCrypto.dylib!CCDigestGetDigestInfo!0x4b68
summary:libmacho.dylib!DYLD-STUB$$strcmp!0x599c
summary:libsystem_c.dylib!_NSGetMachExecuteHeader!0x10f20
summary:CoreFoundation!DYLD-STUB$$asprintf!0x18c9a4
summary:libsystem_c.dylib!DYLD-STUB$$<redacted>!0x74768
summary:CoreFoundation!CFDataGetLength!0x6a230
summary:libsystem_kernel.dylib!__commpage_gettimeofday!0x3850
summary:CoreTelephony!std::__1::vector<unsigned
summary:SystemConfiguration!__SCPreferencesAccess!0xaf80
summary:libsystem_c.dylib!__sfvwrite!0x3b8b8
summary:CoreFoundation!__CFStrConvertBytesToUnicode!0xe8ce0
summary:libsystem_kernel.dylib!__getpid!0x23fd8
summary:CoreFoundation!_NSIsNSDictionary!0x1380c8
summary:CoreFoundation!CFCopyDescription!0xabe14
summary:CoreTelephony!DYLD-STUB$$operator
summary:libsystem_notify.dylib!0x1b44!0x1b44
summary:Foundation!_convertJSONString!0x1ba4d0
summary:Foundation!_NS_os_log_callback!0x11a3b0
summary:libsystem_c.dylib!__findenv_locked!0x54938
summary:SystemConfiguration!_SCErrorSet!0x22fc
summary:libsystem_c.dylib!getenv!0x54a60
summary:CoreFoundation!DYLD-STUB$$strcmp!0x18d91c
summary:libsystem_c.dylib!uuid_copy!0x1043c
summary:CoreFoundation!__CFCopyFormattingDescription!0xac09c
summary:CoreFoundation!CFUniCharGetUnicodePropertyDataForPlane!0x10a92c
summary:CoreFoundation!__NSDICTIONARY_IS_CALLING_OUT_TO_A_BLOCK__!0x178d64
summary:Foundation!DYLD-STUB$$strlen!0x260f7c
summary:CoreFoundation!__NSCFDictionaryCreateMutable!0x15a944
summary:CoreTelephony!-[CTServiceDescriptor
summary:CoreFoundation!_NSIsNSArray!0x137f6c
summary:CoreFoundation!CFStrIsUnicode!0xe0058
summary:libsystem_c.dylib!localeconv_l!0x31468
summary:CoreFoundation!__CFTSDGetTable!0x907a8
summary:CoreFoundation!__CFAllocatorRespectsHintZeroWhenAllocating!0x49294
summary:CoreFoundation!_CFNonObjCRetain!0xaae2c
summary:CoreTelephony!DYLD-STUB$$objc_storeStrong!0xae1f4
summary:CoreFoundation!__CFAllocateObject!0x1388cc
summary:libsystem_kernel.dylib!issetugid!0x2694c
summary:CoreFoundation!_CFNumberGetType2!0x896fc
summary:Foundation!NSAllocateObject!0x112370
summary:Foundation!DYLD-STUB$$malloc!0x260424
summary:CoreFoundation!CFBooleanGetValue!0x87b2c
summary:CoreFoundation!CFDataReplaceBytes!0x69ce0
summary:CoreFoundation!DYLD-STUB$$calloc!0x18cb00
summary:SystemConfiguration!DYLD-STUB$$access!0x5a1a8
summary:CoreFoundation!CFGetAllocator!0xabff8
summary:CoreFoundation!_CFGetProgname!0x8fd9c
summary:CoreFoundation!__CFStrDeallocateMutableContents!0xdfff4
summary:Foundation!DYLD-STUB$$malloc_default_zone!0x26043c
summary:CoreFoundation!_DescriptionWithStringProxyFunc!0x8e3e0
summary:libsystem_c.dylib!__vfprintf!0x4071c
summary:Foundation!_writeJSONString!0x1b9790
summary:libsystem_c.dylib!timesub!0x4c958
summary:CoreFoundation!__CFGetConverter!0xe7164
summary:libsystem_platform.dylib!_platform_strlen!0x7f40
summary:libcommonCrypto.dylib!CCDigest!0x4d10
summary:SystemConfiguration!SCDynamicStoreCopyProxies!0x22f24
summary:libsystem_kernel.dylib!_pthread_exit_if_canceled!0x870
summary:CoreFoundation!DYLD-STUB$$malloc_default_zone!0x18d154
summary:Foundation!__51+[_NSJSONReader
summary:SystemConfiguration!SCPreferencesCreate!0xb68c
summary:CoreFoundation!_NSIsNSObject!0x13813c
summary:Foundation!_NSDescriptionWithStringProxyFunc!0x135c20
summary:SystemConfiguration!__SCPreferencesPrefsSize!0xa904
summary:libcorecrypto.dylib!ccdigest_final_64le!0x17928
summary:CoreFoundation!DYLD-STUB$$writev!0x18e2f4
summary:Foundation!_NSTransmutePathSlashes!0x1171c0
summary:libcorecrypto.dylib!cc_clear!0x42a74
summary:CoreFoundation!copyBlocks!0xe1028
summary:CoreFoundation!_CFLogvEx3!0x1186c4
summary:CoreFoundation!_CFGetTSD!0x9080c
summary:CoreFoundation!DYLD-STUB$$free!0x18cec0
summary:SystemConfiguration!__SCPreferencesCopyDescription!0xd350
summary:CoreFoundation!_DescriptionWithLocaleFunc!0x8e360
summary:CoreFoundation!__CFDataShouldUseAllocator!0x6a6c0
summary:CoreFoundation!DYLD-STUB$$malloc_good_size!0x18d160
summary:libmacho.dylib!DYLD-STUB$$strncmp!0x59a8
summary:Foundation!_NSLogv.llvm.8641925785371478231!0x11c69c
summary:CoreFoundation!CFBooleanGetTypeID!0x87b24
summary:CoreFoundation!__CFSearchStringROM!0x37598
summary:CoreFoundation!CFAllocatorAllocate!0x48ef8
summary:CoreFoundation!CFDataSetLength!0x6a928
summary:CoreFoundation!CFRetain!0x2af0
summary:libc++abi.dylib!DYLD-STUB$$malloc!0x10e54
summary:Foundation!_writeJSONValue!0x1b8008
summary:CoreFoundation!DYLD-STUB$$localtime_r!0x18d058
summary:CoreFoundation!CFDictionaryCreateMutable!0x72510
summary:SystemConfiguration!__SCPreferencesCreate!0xb770
summary:CoreFoundation!__CFgetenv!0xaa570
summary:CoreFoundation!also_do_stderr!0x118850
summary:CoreFoundation!_CFSetTSD!0x90814
summary:CoreFoundation!CFRelease!0x2694
summary:libsystem_notify.dylib!0x82c0!0x82c0
summary:libsystem_c.dylib!vasprintf_l!0x40494
summary:libsystem_notify.dylib!0x1ab0!0x1ab0
summary:CoreFoundation!DYLD-STUB$$malloc!0x18d148
summary:libsystem_c.dylib!DYLD-STUB$$free!0x744d4
summary:libcorecrypto.dylib!md5_compress!0x2163c
summary:WirelessDiagnostics!DYLD-STUB$$ctu::hex(std::__1::vector<unsigned
summary:CoreFoundation!CFAllocatorDeallocate!0x48bd0
summary:CoreFoundation!CFGetTypeID!0xaad14
summary:libsystem_c.dylib!DYLD-STUB$$<redacted>!0x74b58
summary:libsystem_c.dylib!_st_tzset_basic!0x4b0cc
summary:CoreFoundation!_CFRuntimeCreateInstance!0xaa82c
summary:libcorecrypto.dylib!ccdigest_init!0x18618
summary:CoreFoundation!DYLD-STUB$$fstat!0x18ced8
summary:CoreFoundation!__NSARRAY_IS_CALLING_OUT_TO_A_BLOCK__!0xfe94c
summary:libsystem_kernel.dylib!cerror_nocancel!0x3f64
summary:CoreTelephony!std::__1::enable_if<(__is_forward_iterator<unsigned
summary:libsystem_notify.dylib!notify_check!0x5b24
