AwemeModuleBase:0x1064134f0
arg1 https://search3-search-lf.amemv.com/aweme/v1/search/item/?caid1=0803bffc8815b9f02c08f48f95c1008c&tma_jssdk_version=2.1.0.2&minor_status=0&ac=WIFI&appTheme=dark&is_vcd=1&keyword=%E7%8E%8B%E4%B8%80%E5%8D%9A&video_cover_shrink=372_496&enter_from=homepage_hot&sort_type=0&backtrace=M7U2PfbCPC7qlX46ow2D73foIbuD7zG%2BTODCT48wHI74oC1dlQVm4omXMt%2BkHUSKjMf5EJvWyjt3jVKDb%2FBylQ%3D%3D&count=12&is_filter_search=0&user_avatar_shrink=64_64&source=video_search&query_correct_type=1&rs_word_count=5&offset=0&search_source=normal_search&publish_time=0&hot_search=0&aid=1128&app_name=aweme&app_version=14.8.0&build_number=148013&cdid=FEDA96DE-E849-4E15-99C9-66CD61F50ADD&channel=App%20Store&device_id=4169787388733342&device_platform=iphone&device_type=iPhone9,1&idfa=322127EF-8E4E-48E9-98E0-99ACBDC85525&iid=2955926580500413&js_sdk_version=1.99.0.3&mcc_mnc=&openudid=a4cb7b4ade7c5e8e6c90cf8f892aafe6c64c73d1&os_api=18&os_version=13.3.1&screen_width=750&version_code=14.8.0&vid=25AD3C98-7CA5-4B2E-9B39-9BAEFC31BBD2
arg2 {
    "User-Agent" = "Aweme 14.8.0 rv:148013 (iPhone; iOS 13.3.1; zh_CN) Cronet";
    "x-common-params-v2" = "aid=1128&app_name=aweme&app_version=14.8.0&build_number=148013&cdid=FEDA96DE-E849-4E15-99C9-66CD61F50ADD&channel=App%20Store&device_id=4169787388733342&device_platform=iphone&device_type=iPhone9,1&idfa=322127EF-8E4E-48E9-98E0-99ACBDC85525&iid=2955926580500413&js_sdk_version=1.99.0.3&mcc_mnc=&openudid=a4cb7b4ade7c5e8e6c90cf8f892aafe6c64c73d1&os_api=18&os_version=13.3.1&screen_width=750&version_code=14.8.0&vid=25AD3C98-7CA5-4B2E-9B39-9BAEFC31BBD2";
    "x-tt-token" = "003c4774314c4f83d0177a0ae886f5a6f50056cb8fc53fa60c3b0bf88596c762fc922f46798e27276d911e99fde0203a46a8df6837c3279998eaaccf63df5e59c34fb9458bd8d9b17fd1ecf392c2a6fc08649f8411f4295761fc95f3fe46affde27ce-1.0.1";
}
call Aweme!0x3ed3344
,	Aweme!0x3ed3344 this.args0 0x16fb6afe0 0x16fb6afe0

,	Aweme!0x3ed3344 this.args1 0x16fb6ca69 0x16fb6ca69

,	Aweme!0x3ed3344 this.args2 0x1063a9361             0  1  2  3  4  5  6  7  8  9  A  B  C  D  E  F  0123456789ABCDEF
1063a9361  3e 00 94 fa 03 00 aa 88 1f 80 52 68 26 09 b9 a8  >.........Rh&...
1063a9371  24 80 52 68 22 09 b9 68 26 49 b9 69 22 49 b9 3f  $.Rh"..h&I.i"I.?
1063a9381  51 02 71 8b 00 00 54 ef 3d 00 94 48 00 00 35 ff  Q.q...T.=..H..5.
1063a9391  0f 24 91 04 40 00 94 88 0e 80 52 68 2e 09 b9 88  .$..@.....Rh....
1063a93a1  0c 80 52 68 2a 09 b9 68 2e 49 b9 69 2a 49 b9 3f  ..Rh*..h.I.i*I.?
1063a93b1  0d 06 71 6c 00 00 54 dc 3d 00 94 a8 fe ff 34 e0  ..ql..T.=.....4.
1063a93c1  03 1a aa 5b a5 01 94 68 30 80 52 68 36 09 b9 28  ...[...h0.Rh6..(
1063a93d1  15 80 52 68 32 09 b9 68 36 49 b9 69 32 49 b9 df  ..Rh2..h6I.i2I..
1063a93e1  3d 00 94 c1 00 00 54 04 00 00 14 fc 03 00 aa e0  =.....T.........
1063a93f1  03 1a aa 31 00 00 14 ff 07 11 91 68 03 80 52 68  ...1.......h..Rh
1063a9401  3e 09 b9 28 12 80 52 68 3a 09 b9 68 3e 49 b9 69  >..(..Rh:..h>I.i
1063a9411  3a 49 b9 3f 95 04 71 6c 00 00 54 b6 3d 00 94 c8  :I.?..ql..T.=...
1063a9421  fe ff 34 61 3e 00 94 f6 03 00 aa 88 3d 80 52 68  ..4a>.......=.Rh
1063a9431  46 09 b9 a8 15 80 52 68 42 09 b9 68 46 49 b9 69  F.....RhB..hFI.i
1063a9441  42 49 b9 3f 31 06 71 8c 00 00 54 b7 3d 00 94 48  BI.?1.q...T.=..H
1063a9451  00 00 35 ff 03 19 91 81 03 40 f9 68 25 80 52 68  ..5......@.h%.Rh
1063a9461  4e 09 b9 28 19 80 52 68 4a 09 b9 68 4e 49 b9 69  N..(..RhJ..hNI.i
1063a9471  4a 49 b9 3f b1 06 71 6c 00 00 54 9e 3d 00 94 a8  JI.?..ql..T.=...
1063a9481  fe ff 34 f1 3f 00 94 28 31 80 52 68 56 09 b9 68  ..4.?..(1.RhV..h
1063a9491  0e 80 52 68 52 09 b9 69 56 49 b9 6a 52 49 b9 e8  ..RhR..iVI.jRI..
1063a94a1  03 00 32 bf 3d 00 94 e1 00 00 54 05 00 00 14 fc  ..2.=.....T.....
1063a94b1  03 00 aa e0 03 16 aa 3c ec e3 94 1b 00 00 14 ff  .......<........
1063a94c1  0b 3e 91 89 29 80 52 69 5e 09 b9 89 00 80 52 69  .>..).Ri^.....Ri
1063a94d1  5a 09 b9 69 5e 49 b9 6a 5a 49 b9 b1 3d 00 94 00  Z..i^I.jZI..=...
1063a94e1  ff ff 54 e0 03 15 aa e1 03 1a aa e2 03 16 aa 0c  ..T.............
1063a94f1  95 00 94 c8 12 80 52 68 66 09 b9 c8 2d 80 52 68  ......Rhf...-.Rh
1063a9501  62 09 b9 69 66 49 b9 6a 62 49 b9 68 02 80 52 5f  b..ifI.jbI.h..R_
1063a9511  5d 04 71 2c 02 00 54 7e 3d 00 94 c9 01 00 34 0e  ].q,..T~=.....4.
1063a9521  00 00 14 fc 03 00 aa e8 12 80 52 68 16 0a b9 68  ..........Rh...h
1063a9531  13 80 52 68 12 0a b9 68 16 4a b9 69 12 4a b9 3f  ..Rh...h.J.i.J.?
1063a9541  59 02 71 8c 3f 00 54 6b 3d 00 94 28 3f 00 34 f9  Y.q.?.Tk=..(?.4.
1063a9551  01 00 14 ff 07 33 91 69 8a 40 f9 20 01 40 f9 69  .....3.i.@. .@.i
1063a9561  0d 80 52 69 6e 09 b9 a9 3d 80 52 69 6a 09 b9 69  ..Rin...=.Rij..i
1063a9571  6e 49 b9 6a 6a 49 b9 5f 55 00 71 6c 00 00 54 64  nI.jjI._U.ql..Td
1063a9581  3d 00 94 89 fe ff 34 c0 05 00 b4 88 0e 80 52 68  =.....4.......Rh
1063a9591  76 09 b9 08 10 80 52 68 72 09 b9 68 76 49 b9 69  v.....Rhr..hvI.i
1063a95a1  72 49 b9 3f 95 00 71 8c 00 00 54 5f 3d 00 94 48  rI.?..q...T_=..H
1063a95b1  00 00 35 ff 07 28 91 c8 0e 80 52 68 7e 09 b9 88  ..5..(....Rh~...
1063a95c1  23 80 52 68 7a 09 b9 68 7e 49 b9 69 7a 49 b9 75  #.Rhz..h~I.izI.u
1063a95d1  02 80 52 3f 6d 06 71 6c 00 00 54 a6 3d 00 94 a8  ..R?m.ql..T.=...
1063a95e1  fe ff 34 d9 ee e3 94 c8 23 80 52 68 86 09 b9 48  ..4.....#.Rh...H
1063a95f1  04 80 52 68 82 09 b9 68 86 49 b9 69 82 49 b9 3f  ..Rh...h.I.i.I.?
1063a9601  7d 00 71 8c 00 00 54 9b 3d 00 94 48 00 00 35 ff  }.q...T.=..H..5.
1063a9611  0f 31 91 17 3f 00 94 68 1f 80 52 68 8e 09 b9 08  .1..?..h..Rh....
1063a9621  19 80 52 68 8a 09 b9 68 8e 49 b9 69 8a 49 b9 3f  ..Rh...h.I.i.I.?
1063a9631  fd 02 71 6c 00 00 54 2f 3d 00 94 a8 fe ff 34 28  ..ql..T/=.....4(
1063a9641  1b 80 52 68 a6 09 b9 68 1a 80 52 68 a2 09 b9 68  ..Rh...h..Rh...h
1063a9651  a6 49 b9 69 a2 49 b9 3f 6d 05 71 8c 00 00 54 25  .I.i.I.?m.q...T%
1063a9661  3d 00 94 48 00 00 35 ff 0b 34 91 80 03 40 f9 88  =..H..5..4...@..
1063a9671  09 80 52 68 ae 09 b9 68 22 80 52 68 aa 09 b9 68  ..Rh...h".Rh...h
1063a9681  ae 49 b9 69 aa 49 b9 3f d1 00 71 6c 00 00 54 26  .I.i.I.?..ql..T&
1063a9691  3d 00 94 a8 fe ff 34 c0 05 00 b4 28 1a 80 52 68  =.....4....(..Rh
1063a96a1  b6 09 b9 28 1e 80 52 68 b2 09 b9 68 b6 49 b9 69  ...(..Rh...h.I.i
1063a96b1  b2 49 b9 3f 31 06 71 8c 00 00 54 1b 3d 00 94 48  .I.?1.q...T.=..H
1063a96c1  00 00 35 ff 0b 3d 91 48 0c 80 52 68 be 09 b9 88  ..5..=.H..Rh....
1063a96d1  15 80 52 68 ba 09 b9 68 be 49 b9 69 ba 49 b9 35  ..Rh...h.I.i.I.5
1063a96e1  0a 80 52 3f 41 05 71 6b 00 00 54 87 3d 00 94 a8  ..R?A.qk..T.=...
1063a96f1  fe ff 34 95 ee e3 94 88 04 80 52 68 c6 09 b9 28  ..4.......Rh...(
1063a9701  26 80 52 68 c2 09 b9 68 c6 49 b9 69 c2 49 b9 3f  &.Rh...h.I.i.I.?
1063a9711  61 04 71 8b 00 00 54 7c 3d 00 94 48 00 00 35 ff  a.q...T|=..H..5.
1063a9721  0b 22 91 9f 03 00 f9 68 12 80 52 68 ce 09 b9 a8  .".....h..Rh....
1063a9731  12 80 52 68 ca 09 b9 68 ce 49 b9 69 ca 49 b9 3f  ..Rh...h.I.i.I.?
1063a9741  a9 04 71 6b 00 00 54 ff 3c 00 94 a8 fe ff 34 28  ..qk..T.<.....4(
1063a9751  34 80 52 68 d6 09 b9 28 14 80 52 68 d2 09 b9 68  4.Rh...(..Rh...h

,	Aweme!0x3ed3344 this.args3 0x1e5a9ff00             0  1  2  3  4  5  6  7  8  9  A  B  C  D  E  F  0123456789ABCDEF
1e5a9ff00  00 00 00 00 00 00 00 00 ff ff ff ff ff ff ff ff  ................
1e5a9ff10  00 00 00 00 00 00 00 00 00 00 00 00 00 00 00 00  ................
1e5a9ff20  00 00 00 00 00 00 00 00 00 00 00 00 00 00 00 00  ................
1e5a9ff30  00 00 00 00 00 00 00 00 00 00 00 00 00 00 00 00  ................
1e5a9ff40  00 00 00 00 00 00 00 00 00 00 00 00 00 00 00 00  ................
1e5a9ff50  00 00 00 00 00 00 00 00 00 00 00 00 00 00 00 00  ................
1e5a9ff60  00 00 00 00 00 00 00 00 00 00 00 00 00 00 00 00  ................
1e5a9ff70  00 00 00 00 00 00 00 00 00 00 00 00 00 00 00 00  ................
1e5a9ff80  00 00 00 00 00 00 00 00 00 00 00 00 00 00 00 00  ................
1e5a9ff90  00 00 00 00 00 00 00 00 00 00 00 00 00 00 00 00  ................
1e5a9ffa0  00 00 00 00 00 00 00 00 00 00 00 00 00 00 00 00  ................
1e5a9ffb0  00 00 00 00 00 00 00 00 00 00 00 00 00 00 00 00  ................
1e5a9ffc0  00 00 00 00 00 00 00 00 00 00 00 00 00 00 00 00  ................
1e5a9ffd0  00 00 00 00 00 00 00 00 00 00 00 00 00 00 00 00  ................
1e5a9ffe0  00 00 00 00 00 00 00 00 00 00 00 00 00 00 00 00  ................
1e5a9fff0  00 00 00 00 00 00 00 00 00 00 00 00 00 00 00 00  ................
1e5aa0000  00 00 00 00 00 00 00 00 00 00 00 00 00 00 00 00  ................
1e5aa0010  00 00 00 00 00 00 00 00 00 00 00 00 00 00 00 00  ................
1e5aa0020  00 00 00 00 00 00 00 00 00 00 00 00 00 00 00 00  ................
1e5aa0030  00 00 00 00 00 00 00 00 00 00 00 00 00 00 00 00  ................
1e5aa0040  00 00 00 00 00 00 00 00 00 00 00 00 00 00 00 00  ................
1e5aa0050  00 00 00 00 00 00 00 00 00 00 00 00 00 00 00 00  ................
1e5aa0060  00 00 00 00 00 00 00 00 00 00 00 00 00 00 00 00  ................
1e5aa0070  00 00 00 00 00 00 00 00 00 00 00 00 00 00 00 00  ................
1e5aa0080  00 00 00 00 00 00 00 00 00 00 00 00 00 00 00 00  ................
1e5aa0090  00 00 00 00 00 00 00 00 00 00 00 00 00 00 00 00  ................
1e5aa00a0  00 00 00 00 00 00 00 00 00 00 00 00 00 00 00 00  ................
1e5aa00b0  00 00 00 00 00 00 00 00 00 00 00 00 00 00 00 00  ................
1e5aa00c0  00 00 00 00 00 00 00 00 00 00 00 00 00 00 00 00  ................
1e5aa00d0  00 00 00 00 00 00 00 00 00 00 00 00 00 00 00 00  ................
1e5aa00e0  00 00 00 00 00 00 00 00 00 00 00 00 00 00 00 00  ................
1e5aa00f0  00 00 00 00 00 00 00 00 00 00 00 00 00 00 00 00  ................
1e5aa0100  00 00 00 00 00 00 00 00 00 00 00 00 00 00 00 00  ................
1e5aa0110  00 00 00 00 00 00 00 00 00 00 00 00 00 00 00 00  ................
1e5aa0120  00 00 00 00 00 00 00 00 00 00 00 00 00 00 00 00  ................
1e5aa0130  00 00 00 00 00 00 00 00 00 00 00 00 00 00 00 00  ................
1e5aa0140  00 00 00 00 00 00 00 00 00 00 00 00 00 00 00 00  ................
1e5aa0150  00 00 00 00 00 00 00 00 00 00 00 00 00 00 00 00  ................
1e5aa0160  00 00 00 00 00 00 00 00 00 00 00 00 00 00 00 00  ................
1e5aa0170  00 00 00 00 00 00 00 00 00 00 00 00 00 00 00 00  ................
1e5aa0180  00 00 00 00 00 00 00 00 00 00 00 00 00 00 00 00  ................
1e5aa0190  00 00 00 00 00 00 00 00 00 00 00 00 00 00 00 00  ................
1e5aa01a0  00 00 00 00 00 00 00 00 00 00 00 00 00 00 00 00  ................
1e5aa01b0  00 00 00 00 00 00 00 00 00 00 00 00 00 00 00 00  ................
1e5aa01c0  00 00 00 00 00 00 00 00 00 00 00 00 00 00 00 00  ................
1e5aa01d0  00 00 00 00 00 00 00 00 00 00 00 00 00 00 00 00  ................
1e5aa01e0  00 00 00 00 00 00 00 00 00 00 00 00 00 00 00 00  ................
1e5aa01f0  00 00 00 00 00 00 00 00 00 00 00 00 00 00 00 00  ................
1e5aa0200  00 00 00 00 00 00 00 00 00 00 00 00 00 00 00 00  ................
1e5aa0210  00 00 00 00 00 00 00 00 00 00 00 00 00 00 00 00  ................
1e5aa0220  00 00 00 00 00 00 00 00 00 00 00 00 00 00 00 00  ................
1e5aa0230  00 00 00 00 00 00 00 00 00 00 00 00 00 00 00 00  ................
1e5aa0240  00 00 00 00 00 00 00 00 00 00 00 00 00 00 00 00  ................
1e5aa0250  00 00 00 00 00 00 00 00 00 00 00 00 00 00 00 00  ................
1e5aa0260  00 00 00 00 00 00 00 00 00 00 00 00 00 00 00 00  ................
1e5aa0270  00 00 00 00 00 00 00 00 00 00 00 00 00 00 00 00  ................
1e5aa0280  00 00 00 00 00 00 00 00 00 00 00 00 00 00 00 00  ................
1e5aa0290  00 00 00 00 00 00 00 00 00 00 00 00 00 00 00 00  ................
1e5aa02a0  00 00 00 00 00 00 00 00 00 00 00 00 00 00 00 00  ................
1e5aa02b0  00 00 00 00 00 00 00 00 00 00 00 00 00 00 00 00  ................
1e5aa02c0  00 00 00 00 00 00 00 00 00 00 00 00 00 00 00 00  ................
1e5aa02d0  00 00 00 00 00 00 00 00 00 00 00 00 00 00 00 00  ................
1e5aa02e0  00 00 00 00 00 00 00 00 00 00 00 00 00 00 00 00  ................
1e5aa02f0  00 00 00 00 00 00 00 00 00 00 00 00 00 00 00 00  ................

,	Aweme!0x3ed3344 this.args4 0x147 0x147

,	Aweme!0x3ed3344 this.args0 onLeave 0x16fb6afe0 0x16fb6afe0

,	Aweme!0x3ed3344 this.args1 onLeave 0x16fb6ca69 0x16fb6ca69

,	Aweme!0x3ed3344 this.args2 onLeave 0x1063a9361             0  1  2  3  4  5  6  7  8  9  A  B  C  D  E  F  0123456789ABCDEF
1063a9361  3e 00 94 fa 03 00 aa 88 1f 80 52 68 26 09 b9 a8  >.........Rh&...
1063a9371  24 80 52 68 22 09 b9 68 26 49 b9 69 22 49 b9 3f  $.Rh"..h&I.i"I.?
1063a9381  51 02 71 8b 00 00 54 ef 3d 00 94 48 00 00 35 ff  Q.q...T.=..H..5.
1063a9391  0f 24 91 04 40 00 94 88 0e 80 52 68 2e 09 b9 88  .$..@.....Rh....
1063a93a1  0c 80 52 68 2a 09 b9 68 2e 49 b9 69 2a 49 b9 3f  ..Rh*..h.I.i*I.?
1063a93b1  0d 06 71 6c 00 00 54 dc 3d 00 94 a8 fe ff 34 e0  ..ql..T.=.....4.
1063a93c1  03 1a aa 5b a5 01 94 68 30 80 52 68 36 09 b9 28  ...[...h0.Rh6..(
1063a93d1  15 80 52 68 32 09 b9 68 36 49 b9 69 32 49 b9 df  ..Rh2..h6I.i2I..
1063a93e1  3d 00 94 c1 00 00 54 04 00 00 14 fc 03 00 aa e0  =.....T.........
1063a93f1  03 1a aa 31 00 00 14 ff 07 11 91 68 03 80 52 68  ...1.......h..Rh
1063a9401  3e 09 b9 28 12 80 52 68 3a 09 b9 68 3e 49 b9 69  >..(..Rh:..h>I.i
1063a9411  3a 49 b9 3f 95 04 71 6c 00 00 54 b6 3d 00 94 c8  :I.?..ql..T.=...
1063a9421  fe ff 34 61 3e 00 94 f6 03 00 aa 88 3d 80 52 68  ..4a>.......=.Rh
1063a9431  46 09 b9 a8 15 80 52 68 42 09 b9 68 46 49 b9 69  F.....RhB..hFI.i
1063a9441  42 49 b9 3f 31 06 71 8c 00 00 54 b7 3d 00 94 48  BI.?1.q...T.=..H
1063a9451  00 00 35 ff 03 19 91 81 03 40 f9 68 25 80 52 68  ..5......@.h%.Rh
1063a9461  4e 09 b9 28 19 80 52 68 4a 09 b9 68 4e 49 b9 69  N..(..RhJ..hNI.i
1063a9471  4a 49 b9 3f b1 06 71 6c 00 00 54 9e 3d 00 94 a8  JI.?..ql..T.=...
1063a9481  fe ff 34 f1 3f 00 94 28 31 80 52 68 56 09 b9 68  ..4.?..(1.RhV..h
1063a9491  0e 80 52 68 52 09 b9 69 56 49 b9 6a 52 49 b9 e8  ..RhR..iVI.jRI..
1063a94a1  03 00 32 bf 3d 00 94 e1 00 00 54 05 00 00 14 fc  ..2.=.....T.....
1063a94b1  03 00 aa e0 03 16 aa 3c ec e3 94 1b 00 00 14 ff  .......<........
1063a94c1  0b 3e 91 89 29 80 52 69 5e 09 b9 89 00 80 52 69  .>..).Ri^.....Ri
1063a94d1  5a 09 b9 69 5e 49 b9 6a 5a 49 b9 b1 3d 00 94 00  Z..i^I.jZI..=...
1063a94e1  ff ff 54 e0 03 15 aa e1 03 1a aa e2 03 16 aa 0c  ..T.............
1063a94f1  95 00 94 c8 12 80 52 68 66 09 b9 c8 2d 80 52 68  ......Rhf...-.Rh
1063a9501  62 09 b9 69 66 49 b9 6a 62 49 b9 68 02 80 52 5f  b..ifI.jbI.h..R_
1063a9511  5d 04 71 2c 02 00 54 7e 3d 00 94 c9 01 00 34 0e  ].q,..T~=.....4.
1063a9521  00 00 14 fc 03 00 aa e8 12 80 52 68 16 0a b9 68  ..........Rh...h
1063a9531  13 80 52 68 12 0a b9 68 16 4a b9 69 12 4a b9 3f  ..Rh...h.J.i.J.?
1063a9541  59 02 71 8c 3f 00 54 6b 3d 00 94 28 3f 00 34 f9  Y.q.?.Tk=..(?.4.
1063a9551  01 00 14 ff 07 33 91 69 8a 40 f9 20 01 40 f9 69  .....3.i.@. .@.i
1063a9561  0d 80 52 69 6e 09 b9 a9 3d 80 52 69 6a 09 b9 69  ..Rin...=.Rij..i
1063a9571  6e 49 b9 6a 6a 49 b9 5f 55 00 71 6c 00 00 54 64  nI.jjI._U.ql..Td
1063a9581  3d 00 94 89 fe ff 34 c0 05 00 b4 88 0e 80 52 68  =.....4.......Rh
1063a9591  76 09 b9 08 10 80 52 68 72 09 b9 68 76 49 b9 69  v.....Rhr..hvI.i
1063a95a1  72 49 b9 3f 95 00 71 8c 00 00 54 5f 3d 00 94 48  rI.?..q...T_=..H
1063a95b1  00 00 35 ff 07 28 91 c8 0e 80 52 68 7e 09 b9 88  ..5..(....Rh~...
1063a95c1  23 80 52 68 7a 09 b9 68 7e 49 b9 69 7a 49 b9 75  #.Rhz..h~I.izI.u
1063a95d1  02 80 52 3f 6d 06 71 6c 00 00 54 a6 3d 00 94 a8  ..R?m.ql..T.=...
1063a95e1  fe ff 34 d9 ee e3 94 c8 23 80 52 68 86 09 b9 48  ..4.....#.Rh...H
1063a95f1  04 80 52 68 82 09 b9 68 86 49 b9 69 82 49 b9 3f  ..Rh...h.I.i.I.?
1063a9601  7d 00 71 8c 00 00 54 9b 3d 00 94 48 00 00 35 ff  }.q...T.=..H..5.
1063a9611  0f 31 91 17 3f 00 94 68 1f 80 52 68 8e 09 b9 08  .1..?..h..Rh....
1063a9621  19 80 52 68 8a 09 b9 68 8e 49 b9 69 8a 49 b9 3f  ..Rh...h.I.i.I.?
1063a9631  fd 02 71 6c 00 00 54 2f 3d 00 94 a8 fe ff 34 28  ..ql..T/=.....4(
1063a9641  1b 80 52 68 a6 09 b9 68 1a 80 52 68 a2 09 b9 68  ..Rh...h..Rh...h
1063a9651  a6 49 b9 69 a2 49 b9 3f 6d 05 71 8c 00 00 54 25  .I.i.I.?m.q...T%
1063a9661  3d 00 94 48 00 00 35 ff 0b 34 91 80 03 40 f9 88  =..H..5..4...@..
1063a9671  09 80 52 68 ae 09 b9 68 22 80 52 68 aa 09 b9 68  ..Rh...h".Rh...h
1063a9681  ae 49 b9 69 aa 49 b9 3f d1 00 71 6c 00 00 54 26  .I.i.I.?..ql..T&
1063a9691  3d 00 94 a8 fe ff 34 c0 05 00 b4 28 1a 80 52 68  =.....4....(..Rh
1063a96a1  b6 09 b9 28 1e 80 52 68 b2 09 b9 68 b6 49 b9 69  ...(..Rh...h.I.i
1063a96b1  b2 49 b9 3f 31 06 71 8c 00 00 54 1b 3d 00 94 48  .I.?1.q...T.=..H
1063a96c1  00 00 35 ff 0b 3d 91 48 0c 80 52 68 be 09 b9 88  ..5..=.H..Rh....
1063a96d1  15 80 52 68 ba 09 b9 68 be 49 b9 69 ba 49 b9 35  ..Rh...h.I.i.I.5
1063a96e1  0a 80 52 3f 41 05 71 6b 00 00 54 87 3d 00 94 a8  ..R?A.qk..T.=...
1063a96f1  fe ff 34 95 ee e3 94 88 04 80 52 68 c6 09 b9 28  ..4.......Rh...(
1063a9701  26 80 52 68 c2 09 b9 68 c6 49 b9 69 c2 49 b9 3f  &.Rh...h.I.i.I.?
1063a9711  61 04 71 8b 00 00 54 7c 3d 00 94 48 00 00 35 ff  a.q...T|=..H..5.
1063a9721  0b 22 91 9f 03 00 f9 68 12 80 52 68 ce 09 b9 a8  .".....h..Rh....
1063a9731  12 80 52 68 ca 09 b9 68 ce 49 b9 69 ca 49 b9 3f  ..Rh...h.I.i.I.?
1063a9741  a9 04 71 6b 00 00 54 ff 3c 00 94 a8 fe ff 34 28  ..qk..T.<.....4(
1063a9751  34 80 52 68 d6 09 b9 28 14 80 52 68 d2 09 b9 68  4.Rh...(..Rh...h

,	Aweme!0x3ed3344 this.args3 onLeave 0x1e5a9ff00             0  1  2  3  4  5  6  7  8  9  A  B  C  D  E  F  0123456789ABCDEF
1e5a9ff00  00 00 00 00 00 00 00 00 ff ff ff ff ff ff ff ff  ................
1e5a9ff10  00 00 00 00 00 00 00 00 00 00 00 00 00 00 00 00  ................
1e5a9ff20  00 00 00 00 00 00 00 00 00 00 00 00 00 00 00 00  ................
1e5a9ff30  00 00 00 00 00 00 00 00 00 00 00 00 00 00 00 00  ................
1e5a9ff40  00 00 00 00 00 00 00 00 00 00 00 00 00 00 00 00  ................
1e5a9ff50  00 00 00 00 00 00 00 00 00 00 00 00 00 00 00 00  ................
1e5a9ff60  00 00 00 00 00 00 00 00 00 00 00 00 00 00 00 00  ................
1e5a9ff70  00 00 00 00 00 00 00 00 00 00 00 00 00 00 00 00  ................
1e5a9ff80  00 00 00 00 00 00 00 00 00 00 00 00 00 00 00 00  ................
1e5a9ff90  00 00 00 00 00 00 00 00 00 00 00 00 00 00 00 00  ................
1e5a9ffa0  00 00 00 00 00 00 00 00 00 00 00 00 00 00 00 00  ................
1e5a9ffb0  00 00 00 00 00 00 00 00 00 00 00 00 00 00 00 00  ................
1e5a9ffc0  00 00 00 00 00 00 00 00 00 00 00 00 00 00 00 00  ................
1e5a9ffd0  00 00 00 00 00 00 00 00 00 00 00 00 00 00 00 00  ................
1e5a9ffe0  00 00 00 00 00 00 00 00 00 00 00 00 00 00 00 00  ................
1e5a9fff0  00 00 00 00 00 00 00 00 00 00 00 00 00 00 00 00  ................
1e5aa0000  00 00 00 00 00 00 00 00 00 00 00 00 00 00 00 00  ................
1e5aa0010  00 00 00 00 00 00 00 00 00 00 00 00 00 00 00 00  ................
1e5aa0020  00 00 00 00 00 00 00 00 00 00 00 00 00 00 00 00  ................
1e5aa0030  00 00 00 00 00 00 00 00 00 00 00 00 00 00 00 00  ................
1e5aa0040  00 00 00 00 00 00 00 00 00 00 00 00 00 00 00 00  ................
1e5aa0050  00 00 00 00 00 00 00 00 00 00 00 00 00 00 00 00  ................
1e5aa0060  00 00 00 00 00 00 00 00 00 00 00 00 00 00 00 00  ................
1e5aa0070  00 00 00 00 00 00 00 00 00 00 00 00 00 00 00 00  ................
1e5aa0080  00 00 00 00 00 00 00 00 00 00 00 00 00 00 00 00  ................
1e5aa0090  00 00 00 00 00 00 00 00 00 00 00 00 00 00 00 00  ................
1e5aa00a0  00 00 00 00 00 00 00 00 00 00 00 00 00 00 00 00  ................
1e5aa00b0  00 00 00 00 00 00 00 00 00 00 00 00 00 00 00 00  ................
1e5aa00c0  00 00 00 00 00 00 00 00 00 00 00 00 00 00 00 00  ................
1e5aa00d0  00 00 00 00 00 00 00 00 00 00 00 00 00 00 00 00  ................
1e5aa00e0  00 00 00 00 00 00 00 00 00 00 00 00 00 00 00 00  ................
1e5aa00f0  00 00 00 00 00 00 00 00 00 00 00 00 00 00 00 00  ................
1e5aa0100  00 00 00 00 00 00 00 00 00 00 00 00 00 00 00 00  ................
1e5aa0110  00 00 00 00 00 00 00 00 00 00 00 00 00 00 00 00  ................
1e5aa0120  00 00 00 00 00 00 00 00 00 00 00 00 00 00 00 00  ................
1e5aa0130  00 00 00 00 00 00 00 00 00 00 00 00 00 00 00 00  ................
1e5aa0140  00 00 00 00 00 00 00 00 00 00 00 00 00 00 00 00  ................
1e5aa0150  00 00 00 00 00 00 00 00 00 00 00 00 00 00 00 00  ................
1e5aa0160  00 00 00 00 00 00 00 00 00 00 00 00 00 00 00 00  ................
1e5aa0170  00 00 00 00 00 00 00 00 00 00 00 00 00 00 00 00  ................
1e5aa0180  00 00 00 00 00 00 00 00 00 00 00 00 00 00 00 00  ................
1e5aa0190  00 00 00 00 00 00 00 00 00 00 00 00 00 00 00 00  ................
1e5aa01a0  00 00 00 00 00 00 00 00 00 00 00 00 00 00 00 00  ................
1e5aa01b0  00 00 00 00 00 00 00 00 00 00 00 00 00 00 00 00  ................
1e5aa01c0  00 00 00 00 00 00 00 00 00 00 00 00 00 00 00 00  ................
1e5aa01d0  00 00 00 00 00 00 00 00 00 00 00 00 00 00 00 00  ................
1e5aa01e0  00 00 00 00 00 00 00 00 00 00 00 00 00 00 00 00  ................
1e5aa01f0  00 00 00 00 00 00 00 00 00 00 00 00 00 00 00 00  ................
1e5aa0200  00 00 00 00 00 00 00 00 00 00 00 00 00 00 00 00  ................
1e5aa0210  00 00 00 00 00 00 00 00 00 00 00 00 00 00 00 00  ................
1e5aa0220  00 00 00 00 00 00 00 00 00 00 00 00 00 00 00 00  ................
1e5aa0230  00 00 00 00 00 00 00 00 00 00 00 00 00 00 00 00  ................
1e5aa0240  00 00 00 00 00 00 00 00 00 00 00 00 00 00 00 00  ................
1e5aa0250  00 00 00 00 00 00 00 00 00 00 00 00 00 00 00 00  ................
1e5aa0260  00 00 00 00 00 00 00 00 00 00 00 00 00 00 00 00  ................
1e5aa0270  00 00 00 00 00 00 00 00 00 00 00 00 00 00 00 00  ................
1e5aa0280  00 00 00 00 00 00 00 00 00 00 00 00 00 00 00 00  ................
1e5aa0290  00 00 00 00 00 00 00 00 00 00 00 00 00 00 00 00  ................
1e5aa02a0  00 00 00 00 00 00 00 00 00 00 00 00 00 00 00 00  ................
1e5aa02b0  00 00 00 00 00 00 00 00 00 00 00 00 00 00 00 00  ................
1e5aa02c0  00 00 00 00 00 00 00 00 00 00 00 00 00 00 00 00  ................
1e5aa02d0  00 00 00 00 00 00 00 00 00 00 00 00 00 00 00 00  ................
1e5aa02e0  00 00 00 00 00 00 00 00 00 00 00 00 00 00 00 00  ................
1e5aa02f0  00 00 00 00 00 00 00 00 00 00 00 00 00 00 00 00  ................

,	Aweme!0x3ed3344 this.args4 onLeave 0x147 0x147

,retval onLeave: 0x16fb6afe0 0x16fb6afe0

call Aweme!0x3ed3344
,	Aweme!0x3ed3344 this.args0 0x16fb69aa0 0x16fb69aa0

,	Aweme!0x3ed3344 this.args1 0x16fb698b0 0x16fb698b0

,	Aweme!0x3ed3344 this.args2 0x16fb69940 0x16fb69940

,	Aweme!0x3ed3344 this.args3 0x39 0x39

,	Aweme!0x3ed3344 this.args4 0x106419594             0  1  2  3  4  5  6  7  8  9  A  B  C  D  E  F  0123456789ABCDEF
106419594  8a 2d 06 53 8b 0d 14 12 4b 7c 14 33 6a 01 0a 2a  .-.S....K|.3j..*
1064195a4  4a 51 51 2a 4a 51 50 2a 4a 51 4f 2a 4a 51 4e 2a  JQQ*JQP*JQO*JQN*
1064195b4  4a 51 4d 2a 8b 15 00 12 7f 81 00 71 40 0a 00 54  JQM*.......q@..T
1064195c4  7f e5 00 71 00 0a 00 54 7f bd 00 71 e1 42 00 54  ...q...T...q.B.T
1064195d4  0b 23 00 91 29 f1 7d d3 69 69 a9 b8 4a 3d 00 13  .#..).}.ii..J=..
1064195e4  29 c1 2a 8b 69 59 28 f8 10 02 00 14 0a 00 80 d2  ).*.iY(.........
1064195f4  88 15 00 12 1f 61 00 71 88 41 00 54 a8 11 00 11  .....a.q.A.T....
106419604  08 c0 28 8b 09 4f 29 8b 2b 05 40 f9 89 15 40 92  ..(..O).+.@...@.
106419614  8c 00 00 10 4d 7b 69 78 8c 09 0d 8b 80 01 1f d6  ....M{ix........
106419624  7f 01 0a eb 01 2e 00 54 74 01 00 14 e1 3f 00 b5  .......Tt....?..
106419634  8a 15 00 12 43 25 00 51 7f 78 00 71 68 3f 00 54  ....C%.Q.x.qh?.T
106419644  0a 00 80 52 01 00 80 d2 8b 2d 06 53 84 35 14 12  ...R.....-.S.5..
106419654  44 7c 14 33 8b 00 0b 2a 6b 51 51 2a 6b 51 50 2a  D|.3...*kQQ*kQP*
106419664  6b 51 4f 2a 6b 51 4e 2a 6b 51 4d 2a 6b 75 1e 53  kQO*kQN*kQM*ku.S
106419674  2f 8f 03 b0 ef 49 29 91 8d 00 00 10 ee 79 63 78  /....I)......ycx
106419684  ad 09 0e 8b a0 01 1f d6 08 4f 28 8b 01 05 40 f9  .........O(...@.
106419694  88 15 00 12 08 2d 00 51 1f 35 00 71 68 3c 00 54  .....-.Q.5.qh<.T
1064196a4  0a c0 2b 8b 4b 11 00 91 09 4f 29 8b 29 05 40 f9  ..+.K....O).).@.
1064196b4  2d 8f 03 b0 ad 41 2a 91 8a 00 00 10 ac 79 68 78  -....A*......yhx
1064196c4  4a 09 0c 8b 40 01 1f d6 3f 01 00 f1 8d 62 00 54  J...@...?....b.T
1064196d4  09 00 80 52 08 00 80 52 f0 01 00 14 7f 69 00 71  ...R...R.....i.q
1064196e4  c0 26 00 54 7f cd 00 71 01 3a 00 54 0b 23 00 91  .&.T...q.:.T.#..
1064196f4  69 59 69 f8 4a 3d 00 12 29 01 0a 8a 69 59 28 f8  iYi.J=..)...iY(.
106419704  ca 01 00 14 0b 23 00 91 69 59 69 f8 29 a1 2a 8b  .....#..iYi.).*.
106419714  69 59 28 f8 c5 01 00 14 5f 25 00 71 61 38 00 54  iY(....._%.qa8.T
106419724  0b 00 80 52 09 00 80 52 0a 00 80 52 e8 82 5f f8  ...R...R...R.._.
106419734  08 01 0d 8b 2c 00 80 52 4b 01 00 14 8d 2d 00 12  ....,..RK....-..
106419744  ae 05 01 51 ce 19 8e 13 df f5 00 71 48 7d 00 54  ...Q.......qH}.T
106419754  31 8f 03 b0 31 6a 2d 91 8f 00 00 10 30 7a 6e 78  1...1j-.....0znx
106419764  ef 09 10 8b e0 01 1f d6 8b 2d 00 12 7f 01 25 71  .........-....%q
106419774  0d 4e 00 54 7f bd 31 71 cd 5e 00 54 7f c1 31 71  .N.T..1q.^.T..1q
106419784  00 3d 00 54 7f 05 32 71 00 60 00 54 7f 05 39 71  .=.T..2q.`.T..9q
106419794  80 73 00 54 a5 01 00 14 88 7d 14 53 09 01 19 12  .s.T.....}.S....
1064197a4  0a 01 18 12 0b 01 17 12 0d 01 16 12 08 01 15 12  ................
1064197b4  8e 35 14 12 8e 69 14 33 8e 2d 06 33 c9 01 09 2a  .5...i.3.-.3...*
1064197c4  29 01 0a 2a 29 01 0b 2a 29 01 0d 2a 28 01 08 2a  )..*)..*)..*(..*
1064197d4  09 03 80 52 6a e6 01 b0 4a 41 1e 91 08 29 a9 9b  ...Rj...JA...)..
1064197e4  09 01 40 b9 3f 55 00 71 e8 66 00 54 08 09 40 f9  ..@.?U.q.f.T..@.
1064197f4  2c 8f 03 b0 8c b1 2a 91 8a 00 00 10 8b 79 69 78  ,.....*......yix
106419804  4a 09 0b 8b 40 01 1f d6 c0 00 40 fd 08 00 78 9e  J...@.....@...x.
106419814  e8 00 00 f9 85 01 00 14 e8 07 80 52 e8 03 a0 72  ...........R...r
106419824  8b 01 08 0a 68 4d 00 51 08 41 88 13 1f 6d 00 71  ....hM.Q.A...m.q
106419834  c8 2f 00 54 68 22 c8 1a 2a 04 9c 52 8a 10 a1 72  ./.Th"..*..R...r
106419844  1f 01 0a 6a 20 2f 00 54 01 2f 00 b5 88 2d 06 53  ...j /.T./...-.S
106419854  8a 0d 14 12 4a 7c 14 33 48 01 08 2a 08 51 51 2a  ....J|.3H..*.QQ*
106419864  08 51 50 2a 08 51 4f 2a 08 51 4e 2a 08 51 4d 2a  .QP*.QO*.QN*.QM*
106419874  08 3d 1e 13 4a 02 80 52 aa 00 a0 72 7f 01 0a 6b  .=..J..R...r...k
106419884  cc 24 00 54 7f 9d 00 71 08 2d 00 54 0a 00 80 52  .$.T...q.-.T...R
106419894  2e 8f 03 b0 ce 61 2b 91 ac 00 00 10 cd 79 6b 78  .....a+......ykx
1064198a4  8c 09 0d 8b ed 03 00 aa 80 01 1f d6 0d 00 80 d2  ................
1064198b4  08 11 00 11 08 c0 28 8b 09 4f 29 8b 2c 05 40 f9  ......(..O).,.@.
1064198c4  49 02 80 52 a9 00 a0 72 7f 01 09 6b 8c 24 00 54  I..R...r...k.$.T
1064198d4  7f 61 00 71 a8 2a 00 54 2e 8f 03 b0 ce a1 2c 91  .a.q.*.T......,.
1064198e4  89 00 00 10 ca 79 6b 78 29 09 0a 8b 20 01 1f d6  .....ykx)... ...
1064198f4  9f 01 0d eb c1 56 00 54 ba 02 00 14 8a 2d 06 53  .....V.T.....-.S
106419904  8b 0d 14 12 4b 7c 14 33 6a 01 0a 2a 4a 51 51 2a  ....K|.3j..*JQQ*
106419914  4a 51 50 2a 4a 51 4f 2a 4a 51 4e 2a 4a 51 4d 2a  JQP*JQO*JQN*JQM*
106419924  0b 23 00 91 69 59 69 f8 3f a1 2a eb e9 a7 9f 1a  .#..iYi.?.*.....
106419934  69 59 28 f8 3d 01 00 14 8b 2d 00 12 7f bd 29 71  iY(.=....-....)q
106419944  0d 1d 00 54 7f c1 29 71 c0 32 00 54 7f c1 31 71  ...T..)q.2.T..1q
106419954  80 2e 00 54 7f c1 3d 71 81 26 00 54 0a 23 00 91  ...T..=q.&.T.#..
106419964  29 f1 7d d3 49 69 a9 b8 08 f1 7d d3 48 69 a8 b8  ).}.Ii....}.Hi..
106419974  e5 00 00 14 8a 2d 06 53 8b 0d 14 12 4b 7c 14 33  .....-.S....K|.3
106419984  6a 01 0a 2a 4a 51 51 2a 4a 51 50 2a 4a 51 4f 2a  j..*JQQ*JQP*JQO*

,	Aweme!0x3ed3344 this.args0 onLeave 0x16fb69aa0 0x16fb69aa0

,	Aweme!0x3ed3344 this.args1 onLeave 0x16fb698b0 0x16fb698b0

,	Aweme!0x3ed3344 this.args2 onLeave 0x16fb69940 0x16fb69940

,	Aweme!0x3ed3344 this.args3 onLeave 0x39 0x39

,	Aweme!0x3ed3344 this.args4 onLeave 0x106419594             0  1  2  3  4  5  6  7  8  9  A  B  C  D  E  F  0123456789ABCDEF
106419594  8a 2d 06 53 8b 0d 14 12 4b 7c 14 33 6a 01 0a 2a  .-.S....K|.3j..*
1064195a4  4a 51 51 2a 4a 51 50 2a 4a 51 4f 2a 4a 51 4e 2a  JQQ*JQP*JQO*JQN*
1064195b4  4a 51 4d 2a 8b 15 00 12 7f 81 00 71 40 0a 00 54  JQM*.......q@..T
1064195c4  7f e5 00 71 00 0a 00 54 7f bd 00 71 e1 42 00 54  ...q...T...q.B.T
1064195d4  0b 23 00 91 29 f1 7d d3 69 69 a9 b8 4a 3d 00 13  .#..).}.ii..J=..
1064195e4  29 c1 2a 8b 69 59 28 f8 10 02 00 14 0a 00 80 d2  ).*.iY(.........
1064195f4  88 15 00 12 1f 61 00 71 88 41 00 54 a8 11 00 11  .....a.q.A.T....
106419604  08 c0 28 8b 09 4f 29 8b 2b 05 40 f9 89 15 40 92  ..(..O).+.@...@.
106419614  8c 00 00 10 4d 7b 69 78 8c 09 0d 8b 80 01 1f d6  ....M{ix........
106419624  7f 01 0a eb 01 2e 00 54 74 01 00 14 e1 3f 00 b5  .......Tt....?..
106419634  8a 15 00 12 43 25 00 51 7f 78 00 71 68 3f 00 54  ....C%.Q.x.qh?.T
106419644  0a 00 80 52 01 00 80 d2 8b 2d 06 53 84 35 14 12  ...R.....-.S.5..
106419654  44 7c 14 33 8b 00 0b 2a 6b 51 51 2a 6b 51 50 2a  D|.3...*kQQ*kQP*
106419664  6b 51 4f 2a 6b 51 4e 2a 6b 51 4d 2a 6b 75 1e 53  kQO*kQN*kQM*ku.S
106419674  2f 8f 03 b0 ef 49 29 91 8d 00 00 10 ee 79 63 78  /....I)......ycx
106419684  ad 09 0e 8b a0 01 1f d6 08 4f 28 8b 01 05 40 f9  .........O(...@.
106419694  88 15 00 12 08 2d 00 51 1f 35 00 71 68 3c 00 54  .....-.Q.5.qh<.T
1064196a4  0a c0 2b 8b 4b 11 00 91 09 4f 29 8b 29 05 40 f9  ..+.K....O).).@.
1064196b4  2d 8f 03 b0 ad 41 2a 91 8a 00 00 10 ac 79 68 78  -....A*......yhx
1064196c4  4a 09 0c 8b 40 01 1f d6 3f 01 00 f1 8d 62 00 54  J...@...?....b.T
1064196d4  09 00 80 52 08 00 80 52 f0 01 00 14 7f 69 00 71  ...R...R.....i.q
1064196e4  c0 26 00 54 7f cd 00 71 01 3a 00 54 0b 23 00 91  .&.T...q.:.T.#..
1064196f4  69 59 69 f8 4a 3d 00 12 29 01 0a 8a 69 59 28 f8  iYi.J=..)...iY(.
106419704  ca 01 00 14 0b 23 00 91 69 59 69 f8 29 a1 2a 8b  .....#..iYi.).*.
106419714  69 59 28 f8 c5 01 00 14 5f 25 00 71 61 38 00 54  iY(....._%.qa8.T
106419724  0b 00 80 52 09 00 80 52 0a 00 80 52 e8 82 5f f8  ...R...R...R.._.
106419734  08 01 0d 8b 2c 00 80 52 4b 01 00 14 8d 2d 00 12  ....,..RK....-..
106419744  ae 05 01 51 ce 19 8e 13 df f5 00 71 48 7d 00 54  ...Q.......qH}.T
106419754  31 8f 03 b0 31 6a 2d 91 8f 00 00 10 30 7a 6e 78  1...1j-.....0znx
106419764  ef 09 10 8b e0 01 1f d6 8b 2d 00 12 7f 01 25 71  .........-....%q
106419774  0d 4e 00 54 7f bd 31 71 cd 5e 00 54 7f c1 31 71  .N.T..1q.^.T..1q
106419784  00 3d 00 54 7f 05 32 71 00 60 00 54 7f 05 39 71  .=.T..2q.`.T..9q
106419794  80 73 00 54 a5 01 00 14 88 7d 14 53 09 01 19 12  .s.T.....}.S....
1064197a4  0a 01 18 12 0b 01 17 12 0d 01 16 12 08 01 15 12  ................
1064197b4  8e 35 14 12 8e 69 14 33 8e 2d 06 33 c9 01 09 2a  .5...i.3.-.3...*
1064197c4  29 01 0a 2a 29 01 0b 2a 29 01 0d 2a 28 01 08 2a  )..*)..*)..*(..*
1064197d4  09 03 80 52 6a e6 01 b0 4a 41 1e 91 08 29 a9 9b  ...Rj...JA...)..
1064197e4  09 01 40 b9 3f 55 00 71 e8 66 00 54 08 09 40 f9  ..@.?U.q.f.T..@.
1064197f4  2c 8f 03 b0 8c b1 2a 91 8a 00 00 10 8b 79 69 78  ,.....*......yix
106419804  4a 09 0b 8b 40 01 1f d6 c0 00 40 fd 08 00 78 9e  J...@.....@...x.
106419814  e8 00 00 f9 85 01 00 14 e8 07 80 52 e8 03 a0 72  ...........R...r
106419824  8b 01 08 0a 68 4d 00 51 08 41 88 13 1f 6d 00 71  ....hM.Q.A...m.q
106419834  c8 2f 00 54 68 22 c8 1a 2a 04 9c 52 8a 10 a1 72  ./.Th"..*..R...r
106419844  1f 01 0a 6a 20 2f 00 54 01 2f 00 b5 88 2d 06 53  ...j /.T./...-.S
106419854  8a 0d 14 12 4a 7c 14 33 48 01 08 2a 08 51 51 2a  ....J|.3H..*.QQ*
106419864  08 51 50 2a 08 51 4f 2a 08 51 4e 2a 08 51 4d 2a  .QP*.QO*.QN*.QM*
106419874  08 3d 1e 13 4a 02 80 52 aa 00 a0 72 7f 01 0a 6b  .=..J..R...r...k
106419884  cc 24 00 54 7f 9d 00 71 08 2d 00 54 0a 00 80 52  .$.T...q.-.T...R
106419894  2e 8f 03 b0 ce 61 2b 91 ac 00 00 10 cd 79 6b 78  .....a+......ykx
1064198a4  8c 09 0d 8b ed 03 00 aa 80 01 1f d6 0d 00 80 d2  ................
1064198b4  08 11 00 11 08 c0 28 8b 09 4f 29 8b 2c 05 40 f9  ......(..O).,.@.
1064198c4  49 02 80 52 a9 00 a0 72 7f 01 09 6b 8c 24 00 54  I..R...r...k.$.T
1064198d4  7f 61 00 71 a8 2a 00 54 2e 8f 03 b0 ce a1 2c 91  .a.q.*.T......,.
1064198e4  89 00 00 10 ca 79 6b 78 29 09 0a 8b 20 01 1f d6  .....ykx)... ...
1064198f4  9f 01 0d eb c1 56 00 54 ba 02 00 14 8a 2d 06 53  .....V.T.....-.S
106419904  8b 0d 14 12 4b 7c 14 33 6a 01 0a 2a 4a 51 51 2a  ....K|.3j..*JQQ*
106419914  4a 51 50 2a 4a 51 4f 2a 4a 51 4e 2a 4a 51 4d 2a  JQP*JQO*JQN*JQM*
106419924  0b 23 00 91 69 59 69 f8 3f a1 2a eb e9 a7 9f 1a  .#..iYi.?.*.....
106419934  69 59 28 f8 3d 01 00 14 8b 2d 00 12 7f bd 29 71  iY(.=....-....)q
106419944  0d 1d 00 54 7f c1 29 71 c0 32 00 54 7f c1 31 71  ...T..)q.2.T..1q
106419954  80 2e 00 54 7f c1 3d 71 81 26 00 54 0a 23 00 91  ...T..=q.&.T.#..
106419964  29 f1 7d d3 49 69 a9 b8 08 f1 7d d3 48 69 a8 b8  ).}.Ii....}.Hi..
106419974  e5 00 00 14 8a 2d 06 53 8b 0d 14 12 4b 7c 14 33  .....-.S....K|.3
106419984  6a 01 0a 2a 4a 51 51 2a 4a 51 50 2a 4a 51 4f 2a  j..*JQQ*JQP*JQO*

,retval onLeave: 0x16fb69aa0 0x16fb69aa0

[end signal]{
    "X-Argus" = "0hBYUw93dV32dQd8YXpM0F3a2Xq/IOVYsLG2UF0mss/7WTcRM9ci9g7dBGDtE5j2GnrkpyLKwIaENuJZ6IGKSZQYU7YsMNItpxzYexNFYy4ev7lLejhTHhoXk/g/cI1JUPo7nJmgj6VYKGbEJnSf6suC3+POSxNfV6ycfWWVIF9tK6DDUUys2Z2OdS3wz1Q0dTIRTDdylC5SvOtYU5iDhkra4D/SaHsKkZby/Gn41vy6wQ==";
    "X-Gorgon" = 840440de008072cc01540c24752561248397b78f0d01b0980f0e;
    "X-Khronos" = 1618201440;
    "X-Ladon" = "jUD1dC2zGfySZN3fEOl8iTFPiWt5F7UDXtT5fVqXVri/L9qZ";
    "X-Tyhon" = "YRH5UMNatwKHQPlQjFurFJYV+R+NR70FwxX5+CQ=";
}
Aweme!0x3e70fd0 3
Aweme!0x3ecb9bc 3
Aweme!0x3ed6e4c 18
Aweme!0x3e61204 2
Aweme!0x3ea8cd4 3
Aweme!0x3e4dd78 1
Aweme!0x3ec642c 2
Aweme!0x3e71488 1
Aweme!0x3ed701c 14
Aweme!0x3ec6770 8
Aweme!0x3e5cc68 2
Aweme!0x3e70d48 2
Aweme!0x3e5208c 6
Aweme!0x3e57394 1
Aweme!0x3ea03c8 9
Aweme!0x3ea1c70 1
Aweme!0x3ea7c28 5
Aweme!0x775e084 5
Aweme!0x3edb5bc 1
Aweme!0x3eda3f8 6
Aweme!0x3e70550 3
Aweme!0x3e71374 2
Aweme!0x3e928cc 2
Aweme!0x3eb31d0 8
Aweme!0x3e71318 3
Aweme!0x3e520ec 6
Aweme!0x3e70da8 1
Aweme!0x3e70bd8 2
Aweme!0x3e5c1e8 1
Aweme!0x3ea8c7c 2
Aweme!0x3e71430 3
Aweme!0x3ecac58 52
Aweme!0x3ecaa88 1
Aweme!0x775dfd0 34
Aweme!0x3ed32dc 257
Aweme!0x3e84a30 1
Aweme!0x3ecda08 1
Aweme!0x3e5b9f0 2
Aweme!0x3e8c7a4 1
Aweme!0x3ecb9c4 4
Aweme!0x3e7ce8c 6
Aweme!0x3ea0828 7
Aweme!0x3e5cb58 2
Aweme!0x3ea164c 1
Aweme!0x3e9a300 2
Aweme!0x775e828 11
Aweme!0x3e7114c 1
Aweme!0x3e70f7c 1
Aweme!0x3e86ad4 2
Aweme!0x3ed3224 256
Aweme!0x3ea1764 1
Aweme!0x3ead334 1
Aweme!0x3ecae2c 2
Aweme!0x3e68100 1
Aweme!0x3ed6f6c 14
Aweme!0x3e58a74 558
Aweme!0x775e888 1
Aweme!0x3ecf140 1
Aweme!0x3ecc730 1
Aweme!0x3ed67d0 6
Aweme!0x3edb5c4 8
Aweme!0x3ed30b4 4
Aweme!0x3ed9e90 3
Aweme!0x3e711ac 3
Aweme!0x3e87274 2
Aweme!0x3e87048 4
Aweme!0x3e51f24 7
Aweme!0x3e70db0 21
Aweme!0x3eca7a8 7
Aweme!0x775e090 3
Aweme!0x3e70100 2
Aweme!0x3e93d80 7
Aweme!0x3ede65c 1
Aweme!0x3e523dc 2
Aweme!0x3ea8c28 3
Aweme!0x3e8a13c 1
Aweme!0x3e70b28 6
Aweme!0x3ea170c 9
Aweme!0x3ecc8a8 1
Aweme!0x3ecec30 19
Aweme!0x3ecda6c 2
Aweme!0x775d328 2
Aweme!0x3ecf828 1
Aweme!0x3ecb118 3
Aweme!0x3e4e698 2
Aweme!0x3e86adc 1
Aweme!0x3ea1998 1
Aweme!0x3edb340 2
Aweme!0x3e58964 1
Aweme!0x3e71668 9
Aweme!0x3ed9ddc 6
Aweme!0x3ed4a78 1
Aweme!0x3e67854 1
Aweme!0x3eda120 1
Aweme!0x3e87334 5
Aweme!0x3eda2f0 2
Aweme!0x3ed3344 1
Aweme!0x3e90ec0 1
Aweme!0x3ea16b4 45
Aweme!0x3eda408 3
Aweme!0x3e516d4 7
Aweme!0x775e834 4
Aweme!0x3edacbc 1
Aweme!0x3e51f88 8
Aweme!0x3ed328c 2
Aweme!0x3ec649c 2
Aweme!0x3eda3ac 8
Aweme!0x3e89ce8 1
Aweme!0x3e71328 1
Aweme!0x3edb174 1
Aweme!0x3e86ff4 7
Aweme!0x3ecc90c 2
Aweme!0x3e67688 3
Aweme!0x775e720 12
Aweme!0x3e71440 1
Aweme!0x3e71270 1
Aweme!0x3e52044 2
Aweme!0x3ee4790 1
Aweme!0x3ecf88c 2
Aweme!0x3e872dc 5
Aweme!0x3e70ca4 2
Aweme!0x3ed7260 3
Aweme!0x3e5c824 2
Aweme!0x3ecb9d4 1
Aweme!0x3e86d10 14
Aweme!0x775c7f4 38
Aweme!0x3e70dbc 1
Aweme!0x3e86ae4 1
Aweme!0x3e714a0 1
Aweme!0x3ecaaf8 1
Aweme!0x3e709c0 30
Aweme!0x3e523e8 4
Aweme!0x3ecae3c 1
Aweme!0x3ecfc30 1
Aweme!0x3e84c14 1
Aweme!0x3ecb180 14
Aweme!0x3e71218 3
Aweme!0x3e86ba0 3
Aweme!0x3ea6110 2
Aweme!0x3e70e1c 2
Aweme!0x775e7e0 4
Aweme!0x3edae38 1
Aweme!0x3ed3238 6
Aweme!0x3e70f90 2
Aweme!0x3ea1b74 10
Aweme!0x3ee5f28 1
Aweme!0x3e87e20 2
Aweme!0x3e51ed8 16
Aweme!0x3e5de48 2
Aweme!0x3eac354 1
Aweme!0x3eaea20 11
Aweme!0x3ed32f4 1
Aweme!0x3e56530 1
Aweme!0x3e4e1f0 5
Aweme!0x3ecb9dc 7
Aweme!0x3eda1e8 8
Aweme!0x3ea1664 1
Aweme!0x3e885c0 1
Aweme!0x3ed3010 516
Aweme!0x3e71108 1
Aweme!0x3e70f38 1
Aweme!0x3eca930 13
Aweme!0x3e67c04 1
Aweme!0x3eda4d0 7
Aweme!0x3ed6f84 32
Aweme!0x3e523f0 5
Aweme!0x3ea7e18 52
Aweme!0x3e67a34 1
Aweme!0x3ea3c78 1
Aweme!0x3e84a4c 1
Aweme!0x3e60518 1
Aweme!0x3ecafb8 1
Aweme!0x3e7cea8 2
Aweme!0x3ead464 1
Aweme!0x3ed30cc 2
Aweme!0x3ed9ea8 3
Aweme!0x3e711c4 2
Aweme!0x3ecb2a0 19
Aweme!0x3ed7210 3
Aweme!0x3ed3240 1
Aweme!0x3e57ef4 15
Aweme!0x3e86cc0 1
Aweme!0x3e86920 3
Aweme!0x775e78c 281
Aweme!0x3e712dc 3
Aweme!0x3e7cf08 4
Aweme!0x3ed9fc0 1
Aweme!0x3ed3358 3
Aweme!0x3ed9f64 1
Aweme!0x775e390 3
Aweme!0x3ede618 2
Aweme!0x3edded8 1
Aweme!0x3ecef8c 1
Aweme!0x3e90ed4 1
Aweme!0x3edb5e0 2
Aweme!0x3ed31e4 258
Aweme!0x3ecabc0 5
Aweme!0x3ecb9e4 7
Aweme!0x3eca820 4
Aweme!0x3ec64b0 2
Aweme!0x3ea1d50 1
Aweme!0x3e51f40 3
Aweme!0x3e5e594 1
Aweme!0x775c5d8 46
Aweme!0x3e714b0 1
Aweme!0x3e70ba0 3
Aweme!0x3e868c8 3
Aweme!0x3e5e8d8 1
Aweme!0x3e4f5ec 2
Aweme!0x3e71284 1
Aweme!0x3e8c880 2
Aweme!0x3ea1ac8 1
Aweme!0x3e70b44 8
Aweme!0x3e6057c 2
Aweme!0x3e67810 56
Aweme!0x3e51918 9
Aweme!0x3ec68b0 24
Aweme!0x3eac818 1
Aweme!0x3ecfd58 1
Aweme!0x3e86cc8 5
Aweme!0x3eda368 1
Aweme!0x3ed6fec 2
Aweme!0x3ecf3ec 2
Aweme!0x3e86c6c 2
Aweme!0x3e523fc 5
Aweme!0x3e5205c 11
Aweme!0x3e7ce58 4
Aweme!0x3eca540 4
Aweme!0x3ed7104 8
Aweme!0x3e872f4 19
Aweme!0x3ea6180 1
Aweme!0x3eda994 1
Aweme!0x3ed3304 1
Aweme!0x3edb5e8 1
Aweme!0x3ecf504 1
Aweme!0x3ed32a8 3
Aweme!0x3e870c8 4
Aweme!0x3ea0f90 1
Aweme!0x3e51fa4 6
Aweme!0x3ee4520 6
Aweme!0x3eda3c8 4
Aweme!0x3eda028 1
Aweme!0x3ea8d04 7
Aweme!0x3e5e93c 2
Aweme!0x3e83780 3
Aweme!0x3e712e8 2
Aweme!0x3eac8d8 1
Aweme!0x3ecb1f4 1
Aweme!0x3e87354 2
Aweme!0x3e7128c 6
Aweme!0x775e39c 7
Aweme!0x3ee5ee0 1
Aweme!0x3e86de4 1
Aweme!0x3e70d1c 2
Aweme!0x3e71400 1
Aweme!0x775b534 2
Aweme!0x3ecaa58 12
Aweme!0x3e70920 1
Aweme!0x3ed9eb8 4
Aweme!0x3e67b00 2
Aweme!0x3ea12d8 1
Aweme!0x775e7f8 1
Aweme!0x3edac80 7
Aweme!0x3eca9a0 1
Aweme!0x3e58b58 279
Aweme!0x3ec6460 2
Aweme!0x3e5c5b8 1
Aweme!0x3e520c0 3
Aweme!0x3e93da8 4
Aweme!0x3e70d7c 2
Aweme!0x3e83784 1
Aweme!0x3e7111c 1
Aweme!0x3e70980 29
Aweme!0x3eda5fc 1
Aweme!0x3e8c7d4 1
Aweme!0x3e4e71c 8
Aweme!0x3e70af4 17
Aweme!0x3eca9a4 4
Aweme!0x3eca604 3
Aweme!0x3ed31f8 1
Aweme!0x3ed6ff8 18
Aweme!0x3ed3028 814
Aweme!0x3ee49e0 1
Aweme!0x3ecb1fc 2
Aweme!0x3e71464 1
Aweme!0x3e71294 2
Aweme!0x3e87de0 1
Aweme!0x3ea7a90 7
Aweme!0x3e67bc0 2
Aweme!0x3ecb02c 2
Aweme!0x3e5c8a4 1
Aweme!0x3ed6f40 14
Aweme!0x3e87300 8
Aweme!0x775e348 7
Aweme!0x3ea0a88 1
Aweme!0x3ed32b4 2
Aweme!0x3e86dec 1
Aweme!0x3e4e1b0 1
Aweme!0x3e5bd68 4
Aweme!0x3ec6694 8
Aweme!0x3ec64c4 21
Aweme!0x3e716f0 10
Aweme!0x3e5c61c 2
Aweme!0x3ea1680 3
Aweme!0x3e70c10 3
Aweme!0x3e84b20 1
Aweme!0x775e7a4 281
Aweme!0x3ede85c 3
Aweme!0x775cb00 1
Aweme!0x3ea61ec 25
Aweme!0x3ea1228 1
Aweme!0x3e808c8 1
Aweme!0x3e6047c 1
Aweme!0x3e713b0 2
Aweme!0x775e804 4
Aweme!0x3ed325c 5
Aweme!0x3e71698 10
Aweme!0x3e853d8 30
Aweme!0x3e712f8 1
Aweme!0x3e71128 1
Aweme!0x3e7bed4 1
Aweme!0x3e85208 9
Aweme!0x3ecb260 6
Aweme!0x3ea61f0 4
Aweme!0x3e86df4 9
Aweme!0x3ea2ad4 1
Aweme!0x3e70b5c 15
Aweme!0x3ea8c54 5
Aweme!0x3e71240 1
Aweme!0x3e51534 9
Aweme!0x3e4e728 7
Aweme!0x3ed9ec8 3
Aweme!0x3edb5a0 15
Aweme!0x3ea1858 37
Aweme!0x3ecf460 1
Aweme!0x3ecc428 1
Aweme!0x3edb1a4 1
Aweme!0x3e83398 1
Aweme!0x3e70d30 1
Aweme!0x3ed9d58 5
Aweme!0x3e5cbf4 1
Aweme!0x3e872b0 13
Aweme!0x3ea8ba8 54
Aweme!0x3eda3e0 7
Aweme!0x3ec92dc 1
Aweme!0x3ed3264 257
Aweme!0x3e87254 7
Aweme!0x3e7118c 2
Aweme!0x3e8a230 1
Aweme!0x3ea1630 2
Aweme!0x3e71300 1
Aweme!0x3ea8cc0 2
Aweme!0x3ed6fac 14
Aweme!0x3e86fcc 4
Aweme!0x3ed3150 41
Aweme!0x3ed6f50 14
Aweme!0x3e87d94 11
Aweme!0x3eca8a0 1
Aweme!0x3edb264 1
Aweme!0x3e4e730 4
Aweme!0x3e8a290 1
Aweme!0x3ecaa14 1
Aweme!0x3edb5a8 13
Aweme!0x3ee1390 1
Aweme!0x3ed32c4 2
Aweme!0x3e7019c 1
Aweme!0x3e52134 5
Aweme!0x3e70140 1
Aweme!0x3e58b14 279
Aweme!0x3e67890 6
Aweme!0x3ed31b0 1
Aweme!0x3e87314 2
Aweme!0x3e7124c 5
Aweme!0x3e86f74 1
Aweme!0x3e7141c 1
Aweme!0x3e84dbc 1
Aweme!0x3edab28 1
Aweme!0x3ea8bb0 66
Aweme!0x3e4de24 9
Aweme!0x3e708e0 1
Aweme!0x3edb20c 2
Aweme!0x3eda3e8 3
Aweme!0x3e70fc4 3
Aweme!0x3e8c790 1
Aweme!0x3ec681c 10
Aweme!0x3e88764 1
Aweme!0x3e87200 1
Aweme!0x775e078 7
Aweme!0x3ea1b4c 1
Aweme!0x3e868f0 5
Aweme!0x3ecd59c 2
Aweme!0x3ea197c 28
Aweme!0x3ed9f90 2
Aweme!0x3e86fd4 4
Aweme!0x3e52080 19
Aweme!0x3e86c34 2
Aweme!0x3ead4f0 1
Aweme!0x3ed4bd0 1
Aweme!0x3e71080 1
Aweme!0x3ea1a94 1
Aweme!0x3e70b10 9
Aweme!0x3ecaa78 1
Aweme!0x3edb5b0 8
Aweme!0x3eda21c 2
Aweme!0x3ed7070 4
Aweme!0x3ed9e7c 3
Aweme!0x3e71368 2
Aweme!0x3e90e48 1
Aweme!0x3ea7994 4
Aweme!0x3ecb2d0 57
Aweme!0x3e520e0 16
Aweme!0x3eda8a4 8
Aweme!0x3e70bcc 1
Aweme!0x3eb1c60 1
Aweme!0x775c5a8 15
Aweme!0x3e86c38 2
Aweme!0x3e5c520 2
Aweme!0x3edad5c 2
Aweme!0x3ec91d4 2
Aweme!0x3e8a128 1
Aweme!0x3ea03c0 1
Aweme!0x3ed72a0 1
Aweme!0x3ec9348 2
Aweme!0x3ea1188 1
Aweme!0x3e5d118 1
Aweme!0x3e71028 1
Aweme!0x3ea169c 2
Aweme!0x3edb558 8
Aweme!0x3e67728 3
Aweme!0x3ecb278 1
Aweme!0x3e92868 1
Aweme!0x3ed6fbc 14
Aweme!0x3eda168 2
Aweme!0x3e86fdc 4
Aweme!0x3e871ac 2
Aweme!0x3ec676c 8
Aweme!0x3ea1928 1
Aweme!0x3ed6f60 16
Aweme!0x3e90f08 1
Aweme!0x775e708 1
Aweme!0x3ed69f0 1
Aweme!0x3e71428 1
Aweme!0x3eca340 6
Aweme!0x3e4e740 8
Aweme!0x3e711fc 1
Aweme!0x775d148 15
Aweme!0x3e70f70 1
Aweme!0x3e926f4 1
Aweme!0x3e8a244 1
On receive  16384
Error happenError: unable to find module containing 0x1230a025c
Error happenError: unable to find module containing 0x123022984
Error happenError: unable to find module containing 0x123022994
call: Aweme!0x3ecb52c Aweme!0x775e390@DYLD-STUB$$objc_retain
call: Foundation!0x715c libobjc.A.dylib!0x47e8@object_getClass
call: Foundation!0x71cc CoreFoundation!0xaae2c@_CFNonObjCRetain
call: Aweme!0x3ecb538 Aweme!0x775e390@DYLD-STUB$$objc_retain
call: Aweme!0x3ecb554 Aweme!0x775e348@DYLD-STUB$$objc_msgSend
call: Foundation!0x40150 libobjc.A.dylib!0x2080@objc_msgSend
call: Foundation!0x732c libobjc.A.dylib!0x47e8@object_getClass
call: Foundation!0x40180 CoreFoundation!0xf2138@CFURLCopyAbsoluteURL
call: CoreFoundation!0xf2164 CoreFoundation!0xabff8@CFGetAllocator
call: CoreFoundation!0xf2234 CoreFoundation!0x2af0@CFRetain
call: Foundation!0x4018c CoreFoundation!0xf1b04@CFURLGetString
call: Foundation!0x40190 libobjc.A.dylib!0x20010@objc_retain
call: CoreFoundation!0x6bec CoreFoundation!0xaae2c@_CFNonObjCRetain
call: Foundation!0x40194 libobjc.A.dylib!0x20080@objc_autorelease
call: Foundation!0x401a0 CoreFoundation!0x2694@CFRelease
call: Aweme!0x3ecb558 Aweme!0x3ecb9c4@0x3ecb9c4
call: CoreFoundation!0x6bec CoreFoundation!0xaae2c@_CFNonObjCRetain
call: Aweme!0x3ecb570 Aweme!0x775e348@DYLD-STUB$$objc_msgSend
call: Aweme!0x3ecb58c Aweme!0x3ecb9dc@0x3ecb9dc
call: libc++abi.dylib!0xee0 libc++abi.dylib!0x10e54@DYLD-STUB$$malloc
call: libsystem_malloc.dylib!0x10160 libsystem_malloc.dylib!0xf6b8@malloc_zone_malloc
call: libsystem_malloc.dylib!0xf750 libsystem_malloc.dylib!0x11d64@default_zone_malloc
call: libsystem_malloc.dylib!0xecc libsystem_malloc.dylib!0xf20@nanov2_allocate$VARIANT$mp
call: libsystem_malloc.dylib!0xf98 libsystem_malloc.dylib!0x1b18@nanov2_allocate_from_block$VARIANT$mp
call: Aweme!0x3ecb598 Aweme!0x775e39c@DYLD-STUB$$objc_retainAutorelease
call: libobjc.A.dylib!0x218c4 libobjc.A.dylib!0x20010@objc_retain
call: CoreFoundation!0x6bec CoreFoundation!0xaae2c@_CFNonObjCRetain
call: Aweme!0x3ecb5a4 Aweme!0x3ecb9e4@0x3ecb9e4
call: CoreFoundation!0x6980 CoreFoundation!0xc7c40@__CFStringMtbl
call: CoreFoundation!0x69b4 CoreFoundation!0xcf3e4@CFStringGetCStringPtr
call: Aweme!0x3ecb5b0 Aweme!0x3eca930@0x3eca930
call: Aweme!0x3eca8d4 Aweme!0x3ecb180@0x3ecb180
call: Aweme!0x3eca8e8 Aweme!0x775dfd0@DYLD-STUB$$malloc
call: libsystem_malloc.dylib!0x10160 libsystem_malloc.dylib!0xf6b8@malloc_zone_malloc
call: libsystem_malloc.dylib!0xf750 libsystem_malloc.dylib!0x11d64@default_zone_malloc
call: libsystem_malloc.dylib!0x6224 libsystem_malloc.dylib!0x17638@tiny_malloc_should_clear
call: libsystem_malloc.dylib!0x176d0 libsystem_platform.dylib!0x8cf8@DYLD-STUB$$os_unfair_lock_lock_with_options
call: libsystem_malloc.dylib!0x17714 libsystem_malloc.dylib!0x1902c@tiny_malloc_from_free_list
call: libsystem_malloc.dylib!0x19688 libsystem_malloc.dylib!0x15fc8@tiny_free_list_add_ptr
call: libsystem_malloc.dylib!0x19270 libsystem_malloc.dylib!0x17ca8@set_tiny_meta_header_in_use
call: libsystem_malloc.dylib!0x17a4c libsystem_platform.dylib!0x8d1c@DYLD-STUB$$os_unfair_lock_unlock
call: Aweme!0x3eca8f4 Aweme!0x3ecb2a0@0x3ecb2a0
call: Aweme!0x3ecb5bc Aweme!0x3eca340@0x3eca340
call: Aweme!0x3eca35c Aweme!0x3e58b14@0x3e58b14
call: Aweme!0x3e58af4 Aweme!0x3e58a74@0x3e58a74
call: Aweme!0x3e58afc Aweme!0x775e78c@DYLD-STUB$$pthread_mutex_lock
call: Aweme!0x3eca368 Aweme!0x775c5d8@DYLD-STUB$$operator new(unsigned long)
call: libc++abi.dylib!0xee0 libc++abi.dylib!0x10e54@DYLD-STUB$$malloc
call: libsystem_malloc.dylib!0x10160 libsystem_malloc.dylib!0xf6b8@malloc_zone_malloc
call: libsystem_malloc.dylib!0xf750 libsystem_malloc.dylib!0x11d64@default_zone_malloc
call: libsystem_malloc.dylib!0xecc libsystem_malloc.dylib!0xf20@nanov2_allocate$VARIANT$mp
call: libsystem_malloc.dylib!0xf98 libsystem_malloc.dylib!0x1b18@nanov2_allocate_from_block$VARIANT$mp
call: Aweme!0x3eca37c Aweme!0x3e58b58@0x3e58b58
call: Aweme!0x3e58b3c Aweme!0x3e58a74@0x3e58a74
call: Aweme!0x3e58b44 Aweme!0x775e7a4@DYLD-STUB$$pthread_mutex_unlock
call: Aweme!0x3ecb5c4 Aweme!0x3e86ba0@0x3e86ba0
call: Aweme!0x3e86bb0 Aweme!0x3e87334@0x3e87334
call: libc++abi.dylib!0xee0 libc++abi.dylib!0x10e54@DYLD-STUB$$malloc
call: libsystem_malloc.dylib!0x10160 libsystem_malloc.dylib!0xf6b8@malloc_zone_malloc
call: libsystem_malloc.dylib!0xf750 libsystem_malloc.dylib!0x11d64@default_zone_malloc
call: libsystem_malloc.dylib!0xecc libsystem_malloc.dylib!0xf20@nanov2_allocate$VARIANT$mp
call: libsystem_malloc.dylib!0xf98 libsystem_malloc.dylib!0x1b18@nanov2_allocate_from_block$VARIANT$mp
call: Aweme!0x3e86bd8 Aweme!0x3e868f0@0x3e868f0
call: Aweme!0x3e86908 Aweme!0x3e87254@0x3e87254
call: Aweme!0x3e8690c Aweme!0x3ed9d58@0x3ed9d58
call: Aweme!0x3ed9d74 Aweme!0x3ea61ec@0x3ea61ec
call: libsystem_malloc.dylib!0x10160 libsystem_malloc.dylib!0xf6b8@malloc_zone_malloc
call: libsystem_malloc.dylib!0xf750 libsystem_malloc.dylib!0x11d64@default_zone_malloc
call: libsystem_malloc.dylib!0xecc libsystem_malloc.dylib!0xf20@nanov2_allocate$VARIANT$mp
call: libsystem_malloc.dylib!0xf98 libsystem_malloc.dylib!0x1b18@nanov2_allocate_from_block$VARIANT$mp
call: Aweme!0x3ed9d80 Aweme!0x3e516d4@0x3e516d4
call: Aweme!0x3e516e0 Aweme!0x3e520e0@0x3e520e0
call: Aweme!0x3e516e4 Aweme!0x3e51ed8@0x3e51ed8
call: Aweme!0x3e51ee4 Aweme!0x3ea61ec@0x3ea61ec
call: libsystem_malloc.dylib!0x10160 libsystem_malloc.dylib!0xf6b8@malloc_zone_malloc
call: libsystem_malloc.dylib!0xf750 libsystem_malloc.dylib!0x11d64@default_zone_malloc
call: libsystem_malloc.dylib!0xecc libsystem_malloc.dylib!0xf20@nanov2_allocate$VARIANT$mp
call: libsystem_malloc.dylib!0xf98 libsystem_malloc.dylib!0x1b18@nanov2_allocate_from_block$VARIANT$mp
call: Aweme!0x3ed9d84 Aweme!0x3e523f0@0x3e523f0
call: Aweme!0x3e86bdc Aweme!0x3e872dc@0x3e872dc
call: Aweme!0x3e808e4 Aweme!0x3e58b14@0x3e58b14
call: Aweme!0x3e58af4 Aweme!0x3e58a74@0x3e58a74
call: Aweme!0x3e58afc Aweme!0x775e78c@DYLD-STUB$$pthread_mutex_lock
call: Aweme!0x3e808f0 Aweme!0x775c5d8@DYLD-STUB$$operator new(unsigned long)
call: libc++abi.dylib!0xee0 libc++abi.dylib!0x10e54@DYLD-STUB$$malloc
call: libsystem_malloc.dylib!0x10160 libsystem_malloc.dylib!0xf6b8@malloc_zone_malloc
call: libsystem_malloc.dylib!0xf750 libsystem_malloc.dylib!0x11d64@default_zone_malloc
call: libsystem_malloc.dylib!0xecc libsystem_malloc.dylib!0xf20@nanov2_allocate$VARIANT$mp
call: libsystem_malloc.dylib!0xf98 libsystem_malloc.dylib!0x1b18@nanov2_allocate_from_block$VARIANT$mp
call: Aweme!0x3e80904 Aweme!0x3e58b58@0x3e58b58
call: Aweme!0x3e58b3c Aweme!0x3e58a74@0x3e58a74
call: Aweme!0x3e58b44 Aweme!0x775e7a4@DYLD-STUB$$pthread_mutex_unlock
call: Aweme!0x3ecb5e8 Aweme!0x775e390@DYLD-STUB$$objc_retain
call: Aweme!0x3ecb608 Aweme!0x775e348@DYLD-STUB$$objc_msgSend
call: Aweme!0x3ecb64c Aweme!0x3e5bd68@0x3e5bd68
call: Aweme!0x3e5bd80 Aweme!0x3e58b14@0x3e58b14
call: Aweme!0x3e58af4 Aweme!0x3e58a74@0x3e58a74
call: Aweme!0x3e58afc Aweme!0x775e78c@DYLD-STUB$$pthread_mutex_lock
call: Aweme!0x3e5bd8c Aweme!0x3e58b58@0x3e58b58
call: Aweme!0x3e58b3c Aweme!0x3e58a74@0x3e58a74
call: Aweme!0x3e58b44 Aweme!0x775e7a4@DYLD-STUB$$pthread_mutex_unlock
call: Aweme!0x3ecb654 Aweme!0x3ecb9dc@0x3ecb9dc
call: libc++abi.dylib!0xee0 libc++abi.dylib!0x10e54@DYLD-STUB$$malloc
call: libsystem_malloc.dylib!0x10160 libsystem_malloc.dylib!0xf6b8@malloc_zone_malloc
call: libsystem_malloc.dylib!0xf750 libsystem_malloc.dylib!0x11d64@default_zone_malloc
call: libsystem_malloc.dylib!0xecc libsystem_malloc.dylib!0xf20@nanov2_allocate$VARIANT$mp
call: libsystem_malloc.dylib!0xf98 libsystem_malloc.dylib!0x1b18@nanov2_allocate_from_block$VARIANT$mp
call: Aweme!0x3ecb660 Aweme!0x775e39c@DYLD-STUB$$objc_retainAutorelease
call: libobjc.A.dylib!0x218c4 libobjc.A.dylib!0x20010@objc_retain
call: CoreFoundation!0x6bec CoreFoundation!0xaae2c@_CFNonObjCRetain
call: Aweme!0x3ecb668 Aweme!0x3ecb9e4@0x3ecb9e4
call: CoreFoundation!0x6980 CoreFoundation!0xc7c40@__CFStringMtbl
call: CoreFoundation!0x69b4 CoreFoundation!0xcf3e4@CFStringGetCStringPtr
call: Aweme!0x3ecb674 Aweme!0x3eca930@0x3eca930
call: Aweme!0x3eca8d4 Aweme!0x3ecb180@0x3ecb180
call: Aweme!0x3eca8e8 Aweme!0x775dfd0@DYLD-STUB$$malloc
call: libsystem_malloc.dylib!0x10160 libsystem_malloc.dylib!0xf6b8@malloc_zone_malloc
call: libsystem_malloc.dylib!0xf750 libsystem_malloc.dylib!0x11d64@default_zone_malloc
call: libsystem_malloc.dylib!0xecc libsystem_malloc.dylib!0xf20@nanov2_allocate$VARIANT$mp
call: libsystem_malloc.dylib!0xf98 libsystem_malloc.dylib!0x1b18@nanov2_allocate_from_block$VARIANT$mp
call: Aweme!0x3eca8f4 Aweme!0x3ecb2a0@0x3ecb2a0
call: Aweme!0x3ecb678 Aweme!0x3ecb9dc@0x3ecb9dc
call: libc++abi.dylib!0xee0 libc++abi.dylib!0x10e54@DYLD-STUB$$malloc
call: libsystem_malloc.dylib!0x10160 libsystem_malloc.dylib!0xf6b8@malloc_zone_malloc
call: libsystem_malloc.dylib!0xf750 libsystem_malloc.dylib!0x11d64@default_zone_malloc
call: libsystem_malloc.dylib!0xecc libsystem_malloc.dylib!0xf20@nanov2_allocate$VARIANT$mp
call: libsystem_malloc.dylib!0xf98 libsystem_malloc.dylib!0x1b18@nanov2_allocate_from_block$VARIANT$mp
call: Aweme!0x3ecb68c Aweme!0x775e348@DYLD-STUB$$objc_msgSend
call: CoreFoundation!0x463c libobjc.A.dylib!0x2080@objc_msgSend
call: CoreFoundation!0x4680 libobjc.A.dylib!0x2080@objc_msgSend
call: CoreFoundation!0x4228 CoreFoundation!0x2b6c@_CFStringEqual
call: CoreFoundation!0x4680 libobjc.A.dylib!0x2080@objc_msgSend
call: CoreFoundation!0x4228 CoreFoundation!0x2b6c@_CFStringEqual
call: Aweme!0x3ecb690 Aweme!0x3ecb9c4@0x3ecb9c4
call: CoreFoundation!0x6bec CoreFoundation!0xaae2c@_CFNonObjCRetain
call: Aweme!0x3ecb694 Aweme!0x775e39c@DYLD-STUB$$objc_retainAutorelease
call: libobjc.A.dylib!0x218c4 libobjc.A.dylib!0x20010@objc_retain
call: CoreFoundation!0x6bec CoreFoundation!0xaae2c@_CFNonObjCRetain
call: Aweme!0x3ecb69c Aweme!0x3ecb9e4@0x3ecb9e4
call: CoreFoundation!0x6980 CoreFoundation!0xc7c40@__CFStringMtbl
call: CoreFoundation!0x69b4 CoreFoundation!0xcf3e4@CFStringGetCStringPtr
call: Aweme!0x3ecb6a8 Aweme!0x3eca930@0x3eca930
call: Aweme!0x3eca8d4 Aweme!0x3ecb180@0x3ecb180
call: Aweme!0x3eca8e8 Aweme!0x775dfd0@DYLD-STUB$$malloc
call: libsystem_malloc.dylib!0x10160 libsystem_malloc.dylib!0xf6b8@malloc_zone_malloc
call: libsystem_malloc.dylib!0xf750 libsystem_malloc.dylib!0x11d64@default_zone_malloc
call: libsystem_malloc.dylib!0x6224 libsystem_malloc.dylib!0x17638@tiny_malloc_should_clear
call: libsystem_malloc.dylib!0x176d0 libsystem_platform.dylib!0x8cf8@DYLD-STUB$$os_unfair_lock_lock_with_options
call: libsystem_malloc.dylib!0x17714 libsystem_malloc.dylib!0x1902c@tiny_malloc_from_free_list
call: libsystem_malloc.dylib!0x19688 libsystem_malloc.dylib!0x15fc8@tiny_free_list_add_ptr
call: libsystem_malloc.dylib!0x19270 libsystem_malloc.dylib!0x17ca8@set_tiny_meta_header_in_use
call: libsystem_malloc.dylib!0x17a4c libsystem_platform.dylib!0x8d1c@DYLD-STUB$$os_unfair_lock_unlock
call: Aweme!0x3eca8f4 Aweme!0x3ecb2a0@0x3ecb2a0
call: Aweme!0x3ecb6b8 Aweme!0x3e86920@0x3e86920
call: Aweme!0x3e8694c Aweme!0x3ed9ea8@0x3ed9ea8
call: Aweme!0x3e51e10 Aweme!0x3e52080@0x3e52080
call: Aweme!0x3e8695c Aweme!0x3ed9ddc@0x3ed9ddc
call: Aweme!0x3e86970 Aweme!0x3e51f88@0x3e51f88
call: Aweme!0x3e86980 Aweme!0x3e868c8@0x3e868c8
call: Aweme!0x3e868e0 Aweme!0x775c5d8@DYLD-STUB$$operator new(unsigned long)
call: libc++abi.dylib!0xee0 libc++abi.dylib!0x10e54@DYLD-STUB$$malloc
call: libsystem_malloc.dylib!0x10160 libsystem_malloc.dylib!0xf6b8@malloc_zone_malloc
call: libsystem_malloc.dylib!0xf750 libsystem_malloc.dylib!0x11d64@default_zone_malloc
call: libsystem_malloc.dylib!0xecc libsystem_malloc.dylib!0xf20@nanov2_allocate$VARIANT$mp
call: libsystem_malloc.dylib!0xf98 libsystem_malloc.dylib!0x1b18@nanov2_allocate_from_block$VARIANT$mp
call: Aweme!0x3e86990 Aweme!0x3ed9e90@0x3ed9e90
call: Aweme!0x3e51884 Aweme!0x3e52080@0x3e52080
call: Aweme!0x3e518e8 Aweme!0x3e51918@0x3e51918
call: Aweme!0x3e519a0 Aweme!0x3e51ed8@0x3e51ed8
call: Aweme!0x3e51ee4 Aweme!0x3ea61ec@0x3ea61ec
call: libsystem_malloc.dylib!0x10160 libsystem_malloc.dylib!0xf6b8@malloc_zone_malloc
call: libsystem_malloc.dylib!0xf750 libsystem_malloc.dylib!0x11d64@default_zone_malloc
call: libsystem_malloc.dylib!0xecc libsystem_malloc.dylib!0xf20@nanov2_allocate$VARIANT$mp
call: libsystem_malloc.dylib!0xf98 libsystem_malloc.dylib!0x1b18@nanov2_allocate_from_block$VARIANT$mp
call: Aweme!0x3e519f0 Aweme!0x3e51534@0x3e51534
call: Aweme!0x3e51544 Aweme!0x3e520e0@0x3e520e0
call: Aweme!0x3e518f4 Aweme!0x3e716f0@0x3e716f0
call: Aweme!0x3ecb6bc Aweme!0x3ecb9bc@0x3ecb9bc
call: Aweme!0x3ecb64c Aweme!0x3e5bd68@0x3e5bd68
call: Aweme!0x3e5bd80 Aweme!0x3e58b14@0x3e58b14
call: Aweme!0x3e58af4 Aweme!0x3e58a74@0x3e58a74
call: Aweme!0x3e58afc Aweme!0x775e78c@DYLD-STUB$$pthread_mutex_lock
call: Aweme!0x3e5bd8c Aweme!0x3e58b58@0x3e58b58
call: Aweme!0x3e58b3c Aweme!0x3e58a74@0x3e58a74
call: Aweme!0x3e58b44 Aweme!0x775e7a4@DYLD-STUB$$pthread_mutex_unlock
call: Aweme!0x3ecb654 Aweme!0x3ecb9dc@0x3ecb9dc
call: libc++abi.dylib!0xee0 libc++abi.dylib!0x10e54@DYLD-STUB$$malloc
call: libsystem_malloc.dylib!0x10160 libsystem_malloc.dylib!0xf6b8@malloc_zone_malloc
call: libsystem_malloc.dylib!0xf750 libsystem_malloc.dylib!0x11d64@default_zone_malloc
call: libsystem_malloc.dylib!0xecc libsystem_malloc.dylib!0xf20@nanov2_allocate$VARIANT$mp
call: libsystem_malloc.dylib!0xf98 libsystem_malloc.dylib!0x1b18@nanov2_allocate_from_block$VARIANT$mp
call: Aweme!0x3ecb660 Aweme!0x775e39c@DYLD-STUB$$objc_retainAutorelease
call: libobjc.A.dylib!0x218c4 libobjc.A.dylib!0x20010@objc_retain
call: CoreFoundation!0x6bec CoreFoundation!0xaae2c@_CFNonObjCRetain
call: Aweme!0x3ecb668 Aweme!0x3ecb9e4@0x3ecb9e4
call: CoreFoundation!0x6980 CoreFoundation!0xc7c40@__CFStringMtbl
call: CoreFoundation!0x69b4 CoreFoundation!0xcf3e4@CFStringGetCStringPtr
call: Aweme!0x3ecb674 Aweme!0x3eca930@0x3eca930
call: Aweme!0x3eca8d4 Aweme!0x3ecb180@0x3ecb180
call: Aweme!0x3eca8e8 Aweme!0x775dfd0@DYLD-STUB$$malloc
call: libsystem_malloc.dylib!0x10160 libsystem_malloc.dylib!0xf6b8@malloc_zone_malloc
call: libsystem_malloc.dylib!0xf750 libsystem_malloc.dylib!0x11d64@default_zone_malloc
call: libsystem_malloc.dylib!0xecc libsystem_malloc.dylib!0xf20@nanov2_allocate$VARIANT$mp
call: libsystem_malloc.dylib!0xf98 libsystem_malloc.dylib!0x1b18@nanov2_allocate_from_block$VARIANT$mp
call: Aweme!0x3eca8f4 Aweme!0x3ecb2a0@0x3ecb2a0
call: Aweme!0x3ecb678 Aweme!0x3ecb9dc@0x3ecb9dc
call: libc++abi.dylib!0xee0 libc++abi.dylib!0x10e54@DYLD-STUB$$malloc
call: libsystem_malloc.dylib!0x10160 libsystem_malloc.dylib!0xf6b8@malloc_zone_malloc
call: libsystem_malloc.dylib!0xf750 libsystem_malloc.dylib!0x11d64@default_zone_malloc
call: libsystem_malloc.dylib!0xecc libsystem_malloc.dylib!0xf20@nanov2_allocate$VARIANT$mp
call: libsystem_malloc.dylib!0xf98 libsystem_malloc.dylib!0x1b18@nanov2_allocate_from_block$VARIANT$mp
call: Aweme!0x3ecb68c Aweme!0x775e348@DYLD-STUB$$objc_msgSend
call: CoreFoundation!0x463c libobjc.A.dylib!0x2080@objc_msgSend
call: Aweme!0x3ecb690 Aweme!0x3ecb9c4@0x3ecb9c4
call: CoreFoundation!0x6bec CoreFoundation!0xaae2c@_CFNonObjCRetain
call: Aweme!0x3ecb694 Aweme!0x775e39c@DYLD-STUB$$objc_retainAutorelease
call: libobjc.A.dylib!0x218c4 libobjc.A.dylib!0x20010@objc_retain
call: CoreFoundation!0x6bec CoreFoundation!0xaae2c@_CFNonObjCRetain
call: Aweme!0x3ecb69c Aweme!0x3ecb9e4@0x3ecb9e4
call: CoreFoundation!0x6980 CoreFoundation!0xc7c40@__CFStringMtbl
call: CoreFoundation!0x69b4 CoreFoundation!0xcf3e4@CFStringGetCStringPtr
call: Aweme!0x3ecb6a8 Aweme!0x3eca930@0x3eca930
call: Aweme!0x3eca8d4 Aweme!0x3ecb180@0x3ecb180
call: Aweme!0x3eca8e8 Aweme!0x775dfd0@DYLD-STUB$$malloc
call: libsystem_malloc.dylib!0x10160 libsystem_malloc.dylib!0xf6b8@malloc_zone_malloc
call: libsystem_malloc.dylib!0xf750 libsystem_malloc.dylib!0x11d64@default_zone_malloc
call: libsystem_malloc.dylib!0xecc libsystem_malloc.dylib!0xf20@nanov2_allocate$VARIANT$mp
call: libsystem_malloc.dylib!0xf98 libsystem_malloc.dylib!0x1b18@nanov2_allocate_from_block$VARIANT$mp
call: Aweme!0x3eca8f4 Aweme!0x3ecb2a0@0x3ecb2a0
call: Aweme!0x3ecb6b8 Aweme!0x3e86920@0x3e86920
call: Aweme!0x3e8694c Aweme!0x3ed9ea8@0x3ed9ea8
call: Aweme!0x3e51de4 Aweme!0x3e5208c@0x3e5208c
call: Aweme!0x3e51dec Aweme!0x3e57ef4@0x3e57ef4
call: Aweme!0x3e51e10 Aweme!0x3e52080@0x3e52080
call: Aweme!0x3e8695c Aweme!0x3ed9ddc@0x3ed9ddc
call: Aweme!0x3e86970 Aweme!0x3e51f88@0x3e51f88
call: Aweme!0x3e86980 Aweme!0x3e868c8@0x3e868c8
call: Aweme!0x3e868e0 Aweme!0x775c5d8@DYLD-STUB$$operator new(unsigned long)
call: libc++abi.dylib!0xee0 libc++abi.dylib!0x10e54@DYLD-STUB$$malloc
call: libsystem_malloc.dylib!0x10160 libsystem_malloc.dylib!0xf6b8@malloc_zone_malloc
call: libsystem_malloc.dylib!0xf750 libsystem_malloc.dylib!0x11d64@default_zone_malloc
call: libsystem_malloc.dylib!0xecc libsystem_malloc.dylib!0xf20@nanov2_allocate$VARIANT$mp
call: libsystem_malloc.dylib!0xf98 libsystem_malloc.dylib!0x1b18@nanov2_allocate_from_block$VARIANT$mp
call: Aweme!0x3e86990 Aweme!0x3ed9e90@0x3ed9e90
call: Aweme!0x3e51828 Aweme!0x3e52134@0x3e52134
call: Aweme!0x3e51838 Aweme!0x3e5205c@0x3e5205c
call: Aweme!0x3e51844 Aweme!0x3e57ef4@0x3e57ef4
call: Aweme!0x3e518a8 Aweme!0x3e5205c@0x3e5205c
call: Aweme!0x3e518b4 Aweme!0x3e52134@0x3e52134
call: Aweme!0x3e518c0 Aweme!0x3e57ef4@0x3e57ef4
call: Aweme!0x3e518e8 Aweme!0x3e51918@0x3e51918
call: Aweme!0x3e5195c Aweme!0x3e523fc@0x3e523fc
call: Aweme!0x3e51970 Aweme!0x3e523fc@0x3e523fc
call: Aweme!0x3e51974 Aweme!0x3e52044@0x3e52044
call: Aweme!0x3e5197c Aweme!0x3e51ed8@0x3e51ed8
call: Aweme!0x3e51ee4 Aweme!0x3ea61ec@0x3ea61ec
call: libsystem_malloc.dylib!0x10160 libsystem_malloc.dylib!0xf6b8@malloc_zone_malloc
call: libsystem_malloc.dylib!0xf750 libsystem_malloc.dylib!0x11d64@default_zone_malloc
call: libsystem_malloc.dylib!0xecc libsystem_malloc.dylib!0xf20@nanov2_allocate$VARIANT$mp
call: libsystem_malloc.dylib!0xf98 libsystem_malloc.dylib!0x1b18@nanov2_allocate_from_block$VARIANT$mp
call: Aweme!0x3e519f0 Aweme!0x3e51534@0x3e51534
call: Aweme!0x3e51544 Aweme!0x3e520e0@0x3e520e0
call: Aweme!0x3e518f4 Aweme!0x3e716f0@0x3e716f0
call: Aweme!0x3ecb6bc Aweme!0x3ecb9bc@0x3ecb9bc
call: Aweme!0x3ecb64c Aweme!0x3e5bd68@0x3e5bd68
call: Aweme!0x3e5bd80 Aweme!0x3e58b14@0x3e58b14
call: Aweme!0x3e58af4 Aweme!0x3e58a74@0x3e58a74
call: Aweme!0x3e58afc Aweme!0x775e78c@DYLD-STUB$$pthread_mutex_lock
call: Aweme!0x3e5bd8c Aweme!0x3e58b58@0x3e58b58
call: Aweme!0x3e58b3c Aweme!0x3e58a74@0x3e58a74
call: Aweme!0x3e58b44 Aweme!0x775e7a4@DYLD-STUB$$pthread_mutex_unlock
call: Aweme!0x3ecb654 Aweme!0x3ecb9dc@0x3ecb9dc
call: libc++abi.dylib!0xee0 libc++abi.dylib!0x10e54@DYLD-STUB$$malloc
call: libsystem_malloc.dylib!0x10160 libsystem_malloc.dylib!0xf6b8@malloc_zone_malloc
call: libsystem_malloc.dylib!0xf750 libsystem_malloc.dylib!0x11d64@default_zone_malloc
call: libsystem_malloc.dylib!0xecc libsystem_malloc.dylib!0xf20@nanov2_allocate$VARIANT$mp
call: libsystem_malloc.dylib!0xf98 libsystem_malloc.dylib!0x1b18@nanov2_allocate_from_block$VARIANT$mp
call: Aweme!0x3ecb660 Aweme!0x775e39c@DYLD-STUB$$objc_retainAutorelease
call: libobjc.A.dylib!0x218c4 libobjc.A.dylib!0x20010@objc_retain
call: CoreFoundation!0x6bec CoreFoundation!0xaae2c@_CFNonObjCRetain
call: Aweme!0x3ecb668 Aweme!0x3ecb9e4@0x3ecb9e4
call: CoreFoundation!0x6980 CoreFoundation!0xc7c40@__CFStringMtbl
call: CoreFoundation!0x69b4 CoreFoundation!0xcf3e4@CFStringGetCStringPtr
call: Aweme!0x3ecb674 Aweme!0x3eca930@0x3eca930
call: Aweme!0x3eca8d4 Aweme!0x3ecb180@0x3ecb180
call: Aweme!0x3eca8e8 Aweme!0x775dfd0@DYLD-STUB$$malloc
call: libsystem_malloc.dylib!0x10160 libsystem_malloc.dylib!0xf6b8@malloc_zone_malloc
call: libsystem_malloc.dylib!0xf750 libsystem_malloc.dylib!0x11d64@default_zone_malloc
call: libsystem_malloc.dylib!0xecc libsystem_malloc.dylib!0xf20@nanov2_allocate$VARIANT$mp
call: libsystem_malloc.dylib!0xf98 libsystem_malloc.dylib!0x1b18@nanov2_allocate_from_block$VARIANT$mp
call: Aweme!0x3eca8f4 Aweme!0x3ecb2a0@0x3ecb2a0
call: Aweme!0x3ecb678 Aweme!0x3ecb9dc@0x3ecb9dc
call: libc++abi.dylib!0xee0 libc++abi.dylib!0x10e54@DYLD-STUB$$malloc
call: libsystem_malloc.dylib!0x10160 libsystem_malloc.dylib!0xf6b8@malloc_zone_malloc
call: libsystem_malloc.dylib!0xf750 libsystem_malloc.dylib!0x11d64@default_zone_malloc
call: libsystem_malloc.dylib!0xecc libsystem_malloc.dylib!0xf20@nanov2_allocate$VARIANT$mp
call: libsystem_malloc.dylib!0xf98 libsystem_malloc.dylib!0x1b18@nanov2_allocate_from_block$VARIANT$mp
call: Aweme!0x3ecb68c Aweme!0x775e348@DYLD-STUB$$objc_msgSend
call: CoreFoundation!0x463c libobjc.A.dylib!0x2080@objc_msgSend
call: Aweme!0x3ecb690 Aweme!0x3ecb9c4@0x3ecb9c4
call: CoreFoundation!0x6bec CoreFoundation!0xaae2c@_CFNonObjCRetain
call: Aweme!0x3ecb694 Aweme!0x775e39c@DYLD-STUB$$objc_retainAutorelease
call: libobjc.A.dylib!0x218c4 libobjc.A.dylib!0x20010@objc_retain
call: CoreFoundation!0x6bec CoreFoundation!0xaae2c@_CFNonObjCRetain
call: Aweme!0x3ecb69c Aweme!0x3ecb9e4@0x3ecb9e4
call: CoreFoundation!0x6980 CoreFoundation!0xc7c40@__CFStringMtbl
call: CoreFoundation!0x69b4 CoreFoundation!0xcf3e4@CFStringGetCStringPtr
call: Aweme!0x3ecb6a8 Aweme!0x3eca930@0x3eca930
call: Aweme!0x3eca8d4 Aweme!0x3ecb180@0x3ecb180
call: Aweme!0x3eca8e8 Aweme!0x775dfd0@DYLD-STUB$$malloc
call: libsystem_malloc.dylib!0x10160 libsystem_malloc.dylib!0xf6b8@malloc_zone_malloc
call: libsystem_malloc.dylib!0xf750 libsystem_malloc.dylib!0x11d64@default_zone_malloc
call: libsystem_malloc.dylib!0xecc libsystem_malloc.dylib!0xf20@nanov2_allocate$VARIANT$mp
call: libsystem_malloc.dylib!0xf98 libsystem_malloc.dylib!0x1b18@nanov2_allocate_from_block$VARIANT$mp
call: Aweme!0x3eca8f4 Aweme!0x3ecb2a0@0x3ecb2a0
call: Aweme!0x3ecb6b8 Aweme!0x3e86920@0x3e86920
call: Aweme!0x3e8694c Aweme!0x3ed9ea8@0x3ed9ea8
call: Aweme!0x3e51de4 Aweme!0x3e5208c@0x3e5208c
call: Aweme!0x3e51dec Aweme!0x3e57ef4@0x3e57ef4
call: Aweme!0x3e51e10 Aweme!0x3e52080@0x3e52080
call: Aweme!0x3e51e30 Aweme!0x3e523fc@0x3e523fc
call: Aweme!0x3e51e3c Aweme!0x3e57ef4@0x3e57ef4
call: Aweme!0x3e8695c Aweme!0x3ed9ddc@0x3ed9ddc
call: Aweme!0x3e86970 Aweme!0x3e51f88@0x3e51f88
call: Aweme!0x3e86980 Aweme!0x3e868c8@0x3e868c8
call: Aweme!0x3e868e0 Aweme!0x775c5d8@DYLD-STUB$$operator new(unsigned long)
call: libc++abi.dylib!0xee0 libc++abi.dylib!0x10e54@DYLD-STUB$$malloc
call: libsystem_malloc.dylib!0x10160 libsystem_malloc.dylib!0xf6b8@malloc_zone_malloc
call: libsystem_malloc.dylib!0xf750 libsystem_malloc.dylib!0x11d64@default_zone_malloc
call: libsystem_malloc.dylib!0xecc libsystem_malloc.dylib!0xf20@nanov2_allocate$VARIANT$mp
call: libsystem_malloc.dylib!0xf98 libsystem_malloc.dylib!0x1b18@nanov2_allocate_from_block$VARIANT$mp
call: Aweme!0x3e86990 Aweme!0x3ed9e90@0x3ed9e90
call: Aweme!0x3e51828 Aweme!0x3e52134@0x3e52134
call: Aweme!0x3e51838 Aweme!0x3e5205c@0x3e5205c
call: Aweme!0x3e51844 Aweme!0x3e57ef4@0x3e57ef4
call: Aweme!0x3e51884 Aweme!0x3e52080@0x3e52080
call: Aweme!0x3e518e8 Aweme!0x3e51918@0x3e51918
call: Aweme!0x3e5195c Aweme!0x3e523fc@0x3e523fc
call: Aweme!0x3e51970 Aweme!0x3e523fc@0x3e523fc
call: Aweme!0x3e51974 Aweme!0x3e52044@0x3e52044
call: Aweme!0x3e519a0 Aweme!0x3e51ed8@0x3e51ed8
call: Aweme!0x3e51ee4 Aweme!0x3ea61ec@0x3ea61ec
call: libsystem_malloc.dylib!0x10160 libsystem_malloc.dylib!0xf6b8@malloc_zone_malloc
call: libsystem_malloc.dylib!0xf750 libsystem_malloc.dylib!0x11d64@default_zone_malloc
call: libsystem_malloc.dylib!0xecc libsystem_malloc.dylib!0xf20@nanov2_allocate$VARIANT$mp
call: libsystem_malloc.dylib!0xf98 libsystem_malloc.dylib!0x1b18@nanov2_allocate_from_block$VARIANT$mp
call: Aweme!0x3e519f0 Aweme!0x3e51534@0x3e51534
call: Aweme!0x3e51544 Aweme!0x3e520e0@0x3e520e0
call: Aweme!0x3e518f4 Aweme!0x3e716f0@0x3e716f0
call: Aweme!0x3ecb6bc Aweme!0x3ecb9bc@0x3ecb9bc
call: Aweme!0x3ecb6e0 Aweme!0x775e348@DYLD-STUB$$objc_msgSend
call: Aweme!0x3ecb6ec Aweme!0x3ecb9d4@0x3ecb9d4
call: Aweme!0x3ecb700 Aweme!0x3ed67d0@0x3ed67d0
call: Aweme!0x3ed67ec Aweme!0x3e58b14@0x3e58b14
call: Aweme!0x3e58af4 Aweme!0x3e58a74@0x3e58a74
call: Aweme!0x3e58afc Aweme!0x775e78c@DYLD-STUB$$pthread_mutex_lock
call: Aweme!0x3ed6814 Aweme!0x3e58b58@0x3e58b58
call: Aweme!0x3e58b3c Aweme!0x3e58a74@0x3e58a74
call: Aweme!0x3e58b44 Aweme!0x775e7a4@DYLD-STUB$$pthread_mutex_unlock
call: Aweme!0x3ecb70c Aweme!0x3eca540@0x3eca540
call: Aweme!0x3eca55c Aweme!0x3e58b14@0x3e58b14
call: Aweme!0x3e58af4 Aweme!0x3e58a74@0x3e58a74
call: Aweme!0x3e58afc Aweme!0x775e78c@DYLD-STUB$$pthread_mutex_lock
call: Aweme!0x3eca584 Aweme!0x3e58b58@0x3e58b58
call: Aweme!0x3e58b3c Aweme!0x3e58a74@0x3e58a74
call: Aweme!0x3e58b44 Aweme!0x775e7a4@DYLD-STUB$$pthread_mutex_unlock
call: Aweme!0x3ecb724 Aweme!0x3ec92dc@0x3ec92dc
call: Aweme!0x3ec9320 Aweme!0x775e804@DYLD-STUB$$pthread_rwlock_rdlock
call: Aweme!0x3ec933c Aweme!0x3ec9348@0x3ec9348
call: Aweme!0x3ec9374 Aweme!0x3ec9348@0x3ec9348
call: Aweme!0x3ec939c Aweme!0x3e808c8@0x3e808c8
call: Aweme!0x3e808e4 Aweme!0x3e58b14@0x3e58b14
call: Aweme!0x3e58af4 Aweme!0x3e58a74@0x3e58a74
call: Aweme!0x3e58afc Aweme!0x775e78c@DYLD-STUB$$pthread_mutex_lock
call: Aweme!0x3e808f0 Aweme!0x775c5d8@DYLD-STUB$$operator new(unsigned long)
call: libc++abi.dylib!0xee0 libc++abi.dylib!0x10e54@DYLD-STUB$$malloc
call: libsystem_malloc.dylib!0x10160 libsystem_malloc.dylib!0xf6b8@malloc_zone_malloc
call: libsystem_malloc.dylib!0xf750 libsystem_malloc.dylib!0x11d64@default_zone_malloc
call: libsystem_malloc.dylib!0xecc libsystem_malloc.dylib!0xf20@nanov2_allocate$VARIANT$mp
call: libsystem_malloc.dylib!0xf98 libsystem_malloc.dylib!0x1b18@nanov2_allocate_from_block$VARIANT$mp
call: Aweme!0x3e80904 Aweme!0x3e58b58@0x3e58b58
call: Aweme!0x3e58b3c Aweme!0x3e58a74@0x3e58a74
call: Aweme!0x3e58b44 Aweme!0x775e7a4@DYLD-STUB$$pthread_mutex_unlock
call: Aweme!0x3ec93a4 Aweme!0x3eca604@0x3eca604
call: Aweme!0x3ec91ec Aweme!0x3e58b14@0x3e58b14
call: Aweme!0x3e58af4 Aweme!0x3e58a74@0x3e58a74
call: Aweme!0x3e58afc Aweme!0x775e78c@DYLD-STUB$$pthread_mutex_lock
call: Aweme!0x3ec91f8 Aweme!0x3e58b58@0x3e58b58
call: Aweme!0x3e58b3c Aweme!0x3e58a74@0x3e58a74
call: Aweme!0x3e58b44 Aweme!0x775e7a4@DYLD-STUB$$pthread_mutex_unlock
call: Aweme!0x3ec93a8 Aweme!0x3e86fd4@0x3e86fd4
call: Aweme!0x3ec93b0 Aweme!0x3eca604@0x3eca604
call: Aweme!0x3ec91ec Aweme!0x3e58b14@0x3e58b14
call: Aweme!0x3e58af4 Aweme!0x3e58a74@0x3e58a74
call: Aweme!0x3e58afc Aweme!0x775e78c@DYLD-STUB$$pthread_mutex_lock
call: Aweme!0x3ec91f8 Aweme!0x3e58b58@0x3e58b58
call: Aweme!0x3e58b3c Aweme!0x3e58a74@0x3e58a74
call: Aweme!0x3e58b44 Aweme!0x775e7a4@DYLD-STUB$$pthread_mutex_unlock
call: Aweme!0x3ec93b4 Aweme!0x3e86fcc@0x3e86fcc
call: Aweme!0x3ec93c8 Aweme!0x3e51f88@0x3e51f88
call: Aweme!0x3ec93d0 Aweme!0x3eca604@0x3eca604
call: Aweme!0x3ec91ec Aweme!0x3e58b14@0x3e58b14
call: Aweme!0x3e58af4 Aweme!0x3e58a74@0x3e58a74
call: Aweme!0x3e58afc Aweme!0x775e78c@DYLD-STUB$$pthread_mutex_lock
call: Aweme!0x3ec91f8 Aweme!0x3e58b58@0x3e58b58
call: Aweme!0x3e58b3c Aweme!0x3e58a74@0x3e58a74
call: Aweme!0x3e58b44 Aweme!0x775e7a4@DYLD-STUB$$pthread_mutex_unlock
call: Aweme!0x3ec93d8 Aweme!0x3e86fdc@0x3e86fdc
call: Aweme!0x3e86fe8 Aweme!0x3e872b0@0x3e872b0
call: Aweme!0x3ec93f0 Aweme!0x3ed67d0@0x3ed67d0
call: Aweme!0x3ed67ec Aweme!0x3e58b14@0x3e58b14
call: Aweme!0x3e58af4 Aweme!0x3e58a74@0x3e58a74
call: Aweme!0x3e58afc Aweme!0x775e78c@DYLD-STUB$$pthread_mutex_lock
call: Aweme!0x3ed6814 Aweme!0x3e58b58@0x3e58b58
call: Aweme!0x3e58b3c Aweme!0x3e58a74@0x3e58a74
call: Aweme!0x3e58b44 Aweme!0x775e7a4@DYLD-STUB$$pthread_mutex_unlock
call: Aweme!0x3ec93fc Aweme!0x3eca540@0x3eca540
call: Aweme!0x3eca55c Aweme!0x3e58b14@0x3e58b14
call: Aweme!0x3e58af4 Aweme!0x3e58a74@0x3e58a74
call: Aweme!0x3e58afc Aweme!0x775e78c@DYLD-STUB$$pthread_mutex_lock
call: Aweme!0x3eca584 Aweme!0x3e58b58@0x3e58b58
call: Aweme!0x3e58b3c Aweme!0x3e58a74@0x3e58a74
call: Aweme!0x3e58b44 Aweme!0x775e7a4@DYLD-STUB$$pthread_mutex_unlock
call: Aweme!0x3ec9414 Aweme!0x3e5c1e8@0x3e5c1e8
call: Aweme!0x3e5c1ec Aweme!0x3e711ac@0x3e711ac
call: Aweme!0x3e5c220 Aweme!0x3e71318@0x3e71318
call: Aweme!0x3e5c3c0 Aweme!0x3e71318@0x3e71318
call: Aweme!0x3e5c3c8 Aweme!0x3e7118c@0x3e7118c
call: Aweme!0x3e5c3d0 Aweme!0x3e70f90@0x3e70f90
call: Aweme!0x3e5c478 Aweme!0x3e70db0@0x3e70db0
call: Aweme!0x3e5c480 Aweme!0x3e70db0@0x3e70db0
call: Aweme!0x3e5c488 Aweme!0x3e70db0@0x3e70db0
call: Aweme!0x3e5c490 Aweme!0x3e712e8@0x3e712e8
call: Aweme!0x3e5c4b4 Aweme!0x3e70db0@0x3e70db0
call: Aweme!0x3e5c4c0 Aweme!0x3e70db0@0x3e70db0
call: Aweme!0x3e5c4c8 Aweme!0x3e70db0@0x3e70db0
call: Aweme!0x3e5c4d0 Aweme!0x3e70db0@0x3e70db0
call: Aweme!0x3e5c4dc Aweme!0x3e70db0@0x3e70db0
call: Aweme!0x3e5c4e4 Aweme!0x3e70db0@0x3e70db0
call: Aweme!0x3e5c4ec Aweme!0x3e70db0@0x3e70db0
call: Aweme!0x3e5c4f4 Aweme!0x3e70db0@0x3e70db0
call: Aweme!0x3e5c514 Aweme!0x3e5c520@0x3e5c520
call: Aweme!0x3e5c54c Aweme!0x3e5c520@0x3e5c520
call: Aweme!0x3e5c56c Aweme!0x3e67688@0x3e67688
call: Aweme!0x3e5c570 Aweme!0x3e67728@0x3e67728
call: Aweme!0x3e67740 Aweme!0x3e58b14@0x3e58b14
call: Aweme!0x3e58af4 Aweme!0x3e58a74@0x3e58a74
call: Aweme!0x3e58afc Aweme!0x775e78c@DYLD-STUB$$pthread_mutex_lock
call: Aweme!0x3e6774c Aweme!0x3e58b58@0x3e58b58
call: Aweme!0x3e58b3c Aweme!0x3e58a74@0x3e58a74
call: Aweme!0x3e58b44 Aweme!0x775e7a4@DYLD-STUB$$pthread_mutex_unlock
call: Aweme!0x3e5c574 Aweme!0x3edb174@0x3edb174
call: Aweme!0x3edb194 Aweme!0x3edb1a4@0x3edb1a4
call: Aweme!0x3edb1e8 Aweme!0x3eda5fc@0x3eda5fc
call: Aweme!0x3eda75c Aweme!0x3edb5e8@0x3edb5e8
call: Aweme!0x3eda434 Aweme!0x775c5d8@DYLD-STUB$$operator new(unsigned long)
call: libc++abi.dylib!0xee0 libc++abi.dylib!0x10e54@DYLD-STUB$$malloc
call: libsystem_malloc.dylib!0x10160 libsystem_malloc.dylib!0xf6b8@malloc_zone_malloc
call: libsystem_malloc.dylib!0xf750 libsystem_malloc.dylib!0x11d64@default_zone_malloc
call: libsystem_malloc.dylib!0xecc libsystem_malloc.dylib!0xf20@nanov2_allocate$VARIANT$mp
call: libsystem_malloc.dylib!0xf98 libsystem_malloc.dylib!0x1b18@nanov2_allocate_from_block$VARIANT$mp
call: Aweme!0x3eda460 Aweme!0x3e86c34@0x3e86c34
call: Aweme!0x3e86c24 Aweme!0x3ec642c@0x3ec642c
call: Aweme!0x3ec6444 Aweme!0x3ea61ec@0x3ea61ec
call: libsystem_malloc.dylib!0x10160 libsystem_malloc.dylib!0xf6b8@malloc_zone_malloc
call: libsystem_malloc.dylib!0xf750 libsystem_malloc.dylib!0x11d64@default_zone_malloc
call: libsystem_malloc.dylib!0xecc libsystem_malloc.dylib!0xf20@nanov2_allocate$VARIANT$mp
call: libsystem_malloc.dylib!0xf98 libsystem_malloc.dylib!0x1b18@nanov2_allocate_from_block$VARIANT$mp
call: Aweme!0x3eda46c Aweme!0x3e871ac@0x3e871ac
call: Aweme!0x3e871c8 Aweme!0x3e58b14@0x3e58b14
call: Aweme!0x3e58af4 Aweme!0x3e58a74@0x3e58a74
call: Aweme!0x3e58afc Aweme!0x775e78c@DYLD-STUB$$pthread_mutex_lock
call: Aweme!0x3e871d4 Aweme!0x775c5d8@DYLD-STUB$$operator new(unsigned long)
call: libc++abi.dylib!0xee0 libc++abi.dylib!0x10e54@DYLD-STUB$$malloc
call: libsystem_malloc.dylib!0x10160 libsystem_malloc.dylib!0xf6b8@malloc_zone_malloc
call: libsystem_malloc.dylib!0xf750 libsystem_malloc.dylib!0x11d64@default_zone_malloc
call: libsystem_malloc.dylib!0xecc libsystem_malloc.dylib!0xf20@nanov2_allocate$VARIANT$mp
call: libsystem_malloc.dylib!0xf98 libsystem_malloc.dylib!0x1b18@nanov2_allocate_from_block$VARIANT$mp
call: Aweme!0x3e871e8 Aweme!0x3e58b58@0x3e58b58
call: Aweme!0x3e58b3c Aweme!0x3e58a74@0x3e58a74
call: Aweme!0x3e58b44 Aweme!0x775e7a4@DYLD-STUB$$pthread_mutex_unlock
call: Aweme!0x3eda478 Aweme!0x3ea2ad4@0x3ea2ad4
call: Aweme!0x3eda49c Aweme!0x3edb5b0@0x3edb5b0
call: Aweme!0x3eda5ec Aweme!0x3edb558@0x3edb558
call: Aweme!0x3edb574 Aweme!0x3e58b14@0x3e58b14
call: Aweme!0x3e58af4 Aweme!0x3e58a74@0x3e58a74
call: Aweme!0x3e58afc Aweme!0x775e78c@DYLD-STUB$$pthread_mutex_lock
call: Aweme!0x3edb588 Aweme!0x3e58b58@0x3e58b58
call: Aweme!0x3e58b3c Aweme!0x3e58a74@0x3e58a74
call: Aweme!0x3e58b44 Aweme!0x775e7a4@DYLD-STUB$$pthread_mutex_unlock
call: Aweme!0x3eda4c0 Aweme!0x3eda4d0@0x3eda4d0
call: Aweme!0x3eda514 Aweme!0x3edb5a8@0x3edb5a8
call: Aweme!0x3e87e8c Aweme!0x3e58b14@0x3e58b14
call: Aweme!0x3e58af4 Aweme!0x3e58a74@0x3e58a74
call: Aweme!0x3e58afc Aweme!0x775e78c@DYLD-STUB$$pthread_mutex_lock
call: Aweme!0x3e87e98 Aweme!0x3e58b58@0x3e58b58
call: Aweme!0x3e58b3c Aweme!0x3e58a74@0x3e58a74
call: Aweme!0x3e58b44 Aweme!0x775e7a4@DYLD-STUB$$pthread_mutex_unlock
call: Aweme!0x3eda51c Aweme!0x3e86d10@0x3e86d10
call: Aweme!0x3ec65e8 Aweme!0x3ec64c4@0x3ec64c4
call: Aweme!0x3ec64f4 Aweme!0x3ec68b0@0x3ec68b0
call: Aweme!0x3ec65fc Aweme!0x3ec6694@0x3ec6694
call: libsystem_malloc.dylib!0x10160 libsystem_malloc.dylib!0xf6b8@malloc_zone_malloc
call: libsystem_malloc.dylib!0xf750 libsystem_malloc.dylib!0x11d64@default_zone_malloc
call: libsystem_malloc.dylib!0xecc libsystem_malloc.dylib!0xf20@nanov2_allocate$VARIANT$mp
call: libsystem_malloc.dylib!0xf98 libsystem_malloc.dylib!0x1b18@nanov2_allocate_from_block$VARIANT$mp
call: Aweme!0x3ec6628 Aweme!0x3ed6e4c@0x3ed6e4c
call: Aweme!0x3ed6e5c Aweme!0x3ed6ff8@0x3ed6ff8
call: Aweme!0x3ed6e60 Aweme!0x3ed6f84@0x3ed6f84
call: Aweme!0x3ec663c Aweme!0x3ec676c@0x3ec676c
call: Aweme!0x3ec664c Aweme!0x3ec6770@0x3ec6770
call: Aweme!0x3ec6660 Aweme!0x3ed6e4c@0x3ed6e4c
call: Aweme!0x3ed6e5c Aweme!0x3ed6ff8@0x3ed6ff8
call: Aweme!0x3ed6e60 Aweme!0x3ed6f84@0x3ed6f84
call: Aweme!0x3ec6670 Aweme!0x3ec681c@0x3ec681c
call: Aweme!0x3eda49c Aweme!0x3edb5b0@0x3edb5b0
call: Aweme!0x3eda5ec Aweme!0x3edb558@0x3edb558
call: Aweme!0x3edb574 Aweme!0x3e58b14@0x3e58b14
call: Aweme!0x3e58af4 Aweme!0x3e58a74@0x3e58a74
call: Aweme!0x3e58afc Aweme!0x775e78c@DYLD-STUB$$pthread_mutex_lock
call: Aweme!0x3edb588 Aweme!0x3e58b58@0x3e58b58
call: Aweme!0x3e58b3c Aweme!0x3e58a74@0x3e58a74
