AwemeModuleBase:0x1040874f0
arg1 https://search3-search-lf.amemv.com/aweme/v1/search/item/?caid1=0803bffc8815b9f02c08f48f95c1008c&tma_jssdk_version=2.1.0.2&minor_status=0&ac=WIFI&appTheme=dark&is_vcd=1&keyword=%E7%8E%8B%E4%B8%80%E5%8D%9A&video_cover_shrink=372_496&enter_from=homepage_hot&sort_type=0&backtrace=M7U2PfbCPC7qlX46ow2D73foIbuD7zG%2BTODCT48wHI74oC1dlQVm4omXMt%2BkHUSKjMf5EJvWyjt3jVKDb%2FBylQ%3D%3D&count=12&is_filter_search=0&user_avatar_shrink=64_64&source=video_search&query_correct_type=1&rs_word_count=5&offset=0&search_source=normal_search&publish_time=0&hot_search=0&aid=1128&app_name=aweme&app_version=14.8.0&build_number=148013&cdid=FEDA96DE-E849-4E15-99C9-66CD61F50ADD&channel=App%20Store&device_id=4169787388733342&device_platform=iphone&device_type=iPhone9,1&idfa=322127EF-8E4E-48E9-98E0-99ACBDC85525&iid=2955926580500413&js_sdk_version=1.99.0.3&mcc_mnc=&openudid=a4cb7b4ade7c5e8e6c90cf8f892aafe6c64c73d1&os_api=18&os_version=13.3.1&screen_width=750&version_code=14.8.0&vid=25AD3C98-7CA5-4B2E-9B39-9BAEFC31BBD2
arg2 {
    "User-Agent" = "Aweme 14.8.0 rv:148013 (iPhone; iOS 13.3.1; zh_CN) Cronet";
    "x-common-params-v2" = "aid=1128&app_name=aweme&app_version=14.8.0&build_number=148013&cdid=FEDA96DE-E849-4E15-99C9-66CD61F50ADD&channel=App%20Store&device_id=4169787388733342&device_platform=iphone&device_type=iPhone9,1&idfa=322127EF-8E4E-48E9-98E0-99ACBDC85525&iid=2955926580500413&js_sdk_version=1.99.0.3&mcc_mnc=&openudid=a4cb7b4ade7c5e8e6c90cf8f892aafe6c64c73d1&os_api=18&os_version=13.3.1&screen_width=750&version_code=14.8.0&vid=25AD3C98-7CA5-4B2E-9B39-9BAEFC31BBD2";
    "x-tt-token" = "003c4774314c4f83d0177a0ae886f5a6f50056cb8fc53fa60c3b0bf88596c762fc922f46798e27276d911e99fde0203a46a8df6837c3279998eaaccf63df5e59c34fb9458bd8d9b17fd1ecf392c2a6fc08649f8411f4295761fc95f3fe46affde27ce-1.0.1";
}
call Aweme!0x3ed31e4
,	Aweme!0x3ed31e4 this.args0 0x282dedbc0             0  1  2  3  4  5  6  7  8  9  A  B  C  D  E  F  0123456789ABCDEF
282dedbc0  00 00 00 00 00 00 00 00 00 00 00 00 00 00 00 00  ................
282dedbd0  00 00 00 00 00 00 00 00 00 00 00 82 02 00 00 00  ................
282dedbe0  e0 db 3b 13 3c 2f 00 00 d9 01 00 00 02 00 00 00  ..;.</..........
282dedbf0  c0 2b 75 80 02 00 00 00 30 2c 75 80 02 00 00 00  .+u.....0,u.....
282dedc00  19 18 aa e5 a1 01 00 00 c0 07 00 00 01 00 00 00  ................
282dedc10  41 6c c4 0a 01 00 00 00 13 00 00 00 00 00 00 00  Al..............
282dedc20  68 a2 d5 07 01 00 00 00 11 00 00 00 10 00 00 00  h...............
282dedc30  e0 d8 de 82 02 00 00 00 66 69 6c 6d 00 00 00 00  ........film....
282dedc40  61 70 69 31 30 30 2d 6e 6f 72 6d 61 6c 2d 71 75  api100-normal-qu
282dedc50  69 63 2d 6c 71 2e 61 6d 65 6d 76 2e 63 6f 6d 00  ic-lq.amemv.com.
282dedc60  61 70 69 31 30 30 2d 6e 6f 72 6d 61 6c 2d 71 75  api100-normal-qu
282dedc70  69 63 2d 6c 71 2e 61 6d 65 6d 76 2e 63 6f 6d 00  ic-lq.amemv.com.
282dedc80  00 00 00 00 00 00 00 00 7c 5b 3f f5 ed 89 a9 32  ........|[?....2
282dedc90  e8 16 93 0e 01 00 00 00 1f 85 61 1e 01 00 00 00  ..........a.....
282dedca0  a0 dc 3b 13 3c 2f 00 00 3e 01 60 00 00 00 00 00  ..;.</..>.`.....
282dedcb0  0a 73 65 73 73 69 6f 6e 5f 69 64 00 00 00 00 00  .session_id.....
282dedcc0  c0 dc 3b 13 3c 2f 00 00 ae 01 6d 61 6c 2d 71 75  ..;.</....mal-qu
282dedcd0  69 63 2e 61 6d 65 6d 76 2e 63 6f 6d 00 00 00 00  ic.amemv.com....
282dedce0  44 69 67 69 43 65 72 74 20 49 6e 63 00 00 00 00  DigiCert Inc....
282dedcf0  91 2a 9b 0e 01 00 00 0c 6c 00 65 00 00 00 00 00  .*......l.e.....
282dedd00  40 d4 c2 82 02 00 00 00 81 c9 62 f7 98 e4 8f a2  @.........b.....
282dedd10  00 c4 9d 0d 01 00 00 00 23 1b e3 b6 02 00 00 00  ........#.......
282dedd20  20 dd 3b 13 3c 2f 00 00 e9 01 de 82 02 00 00 00   .;.</..........
282dedd30  1c 00 00 00 00 00 00 00 20 00 00 00 00 00 00 80  ........ .......
282dedd40  68 a2 d5 07 01 00 00 00 c1 01 00 00 c0 01 00 00  h...............
282dedd50  20 74 43 1f 01 00 00 00 45 47 2d 34 00 00 00 00   tC.....EG-4....
282dedd60  60 dd 3b 13 3c 2f 00 00 30 01 90 78 00 00 00 00  `.;.</..0..x....
282dedd70  01 00 00 80 00 00 00 00 00 00 00 00 00 00 00 00  ................
282dedd80  c0 eb 5c 81 02 00 00 00 c0 de de 82 02 00 00 00  ..\.............
282dedd90  a0 de de 82 02 00 00 00 5f 69 64 00 00 00 00 00  ........_id.....
282dedda0  a0 dd 3b 13 3c 2f 00 00 56 00 00 00 00 00 00 00  ..;.</..V.......
282deddb0  d8 80 0d 08 01 00 00 00 f8 80 0d 08 01 00 00 00  ................
282deddc0  7c a1 53 20 d2 7f b1 5c 05 7e 20 17 a3 9e f8 40  |.S ...\.~ ....@
282deddd0  00 4d 50 45 47 2d 34 20 66 69 6c 6d 00 00 00 00  .MPEG-4 film....
282dedde0  e0 dd 3b 13 3c 2f 00 00 e3 01 98 00 00 00 00 00  ..;.</..........
282deddf0  00 00 00 00 00 00 00 00 00 00 00 00 00 00 00 00  ................
282dede00  60 ee 5c 81 02 00 00 00 a0 de de 82 02 00 00 00  `.\.............
282dede10  40 6b d7 82 02 00 00 00 00 98 0e 82 02 00 00 00  @k..............
282dede20  80 ed 5c 81 02 00 00 00 e0 de de 82 02 00 00 00  ..\.............
282dede30  40 de de 82 02 00 00 00 00 98 0e 82 02 00 00 00  @...............
282dede40  40 ef 5c 81 02 00 00 00 20 de de 82 02 00 00 00  @.\..... .......
282dede50  c0 de de 82 02 00 00 00 00 00 00 00 00 00 00 00  ................
282dede60  80 e3 de 82 02 00 00 00 d0 57 f1 28 47 e7 8e 99  .........W.(G...
282dede70  18 16 93 0e 01 00 00 00 e0 00 00 00 00 00 00 80  ................
282dede80  91 18 aa e5 a1 01 00 00 84 16 00 00 04 00 00 00  ................
282dede90  82 77 57 42 00 00 00 00 00 00 00 00 00 00 00 00  .wWB............
282dedea0  e0 ea 5c 81 02 00 00 00 80 dd de 82 02 00 00 00  ..\.............
282dedeb0  00 de de 82 02 00 00 00 5f 61 74 00 00 00 00 00  ........_at.....
282dedec0  a0 ec 5c 81 02 00 00 00 40 de de 82 02 00 00 00  ..\.....@.......
282deded0  80 dd de 82 02 00 00 00 6c 6f 67 00 00 00 00 00  ........log.....
282dedee0  20 f0 5c 81 02 00 00 00 e0 e9 c0 82 02 00 00 00   .\.............
282dedef0  20 de de 82 02 00 00 00 60 93 ec 82 02 00 00 00   .......`.......
282dedf00  00 df 3b 13 3c 2f 00 00 5d 00 98 00 00 00 00 00  ..;.</..].......
282dedf10  00 00 00 00 00 00 00 00 00 00 00 00 00 00 00 00  ................
282dedf20  20 df 3b 13 3c 2f 00 00 e1 01 00 00 00 00 00 00   .;.</..........
282dedf30  01 00 00 80 00 00 00 00 00 00 00 00 00 00 00 00  ................
282dedf40  e0 ba c5 82 02 00 00 00 e7 80 96 ce 3c 6d 6e e1  ............<mn.
282dedf50  a8 13 93 0e 01 00 00 00 00 00 00 00 00 00 00 00  ................
282dedf60  40 e4 de 82 02 00 00 00 16 d9 85 da 30 29 02 00  @...........0)..
282dedf70  70 12 93 0e 01 00 00 00 65 6d 76 2e 63 6f 6d 00  p.......emv.com.
282dedf80  68 a2 d5 07 01 00 00 00 11 00 00 00 10 00 00 00  h...............
282dedf90  c0 dd de 82 02 00 00 00 66 69 6c 6d 69 00 00 00  ........filmi...
282dedfa0  60 df de 82 02 00 00 00 85 ed 98 3f 53 e3 8a 6f  `..........?S..o
282dedfb0  08 12 93 0e 01 00 00 00 90 94 ec 82 02 00 00 00  ................

,	Aweme!0x3ed31e4 this.args1 0x171ef6620 0x171ef6620

,	Aweme!0x3ed31e4 this.args2 0x104088830             0  1  2  3  4  5  6  7  8  9  A  B  C  D  E  F  0123456789ABCDEF
104088830  a8 00 8a 52 e8 c8 a3 72 e8 02 1f b8 d9 2e 00 d1  ...R...r........
104088840  c6 1a 00 94 08 08 40 f9 01 09 00 91 e0 03 19 aa  ......@.........
104088850  83 1a 00 94 a8 02 5f 38 c8 12 1f 38 a8 12 5f 38  ......_8...8.._8
104088860  c8 62 1f 38 08 00 00 10 03 00 00 14 1f 20 03 d5  .b.8......... ..
104088870  f1 f6 77 ff 1f 20 03 d5 1f 20 03 d5 1f 20 03 d5  ..w.. ... ... ..
104088880  ff 43 01 d1 fd 7b 04 a9 e0 07 00 a9 e2 0f 01 a9  .C...{..........
104088890  e4 17 02 a9 e6 1f 03 a9 04 00 00 94 e1 03 00 aa  ................
1040888a0  21 e0 00 91 20 00 1f d6 ff 43 00 d1 fd 7b 00 a9  !... ....C...{..
1040888b0  e0 07 40 f9 fd 7b 40 a9 ff 43 00 91 c0 03 5f d6  ..@..{@..C...._.
1040888c0  ff 03 01 d1 fd 7b 03 a9 f8 ff ff 17 01 10 00 d4  .....{..........
1040888d0  ff 43 01 91 e6 1f 43 a9 e4 17 42 a9 e2 0f 41 a9  .C....C...B...A.
1040888e0  e0 07 40 a9 fd 7b 44 a9 ff 43 01 91 ff 03 01 d1  ..@..{D..C......
1040888f0  fd 7b 03 a9 e0 07 00 a9 e3 0b 01 a9 e7 1b 02 a9  .{..............
104088900  03 00 00 94 01 d0 00 91 20 00 1f d6 ff 43 00 d1  ........ ....C..
104088910  fd 7b 00 a9 e0 07 40 f9 fd 7b 40 a9 ff 43 00 91  .{....@..{@..C..
104088920  c0 03 5f d6 e3 0b 41 a9 e0 07 40 a9 fd 7b 43 a9  .._...A...@..{C.
104088930  01 10 00 d4 70 47 de 01 f5 ff ff 97 06 20 00 91  ....pG....... ..
104088940  c0 00 1f d6 e3 0b 41 a9 e7 1b 42 a9 e0 07 40 a9  ......A...B...@.
104088950  fd 7b 43 a9 ff 03 01 91 02 00 00 14 f1 f6 77 f0  .{C...........w.
104088960  09 00 00 10 aa 2b 80 52 6a 42 00 b9 0a 2d 80 52  .....+.RjB...-.R
104088970  6a 3e 00 b9 6a 42 40 b9 6b 3e 40 b9 ec 03 00 32  j>..jB@.k>@....2
104088980  4a 31 0a 1b 6b 7d 0b 1b 6c 71 1d 53 8b 01 0b 4b  J1..k}..lq.S...K
104088990  5f 01 0b 6b 40 f0 ff 54 78 06 00 f9 7c 12 00 f9  _..k@..Tx...|...
1040889a0  58 a2 80 52 38 03 a4 72 e8 52 00 b4 c9 52 00 b4  X..R8..r.R...R..
1040889b0  6a 16 80 52 6a 4a 00 b9 4a 20 80 52 6a 46 00 b9  j..RjJ..J .RjF..
1040889c0  6b 4a 40 b9 6c 46 40 b9 6a 02 80 52 9f 61 05 71  kJ@.lF@.j..R.a.q
1040889d0  cc 00 00 54 38 1a 00 94 6c 09 ca 1a 8b ad 0a 1b  ...T8...l.......
1040889e0  4b 00 00 35 ff 03 1a 91 8b 0c 80 52 6b 52 00 b9  K..5.......RkR..
1040889f0  2c 0c 80 52 6c 4e 00 b9 6b 52 40 b9 6d 4e 40 b9  ,..RlN..kR@.mN@.
104088a00  bf c9 04 71 ac 00 00 54 2b 1a 00 94 6d 09 ca 1a  ...q...T+...m...
104088a10  ab ad 0a 1b 8b fe ff 34 0b 00 80 d2 2a 01 08 cb  .......4....*...
104088a20  6d 1a 80 52 4e 06 80 52 6f 02 80 52 50 11 80 52  m..RN..Ro..RP..R
104088a30  31 0a 80 52 80 34 80 52 e1 26 80 52 62 16 80 52  1..R.4.R.&.Rb..R
104088a40  83 27 80 52 07 36 80 52 d5 14 80 52 19 2a 80 52  .'.R.6.R...R.*.R
104088a50  ba 33 80 52 76 0c 80 52 57 2e 80 52 5c 34 80 52  .3.Rv..RW..R\4.R
104088a60  1e 16 80 52 6d 5a 00 b9 6e 56 00 b9 64 5a 40 b9  ...RmZ..nV..dZ@.
104088a70  65 56 40 b9 bf dc 05 71 0c 01 00 54 84 7c 04 1b  eV@....q...T.|..
104088a80  84 74 1e 53 84 10 00 11 85 08 cf 1a a4 90 0f 1b  .t.S............
104088a90  44 00 00 35 ff 0f 26 91 70 62 00 b9 6c 5e 00 b9  D..5..&.pb..l^..
104088aa0  64 62 40 b9 65 5e 40 b9 bf 68 07 71 cb 00 00 54  db@.e^@..h.q...T
104088ab0  84 10 04 1b 84 1c 00 11 85 08 d1 1a a4 90 11 1b  ................
104088ac0  a4 fe ff 34 5f 01 0b eb 20 12 00 54 60 7a 00 b9  ...4_... ..T`z..
104088ad0  61 76 00 b9 64 7a 40 b9 65 76 40 b9 bf f8 07 71  av..dz@.ev@....q
104088ae0  eb 00 00 54 84 10 04 1b 84 1c 00 11 85 08 d1 1a  ...T............
104088af0  a4 90 11 1b 44 00 00 35 ff 03 2b 91 04 69 6b 38  ....D..5..+..ik8
104088b00  62 82 00 b9 63 7e 00 b9 65 82 40 b9 66 7e 40 b9  b...c~..e.@.f~@.
104088b10  df cc 04 71 ec 00 00 54 a5 7c 05 1b a5 74 1e 53  ...q...T.|...t.S
104088b20  a5 10 00 11 a6 08 cf 1a c5 94 0f 1b 65 fe ff 34  ............e..4
104088b30  9f c4 03 71 81 0b 00 54 64 0e 80 52 64 8a 00 b9  ...q...Td..Rd...
104088b40  c4 0d 80 52 64 86 00 b9 64 8a 40 b9 65 86 40 b9  ...Rd...d.@.e.@.
104088b50  e6 03 00 32 84 18 04 1b a5 7c 05 1b a6 70 1d 53  ...2.....|...p.S
104088b60  c5 00 05 4b 9f 00 05 6b 41 00 00 54 ff 0f 34 91  ...K...kA..T..4.
104088b70  04 01 0b 8b 84 04 40 39 67 92 00 b9 75 8e 00 b9  ......@9g...u...
104088b80  65 92 40 b9 66 8e 40 b9 df 5c 02 71 cb 00 00 54  e.@.f.@..\.q...T
104088b90  a5 14 05 1b a5 1c 00 11 a6 08 d1 1a c5 94 11 1b  ................
104088ba0  65 fe ff 34 9f d8 03 71 e1 07 00 54 a4 34 80 52  e..4...q...T.4.R
104088bb0  64 9a 00 b9 a4 3b 80 52 64 96 00 b9 64 9a 40 b9  d....;.Rd...d.@.
104088bc0  65 96 40 b9 bf 10 03 71 eb 00 00 54 84 10 04 1b  e.@....q...T....
104088bd0  84 1c 00 11 85 08 d1 1a a4 90 11 1b 44 00 00 35  ............D..5
104088be0  ff 0b 3e 91 04 01 0b 8b 84 08 40 39 79 a2 00 b9  ..>.......@9y...
104088bf0  7a 9e 00 b9 65 a2 40 b9 66 9e 40 b9 df e4 04 71  z...e.@.f.@....q
104088c00  ec 00 00 54 a5 7c 05 1b a5 74 1e 53 a5 10 00 11  ...T.|...t.S....
104088c10  a6 08 cf 1a c5 94 0f 1b 45 fe ff 34 9f dc 01 71  ........E..4...q
104088c20  21 04 00 54 24 39 80 52 64 aa 00 b9 64 24 80 52  !..T$9.Rd...d$.R

,	Aweme!0x3ed31e4 this.args3 0x282dedbda             0  1  2  3  4  5  6  7  8  9  A  B  C  D  E  F  0123456789ABCDEF
282dedbda  00 82 02 00 00 00 e0 db 3b 13 3c 2f 00 00 d9 01  ........;.</....
282dedbea  00 00 02 00 00 00 c0 2b 75 80 02 00 00 00 30 2c  .......+u.....0,
282dedbfa  75 80 02 00 00 00 19 18 aa e5 a1 01 00 00 c0 07  u...............
282dedc0a  00 00 01 00 00 00 41 6c c4 0a 01 00 00 00 13 00  ......Al........
282dedc1a  00 00 00 00 00 00 68 a2 d5 07 01 00 00 00 11 00  ......h.........
282dedc2a  00 00 10 00 00 00 e0 d8 de 82 02 00 00 00 66 69  ..............fi
282dedc3a  6c 6d 00 00 00 00 61 70 69 31 30 30 2d 6e 6f 72  lm....api100-nor
282dedc4a  6d 61 6c 2d 71 75 69 63 2d 6c 71 2e 61 6d 65 6d  mal-quic-lq.amem
282dedc5a  76 2e 63 6f 6d 00 61 70 69 31 30 30 2d 6e 6f 72  v.com.api100-nor
282dedc6a  6d 61 6c 2d 71 75 69 63 2d 6c 71 2e 61 6d 65 6d  mal-quic-lq.amem
282dedc7a  76 2e 63 6f 6d 00 00 00 00 00 00 00 00 00 7c 5b  v.com.........|[
282dedc8a  3f f5 ed 89 a9 32 e8 16 93 0e 01 00 00 00 1f 85  ?....2..........
282dedc9a  61 1e 01 00 00 00 a0 dc 3b 13 3c 2f 00 00 3e 01  a.......;.</..>.
282dedcaa  60 00 00 00 00 00 0a 73 65 73 73 69 6f 6e 5f 69  `......session_i
282dedcba  64 00 00 00 00 00 c0 dc 3b 13 3c 2f 00 00 ae 01  d.......;.</....
282dedcca  6d 61 6c 2d 71 75 69 63 2e 61 6d 65 6d 76 2e 63  mal-quic.amemv.c
282dedcda  6f 6d 00 00 00 00 44 69 67 69 43 65 72 74 20 49  om....DigiCert I
282dedcea  6e 63 00 00 00 00 91 2a 9b 0e 01 00 00 0c 6c 00  nc.....*......l.
282dedcfa  65 00 00 00 00 00 40 d4 c2 82 02 00 00 00 81 c9  e.....@.........
282dedd0a  62 f7 98 e4 8f a2 00 c4 9d 0d 01 00 00 00 23 1b  b.............#.
282dedd1a  e3 b6 02 00 00 00 20 dd 3b 13 3c 2f 00 00 e9 01  ...... .;.</....
282dedd2a  de 82 02 00 00 00 1c 00 00 00 00 00 00 00 20 00  .............. .
282dedd3a  00 00 00 00 00 80 68 a2 d5 07 01 00 00 00 c1 01  ......h.........
282dedd4a  00 00 c0 01 00 00 20 74 43 1f 01 00 00 00 45 47  ...... tC.....EG
282dedd5a  2d 34 00 00 00 00 60 dd 3b 13 3c 2f 00 00 30 01  -4....`.;.</..0.
282dedd6a  90 78 00 00 00 00 01 00 00 80 00 00 00 00 00 00  .x..............
282dedd7a  00 00 00 00 00 00 c0 eb 5c 81 02 00 00 00 c0 de  ........\.......
282dedd8a  de 82 02 00 00 00 a0 de de 82 02 00 00 00 5f 69  .............._i
282dedd9a  64 00 00 00 00 00 a0 dd 3b 13 3c 2f 00 00 56 00  d.......;.</..V.
282deddaa  00 00 00 00 00 00 d8 80 0d 08 01 00 00 00 f8 80  ................
282deddba  0d 08 01 00 00 00 7c a1 53 20 d2 7f b1 5c 05 7e  ......|.S ...\.~
282deddca  20 17 a3 9e f8 40 00 4d 50 45 47 2d 34 20 66 69   ....@.MPEG-4 fi
282deddda  6c 6d 00 00 00 00 e0 dd 3b 13 3c 2f 00 00 e3 01  lm......;.</....
282deddea  98 00 00 00 00 00 00 00 00 00 00 00 00 00 00 00  ................
282deddfa  00 00 00 00 00 00 60 ee 5c 81 02 00 00 00 a0 de  ......`.\.......
282dede0a  de 82 02 00 00 00 40 6b d7 82 02 00 00 00 00 98  ......@k........
282dede1a  0e 82 02 00 00 00 80 ed 5c 81 02 00 00 00 e0 de  ........\.......
282dede2a  de 82 02 00 00 00 40 de de 82 02 00 00 00 00 98  ......@.........
282dede3a  0e 82 02 00 00 00 40 ef 5c 81 02 00 00 00 20 de  ......@.\..... .
282dede4a  de 82 02 00 00 00 c0 de de 82 02 00 00 00 00 00  ................
282dede5a  00 00 00 00 00 00 80 e3 de 82 02 00 00 00 d0 57  ...............W
282dede6a  f1 28 47 e7 8e 99 18 16 93 0e 01 00 00 00 e0 00  .(G.............
282dede7a  00 00 00 00 00 80 91 18 aa e5 a1 01 00 00 84 16  ................
282dede8a  00 00 04 00 00 00 82 77 57 42 00 00 00 00 00 00  .......wWB......
282dede9a  00 00 00 00 00 00 e0 ea 5c 81 02 00 00 00 80 dd  ........\.......
282dedeaa  de 82 02 00 00 00 00 de de 82 02 00 00 00 5f 61  .............._a
282dedeba  74 00 00 00 00 00 a0 ec 5c 81 02 00 00 00 40 de  t.......\.....@.
282dedeca  de 82 02 00 00 00 80 dd de 82 02 00 00 00 6c 6f  ..............lo
282dededa  67 00 00 00 00 00 20 f0 5c 81 02 00 00 00 e0 e9  g..... .\.......
282dedeea  c0 82 02 00 00 00 20 de de 82 02 00 00 00 60 93  ...... .......`.
282dedefa  ec 82 02 00 00 00 00 df 3b 13 3c 2f 00 00 5d 00  ........;.</..].
282dedf0a  98 00 00 00 00 00 00 00 00 00 00 00 00 00 00 00  ................
282dedf1a  00 00 00 00 00 00 20 df 3b 13 3c 2f 00 00 e1 01  ...... .;.</....
282dedf2a  00 00 00 00 00 00 01 00 00 80 00 00 00 00 00 00  ................
282dedf3a  00 00 00 00 00 00 e0 ba c5 82 02 00 00 00 e7 80  ................
282dedf4a  96 ce 3c 6d 6e e1 a8 13 93 0e 01 00 00 00 00 00  ..<mn...........
282dedf5a  00 00 00 00 00 00 40 e4 de 82 02 00 00 00 16 d9  ......@.........
282dedf6a  85 da 30 29 02 00 70 12 93 0e 01 00 00 00 65 6d  ..0)..p.......em
282dedf7a  76 2e 63 6f 6d 00 68 a2 d5 07 01 00 00 00 11 00  v.com.h.........
282dedf8a  00 00 10 00 00 00 c0 dd de 82 02 00 00 00 66 69  ..............fi
282dedf9a  6c 6d 69 00 00 00 60 df de 82 02 00 00 00 85 ed  lmi...`.........
282dedfaa  98 3f 53 e3 8a 6f 08 12 93 0e 01 00 00 00 90 94  .?S..o..........
282dedfba  ec 82 02 00 00 00 68 a2 d5 07 01 00 00 00 e9 03  ......h.........
282dedfca  00 00 e8 03 00 00 b0 0c 44 1f 01 00 00 00 50 45  ........D.....PE

,	Aweme!0x3ed31e4 this.args4 0x10408880c             0  1  2  3  4  5  6  7  8  9  A  B  C  D  E  F  0123456789ABCDEF
10408880c  d3 1a 00 94 08 08 40 f9 09 7d 48 d3 c8 72 1f 38  ......@..}H..r.8
10408881c  c9 32 1f 38 ce 1a 00 94 00 08 40 f9 e1 03 1c aa  .2.8......@.....
10408882c  45 0a 00 94 a8 00 8a 52 e8 c8 a3 72 e8 02 1f b8  E......R...r....
10408883c  d9 2e 00 d1 c6 1a 00 94 08 08 40 f9 01 09 00 91  ..........@.....
10408884c  e0 03 19 aa 83 1a 00 94 a8 02 5f 38 c8 12 1f 38  .........._8...8
10408885c  a8 12 5f 38 c8 62 1f 38 08 00 00 10 03 00 00 14  .._8.b.8........
10408886c  1f 20 03 d5 f1 f6 77 ff 1f 20 03 d5 1f 20 03 d5  . ....w.. ... ..
10408887c  1f 20 03 d5 ff 43 01 d1 fd 7b 04 a9 e0 07 00 a9  . ...C...{......
10408888c  e2 0f 01 a9 e4 17 02 a9 e6 1f 03 a9 04 00 00 94  ................
10408889c  e1 03 00 aa 21 e0 00 91 20 00 1f d6 ff 43 00 d1  ....!... ....C..
1040888ac  fd 7b 00 a9 e0 07 40 f9 fd 7b 40 a9 ff 43 00 91  .{....@..{@..C..
1040888bc  c0 03 5f d6 ff 03 01 d1 fd 7b 03 a9 f8 ff ff 17  .._......{......
1040888cc  01 10 00 d4 ff 43 01 91 e6 1f 43 a9 e4 17 42 a9  .....C....C...B.
1040888dc  e2 0f 41 a9 e0 07 40 a9 fd 7b 44 a9 ff 43 01 91  ..A...@..{D..C..
1040888ec  ff 03 01 d1 fd 7b 03 a9 e0 07 00 a9 e3 0b 01 a9  .....{..........
1040888fc  e7 1b 02 a9 03 00 00 94 01 d0 00 91 20 00 1f d6  ............ ...
10408890c  ff 43 00 d1 fd 7b 00 a9 e0 07 40 f9 fd 7b 40 a9  .C...{....@..{@.
10408891c  ff 43 00 91 c0 03 5f d6 e3 0b 41 a9 e0 07 40 a9  .C...._...A...@.
10408892c  fd 7b 43 a9 01 10 00 d4 70 47 de 01 f5 ff ff 97  .{C.....pG......
10408893c  06 20 00 91 c0 00 1f d6 e3 0b 41 a9 e7 1b 42 a9  . ........A...B.
10408894c  e0 07 40 a9 fd 7b 43 a9 ff 03 01 91 02 00 00 14  ..@..{C.........
10408895c  f1 f6 77 f0 09 00 00 10 aa 2b 80 52 6a 42 00 b9  ..w......+.RjB..
10408896c  0a 2d 80 52 6a 3e 00 b9 6a 42 40 b9 6b 3e 40 b9  .-.Rj>..jB@.k>@.
10408897c  ec 03 00 32 4a 31 0a 1b 6b 7d 0b 1b 6c 71 1d 53  ...2J1..k}..lq.S
10408898c  8b 01 0b 4b 5f 01 0b 6b 40 f0 ff 54 78 06 00 f9  ...K_..k@..Tx...
10408899c  7c 12 00 f9 58 a2 80 52 38 03 a4 72 e8 52 00 b4  |...X..R8..r.R..
1040889ac  c9 52 00 b4 6a 16 80 52 6a 4a 00 b9 4a 20 80 52  .R..j..RjJ..J .R
1040889bc  6a 46 00 b9 6b 4a 40 b9 6c 46 40 b9 6a 02 80 52  jF..kJ@.lF@.j..R
1040889cc  9f 61 05 71 cc 00 00 54 38 1a 00 94 6c 09 ca 1a  .a.q...T8...l...
1040889dc  8b ad 0a 1b 4b 00 00 35 ff 03 1a 91 8b 0c 80 52  ....K..5.......R
1040889ec  6b 52 00 b9 2c 0c 80 52 6c 4e 00 b9 6b 52 40 b9  kR..,..RlN..kR@.
1040889fc  6d 4e 40 b9 bf c9 04 71 ac 00 00 54 2b 1a 00 94  mN@....q...T+...
104088a0c  6d 09 ca 1a ab ad 0a 1b 8b fe ff 34 0b 00 80 d2  m..........4....
104088a1c  2a 01 08 cb 6d 1a 80 52 4e 06 80 52 6f 02 80 52  *...m..RN..Ro..R
104088a2c  50 11 80 52 31 0a 80 52 80 34 80 52 e1 26 80 52  P..R1..R.4.R.&.R
104088a3c  62 16 80 52 83 27 80 52 07 36 80 52 d5 14 80 52  b..R.'.R.6.R...R
104088a4c  19 2a 80 52 ba 33 80 52 76 0c 80 52 57 2e 80 52  .*.R.3.Rv..RW..R
104088a5c  5c 34 80 52 1e 16 80 52 6d 5a 00 b9 6e 56 00 b9  \4.R...RmZ..nV..
104088a6c  64 5a 40 b9 65 56 40 b9 bf dc 05 71 0c 01 00 54  dZ@.eV@....q...T
104088a7c  84 7c 04 1b 84 74 1e 53 84 10 00 11 85 08 cf 1a  .|...t.S........
104088a8c  a4 90 0f 1b 44 00 00 35 ff 0f 26 91 70 62 00 b9  ....D..5..&.pb..
104088a9c  6c 5e 00 b9 64 62 40 b9 65 5e 40 b9 bf 68 07 71  l^..db@.e^@..h.q
104088aac  cb 00 00 54 84 10 04 1b 84 1c 00 11 85 08 d1 1a  ...T............
104088abc  a4 90 11 1b a4 fe ff 34 5f 01 0b eb 20 12 00 54  .......4_... ..T
104088acc  60 7a 00 b9 61 76 00 b9 64 7a 40 b9 65 76 40 b9  `z..av..dz@.ev@.
104088adc  bf f8 07 71 eb 00 00 54 84 10 04 1b 84 1c 00 11  ...q...T........
104088aec  85 08 d1 1a a4 90 11 1b 44 00 00 35 ff 03 2b 91  ........D..5..+.
104088afc  04 69 6b 38 62 82 00 b9 63 7e 00 b9 65 82 40 b9  .ik8b...c~..e.@.
104088b0c  66 7e 40 b9 df cc 04 71 ec 00 00 54 a5 7c 05 1b  f~@....q...T.|..
104088b1c  a5 74 1e 53 a5 10 00 11 a6 08 cf 1a c5 94 0f 1b  .t.S............
104088b2c  65 fe ff 34 9f c4 03 71 81 0b 00 54 64 0e 80 52  e..4...q...Td..R
104088b3c  64 8a 00 b9 c4 0d 80 52 64 86 00 b9 64 8a 40 b9  d......Rd...d.@.
104088b4c  65 86 40 b9 e6 03 00 32 84 18 04 1b a5 7c 05 1b  e.@....2.....|..
104088b5c  a6 70 1d 53 c5 00 05 4b 9f 00 05 6b 41 00 00 54  .p.S...K...kA..T
104088b6c  ff 0f 34 91 04 01 0b 8b 84 04 40 39 67 92 00 b9  ..4.......@9g...
104088b7c  75 8e 00 b9 65 92 40 b9 66 8e 40 b9 df 5c 02 71  u...e.@.f.@..\.q
104088b8c  cb 00 00 54 a5 14 05 1b a5 1c 00 11 a6 08 d1 1a  ...T............
104088b9c  c5 94 11 1b 65 fe ff 34 9f d8 03 71 e1 07 00 54  ....e..4...q...T
104088bac  a4 34 80 52 64 9a 00 b9 a4 3b 80 52 64 96 00 b9  .4.Rd....;.Rd...
104088bbc  64 9a 40 b9 65 96 40 b9 bf 10 03 71 eb 00 00 54  d.@.e.@....q...T
104088bcc  84 10 04 1b 84 1c 00 11 85 08 d1 1a a4 90 11 1b  ................
104088bdc  44 00 00 35 ff 0b 3e 91 04 01 0b 8b 84 08 40 39  D..5..>.......@9
104088bec  79 a2 00 b9 7a 9e 00 b9 65 a2 40 b9 66 9e 40 b9  y...z...e.@.f.@.
104088bfc  df e4 04 71 ec 00 00 54 a5 7c 05 1b a5 74 1e 53  ...q...T.|...t.S

,	Aweme!0x3ed31e4 this.args0 onLeave 0x282dedbc0             0  1  2  3  4  5  6  7  8  9  A  B  C  D  E  F  0123456789ABCDEF
282dedbc0  00 00 00 00 00 00 00 00 00 00 00 00 00 00 00 00  ................
282dedbd0  00 00 00 00 00 00 00 00 00 00 00 82 02 00 00 00  ................
282dedbe0  e0 db 3b 13 3c 2f 00 00 d9 01 00 00 02 00 00 00  ..;.</..........
282dedbf0  c0 2b 75 80 02 00 00 00 30 2c 75 80 02 00 00 00  .+u.....0,u.....
282dedc00  19 18 aa e5 a1 01 00 00 c0 07 00 00 01 00 00 00  ................
282dedc10  41 6c c4 0a 01 00 00 00 13 00 00 00 00 00 00 00  Al..............
282dedc20  68 a2 d5 07 01 00 00 00 11 00 00 00 10 00 00 00  h...............
282dedc30  e0 d8 de 82 02 00 00 00 66 69 6c 6d 00 00 00 00  ........film....
282dedc40  61 70 69 31 30 30 2d 6e 6f 72 6d 61 6c 2d 71 75  api100-normal-qu
282dedc50  69 63 2d 6c 71 2e 61 6d 65 6d 76 2e 63 6f 6d 00  ic-lq.amemv.com.
282dedc60  61 70 69 31 30 30 2d 6e 6f 72 6d 61 6c 2d 71 75  api100-normal-qu
282dedc70  69 63 2d 6c 71 2e 61 6d 65 6d 76 2e 63 6f 6d 00  ic-lq.amemv.com.
282dedc80  00 00 00 00 00 00 00 00 7c 5b 3f f5 ed 89 a9 32  ........|[?....2
282dedc90  e8 16 93 0e 01 00 00 00 1f 85 61 1e 01 00 00 00  ..........a.....
282dedca0  a0 dc 3b 13 3c 2f 00 00 3e 01 60 00 00 00 00 00  ..;.</..>.`.....
282dedcb0  0a 73 65 73 73 69 6f 6e 5f 69 64 00 00 00 00 00  .session_id.....
282dedcc0  c0 dc 3b 13 3c 2f 00 00 ae 01 6d 61 6c 2d 71 75  ..;.</....mal-qu
282dedcd0  69 63 2e 61 6d 65 6d 76 2e 63 6f 6d 00 00 00 00  ic.amemv.com....
282dedce0  44 69 67 69 43 65 72 74 20 49 6e 63 00 00 00 00  DigiCert Inc....
282dedcf0  91 2a 9b 0e 01 00 00 0c 6c 00 65 00 00 00 00 00  .*......l.e.....
282dedd00  40 d4 c2 82 02 00 00 00 81 c9 62 f7 98 e4 8f a2  @.........b.....
282dedd10  00 c4 9d 0d 01 00 00 00 23 1b e3 b6 02 00 00 00  ........#.......
282dedd20  20 dd 3b 13 3c 2f 00 00 e9 01 de 82 02 00 00 00   .;.</..........
282dedd30  1c 00 00 00 00 00 00 00 20 00 00 00 00 00 00 80  ........ .......
282dedd40  68 a2 d5 07 01 00 00 00 c1 01 00 00 c0 01 00 00  h...............
282dedd50  20 74 43 1f 01 00 00 00 45 47 2d 34 00 00 00 00   tC.....EG-4....
282dedd60  60 dd 3b 13 3c 2f 00 00 30 01 90 78 00 00 00 00  `.;.</..0..x....
282dedd70  01 00 00 80 00 00 00 00 00 00 00 00 00 00 00 00  ................
282dedd80  c0 eb 5c 81 02 00 00 00 c0 de de 82 02 00 00 00  ..\.............
282dedd90  a0 de de 82 02 00 00 00 5f 69 64 00 00 00 00 00  ........_id.....
282dedda0  a0 dd 3b 13 3c 2f 00 00 56 00 00 00 00 00 00 00  ..;.</..V.......
282deddb0  d8 80 0d 08 01 00 00 00 f8 80 0d 08 01 00 00 00  ................
282deddc0  7c a1 53 20 d2 7f b1 5c 05 7e 20 17 a3 9e f8 40  |.S ...\.~ ....@
282deddd0  00 4d 50 45 47 2d 34 20 66 69 6c 6d 00 00 00 00  .MPEG-4 film....
282dedde0  e0 dd 3b 13 3c 2f 00 00 e3 01 98 00 00 00 00 00  ..;.</..........
282deddf0  00 00 00 00 00 00 00 00 00 00 00 00 00 00 00 00  ................
282dede00  60 ee 5c 81 02 00 00 00 a0 de de 82 02 00 00 00  `.\.............
282dede10  40 6b d7 82 02 00 00 00 00 98 0e 82 02 00 00 00  @k..............
282dede20  80 ed 5c 81 02 00 00 00 e0 de de 82 02 00 00 00  ..\.............
282dede30  40 de de 82 02 00 00 00 00 98 0e 82 02 00 00 00  @...............
282dede40  40 ef 5c 81 02 00 00 00 20 de de 82 02 00 00 00  @.\..... .......
282dede50  c0 de de 82 02 00 00 00 00 00 00 00 00 00 00 00  ................
282dede60  80 e3 de 82 02 00 00 00 d0 57 f1 28 47 e7 8e 99  .........W.(G...
282dede70  18 16 93 0e 01 00 00 00 e0 00 00 00 00 00 00 80  ................
282dede80  91 18 aa e5 a1 01 00 00 84 16 00 00 04 00 00 00  ................
282dede90  82 77 57 42 00 00 00 00 00 00 00 00 00 00 00 00  .wWB............
282dedea0  e0 ea 5c 81 02 00 00 00 80 dd de 82 02 00 00 00  ..\.............
282dedeb0  00 de de 82 02 00 00 00 5f 61 74 00 00 00 00 00  ........_at.....
282dedec0  a0 ec 5c 81 02 00 00 00 40 de de 82 02 00 00 00  ..\.....@.......
282deded0  80 dd de 82 02 00 00 00 6c 6f 67 00 00 00 00 00  ........log.....
282dedee0  20 f0 5c 81 02 00 00 00 e0 e9 c0 82 02 00 00 00   .\.............
282dedef0  20 de de 82 02 00 00 00 60 93 ec 82 02 00 00 00   .......`.......
282dedf00  00 df 3b 13 3c 2f 00 00 5d 00 98 00 00 00 00 00  ..;.</..].......
282dedf10  00 00 00 00 00 00 00 00 00 00 00 00 00 00 00 00  ................
282dedf20  20 df 3b 13 3c 2f 00 00 e1 01 00 00 00 00 00 00   .;.</..........
282dedf30  01 00 00 80 00 00 00 00 00 00 00 00 00 00 00 00  ................
282dedf40  e0 ba c5 82 02 00 00 00 e7 80 96 ce 3c 6d 6e e1  ............<mn.
282dedf50  a8 13 93 0e 01 00 00 00 00 00 00 00 00 00 00 00  ................
282dedf60  40 e4 de 82 02 00 00 00 16 d9 85 da 30 29 02 00  @...........0)..
282dedf70  70 12 93 0e 01 00 00 00 65 6d 76 2e 63 6f 6d 00  p.......emv.com.
282dedf80  68 a2 d5 07 01 00 00 00 11 00 00 00 10 00 00 00  h...............
282dedf90  c0 dd de 82 02 00 00 00 66 69 6c 6d 69 00 00 00  ........filmi...
282dedfa0  60 df de 82 02 00 00 00 85 ed 98 3f 53 e3 8a 6f  `..........?S..o
282dedfb0  08 12 93 0e 01 00 00 00 90 94 ec 82 02 00 00 00  ................

,	Aweme!0x3ed31e4 this.args1 onLeave 0x171ef6620 0x171ef6620

,	Aweme!0x3ed31e4 this.args2 onLeave 0x104088830             0  1  2  3  4  5  6  7  8  9  A  B  C  D  E  F  0123456789ABCDEF
104088830  a8 00 8a 52 e8 c8 a3 72 e8 02 1f b8 d9 2e 00 d1  ...R...r........
104088840  c6 1a 00 94 08 08 40 f9 01 09 00 91 e0 03 19 aa  ......@.........
104088850  83 1a 00 94 a8 02 5f 38 c8 12 1f 38 a8 12 5f 38  ......_8...8.._8
104088860  c8 62 1f 38 08 00 00 10 03 00 00 14 1f 20 03 d5  .b.8......... ..
104088870  f1 f6 77 ff 1f 20 03 d5 1f 20 03 d5 1f 20 03 d5  ..w.. ... ... ..
104088880  ff 43 01 d1 fd 7b 04 a9 e0 07 00 a9 e2 0f 01 a9  .C...{..........
104088890  e4 17 02 a9 e6 1f 03 a9 04 00 00 94 e1 03 00 aa  ................
1040888a0  21 e0 00 91 20 00 1f d6 ff 43 00 d1 fd 7b 00 a9  !... ....C...{..
1040888b0  e0 07 40 f9 fd 7b 40 a9 ff 43 00 91 c0 03 5f d6  ..@..{@..C...._.
1040888c0  ff 03 01 d1 fd 7b 03 a9 f8 ff ff 17 01 10 00 d4  .....{..........
1040888d0  ff 43 01 91 e6 1f 43 a9 e4 17 42 a9 e2 0f 41 a9  .C....C...B...A.
1040888e0  e0 07 40 a9 fd 7b 44 a9 ff 43 01 91 ff 03 01 d1  ..@..{D..C......
1040888f0  fd 7b 03 a9 e0 07 00 a9 e3 0b 01 a9 e7 1b 02 a9  .{..............
104088900  03 00 00 94 01 d0 00 91 20 00 1f d6 ff 43 00 d1  ........ ....C..
104088910  fd 7b 00 a9 e0 07 40 f9 fd 7b 40 a9 ff 43 00 91  .{....@..{@..C..
104088920  c0 03 5f d6 e3 0b 41 a9 e0 07 40 a9 fd 7b 43 a9  .._...A...@..{C.
104088930  01 10 00 d4 70 47 de 01 f5 ff ff 97 06 20 00 91  ....pG....... ..
104088940  c0 00 1f d6 e3 0b 41 a9 e7 1b 42 a9 e0 07 40 a9  ......A...B...@.
104088950  fd 7b 43 a9 ff 03 01 91 02 00 00 14 f1 f6 77 f0  .{C...........w.
104088960  09 00 00 10 aa 2b 80 52 6a 42 00 b9 0a 2d 80 52  .....+.RjB...-.R
104088970  6a 3e 00 b9 6a 42 40 b9 6b 3e 40 b9 ec 03 00 32  j>..jB@.k>@....2
104088980  4a 31 0a 1b 6b 7d 0b 1b 6c 71 1d 53 8b 01 0b 4b  J1..k}..lq.S...K
104088990  5f 01 0b 6b 40 f0 ff 54 78 06 00 f9 7c 12 00 f9  _..k@..Tx...|...
1040889a0  58 a2 80 52 38 03 a4 72 e8 52 00 b4 c9 52 00 b4  X..R8..r.R...R..
1040889b0  6a 16 80 52 6a 4a 00 b9 4a 20 80 52 6a 46 00 b9  j..RjJ..J .RjF..
1040889c0  6b 4a 40 b9 6c 46 40 b9 6a 02 80 52 9f 61 05 71  kJ@.lF@.j..R.a.q
1040889d0  cc 00 00 54 38 1a 00 94 6c 09 ca 1a 8b ad 0a 1b  ...T8...l.......
1040889e0  4b 00 00 35 ff 03 1a 91 8b 0c 80 52 6b 52 00 b9  K..5.......RkR..
1040889f0  2c 0c 80 52 6c 4e 00 b9 6b 52 40 b9 6d 4e 40 b9  ,..RlN..kR@.mN@.
104088a00  bf c9 04 71 ac 00 00 54 2b 1a 00 94 6d 09 ca 1a  ...q...T+...m...
104088a10  ab ad 0a 1b 8b fe ff 34 0b 00 80 d2 2a 01 08 cb  .......4....*...
104088a20  6d 1a 80 52 4e 06 80 52 6f 02 80 52 50 11 80 52  m..RN..Ro..RP..R
104088a30  31 0a 80 52 80 34 80 52 e1 26 80 52 62 16 80 52  1..R.4.R.&.Rb..R
104088a40  83 27 80 52 07 36 80 52 d5 14 80 52 19 2a 80 52  .'.R.6.R...R.*.R
104088a50  ba 33 80 52 76 0c 80 52 57 2e 80 52 5c 34 80 52  .3.Rv..RW..R\4.R
104088a60  1e 16 80 52 6d 5a 00 b9 6e 56 00 b9 64 5a 40 b9  ...RmZ..nV..dZ@.
104088a70  65 56 40 b9 bf dc 05 71 0c 01 00 54 84 7c 04 1b  eV@....q...T.|..
104088a80  84 74 1e 53 84 10 00 11 85 08 cf 1a a4 90 0f 1b  .t.S............
104088a90  44 00 00 35 ff 0f 26 91 70 62 00 b9 6c 5e 00 b9  D..5..&.pb..l^..
104088aa0  64 62 40 b9 65 5e 40 b9 bf 68 07 71 cb 00 00 54  db@.e^@..h.q...T
104088ab0  84 10 04 1b 84 1c 00 11 85 08 d1 1a a4 90 11 1b  ................
104088ac0  a4 fe ff 34 5f 01 0b eb 20 12 00 54 60 7a 00 b9  ...4_... ..T`z..
104088ad0  61 76 00 b9 64 7a 40 b9 65 76 40 b9 bf f8 07 71  av..dz@.ev@....q
104088ae0  eb 00 00 54 84 10 04 1b 84 1c 00 11 85 08 d1 1a  ...T............
104088af0  a4 90 11 1b 44 00 00 35 ff 03 2b 91 04 69 6b 38  ....D..5..+..ik8
104088b00  62 82 00 b9 63 7e 00 b9 65 82 40 b9 66 7e 40 b9  b...c~..e.@.f~@.
104088b10  df cc 04 71 ec 00 00 54 a5 7c 05 1b a5 74 1e 53  ...q...T.|...t.S
104088b20  a5 10 00 11 a6 08 cf 1a c5 94 0f 1b 65 fe ff 34  ............e..4
104088b30  9f c4 03 71 81 0b 00 54 64 0e 80 52 64 8a 00 b9  ...q...Td..Rd...
104088b40  c4 0d 80 52 64 86 00 b9 64 8a 40 b9 65 86 40 b9  ...Rd...d.@.e.@.
104088b50  e6 03 00 32 84 18 04 1b a5 7c 05 1b a6 70 1d 53  ...2.....|...p.S
104088b60  c5 00 05 4b 9f 00 05 6b 41 00 00 54 ff 0f 34 91  ...K...kA..T..4.
104088b70  04 01 0b 8b 84 04 40 39 67 92 00 b9 75 8e 00 b9  ......@9g...u...
104088b80  65 92 40 b9 66 8e 40 b9 df 5c 02 71 cb 00 00 54  e.@.f.@..\.q...T
104088b90  a5 14 05 1b a5 1c 00 11 a6 08 d1 1a c5 94 11 1b  ................
104088ba0  65 fe ff 34 9f d8 03 71 e1 07 00 54 a4 34 80 52  e..4...q...T.4.R
104088bb0  64 9a 00 b9 a4 3b 80 52 64 96 00 b9 64 9a 40 b9  d....;.Rd...d.@.
104088bc0  65 96 40 b9 bf 10 03 71 eb 00 00 54 84 10 04 1b  e.@....q...T....
104088bd0  84 1c 00 11 85 08 d1 1a a4 90 11 1b 44 00 00 35  ............D..5
104088be0  ff 0b 3e 91 04 01 0b 8b 84 08 40 39 79 a2 00 b9  ..>.......@9y...
104088bf0  7a 9e 00 b9 65 a2 40 b9 66 9e 40 b9 df e4 04 71  z...e.@.f.@....q
104088c00  ec 00 00 54 a5 7c 05 1b a5 74 1e 53 a5 10 00 11  ...T.|...t.S....
104088c10  a6 08 cf 1a c5 94 0f 1b 45 fe ff 34 9f dc 01 71  ........E..4...q
104088c20  21 04 00 54 24 39 80 52 64 aa 00 b9 64 24 80 52  !..T$9.Rd...d$.R

,	Aweme!0x3ed31e4 this.args3 onLeave 0x282dedbda             0  1  2  3  4  5  6  7  8  9  A  B  C  D  E  F  0123456789ABCDEF
282dedbda  00 82 02 00 00 00 e0 db 3b 13 3c 2f 00 00 d9 01  ........;.</....
282dedbea  00 00 02 00 00 00 c0 2b 75 80 02 00 00 00 30 2c  .......+u.....0,
282dedbfa  75 80 02 00 00 00 19 18 aa e5 a1 01 00 00 c0 07  u...............
282dedc0a  00 00 01 00 00 00 41 6c c4 0a 01 00 00 00 13 00  ......Al........
282dedc1a  00 00 00 00 00 00 68 a2 d5 07 01 00 00 00 11 00  ......h.........
282dedc2a  00 00 10 00 00 00 e0 d8 de 82 02 00 00 00 66 69  ..............fi
282dedc3a  6c 6d 00 00 00 00 61 70 69 31 30 30 2d 6e 6f 72  lm....api100-nor
282dedc4a  6d 61 6c 2d 71 75 69 63 2d 6c 71 2e 61 6d 65 6d  mal-quic-lq.amem
282dedc5a  76 2e 63 6f 6d 00 61 70 69 31 30 30 2d 6e 6f 72  v.com.api100-nor
282dedc6a  6d 61 6c 2d 71 75 69 63 2d 6c 71 2e 61 6d 65 6d  mal-quic-lq.amem
282dedc7a  76 2e 63 6f 6d 00 00 00 00 00 00 00 00 00 7c 5b  v.com.........|[
282dedc8a  3f f5 ed 89 a9 32 e8 16 93 0e 01 00 00 00 1f 85  ?....2..........
282dedc9a  61 1e 01 00 00 00 a0 dc 3b 13 3c 2f 00 00 3e 01  a.......;.</..>.
282dedcaa  60 00 00 00 00 00 0a 73 65 73 73 69 6f 6e 5f 69  `......session_i
282dedcba  64 00 00 00 00 00 c0 dc 3b 13 3c 2f 00 00 ae 01  d.......;.</....
282dedcca  6d 61 6c 2d 71 75 69 63 2e 61 6d 65 6d 76 2e 63  mal-quic.amemv.c
282dedcda  6f 6d 00 00 00 00 44 69 67 69 43 65 72 74 20 49  om....DigiCert I
282dedcea  6e 63 00 00 00 00 91 2a 9b 0e 01 00 00 0c 6c 00  nc.....*......l.
282dedcfa  65 00 00 00 00 00 40 d4 c2 82 02 00 00 00 81 c9  e.....@.........
282dedd0a  62 f7 98 e4 8f a2 00 c4 9d 0d 01 00 00 00 23 1b  b.............#.
282dedd1a  e3 b6 02 00 00 00 20 dd 3b 13 3c 2f 00 00 e9 01  ...... .;.</....
282dedd2a  de 82 02 00 00 00 1c 00 00 00 00 00 00 00 20 00  .............. .
282dedd3a  00 00 00 00 00 80 68 a2 d5 07 01 00 00 00 c1 01  ......h.........
282dedd4a  00 00 c0 01 00 00 20 74 43 1f 01 00 00 00 45 47  ...... tC.....EG
282dedd5a  2d 34 00 00 00 00 60 dd 3b 13 3c 2f 00 00 30 01  -4....`.;.</..0.
282dedd6a  90 78 00 00 00 00 01 00 00 80 00 00 00 00 00 00  .x..............
282dedd7a  00 00 00 00 00 00 c0 eb 5c 81 02 00 00 00 c0 de  ........\.......
282dedd8a  de 82 02 00 00 00 a0 de de 82 02 00 00 00 5f 69  .............._i
282dedd9a  64 00 00 00 00 00 a0 dd 3b 13 3c 2f 00 00 56 00  d.......;.</..V.
282deddaa  00 00 00 00 00 00 d8 80 0d 08 01 00 00 00 f8 80  ................
282deddba  0d 08 01 00 00 00 7c a1 53 20 d2 7f b1 5c 05 7e  ......|.S ...\.~
282deddca  20 17 a3 9e f8 40 00 4d 50 45 47 2d 34 20 66 69   ....@.MPEG-4 fi
282deddda  6c 6d 00 00 00 00 e0 dd 3b 13 3c 2f 00 00 e3 01  lm......;.</....
282deddea  98 00 00 00 00 00 00 00 00 00 00 00 00 00 00 00  ................
282deddfa  00 00 00 00 00 00 60 ee 5c 81 02 00 00 00 a0 de  ......`.\.......
282dede0a  de 82 02 00 00 00 40 6b d7 82 02 00 00 00 00 98  ......@k........
282dede1a  0e 82 02 00 00 00 80 ed 5c 81 02 00 00 00 e0 de  ........\.......
282dede2a  de 82 02 00 00 00 40 de de 82 02 00 00 00 00 98  ......@.........
282dede3a  0e 82 02 00 00 00 40 ef 5c 81 02 00 00 00 20 de  ......@.\..... .
282dede4a  de 82 02 00 00 00 c0 de de 82 02 00 00 00 00 00  ................
282dede5a  00 00 00 00 00 00 80 e3 de 82 02 00 00 00 d0 57  ...............W
282dede6a  f1 28 47 e7 8e 99 18 16 93 0e 01 00 00 00 e0 00  .(G.............
282dede7a  00 00 00 00 00 80 91 18 aa e5 a1 01 00 00 84 16  ................
282dede8a  00 00 04 00 00 00 82 77 57 42 00 00 00 00 00 00  .......wWB......
282dede9a  00 00 00 00 00 00 e0 ea 5c 81 02 00 00 00 80 dd  ........\.......
282dedeaa  de 82 02 00 00 00 00 de de 82 02 00 00 00 5f 61  .............._a
282dedeba  74 00 00 00 00 00 a0 ec 5c 81 02 00 00 00 40 de  t.......\.....@.
282dedeca  de 82 02 00 00 00 80 dd de 82 02 00 00 00 6c 6f  ..............lo
282dededa  67 00 00 00 00 00 20 f0 5c 81 02 00 00 00 e0 e9  g..... .\.......
282dedeea  c0 82 02 00 00 00 20 de de 82 02 00 00 00 60 93  ...... .......`.
282dedefa  ec 82 02 00 00 00 00 df 3b 13 3c 2f 00 00 5d 00  ........;.</..].
282dedf0a  98 00 00 00 00 00 00 00 00 00 00 00 00 00 00 00  ................
282dedf1a  00 00 00 00 00 00 20 df 3b 13 3c 2f 00 00 e1 01  ...... .;.</....
282dedf2a  00 00 00 00 00 00 01 00 00 80 00 00 00 00 00 00  ................
282dedf3a  00 00 00 00 00 00 e0 ba c5 82 02 00 00 00 e7 80  ................
282dedf4a  96 ce 3c 6d 6e e1 a8 13 93 0e 01 00 00 00 00 00  ..<mn...........
282dedf5a  00 00 00 00 00 00 40 e4 de 82 02 00 00 00 16 d9  ......@.........
282dedf6a  85 da 30 29 02 00 70 12 93 0e 01 00 00 00 65 6d  ..0)..p.......em
282dedf7a  76 2e 63 6f 6d 00 68 a2 d5 07 01 00 00 00 11 00  v.com.h.........
282dedf8a  00 00 10 00 00 00 c0 dd de 82 02 00 00 00 66 69  ..............fi
282dedf9a  6c 6d 69 00 00 00 60 df de 82 02 00 00 00 85 ed  lmi...`.........
282dedfaa  98 3f 53 e3 8a 6f 08 12 93 0e 01 00 00 00 90 94  .?S..o..........
282dedfba  ec 82 02 00 00 00 68 a2 d5 07 01 00 00 00 e9 03  ......h.........
282dedfca  00 00 e8 03 00 00 b0 0c 44 1f 01 00 00 00 50 45  ........D.....PE

,	Aweme!0x3ed31e4 this.args4 onLeave 0x10408880c             0  1  2  3  4  5  6  7  8  9  A  B  C  D  E  F  0123456789ABCDEF
10408880c  d3 1a 00 94 08 08 40 f9 09 7d 48 d3 c8 72 1f 38  ......@..}H..r.8
10408881c  c9 32 1f 38 ce 1a 00 94 00 08 40 f9 e1 03 1c aa  .2.8......@.....
10408882c  45 0a 00 94 a8 00 8a 52 e8 c8 a3 72 e8 02 1f b8  E......R...r....
10408883c  d9 2e 00 d1 c6 1a 00 94 08 08 40 f9 01 09 00 91  ..........@.....
10408884c  e0 03 19 aa 83 1a 00 94 a8 02 5f 38 c8 12 1f 38  .........._8...8
10408885c  a8 12 5f 38 c8 62 1f 38 08 00 00 10 03 00 00 14  .._8.b.8........
10408886c  1f 20 03 d5 f1 f6 77 ff 1f 20 03 d5 1f 20 03 d5  . ....w.. ... ..
10408887c  1f 20 03 d5 ff 43 01 d1 fd 7b 04 a9 e0 07 00 a9  . ...C...{......
10408888c  e2 0f 01 a9 e4 17 02 a9 e6 1f 03 a9 04 00 00 94  ................
10408889c  e1 03 00 aa 21 e0 00 91 20 00 1f d6 ff 43 00 d1  ....!... ....C..
1040888ac  fd 7b 00 a9 e0 07 40 f9 fd 7b 40 a9 ff 43 00 91  .{....@..{@..C..
1040888bc  c0 03 5f d6 ff 03 01 d1 fd 7b 03 a9 f8 ff ff 17  .._......{......
1040888cc  01 10 00 d4 ff 43 01 91 e6 1f 43 a9 e4 17 42 a9  .....C....C...B.
1040888dc  e2 0f 41 a9 e0 07 40 a9 fd 7b 44 a9 ff 43 01 91  ..A...@..{D..C..
1040888ec  ff 03 01 d1 fd 7b 03 a9 e0 07 00 a9 e3 0b 01 a9  .....{..........
1040888fc  e7 1b 02 a9 03 00 00 94 01 d0 00 91 20 00 1f d6  ............ ...
10408890c  ff 43 00 d1 fd 7b 00 a9 e0 07 40 f9 fd 7b 40 a9  .C...{....@..{@.
10408891c  ff 43 00 91 c0 03 5f d6 e3 0b 41 a9 e0 07 40 a9  .C...._...A...@.
10408892c  fd 7b 43 a9 01 10 00 d4 70 47 de 01 f5 ff ff 97  .{C.....pG......
10408893c  06 20 00 91 c0 00 1f d6 e3 0b 41 a9 e7 1b 42 a9  . ........A...B.
10408894c  e0 07 40 a9 fd 7b 43 a9 ff 03 01 91 02 00 00 14  ..@..{C.........
10408895c  f1 f6 77 f0 09 00 00 10 aa 2b 80 52 6a 42 00 b9  ..w......+.RjB..
10408896c  0a 2d 80 52 6a 3e 00 b9 6a 42 40 b9 6b 3e 40 b9  .-.Rj>..jB@.k>@.
10408897c  ec 03 00 32 4a 31 0a 1b 6b 7d 0b 1b 6c 71 1d 53  ...2J1..k}..lq.S
10408898c  8b 01 0b 4b 5f 01 0b 6b 40 f0 ff 54 78 06 00 f9  ...K_..k@..Tx...
10408899c  7c 12 00 f9 58 a2 80 52 38 03 a4 72 e8 52 00 b4  |...X..R8..r.R..
1040889ac  c9 52 00 b4 6a 16 80 52 6a 4a 00 b9 4a 20 80 52  .R..j..RjJ..J .R
1040889bc  6a 46 00 b9 6b 4a 40 b9 6c 46 40 b9 6a 02 80 52  jF..kJ@.lF@.j..R
1040889cc  9f 61 05 71 cc 00 00 54 38 1a 00 94 6c 09 ca 1a  .a.q...T8...l...
1040889dc  8b ad 0a 1b 4b 00 00 35 ff 03 1a 91 8b 0c 80 52  ....K..5.......R
1040889ec  6b 52 00 b9 2c 0c 80 52 6c 4e 00 b9 6b 52 40 b9  kR..,..RlN..kR@.
1040889fc  6d 4e 40 b9 bf c9 04 71 ac 00 00 54 2b 1a 00 94  mN@....q...T+...
104088a0c  6d 09 ca 1a ab ad 0a 1b 8b fe ff 34 0b 00 80 d2  m..........4....
104088a1c  2a 01 08 cb 6d 1a 80 52 4e 06 80 52 6f 02 80 52  *...m..RN..Ro..R
104088a2c  50 11 80 52 31 0a 80 52 80 34 80 52 e1 26 80 52  P..R1..R.4.R.&.R
104088a3c  62 16 80 52 83 27 80 52 07 36 80 52 d5 14 80 52  b..R.'.R.6.R...R
104088a4c  19 2a 80 52 ba 33 80 52 76 0c 80 52 57 2e 80 52  .*.R.3.Rv..RW..R
104088a5c  5c 34 80 52 1e 16 80 52 6d 5a 00 b9 6e 56 00 b9  \4.R...RmZ..nV..
104088a6c  64 5a 40 b9 65 56 40 b9 bf dc 05 71 0c 01 00 54  dZ@.eV@....q...T
104088a7c  84 7c 04 1b 84 74 1e 53 84 10 00 11 85 08 cf 1a  .|...t.S........
104088a8c  a4 90 0f 1b 44 00 00 35 ff 0f 26 91 70 62 00 b9  ....D..5..&.pb..
104088a9c  6c 5e 00 b9 64 62 40 b9 65 5e 40 b9 bf 68 07 71  l^..db@.e^@..h.q
104088aac  cb 00 00 54 84 10 04 1b 84 1c 00 11 85 08 d1 1a  ...T............
104088abc  a4 90 11 1b a4 fe ff 34 5f 01 0b eb 20 12 00 54  .......4_... ..T
104088acc  60 7a 00 b9 61 76 00 b9 64 7a 40 b9 65 76 40 b9  `z..av..dz@.ev@.
104088adc  bf f8 07 71 eb 00 00 54 84 10 04 1b 84 1c 00 11  ...q...T........
104088aec  85 08 d1 1a a4 90 11 1b 44 00 00 35 ff 03 2b 91  ........D..5..+.
104088afc  04 69 6b 38 62 82 00 b9 63 7e 00 b9 65 82 40 b9  .ik8b...c~..e.@.
104088b0c  66 7e 40 b9 df cc 04 71 ec 00 00 54 a5 7c 05 1b  f~@....q...T.|..
104088b1c  a5 74 1e 53 a5 10 00 11 a6 08 cf 1a c5 94 0f 1b  .t.S............
104088b2c  65 fe ff 34 9f c4 03 71 81 0b 00 54 64 0e 80 52  e..4...q...Td..R
104088b3c  64 8a 00 b9 c4 0d 80 52 64 86 00 b9 64 8a 40 b9  d......Rd...d.@.
104088b4c  65 86 40 b9 e6 03 00 32 84 18 04 1b a5 7c 05 1b  e.@....2.....|..
104088b5c  a6 70 1d 53 c5 00 05 4b 9f 00 05 6b 41 00 00 54  .p.S...K...kA..T
104088b6c  ff 0f 34 91 04 01 0b 8b 84 04 40 39 67 92 00 b9  ..4.......@9g...
104088b7c  75 8e 00 b9 65 92 40 b9 66 8e 40 b9 df 5c 02 71  u...e.@.f.@..\.q
104088b8c  cb 00 00 54 a5 14 05 1b a5 1c 00 11 a6 08 d1 1a  ...T............
104088b9c  c5 94 11 1b 65 fe ff 34 9f d8 03 71 e1 07 00 54  ....e..4...q...T
104088bac  a4 34 80 52 64 9a 00 b9 a4 3b 80 52 64 96 00 b9  .4.Rd....;.Rd...
104088bbc  64 9a 40 b9 65 96 40 b9 bf 10 03 71 eb 00 00 54  d.@.e.@....q...T
104088bcc  84 10 04 1b 84 1c 00 11 85 08 d1 1a a4 90 11 1b  ................
104088bdc  44 00 00 35 ff 0b 3e 91 04 01 0b 8b 84 08 40 39  D..5..>.......@9
104088bec  79 a2 00 b9 7a 9e 00 b9 65 a2 40 b9 66 9e 40 b9  y...z...e.@.f.@.
104088bfc  df e4 04 71 ec 00 00 54 a5 7c 05 1b a5 74 1e 53  ...q...T.|...t.S

,retval onLeave: 0x282dedbc0             0  1  2  3  4  5  6  7  8  9  A  B  C  D  E  F  0123456789ABCDEF
282dedbc0  00 00 00 00 00 00 00 00 00 00 00 00 00 00 00 00  ................
282dedbd0  00 00 00 00 00 00 00 00 00 00 00 82 02 00 00 00  ................
282dedbe0  e0 db 3b 13 3c 2f 00 00 d9 01 00 00 02 00 00 00  ..;.</..........
282dedbf0  c0 2b 75 80 02 00 00 00 30 2c 75 80 02 00 00 00  .+u.....0,u.....
282dedc00  19 18 aa e5 a1 01 00 00 c0 07 00 00 01 00 00 00  ................
282dedc10  41 6c c4 0a 01 00 00 00 13 00 00 00 00 00 00 00  Al..............
282dedc20  68 a2 d5 07 01 00 00 00 11 00 00 00 10 00 00 00  h...............
282dedc30  e0 d8 de 82 02 00 00 00 66 69 6c 6d 00 00 00 00  ........film....
282dedc40  61 70 69 31 30 30 2d 6e 6f 72 6d 61 6c 2d 71 75  api100-normal-qu
282dedc50  69 63 2d 6c 71 2e 61 6d 65 6d 76 2e 63 6f 6d 00  ic-lq.amemv.com.
282dedc60  61 70 69 31 30 30 2d 6e 6f 72 6d 61 6c 2d 71 75  api100-normal-qu
282dedc70  69 63 2d 6c 71 2e 61 6d 65 6d 76 2e 63 6f 6d 00  ic-lq.amemv.com.
282dedc80  00 00 00 00 00 00 00 00 7c 5b 3f f5 ed 89 a9 32  ........|[?....2
282dedc90  e8 16 93 0e 01 00 00 00 1f 85 61 1e 01 00 00 00  ..........a.....
282dedca0  a0 dc 3b 13 3c 2f 00 00 3e 01 60 00 00 00 00 00  ..;.</..>.`.....
282dedcb0  0a 73 65 73 73 69 6f 6e 5f 69 64 00 00 00 00 00  .session_id.....
282dedcc0  c0 dc 3b 13 3c 2f 00 00 ae 01 6d 61 6c 2d 71 75  ..;.</....mal-qu
282dedcd0  69 63 2e 61 6d 65 6d 76 2e 63 6f 6d 00 00 00 00  ic.amemv.com....
282dedce0  44 69 67 69 43 65 72 74 20 49 6e 63 00 00 00 00  DigiCert Inc....
282dedcf0  91 2a 9b 0e 01 00 00 0c 6c 00 65 00 00 00 00 00  .*......l.e.....
282dedd00  40 d4 c2 82 02 00 00 00 81 c9 62 f7 98 e4 8f a2  @.........b.....
282dedd10  00 c4 9d 0d 01 00 00 00 23 1b e3 b6 02 00 00 00  ........#.......
282dedd20  20 dd 3b 13 3c 2f 00 00 e9 01 de 82 02 00 00 00   .;.</..........
282dedd30  1c 00 00 00 00 00 00 00 20 00 00 00 00 00 00 80  ........ .......
282dedd40  68 a2 d5 07 01 00 00 00 c1 01 00 00 c0 01 00 00  h...............
282dedd50  20 74 43 1f 01 00 00 00 45 47 2d 34 00 00 00 00   tC.....EG-4....
282dedd60  60 dd 3b 13 3c 2f 00 00 30 01 90 78 00 00 00 00  `.;.</..0..x....
282dedd70  01 00 00 80 00 00 00 00 00 00 00 00 00 00 00 00  ................
282dedd80  c0 eb 5c 81 02 00 00 00 c0 de de 82 02 00 00 00  ..\.............
282dedd90  a0 de de 82 02 00 00 00 5f 69 64 00 00 00 00 00  ........_id.....
282dedda0  a0 dd 3b 13 3c 2f 00 00 56 00 00 00 00 00 00 00  ..;.</..V.......
282deddb0  d8 80 0d 08 01 00 00 00 f8 80 0d 08 01 00 00 00  ................
282deddc0  7c a1 53 20 d2 7f b1 5c 05 7e 20 17 a3 9e f8 40  |.S ...\.~ ....@
282deddd0  00 4d 50 45 47 2d 34 20 66 69 6c 6d 00 00 00 00  .MPEG-4 film....
282dedde0  e0 dd 3b 13 3c 2f 00 00 e3 01 98 00 00 00 00 00  ..;.</..........
282deddf0  00 00 00 00 00 00 00 00 00 00 00 00 00 00 00 00  ................
282dede00  60 ee 5c 81 02 00 00 00 a0 de de 82 02 00 00 00  `.\.............
282dede10  40 6b d7 82 02 00 00 00 00 98 0e 82 02 00 00 00  @k..............
282dede20  80 ed 5c 81 02 00 00 00 e0 de de 82 02 00 00 00  ..\.............
282dede30  40 de de 82 02 00 00 00 00 98 0e 82 02 00 00 00  @...............
282dede40  40 ef 5c 81 02 00 00 00 20 de de 82 02 00 00 00  @.\..... .......
282dede50  c0 de de 82 02 00 00 00 00 00 00 00 00 00 00 00  ................
282dede60  80 e3 de 82 02 00 00 00 d0 57 f1 28 47 e7 8e 99  .........W.(G...
282dede70  18 16 93 0e 01 00 00 00 e0 00 00 00 00 00 00 80  ................
282dede80  91 18 aa e5 a1 01 00 00 84 16 00 00 04 00 00 00  ................
282dede90  82 77 57 42 00 00 00 00 00 00 00 00 00 00 00 00  .wWB............
282dedea0  e0 ea 5c 81 02 00 00 00 80 dd de 82 02 00 00 00  ..\.............
282dedeb0  00 de de 82 02 00 00 00 5f 61 74 00 00 00 00 00  ........_at.....
282dedec0  a0 ec 5c 81 02 00 00 00 40 de de 82 02 00 00 00  ..\.....@.......
282deded0  80 dd de 82 02 00 00 00 6c 6f 67 00 00 00 00 00  ........log.....
282dedee0  20 f0 5c 81 02 00 00 00 e0 e9 c0 82 02 00 00 00   .\.............
282dedef0  20 de de 82 02 00 00 00 60 93 ec 82 02 00 00 00   .......`.......
282dedf00  00 df 3b 13 3c 2f 00 00 5d 00 98 00 00 00 00 00  ..;.</..].......
282dedf10  00 00 00 00 00 00 00 00 00 00 00 00 00 00 00 00  ................
282dedf20  20 df 3b 13 3c 2f 00 00 e1 01 00 00 00 00 00 00   .;.</..........
282dedf30  01 00 00 80 00 00 00 00 00 00 00 00 00 00 00 00  ................
282dedf40  e0 ba c5 82 02 00 00 00 e7 80 96 ce 3c 6d 6e e1  ............<mn.
282dedf50  a8 13 93 0e 01 00 00 00 00 00 00 00 00 00 00 00  ................
282dedf60  40 e4 de 82 02 00 00 00 16 d9 85 da 30 29 02 00  @...........0)..
282dedf70  70 12 93 0e 01 00 00 00 65 6d 76 2e 63 6f 6d 00  p.......emv.com.
282dedf80  68 a2 d5 07 01 00 00 00 11 00 00 00 10 00 00 00  h...............
282dedf90  c0 dd de 82 02 00 00 00 66 69 6c 6d 69 00 00 00  ........filmi...
282dedfa0  60 df de 82 02 00 00 00 85 ed 98 3f 53 e3 8a 6f  `..........?S..o
282dedfb0  08 12 93 0e 01 00 00 00 90 94 ec 82 02 00 00 00  ................

call Aweme!0x3ed31e4
,	Aweme!0x3ed31e4 this.args0 0x1 0x1

,	Aweme!0x3ed31e4 this.args1 0x5e 0x5e

,	Aweme!0x3ed31e4 this.args2 0x8c 0x8c

,	Aweme!0x3ed31e4 this.args3 0x3a 0x3a

,	Aweme!0x3ed31e4 this.args4 0xc085 0xc085

,	Aweme!0x3ed31e4 this.args0 onLeave 0x1 0x1

,	Aweme!0x3ed31e4 this.args1 onLeave 0x5e 0x5e

,	Aweme!0x3ed31e4 this.args2 onLeave 0x8c 0x8c

,	Aweme!0x3ed31e4 this.args3 onLeave 0x3a 0x3a

,	Aweme!0x3ed31e4 this.args4 onLeave 0xc085 0xc085

,retval onLeave: 0x1 0x1

call Aweme!0x3ed31e4
,	Aweme!0x3ed31e4 this.args0 0x1 0x1

,	Aweme!0x3ed31e4 this.args1 0x5e 0x5e

,	Aweme!0x3ed31e4 this.args2 0x8c 0x8c

,	Aweme!0x3ed31e4 this.args3 0x3a 0x3a

,	Aweme!0x3ed31e4 this.args4 0xc085 0xc085

,	Aweme!0x3ed31e4 this.args0 onLeave 0x1 0x1

,	Aweme!0x3ed31e4 this.args1 onLeave 0x5e 0x5e

,	Aweme!0x3ed31e4 this.args2 onLeave 0x8c 0x8c

,	Aweme!0x3ed31e4 this.args3 onLeave 0x3a 0x3a

,	Aweme!0x3ed31e4 this.args4 onLeave 0xc085 0xc085

,retval onLeave: 0x1 0x1

call Aweme!0x3ed31e4
,	Aweme!0x3ed31e4 this.args0 0x1 0x1

,	Aweme!0x3ed31e4 this.args1 0x5e 0x5e

,	Aweme!0x3ed31e4 this.args2 0x8c 0x8c

,	Aweme!0x3ed31e4 this.args3 0x3a 0x3a

,	Aweme!0x3ed31e4 this.args4 0xc085 0xc085

,	Aweme!0x3ed31e4 this.args0 onLeave 0x1 0x1

,	Aweme!0x3ed31e4 this.args1 onLeave 0x5e 0x5e

,	Aweme!0x3ed31e4 this.args2 onLeave 0x8c 0x8c

,	Aweme!0x3ed31e4 this.args3 onLeave 0x3a 0x3a

,	Aweme!0x3ed31e4 this.args4 onLeave 0xc085 0xc085

,retval onLeave: 0x1 0x1

call Aweme!0x3ed31e4
,	Aweme!0x3ed31e4 this.args0 0x1 0x1

,	Aweme!0x3ed31e4 this.args1 0x5e 0x5e

,	Aweme!0x3ed31e4 this.args2 0x8c 0x8c

,	Aweme!0x3ed31e4 this.args3 0x3a 0x3a

,	Aweme!0x3ed31e4 this.args4 0xc085 0xc085

,	Aweme!0x3ed31e4 this.args0 onLeave 0x1 0x1

,	Aweme!0x3ed31e4 this.args1 onLeave 0x5e 0x5e

,	Aweme!0x3ed31e4 this.args2 onLeave 0x8c 0x8c

,	Aweme!0x3ed31e4 this.args3 onLeave 0x3a 0x3a

,	Aweme!0x3ed31e4 this.args4 onLeave 0xc085 0xc085

,retval onLeave: 0x1 0x1

call Aweme!0x3ed31e4
,	Aweme!0x3ed31e4 this.args0 0x1 0x1

,	Aweme!0x3ed31e4 this.args1 0x5e 0x5e

,	Aweme!0x3ed31e4 this.args2 0x8c 0x8c

,	Aweme!0x3ed31e4 this.args3 0x3a 0x3a

,	Aweme!0x3ed31e4 this.args4 0xc085 0xc085

,	Aweme!0x3ed31e4 this.args0 onLeave 0x1 0x1

,	Aweme!0x3ed31e4 this.args1 onLeave 0x5e 0x5e

,	Aweme!0x3ed31e4 this.args2 onLeave 0x8c 0x8c

,	Aweme!0x3ed31e4 this.args3 onLeave 0x3a 0x3a

,	Aweme!0x3ed31e4 this.args4 onLeave 0xc085 0xc085

,retval onLeave: 0x1 0x1

call Aweme!0x3ed31e4
,	Aweme!0x3ed31e4 this.args0 0x1 0x1

,	Aweme!0x3ed31e4 this.args1 0x5e 0x5e

,	Aweme!0x3ed31e4 this.args2 0x8c 0x8c

,	Aweme!0x3ed31e4 this.args3 0x3a 0x3a

,	Aweme!0x3ed31e4 this.args4 0xc085 0xc085

,	Aweme!0x3ed31e4 this.args0 onLeave 0x1 0x1

,	Aweme!0x3ed31e4 this.args1 onLeave 0x5e 0x5e

,	Aweme!0x3ed31e4 this.args2 onLeave 0x8c 0x8c

,	Aweme!0x3ed31e4 this.args3 onLeave 0x3a 0x3a

,	Aweme!0x3ed31e4 this.args4 onLeave 0xc085 0xc085

,retval onLeave: 0x1 0x1

call Aweme!0x3ed31e4
,	Aweme!0x3ed31e4 this.args0 0x1 0x1

,	Aweme!0x3ed31e4 this.args1 0x5e 0x5e

,	Aweme!0x3ed31e4 this.args2 0x8c 0x8c

,	Aweme!0x3ed31e4 this.args3 0x3a 0x3a

,	Aweme!0x3ed31e4 this.args4 0xc085 0xc085

,	Aweme!0x3ed31e4 this.args0 onLeave 0x1 0x1

,	Aweme!0x3ed31e4 this.args1 onLeave 0x5e 0x5e

,	Aweme!0x3ed31e4 this.args2 onLeave 0x8c 0x8c

,	Aweme!0x3ed31e4 this.args3 onLeave 0x3a 0x3a

,	Aweme!0x3ed31e4 this.args4 onLeave 0xc085 0xc085

,retval onLeave: 0x1 0x1

call Aweme!0x3ed31e4
,	Aweme!0x3ed31e4 this.args0 0x1 0x1

,	Aweme!0x3ed31e4 this.args1 0x5e 0x5e

,	Aweme!0x3ed31e4 this.args2 0x8c 0x8c

,	Aweme!0x3ed31e4 this.args3 0x3a 0x3a

,	Aweme!0x3ed31e4 this.args4 0xc085 0xc085

,	Aweme!0x3ed31e4 this.args0 onLeave 0x1 0x1

,	Aweme!0x3ed31e4 this.args1 onLeave 0x5e 0x5e

,	Aweme!0x3ed31e4 this.args2 onLeave 0x8c 0x8c

,	Aweme!0x3ed31e4 this.args3 onLeave 0x3a 0x3a

,	Aweme!0x3ed31e4 this.args4 onLeave 0xc085 0xc085

,retval onLeave: 0x1 0x1

call Aweme!0x3ed31e4
,	Aweme!0x3ed31e4 this.args0 0x1 0x1

,	Aweme!0x3ed31e4 this.args1 0x5e 0x5e

,	Aweme!0x3ed31e4 this.args2 0x8c 0x8c

,	Aweme!0x3ed31e4 this.args3 0x3a 0x3a

,	Aweme!0x3ed31e4 this.args4 0xc085 0xc085

,	Aweme!0x3ed31e4 this.args0 onLeave 0x1 0x1

,	Aweme!0x3ed31e4 this.args1 onLeave 0x5e 0x5e

,	Aweme!0x3ed31e4 this.args2 onLeave 0x8c 0x8c

,	Aweme!0x3ed31e4 this.args3 onLeave 0x3a 0x3a

,	Aweme!0x3ed31e4 this.args4 onLeave 0xc085 0xc085

,retval onLeave: 0x1 0x1

call Aweme!0x3ed31e4
,	Aweme!0x3ed31e4 this.args0 0x1 0x1

,	Aweme!0x3ed31e4 this.args1 0x5e 0x5e

,	Aweme!0x3ed31e4 this.args2 0x8c 0x8c

,	Aweme!0x3ed31e4 this.args3 0x3a 0x3a

,	Aweme!0x3ed31e4 this.args4 0xc085 0xc085

,	Aweme!0x3ed31e4 this.args0 onLeave 0x1 0x1

,	Aweme!0x3ed31e4 this.args1 onLeave 0x5e 0x5e

,	Aweme!0x3ed31e4 this.args2 onLeave 0x8c 0x8c

,	Aweme!0x3ed31e4 this.args3 onLeave 0x3a 0x3a

,	Aweme!0x3ed31e4 this.args4 onLeave 0xc085 0xc085

,retval onLeave: 0x1 0x1

call Aweme!0x3ed31e4
,	Aweme!0x3ed31e4 this.args0 0x1 0x1

,	Aweme!0x3ed31e4 this.args1 0x5e 0x5e

,	Aweme!0x3ed31e4 this.args2 0x8c 0x8c

,	Aweme!0x3ed31e4 this.args3 0x3a 0x3a

,	Aweme!0x3ed31e4 this.args4 0xc085 0xc085

,	Aweme!0x3ed31e4 this.args0 onLeave 0x1 0x1

,	Aweme!0x3ed31e4 this.args1 onLeave 0x5e 0x5e

,	Aweme!0x3ed31e4 this.args2 onLeave 0x8c 0x8c

,	Aweme!0x3ed31e4 this.args3 onLeave 0x3a 0x3a

,	Aweme!0x3ed31e4 this.args4 onLeave 0xc085 0xc085

,retval onLeave: 0x1 0x1

call Aweme!0x3ed31e4
,	Aweme!0x3ed31e4 this.args0 0x1 0x1

,	Aweme!0x3ed31e4 this.args1 0x5e 0x5e

,	Aweme!0x3ed31e4 this.args2 0x8c 0x8c

,	Aweme!0x3ed31e4 this.args3 0x3a 0x3a

,	Aweme!0x3ed31e4 this.args4 0xc085 0xc085

,	Aweme!0x3ed31e4 this.args0 onLeave 0x1 0x1

,	Aweme!0x3ed31e4 this.args1 onLeave 0x5e 0x5e

,	Aweme!0x3ed31e4 this.args2 onLeave 0x8c 0x8c

,	Aweme!0x3ed31e4 this.args3 onLeave 0x3a 0x3a

,	Aweme!0x3ed31e4 this.args4 onLeave 0xc085 0xc085

,retval onLeave: 0x1 0x1

call Aweme!0x3ed31e4
,	Aweme!0x3ed31e4 this.args0 0x1 0x1

,	Aweme!0x3ed31e4 this.args1 0x5e 0x5e

,	Aweme!0x3ed31e4 this.args2 0x8c 0x8c

,	Aweme!0x3ed31e4 this.args3 0x3a 0x3a

,	Aweme!0x3ed31e4 this.args4 0xc085 0xc085

,	Aweme!0x3ed31e4 this.args0 onLeave 0x1 0x1

,	Aweme!0x3ed31e4 this.args1 onLeave 0x5e 0x5e

,	Aweme!0x3ed31e4 this.args2 onLeave 0x8c 0x8c

,	Aweme!0x3ed31e4 this.args3 onLeave 0x3a 0x3a

,	Aweme!0x3ed31e4 this.args4 onLeave 0xc085 0xc085

,retval onLeave: 0x1 0x1

call Aweme!0x3ed31e4
,	Aweme!0x3ed31e4 this.args0 0x1 0x1

,	Aweme!0x3ed31e4 this.args1 0x5e 0x5e

,	Aweme!0x3ed31e4 this.args2 0x8c 0x8c

,	Aweme!0x3ed31e4 this.args3 0x3a 0x3a

,	Aweme!0x3ed31e4 this.args4 0xc085 0xc085

,	Aweme!0x3ed31e4 this.args0 onLeave 0x1 0x1

,	Aweme!0x3ed31e4 this.args1 onLeave 0x5e 0x5e

,	Aweme!0x3ed31e4 this.args2 onLeave 0x8c 0x8c

,	Aweme!0x3ed31e4 this.args3 onLeave 0x3a 0x3a

,	Aweme!0x3ed31e4 this.args4 onLeave 0xc085 0xc085

,retval onLeave: 0x1 0x1

call Aweme!0x3ed31e4
,	Aweme!0x3ed31e4 this.args0 0x1 0x1

,	Aweme!0x3ed31e4 this.args1 0x5e 0x5e

,	Aweme!0x3ed31e4 this.args2 0x8c 0x8c

,	Aweme!0x3ed31e4 this.args3 0x3a 0x3a

,	Aweme!0x3ed31e4 this.args4 0xc085 0xc085

,	Aweme!0x3ed31e4 this.args0 onLeave 0x1 0x1

,	Aweme!0x3ed31e4 this.args1 onLeave 0x5e 0x5e

,	Aweme!0x3ed31e4 this.args2 onLeave 0x8c 0x8c

,	Aweme!0x3ed31e4 this.args3 onLeave 0x3a 0x3a

,	Aweme!0x3ed31e4 this.args4 onLeave 0xc085 0xc085

,retval onLeave: 0x1 0x1

call Aweme!0x3ed31e4
,	Aweme!0x3ed31e4 this.args0 0x1 0x1

,	Aweme!0x3ed31e4 this.args1 0x5e 0x5e

,	Aweme!0x3ed31e4 this.args2 0x8c 0x8c

,	Aweme!0x3ed31e4 this.args3 0x3a 0x3a

,	Aweme!0x3ed31e4 this.args4 0xc085 0xc085

,	Aweme!0x3ed31e4 this.args0 onLeave 0x1 0x1

,	Aweme!0x3ed31e4 this.args1 onLeave 0x5e 0x5e

,	Aweme!0x3ed31e4 this.args2 onLeave 0x8c 0x8c

,	Aweme!0x3ed31e4 this.args3 onLeave 0x3a 0x3a

,	Aweme!0x3ed31e4 this.args4 onLeave 0xc085 0xc085

,retval onLeave: 0x1 0x1

call Aweme!0x3ed31e4
,	Aweme!0x3ed31e4 this.args0 0x1 0x1

,	Aweme!0x3ed31e4 this.args1 0x5e 0x5e

,	Aweme!0x3ed31e4 this.args2 0x8c 0x8c

,	Aweme!0x3ed31e4 this.args3 0x3a 0x3a

,	Aweme!0x3ed31e4 this.args4 0xc085 0xc085

,	Aweme!0x3ed31e4 this.args0 onLeave 0x1 0x1

,	Aweme!0x3ed31e4 this.args1 onLeave 0x5e 0x5e

,	Aweme!0x3ed31e4 this.args2 onLeave 0x8c 0x8c

,	Aweme!0x3ed31e4 this.args3 onLeave 0x3a 0x3a

,	Aweme!0x3ed31e4 this.args4 onLeave 0xc085 0xc085

,retval onLeave: 0x1 0x1

call Aweme!0x3ed31e4
,	Aweme!0x3ed31e4 this.args0 0x1 0x1

,	Aweme!0x3ed31e4 this.args1 0x5e 0x5e

,	Aweme!0x3ed31e4 this.args2 0x8c 0x8c

,	Aweme!0x3ed31e4 this.args3 0x3a 0x3a

,	Aweme!0x3ed31e4 this.args4 0xc085 0xc085

,	Aweme!0x3ed31e4 this.args0 onLeave 0x1 0x1

,	Aweme!0x3ed31e4 this.args1 onLeave 0x5e 0x5e

,	Aweme!0x3ed31e4 this.args2 onLeave 0x8c 0x8c

,	Aweme!0x3ed31e4 this.args3 onLeave 0x3a 0x3a

,	Aweme!0x3ed31e4 this.args4 onLeave 0xc085 0xc085

,retval onLeave: 0x1 0x1

call Aweme!0x3ed31e4
,	Aweme!0x3ed31e4 this.args0 0x1 0x1

,	Aweme!0x3ed31e4 this.args1 0x5e 0x5e

,	Aweme!0x3ed31e4 this.args2 0x8c 0x8c

,	Aweme!0x3ed31e4 this.args3 0x3a 0x3a

,	Aweme!0x3ed31e4 this.args4 0xc085 0xc085

,	Aweme!0x3ed31e4 this.args0 onLeave 0x1 0x1

,	Aweme!0x3ed31e4 this.args1 onLeave 0x5e 0x5e

,	Aweme!0x3ed31e4 this.args2 onLeave 0x8c 0x8c

,	Aweme!0x3ed31e4 this.args3 onLeave 0x3a 0x3a

,	Aweme!0x3ed31e4 this.args4 onLeave 0xc085 0xc085

,retval onLeave: 0x1 0x1

call Aweme!0x3ed31e4
,	Aweme!0x3ed31e4 this.args0 0x1 0x1

,	Aweme!0x3ed31e4 this.args1 0x5e 0x5e

,	Aweme!0x3ed31e4 this.args2 0x8c 0x8c

,	Aweme!0x3ed31e4 this.args3 0x3a 0x3a

,	Aweme!0x3ed31e4 this.args4 0xc085 0xc085

,	Aweme!0x3ed31e4 this.args0 onLeave 0x1 0x1

,	Aweme!0x3ed31e4 this.args1 onLeave 0x5e 0x5e

,	Aweme!0x3ed31e4 this.args2 onLeave 0x8c 0x8c

,	Aweme!0x3ed31e4 this.args3 onLeave 0x3a 0x3a

,	Aweme!0x3ed31e4 this.args4 onLeave 0xc085 0xc085

,retval onLeave: 0x1 0x1

call Aweme!0x3ed31e4
,	Aweme!0x3ed31e4 this.args0 0x1 0x1

,	Aweme!0x3ed31e4 this.args1 0x5e 0x5e

,	Aweme!0x3ed31e4 this.args2 0x8c 0x8c

,	Aweme!0x3ed31e4 this.args3 0x3a 0x3a

,	Aweme!0x3ed31e4 this.args4 0xc085 0xc085

,	Aweme!0x3ed31e4 this.args0 onLeave 0x1 0x1

,	Aweme!0x3ed31e4 this.args1 onLeave 0x5e 0x5e

,	Aweme!0x3ed31e4 this.args2 onLeave 0x8c 0x8c

,	Aweme!0x3ed31e4 this.args3 onLeave 0x3a 0x3a

,	Aweme!0x3ed31e4 this.args4 onLeave 0xc085 0xc085

,retval onLeave: 0x1 0x1

call Aweme!0x3ed31e4
,	Aweme!0x3ed31e4 this.args0 0x1 0x1

,	Aweme!0x3ed31e4 this.args1 0x5e 0x5e

,	Aweme!0x3ed31e4 this.args2 0x8c 0x8c

,	Aweme!0x3ed31e4 this.args3 0x3a 0x3a

,	Aweme!0x3ed31e4 this.args4 0xc085 0xc085

,	Aweme!0x3ed31e4 this.args0 onLeave 0x1 0x1

,	Aweme!0x3ed31e4 this.args1 onLeave 0x5e 0x5e

,	Aweme!0x3ed31e4 this.args2 onLeave 0x8c 0x8c

,	Aweme!0x3ed31e4 this.args3 onLeave 0x3a 0x3a

,	Aweme!0x3ed31e4 this.args4 onLeave 0xc085 0xc085

,retval onLeave: 0x1 0x1

call Aweme!0x3ed31e4
,	Aweme!0x3ed31e4 this.args0 0x1 0x1

,	Aweme!0x3ed31e4 this.args1 0x5e 0x5e

,	Aweme!0x3ed31e4 this.args2 0x8c 0x8c

,	Aweme!0x3ed31e4 this.args3 0x3a 0x3a

,	Aweme!0x3ed31e4 this.args4 0xc085 0xc085

,	Aweme!0x3ed31e4 this.args0 onLeave 0x1 0x1

,	Aweme!0x3ed31e4 this.args1 onLeave 0x5e 0x5e

,	Aweme!0x3ed31e4 this.args2 onLeave 0x8c 0x8c

,	Aweme!0x3ed31e4 this.args3 onLeave 0x3a 0x3a

,	Aweme!0x3ed31e4 this.args4 onLeave 0xc085 0xc085

,retval onLeave: 0x1 0x1

call Aweme!0x3ed31e4
,	Aweme!0x3ed31e4 this.args0 0x1 0x1

,	Aweme!0x3ed31e4 this.args1 0x5e 0x5e

,	Aweme!0x3ed31e4 this.args2 0x8c 0x8c

,	Aweme!0x3ed31e4 this.args3 0x3a 0x3a

,	Aweme!0x3ed31e4 this.args4 0xc085 0xc085

,	Aweme!0x3ed31e4 this.args0 onLeave 0x1 0x1

,	Aweme!0x3ed31e4 this.args1 onLeave 0x5e 0x5e

,	Aweme!0x3ed31e4 this.args2 onLeave 0x8c 0x8c

,	Aweme!0x3ed31e4 this.args3 onLeave 0x3a 0x3a

,	Aweme!0x3ed31e4 this.args4 onLeave 0xc085 0xc085

,retval onLeave: 0x1 0x1

call Aweme!0x3ed31e4
,	Aweme!0x3ed31e4 this.args0 0x1 0x1

,	Aweme!0x3ed31e4 this.args1 0x5e 0x5e

,	Aweme!0x3ed31e4 this.args2 0x8c 0x8c

,	Aweme!0x3ed31e4 this.args3 0x3a 0x3a

,	Aweme!0x3ed31e4 this.args4 0xc085 0xc085

,	Aweme!0x3ed31e4 this.args0 onLeave 0x1 0x1

,	Aweme!0x3ed31e4 this.args1 onLeave 0x5e 0x5e

,	Aweme!0x3ed31e4 this.args2 onLeave 0x8c 0x8c

,	Aweme!0x3ed31e4 this.args3 onLeave 0x3a 0x3a

,	Aweme!0x3ed31e4 this.args4 onLeave 0xc085 0xc085

,retval onLeave: 0x1 0x1

call Aweme!0x3ed31e4
,	Aweme!0x3ed31e4 this.args0 0x1 0x1

,	Aweme!0x3ed31e4 this.args1 0x5e 0x5e

,	Aweme!0x3ed31e4 this.args2 0x8c 0x8c

,	Aweme!0x3ed31e4 this.args3 0x3a 0x3a

,	Aweme!0x3ed31e4 this.args4 0xc085 0xc085

,	Aweme!0x3ed31e4 this.args0 onLeave 0x1 0x1

,	Aweme!0x3ed31e4 this.args1 onLeave 0x5e 0x5e

,	Aweme!0x3ed31e4 this.args2 onLeave 0x8c 0x8c

,	Aweme!0x3ed31e4 this.args3 onLeave 0x3a 0x3a

,	Aweme!0x3ed31e4 this.args4 onLeave 0xc085 0xc085

,retval onLeave: 0x1 0x1

call Aweme!0x3ed31e4
,	Aweme!0x3ed31e4 this.args0 0x1 0x1

,	Aweme!0x3ed31e4 this.args1 0x5e 0x5e

,	Aweme!0x3ed31e4 this.args2 0x8c 0x8c

,	Aweme!0x3ed31e4 this.args3 0x3a 0x3a

,	Aweme!0x3ed31e4 this.args4 0xc085 0xc085

,	Aweme!0x3ed31e4 this.args0 onLeave 0x1 0x1

,	Aweme!0x3ed31e4 this.args1 onLeave 0x5e 0x5e

,	Aweme!0x3ed31e4 this.args2 onLeave 0x8c 0x8c

,	Aweme!0x3ed31e4 this.args3 onLeave 0x3a 0x3a

,	Aweme!0x3ed31e4 this.args4 onLeave 0xc085 0xc085

,retval onLeave: 0x1 0x1

call Aweme!0x3ed31e4
,	Aweme!0x3ed31e4 this.args0 0x1 0x1

,	Aweme!0x3ed31e4 this.args1 0x5e 0x5e

,	Aweme!0x3ed31e4 this.args2 0x8c 0x8c

,	Aweme!0x3ed31e4 this.args3 0x3a 0x3a

,	Aweme!0x3ed31e4 this.args4 0xc085 0xc085

,	Aweme!0x3ed31e4 this.args0 onLeave 0x1 0x1

,	Aweme!0x3ed31e4 this.args1 onLeave 0x5e 0x5e

,	Aweme!0x3ed31e4 this.args2 onLeave 0x8c 0x8c

,	Aweme!0x3ed31e4 this.args3 onLeave 0x3a 0x3a

,	Aweme!0x3ed31e4 this.args4 onLeave 0xc085 0xc085

,retval onLeave: 0x1 0x1

call Aweme!0x3ed31e4
,	Aweme!0x3ed31e4 this.args0 0x1 0x1

,	Aweme!0x3ed31e4 this.args1 0x5e 0x5e

,	Aweme!0x3ed31e4 this.args2 0x8c 0x8c

,	Aweme!0x3ed31e4 this.args3 0x3a 0x3a

,	Aweme!0x3ed31e4 this.args4 0xc085 0xc085

,	Aweme!0x3ed31e4 this.args0 onLeave 0x1 0x1

,	Aweme!0x3ed31e4 this.args1 onLeave 0x5e 0x5e

,	Aweme!0x3ed31e4 this.args2 onLeave 0x8c 0x8c

,	Aweme!0x3ed31e4 this.args3 onLeave 0x3a 0x3a

,	Aweme!0x3ed31e4 this.args4 onLeave 0xc085 0xc085

,retval onLeave: 0x1 0x1

call Aweme!0x3ed31e4
,	Aweme!0x3ed31e4 this.args0 0x1 0x1

,	Aweme!0x3ed31e4 this.args1 0x5e 0x5e

,	Aweme!0x3ed31e4 this.args2 0x8c 0x8c

,	Aweme!0x3ed31e4 this.args3 0x3a 0x3a

,	Aweme!0x3ed31e4 this.args4 0xc085 0xc085

,	Aweme!0x3ed31e4 this.args0 onLeave 0x1 0x1

,	Aweme!0x3ed31e4 this.args1 onLeave 0x5e 0x5e

,	Aweme!0x3ed31e4 this.args2 onLeave 0x8c 0x8c

,	Aweme!0x3ed31e4 this.args3 onLeave 0x3a 0x3a

,	Aweme!0x3ed31e4 this.args4 onLeave 0xc085 0xc085

,retval onLeave: 0x1 0x1

call Aweme!0x3ed31e4
,	Aweme!0x3ed31e4 this.args0 0x1 0x1

,	Aweme!0x3ed31e4 this.args1 0x5e 0x5e

,	Aweme!0x3ed31e4 this.args2 0x8c 0x8c

,	Aweme!0x3ed31e4 this.args3 0x3a 0x3a

,	Aweme!0x3ed31e4 this.args4 0xc085 0xc085

,	Aweme!0x3ed31e4 this.args0 onLeave 0x1 0x1

,	Aweme!0x3ed31e4 this.args1 onLeave 0x5e 0x5e

,	Aweme!0x3ed31e4 this.args2 onLeave 0x8c 0x8c

,	Aweme!0x3ed31e4 this.args3 onLeave 0x3a 0x3a

,	Aweme!0x3ed31e4 this.args4 onLeave 0xc085 0xc085

,retval onLeave: 0x1 0x1

call Aweme!0x3ed31e4
,	Aweme!0x3ed31e4 this.args0 0x1 0x1

,	Aweme!0x3ed31e4 this.args1 0x5e 0x5e

,	Aweme!0x3ed31e4 this.args2 0x8c 0x8c

,	Aweme!0x3ed31e4 this.args3 0x3a 0x3a

,	Aweme!0x3ed31e4 this.args4 0xc085 0xc085

,	Aweme!0x3ed31e4 this.args0 onLeave 0x1 0x1

,	Aweme!0x3ed31e4 this.args1 onLeave 0x5e 0x5e

,	Aweme!0x3ed31e4 this.args2 onLeave 0x8c 0x8c

,	Aweme!0x3ed31e4 this.args3 onLeave 0x3a 0x3a

,	Aweme!0x3ed31e4 this.args4 onLeave 0xc085 0xc085

,retval onLeave: 0x1 0x1

call Aweme!0x3ed31e4
,	Aweme!0x3ed31e4 this.args0 0x1 0x1

,	Aweme!0x3ed31e4 this.args1 0x5e 0x5e

,	Aweme!0x3ed31e4 this.args2 0x8c 0x8c

,	Aweme!0x3ed31e4 this.args3 0x3a 0x3a

,	Aweme!0x3ed31e4 this.args4 0xc085 0xc085

,	Aweme!0x3ed31e4 this.args0 onLeave 0x1 0x1

,	Aweme!0x3ed31e4 this.args1 onLeave 0x5e 0x5e

,	Aweme!0x3ed31e4 this.args2 onLeave 0x8c 0x8c

,	Aweme!0x3ed31e4 this.args3 onLeave 0x3a 0x3a

,	Aweme!0x3ed31e4 this.args4 onLeave 0xc085 0xc085

,retval onLeave: 0x1 0x1

call Aweme!0x3ed31e4
,	Aweme!0x3ed31e4 this.args0 0x1 0x1

,	Aweme!0x3ed31e4 this.args1 0x5e 0x5e

,	Aweme!0x3ed31e4 this.args2 0x8c 0x8c

,	Aweme!0x3ed31e4 this.args3 0x3a 0x3a

,	Aweme!0x3ed31e4 this.args4 0xc085 0xc085

,	Aweme!0x3ed31e4 this.args0 onLeave 0x1 0x1

,	Aweme!0x3ed31e4 this.args1 onLeave 0x5e 0x5e

,	Aweme!0x3ed31e4 this.args2 onLeave 0x8c 0x8c

,	Aweme!0x3ed31e4 this.args3 onLeave 0x3a 0x3a

,	Aweme!0x3ed31e4 this.args4 onLeave 0xc085 0xc085

,retval onLeave: 0x1 0x1

call Aweme!0x3ed31e4
,	Aweme!0x3ed31e4 this.args0 0x1 0x1

,	Aweme!0x3ed31e4 this.args1 0x5e 0x5e

,	Aweme!0x3ed31e4 this.args2 0x8c 0x8c

,	Aweme!0x3ed31e4 this.args3 0x3a 0x3a

,	Aweme!0x3ed31e4 this.args4 0xc085 0xc085

,	Aweme!0x3ed31e4 this.args0 onLeave 0x1 0x1

,	Aweme!0x3ed31e4 this.args1 onLeave 0x5e 0x5e

,	Aweme!0x3ed31e4 this.args2 onLeave 0x8c 0x8c

,	Aweme!0x3ed31e4 this.args3 onLeave 0x3a 0x3a

,	Aweme!0x3ed31e4 this.args4 onLeave 0xc085 0xc085

,retval onLeave: 0x1 0x1

call Aweme!0x3ed31e4
,	Aweme!0x3ed31e4 this.args0 0x1 0x1

,	Aweme!0x3ed31e4 this.args1 0x5e 0x5e

,	Aweme!0x3ed31e4 this.args2 0x8c 0x8c

,	Aweme!0x3ed31e4 this.args3 0x3a 0x3a

,	Aweme!0x3ed31e4 this.args4 0xc085 0xc085

,	Aweme!0x3ed31e4 this.args0 onLeave 0x1 0x1

,	Aweme!0x3ed31e4 this.args1 onLeave 0x5e 0x5e

,	Aweme!0x3ed31e4 this.args2 onLeave 0x8c 0x8c

,	Aweme!0x3ed31e4 this.args3 onLeave 0x3a 0x3a

,	Aweme!0x3ed31e4 this.args4 onLeave 0xc085 0xc085

,retval onLeave: 0x1 0x1

call Aweme!0x3ed31e4
,	Aweme!0x3ed31e4 this.args0 0x1 0x1

,	Aweme!0x3ed31e4 this.args1 0x5e 0x5e

,	Aweme!0x3ed31e4 this.args2 0x8c 0x8c

,	Aweme!0x3ed31e4 this.args3 0x3a 0x3a

,	Aweme!0x3ed31e4 this.args4 0xc085 0xc085

,	Aweme!0x3ed31e4 this.args0 onLeave 0x1 0x1

,	Aweme!0x3ed31e4 this.args1 onLeave 0x5e 0x5e

,	Aweme!0x3ed31e4 this.args2 onLeave 0x8c 0x8c

,	Aweme!0x3ed31e4 this.args3 onLeave 0x3a 0x3a

,	Aweme!0x3ed31e4 this.args4 onLeave 0xc085 0xc085

,retval onLeave: 0x1 0x1

call Aweme!0x3ed31e4
,	Aweme!0x3ed31e4 this.args0 0x1 0x1

,	Aweme!0x3ed31e4 this.args1 0x5e 0x5e

,	Aweme!0x3ed31e4 this.args2 0x8c 0x8c

,	Aweme!0x3ed31e4 this.args3 0x3a 0x3a

,	Aweme!0x3ed31e4 this.args4 0xc085 0xc085

,	Aweme!0x3ed31e4 this.args0 onLeave 0x1 0x1

,	Aweme!0x3ed31e4 this.args1 onLeave 0x5e 0x5e

,	Aweme!0x3ed31e4 this.args2 onLeave 0x8c 0x8c

,	Aweme!0x3ed31e4 this.args3 onLeave 0x3a 0x3a

,	Aweme!0x3ed31e4 this.args4 onLeave 0xc085 0xc085

,retval onLeave: 0x1 0x1

call Aweme!0x3ed31e4
,	Aweme!0x3ed31e4 this.args0 0x1 0x1

,	Aweme!0x3ed31e4 this.args1 0x5e 0x5e

,	Aweme!0x3ed31e4 this.args2 0x8c 0x8c

,	Aweme!0x3ed31e4 this.args3 0x3a 0x3a

,	Aweme!0x3ed31e4 this.args4 0xc085 0xc085

,	Aweme!0x3ed31e4 this.args0 onLeave 0x1 0x1

,	Aweme!0x3ed31e4 this.args1 onLeave 0x5e 0x5e

,	Aweme!0x3ed31e4 this.args2 onLeave 0x8c 0x8c

,	Aweme!0x3ed31e4 this.args3 onLeave 0x3a 0x3a

,	Aweme!0x3ed31e4 this.args4 onLeave 0xc085 0xc085

,retval onLeave: 0x1 0x1

call Aweme!0x3ed31e4
,	Aweme!0x3ed31e4 this.args0 0x1 0x1

,	Aweme!0x3ed31e4 this.args1 0x5e 0x5e

,	Aweme!0x3ed31e4 this.args2 0x8c 0x8c

,	Aweme!0x3ed31e4 this.args3 0x3a 0x3a

,	Aweme!0x3ed31e4 this.args4 0xc085 0xc085

,	Aweme!0x3ed31e4 this.args0 onLeave 0x1 0x1

,	Aweme!0x3ed31e4 this.args1 onLeave 0x5e 0x5e

,	Aweme!0x3ed31e4 this.args2 onLeave 0x8c 0x8c

,	Aweme!0x3ed31e4 this.args3 onLeave 0x3a 0x3a

,	Aweme!0x3ed31e4 this.args4 onLeave 0xc085 0xc085

,retval onLeave: 0x1 0x1

call Aweme!0x3ed31e4
,	Aweme!0x3ed31e4 this.args0 0x1 0x1

,	Aweme!0x3ed31e4 this.args1 0x5e 0x5e

,	Aweme!0x3ed31e4 this.args2 0x8c 0x8c

,	Aweme!0x3ed31e4 this.args3 0x3a 0x3a

,	Aweme!0x3ed31e4 this.args4 0xc085 0xc085

,	Aweme!0x3ed31e4 this.args0 onLeave 0x1 0x1

,	Aweme!0x3ed31e4 this.args1 onLeave 0x5e 0x5e

,	Aweme!0x3ed31e4 this.args2 onLeave 0x8c 0x8c

,	Aweme!0x3ed31e4 this.args3 onLeave 0x3a 0x3a

,	Aweme!0x3ed31e4 this.args4 onLeave 0xc085 0xc085

,retval onLeave: 0x1 0x1

call Aweme!0x3ed31e4
,	Aweme!0x3ed31e4 this.args0 0x1 0x1

,	Aweme!0x3ed31e4 this.args1 0x5e 0x5e

,	Aweme!0x3ed31e4 this.args2 0x8c 0x8c

,	Aweme!0x3ed31e4 this.args3 0x3a 0x3a

,	Aweme!0x3ed31e4 this.args4 0xc085 0xc085

,	Aweme!0x3ed31e4 this.args0 onLeave 0x1 0x1

,	Aweme!0x3ed31e4 this.args1 onLeave 0x5e 0x5e

,	Aweme!0x3ed31e4 this.args2 onLeave 0x8c 0x8c

,	Aweme!0x3ed31e4 this.args3 onLeave 0x3a 0x3a

,	Aweme!0x3ed31e4 this.args4 onLeave 0xc085 0xc085

,retval onLeave: 0x1 0x1

call Aweme!0x3ed31e4
,	Aweme!0x3ed31e4 this.args0 0x1 0x1

,	Aweme!0x3ed31e4 this.args1 0x5e 0x5e

,	Aweme!0x3ed31e4 this.args2 0x8c 0x8c

,	Aweme!0x3ed31e4 this.args3 0x3a 0x3a

,	Aweme!0x3ed31e4 this.args4 0xc085 0xc085

,	Aweme!0x3ed31e4 this.args0 onLeave 0x1 0x1

,	Aweme!0x3ed31e4 this.args1 onLeave 0x5e 0x5e

,	Aweme!0x3ed31e4 this.args2 onLeave 0x8c 0x8c

,	Aweme!0x3ed31e4 this.args3 onLeave 0x3a 0x3a

,	Aweme!0x3ed31e4 this.args4 onLeave 0xc085 0xc085

,retval onLeave: 0x1 0x1

