AwemeModuleBase:0x1066b34f0
arg1 https://search3-search-lf.amemv.com/aweme/v1/search/item/?caid1=0803bffc8815b9f02c08f48f95c1008c&tma_jssdk_version=2.1.0.2&minor_status=0&ac=WIFI&appTheme=dark&is_vcd=1&keyword=%E7%8E%8B%E4%B8%80%E5%8D%9A&video_cover_shrink=372_496&enter_from=homepage_hot&sort_type=0&backtrace=M7U2PfbCPC7qlX46ow2D73foIbuD7zG%2BTODCT48wHI74oC1dlQVm4omXMt%2BkHUSKjMf5EJvWyjt3jVKDb%2FBylQ%3D%3D&count=12&is_filter_search=0&user_avatar_shrink=64_64&source=video_search&query_correct_type=1&rs_word_count=5&offset=0&search_source=normal_search&publish_time=0&hot_search=0&aid=1128&app_name=aweme&app_version=14.8.0&build_number=148013&cdid=FEDA96DE-E849-4E15-99C9-66CD61F50ADD&channel=App%20Store&device_id=4169787388733342&device_platform=iphone&device_type=iPhone9,1&idfa=322127EF-8E4E-48E9-98E0-99ACBDC85525&iid=2955926580500413&js_sdk_version=1.99.0.3&mcc_mnc=&openudid=a4cb7b4ade7c5e8e6c90cf8f892aafe6c64c73d1&os_api=18&os_version=13.3.1&screen_width=750&version_code=14.8.0&vid=25AD3C98-7CA5-4B2E-9B39-9BAEFC31BBD2
arg2 {
    "User-Agent" = "Aweme 14.8.0 rv:148013 (iPhone; iOS 13.3.1; zh_CN) Cronet";
    "x-common-params-v2" = "aid=1128&app_name=aweme&app_version=14.8.0&build_number=148013&cdid=FEDA96DE-E849-4E15-99C9-66CD61F50ADD&channel=App%20Store&device_id=4169787388733342&device_platform=iphone&device_type=iPhone9,1&idfa=322127EF-8E4E-48E9-98E0-99ACBDC85525&iid=2955926580500413&js_sdk_version=1.99.0.3&mcc_mnc=&openudid=a4cb7b4ade7c5e8e6c90cf8f892aafe6c64c73d1&os_api=18&os_version=13.3.1&screen_width=750&version_code=14.8.0&vid=25AD3C98-7CA5-4B2E-9B39-9BAEFC31BBD2";
    "x-tt-token" = "003c4774314c4f83d0177a0ae886f5a6f50056cb8fc53fa60c3b0bf88596c762fc922f46798e27276d911e99fde0203a46a8df6837c3279998eaaccf63df5e59c34fb9458bd8d9b17fd1ecf392c2a6fc08649f8411f4295761fc95f3fe46affde27ce-1.0.1";
}
call Aweme!0x3e71268
,	Aweme!0x3e71268 this.args0 0x281e00ba0             0  1  2  3  4  5  6  7  8  9  A  B  C  D  E  F  0123456789ABCDEF
281e00ba0  00 00 00 00 00 00 00 00 1d 01 60 00 00 00 00 00  ..........`.....
281e00bb0  0b 66 69 6c 6d 20 4d 50 45 47 2d 34 00 00 00 00  .film MPEG-4....
281e00bc0  2f 61 70 69 33 2d 63 6f 72 65 2d 63 2d 6c 71 2e  /api3-core-c-lq.
281e00bd0  61 6d 65 6d 76 2e 63 6f 6d 3a 34 34 33 00 00 00  amemv.com:443...
281e00be0  68 62 38 0a 01 00 00 00 35 00 00 00 34 00 00 00  hb8.....5...4...
281e00bf0  c0 0a 73 80 02 00 00 00 6d 6f 76 69 65 00 00 00  ..s.....movie...
281e00c00  00 03 03 03 03 03 03 03 03 03 03 03 03 03 03 03  ................
281e00c10  03 03 04 42 00 00 00 00 00 00 00 00 00 00 00 00  ...B............
281e00c20  20 0c 9b b9 19 da 00 00 eb 00 60 00 00 00 00 00   .........`.....
281e00c30  0c 4d 50 45 47 2d 34 20 66 69 6c 6d 69 00 00 00  .MPEG-4 filmi...
281e00c40  90 27 d1 82 02 00 00 00 90 27 d1 82 02 00 00 00  .'.......'......
281e00c50  e0 b7 bf 83 02 00 00 00 00 00 00 00 00 00 00 00  ................
281e00c60  60 0c 9b b9 19 da 00 00 1c 01 1d 83 02 00 00 00  `...............
281e00c70  00 e9 1d 83 02 00 00 00 80 e9 1d 83 02 00 00 00  ................
281e00c80  19 18 aa e5 a1 01 00 00 a8 07 00 00 01 00 00 00  ................
281e00c90  30 28 d1 81 02 00 00 00 0c 00 00 00 00 00 00 00  0(..............
281e00ca0  a0 0c 9b b9 19 da 00 00 11 01 34 82 02 00 00 00  ..........4.....
281e00cb0  00 81 34 82 02 00 00 00 00 82 34 82 02 00 00 00  ..4.......4.....
281e00cc0  c0 0c 9b b9 19 da 00 00 c5 01 00 00 00 00 00 00  ................
281e00cd0  00 00 00 00 00 00 00 00 00 00 00 00 00 00 00 00  ................
281e00ce0  e0 fb e0 81 02 00 00 00 4b dc 27 62 77 1c 89 f1  ........K.'bw...
281e00cf0  00 36 3b 11 01 00 00 00 08 07 00 00 00 00 00 00  .6;.............
281e00d00  70 3b 3a 0a 01 00 00 00 00 60 2c 11 01 00 00 00  p;:......`,.....
281e00d10  00 00 00 00 00 00 00 00 6d 76 2e 63 6f 6d 00 00  ........mv.com..
281e00d20  77 65 62 63 61 73 74 33 2d 6e 6f 72 6d 61 6c 2d  webcast3-normal-
281e00d30  63 2d 68 6c 2e 61 6d 65 6d 76 2e 63 6f 6d 00 00  c-hl.amemv.com..
281e00d40  40 0d 9b b9 19 da 00 00 89 00 00 00 00 00 00 00  @...............
281e00d50  00 00 00 00 00 00 00 00 00 00 00 00 00 00 00 00  ................
281e00d60  60 0d 9b b9 19 da 00 00 92 01 00 00 02 00 00 00  `...............
281e00d70  00 c2 34 82 02 00 00 00 00 c3 34 82 02 00 00 00  ..4.......4.....
281e00d80  80 0d 9b b9 19 da 00 00 ca 00 ff ff ff ff ff 03  ................
281e00d90  85 82 ee 0c 01 00 00 04 00 00 00 00 00 00 00 00  ................
281e00da0  a0 0d 9b b9 19 da 00 00 23 01 00 00 00 00 00 00  ........#.......
281e00db0  d4 95 4d 0c 9d 2e 5b b0 d3 95 7d 49 9e 2e 5b b0  ..M...[...}I..[.
281e00dc0  77 65 62 63 61 73 74 35 2d 6e 6f 72 6d 61 6c 2d  webcast5-normal-
281e00dd0  63 2d 68 6c 2e 61 6d 65 6d 76 2e 63 6f 6d 00 00  c-hl.amemv.com..
281e00de0  e0 0d 9b b9 19 da 00 00 21 01 34 82 02 00 00 00  ........!.4.....
281e00df0  00 58 34 82 02 00 00 00 00 59 34 82 02 00 00 00  .X4......Y4.....
281e00e00  77 65 62 63 61 73 74 35 2d 6e 6f 72 6d 61 6c 2d  webcast5-normal-
281e00e10  63 2d 68 6c 2e 61 6d 65 6d 76 2e 63 6f 6d 00 00  c-hl.amemv.com..
281e00e20  20 0e 9b b9 19 da 00 00 7a 00 00 00 00 00 00 00   .......z.......
281e00e30  00 00 00 00 00 00 00 00 00 00 00 00 00 00 00 00  ................
281e00e40  40 0e 9b b9 19 da 00 00 7c 00 00 00 00 00 00 00  @.......|.......
281e00e50  00 00 00 00 00 00 00 00 00 00 00 00 00 00 00 00  ................
281e00e60  60 0e 9b b9 19 da 00 00 81 00 00 00 00 00 00 00  `...............
281e00e70  00 00 00 00 00 00 00 00 00 00 00 00 00 00 00 00  ................
281e00e80  80 0e 9b b9 19 da 00 00 72 00 98 00 00 00 00 00  ........r.......
281e00e90  00 00 00 00 00 00 00 00 00 00 00 00 00 00 00 00  ................
281e00ea0  a0 0e 9b b9 19 da 00 00 94 01 00 00 00 00 00 00  ................
281e00eb0  00 00 00 00 00 00 00 00 00 00 00 00 00 00 00 00  ................
281e00ec0  c0 0e 9b b9 19 da 00 00 75 00 00 00 00 00 00 00  ........u.......
281e00ed0  00 00 00 00 00 00 00 00 00 00 00 00 00 00 00 00  ................
281e00ee0  e0 0e 9b b9 19 da 00 00 4f 00 00 00 00 00 00 00  ........O.......
281e00ef0  00 00 00 00 00 00 00 00 00 00 00 00 00 00 00 00  ................
281e00f00  00 0f 9b b9 19 da 00 00 41 01 00 00 00 00 00 00  ........A.......
281e00f10  00 00 00 00 00 00 00 00 00 00 00 00 00 00 00 00  ................
281e00f20  20 0f 9b b9 19 da 00 00 73 00 98 00 00 00 00 00   .......s.......
281e00f30  00 00 00 00 00 00 00 00 00 00 00 00 00 00 00 00  ................
281e00f40  40 0f 9b b9 19 da 00 00 d7 00 00 00 00 00 00 00  @...............
281e00f50  00 00 00 00 00 00 00 00 00 00 00 00 00 00 00 00  ................
281e00f60  60 0f 9b b9 19 da 00 00 78 00 98 00 00 00 00 00  `.......x.......
281e00f70  00 00 00 00 00 00 00 00 00 00 00 00 00 00 00 00  ................
281e00f80  80 0f 9b b9 19 da 00 00 77 00 98 00 00 00 00 00  ........w.......
281e00f90  00 00 00 00 00 00 00 00 00 00 00 00 00 00 00 00  ................

,	Aweme!0x3e71268 this.args1 0x281d12340             0  1  2  3  4  5  6  7  8  9  A  B  C  D  E  F  0123456789ABCDEF
281d12340  58 2d 4b 68 72 6f 6e 6f 73 00 00 00 00 00 00 00  X-Khronos.......
281d12350  50 23 aa b9 19 da 00 00 80 02 73 80 02 00 00 00  P#........s.....
281d12360  01 00 00 00 00 00 00 00 2c 02 44 0a 01 00 00 00  ........,.D.....
281d12370  00 03 03 03 03 03 03 03 03 03 04 0f 01 00 00 00  ................
281d12380  a0 af bf 83 02 00 00 00 00 b0 bf 83 02 00 00 00  ................
281d12390  70 43 85 82 02 00 00 00 00 00 00 00 00 00 00 00  pC..............
281d123a0  a0 f2 b2 83 02 00 00 00 00 f3 b2 83 02 00 00 00  ................
281d123b0  00 03 03 03 03 03 03 03 03 03 04 0f 01 00 00 00  ................
281d123c0  00 03 03 03 03 03 03 03 03 03 04 0f 01 00 00 00  ................
281d123d0  00 03 03 03 03 03 03 03 03 03 04 03 01 00 00 00  ................
281d123e0  00 03 03 03 03 03 03 03 03 03 04 0f 01 00 00 00  ................
281d123f0  79 d8 aa e5 a1 01 00 00 40 06 cb 83 02 00 00 00  y.......@.......
281d12400  00 24 aa b9 19 da 00 00 66 02 cb 83 02 00 00 00  .$......f.......
281d12410  00 01 03 01 03 01 03 01 03 04 f3 0f 01 00 00 00  ................
281d12420  79 d8 aa e5 a1 01 00 00 f0 72 c8 83 02 00 00 00  y........r......
281d12430  60 fb e6 82 02 00 00 00 00 fc e6 82 02 00 00 00  `...............
281d12440  00 03 03 03 03 03 03 03 03 03 04 0f 01 00 00 00  ................
281d12450  e0 07 d0 21 01 00 00 00 00 32 0a 20 01 00 00 00  ...!.....2. ....
281d12460  00 0a 38 11 01 00 00 00 00 00 00 00 00 00 00 00  ..8.............
281d12470  90 06 cb 83 02 00 00 00 00 00 00 00 00 00 00 00  ................
281d12480  00 a3 36 82 02 00 00 00 00 00 00 00 00 00 00 00  ..6.............
281d12490  60 fd de 0f 01 00 00 00 a0 76 01 20 01 00 00 00  `........v. ....
281d124a0  90 31 d3 21 01 00 00 00 00 59 0b 20 01 00 00 00  .1.!.....Y. ....
281d124b0  00 00 00 00 00 00 01 00 00 00 00 00 00 00 00 00  ................
281d124c0  00 08 0a 20 01 00 00 00 00 00 00 00 00 00 00 00  ... ............
281d124d0  00 58 3a 11 01 00 00 00 00 00 00 00 00 00 00 00  .X:.............
281d124e0  00 3e 3a 11 01 00 00 00 00 00 00 00 00 00 00 00  .>:.............
281d124f0  00 03 03 03 03 03 03 03 03 03 04 00 00 00 00 00  ................
281d12500  00 00 00 00 01 00 00 00 00 00 00 00 00 00 00 00  ................
281d12510  82 88 20 ca 01 00 00 00 00 00 c0 41 00 00 00 00  .. ........A....
281d12520  a0 3e 0e 81 02 00 00 00 00 00 00 00 00 00 00 00  .>..............
281d12530  00 d6 3c 11 01 00 00 00 00 00 00 00 00 00 00 00  ..<.............
281d12540  01 00 00 00 00 00 00 00 b8 00 f5 83 02 00 00 00  ................
281d12550  00 b8 38 11 01 00 00 00 00 00 00 00 00 00 00 00  ..8.............
281d12560  00 00 00 00 00 00 00 00 00 00 00 00 00 00 00 00  ................
281d12570  88 89 0b 20 01 00 00 00 03 02 70 80 02 00 00 00  ... ......p.....
281d12580  01 00 00 00 00 00 00 00 64 03 71 80 02 00 00 00  ........d.q.....
281d12590  90 25 aa b9 19 da 00 00 f7 00 bd 83 02 00 00 00  .%..............
281d125a0  a0 25 aa b9 19 da 00 00 5f 03 00 00 00 00 00 00  .%......_.......
281d125b0  02 00 00 00 01 00 00 00 ea 01 00 00 00 00 00 00  ................
281d125c0  00 00 00 00 00 00 00 00 55 02 00 00 00 00 00 00  ........U.......
281d125d0  02 00 00 00 01 00 00 00 5c 02 00 00 00 00 00 00  ........\.......
281d125e0  00 00 00 00 01 00 00 00 00 00 00 00 00 00 00 00  ................
281d125f0  f0 25 aa b9 19 da 00 00 61 02 cb 83 02 00 00 00  .%......a.......
281d12600  00 26 aa b9 19 da 00 00 68 02 cb 83 02 00 00 00  .&......h.......
281d12610  10 26 aa b9 19 da 00 00 54 03 00 00 00 00 00 00  .&......T.......
281d12620  01 00 00 00 00 00 00 00 80 e7 fa 81 02 00 00 00  ................
281d12630  00 00 cb 83 02 00 00 00 00 00 00 00 00 00 00 00  ................
281d12640  80 0b e0 81 02 00 00 00 00 19 e0 81 02 00 00 00  ................
281d12650  50 26 aa b9 19 da 00 00 5b 02 cb 83 02 00 00 00  P&......[.......
281d12660  01 00 00 00 00 00 00 00 80 4f e5 81 02 00 00 00  .........O......
281d12670  70 26 aa b9 19 da 00 00 67 03 00 00 00 00 00 00  p&......g.......
281d12680  04 00 00 00 00 00 00 00 65 02 03 03 02 00 00 00  ........e.......
281d12690  00 00 00 00 00 00 01 00 00 00 00 00 00 00 00 00  ................
281d126a0  a0 26 aa b9 19 da 00 00 8d 02 00 00 00 00 00 00  .&..............
281d126b0  b0 26 aa b9 19 da 00 00 8f 02 f1 6d 01 00 00 00  .&.........m....
281d126c0  61 1b aa e5 a1 01 00 00 18 a2 72 0a 01 00 00 00  a.........r.....
281d126d0  d0 26 aa b9 19 da 00 00 9a 02 00 00 00 00 00 00  .&..............
281d126e0  50 5f d1 21 01 00 00 00 b0 7a d1 21 01 00 00 00  P_.!.....z.!....
281d126f0  02 00 00 00 00 00 00 00 5e 02 00 00 00 00 00 00  ........^.......
281d12700  01 00 00 00 00 00 00 00 70 02 00 00 00 00 00 00  ........p.......
281d12710  00 01 03 01 03 01 03 01 03 04 1c 83 02 00 00 00  ................
281d12720  01 00 00 00 00 00 00 00 cc 01 70 80 02 00 00 00  ..........p.....
281d12730  30 27 aa b9 19 da 00 00 bc 00 00 00 00 00 00 00  0'..............

,	Aweme!0x3e71268 this.args2 0x1 0x1

,	Aweme!0x3e71268 this.args3 0xa 0xa

,	Aweme!0x3e71268 this.args4 0x1 0x1

,	Aweme!0x3e71268 this.args0 onLeave 0x281e00ba0             0  1  2  3  4  5  6  7  8  9  A  B  C  D  E  F  0123456789ABCDEF
281e00ba0  68 62 38 0a 01 00 00 00 0a 00 00 00 09 00 00 00  hb8.............
281e00bb0  90 b9 d6 81 02 00 00 00 45 47 2d 34 00 00 00 00  ........EG-4....
281e00bc0  2f 61 70 69 33 2d 63 6f 72 65 2d 63 2d 6c 71 2e  /api3-core-c-lq.
281e00bd0  61 6d 65 6d 76 2e 63 6f 6d 3a 34 34 33 00 00 00  amemv.com:443...
281e00be0  68 62 38 0a 01 00 00 00 35 00 00 00 34 00 00 00  hb8.....5...4...
281e00bf0  c0 0a 73 80 02 00 00 00 6d 6f 76 69 65 00 00 00  ..s.....movie...
281e00c00  00 03 03 03 03 03 03 03 03 03 03 03 03 03 03 03  ................
281e00c10  03 03 04 42 00 00 00 00 00 00 00 00 00 00 00 00  ...B............
281e00c20  20 0c 9b b9 19 da 00 00 eb 00 60 00 00 00 00 00   .........`.....
281e00c30  0c 4d 50 45 47 2d 34 20 66 69 6c 6d 69 00 00 00  .MPEG-4 filmi...
281e00c40  90 27 d1 82 02 00 00 00 90 27 d1 82 02 00 00 00  .'.......'......
281e00c50  e0 b7 bf 83 02 00 00 00 00 00 00 00 00 00 00 00  ................
281e00c60  60 0c 9b b9 19 da 00 00 1c 01 1d 83 02 00 00 00  `...............
281e00c70  00 e9 1d 83 02 00 00 00 80 e9 1d 83 02 00 00 00  ................
281e00c80  19 18 aa e5 a1 01 00 00 a8 07 00 00 01 00 00 00  ................
281e00c90  30 28 d1 81 02 00 00 00 0c 00 00 00 00 00 00 00  0(..............
281e00ca0  a0 0c 9b b9 19 da 00 00 11 01 34 82 02 00 00 00  ..........4.....
281e00cb0  00 81 34 82 02 00 00 00 00 82 34 82 02 00 00 00  ..4.......4.....
281e00cc0  c0 0c 9b b9 19 da 00 00 c5 01 00 00 00 00 00 00  ................
281e00cd0  00 00 00 00 00 00 00 00 00 00 00 00 00 00 00 00  ................
281e00ce0  e0 fb e0 81 02 00 00 00 4b dc 27 62 77 1c 89 f1  ........K.'bw...
281e00cf0  00 36 3b 11 01 00 00 00 08 07 00 00 00 00 00 00  .6;.............
281e00d00  70 3b 3a 0a 01 00 00 00 00 60 2c 11 01 00 00 00  p;:......`,.....
281e00d10  00 00 00 00 00 00 00 00 6d 76 2e 63 6f 6d 00 00  ........mv.com..
281e00d20  77 65 62 63 61 73 74 33 2d 6e 6f 72 6d 61 6c 2d  webcast3-normal-
281e00d30  63 2d 68 6c 2e 61 6d 65 6d 76 2e 63 6f 6d 00 00  c-hl.amemv.com..
281e00d40  40 0d 9b b9 19 da 00 00 89 00 00 00 00 00 00 00  @...............
281e00d50  00 00 00 00 00 00 00 00 00 00 00 00 00 00 00 00  ................
281e00d60  60 0d 9b b9 19 da 00 00 92 01 00 00 02 00 00 00  `...............
281e00d70  00 c2 34 82 02 00 00 00 00 c3 34 82 02 00 00 00  ..4.......4.....
281e00d80  80 0d 9b b9 19 da 00 00 ca 00 ff ff ff ff ff 03  ................
281e00d90  85 82 ee 0c 01 00 00 04 00 00 00 00 00 00 00 00  ................
281e00da0  a0 0d 9b b9 19 da 00 00 23 01 00 00 00 00 00 00  ........#.......
281e00db0  d4 95 4d 0c 9d 2e 5b b0 d3 95 7d 49 9e 2e 5b b0  ..M...[...}I..[.
281e00dc0  77 65 62 63 61 73 74 35 2d 6e 6f 72 6d 61 6c 2d  webcast5-normal-
281e00dd0  63 2d 68 6c 2e 61 6d 65 6d 76 2e 63 6f 6d 00 00  c-hl.amemv.com..
281e00de0  e0 0d 9b b9 19 da 00 00 21 01 34 82 02 00 00 00  ........!.4.....
281e00df0  00 58 34 82 02 00 00 00 00 59 34 82 02 00 00 00  .X4......Y4.....
281e00e00  77 65 62 63 61 73 74 35 2d 6e 6f 72 6d 61 6c 2d  webcast5-normal-
281e00e10  63 2d 68 6c 2e 61 6d 65 6d 76 2e 63 6f 6d 00 00  c-hl.amemv.com..
281e00e20  20 0e 9b b9 19 da 00 00 7a 00 00 00 00 00 00 00   .......z.......
281e00e30  00 00 00 00 00 00 00 00 00 00 00 00 00 00 00 00  ................
281e00e40  40 0e 9b b9 19 da 00 00 7c 00 00 00 00 00 00 00  @.......|.......
281e00e50  00 00 00 00 00 00 00 00 00 00 00 00 00 00 00 00  ................
281e00e60  60 0e 9b b9 19 da 00 00 81 00 00 00 00 00 00 00  `...............
281e00e70  00 00 00 00 00 00 00 00 00 00 00 00 00 00 00 00  ................
281e00e80  80 0e 9b b9 19 da 00 00 72 00 98 00 00 00 00 00  ........r.......
281e00e90  00 00 00 00 00 00 00 00 00 00 00 00 00 00 00 00  ................
281e00ea0  a0 0e 9b b9 19 da 00 00 94 01 00 00 00 00 00 00  ................
281e00eb0  00 00 00 00 00 00 00 00 00 00 00 00 00 00 00 00  ................
281e00ec0  c0 0e 9b b9 19 da 00 00 75 00 00 00 00 00 00 00  ........u.......
281e00ed0  00 00 00 00 00 00 00 00 00 00 00 00 00 00 00 00  ................
281e00ee0  e0 0e 9b b9 19 da 00 00 4f 00 00 00 00 00 00 00  ........O.......
281e00ef0  00 00 00 00 00 00 00 00 00 00 00 00 00 00 00 00  ................
281e00f00  00 0f 9b b9 19 da 00 00 41 01 00 00 00 00 00 00  ........A.......
281e00f10  00 00 00 00 00 00 00 00 00 00 00 00 00 00 00 00  ................
281e00f20  20 0f 9b b9 19 da 00 00 73 00 98 00 00 00 00 00   .......s.......
281e00f30  00 00 00 00 00 00 00 00 00 00 00 00 00 00 00 00  ................
281e00f40  40 0f 9b b9 19 da 00 00 d7 00 00 00 00 00 00 00  @...............
281e00f50  00 00 00 00 00 00 00 00 00 00 00 00 00 00 00 00  ................
281e00f60  60 0f 9b b9 19 da 00 00 78 00 98 00 00 00 00 00  `.......x.......
281e00f70  00 00 00 00 00 00 00 00 00 00 00 00 00 00 00 00  ................
281e00f80  80 0f 9b b9 19 da 00 00 77 00 98 00 00 00 00 00  ........w.......
281e00f90  00 00 00 00 00 00 00 00 00 00 00 00 00 00 00 00  ................

,	Aweme!0x3e71268 this.args1 onLeave 0x281d12340             0  1  2  3  4  5  6  7  8  9  A  B  C  D  E  F  0123456789ABCDEF
281d12340  58 2d 4b 68 72 6f 6e 6f 73 00 00 00 00 00 00 00  X-Khronos.......
281d12350  50 23 aa b9 19 da 00 00 80 02 73 80 02 00 00 00  P#........s.....
281d12360  01 00 00 00 00 00 00 00 2c 02 44 0a 01 00 00 00  ........,.D.....
281d12370  00 03 03 03 03 03 03 03 03 03 04 0f 01 00 00 00  ................
281d12380  a0 af bf 83 02 00 00 00 00 b0 bf 83 02 00 00 00  ................
281d12390  70 43 85 82 02 00 00 00 00 00 00 00 00 00 00 00  pC..............
281d123a0  a0 f2 b2 83 02 00 00 00 00 f3 b2 83 02 00 00 00  ................
281d123b0  00 03 03 03 03 03 03 03 03 03 04 0f 01 00 00 00  ................
281d123c0  00 03 03 03 03 03 03 03 03 03 04 0f 01 00 00 00  ................
281d123d0  00 03 03 03 03 03 03 03 03 03 04 03 01 00 00 00  ................
281d123e0  00 03 03 03 03 03 03 03 03 03 04 0f 01 00 00 00  ................
281d123f0  79 d8 aa e5 a1 01 00 00 40 06 cb 83 02 00 00 00  y.......@.......
281d12400  00 24 aa b9 19 da 00 00 66 02 cb 83 02 00 00 00  .$......f.......
281d12410  00 01 03 01 03 01 03 01 03 04 f3 0f 01 00 00 00  ................
281d12420  79 d8 aa e5 a1 01 00 00 f0 72 c8 83 02 00 00 00  y........r......
281d12430  60 fb e6 82 02 00 00 00 00 fc e6 82 02 00 00 00  `...............
281d12440  00 03 03 03 03 03 03 03 03 03 04 0f 01 00 00 00  ................
281d12450  e0 07 d0 21 01 00 00 00 00 32 0a 20 01 00 00 00  ...!.....2. ....
281d12460  00 0a 38 11 01 00 00 00 00 00 00 00 00 00 00 00  ..8.............
281d12470  90 06 cb 83 02 00 00 00 00 00 00 00 00 00 00 00  ................
281d12480  00 a3 36 82 02 00 00 00 00 00 00 00 00 00 00 00  ..6.............
281d12490  60 fd de 0f 01 00 00 00 a0 76 01 20 01 00 00 00  `........v. ....
281d124a0  90 31 d3 21 01 00 00 00 00 59 0b 20 01 00 00 00  .1.!.....Y. ....
281d124b0  00 00 00 00 00 00 01 00 00 00 00 00 00 00 00 00  ................
281d124c0  00 08 0a 20 01 00 00 00 00 00 00 00 00 00 00 00  ... ............
281d124d0  00 58 3a 11 01 00 00 00 00 00 00 00 00 00 00 00  .X:.............
281d124e0  00 3e 3a 11 01 00 00 00 00 00 00 00 00 00 00 00  .>:.............
281d124f0  00 03 03 03 03 03 03 03 03 03 04 00 00 00 00 00  ................
281d12500  00 00 00 00 01 00 00 00 00 00 00 00 00 00 00 00  ................
281d12510  82 88 20 ca 01 00 00 00 00 00 c0 41 00 00 00 00  .. ........A....
281d12520  a0 3e 0e 81 02 00 00 00 00 00 00 00 00 00 00 00  .>..............
281d12530  00 d6 3c 11 01 00 00 00 00 00 00 00 00 00 00 00  ..<.............
281d12540  01 00 00 00 00 00 00 00 b8 00 f5 83 02 00 00 00  ................
281d12550  00 b8 38 11 01 00 00 00 00 00 00 00 00 00 00 00  ..8.............
281d12560  00 00 00 00 00 00 00 00 00 00 00 00 00 00 00 00  ................
281d12570  88 89 0b 20 01 00 00 00 03 02 70 80 02 00 00 00  ... ......p.....
281d12580  01 00 00 00 00 00 00 00 64 03 71 80 02 00 00 00  ........d.q.....
281d12590  90 25 aa b9 19 da 00 00 f7 00 bd 83 02 00 00 00  .%..............
281d125a0  a0 25 aa b9 19 da 00 00 5f 03 00 00 00 00 00 00  .%......_.......
281d125b0  02 00 00 00 01 00 00 00 ea 01 00 00 00 00 00 00  ................
281d125c0  00 00 00 00 00 00 00 00 55 02 00 00 00 00 00 00  ........U.......
281d125d0  02 00 00 00 01 00 00 00 5c 02 00 00 00 00 00 00  ........\.......
281d125e0  00 00 00 00 01 00 00 00 00 00 00 00 00 00 00 00  ................
281d125f0  f0 25 aa b9 19 da 00 00 61 02 cb 83 02 00 00 00  .%......a.......
281d12600  00 26 aa b9 19 da 00 00 68 02 cb 83 02 00 00 00  .&......h.......
281d12610  10 26 aa b9 19 da 00 00 54 03 00 00 00 00 00 00  .&......T.......
281d12620  01 00 00 00 00 00 00 00 80 e7 fa 81 02 00 00 00  ................
281d12630  00 00 cb 83 02 00 00 00 00 00 00 00 00 00 00 00  ................
281d12640  80 0b e0 81 02 00 00 00 00 19 e0 81 02 00 00 00  ................
281d12650  50 26 aa b9 19 da 00 00 5b 02 cb 83 02 00 00 00  P&......[.......
281d12660  01 00 00 00 00 00 00 00 80 4f e5 81 02 00 00 00  .........O......
281d12670  70 26 aa b9 19 da 00 00 67 03 00 00 00 00 00 00  p&......g.......
281d12680  04 00 00 00 00 00 00 00 65 02 03 03 02 00 00 00  ........e.......
281d12690  00 00 00 00 00 00 01 00 00 00 00 00 00 00 00 00  ................
281d126a0  a0 26 aa b9 19 da 00 00 8d 02 00 00 00 00 00 00  .&..............
281d126b0  b0 26 aa b9 19 da 00 00 8f 02 f1 6d 01 00 00 00  .&.........m....
281d126c0  61 1b aa e5 a1 01 00 00 18 a2 72 0a 01 00 00 00  a.........r.....
281d126d0  d0 26 aa b9 19 da 00 00 9a 02 00 00 00 00 00 00  .&..............
281d126e0  50 5f d1 21 01 00 00 00 b0 7a d1 21 01 00 00 00  P_.!.....z.!....
281d126f0  02 00 00 00 00 00 00 00 5e 02 00 00 00 00 00 00  ........^.......
281d12700  01 00 00 00 00 00 00 00 70 02 00 00 00 00 00 00  ........p.......
281d12710  00 01 03 01 03 01 03 01 03 04 1c 83 02 00 00 00  ................
281d12720  01 00 00 00 00 00 00 00 cc 01 70 80 02 00 00 00  ..........p.....
281d12730  30 27 aa b9 19 da 00 00 bc 00 00 00 00 00 00 00  0'..............

,	Aweme!0x3e71268 this.args2 onLeave 0x1 0x1

,	Aweme!0x3e71268 this.args3 onLeave 0xa 0xa

,	Aweme!0x3e71268 this.args4 onLeave 0x1 0x1

,retval onLeave: 0x281e00ba0             0  1  2  3  4  5  6  7  8  9  A  B  C  D  E  F  0123456789ABCDEF
281e00ba0  68 62 38 0a 01 00 00 00 0a 00 00 00 09 00 00 00  hb8.............
281e00bb0  90 b9 d6 81 02 00 00 00 45 47 2d 34 00 00 00 00  ........EG-4....
281e00bc0  2f 61 70 69 33 2d 63 6f 72 65 2d 63 2d 6c 71 2e  /api3-core-c-lq.
281e00bd0  61 6d 65 6d 76 2e 63 6f 6d 3a 34 34 33 00 00 00  amemv.com:443...
281e00be0  68 62 38 0a 01 00 00 00 35 00 00 00 34 00 00 00  hb8.....5...4...
281e00bf0  c0 0a 73 80 02 00 00 00 6d 6f 76 69 65 00 00 00  ..s.....movie...
281e00c00  00 03 03 03 03 03 03 03 03 03 03 03 03 03 03 03  ................
281e00c10  03 03 04 42 00 00 00 00 00 00 00 00 00 00 00 00  ...B............
281e00c20  20 0c 9b b9 19 da 00 00 eb 00 60 00 00 00 00 00   .........`.....
281e00c30  0c 4d 50 45 47 2d 34 20 66 69 6c 6d 69 00 00 00  .MPEG-4 filmi...
281e00c40  90 27 d1 82 02 00 00 00 90 27 d1 82 02 00 00 00  .'.......'......
281e00c50  e0 b7 bf 83 02 00 00 00 00 00 00 00 00 00 00 00  ................
281e00c60  60 0c 9b b9 19 da 00 00 1c 01 1d 83 02 00 00 00  `...............
281e00c70  00 e9 1d 83 02 00 00 00 80 e9 1d 83 02 00 00 00  ................
281e00c80  19 18 aa e5 a1 01 00 00 a8 07 00 00 01 00 00 00  ................
281e00c90  30 28 d1 81 02 00 00 00 0c 00 00 00 00 00 00 00  0(..............
281e00ca0  a0 0c 9b b9 19 da 00 00 11 01 34 82 02 00 00 00  ..........4.....
281e00cb0  00 81 34 82 02 00 00 00 00 82 34 82 02 00 00 00  ..4.......4.....
281e00cc0  c0 0c 9b b9 19 da 00 00 c5 01 00 00 00 00 00 00  ................
281e00cd0  00 00 00 00 00 00 00 00 00 00 00 00 00 00 00 00  ................
281e00ce0  e0 fb e0 81 02 00 00 00 4b dc 27 62 77 1c 89 f1  ........K.'bw...
281e00cf0  00 36 3b 11 01 00 00 00 08 07 00 00 00 00 00 00  .6;.............
281e00d00  70 3b 3a 0a 01 00 00 00 00 60 2c 11 01 00 00 00  p;:......`,.....
281e00d10  00 00 00 00 00 00 00 00 6d 76 2e 63 6f 6d 00 00  ........mv.com..
281e00d20  77 65 62 63 61 73 74 33 2d 6e 6f 72 6d 61 6c 2d  webcast3-normal-
281e00d30  63 2d 68 6c 2e 61 6d 65 6d 76 2e 63 6f 6d 00 00  c-hl.amemv.com..
281e00d40  40 0d 9b b9 19 da 00 00 89 00 00 00 00 00 00 00  @...............
281e00d50  00 00 00 00 00 00 00 00 00 00 00 00 00 00 00 00  ................
281e00d60  60 0d 9b b9 19 da 00 00 92 01 00 00 02 00 00 00  `...............
281e00d70  00 c2 34 82 02 00 00 00 00 c3 34 82 02 00 00 00  ..4.......4.....
281e00d80  80 0d 9b b9 19 da 00 00 ca 00 ff ff ff ff ff 03  ................
281e00d90  85 82 ee 0c 01 00 00 04 00 00 00 00 00 00 00 00  ................
281e00da0  a0 0d 9b b9 19 da 00 00 23 01 00 00 00 00 00 00  ........#.......
281e00db0  d4 95 4d 0c 9d 2e 5b b0 d3 95 7d 49 9e 2e 5b b0  ..M...[...}I..[.
281e00dc0  77 65 62 63 61 73 74 35 2d 6e 6f 72 6d 61 6c 2d  webcast5-normal-
281e00dd0  63 2d 68 6c 2e 61 6d 65 6d 76 2e 63 6f 6d 00 00  c-hl.amemv.com..
281e00de0  e0 0d 9b b9 19 da 00 00 21 01 34 82 02 00 00 00  ........!.4.....
281e00df0  00 58 34 82 02 00 00 00 00 59 34 82 02 00 00 00  .X4......Y4.....
281e00e00  77 65 62 63 61 73 74 35 2d 6e 6f 72 6d 61 6c 2d  webcast5-normal-
281e00e10  63 2d 68 6c 2e 61 6d 65 6d 76 2e 63 6f 6d 00 00  c-hl.amemv.com..
281e00e20  20 0e 9b b9 19 da 00 00 7a 00 00 00 00 00 00 00   .......z.......
281e00e30  00 00 00 00 00 00 00 00 00 00 00 00 00 00 00 00  ................
281e00e40  40 0e 9b b9 19 da 00 00 7c 00 00 00 00 00 00 00  @.......|.......
281e00e50  00 00 00 00 00 00 00 00 00 00 00 00 00 00 00 00  ................
281e00e60  60 0e 9b b9 19 da 00 00 81 00 00 00 00 00 00 00  `...............
281e00e70  00 00 00 00 00 00 00 00 00 00 00 00 00 00 00 00  ................
281e00e80  80 0e 9b b9 19 da 00 00 72 00 98 00 00 00 00 00  ........r.......
281e00e90  00 00 00 00 00 00 00 00 00 00 00 00 00 00 00 00  ................
281e00ea0  a0 0e 9b b9 19 da 00 00 94 01 00 00 00 00 00 00  ................
281e00eb0  00 00 00 00 00 00 00 00 00 00 00 00 00 00 00 00  ................
281e00ec0  c0 0e 9b b9 19 da 00 00 75 00 00 00 00 00 00 00  ........u.......
281e00ed0  00 00 00 00 00 00 00 00 00 00 00 00 00 00 00 00  ................
281e00ee0  e0 0e 9b b9 19 da 00 00 4f 00 00 00 00 00 00 00  ........O.......
281e00ef0  00 00 00 00 00 00 00 00 00 00 00 00 00 00 00 00  ................
281e00f00  00 0f 9b b9 19 da 00 00 41 01 00 00 00 00 00 00  ........A.......
281e00f10  00 00 00 00 00 00 00 00 00 00 00 00 00 00 00 00  ................
281e00f20  20 0f 9b b9 19 da 00 00 73 00 98 00 00 00 00 00   .......s.......
281e00f30  00 00 00 00 00 00 00 00 00 00 00 00 00 00 00 00  ................
281e00f40  40 0f 9b b9 19 da 00 00 d7 00 00 00 00 00 00 00  @...............
281e00f50  00 00 00 00 00 00 00 00 00 00 00 00 00 00 00 00  ................
281e00f60  60 0f 9b b9 19 da 00 00 78 00 98 00 00 00 00 00  `.......x.......
281e00f70  00 00 00 00 00 00 00 00 00 00 00 00 00 00 00 00  ................
281e00f80  80 0f 9b b9 19 da 00 00 77 00 98 00 00 00 00 00  ........w.......
281e00f90  00 00 00 00 00 00 00 00 00 00 00 00 00 00 00 00  ................

call Aweme!0x3e71268
,	Aweme!0x3e71268 this.args0 0x281e0e6a0             0  1  2  3  4  5  6  7  8  9  A  B  C  D  E  F  0123456789ABCDEF
281e0e6a0  00 00 00 00 00 00 00 00 bf 01 dd a4 c2 06 8f e0  ................
281e0e6b0  d8 48 dd eb c3 1a 99 f1 8d 48 dd fb 3c 00 00 00  .H.......H..<...
281e0e6c0  10 fb c8 83 02 00 00 00 90 fd c8 83 02 00 00 00  ................
281e0e6d0  e0 fd c8 83 02 00 00 00 00 00 00 00 00 00 00 00  ................
281e0e6e0  e0 e6 9b b9 19 da 00 00 c2 00 31 38 32 30 38 32  ..........182082
281e0e6f0  35 36 39 32 30 00 00 00 31 36 31 38 32 30 38 0d  56920...1618208.
281e0e700  00 e7 9b b9 19 da 00 00 2b 01 60 00 00 00 00 00  ........+.`.....
281e0e710  0b 46 69 6c 6d 20 4d 50 45 47 2d 34 00 00 00 00  .Film MPEG-4....
281e0e720  20 e7 9b b9 19 da 00 00 3c 01 35 81 02 00 00 00   .......<.5.....
281e0e730  20 00 00 00 00 00 00 00 30 00 00 00 00 00 00 80   .......0.......
281e0e740  91 18 aa e5 a1 01 00 00 85 16 00 00 01 00 00 00  ................
281e0e750  cd cc cc cc cc e8 81 40 00 00 00 00 00 00 00 00  .......@........
281e0e760  60 e7 9b b9 19 da 00 00 38 01 00 00 00 00 00 00  `.......8.......
281e0e770  00 00 00 00 00 00 00 00 00 00 00 00 00 00 00 00  ................
281e0e780  00 00 00 00 00 00 00 00 00 59 35 82 02 00 00 00  .........Y5.....
281e0e790  00 00 00 00 00 00 00 00 00 00 00 00 00 00 00 00  ................
281e0e7a0  a0 e7 9b b9 19 da 00 00 20 01 60 00 00 00 00 00  ........ .`.....
281e0e7b0  0b 4d 50 45 47 2d 34 2d 66 69 6c 6d 00 00 00 00  .MPEG-4-film....
281e0e7c0  c0 e7 9b b9 19 da 00 00 3e 01 60 00 00 00 00 00  ........>.`.....
281e0e7d0  0b 4d 50 45 47 2d 34 20 66 69 6c 6d 00 00 00 00  .MPEG-4 film....
281e0e7e0  e0 e7 9b b9 19 da 00 00 44 01 00 00 00 00 00 00  ........D.......
281e0e7f0  00 00 00 00 00 00 00 00 00 00 00 00 00 00 00 00  ................
281e0e800  00 e8 9b b9 19 da 00 00 43 01 31 38 32 30 38 32  ........C.182082
281e0e810  35 39 38 35 35 00 00 00 31 36 31 38 32 30 38 0d  59855...1618208.
281e0e820  20 e8 9b b9 19 da 00 00 41 01 30 30 30 00 00 00   .......A.000...
281e0e830  10 27 00 00 00 00 00 00 31 30 30 30 30 00 00 05  .'......10000...
281e0e840  40 e8 9b b9 19 da 00 00 40 01 00 9c 01 00 00 00  @.......@.......
281e0e850  ff ff ff ff ff ff ff ff 2d 31 00 00 00 00 00 02  ........-1......
281e0e860  60 e8 9b b9 19 da 00 00 48 01 32 31 30 34 30 32  `.......H.210402
281e0e870  30 30 30 38 33 35 00 00 32 30 32 31 30 34 30 0e  000835..2021040.
281e0e880  80 e8 9b b9 19 da 00 00 46 01 31 38 32 30 38 32  ........F.182082
281e0e890  35 35 39 35 33 00 00 00 31 36 31 38 32 30 38 0d  55953...1618208.
281e0e8a0  a0 e8 9b b9 19 da 00 00 69 01 00 00 00 00 00 00  ........i.......
281e0e8b0  00 00 00 00 00 00 00 00 00 00 00 00 00 00 00 00  ................
281e0e8c0  c0 e8 9b b9 19 da 00 00 45 01 00 00 00 00 00 00  ........E.......
281e0e8d0  00 00 00 00 00 00 00 00 00 00 00 00 00 00 00 00  ................
281e0e8e0  e0 e8 9b b9 19 da 00 00 47 01 1c 83 02 00 00 00  ........G.......
281e0e8f0  00 7c 1c 83 02 00 00 00 80 7c 1c 83 02 00 00 00  .|.......|......
281e0e900  00 e9 9b b9 19 da 00 00 42 01 31 82 02 00 00 00  ........B.1.....
281e0e910  00 8c 31 82 02 00 00 00 00 8d 31 82 02 00 00 00  ..1.......1.....
281e0e920  20 e9 9b b9 19 da 00 00 4f 01 35 81 02 00 00 00   .......O.5.....
281e0e930  20 00 00 00 00 00 00 00 30 00 00 00 00 00 00 80   .......0.......
281e0e940  40 e9 9b b9 19 da 00 00 4a 01 00 00 00 00 00 00  @.......J.......
281e0e950  00 00 00 00 00 00 00 00 00 00 00 00 00 00 00 00  ................
281e0e960  60 e9 9b b9 19 da 00 00 50 01 00 00 00 00 00 00  `.......P.......
281e0e970  00 00 00 00 00 00 00 00 00 00 00 00 00 00 00 00  ................
281e0e980  80 e9 9b b9 19 da 00 00 4e 01 d1 0f 01 00 00 00  ........N.......
281e0e990  c9 01 00 00 00 00 00 00 d0 01 00 00 00 00 00 80  ................
281e0e9a0  a0 e9 9b b9 19 da 00 00 4b 01 00 00 00 00 00 00  ........K.......
281e0e9b0  00 00 00 00 00 00 00 00 00 00 00 00 00 00 00 00  ................
281e0e9c0  c0 e9 9b b9 19 da 00 00 51 01 00 00 00 00 00 00  ........Q.......
281e0e9d0  00 00 00 00 00 00 00 00 00 00 00 00 00 00 00 00  ................
281e0e9e0  e0 e9 9b b9 19 da 00 00 4d 01 00 00 00 00 00 00  ........M.......
281e0e9f0  00 00 00 00 00 00 00 00 00 00 00 00 00 00 00 00  ................
281e0ea00  00 ea 9b b9 19 da 00 00 49 01 31 38 32 30 38 32  ........I.182082
281e0ea10  35 36 39 32 32 00 00 00 31 36 31 38 32 30 38 0d  56922...1618208.
281e0ea20  20 ea 9b b9 19 da 00 00 4c 01 31 82 02 00 00 00   .......L.1.....
281e0ea30  00 84 31 82 02 00 00 00 00 85 31 82 02 00 00 00  ..1.......1.....
281e0ea40  40 ea 9b b9 19 da 00 00 52 01 1c 83 02 00 00 00  @.......R.......
281e0ea50  00 6b 1c 83 02 00 00 00 80 6b 1c 83 02 00 00 00  .k.......k......
281e0ea60  77 65 62 63 61 73 74 33 2d 6e 6f 72 6d 61 6c 2d  webcast3-normal-
281e0ea70  63 2d 68 6c 2e 61 6d 65 6d 76 2e 63 6f 6d 00 00  c-hl.amemv.com..
281e0ea80  00 00 00 00 00 00 00 00 be 01 60 00 00 00 00 00  ..........`.....
281e0ea90  ff ff ff ff ff ff ff ff 00 00 00 00 00 00 00 00  ................

,	Aweme!0x3e71268 this.args1 0x28109c5d0             0  1  2  3  4  5  6  7  8  9  A  B  C  D  E  F  0123456789ABCDEF
28109c5d0  2b 58 62 64 70 49 30 48 6b 2f 62 4a 48 64 32 6b  +XbdpI0Hk/bJHd2k
28109c5e0  77 67 61 50 34 4e 68 49 33 65 76 44 47 70 6e 78  wgaP4NhI3evDGpnx
28109c5f0  6a 55 6a 64 2b 7a 77 3d 00 00 00 00 00 00 00 00  jUjd+zw=........
28109c600  f0 f0 a9 e5 01 00 00 00 02 00 00 c1 00 00 00 00  ................
28109c610  a0 9d 52 9d 01 00 00 00 80 5f aa da 01 00 00 00  ..R......_......
28109c620  ff 5f cb ee fe ff ff ff ff a8 63 d5 01 00 00 00  ._........c.....
28109c630  f0 f0 a9 e5 01 00 00 00 02 00 00 c1 00 00 00 00  ................
28109c640  a0 9d 52 9d 01 00 00 00 80 5f aa da 01 00 00 00  ..R......_......
28109c650  3f 3c fb 7d fd ff ff ff 0a 9f 63 d5 01 00 00 00  ?<.}......c.....
28109c660  e1 13 aa e5 a1 01 00 00 00 00 00 00 00 00 00 00  ................
28109c670  e0 bc d6 81 02 00 00 00 00 00 00 00 02 00 00 00  ................
28109c680  6d 00 00 00 00 00 00 00 00 00 00 00 00 00 00 00  m...............
28109c690  b5 f9 ee 0b a1 41 00 00 00 00 00 00 00 00 00 00  .....A..........
28109c6a0  c0 08 e1 82 02 00 00 00 00 00 00 00 00 00 00 00  ................
28109c6b0  b0 fa d6 81 02 00 00 00 00 00 00 00 00 00 00 00  ................
28109c6c0  19 18 aa e5 a1 01 00 00 8c 07 00 00 01 00 00 00  ................
28109c6d0  19 6d 70 5f 67 61 6d 65 5f 61 64 5f 72 65 71 75  .mp_game_ad_requ
28109c6e0  65 73 74 5f 72 65 73 75 6c 74 00 00 00 00 00 00  est_result......
28109c6f0  19 18 aa e5 a1 01 00 00 8c 07 00 00 01 00 00 00  ................
28109c700  12 6d 70 5f 67 61 6d 65 5f 61 64 5f 6f 70 65 72  .mp_game_ad_oper
28109c710  61 74 65 00 00 00 00 00 00 00 00 00 00 00 00 00  ate.............
28109c720  19 18 aa e5 a1 01 00 00 8c 07 00 00 01 00 00 00  ................
28109c730  18 6d 70 5f 67 61 6d 65 5f 61 64 5f 63 72 65 61  .mp_game_ad_crea
28109c740  74 65 5f 72 65 73 75 6c 74 00 00 00 00 00 00 00  te_result.......
28109c750  19 18 aa e5 a1 01 00 00 8c 07 00 00 01 00 00 00  ................
28109c760  11 6d 70 5f 67 61 6d 65 5f 61 64 5f 63 72 65 61  .mp_game_ad_crea
28109c770  74 65 00 00 00 00 00 00 00 00 00 00 00 00 00 00  te..............
28109c780  19 18 aa e5 a1 01 00 00 8c 07 00 00 01 00 00 00  ................
28109c790  14 6d 70 5f 66 73 5f 74 72 61 6e 73 66 65 72 5f  .mp_fs_transfer_
28109c7a0  73 74 61 72 74 00 00 00 00 00 00 00 00 00 00 00  start...........
28109c7b0  19 18 aa e5 a1 01 00 00 8c 07 00 00 01 00 00 00  ................
28109c7c0  13 6d 70 5f 66 73 5f 6f 70 65 6e 5f 77 69 74 68  .mp_fs_open_with
28109c7d0  5f 64 69 72 00 00 00 00 00 00 00 00 00 00 00 00  _dir............
28109c7e0  39 cd aa e5 a1 01 00 00 00 00 00 00 00 00 00 00  9...............
28109c7f0  00 00 00 00 00 00 00 00 00 00 00 00 00 00 00 00  ................
28109c800  00 00 00 00 00 00 00 00 00 00 00 00 00 00 00 00  ................
28109c810  19 18 aa e5 a1 01 00 00 8c 07 00 00 01 00 00 00  ................
28109c820  13 6d 70 5f 63 70 6a 73 5f 6c 6f 61 64 5f 72 65  .mp_cpjs_load_re
28109c830  73 75 6c 74 00 00 00 00 00 00 00 00 00 00 00 00  sult............
28109c840  19 18 aa e5 a1 01 00 00 8c 07 00 00 01 00 00 00  ................
28109c850  11 6d 70 5f 67 61 6d 65 5f 72 75 6e 5f 65 72 72  .mp_game_run_err
28109c860  6f 72 00 00 00 00 00 00 00 00 00 00 00 00 00 00  or..............
28109c870  19 18 aa e5 a1 01 00 00 8c 07 00 00 01 00 00 00  ................
28109c880  15 6d 70 5f 63 6f 6c 6c 65 63 74 5f 67 75 69 64  .mp_collect_guid
28109c890  65 5f 73 68 6f 77 00 00 00 00 00 00 00 00 00 00  e_show..........
28109c8a0  00 00 00 00 00 00 00 00 00 00 00 00 00 00 00 00  ................
28109c8b0  a0 c8 09 81 02 00 00 00 a0 c8 09 81 02 00 00 00  ................
28109c8c0  00 00 00 00 00 00 00 00 00 00 00 00 00 00 00 00  ................
28109c8d0  19 18 aa e5 a1 01 00 00 8c 07 00 00 01 00 00 00  ................
28109c8e0  1c 55 49 52 65 71 75 69 72 65 64 44 65 76 69 63  .UIRequiredDevic
28109c8f0  65 43 61 70 61 62 69 6c 69 74 69 65 73 00 00 00  eCapabilities...
28109c900  19 18 aa e5 a1 01 00 00 8c 07 00 00 01 00 00 00  ................
28109c910  15 69 70 68 6f 6e 65 6f 73 31 33 2e 33 2e 69 6e  .iphoneos13.3.in
28109c920  74 65 72 6e 61 6c 00 00 00 00 00 00 00 00 00 00  ternal..........
28109c930  19 18 aa e5 a1 01 00 00 8c 07 00 00 01 00 00 00  ................
28109c940  1a 41 58 53 61 66 61 72 69 53 65 72 76 69 63 65  .AXSafariService
28109c950  73 53 68 61 72 65 64 47 6c 75 65 00 00 00 00 00  sSharedGlue.....
28109c960  e1 13 aa e5 a1 01 00 00 00 00 00 00 00 00 00 00  ................
28109c970  00 19 d4 81 02 00 00 00 00 00 00 00 02 00 00 00  ................
28109c980  02 00 00 00 01 00 00 00 00 00 00 00 00 00 00 00  ................
28109c990  e1 13 aa e5 a1 01 00 00 00 00 00 00 00 00 00 00  ................
28109c9a0  70 17 d4 81 02 00 00 00 00 00 00 00 02 00 00 00  p...............
28109c9b0  02 00 00 00 01 00 00 00 00 00 00 00 00 00 00 00  ................
28109c9c0  e1 13 aa e5 a1 01 00 00 00 00 00 00 00 00 00 00  ................

,	Aweme!0x3e71268 this.args2 0x1 0x1

,	Aweme!0x3e71268 this.args3 0x281d6bc68             0  1  2  3  4  5  6  7  8  9  A  B  C  D  E  F  0123456789ABCDEF
281d6bc68  00 04 f9 76 00 00 00 00 07 a4 21 10 01 00 00 00  ...v......!.....
281d6bc78  03 00 00 00 00 00 00 00 00 01 00 00 00 00 00 00  ................
281d6bc88  00 00 00 00 00 00 00 00 b7 a4 21 10 01 00 00 00  ..........!.....
281d6bc98  07 00 00 00 00 00 00 00 67 65 74 44 6f 77 6e 6c  ........getDownl
281d6bca8  6f 61 64 55 52 4c 00 00 67 65 74 50 6c 61 79 55  oadURL..getPlayU
281d6bcb8  52 4c 00 00 00 00 00 00 e7 a4 21 10 01 00 00 00  RL........!.....
281d6bcc8  05 00 00 00 00 00 00 00 cb a4 21 10 01 00 00 00  ..........!.....
281d6bcd8  0f 00 00 00 00 00 00 00 00 1d 1f 83 02 00 00 00  ................
281d6bce8  00 00 00 00 00 00 00 00 01 00 00 00 00 00 00 00  ................
281d6bcf8  c3 03 00 00 00 00 00 00 49 a4 21 10 01 00 00 00  ........I.!.....
281d6bd08  1d 00 00 00 00 00 00 00 38 a5 21 10 01 00 00 00  ........8.!.....
281d6bd18  39 00 00 00 00 00 00 00 c8 a5 21 10 01 00 00 00  9.........!.....
281d6bd28  1d 00 00 00 00 00 00 00 67 65 74 49 73 48 32 36  ........getIsH26
281d6bd38  35 00 00 00 00 00 00 00 67 65 74 4f 72 69 67 69  5.......getOrigi
281d6bd48  6e 43 6f 76 65 72 00 00 67 65 74 48 61 73 57 61  nCover..getHasWa
281d6bd58  74 65 72 6d 61 72 6b 00 67 65 74 54 6f 6b 65 6e  termark.getToken
281d6bd68  41 75 74 68 00 00 00 00 67 65 74 42 69 67 54 68  Auth....getBigTh
281d6bd78  75 6d 62 73 00 00 00 00 67 65 74 42 61 72 72 61  umbs....getBarra
281d6bd88  67 65 73 4c 69 73 74 00 67 65 74 55 73 65 72 41  gesList.getUserA
281d6bd98  63 74 69 6f 6e 73 00 00 67 65 74 49 73 46 69 72  ctions..getIsFir
281d6bda8  73 74 56 69 64 65 6f 00 67 65 74 41 64 49 6e 66  stVideo.getAdInf
281d6bdb8  6f 00 00 00 00 00 00 00 67 65 74 4e 65 61 72 62  o.......getNearb
281d6bdc8  79 4c 65 76 65 6c 00 00 9d a5 21 10 01 00 00 00  yLevel....!.....
281d6bdd8  18 00 00 00 00 00 00 00 e0 bd ad b9 19 da 00 00  ................
281d6bde8  fb 07 00 00 00 00 00 00 f0 bd ad b9 19 da 00 00  ................
281d6bdf8  df 03 00 00 00 00 00 00 00 be ad b9 19 da 00 00  ................
281d6be08  e0 03 00 00 00 00 00 00 10 be ad b9 19 da 00 00  ................
281d6be18  e7 03 00 00 00 00 00 00 00 00 00 00 01 00 00 00  ................
281d6be28  00 00 00 00 00 00 00 00 02 00 00 00 01 00 00 00  ................
281d6be38  ea 03 70 80 02 00 00 00 40 be ad b9 19 da 00 00  ..p.....@.......
281d6be48  ff 03 34 11 01 00 00 00 00 01 00 00 00 00 00 00  ..4.............
281d6be58  00 00 00 00 00 00 00 00 60 be ad b9 19 da 00 00  ........`.......
281d6be68  f6 03 c8 83 02 00 00 00 79 d8 aa e5 a1 01 00 00  ........y.......
281d6be78  a0 45 f5 83 02 00 00 00 80 be ad b9 19 da 00 00  .E..............
281d6be88  65 03 f1 6d 01 00 00 00 01 00 00 00 00 00 00 00  e..m............
281d6be98  9c 03 00 00 45 4b 41 57 50 a6 21 10 01 00 00 00  ....EKAWP.!.....
281d6bea8  09 00 00 00 00 00 00 00 01 00 00 00 00 00 00 00  ................
281d6beb8  bd 03 00 00 00 00 00 00 c0 be ad b9 19 da 00 00  ................
281d6bec8  63 02 00 00 00 00 00 00 40 5a f5 83 02 00 00 00  c.......@Z......
281d6bed8  90 5a f5 83 02 00 00 00 19 d9 aa e5 a1 01 00 00  .Z..............
281d6bee8  90 ee c8 83 02 00 00 00 30 a7 21 10 01 00 00 00  ........0.!.....
281d6bef8  1f 00 00 00 00 00 00 00 79 d8 aa e5 a1 01 00 00  ........y.......
281d6bf08  60 18 c1 83 02 00 00 00 23 a6 21 10 01 00 00 00  `.......#.!.....
281d6bf18  0d 00 00 00 00 00 00 00 69 a6 21 10 01 00 00 00  ........i.!.....
281d6bf28  09 00 00 00 00 00 00 00 3d a6 21 10 01 00 00 00  ........=.!.....
281d6bf38  09 00 00 00 00 00 00 00 7e a6 21 10 01 00 00 00  ........~.!.....
281d6bf48  07 00 00 00 00 00 00 00 50 bf ad b9 19 da 00 00  ........P.......
281d6bf58  3a 03 00 00 00 00 00 00 13 a5 21 10 01 00 00 00  :.........!.....
281d6bf68  18 00 00 00 00 00 00 00 f2 a5 21 10 01 00 00 00  ..........!.....
281d6bf78  14 00 00 00 00 00 00 00 15 a7 21 10 01 00 00 00  ..........!.....
281d6bf88  0d 00 00 00 00 00 00 00 80 f4 e3 81 02 00 00 00  ................
281d6bf98  80 0e e7 81 02 00 00 00 00 ff e0 81 02 00 00 00  ................
281d6bfa8  60 f7 e0 81 02 00 00 00 b0 bf ad b9 19 da 00 00  `...............
281d6bfb8  e9 03 00 00 00 00 00 00 01 00 00 00 00 00 00 00  ................
281d6bfc8  d0 03 00 00 00 00 00 00 d0 bf ad b9 19 da 00 00  ................
281d6bfd8  7b 03 00 00 00 00 00 00 e0 bf ad b9 19 da 00 00  {...............
281d6bfe8  e1 03 00 00 00 00 00 00 f0 bf ad b9 19 da 00 00  ................
281d6bff8  9c 03 00 00 00 00 00 00 13 00 1c 00 1d 00 16 00  ................
281d6c008  16 00 00 00 00 00 00 00 1d f6 ee 0b a1 01 00 00  ................
281d6c018  b0 e9 d6 81 02 00 00 00 00 00 00 00 01 00 00 00  ................
281d6c028  00 00 00 00 00 00 00 00 00 d0 18 11 01 00 00 00  ................
281d6c038  00 ec 19 11 01 00 00 00 40 c0 ad b9 19 da 00 00  ........@.......
281d6c048  7a 03 00 00 00 00 00 00 1d f6 ee 0b a1 01 00 00  z...............
281d6c058  d0 c4 d6 81 02 00 00 00 90 8c d2 21 01 00 00 00  ...........!....

,	Aweme!0x3e71268 this.args4 0x1066b9594             0  1  2  3  4  5  6  7  8  9  A  B  C  D  E  F  0123456789ABCDEF
1066b9594  8a 2d 06 53 8b 0d 14 12 4b 7c 14 33 6a 01 0a 2a  .-.S....K|.3j..*
1066b95a4  4a 51 51 2a 4a 51 50 2a 4a 51 4f 2a 4a 51 4e 2a  JQQ*JQP*JQO*JQN*
1066b95b4  4a 51 4d 2a 8b 15 00 12 7f 81 00 71 40 0a 00 54  JQM*.......q@..T
1066b95c4  7f e5 00 71 00 0a 00 54 7f bd 00 71 e1 42 00 54  ...q...T...q.B.T
1066b95d4  0b 23 00 91 29 f1 7d d3 69 69 a9 b8 4a 3d 00 13  .#..).}.ii..J=..
1066b95e4  29 c1 2a 8b 69 59 28 f8 10 02 00 14 0a 00 80 d2  ).*.iY(.........
1066b95f4  88 15 00 12 1f 61 00 71 88 41 00 54 a8 11 00 11  .....a.q.A.T....
1066b9604  08 c0 28 8b 09 4f 29 8b 2b 05 40 f9 89 15 40 92  ..(..O).+.@...@.
1066b9614  8c 00 00 10 4d 7b 69 78 8c 09 0d 8b 80 01 1f d6  ....M{ix........
1066b9624  7f 01 0a eb 01 2e 00 54 74 01 00 14 e1 3f 00 b5  .......Tt....?..
1066b9634  8a 15 00 12 43 25 00 51 7f 78 00 71 68 3f 00 54  ....C%.Q.x.qh?.T
1066b9644  0a 00 80 52 01 00 80 d2 8b 2d 06 53 84 35 14 12  ...R.....-.S.5..
1066b9654  44 7c 14 33 8b 00 0b 2a 6b 51 51 2a 6b 51 50 2a  D|.3...*kQQ*kQP*
1066b9664  6b 51 4f 2a 6b 51 4e 2a 6b 51 4d 2a 6b 75 1e 53  kQO*kQN*kQM*ku.S
1066b9674  2f 8f 03 b0 ef 49 29 91 8d 00 00 10 ee 79 63 78  /....I)......ycx
1066b9684  ad 09 0e 8b a0 01 1f d6 08 4f 28 8b 01 05 40 f9  .........O(...@.
1066b9694  88 15 00 12 08 2d 00 51 1f 35 00 71 68 3c 00 54  .....-.Q.5.qh<.T
1066b96a4  0a c0 2b 8b 4b 11 00 91 09 4f 29 8b 29 05 40 f9  ..+.K....O).).@.
1066b96b4  2d 8f 03 b0 ad 41 2a 91 8a 00 00 10 ac 79 68 78  -....A*......yhx
1066b96c4  4a 09 0c 8b 40 01 1f d6 3f 01 00 f1 8d 62 00 54  J...@...?....b.T
1066b96d4  09 00 80 52 08 00 80 52 f0 01 00 14 7f 69 00 71  ...R...R.....i.q
1066b96e4  c0 26 00 54 7f cd 00 71 01 3a 00 54 0b 23 00 91  .&.T...q.:.T.#..
1066b96f4  69 59 69 f8 4a 3d 00 12 29 01 0a 8a 69 59 28 f8  iYi.J=..)...iY(.
1066b9704  ca 01 00 14 0b 23 00 91 69 59 69 f8 29 a1 2a 8b  .....#..iYi.).*.
1066b9714  69 59 28 f8 c5 01 00 14 5f 25 00 71 61 38 00 54  iY(....._%.qa8.T
1066b9724  0b 00 80 52 09 00 80 52 0a 00 80 52 e8 82 5f f8  ...R...R...R.._.
1066b9734  08 01 0d 8b 2c 00 80 52 4b 01 00 14 8d 2d 00 12  ....,..RK....-..
1066b9744  ae 05 01 51 ce 19 8e 13 df f5 00 71 48 7d 00 54  ...Q.......qH}.T
1066b9754  31 8f 03 b0 31 6a 2d 91 8f 00 00 10 30 7a 6e 78  1...1j-.....0znx
1066b9764  ef 09 10 8b e0 01 1f d6 8b 2d 00 12 7f 01 25 71  .........-....%q
1066b9774  0d 4e 00 54 7f bd 31 71 cd 5e 00 54 7f c1 31 71  .N.T..1q.^.T..1q
1066b9784  00 3d 00 54 7f 05 32 71 00 60 00 54 7f 05 39 71  .=.T..2q.`.T..9q
1066b9794  80 73 00 54 a5 01 00 14 88 7d 14 53 09 01 19 12  .s.T.....}.S....
1066b97a4  0a 01 18 12 0b 01 17 12 0d 01 16 12 08 01 15 12  ................
1066b97b4  8e 35 14 12 8e 69 14 33 8e 2d 06 33 c9 01 09 2a  .5...i.3.-.3...*
1066b97c4  29 01 0a 2a 29 01 0b 2a 29 01 0d 2a 28 01 08 2a  )..*)..*)..*(..*
1066b97d4  09 03 80 52 6a e6 01 b0 4a 41 1e 91 08 29 a9 9b  ...Rj...JA...)..
1066b97e4  09 01 40 b9 3f 55 00 71 e8 66 00 54 08 09 40 f9  ..@.?U.q.f.T..@.
1066b97f4  2c 8f 03 b0 8c b1 2a 91 8a 00 00 10 8b 79 69 78  ,.....*......yix
1066b9804  4a 09 0b 8b 40 01 1f d6 c0 00 40 fd 08 00 78 9e  J...@.....@...x.
1066b9814  e8 00 00 f9 85 01 00 14 e8 07 80 52 e8 03 a0 72  ...........R...r
1066b9824  8b 01 08 0a 68 4d 00 51 08 41 88 13 1f 6d 00 71  ....hM.Q.A...m.q
1066b9834  c8 2f 00 54 68 22 c8 1a 2a 04 9c 52 8a 10 a1 72  ./.Th"..*..R...r
1066b9844  1f 01 0a 6a 20 2f 00 54 01 2f 00 b5 88 2d 06 53  ...j /.T./...-.S
1066b9854  8a 0d 14 12 4a 7c 14 33 48 01 08 2a 08 51 51 2a  ....J|.3H..*.QQ*
1066b9864  08 51 50 2a 08 51 4f 2a 08 51 4e 2a 08 51 4d 2a  .QP*.QO*.QN*.QM*
1066b9874  08 3d 1e 13 4a 02 80 52 aa 00 a0 72 7f 01 0a 6b  .=..J..R...r...k
1066b9884  cc 24 00 54 7f 9d 00 71 08 2d 00 54 0a 00 80 52  .$.T...q.-.T...R
1066b9894  2e 8f 03 b0 ce 61 2b 91 ac 00 00 10 cd 79 6b 78  .....a+......ykx
1066b98a4  8c 09 0d 8b ed 03 00 aa 80 01 1f d6 0d 00 80 d2  ................
1066b98b4  08 11 00 11 08 c0 28 8b 09 4f 29 8b 2c 05 40 f9  ......(..O).,.@.
1066b98c4  49 02 80 52 a9 00 a0 72 7f 01 09 6b 8c 24 00 54  I..R...r...k.$.T
1066b98d4  7f 61 00 71 a8 2a 00 54 2e 8f 03 b0 ce a1 2c 91  .a.q.*.T......,.
1066b98e4  89 00 00 10 ca 79 6b 78 29 09 0a 8b 20 01 1f d6  .....ykx)... ...
1066b98f4  9f 01 0d eb c1 56 00 54 ba 02 00 14 8a 2d 06 53  .....V.T.....-.S
1066b9904  8b 0d 14 12 4b 7c 14 33 6a 01 0a 2a 4a 51 51 2a  ....K|.3j..*JQQ*
1066b9914  4a 51 50 2a 4a 51 4f 2a 4a 51 4e 2a 4a 51 4d 2a  JQP*JQO*JQN*JQM*
1066b9924  0b 23 00 91 69 59 69 f8 3f a1 2a eb e9 a7 9f 1a  .#..iYi.?.*.....
1066b9934  69 59 28 f8 3d 01 00 14 8b 2d 00 12 7f bd 29 71  iY(.=....-....)q
1066b9944  0d 1d 00 54 7f c1 29 71 c0 32 00 54 7f c1 31 71  ...T..)q.2.T..1q
1066b9954  80 2e 00 54 7f c1 3d 71 81 26 00 54 0a 23 00 91  ...T..=q.&.T.#..
1066b9964  29 f1 7d d3 49 69 a9 b8 08 f1 7d d3 48 69 a8 b8  ).}.Ii....}.Hi..
1066b9974  e5 00 00 14 8a 2d 06 53 8b 0d 14 12 4b 7c 14 33  .....-.S....K|.3
1066b9984  6a 01 0a 2a 4a 51 51 2a 4a 51 50 2a 4a 51 4f 2a  j..*JQQ*JQP*JQO*

,	Aweme!0x3e71268 this.args0 onLeave 0x281e0e6a0             0  1  2  3  4  5  6  7  8  9  A  B  C  D  E  F  0123456789ABCDEF
281e0e6a0  68 62 38 0a 01 00 00 00 29 00 00 00 28 00 00 00  hb8.....)...(...
281e0e6b0  20 d6 09 81 02 00 00 00 8d 48 dd fb 3c 00 00 00   ........H..<...
281e0e6c0  10 fb c8 83 02 00 00 00 90 fd c8 83 02 00 00 00  ................
281e0e6d0  e0 fd c8 83 02 00 00 00 00 00 00 00 00 00 00 00  ................
281e0e6e0  e0 e6 9b b9 19 da 00 00 c2 00 31 38 32 30 38 32  ..........182082
281e0e6f0  35 36 39 32 30 00 00 00 31 36 31 38 32 30 38 0d  56920...1618208.
281e0e700  00 e7 9b b9 19 da 00 00 2b 01 60 00 00 00 00 00  ........+.`.....
281e0e710  0b 46 69 6c 6d 20 4d 50 45 47 2d 34 00 00 00 00  .Film MPEG-4....
281e0e720  20 e7 9b b9 19 da 00 00 3c 01 35 81 02 00 00 00   .......<.5.....
281e0e730  20 00 00 00 00 00 00 00 30 00 00 00 00 00 00 80   .......0.......
281e0e740  91 18 aa e5 a1 01 00 00 85 16 00 00 01 00 00 00  ................
281e0e750  cd cc cc cc cc e8 81 40 00 00 00 00 00 00 00 00  .......@........
281e0e760  60 e7 9b b9 19 da 00 00 38 01 00 00 00 00 00 00  `.......8.......
281e0e770  00 00 00 00 00 00 00 00 00 00 00 00 00 00 00 00  ................
281e0e780  00 00 00 00 00 00 00 00 00 59 35 82 02 00 00 00  .........Y5.....
281e0e790  00 00 00 00 00 00 00 00 00 00 00 00 00 00 00 00  ................
281e0e7a0  a0 e7 9b b9 19 da 00 00 20 01 60 00 00 00 00 00  ........ .`.....
281e0e7b0  0b 4d 50 45 47 2d 34 2d 66 69 6c 6d 00 00 00 00  .MPEG-4-film....
281e0e7c0  c0 e7 9b b9 19 da 00 00 3e 01 60 00 00 00 00 00  ........>.`.....
281e0e7d0  0b 4d 50 45 47 2d 34 20 66 69 6c 6d 00 00 00 00  .MPEG-4 film....
281e0e7e0  e0 e7 9b b9 19 da 00 00 44 01 00 00 00 00 00 00  ........D.......
281e0e7f0  00 00 00 00 00 00 00 00 00 00 00 00 00 00 00 00  ................
281e0e800  00 e8 9b b9 19 da 00 00 43 01 31 38 32 30 38 32  ........C.182082
281e0e810  35 39 38 35 35 00 00 00 31 36 31 38 32 30 38 0d  59855...1618208.
281e0e820  20 e8 9b b9 19 da 00 00 41 01 30 30 30 00 00 00   .......A.000...
281e0e830  10 27 00 00 00 00 00 00 31 30 30 30 30 00 00 05  .'......10000...
281e0e840  40 e8 9b b9 19 da 00 00 40 01 00 9c 01 00 00 00  @.......@.......
281e0e850  ff ff ff ff ff ff ff ff 2d 31 00 00 00 00 00 02  ........-1......
281e0e860  60 e8 9b b9 19 da 00 00 48 01 32 31 30 34 30 32  `.......H.210402
281e0e870  30 30 30 38 33 35 00 00 32 30 32 31 30 34 30 0e  000835..2021040.
281e0e880  80 e8 9b b9 19 da 00 00 46 01 31 38 32 30 38 32  ........F.182082
281e0e890  35 35 39 35 33 00 00 00 31 36 31 38 32 30 38 0d  55953...1618208.
281e0e8a0  a0 e8 9b b9 19 da 00 00 69 01 00 00 00 00 00 00  ........i.......
281e0e8b0  00 00 00 00 00 00 00 00 00 00 00 00 00 00 00 00  ................
281e0e8c0  c0 e8 9b b9 19 da 00 00 45 01 00 00 00 00 00 00  ........E.......
281e0e8d0  00 00 00 00 00 00 00 00 00 00 00 00 00 00 00 00  ................
281e0e8e0  e0 e8 9b b9 19 da 00 00 47 01 1c 83 02 00 00 00  ........G.......
281e0e8f0  00 7c 1c 83 02 00 00 00 80 7c 1c 83 02 00 00 00  .|.......|......
281e0e900  00 e9 9b b9 19 da 00 00 42 01 31 82 02 00 00 00  ........B.1.....
281e0e910  00 8c 31 82 02 00 00 00 00 8d 31 82 02 00 00 00  ..1.......1.....
281e0e920  20 e9 9b b9 19 da 00 00 4f 01 35 81 02 00 00 00   .......O.5.....
281e0e930  20 00 00 00 00 00 00 00 30 00 00 00 00 00 00 80   .......0.......
281e0e940  40 e9 9b b9 19 da 00 00 4a 01 00 00 00 00 00 00  @.......J.......
281e0e950  00 00 00 00 00 00 00 00 00 00 00 00 00 00 00 00  ................
281e0e960  60 e9 9b b9 19 da 00 00 50 01 00 00 00 00 00 00  `.......P.......
281e0e970  00 00 00 00 00 00 00 00 00 00 00 00 00 00 00 00  ................
281e0e980  80 e9 9b b9 19 da 00 00 4e 01 d1 0f 01 00 00 00  ........N.......
281e0e990  c9 01 00 00 00 00 00 00 d0 01 00 00 00 00 00 80  ................
281e0e9a0  a0 e9 9b b9 19 da 00 00 4b 01 00 00 00 00 00 00  ........K.......
281e0e9b0  00 00 00 00 00 00 00 00 00 00 00 00 00 00 00 00  ................
281e0e9c0  c0 e9 9b b9 19 da 00 00 51 01 00 00 00 00 00 00  ........Q.......
281e0e9d0  00 00 00 00 00 00 00 00 00 00 00 00 00 00 00 00  ................
281e0e9e0  e0 e9 9b b9 19 da 00 00 4d 01 00 00 00 00 00 00  ........M.......
281e0e9f0  00 00 00 00 00 00 00 00 00 00 00 00 00 00 00 00  ................
281e0ea00  00 ea 9b b9 19 da 00 00 49 01 31 38 32 30 38 32  ........I.182082
281e0ea10  35 36 39 32 32 00 00 00 31 36 31 38 32 30 38 0d  56922...1618208.
281e0ea20  20 ea 9b b9 19 da 00 00 4c 01 31 82 02 00 00 00   .......L.1.....
281e0ea30  00 84 31 82 02 00 00 00 00 85 31 82 02 00 00 00  ..1.......1.....
281e0ea40  40 ea 9b b9 19 da 00 00 52 01 1c 83 02 00 00 00  @.......R.......
281e0ea50  00 6b 1c 83 02 00 00 00 80 6b 1c 83 02 00 00 00  .k.......k......
281e0ea60  77 65 62 63 61 73 74 33 2d 6e 6f 72 6d 61 6c 2d  webcast3-normal-
281e0ea70  63 2d 68 6c 2e 61 6d 65 6d 76 2e 63 6f 6d 00 00  c-hl.amemv.com..
281e0ea80  00 00 00 00 00 00 00 00 be 01 60 00 00 00 00 00  ..........`.....
281e0ea90  ff ff ff ff ff ff ff ff 00 00 00 00 00 00 00 00  ................

,	Aweme!0x3e71268 this.args1 onLeave 0x28109c5d0             0  1  2  3  4  5  6  7  8  9  A  B  C  D  E  F  0123456789ABCDEF
28109c5d0  2b 58 62 64 70 49 30 48 6b 2f 62 4a 48 64 32 6b  +XbdpI0Hk/bJHd2k
28109c5e0  77 67 61 50 34 4e 68 49 33 65 76 44 47 70 6e 78  wgaP4NhI3evDGpnx
28109c5f0  6a 55 6a 64 2b 7a 77 3d 00 00 00 00 00 00 00 00  jUjd+zw=........
28109c600  f0 f0 a9 e5 01 00 00 00 02 00 00 c1 00 00 00 00  ................
28109c610  a0 9d 52 9d 01 00 00 00 80 5f aa da 01 00 00 00  ..R......_......
28109c620  ff 5f cb ee fe ff ff ff ff a8 63 d5 01 00 00 00  ._........c.....
28109c630  f0 f0 a9 e5 01 00 00 00 02 00 00 c1 00 00 00 00  ................
28109c640  a0 9d 52 9d 01 00 00 00 80 5f aa da 01 00 00 00  ..R......_......
28109c650  3f 3c fb 7d fd ff ff ff 0a 9f 63 d5 01 00 00 00  ?<.}......c.....
28109c660  e1 13 aa e5 a1 01 00 00 00 00 00 00 00 00 00 00  ................
28109c670  e0 bc d6 81 02 00 00 00 00 00 00 00 02 00 00 00  ................
28109c680  6d 00 00 00 00 00 00 00 00 00 00 00 00 00 00 00  m...............
28109c690  b5 f9 ee 0b a1 41 00 00 00 00 00 00 00 00 00 00  .....A..........
28109c6a0  c0 08 e1 82 02 00 00 00 00 00 00 00 00 00 00 00  ................
28109c6b0  b0 fa d6 81 02 00 00 00 00 00 00 00 00 00 00 00  ................
28109c6c0  19 18 aa e5 a1 01 00 00 8c 07 00 00 01 00 00 00  ................
28109c6d0  19 6d 70 5f 67 61 6d 65 5f 61 64 5f 72 65 71 75  .mp_game_ad_requ
28109c6e0  65 73 74 5f 72 65 73 75 6c 74 00 00 00 00 00 00  est_result......
28109c6f0  19 18 aa e5 a1 01 00 00 8c 07 00 00 01 00 00 00  ................
28109c700  12 6d 70 5f 67 61 6d 65 5f 61 64 5f 6f 70 65 72  .mp_game_ad_oper
28109c710  61 74 65 00 00 00 00 00 00 00 00 00 00 00 00 00  ate.............
28109c720  19 18 aa e5 a1 01 00 00 8c 07 00 00 01 00 00 00  ................
28109c730  18 6d 70 5f 67 61 6d 65 5f 61 64 5f 63 72 65 61  .mp_game_ad_crea
28109c740  74 65 5f 72 65 73 75 6c 74 00 00 00 00 00 00 00  te_result.......
28109c750  19 18 aa e5 a1 01 00 00 8c 07 00 00 01 00 00 00  ................
28109c760  11 6d 70 5f 67 61 6d 65 5f 61 64 5f 63 72 65 61  .mp_game_ad_crea
28109c770  74 65 00 00 00 00 00 00 00 00 00 00 00 00 00 00  te..............
28109c780  19 18 aa e5 a1 01 00 00 8c 07 00 00 01 00 00 00  ................
28109c790  14 6d 70 5f 66 73 5f 74 72 61 6e 73 66 65 72 5f  .mp_fs_transfer_
28109c7a0  73 74 61 72 74 00 00 00 00 00 00 00 00 00 00 00  start...........
28109c7b0  19 18 aa e5 a1 01 00 00 8c 07 00 00 01 00 00 00  ................
28109c7c0  13 6d 70 5f 66 73 5f 6f 70 65 6e 5f 77 69 74 68  .mp_fs_open_with
28109c7d0  5f 64 69 72 00 00 00 00 00 00 00 00 00 00 00 00  _dir............
28109c7e0  39 cd aa e5 a1 01 00 00 00 00 00 00 00 00 00 00  9...............
28109c7f0  00 00 00 00 00 00 00 00 00 00 00 00 00 00 00 00  ................
28109c800  00 00 00 00 00 00 00 00 00 00 00 00 00 00 00 00  ................
28109c810  19 18 aa e5 a1 01 00 00 8c 07 00 00 01 00 00 00  ................
28109c820  13 6d 70 5f 63 70 6a 73 5f 6c 6f 61 64 5f 72 65  .mp_cpjs_load_re
28109c830  73 75 6c 74 00 00 00 00 00 00 00 00 00 00 00 00  sult............
28109c840  19 18 aa e5 a1 01 00 00 8c 07 00 00 01 00 00 00  ................
28109c850  11 6d 70 5f 67 61 6d 65 5f 72 75 6e 5f 65 72 72  .mp_game_run_err
28109c860  6f 72 00 00 00 00 00 00 00 00 00 00 00 00 00 00  or..............
28109c870  19 18 aa e5 a1 01 00 00 8c 07 00 00 01 00 00 00  ................
28109c880  15 6d 70 5f 63 6f 6c 6c 65 63 74 5f 67 75 69 64  .mp_collect_guid
28109c890  65 5f 73 68 6f 77 00 00 00 00 00 00 00 00 00 00  e_show..........
28109c8a0  00 00 00 00 00 00 00 00 00 00 00 00 00 00 00 00  ................
28109c8b0  a0 c8 09 81 02 00 00 00 a0 c8 09 81 02 00 00 00  ................
28109c8c0  00 00 00 00 00 00 00 00 00 00 00 00 00 00 00 00  ................
28109c8d0  19 18 aa e5 a1 01 00 00 8c 07 00 00 01 00 00 00  ................
28109c8e0  1c 55 49 52 65 71 75 69 72 65 64 44 65 76 69 63  .UIRequiredDevic
28109c8f0  65 43 61 70 61 62 69 6c 69 74 69 65 73 00 00 00  eCapabilities...
28109c900  19 18 aa e5 a1 01 00 00 8c 07 00 00 01 00 00 00  ................
28109c910  15 69 70 68 6f 6e 65 6f 73 31 33 2e 33 2e 69 6e  .iphoneos13.3.in
28109c920  74 65 72 6e 61 6c 00 00 00 00 00 00 00 00 00 00  ternal..........
28109c930  19 18 aa e5 a1 01 00 00 8c 07 00 00 01 00 00 00  ................
28109c940  1a 41 58 53 61 66 61 72 69 53 65 72 76 69 63 65  .AXSafariService
28109c950  73 53 68 61 72 65 64 47 6c 75 65 00 00 00 00 00  sSharedGlue.....
28109c960  e1 13 aa e5 a1 01 00 00 00 00 00 00 00 00 00 00  ................
28109c970  00 19 d4 81 02 00 00 00 00 00 00 00 02 00 00 00  ................
28109c980  02 00 00 00 01 00 00 00 00 00 00 00 00 00 00 00  ................
28109c990  e1 13 aa e5 a1 01 00 00 00 00 00 00 00 00 00 00  ................
28109c9a0  70 17 d4 81 02 00 00 00 00 00 00 00 02 00 00 00  p...............
28109c9b0  02 00 00 00 01 00 00 00 00 00 00 00 00 00 00 00  ................
28109c9c0  e1 13 aa e5 a1 01 00 00 00 00 00 00 00 00 00 00  ................

,	Aweme!0x3e71268 this.args2 onLeave 0x1 0x1

,	Aweme!0x3e71268 this.args3 onLeave 0x281d6bc68             0  1  2  3  4  5  6  7  8  9  A  B  C  D  E  F  0123456789ABCDEF
281d6bc68  00 04 f9 76 00 00 00 00 07 a4 21 10 01 00 00 00  ...v......!.....
281d6bc78  03 00 00 00 00 00 00 00 00 01 00 00 00 00 00 00  ................
281d6bc88  00 00 00 00 00 00 00 00 b7 a4 21 10 01 00 00 00  ..........!.....
281d6bc98  07 00 00 00 00 00 00 00 67 65 74 44 6f 77 6e 6c  ........getDownl
281d6bca8  6f 61 64 55 52 4c 00 00 67 65 74 50 6c 61 79 55  oadURL..getPlayU
281d6bcb8  52 4c 00 00 00 00 00 00 e7 a4 21 10 01 00 00 00  RL........!.....
281d6bcc8  05 00 00 00 00 00 00 00 cb a4 21 10 01 00 00 00  ..........!.....
281d6bcd8  0f 00 00 00 00 00 00 00 00 1d 1f 83 02 00 00 00  ................
281d6bce8  00 00 00 00 00 00 00 00 01 00 00 00 00 00 00 00  ................
281d6bcf8  c3 03 00 00 00 00 00 00 49 a4 21 10 01 00 00 00  ........I.!.....
281d6bd08  1d 00 00 00 00 00 00 00 38 a5 21 10 01 00 00 00  ........8.!.....
281d6bd18  39 00 00 00 00 00 00 00 c8 a5 21 10 01 00 00 00  9.........!.....
281d6bd28  1d 00 00 00 00 00 00 00 67 65 74 49 73 48 32 36  ........getIsH26
281d6bd38  35 00 00 00 00 00 00 00 67 65 74 4f 72 69 67 69  5.......getOrigi
281d6bd48  6e 43 6f 76 65 72 00 00 67 65 74 48 61 73 57 61  nCover..getHasWa
281d6bd58  74 65 72 6d 61 72 6b 00 67 65 74 54 6f 6b 65 6e  termark.getToken
281d6bd68  41 75 74 68 00 00 00 00 67 65 74 42 69 67 54 68  Auth....getBigTh
281d6bd78  75 6d 62 73 00 00 00 00 67 65 74 42 61 72 72 61  umbs....getBarra
281d6bd88  67 65 73 4c 69 73 74 00 67 65 74 55 73 65 72 41  gesList.getUserA
281d6bd98  63 74 69 6f 6e 73 00 00 67 65 74 49 73 46 69 72  ctions..getIsFir
281d6bda8  73 74 56 69 64 65 6f 00 67 65 74 41 64 49 6e 66  stVideo.getAdInf
281d6bdb8  6f 00 00 00 00 00 00 00 67 65 74 4e 65 61 72 62  o.......getNearb
281d6bdc8  79 4c 65 76 65 6c 00 00 9d a5 21 10 01 00 00 00  yLevel....!.....
281d6bdd8  18 00 00 00 00 00 00 00 e0 bd ad b9 19 da 00 00  ................
281d6bde8  fb 07 00 00 00 00 00 00 f0 bd ad b9 19 da 00 00  ................
281d6bdf8  df 03 00 00 00 00 00 00 00 be ad b9 19 da 00 00  ................
281d6be08  e0 03 00 00 00 00 00 00 10 be ad b9 19 da 00 00  ................
281d6be18  e7 03 00 00 00 00 00 00 00 00 00 00 01 00 00 00  ................
281d6be28  00 00 00 00 00 00 00 00 02 00 00 00 01 00 00 00  ................
281d6be38  ea 03 70 80 02 00 00 00 40 be ad b9 19 da 00 00  ..p.....@.......
281d6be48  ff 03 34 11 01 00 00 00 00 01 00 00 00 00 00 00  ..4.............
281d6be58  00 00 00 00 00 00 00 00 60 be ad b9 19 da 00 00  ........`.......
281d6be68  f6 03 c8 83 02 00 00 00 79 d8 aa e5 a1 01 00 00  ........y.......
281d6be78  a0 45 f5 83 02 00 00 00 80 be ad b9 19 da 00 00  .E..............
281d6be88  65 03 f1 6d 01 00 00 00 01 00 00 00 00 00 00 00  e..m............
281d6be98  9c 03 00 00 45 4b 41 57 50 a6 21 10 01 00 00 00  ....EKAWP.!.....
281d6bea8  09 00 00 00 00 00 00 00 01 00 00 00 00 00 00 00  ................
281d6beb8  bd 03 00 00 00 00 00 00 c0 be ad b9 19 da 00 00  ................
281d6bec8  63 02 00 00 00 00 00 00 40 5a f5 83 02 00 00 00  c.......@Z......
281d6bed8  90 5a f5 83 02 00 00 00 19 d9 aa e5 a1 01 00 00  .Z..............
281d6bee8  90 ee c8 83 02 00 00 00 30 a7 21 10 01 00 00 00  ........0.!.....
281d6bef8  1f 00 00 00 00 00 00 00 79 d8 aa e5 a1 01 00 00  ........y.......
281d6bf08  60 18 c1 83 02 00 00 00 23 a6 21 10 01 00 00 00  `.......#.!.....
281d6bf18  0d 00 00 00 00 00 00 00 69 a6 21 10 01 00 00 00  ........i.!.....
281d6bf28  09 00 00 00 00 00 00 00 3d a6 21 10 01 00 00 00  ........=.!.....
281d6bf38  09 00 00 00 00 00 00 00 7e a6 21 10 01 00 00 00  ........~.!.....
281d6bf48  07 00 00 00 00 00 00 00 50 bf ad b9 19 da 00 00  ........P.......
281d6bf58  3a 03 00 00 00 00 00 00 13 a5 21 10 01 00 00 00  :.........!.....
281d6bf68  18 00 00 00 00 00 00 00 f2 a5 21 10 01 00 00 00  ..........!.....
281d6bf78  14 00 00 00 00 00 00 00 15 a7 21 10 01 00 00 00  ..........!.....
281d6bf88  0d 00 00 00 00 00 00 00 80 f4 e3 81 02 00 00 00  ................
281d6bf98  80 0e e7 81 02 00 00 00 00 ff e0 81 02 00 00 00  ................
281d6bfa8  60 f7 e0 81 02 00 00 00 b0 bf ad b9 19 da 00 00  `...............
281d6bfb8  e9 03 00 00 00 00 00 00 01 00 00 00 00 00 00 00  ................
281d6bfc8  d0 03 00 00 00 00 00 00 d0 bf ad b9 19 da 00 00  ................
281d6bfd8  7b 03 00 00 00 00 00 00 e0 bf ad b9 19 da 00 00  {...............
281d6bfe8  e1 03 00 00 00 00 00 00 f0 bf ad b9 19 da 00 00  ................
281d6bff8  9c 03 00 00 00 00 00 00 13 00 1c 00 1d 00 16 00  ................
281d6c008  16 00 00 00 00 00 00 00 1d f6 ee 0b a1 01 00 00  ................
281d6c018  b0 e9 d6 81 02 00 00 00 00 00 00 00 01 00 00 00  ................
281d6c028  00 00 00 00 00 00 00 00 00 d0 18 11 01 00 00 00  ................
281d6c038  00 ec 19 11 01 00 00 00 40 c0 ad b9 19 da 00 00  ........@.......
281d6c048  7a 03 00 00 00 00 00 00 1d f6 ee 0b a1 01 00 00  z...............
281d6c058  d0 c4 d6 81 02 00 00 00 90 8c d2 21 01 00 00 00  ...........!....

,	Aweme!0x3e71268 this.args4 onLeave 0x1066b9594             0  1  2  3  4  5  6  7  8  9  A  B  C  D  E  F  0123456789ABCDEF
1066b9594  8a 2d 06 53 8b 0d 14 12 4b 7c 14 33 6a 01 0a 2a  .-.S....K|.3j..*
1066b95a4  4a 51 51 2a 4a 51 50 2a 4a 51 4f 2a 4a 51 4e 2a  JQQ*JQP*JQO*JQN*
1066b95b4  4a 51 4d 2a 8b 15 00 12 7f 81 00 71 40 0a 00 54  JQM*.......q@..T
1066b95c4  7f e5 00 71 00 0a 00 54 7f bd 00 71 e1 42 00 54  ...q...T...q.B.T
1066b95d4  0b 23 00 91 29 f1 7d d3 69 69 a9 b8 4a 3d 00 13  .#..).}.ii..J=..
1066b95e4  29 c1 2a 8b 69 59 28 f8 10 02 00 14 0a 00 80 d2  ).*.iY(.........
1066b95f4  88 15 00 12 1f 61 00 71 88 41 00 54 a8 11 00 11  .....a.q.A.T....
1066b9604  08 c0 28 8b 09 4f 29 8b 2b 05 40 f9 89 15 40 92  ..(..O).+.@...@.
1066b9614  8c 00 00 10 4d 7b 69 78 8c 09 0d 8b 80 01 1f d6  ....M{ix........
1066b9624  7f 01 0a eb 01 2e 00 54 74 01 00 14 e1 3f 00 b5  .......Tt....?..
1066b9634  8a 15 00 12 43 25 00 51 7f 78 00 71 68 3f 00 54  ....C%.Q.x.qh?.T
1066b9644  0a 00 80 52 01 00 80 d2 8b 2d 06 53 84 35 14 12  ...R.....-.S.5..
1066b9654  44 7c 14 33 8b 00 0b 2a 6b 51 51 2a 6b 51 50 2a  D|.3...*kQQ*kQP*
1066b9664  6b 51 4f 2a 6b 51 4e 2a 6b 51 4d 2a 6b 75 1e 53  kQO*kQN*kQM*ku.S
1066b9674  2f 8f 03 b0 ef 49 29 91 8d 00 00 10 ee 79 63 78  /....I)......ycx
1066b9684  ad 09 0e 8b a0 01 1f d6 08 4f 28 8b 01 05 40 f9  .........O(...@.
1066b9694  88 15 00 12 08 2d 00 51 1f 35 00 71 68 3c 00 54  .....-.Q.5.qh<.T
1066b96a4  0a c0 2b 8b 4b 11 00 91 09 4f 29 8b 29 05 40 f9  ..+.K....O).).@.
1066b96b4  2d 8f 03 b0 ad 41 2a 91 8a 00 00 10 ac 79 68 78  -....A*......yhx
1066b96c4  4a 09 0c 8b 40 01 1f d6 3f 01 00 f1 8d 62 00 54  J...@...?....b.T
1066b96d4  09 00 80 52 08 00 80 52 f0 01 00 14 7f 69 00 71  ...R...R.....i.q
1066b96e4  c0 26 00 54 7f cd 00 71 01 3a 00 54 0b 23 00 91  .&.T...q.:.T.#..
1066b96f4  69 59 69 f8 4a 3d 00 12 29 01 0a 8a 69 59 28 f8  iYi.J=..)...iY(.
1066b9704  ca 01 00 14 0b 23 00 91 69 59 69 f8 29 a1 2a 8b  .....#..iYi.).*.
1066b9714  69 59 28 f8 c5 01 00 14 5f 25 00 71 61 38 00 54  iY(....._%.qa8.T
1066b9724  0b 00 80 52 09 00 80 52 0a 00 80 52 e8 82 5f f8  ...R...R...R.._.
1066b9734  08 01 0d 8b 2c 00 80 52 4b 01 00 14 8d 2d 00 12  ....,..RK....-..
1066b9744  ae 05 01 51 ce 19 8e 13 df f5 00 71 48 7d 00 54  ...Q.......qH}.T
1066b9754  31 8f 03 b0 31 6a 2d 91 8f 00 00 10 30 7a 6e 78  1...1j-.....0znx
1066b9764  ef 09 10 8b e0 01 1f d6 8b 2d 00 12 7f 01 25 71  .........-....%q
1066b9774  0d 4e 00 54 7f bd 31 71 cd 5e 00 54 7f c1 31 71  .N.T..1q.^.T..1q
1066b9784  00 3d 00 54 7f 05 32 71 00 60 00 54 7f 05 39 71  .=.T..2q.`.T..9q
1066b9794  80 73 00 54 a5 01 00 14 88 7d 14 53 09 01 19 12  .s.T.....}.S....
1066b97a4  0a 01 18 12 0b 01 17 12 0d 01 16 12 08 01 15 12  ................
1066b97b4  8e 35 14 12 8e 69 14 33 8e 2d 06 33 c9 01 09 2a  .5...i.3.-.3...*
1066b97c4  29 01 0a 2a 29 01 0b 2a 29 01 0d 2a 28 01 08 2a  )..*)..*)..*(..*
1066b97d4  09 03 80 52 6a e6 01 b0 4a 41 1e 91 08 29 a9 9b  ...Rj...JA...)..
1066b97e4  09 01 40 b9 3f 55 00 71 e8 66 00 54 08 09 40 f9  ..@.?U.q.f.T..@.
1066b97f4  2c 8f 03 b0 8c b1 2a 91 8a 00 00 10 8b 79 69 78  ,.....*......yix
1066b9804  4a 09 0b 8b 40 01 1f d6 c0 00 40 fd 08 00 78 9e  J...@.....@...x.
1066b9814  e8 00 00 f9 85 01 00 14 e8 07 80 52 e8 03 a0 72  ...........R...r
1066b9824  8b 01 08 0a 68 4d 00 51 08 41 88 13 1f 6d 00 71  ....hM.Q.A...m.q
1066b9834  c8 2f 00 54 68 22 c8 1a 2a 04 9c 52 8a 10 a1 72  ./.Th"..*..R...r
1066b9844  1f 01 0a 6a 20 2f 00 54 01 2f 00 b5 88 2d 06 53  ...j /.T./...-.S
1066b9854  8a 0d 14 12 4a 7c 14 33 48 01 08 2a 08 51 51 2a  ....J|.3H..*.QQ*
1066b9864  08 51 50 2a 08 51 4f 2a 08 51 4e 2a 08 51 4d 2a  .QP*.QO*.QN*.QM*
1066b9874  08 3d 1e 13 4a 02 80 52 aa 00 a0 72 7f 01 0a 6b  .=..J..R...r...k
1066b9884  cc 24 00 54 7f 9d 00 71 08 2d 00 54 0a 00 80 52  .$.T...q.-.T...R
1066b9894  2e 8f 03 b0 ce 61 2b 91 ac 00 00 10 cd 79 6b 78  .....a+......ykx
1066b98a4  8c 09 0d 8b ed 03 00 aa 80 01 1f d6 0d 00 80 d2  ................
1066b98b4  08 11 00 11 08 c0 28 8b 09 4f 29 8b 2c 05 40 f9  ......(..O).,.@.
1066b98c4  49 02 80 52 a9 00 a0 72 7f 01 09 6b 8c 24 00 54  I..R...r...k.$.T
1066b98d4  7f 61 00 71 a8 2a 00 54 2e 8f 03 b0 ce a1 2c 91  .a.q.*.T......,.
1066b98e4  89 00 00 10 ca 79 6b 78 29 09 0a 8b 20 01 1f d6  .....ykx)... ...
1066b98f4  9f 01 0d eb c1 56 00 54 ba 02 00 14 8a 2d 06 53  .....V.T.....-.S
1066b9904  8b 0d 14 12 4b 7c 14 33 6a 01 0a 2a 4a 51 51 2a  ....K|.3j..*JQQ*
1066b9914  4a 51 50 2a 4a 51 4f 2a 4a 51 4e 2a 4a 51 4d 2a  JQP*JQO*JQN*JQM*
1066b9924  0b 23 00 91 69 59 69 f8 3f a1 2a eb e9 a7 9f 1a  .#..iYi.?.*.....
1066b9934  69 59 28 f8 3d 01 00 14 8b 2d 00 12 7f bd 29 71  iY(.=....-....)q
1066b9944  0d 1d 00 54 7f c1 29 71 c0 32 00 54 7f c1 31 71  ...T..)q.2.T..1q
1066b9954  80 2e 00 54 7f c1 3d 71 81 26 00 54 0a 23 00 91  ...T..=q.&.T.#..
1066b9964  29 f1 7d d3 49 69 a9 b8 08 f1 7d d3 48 69 a8 b8  ).}.Ii....}.Hi..
1066b9974  e5 00 00 14 8a 2d 06 53 8b 0d 14 12 4b 7c 14 33  .....-.S....K|.3
1066b9984  6a 01 0a 2a 4a 51 51 2a 4a 51 50 2a 4a 51 4f 2a  j..*JQQ*JQP*JQO*

,retval onLeave: 0x281e0e6a0             0  1  2  3  4  5  6  7  8  9  A  B  C  D  E  F  0123456789ABCDEF
281e0e6a0  68 62 38 0a 01 00 00 00 29 00 00 00 28 00 00 00  hb8.....)...(...
281e0e6b0  20 d6 09 81 02 00 00 00 8d 48 dd fb 3c 00 00 00   ........H..<...
281e0e6c0  10 fb c8 83 02 00 00 00 90 fd c8 83 02 00 00 00  ................
281e0e6d0  e0 fd c8 83 02 00 00 00 00 00 00 00 00 00 00 00  ................
281e0e6e0  e0 e6 9b b9 19 da 00 00 c2 00 31 38 32 30 38 32  ..........182082
281e0e6f0  35 36 39 32 30 00 00 00 31 36 31 38 32 30 38 0d  56920...1618208.
281e0e700  00 e7 9b b9 19 da 00 00 2b 01 60 00 00 00 00 00  ........+.`.....
281e0e710  0b 46 69 6c 6d 20 4d 50 45 47 2d 34 00 00 00 00  .Film MPEG-4....
281e0e720  20 e7 9b b9 19 da 00 00 3c 01 35 81 02 00 00 00   .......<.5.....
281e0e730  20 00 00 00 00 00 00 00 30 00 00 00 00 00 00 80   .......0.......
281e0e740  91 18 aa e5 a1 01 00 00 85 16 00 00 01 00 00 00  ................
281e0e750  cd cc cc cc cc e8 81 40 00 00 00 00 00 00 00 00  .......@........
281e0e760  60 e7 9b b9 19 da 00 00 38 01 00 00 00 00 00 00  `.......8.......
281e0e770  00 00 00 00 00 00 00 00 00 00 00 00 00 00 00 00  ................
281e0e780  00 00 00 00 00 00 00 00 00 59 35 82 02 00 00 00  .........Y5.....
281e0e790  00 00 00 00 00 00 00 00 00 00 00 00 00 00 00 00  ................
281e0e7a0  a0 e7 9b b9 19 da 00 00 20 01 60 00 00 00 00 00  ........ .`.....
281e0e7b0  0b 4d 50 45 47 2d 34 2d 66 69 6c 6d 00 00 00 00  .MPEG-4-film....
281e0e7c0  c0 e7 9b b9 19 da 00 00 3e 01 60 00 00 00 00 00  ........>.`.....
281e0e7d0  0b 4d 50 45 47 2d 34 20 66 69 6c 6d 00 00 00 00  .MPEG-4 film....
281e0e7e0  e0 e7 9b b9 19 da 00 00 44 01 00 00 00 00 00 00  ........D.......
281e0e7f0  00 00 00 00 00 00 00 00 00 00 00 00 00 00 00 00  ................
281e0e800  00 e8 9b b9 19 da 00 00 43 01 31 38 32 30 38 32  ........C.182082
281e0e810  35 39 38 35 35 00 00 00 31 36 31 38 32 30 38 0d  59855...1618208.
281e0e820  20 e8 9b b9 19 da 00 00 41 01 30 30 30 00 00 00   .......A.000...
281e0e830  10 27 00 00 00 00 00 00 31 30 30 30 30 00 00 05  .'......10000...
281e0e840  40 e8 9b b9 19 da 00 00 40 01 00 9c 01 00 00 00  @.......@.......
281e0e850  ff ff ff ff ff ff ff ff 2d 31 00 00 00 00 00 02  ........-1......
281e0e860  60 e8 9b b9 19 da 00 00 48 01 32 31 30 34 30 32  `.......H.210402
281e0e870  30 30 30 38 33 35 00 00 32 30 32 31 30 34 30 0e  000835..2021040.
281e0e880  80 e8 9b b9 19 da 00 00 46 01 31 38 32 30 38 32  ........F.182082
281e0e890  35 35 39 35 33 00 00 00 31 36 31 38 32 30 38 0d  55953...1618208.
281e0e8a0  a0 e8 9b b9 19 da 00 00 69 01 00 00 00 00 00 00  ........i.......
281e0e8b0  00 00 00 00 00 00 00 00 00 00 00 00 00 00 00 00  ................
281e0e8c0  c0 e8 9b b9 19 da 00 00 45 01 00 00 00 00 00 00  ........E.......
281e0e8d0  00 00 00 00 00 00 00 00 00 00 00 00 00 00 00 00  ................
281e0e8e0  e0 e8 9b b9 19 da 00 00 47 01 1c 83 02 00 00 00  ........G.......
281e0e8f0  00 7c 1c 83 02 00 00 00 80 7c 1c 83 02 00 00 00  .|.......|......
281e0e900  00 e9 9b b9 19 da 00 00 42 01 31 82 02 00 00 00  ........B.1.....
281e0e910  00 8c 31 82 02 00 00 00 00 8d 31 82 02 00 00 00  ..1.......1.....
281e0e920  20 e9 9b b9 19 da 00 00 4f 01 35 81 02 00 00 00   .......O.5.....
281e0e930  20 00 00 00 00 00 00 00 30 00 00 00 00 00 00 80   .......0.......
281e0e940  40 e9 9b b9 19 da 00 00 4a 01 00 00 00 00 00 00  @.......J.......
281e0e950  00 00 00 00 00 00 00 00 00 00 00 00 00 00 00 00  ................
281e0e960  60 e9 9b b9 19 da 00 00 50 01 00 00 00 00 00 00  `.......P.......
281e0e970  00 00 00 00 00 00 00 00 00 00 00 00 00 00 00 00  ................
281e0e980  80 e9 9b b9 19 da 00 00 4e 01 d1 0f 01 00 00 00  ........N.......
281e0e990  c9 01 00 00 00 00 00 00 d0 01 00 00 00 00 00 80  ................
281e0e9a0  a0 e9 9b b9 19 da 00 00 4b 01 00 00 00 00 00 00  ........K.......
281e0e9b0  00 00 00 00 00 00 00 00 00 00 00 00 00 00 00 00  ................
281e0e9c0  c0 e9 9b b9 19 da 00 00 51 01 00 00 00 00 00 00  ........Q.......
281e0e9d0  00 00 00 00 00 00 00 00 00 00 00 00 00 00 00 00  ................
281e0e9e0  e0 e9 9b b9 19 da 00 00 4d 01 00 00 00 00 00 00  ........M.......
281e0e9f0  00 00 00 00 00 00 00 00 00 00 00 00 00 00 00 00  ................
281e0ea00  00 ea 9b b9 19 da 00 00 49 01 31 38 32 30 38 32  ........I.182082
281e0ea10  35 36 39 32 32 00 00 00 31 36 31 38 32 30 38 0d  56922...1618208.
281e0ea20  20 ea 9b b9 19 da 00 00 4c 01 31 82 02 00 00 00   .......L.1.....
281e0ea30  00 84 31 82 02 00 00 00 00 85 31 82 02 00 00 00  ..1.......1.....
281e0ea40  40 ea 9b b9 19 da 00 00 52 01 1c 83 02 00 00 00  @.......R.......
281e0ea50  00 6b 1c 83 02 00 00 00 80 6b 1c 83 02 00 00 00  .k.......k......
281e0ea60  77 65 62 63 61 73 74 33 2d 6e 6f 72 6d 61 6c 2d  webcast3-normal-
281e0ea70  63 2d 68 6c 2e 61 6d 65 6d 76 2e 63 6f 6d 00 00  c-hl.amemv.com..
281e0ea80  00 00 00 00 00 00 00 00 be 01 60 00 00 00 00 00  ..........`.....
281e0ea90  ff ff ff ff ff ff ff ff 00 00 00 00 00 00 00 00  ................

[end signal]{
    "X-Argus" = "RmGfEUFr/QLhbe3EcVrgNpxgU/Pumf07ZPkT78vZ+AxcHizW3WAnJdz7y7eMm4ois1b48/vpZL07MJVbwApVd1Kq5SnbK6EqFQB7aOIPiExfrBZfMhmE77AHS6o+VGCQnHrKNKtWSoYpaFeERzfBFzitr/Q01gis8rJyrsdVK5iD2JAIso+GkI4DD0Ai9XzsjFUPCw4K+vC5wkBBiXDpju6HKyVGJgeRW4tV3L6iavz0ig==";
    "X-Gorgon" = 8404400a000041a8e91d8372b5a214bb5da84218da0894799ff0;
    "X-Khronos" = 1618201440;
    "X-Ladon" = "KKq6KPPyjSGur6DcZF//PL8jchuHICh8/EbnVnmMs2KWPsAr";
    "X-Tyhon" = "+XbdpI0Hk/bJHd2kwgaP4NhI3evDGpnxjUjd+zw=";
}
Aweme!0x3ed67d0 6
Aweme!0x3ed3224 256
Aweme!0x3ed9e90 5
Aweme!0x3e711ac 3
Aweme!0x775c7e8 385
Aweme!0x3ed30b4 4
Aweme!0x3e87048 2
Aweme!0x775e090 3
Aweme!0x3eca7a8 4
Aweme!0x3e51f24 5
Aweme!0x3e70db0 21
Aweme!0x3e70100 2
Aweme!0x3e93d80 8
Aweme!0x3ede65c 1
Aweme!0x3ee4b84 8
Aweme!0x3e523dc 2
Aweme!0x3e8a13c 1
Aweme!0x3ea8c28 4
Aweme!0x3ecc8a8 1
Aweme!0x3e70b28 12
Aweme!0x3ea170c 9
Aweme!0x3e71268 1
Aweme!0x3ecec30 19
Aweme!0x3ecda6c 2
Aweme!0x775d328 2
Aweme!0x3ecf828 1
Aweme!0x3ecb118 3
Aweme!0x3ee5894 2
Aweme!0x3e4e698 2
Aweme!0x3ea1998 1
Aweme!0x3edb340 2
Aweme!0x3e71668 9
Aweme!0x3ed9ddc 8
Aweme!0x3e86adc 1
Aweme!0x3ed4a78 1
Aweme!0x3e58964 1
Aweme!0x3e67854 1
Aweme!0x3eda120 1
Aweme!0x3e87334 5
Aweme!0x3ed3344 1
Aweme!0x3e90ec0 1
Aweme!0x3eda408 2
Aweme!0x775e834 2
Aweme!0x3ea16b4 45
Aweme!0x3edacbc 1
Aweme!0x3e516d4 7
Aweme!0x3e51f88 10
Aweme!0x3e89ce8 1
Aweme!0x3ed328c 2
Aweme!0x3e71328 1
Aweme!0x3edb174 1
Aweme!0x3e86ff4 2
Aweme!0x3ecc90c 2
Aweme!0x775ec90 6
Aweme!0x3e67688 3
Aweme!0x3e71440 1
Aweme!0x3e71270 3
Aweme!0x775e720 6
Aweme!0x3ee4790 1
Aweme!0x3ecf88c 2
Aweme!0x3e52044 3
Aweme!0x3e872dc 5
Aweme!0x3e70ca4 2
Aweme!0x3e5c824 2
Aweme!0x3ed7260 1
Aweme!0x3ecb9d4 1
Aweme!0x775c7f4 38
Aweme!0x3e70dbc 1
Aweme!0x3e86ae4 1
Aweme!0x3e714a0 2
Aweme!0x3ecaaf8 1
Aweme!0x3e709c0 30
Aweme!0x3e523e8 2
Aweme!0x3ecfc30 1
Aweme!0x3e84c14 1
Aweme!0x3ecb180 19
Aweme!0x3e71218 3
Aweme!0x3e86ba0 3
Aweme!0x3ea6110 2
Aweme!0x3e70e1c 2
Aweme!0x3ed3238 6
Aweme!0x775e7e0 2
Aweme!0x3e70f90 2
Aweme!0x3ea1b74 10
Aweme!0x3ee5674 4
Aweme!0x3e51ed8 14
Aweme!0x3e5de48 2
Aweme!0x3eac354 1
Aweme!0x3e71448 1
Aweme!0x3ecb1e0 1
Aweme!0x3eaea20 11
Aweme!0x3ed32f4 2
Aweme!0x3e56530 1
Aweme!0x3e70d08 2
Aweme!0x3e4e1f0 9
Aweme!0x3ecb9dc 7
Aweme!0x3ea1664 1
Aweme!0x3e885c0 1
Aweme!0x3ed3010 516
Aweme!0x3e71108 1
Aweme!0x3e70f38 3
Aweme!0x3e7cea8 2
Aweme!0x3eca930 14
Aweme!0x3e67a34 1
Aweme!0x3e67c04 1
Aweme!0x3e60518 1
Aweme!0x3e523f0 5
Aweme!0x3ea7e18 52
Aweme!0x3ea3c78 1
Aweme!0x3e84a4c 1
Aweme!0x3ecafb8 1
Aweme!0x3ecb188 2
Aweme!0x3ead464 1
Aweme!0x3ed30cc 2
Aweme!0x3ed9ea8 5
Aweme!0x3e711c4 2
Aweme!0x3ecb2a0 24
Aweme!0x3e7cf08 2
Aweme!0x3e57ef4 18
Aweme!0x3ed7210 1
Aweme!0x3e86920 5
Aweme!0x3ed31e4 258
Aweme!0x3e712dc 3
Aweme!0x3ed9fc0 1
Aweme!0x3ed3240 1
Aweme!0x775e78c 238
Aweme!0x775e390 3
Aweme!0x3ed3358 3
Aweme!0x3ede618 2
Aweme!0x3edded8 1
Aweme!0x3e90ed4 1
Aweme!0x3ecef8c 1
Aweme!0x3e713f4 1
Aweme!0x3ecabc0 5
Aweme!0x3ecb9e4 7
Aweme!0x3eca820 4
Aweme!0x3ea1d50 1
Aweme!0x3e51f40 3
Aweme!0x3e714b0 1
Aweme!0x775c5d8 32
Aweme!0x3e5e8d8 1
Aweme!0x3e70ba0 10
Aweme!0x3e4f5ec 2
Aweme!0x3e71284 1
Aweme!0x3ea1ac8 1
Aweme!0x3e70b44 9
Aweme!0x3e5e594 1
Aweme!0x3e67810 56
Aweme!0x3e51918 7
Aweme!0x3e868c8 5
Aweme!0x3e61858 1
Aweme!0x3eac818 1
Aweme!0x3e8c880 4
Aweme!0x3e6057c 2
Aweme!0x3ecfd58 1
Aweme!0x3ecaf64 1
Aweme!0x3e711cc 2
Aweme!0x3eda368 1
Aweme!0x3ecf3ec 2
Aweme!0x3ecb134 1
Aweme!0x3e523fc 7
Aweme!0x3e710b8 2
Aweme!0x3e5205c 11
Aweme!0x3e7ce58 4
Aweme!0x3eca540 4
Aweme!0x3ecf504 1
Aweme!0x3ed7104 4
Aweme!0x3ea6180 1
Aweme!0x3e872f4 2
Aweme!0x3ed3304 1
Aweme!0x3ed32a8 3
Aweme!0x3e870c8 2
Aweme!0x3e51fa4 3
Aweme!0x3eda3c8 3
Aweme!0x3ee4520 2
Aweme!0x3ea8d04 7
Aweme!0x3eda028 1
Aweme!0x3e5e93c 2
Aweme!0x3ea0f90 1
Aweme!0x3e712e8 2
Aweme!0x3ea7e84 1
Aweme!0x3eac8d8 1
Aweme!0x3e618bc 2
Aweme!0x3e7128c 6
Aweme!0x775e39c 7
Aweme!0x3e86de4 1
Aweme!0x3e70d1c 2
Aweme!0x3e71400 1
Aweme!0x775b534 2
Aweme!0x3ecaa58 11
Aweme!0x3e70920 1
Aweme!0x3ed9eb8 4
Aweme!0x3e713a4 1
Aweme!0x3e67b00 2
Aweme!0x775e7f8 1
Aweme!0x3ea12d8 1
Aweme!0x3eca9a0 1
Aweme!0x3e58b58 236
Aweme!0x3e5c5b8 1
Aweme!0x3e7111c 2
Aweme!0x3e520c0 3
Aweme!0x3e70d7c 2
Aweme!0x3e93da8 2
Aweme!0x3e70980 29
Aweme!0x3eda5fc 1
Aweme!0x3e70af4 21
Aweme!0x3e8c7d4 2
Aweme!0x3e4e71c 4
Aweme!0x3ecfd64 1
Aweme!0x3ea8d0c 385
Aweme!0x3eca9a4 4
Aweme!0x3eca604 3
Aweme!0x3ed31f8 2
Aweme!0x3ed3028 814
Aweme!0x3ee49e0 1
Aweme!0x3ecb1fc 1
Aweme!0x3e71464 1
Aweme!0x3ecb02c 2
Aweme!0x3e86dec 1
Aweme!0x3ea7a90 8
Aweme!0x3e67bc0 2
Aweme!0x3ea8c54 6
Aweme!0x3e5c8a4 1
Aweme!0x3e87300 4
Aweme!0x775e348 7
Aweme!0x3ea0a88 1
Aweme!0x3e71294 2
Aweme!0x3ed32b4 2
Aweme!0x3e4e1b0 5
Aweme!0x3e5bd68 4
Aweme!0x3ea1680 3
Aweme!0x3e716f0 7
Aweme!0x3e5c61c 2
Aweme!0x3e70c10 3
Aweme!0x3e84b20 1
Aweme!0x775e7a4 238
Aweme!0x3ede85c 3
Aweme!0x775cb00 1
Aweme!0x775e918 1
Aweme!0x3ea1228 1
Aweme!0x3ea61ec 21
Aweme!0x3e808c8 1
Aweme!0x3e6047c 1
Aweme!0x3e713b0 3
Aweme!0x775e804 4
Aweme!0x3ed325c 5
Aweme!0x3ecb260 6
Aweme!0x3e853d8 30
Aweme!0x3e85208 9
Aweme!0x3e712f8 1
Aweme!0x3e7bed4 1
Aweme!0x3e71128 1
Aweme!0x3ea61f0 2
Aweme!0x3e86df4 9
Aweme!0x3ea2ad4 2
Aweme!0x3e70b5c 20
Aweme!0x3e7129c 1
Aweme!0x3e71240 2
Aweme!0x3e71698 10
Aweme!0x3e4e728 2
Aweme!0x3ed9ec8 3
Aweme!0x3e51534 7
Aweme!0x3e70c74 1
Aweme!0x3ea1858 37
Aweme!0x3ecf460 1
Aweme!0x3edb1a4 1
Aweme!0x3ecc428 1
Aweme!0x3e83398 1
Aweme!0x3e70d30 1
Aweme!0x3ed9d58 5
Aweme!0x3e5cbf4 1
Aweme!0x3e872b0 10
Aweme!0x3e711e8 1
Aweme!0x3ea8ba8 55
Aweme!0x3eda3e0 4
Aweme!0x3ec92dc 1
Aweme!0x3e87254 7
Aweme!0x3e7118c 2
Aweme!0x3ea8d1c 1
Aweme!0x3e8a230 1
Aweme!0x3ed3264 257
Aweme!0x3ea1630 2
Aweme!0x3e617bc 1
Aweme!0x3e71300 1
Aweme!0x3ea8cc0 3
Aweme!0x3e86fcc 4
Aweme!0x3ed3150 41
Aweme!0x3e87d94 2
Aweme!0x3eca8a0 1
Aweme!0x3edb264 1
Aweme!0x3e4e730 2
Aweme!0x3ecaa14 5
Aweme!0x3ed32c4 2
Aweme!0x3ee1390 1
Aweme!0x3e7019c 1
Aweme!0x3e52134 5
Aweme!0x3e8a290 1
Aweme!0x3e70140 1
Aweme!0x3e70d94 1
Aweme!0x3e58b14 236
Aweme!0x3e67890 4
Aweme!0x3ed31b0 1
Aweme!0x3e713bc 1
Aweme!0x3e7141c 1
Aweme!0x3e86f74 1
Aweme!0x3e84dbc 1
Aweme!0x3e7124c 5
Aweme!0x3ea8bb0 69
Aweme!0x3e4de24 9
Aweme!0x3e708e0 1
Aweme!0x3edb20c 2
Aweme!0x3e8c790 2
Aweme!0x3e70fc4 4
Aweme!0x3e88764 1
Aweme!0x3e87200 1
Aweme!0x775e078 9
Aweme!0x3ea1b4c 1
Aweme!0x3e868f0 5
Aweme!0x3ea197c 28
Aweme!0x3ecd59c 2
Aweme!0x3e86fd4 4
Aweme!0x3e52080 14
Aweme!0x3ead4f0 1
Aweme!0x3ed4bd0 1
Aweme!0x3e71080 2
Aweme!0x3ea1a94 1
Aweme!0x3e70b10 12
Aweme!0x3ecaa78 1
Aweme!0x3eda21c 2
Aweme!0x3ed7070 2
Aweme!0x3e71368 2
Aweme!0x3ed9e7c 3
Aweme!0x3e90e48 1
Aweme!0x3ea7994 4
Aweme!0x3ecb2d0 57
Aweme!0x3e520e0 14
Aweme!0x3e70bcc 1
Aweme!0x3eb1c60 1
Aweme!0x775c5a8 7
Aweme!0x3ecaca8 1
Aweme!0x3ea03c0 1
Aweme!0x3e5c520 2
Aweme!0x3e8a128 1
Aweme!0x3edad5c 2
Aweme!0x3ee7920 4
Aweme!0x3ec9348 2
Aweme!0x3ed72a0 1
Aweme!0x3ea1188 1
Aweme!0x3e5d118 1
Aweme!0x3e71028 1
Aweme!0x3ea169c 2
Aweme!0x3e926f4 1
Aweme!0x3ecb278 1
Aweme!0x3e67728 3
Aweme!0x3e70f70 2
Aweme!0x3e92868 1
Aweme!0x3e86fdc 1
Aweme!0x3ea1928 1
Aweme!0x3e71428 1
Aweme!0x3e90f08 1
Aweme!0x3ed69f0 1
Aweme!0x3eca340 6
Aweme!0x3e4e740 4
Aweme!0x3ecb164 1
Aweme!0x3e711fc 1
Aweme!0x775d148 23
Aweme!0x3e8a244 1
Aweme!0x3ecb9bc 3
Aweme!0x3e70fd0 4
Aweme!0x3e61204 2
Aweme!0x3ea8cd4 3
Aweme!0x775e084 6
Aweme!0x3e4dd78 1
Aweme!0x3e71488 1
Aweme!0x3e5208c 5
Aweme!0x3e70d48 2
Aweme!0x3e5cc68 2
Aweme!0x3ea03c8 9
Aweme!0x3e624e0 2
Aweme!0x3e57394 1
Aweme!0x3ecb1c4 1
Aweme!0x3ea1c70 1
Aweme!0x3ea7c28 5
Aweme!0x3eda3f8 3
Aweme!0x3e70550 3
Aweme!0x3e71374 2
Aweme!0x3e928cc 2
Aweme!0x3eb31d0 4
Aweme!0x3e71318 3
Aweme!0x3e520ec 6
Aweme!0x3e70da8 5
Aweme!0x3e70bd8 3
Aweme!0x3e5c1e8 1
Aweme!0x3ea8c7c 2
Aweme!0x3e7ce8c 4
Aweme!0x3e71430 3
Aweme!0x3e84a30 1
Aweme!0x775dfd0 38
Aweme!0x3ed32dc 257
Aweme!0x3ecda08 1
Aweme!0x3ee5718 6
Aweme!0x775e828 9
Aweme!0x3ecb9c4 4
Aweme!0x3ea0828 7
Aweme!0x3ea164c 1
Aweme!0x3e9a300 2
Aweme!0x3e7114c 1
Aweme!0x3e5cb58 2
Aweme!0x3e86ad4 2
Aweme!0x3e70f7c 1
Aweme!0x3e8c7a4 2
Aweme!0x3ecac58 52
Aweme!0x3ecc730 1
Aweme!0x3ea1764 1
Aweme!0x3ead334 1
Aweme!0x3e68100 1
Aweme!0x3e58a74 472
Aweme!0x775e888 1
Aweme!0x3ecf140 1
On receive  16384
Error happenError: unable to find module containing 0x12333c25c
Error happenError: unable to find module containing 0x1232be984
Error happenError: unable to find module containing 0x1232be994
call: Aweme!0x3ecb52c Aweme!0x775e390@DYLD-STUB$$objc_retain
call: Foundation!0x715c libobjc.A.dylib!0x47e8@object_getClass
call: Foundation!0x71cc CoreFoundation!0xaae2c@_CFNonObjCRetain
call: Aweme!0x3ecb538 Aweme!0x775e390@DYLD-STUB$$objc_retain
call: Aweme!0x3ecb554 Aweme!0x775e348@DYLD-STUB$$objc_msgSend
call: Foundation!0x40150 libobjc.A.dylib!0x2080@objc_msgSend
call: Foundation!0x732c libobjc.A.dylib!0x47e8@object_getClass
call: Foundation!0x40180 CoreFoundation!0xf2138@CFURLCopyAbsoluteURL
call: CoreFoundation!0xf2164 CoreFoundation!0xabff8@CFGetAllocator
call: CoreFoundation!0xf2234 CoreFoundation!0x2af0@CFRetain
call: Foundation!0x4018c CoreFoundation!0xf1b04@CFURLGetString
call: Foundation!0x40190 libobjc.A.dylib!0x20010@objc_retain
call: CoreFoundation!0x6bec CoreFoundation!0xaae2c@_CFNonObjCRetain
call: Foundation!0x40194 libobjc.A.dylib!0x20080@objc_autorelease
call: Foundation!0x401a0 CoreFoundation!0x2694@CFRelease
call: Aweme!0x3ecb558 Aweme!0x3ecb9c4@0x3ecb9c4
call: CoreFoundation!0x6bec CoreFoundation!0xaae2c@_CFNonObjCRetain
call: Aweme!0x3ecb570 Aweme!0x775e348@DYLD-STUB$$objc_msgSend
call: Aweme!0x3ecb58c Aweme!0x3ecb9dc@0x3ecb9dc
call: libc++abi.dylib!0xee0 libc++abi.dylib!0x10e54@DYLD-STUB$$malloc
call: libsystem_malloc.dylib!0x10160 libsystem_malloc.dylib!0xf6b8@malloc_zone_malloc
call: libsystem_malloc.dylib!0xf750 libsystem_malloc.dylib!0x11d64@default_zone_malloc
call: libsystem_malloc.dylib!0xecc libsystem_malloc.dylib!0xf20@nanov2_allocate$VARIANT$mp
call: libsystem_malloc.dylib!0xf98 libsystem_malloc.dylib!0x1b18@nanov2_allocate_from_block$VARIANT$mp
call: Aweme!0x3ecb598 Aweme!0x775e39c@DYLD-STUB$$objc_retainAutorelease
call: libobjc.A.dylib!0x218c4 libobjc.A.dylib!0x20010@objc_retain
call: CoreFoundation!0x6bec CoreFoundation!0xaae2c@_CFNonObjCRetain
call: Aweme!0x3ecb5a4 Aweme!0x3ecb9e4@0x3ecb9e4
call: CoreFoundation!0x6980 CoreFoundation!0xc7c40@__CFStringMtbl
call: CoreFoundation!0x69b4 CoreFoundation!0xcf3e4@CFStringGetCStringPtr
call: Aweme!0x3ecb5b0 Aweme!0x3eca930@0x3eca930
call: Aweme!0x3eca8d4 Aweme!0x3ecb180@0x3ecb180
call: Aweme!0x3eca8e8 Aweme!0x775dfd0@DYLD-STUB$$malloc
call: libsystem_malloc.dylib!0x10160 libsystem_malloc.dylib!0xf6b8@malloc_zone_malloc
call: libsystem_malloc.dylib!0xf750 libsystem_malloc.dylib!0x11d64@default_zone_malloc
call: libsystem_malloc.dylib!0x6224 libsystem_malloc.dylib!0x17638@tiny_malloc_should_clear
call: libsystem_malloc.dylib!0x176d0 libsystem_platform.dylib!0x8cf8@DYLD-STUB$$os_unfair_lock_lock_with_options
call: libsystem_malloc.dylib!0x17714 libsystem_malloc.dylib!0x1902c@tiny_malloc_from_free_list
call: libsystem_malloc.dylib!0x19270 libsystem_malloc.dylib!0x17ca8@set_tiny_meta_header_in_use
call: libsystem_malloc.dylib!0x17a4c libsystem_platform.dylib!0x8d1c@DYLD-STUB$$os_unfair_lock_unlock
call: Aweme!0x3eca8f4 Aweme!0x3ecb2a0@0x3ecb2a0
call: Aweme!0x3ecb5bc Aweme!0x3eca340@0x3eca340
call: Aweme!0x3eca35c Aweme!0x3e58b14@0x3e58b14
call: Aweme!0x3e58af4 Aweme!0x3e58a74@0x3e58a74
call: Aweme!0x3e58afc Aweme!0x775e78c@DYLD-STUB$$pthread_mutex_lock
call: Aweme!0x3eca368 Aweme!0x775c5d8@DYLD-STUB$$operator new(unsigned long)
call: libc++abi.dylib!0xee0 libc++abi.dylib!0x10e54@DYLD-STUB$$malloc
call: libsystem_malloc.dylib!0x10160 libsystem_malloc.dylib!0xf6b8@malloc_zone_malloc
call: libsystem_malloc.dylib!0xf750 libsystem_malloc.dylib!0x11d64@default_zone_malloc
call: libsystem_malloc.dylib!0xecc libsystem_malloc.dylib!0xf20@nanov2_allocate$VARIANT$mp
call: libsystem_malloc.dylib!0xf98 libsystem_malloc.dylib!0x1b18@nanov2_allocate_from_block$VARIANT$mp
call: Aweme!0x3eca37c Aweme!0x3e58b58@0x3e58b58
call: Aweme!0x3e58b3c Aweme!0x3e58a74@0x3e58a74
call: Aweme!0x3e58b44 Aweme!0x775e7a4@DYLD-STUB$$pthread_mutex_unlock
call: Aweme!0x3ecb5c4 Aweme!0x3e86ba0@0x3e86ba0
call: Aweme!0x3e86bb0 Aweme!0x3e87334@0x3e87334
