AwemeModuleBase:0x1049174f0
arg1 https://search3-search-lf.amemv.com/aweme/v1/search/item/?caid1=0803bffc8815b9f02c08f48f95c1008c&tma_jssdk_version=2.1.0.2&minor_status=0&ac=WIFI&appTheme=dark&is_vcd=1&keyword=%E7%8E%8B%E4%B8%80%E5%8D%9A&video_cover_shrink=372_496&enter_from=homepage_hot&sort_type=0&backtrace=M7U2PfbCPC7qlX46ow2D73foIbuD7zG%2BTODCT48wHI74oC1dlQVm4omXMt%2BkHUSKjMf5EJvWyjt3jVKDb%2FBylQ%3D%3D&count=12&is_filter_search=0&user_avatar_shrink=64_64&source=video_search&query_correct_type=1&rs_word_count=5&offset=0&search_source=normal_search&publish_time=0&hot_search=0&aid=1128&app_name=aweme&app_version=14.8.0&build_number=148013&cdid=FEDA96DE-E849-4E15-99C9-66CD61F50ADD&channel=App%20Store&device_id=4169787388733342&device_platform=iphone&device_type=iPhone9,1&idfa=322127EF-8E4E-48E9-98E0-99ACBDC85525&iid=2955926580500413&js_sdk_version=1.99.0.3&mcc_mnc=&openudid=a4cb7b4ade7c5e8e6c90cf8f892aafe6c64c73d1&os_api=18&os_version=13.3.1&screen_width=750&version_code=14.8.0&vid=25AD3C98-7CA5-4B2E-9B39-9BAEFC31BBD2
arg2 {
    "User-Agent" = "Aweme 14.8.0 rv:148013 (iPhone; iOS 13.3.1; zh_CN) Cronet";
    "x-common-params-v2" = "aid=1128&app_name=aweme&app_version=14.8.0&build_number=148013&cdid=FEDA96DE-E849-4E15-99C9-66CD61F50ADD&channel=App%20Store&device_id=4169787388733342&device_platform=iphone&device_type=iPhone9,1&idfa=322127EF-8E4E-48E9-98E0-99ACBDC85525&iid=2955926580500413&js_sdk_version=1.99.0.3&mcc_mnc=&openudid=a4cb7b4ade7c5e8e6c90cf8f892aafe6c64c73d1&os_api=18&os_version=13.3.1&screen_width=750&version_code=14.8.0&vid=25AD3C98-7CA5-4B2E-9B39-9BAEFC31BBD2";
    "x-tt-token" = "003c4774314c4f83d0177a0ae886f5a6f50056cb8fc53fa60c3b0bf88596c762fc922f46798e27276d911e99fde0203a46a8df6837c3279998eaaccf63df5e59c34fb9458bd8d9b17fd1ecf392c2a6fc08649f8411f4295761fc95f3fe46affde27ce-1.0.1";
}
call Aweme!0x3e714a0
,	Aweme!0x3e714a0 this.args0 0x280a37100             0  1  2  3  4  5  6  7  8  9  A  B  C  D  E  F  0123456789ABCDEF
280a37100  98 50 5e 08 01 00 00 00 00 4a 5e 08 01 00 00 00  .P^......J^.....
280a37110  a4 3e 8a 04 01 00 00 00 94 2e 8d 04 01 00 00 00  .>..............
280a37120  f4 3e 8a 04 01 00 00 00 a0 48 88 83 02 00 00 00  .>.......H......
280a37130  00 2d 5e 08 01 00 00 00 4b 4c 57 52 00 00 00 00  .-^.....KLWR....
280a37140  00 00 00 00 41 70 70 a5 20 00 00 00 4b 4c 57 52  ....App. ...KLWR
280a37150  00 00 00 00 00 00 00 00 ff ff ff ff ff ff ff ff  ................
280a37160  c0 d7 00 00 01 d7 00 00 00 d7 00 00 ff ff ff ff  ................
280a37170  ff ff ff ff ff ff ff ff c7 8e 5c 7f fd ff ff ff  ..........\.....
280a37180  61 6e 67 75 61 67 65 3d 7a 68 2d 48 61 6e 73 2d  anguage=zh-Hans-
280a37190  43 4e 26 76 65 72 73 69 6f 6e 5f 63 6f 64 65 3d  CN&version_code=
280a371a0  31 34 2e 38 2e 30 26 64 65 76 69 63 65 5f 69 64  14.8.0&device_id
280a371b0  3d 38 30 39 36 37 38 39 38 33 39 33 32 35 32 36  =809678983932526
280a371c0  26 6f 73 5f 76 65 72 73 69 6f 6e 3d 31 33 2e 33  &os_version=13.3
280a371d0  26 61 69 64 3d 31 31 32 38 26 6c 6f 63 61 6c 65  &aid=1128&locale
280a371e0  5f 69 64 65 6e 74 69 66 69 65 72 3d 7a 68 5f 43  _identifier=zh_C
280a371f0  4e 00 00 00 00 00 00 00 00 00 00 00 4b 4c 57 52  N...........KLWR
280a37200  c0 70 72 0b 00 00 00 00 70 4e 7a 0a 01 00 00 00  .pr.....pNz.....
280a37210  00 00 00 00 00 00 00 00 00 00 00 00 00 00 00 00  ................
280a37220  00 00 00 00 00 00 00 00 00 00 00 00 00 00 00 00  ................
280a37230  48 70 72 0b 00 00 00 00 33 50 7a 0a 01 00 00 00  Hpr.....3Pz.....
280a37240  40 73 72 0b 00 00 00 00 b4 4f 7a 0a 01 00 00 00  @sr......Oz.....
280a37250  00 00 00 00 00 00 00 00 00 00 00 00 00 00 00 00  ................
280a37260  00 00 00 00 00 00 00 00 00 00 00 00 00 00 00 00  ................
280a37270  b4 72 72 0b 00 00 00 00 f7 4f 7a 0a 01 00 00 00  .rr......Oz.....
280a37280  00 00 00 00 00 00 00 00 00 00 00 00 00 00 00 00  ................
280a37290  60 63 72 0b 00 00 00 00 89 50 7a 0a 01 00 00 00  `cr......Pz.....
280a372a0  94 70 72 0b 00 00 00 00 8a 4e 7a 0a 01 00 00 00  .pr......Nz.....
280a372b0  84 71 72 0b 00 00 00 00 5b 57 fb d5 01 00 00 00  .qr.....[W......
280a372c0  00 00 00 00 00 00 00 00 00 00 00 00 00 00 00 00  ................
280a372d0  50 70 72 0b 00 00 00 00 2e 4f 7a 0a 01 00 00 00  Ppr......Oz.....
280a372e0  68 70 72 0b 00 00 00 00 9e 4e 7a 0a 01 00 00 00  hpr......Nz.....
280a372f0  00 00 00 00 00 00 00 00 00 00 00 00 00 00 00 00  ................
280a37300  00 00 00 00 00 00 00 00 00 00 00 00 00 00 00 00  ................
280a37310  00 00 00 00 00 00 00 00 00 00 00 00 00 00 00 00  ................
280a37320  00 00 00 00 00 00 00 00 00 00 00 00 00 00 00 00  ................
280a37330  d8 84 f1 96 00 00 00 00 93 5a 40 d5 01 00 00 00  .........Z@.....
280a37340  00 00 00 00 00 00 00 00 00 00 00 00 00 00 00 00  ................
280a37350  00 00 00 00 00 00 00 00 00 00 00 00 00 00 00 00  ................
280a37360  00 00 00 00 00 00 00 00 00 00 00 00 00 00 00 00  ................
280a37370  00 00 00 00 00 00 00 00 00 00 00 00 00 00 00 00  ................
280a37380  c0 03 5b 97 00 00 00 00 98 79 41 d5 01 00 00 00  ..[......yA.....
280a37390  00 00 00 00 00 00 00 00 00 00 00 00 00 00 00 00  ................
280a373a0  00 00 00 00 00 00 00 00 00 00 00 00 00 00 00 00  ................
280a373b0  00 00 00 00 00 00 00 00 00 00 00 00 00 00 00 00  ................
280a373c0  00 00 00 00 00 00 00 00 00 00 00 00 00 00 00 00  ................
280a373d0  00 00 00 00 00 00 00 00 00 00 00 00 00 00 00 00  ................
280a373e0  00 00 00 00 00 00 00 00 00 00 00 00 00 00 00 00  ................
280a373f0  00 00 00 00 00 00 00 00 00 00 00 00 00 00 00 00  ................
280a37400  00 00 00 00 00 00 00 00 00 00 00 00 00 00 00 00  ................
280a37410  00 00 00 00 00 00 00 00 00 00 00 00 00 00 00 00  ................
280a37420  00 00 00 00 00 00 00 00 00 00 00 00 00 00 00 00  ................
280a37430  00 00 00 00 00 00 00 00 00 00 00 00 00 00 00 00  ................
280a37440  00 00 00 00 00 00 00 00 00 00 00 00 00 00 00 00  ................
280a37450  00 00 00 00 00 00 00 00 00 00 00 00 00 00 00 00  ................
280a37460  e8 78 fa 96 00 00 00 00 a6 58 40 d5 01 00 00 00  .x.......X@.....
280a37470  00 00 00 00 00 00 00 00 00 00 00 00 00 00 00 00  ................
280a37480  00 00 00 00 00 00 00 00 00 00 00 00 00 00 00 00  ................
280a37490  00 00 00 00 00 00 00 00 00 00 00 00 00 00 00 00  ................
280a374a0  ac 43 bd 0a 00 00 00 00 8a 6b bd d5 01 00 00 00  .C.......k......
280a374b0  00 00 00 00 00 00 00 00 00 00 00 00 00 00 00 00  ................
280a374c0  00 00 00 00 00 00 00 00 00 00 00 00 00 00 00 00  ................
280a374d0  00 00 00 00 00 00 00 00 00 00 00 00 00 00 00 00  ................
280a374e0  24 b4 a5 0a 00 00 00 00 ae 28 91 0a 01 00 00 00  $........(......
280a374f0  00 00 00 00 00 00 00 00 00 00 00 00 00 00 00 00  ................

,	Aweme!0x3e714a0 this.args1 0x10a5326d8             0  1  2  3  4  5  6  7  8  9  A  B  C  D  E  F  0123456789ABCDEF
10a5326d8  73 69 67 6e 00 00 00 00 01 00 00 00 73 65 73 73  sign........sess
10a5326e8  69 6f 6e 69 64 3d 00 00 01 00 00 00 20 09 0b 0c  ionid=...... ...
10a5326f8  0d 0a 00 00 01 00 00 00 43 4f 4f 4b 49 45 00 00  ........COOKIE..
10a532708  01 00 00 00 58 2d 53 53 2d 53 54 55 42 00 00 00  ....X-SS-STUB...
10a532718  01 00 00 00 00 00 00 00 68 a2 5e 08 01 00 00 00  ........h.^.....
10a532728  01 00 00 00 00 00 00 00 60 a0 43 83 02 00 00 00  ........`.C.....
10a532738  68 a2 5e 08 01 00 00 00 10 00 00 00 0f 00 00 00  h.^.............
10a532748  70 a0 43 83 02 00 00 00 68 a2 5e 08 01 00 00 00  p.C.....h.^.....
10a532758  0a 00 00 00 09 00 00 00 80 a0 43 83 02 00 00 00  ..........C.....
10a532768  00 00 00 00 00 00 00 00 68 a2 5e 08 01 00 00 00  ........h.^.....
10a532778  01 00 00 00 00 00 00 00 90 a0 43 83 02 00 00 00  ..........C.....
10a532788  00 00 00 00 00 00 00 00 00 00 00 00 00 00 00 00  ................
10a532798  00 00 00 00 00 00 00 00 00 00 00 00 00 00 00 00  ................
10a5327a8  00 00 00 00 00 00 00 00 00 00 00 00 00 00 00 00  ................
10a5327b8  00 00 00 00 00 00 00 00 00 00 00 00 00 00 00 00  ................
10a5327c8  00 00 00 00 00 00 00 00 00 00 00 00 00 00 00 00  ................
10a5327d8  00 00 00 00 00 00 00 00 00 00 00 00 00 00 00 00  ................
10a5327e8  00 00 00 00 00 00 00 00 00 00 00 00 00 00 00 00  ................
10a5327f8  00 00 00 00 00 00 00 00 00 00 00 00 00 00 00 00  ................
10a532808  00 00 00 00 00 00 00 00 00 00 00 00 00 00 00 00  ................
10a532818  00 00 00 00 00 00 00 00 00 00 00 00 00 00 00 00  ................
10a532828  00 00 00 00 00 00 00 00 00 00 00 00 00 00 00 00  ................
10a532838  00 00 00 00 00 00 00 00 00 00 00 00 00 00 00 00  ................
10a532848  00 00 00 00 00 00 00 00 00 00 00 00 00 00 00 00  ................
10a532858  00 00 00 00 00 00 00 00 00 00 00 00 00 00 00 00  ................
10a532868  00 00 00 00 00 00 00 00 00 00 00 00 00 00 00 00  ................
10a532878  00 00 00 00 00 00 00 00 00 00 00 00 00 00 00 00  ................
10a532888  00 00 00 00 00 00 00 00 00 00 00 00 00 00 00 00  ................
10a532898  00 00 00 00 00 00 00 00 00 00 00 00 00 00 00 00  ................
10a5328a8  00 00 00 00 00 00 00 00 00 00 00 00 00 00 00 00  ................
10a5328b8  00 00 00 00 00 00 00 00 00 00 00 00 00 00 00 00  ................
10a5328c8  00 00 00 00 00 00 00 00 00 00 00 00 00 00 00 00  ................
10a5328d8  00 00 00 00 00 00 00 00 00 00 00 00 00 00 00 00  ................
10a5328e8  00 00 00 00 00 00 00 00 00 00 00 00 00 00 00 00  ................
10a5328f8  00 00 00 00 00 00 00 00 00 00 00 00 00 00 00 00  ................
10a532908  00 00 00 00 00 00 00 00 68 a2 5e 08 01 00 00 00  ........h.^.....
10a532918  01 00 00 00 00 00 00 00 30 a3 43 83 02 00 00 00  ........0.C.....
10a532928  00 00 00 00 00 00 00 00 4e 65 74 77 6f 72 6b 43  ........NetworkC
10a532938  61 63 68 65 54 68 72 65 61 64 2d 25 64 2d 74 69  acheThread-%d-ti
10a532948  64 3a 25 75 00 00 00 00 01 00 00 00 00 00 00 00  d:%u............
10a532958  01 00 00 00 00 00 00 00 2f 55 73 65 72 73 2f 6d  ......../Users/m
10a532968  65 74 61 73 65 63 2f 44 65 73 6b 74 6f 70 2f 62  etasec/Desktop/b
10a532978  75 69 6c 64 73 2f 63 31 33 32 64 34 35 38 2f 30  uilds/c132d458/0
10a532988  2f 6d 6f 62 69 6c 65 73 65 63 2f 70 72 6f 64 75  /mobilesec/produ
10a532998  63 74 5f 53 65 63 53 44 4b 5f 6d 6c 2f 6d 73 73  ct_SecSDK_ml/mss
10a5329a8  64 6b 5f 62 61 73 65 2f 4d 65 74 61 53 65 63 53  dk_base/MetaSecS
10a5329b8  44 4b 69 4f 53 2f 4d 65 74 61 53 65 63 53 44 4b  DKiOS/MetaSecSDK
10a5329c8  69 4f 53 2f 4d 53 43 6f 6e 66 69 67 2e 6d 00 00  iOS/MSConfig.m..
10a5329d8  01 00 00 00 3c 55 6e 6b 6e 6f 77 6e 20 46 69 6c  ....<Unknown Fil
10a5329e8  65 3e 00 00 01 00 00 00 4d 65 74 61 53 65 63 3a  e>......MetaSec:
10a5329f8  61 70 70 49 44 20 6d 75 73 74 20 62 65 20 61 20  appID must be a 
10a532a08  6b 69 6e 64 20 6f 66 20 4e 53 53 74 72 69 6e 67  kind of NSString
10a532a18  20 61 6e 64 20 63 61 6e 27 74 20 62 65 20 6e 69   and can't be ni
10a532a28  6c 20 6f 72 20 65 6d 70 74 79 21 00 01 00 00 00  l or empty!.....
10a532a38  00 00 00 00 00 00 00 00 4d 65 74 61 53 65 63 3a  ........MetaSec:
10a532a48  6c 69 63 65 6e 73 65 53 74 72 20 6d 75 73 74 20  licenseStr must 
10a532a58  62 65 20 61 20 6b 69 6e 64 20 6f 66 20 4e 53 53  be a kind of NSS
10a532a68  74 72 69 6e 67 20 61 6e 64 20 63 61 6e 27 74 20  tring and can't 
10a532a78  62 65 20 6e 69 6c 20 6f 72 20 65 6d 70 74 79 21  be nil or empty!
10a532a88  00 00 00 00 01 00 00 00 00 00 00 00 00 00 00 00  ................
10a532a98  00 00 00 00 00 00 00 00 00 00 00 00 00 00 00 00  ................
10a532aa8  00 00 00 00 00 00 00 00 00 00 00 00 00 00 00 00  ................
10a532ab8  00 00 00 00 00 00 00 00 00 00 00 00 00 00 00 00  ................
10a532ac8  00 00 00 00 00 00 00 00 00 00 00 00 00 00 00 00  ................

,	Aweme!0x3e714a0 this.args2 0x120a8 0x120a8

,	Aweme!0x3e714a0 this.args3 0x19ce510e0             0  1  2  3  4  5  6  7  8  9  A  B  C  D  E  F  0123456789ABCDEF
19ce510e0  f6 57 bd a9 f4 4f 01 a9 fd 7b 02 a9 fd 83 00 91  .W...O...{......
19ce510f0  f4 03 02 aa f3 03 01 aa f5 03 00 aa 21 02 00 b4  ............!...
19ce51100  68 fe 5d d3 1f 51 00 f1 c1 01 00 54 08 01 8e 52  h.]..Q.....T...R
19ce51110  a8 6a 68 38 68 02 18 37 9f 0e 40 f2 88 fe 44 d3  .jh8h..7..@...D.
19ce51120  08 05 88 1a 02 05 00 51 e0 03 15 aa e1 03 13 aa  .......Q........
19ce51130  fd 7b 42 a9 f4 4f 41 a9 f6 57 c3 a8 0e 00 00 14  .{B..OA..W......
19ce51140  a0 16 78 f9 03 3c 40 f9 e1 03 13 aa e2 03 14 aa  ..x..<@.........
19ce51150  fd 7b 42 a9 f4 4f 41 a9 f6 57 c3 a8 60 00 1f d6  .{B..OA..W..`...
19ce51160  a1 0a 80 52 e0 03 13 aa e2 03 14 aa f1 9b 00 94  ...R............
19ce51170  ea ff ff 17 fa 67 bb a9 f8 5f 01 a9 f6 57 02 a9  .....g..._...W..
19ce51180  f4 4f 03 a9 fd 7b 04 a9 fd 03 01 91 f4 03 02 aa  .O...{..........
19ce51190  f3 03 00 aa 35 c4 72 92 28 94 66 92 09 0c 78 f9  ....5.r.(.f...x.
19ce511a0  28 01 08 ca 29 7c 4e d3 2a 64 0e 53 29 2d 06 53  (...)|N.*d.S)-.S
19ce511b0  49 15 1a 33 16 49 29 8b c9 00 00 d0 29 81 25 91  I..3.I).....).%.
19ce511c0  c8 02 40 b9 38 59 62 b8 09 07 00 51 2a 00 15 4b  ..@.8Yb....Q*..K
19ce511d0  4b 6c 1c 53 6b 41 00 11 4a 0d cb 1a 4a 05 00 11  Kl.SkA..J...J...
19ce511e0  4a 29 00 12 6b ff 80 52 ac ff 80 52 0d 29 00 12  J)..k..R...R.)..
19ce511f0  0f 01 20 11 ee 25 15 12 10 01 01 12 11 01 48 11  .. ..%........H.
19ce51200  31 26 0b 12 0e 02 0e 2a ce 01 11 2a bf f1 1f 71  1&.....*...*...q
19ce51210  a0 01 00 54 ef 51 0b 53 ff 01 09 6b 41 01 00 54  ...T.Q.S...kA..T
19ce51220  1f 01 00 71 6d b1 8c 1a d9 01 0d 2a cd 7e 5f 88  ...qm......*.~_.
19ce51230  bf 01 08 6b 21 02 00 54 d9 7e 0d 88 8d ff ff 35  ...k!..T.~.....5
19ce51240  11 00 00 14 59 01 0e 2a bf f1 1f 71 6d 01 8d 1a  ....Y..*...qm...
19ce51250  2d 10 00 79 6d 12 78 f9 ad 01 01 ca 2d 00 00 f9  -..ym.x.....-...
19ce51260  cd 7e 5f 88 bf 01 08 6b 81 00 00 54 d9 fe 0d 88  .~_....k...T....
19ce51270  8d ff ff 35 14 00 00 14 5f 3f 03 d5 e8 03 0d aa  ...5...._?......
19ce51280  db ff ff 17 49 62 24 90 29 e9 43 b9 c9 01 00 35  ....Ib$.).C....5
19ce51290  a8 01 f8 37 08 0b 8e 52 77 02 08 8b a1 00 a0 52  ...7...Rw......R
19ce512a0  e0 03 17 aa 95 9e 00 94 e3 03 14 aa e0 03 13 aa  ................
19ce512b0  e1 03 16 aa e2 03 15 aa c3 01 00 94 e0 03 17 aa  ................
19ce512c0  97 9e 00 94 f9 01 f8 37 e8 03 00 32 14 21 d4 1a  .......7...2.!..
19ce512d0  88 00 8e 52 75 02 08 8b a8 02 40 79 88 02 08 0a  ...Ru.....@y....
19ce512e0  29 53 0b 53 20 01 62 1e 1f 01 00 71 01 03 62 1e  )S.S .b....q..b.
19ce512f0  02 10 6d 1e 21 08 62 1e 22 14 60 1e e9 00 00 54  ..m.!.b.".`....T
19ce51300  fd 7b 44 a9 f4 4f 43 a9 f6 57 42 a9 f8 5f 41 a9  .{D..OC..WB.._A.
19ce51310  fa 67 c5 a8 c0 03 5f d6 73 1e 40 91 a1 00 a0 52  .g...._.s.@....R
19ce51320  e0 03 13 aa 75 9e 00 94 a8 02 40 79 08 01 34 0a  ....u.....@y..4.
19ce51330  a8 02 00 79 e0 03 13 aa fd 7b 44 a9 f4 4f 43 a9  ...y.....{D..OC.
19ce51340  f6 57 42 a9 f8 5f 41 a9 fa 67 c5 a8 74 9e 00 14  .WB.._A..g..t...
19ce51350  ff c3 00 d1 f4 4f 01 a9 fd 7b 02 a9 fd 83 00 91  .....O...{......
19ce51360  f3 03 01 aa f4 03 00 aa e1 02 00 b4 68 fe 5d d3  ............h.].
19ce51370  1f 51 00 f1 81 02 00 54 02 00 80 52 e0 03 14 aa  .Q.....T...R....
19ce51380  e1 03 13 aa 8a fe ff 97 e0 01 00 b4 e8 03 00 aa  ................
19ce51390  09 01 8e 52 89 6a 69 38 49 02 18 37 1f 0d 40 f2  ...R.ji8I..7..@.
19ce513a0  08 fd 44 d3 08 05 88 1a 02 05 00 51 e0 03 14 aa  ..D........Q....
19ce513b0  e1 03 13 aa fd 7b 42 a9 f4 4f 41 a9 ff c3 00 91  .....{B..OA.....
19ce513c0  6d ff ff 17 80 16 78 f9 02 18 40 f9 e1 03 13 aa  m.....x...@.....
19ce513d0  fd 7b 42 a9 f4 4f 41 a9 ff c3 00 91 40 00 1f d6  .{B..OA.....@...
19ce513e0  a1 0a 80 52 e0 03 13 aa e8 07 00 f9 e2 03 08 aa  ...R............
19ce513f0  50 9b 00 94 e8 07 40 f9 e9 ff ff 17 f4 4f be a9  P.....@......O..
19ce51400  fd 7b 01 a9 fd 43 00 91 f3 03 02 aa f4 03 00 aa  .{...C..........
19ce51410  3f 04 00 f1 40 02 00 54 28 7c d3 9b ff 03 08 eb  ?...@..T(|......
19ce51420  21 01 00 54 33 7c 13 9b 48 de 1e b0 08 d1 43 f9  !..T3|..H.....C.
19ce51430  08 01 40 f9 09 00 80 92 28 05 08 ca 7f 02 08 eb  ..@.....(.......
19ce51440  e9 00 00 54 c0 be 03 94 e8 03 00 aa 00 00 80 d2  ...T............
19ce51450  e9 07 1e 32 09 01 00 b9 0c 00 00 14 7f 02 04 f1  ...2............
19ce51460  a8 01 00 54 68 3e 00 91 08 ed 7c 92 7f 46 00 f1  ...Th>....|..F..
19ce51470  e9 03 1c 32 21 31 88 9a e2 03 00 32 e0 03 14 aa  ...2!1.....2....
19ce51480  a8 fe ff 97 80 00 00 b4 fd 7b 41 a9 f4 4f c2 a8  .........{A..O..
19ce51490  c0 03 5f d6 80 16 78 f9 03 10 40 f9 e1 03 00 32  .._...x...@....2
19ce514a0  e2 03 13 aa fd 7b 41 a9 f4 4f c2 a8 60 00 1f d6  .....{A..O..`...
19ce514b0  f8 5f bc a9 f6 57 01 a9 f4 4f 02 a9 fd 7b 03 a9  ._...W...O...{..
19ce514c0  fd c3 00 91 f5 03 02 aa f4 03 00 aa c1 01 00 b4  ................
19ce514d0  f3 03 01 aa 02 00 80 52 e0 03 14 aa 34 fe ff 97  .......R....4...

,	Aweme!0x3e714a0 this.args4 0x9cdd4d65 0x9cdd4d65

,	Aweme!0x3e714a0 this.args0 onLeave 0x280a37100             0  1  2  3  4  5  6  7  8  9  A  B  C  D  E  F  0123456789ABCDEF
280a37100  98 50 5e 08 01 00 00 00 00 4a 5e 08 01 00 00 00  .P^......J^.....
280a37110  a4 3e 8a 04 01 00 00 00 94 2e 8d 04 01 00 00 00  .>..............
280a37120  f4 3e 8a 04 01 00 00 00 a0 48 88 83 02 00 00 00  .>.......H......
280a37130  00 2d 5e 08 01 00 00 00 4b 4c 57 52 00 00 00 00  .-^.....KLWR....
280a37140  00 00 00 00 41 70 70 a5 20 00 00 00 4b 4c 57 52  ....App. ...KLWR
280a37150  00 00 00 00 00 00 00 00 ff ff ff ff ff ff ff ff  ................
280a37160  c0 d7 00 00 01 d7 00 00 00 d7 00 00 ff ff ff ff  ................
280a37170  ff ff ff ff ff ff ff ff c7 8e 5c 7f fd ff ff ff  ..........\.....
280a37180  61 6e 67 75 61 67 65 3d 7a 68 2d 48 61 6e 73 2d  anguage=zh-Hans-
280a37190  43 4e 26 76 65 72 73 69 6f 6e 5f 63 6f 64 65 3d  CN&version_code=
280a371a0  31 34 2e 38 2e 30 26 64 65 76 69 63 65 5f 69 64  14.8.0&device_id
280a371b0  3d 38 30 39 36 37 38 39 38 33 39 33 32 35 32 36  =809678983932526
280a371c0  26 6f 73 5f 76 65 72 73 69 6f 6e 3d 31 33 2e 33  &os_version=13.3
280a371d0  26 61 69 64 3d 31 31 32 38 26 6c 6f 63 61 6c 65  &aid=1128&locale
280a371e0  5f 69 64 65 6e 74 69 66 69 65 72 3d 7a 68 5f 43  _identifier=zh_C
280a371f0  4e 00 00 00 00 00 00 00 00 00 00 00 4b 4c 57 52  N...........KLWR
280a37200  c0 70 72 0b 00 00 00 00 70 4e 7a 0a 01 00 00 00  .pr.....pNz.....
280a37210  00 00 00 00 00 00 00 00 00 00 00 00 00 00 00 00  ................
280a37220  00 00 00 00 00 00 00 00 00 00 00 00 00 00 00 00  ................
280a37230  48 70 72 0b 00 00 00 00 33 50 7a 0a 01 00 00 00  Hpr.....3Pz.....
280a37240  40 73 72 0b 00 00 00 00 b4 4f 7a 0a 01 00 00 00  @sr......Oz.....
280a37250  00 00 00 00 00 00 00 00 00 00 00 00 00 00 00 00  ................
280a37260  00 00 00 00 00 00 00 00 00 00 00 00 00 00 00 00  ................
280a37270  b4 72 72 0b 00 00 00 00 f7 4f 7a 0a 01 00 00 00  .rr......Oz.....
280a37280  00 00 00 00 00 00 00 00 00 00 00 00 00 00 00 00  ................
280a37290  60 63 72 0b 00 00 00 00 89 50 7a 0a 01 00 00 00  `cr......Pz.....
280a372a0  94 70 72 0b 00 00 00 00 8a 4e 7a 0a 01 00 00 00  .pr......Nz.....
280a372b0  84 71 72 0b 00 00 00 00 5b 57 fb d5 01 00 00 00  .qr.....[W......
280a372c0  00 00 00 00 00 00 00 00 00 00 00 00 00 00 00 00  ................
280a372d0  50 70 72 0b 00 00 00 00 2e 4f 7a 0a 01 00 00 00  Ppr......Oz.....
280a372e0  68 70 72 0b 00 00 00 00 9e 4e 7a 0a 01 00 00 00  hpr......Nz.....
280a372f0  00 00 00 00 00 00 00 00 00 00 00 00 00 00 00 00  ................
280a37300  00 00 00 00 00 00 00 00 00 00 00 00 00 00 00 00  ................
280a37310  00 00 00 00 00 00 00 00 00 00 00 00 00 00 00 00  ................
280a37320  00 00 00 00 00 00 00 00 00 00 00 00 00 00 00 00  ................
280a37330  d8 84 f1 96 00 00 00 00 93 5a 40 d5 01 00 00 00  .........Z@.....
280a37340  00 00 00 00 00 00 00 00 00 00 00 00 00 00 00 00  ................
280a37350  00 00 00 00 00 00 00 00 00 00 00 00 00 00 00 00  ................
280a37360  00 00 00 00 00 00 00 00 00 00 00 00 00 00 00 00  ................
280a37370  00 00 00 00 00 00 00 00 00 00 00 00 00 00 00 00  ................
280a37380  c0 03 5b 97 00 00 00 00 98 79 41 d5 01 00 00 00  ..[......yA.....
280a37390  00 00 00 00 00 00 00 00 00 00 00 00 00 00 00 00  ................
280a373a0  00 00 00 00 00 00 00 00 00 00 00 00 00 00 00 00  ................
280a373b0  00 00 00 00 00 00 00 00 00 00 00 00 00 00 00 00  ................
280a373c0  00 00 00 00 00 00 00 00 00 00 00 00 00 00 00 00  ................
280a373d0  00 00 00 00 00 00 00 00 00 00 00 00 00 00 00 00  ................
280a373e0  00 00 00 00 00 00 00 00 00 00 00 00 00 00 00 00  ................
280a373f0  00 00 00 00 00 00 00 00 00 00 00 00 00 00 00 00  ................
280a37400  00 00 00 00 00 00 00 00 00 00 00 00 00 00 00 00  ................
280a37410  00 00 00 00 00 00 00 00 00 00 00 00 00 00 00 00  ................
280a37420  00 00 00 00 00 00 00 00 00 00 00 00 00 00 00 00  ................
280a37430  00 00 00 00 00 00 00 00 00 00 00 00 00 00 00 00  ................
280a37440  00 00 00 00 00 00 00 00 00 00 00 00 00 00 00 00  ................
280a37450  00 00 00 00 00 00 00 00 00 00 00 00 00 00 00 00  ................
280a37460  e8 78 fa 96 00 00 00 00 a6 58 40 d5 01 00 00 00  .x.......X@.....
280a37470  00 00 00 00 00 00 00 00 00 00 00 00 00 00 00 00  ................
280a37480  00 00 00 00 00 00 00 00 00 00 00 00 00 00 00 00  ................
280a37490  00 00 00 00 00 00 00 00 00 00 00 00 00 00 00 00  ................
280a374a0  ac 43 bd 0a 00 00 00 00 8a 6b bd d5 01 00 00 00  .C.......k......
280a374b0  00 00 00 00 00 00 00 00 00 00 00 00 00 00 00 00  ................
280a374c0  00 00 00 00 00 00 00 00 00 00 00 00 00 00 00 00  ................
280a374d0  00 00 00 00 00 00 00 00 00 00 00 00 00 00 00 00  ................
280a374e0  24 b4 a5 0a 00 00 00 00 ae 28 91 0a 01 00 00 00  $........(......
280a374f0  00 00 00 00 00 00 00 00 00 00 00 00 00 00 00 00  ................

,	Aweme!0x3e714a0 this.args1 onLeave 0x10a5326d8             0  1  2  3  4  5  6  7  8  9  A  B  C  D  E  F  0123456789ABCDEF
10a5326d8  73 69 67 6e 00 00 00 00 01 00 00 00 73 65 73 73  sign........sess
10a5326e8  69 6f 6e 69 64 3d 00 00 01 00 00 00 20 09 0b 0c  ionid=...... ...
10a5326f8  0d 0a 00 00 01 00 00 00 43 4f 4f 4b 49 45 00 00  ........COOKIE..
10a532708  01 00 00 00 58 2d 53 53 2d 53 54 55 42 00 00 00  ....X-SS-STUB...
10a532718  01 00 00 00 00 00 00 00 68 a2 5e 08 01 00 00 00  ........h.^.....
10a532728  01 00 00 00 00 00 00 00 60 a0 43 83 02 00 00 00  ........`.C.....
10a532738  68 a2 5e 08 01 00 00 00 10 00 00 00 0f 00 00 00  h.^.............
10a532748  70 a0 43 83 02 00 00 00 68 a2 5e 08 01 00 00 00  p.C.....h.^.....
10a532758  0a 00 00 00 09 00 00 00 80 a0 43 83 02 00 00 00  ..........C.....
10a532768  00 00 00 00 00 00 00 00 68 a2 5e 08 01 00 00 00  ........h.^.....
10a532778  01 00 00 00 00 00 00 00 90 a0 43 83 02 00 00 00  ..........C.....
10a532788  00 00 00 00 00 00 00 00 00 00 00 00 00 00 00 00  ................
10a532798  00 00 00 00 00 00 00 00 00 00 00 00 00 00 00 00  ................
10a5327a8  00 00 00 00 00 00 00 00 00 00 00 00 00 00 00 00  ................
10a5327b8  00 00 00 00 00 00 00 00 00 00 00 00 00 00 00 00  ................
10a5327c8  00 00 00 00 00 00 00 00 00 00 00 00 00 00 00 00  ................
10a5327d8  00 00 00 00 00 00 00 00 00 00 00 00 00 00 00 00  ................
10a5327e8  00 00 00 00 00 00 00 00 00 00 00 00 00 00 00 00  ................
10a5327f8  00 00 00 00 00 00 00 00 00 00 00 00 00 00 00 00  ................
10a532808  00 00 00 00 00 00 00 00 00 00 00 00 00 00 00 00  ................
10a532818  00 00 00 00 00 00 00 00 00 00 00 00 00 00 00 00  ................
10a532828  00 00 00 00 00 00 00 00 00 00 00 00 00 00 00 00  ................
10a532838  00 00 00 00 00 00 00 00 00 00 00 00 00 00 00 00  ................
10a532848  00 00 00 00 00 00 00 00 00 00 00 00 00 00 00 00  ................
10a532858  00 00 00 00 00 00 00 00 00 00 00 00 00 00 00 00  ................
10a532868  00 00 00 00 00 00 00 00 00 00 00 00 00 00 00 00  ................
10a532878  00 00 00 00 00 00 00 00 00 00 00 00 00 00 00 00  ................
10a532888  00 00 00 00 00 00 00 00 00 00 00 00 00 00 00 00  ................
10a532898  00 00 00 00 00 00 00 00 00 00 00 00 00 00 00 00  ................
10a5328a8  00 00 00 00 00 00 00 00 00 00 00 00 00 00 00 00  ................
10a5328b8  00 00 00 00 00 00 00 00 00 00 00 00 00 00 00 00  ................
10a5328c8  00 00 00 00 00 00 00 00 00 00 00 00 00 00 00 00  ................
10a5328d8  00 00 00 00 00 00 00 00 00 00 00 00 00 00 00 00  ................
10a5328e8  00 00 00 00 00 00 00 00 00 00 00 00 00 00 00 00  ................
10a5328f8  00 00 00 00 00 00 00 00 00 00 00 00 00 00 00 00  ................
10a532908  00 00 00 00 00 00 00 00 68 a2 5e 08 01 00 00 00  ........h.^.....
10a532918  01 00 00 00 00 00 00 00 30 a3 43 83 02 00 00 00  ........0.C.....
10a532928  00 00 00 00 00 00 00 00 4e 65 74 77 6f 72 6b 43  ........NetworkC
10a532938  61 63 68 65 54 68 72 65 61 64 2d 25 64 2d 74 69  acheThread-%d-ti
10a532948  64 3a 25 75 00 00 00 00 01 00 00 00 00 00 00 00  d:%u............
10a532958  01 00 00 00 00 00 00 00 2f 55 73 65 72 73 2f 6d  ......../Users/m
10a532968  65 74 61 73 65 63 2f 44 65 73 6b 74 6f 70 2f 62  etasec/Desktop/b
10a532978  75 69 6c 64 73 2f 63 31 33 32 64 34 35 38 2f 30  uilds/c132d458/0
10a532988  2f 6d 6f 62 69 6c 65 73 65 63 2f 70 72 6f 64 75  /mobilesec/produ
10a532998  63 74 5f 53 65 63 53 44 4b 5f 6d 6c 2f 6d 73 73  ct_SecSDK_ml/mss
10a5329a8  64 6b 5f 62 61 73 65 2f 4d 65 74 61 53 65 63 53  dk_base/MetaSecS
10a5329b8  44 4b 69 4f 53 2f 4d 65 74 61 53 65 63 53 44 4b  DKiOS/MetaSecSDK
10a5329c8  69 4f 53 2f 4d 53 43 6f 6e 66 69 67 2e 6d 00 00  iOS/MSConfig.m..
10a5329d8  01 00 00 00 3c 55 6e 6b 6e 6f 77 6e 20 46 69 6c  ....<Unknown Fil
10a5329e8  65 3e 00 00 01 00 00 00 4d 65 74 61 53 65 63 3a  e>......MetaSec:
10a5329f8  61 70 70 49 44 20 6d 75 73 74 20 62 65 20 61 20  appID must be a 
10a532a08  6b 69 6e 64 20 6f 66 20 4e 53 53 74 72 69 6e 67  kind of NSString
10a532a18  20 61 6e 64 20 63 61 6e 27 74 20 62 65 20 6e 69   and can't be ni
10a532a28  6c 20 6f 72 20 65 6d 70 74 79 21 00 01 00 00 00  l or empty!.....
10a532a38  00 00 00 00 00 00 00 00 4d 65 74 61 53 65 63 3a  ........MetaSec:
10a532a48  6c 69 63 65 6e 73 65 53 74 72 20 6d 75 73 74 20  licenseStr must 
10a532a58  62 65 20 61 20 6b 69 6e 64 20 6f 66 20 4e 53 53  be a kind of NSS
10a532a68  74 72 69 6e 67 20 61 6e 64 20 63 61 6e 27 74 20  tring and can't 
10a532a78  62 65 20 6e 69 6c 20 6f 72 20 65 6d 70 74 79 21  be nil or empty!
10a532a88  00 00 00 00 01 00 00 00 00 00 00 00 00 00 00 00  ................
10a532a98  00 00 00 00 00 00 00 00 00 00 00 00 00 00 00 00  ................
10a532aa8  00 00 00 00 00 00 00 00 00 00 00 00 00 00 00 00  ................
10a532ab8  00 00 00 00 00 00 00 00 00 00 00 00 00 00 00 00  ................
10a532ac8  00 00 00 00 00 00 00 00 00 00 00 00 00 00 00 00  ................

,	Aweme!0x3e714a0 this.args2 onLeave 0x120a8 0x120a8

,	Aweme!0x3e714a0 this.args3 onLeave 0x19ce510e0             0  1  2  3  4  5  6  7  8  9  A  B  C  D  E  F  0123456789ABCDEF
19ce510e0  f6 57 bd a9 f4 4f 01 a9 fd 7b 02 a9 fd 83 00 91  .W...O...{......
19ce510f0  f4 03 02 aa f3 03 01 aa f5 03 00 aa 21 02 00 b4  ............!...
19ce51100  68 fe 5d d3 1f 51 00 f1 c1 01 00 54 08 01 8e 52  h.]..Q.....T...R
19ce51110  a8 6a 68 38 68 02 18 37 9f 0e 40 f2 88 fe 44 d3  .jh8h..7..@...D.
19ce51120  08 05 88 1a 02 05 00 51 e0 03 15 aa e1 03 13 aa  .......Q........
19ce51130  fd 7b 42 a9 f4 4f 41 a9 f6 57 c3 a8 0e 00 00 14  .{B..OA..W......
19ce51140  a0 16 78 f9 03 3c 40 f9 e1 03 13 aa e2 03 14 aa  ..x..<@.........
19ce51150  fd 7b 42 a9 f4 4f 41 a9 f6 57 c3 a8 60 00 1f d6  .{B..OA..W..`...
19ce51160  a1 0a 80 52 e0 03 13 aa e2 03 14 aa f1 9b 00 94  ...R............
19ce51170  ea ff ff 17 fa 67 bb a9 f8 5f 01 a9 f6 57 02 a9  .....g..._...W..
19ce51180  f4 4f 03 a9 fd 7b 04 a9 fd 03 01 91 f4 03 02 aa  .O...{..........
19ce51190  f3 03 00 aa 35 c4 72 92 28 94 66 92 09 0c 78 f9  ....5.r.(.f...x.
19ce511a0  28 01 08 ca 29 7c 4e d3 2a 64 0e 53 29 2d 06 53  (...)|N.*d.S)-.S
19ce511b0  49 15 1a 33 16 49 29 8b c9 00 00 d0 29 81 25 91  I..3.I).....).%.
19ce511c0  c8 02 40 b9 38 59 62 b8 09 07 00 51 2a 00 15 4b  ..@.8Yb....Q*..K
19ce511d0  4b 6c 1c 53 6b 41 00 11 4a 0d cb 1a 4a 05 00 11  Kl.SkA..J...J...
19ce511e0  4a 29 00 12 6b ff 80 52 ac ff 80 52 0d 29 00 12  J)..k..R...R.)..
19ce511f0  0f 01 20 11 ee 25 15 12 10 01 01 12 11 01 48 11  .. ..%........H.
19ce51200  31 26 0b 12 0e 02 0e 2a ce 01 11 2a bf f1 1f 71  1&.....*...*...q
19ce51210  a0 01 00 54 ef 51 0b 53 ff 01 09 6b 41 01 00 54  ...T.Q.S...kA..T
19ce51220  1f 01 00 71 6d b1 8c 1a d9 01 0d 2a cd 7e 5f 88  ...qm......*.~_.
19ce51230  bf 01 08 6b 21 02 00 54 d9 7e 0d 88 8d ff ff 35  ...k!..T.~.....5
19ce51240  11 00 00 14 59 01 0e 2a bf f1 1f 71 6d 01 8d 1a  ....Y..*...qm...
19ce51250  2d 10 00 79 6d 12 78 f9 ad 01 01 ca 2d 00 00 f9  -..ym.x.....-...
19ce51260  cd 7e 5f 88 bf 01 08 6b 81 00 00 54 d9 fe 0d 88  .~_....k...T....
19ce51270  8d ff ff 35 14 00 00 14 5f 3f 03 d5 e8 03 0d aa  ...5...._?......
19ce51280  db ff ff 17 49 62 24 90 29 e9 43 b9 c9 01 00 35  ....Ib$.).C....5
19ce51290  a8 01 f8 37 08 0b 8e 52 77 02 08 8b a1 00 a0 52  ...7...Rw......R
19ce512a0  e0 03 17 aa 95 9e 00 94 e3 03 14 aa e0 03 13 aa  ................
19ce512b0  e1 03 16 aa e2 03 15 aa c3 01 00 94 e0 03 17 aa  ................
19ce512c0  97 9e 00 94 f9 01 f8 37 e8 03 00 32 14 21 d4 1a  .......7...2.!..
19ce512d0  88 00 8e 52 75 02 08 8b a8 02 40 79 88 02 08 0a  ...Ru.....@y....
19ce512e0  29 53 0b 53 20 01 62 1e 1f 01 00 71 01 03 62 1e  )S.S .b....q..b.
19ce512f0  02 10 6d 1e 21 08 62 1e 22 14 60 1e e9 00 00 54  ..m.!.b.".`....T
19ce51300  fd 7b 44 a9 f4 4f 43 a9 f6 57 42 a9 f8 5f 41 a9  .{D..OC..WB.._A.
19ce51310  fa 67 c5 a8 c0 03 5f d6 73 1e 40 91 a1 00 a0 52  .g...._.s.@....R
19ce51320  e0 03 13 aa 75 9e 00 94 a8 02 40 79 08 01 34 0a  ....u.....@y..4.
19ce51330  a8 02 00 79 e0 03 13 aa fd 7b 44 a9 f4 4f 43 a9  ...y.....{D..OC.
19ce51340  f6 57 42 a9 f8 5f 41 a9 fa 67 c5 a8 74 9e 00 14  .WB.._A..g..t...
19ce51350  ff c3 00 d1 f4 4f 01 a9 fd 7b 02 a9 fd 83 00 91  .....O...{......
19ce51360  f3 03 01 aa f4 03 00 aa e1 02 00 b4 68 fe 5d d3  ............h.].
19ce51370  1f 51 00 f1 81 02 00 54 02 00 80 52 e0 03 14 aa  .Q.....T...R....
19ce51380  e1 03 13 aa 8a fe ff 97 e0 01 00 b4 e8 03 00 aa  ................
19ce51390  09 01 8e 52 89 6a 69 38 49 02 18 37 1f 0d 40 f2  ...R.ji8I..7..@.
19ce513a0  08 fd 44 d3 08 05 88 1a 02 05 00 51 e0 03 14 aa  ..D........Q....
19ce513b0  e1 03 13 aa fd 7b 42 a9 f4 4f 41 a9 ff c3 00 91  .....{B..OA.....
19ce513c0  6d ff ff 17 80 16 78 f9 02 18 40 f9 e1 03 13 aa  m.....x...@.....
19ce513d0  fd 7b 42 a9 f4 4f 41 a9 ff c3 00 91 40 00 1f d6  .{B..OA.....@...
19ce513e0  a1 0a 80 52 e0 03 13 aa e8 07 00 f9 e2 03 08 aa  ...R............
19ce513f0  50 9b 00 94 e8 07 40 f9 e9 ff ff 17 f4 4f be a9  P.....@......O..
19ce51400  fd 7b 01 a9 fd 43 00 91 f3 03 02 aa f4 03 00 aa  .{...C..........
19ce51410  3f 04 00 f1 40 02 00 54 28 7c d3 9b ff 03 08 eb  ?...@..T(|......
19ce51420  21 01 00 54 33 7c 13 9b 48 de 1e b0 08 d1 43 f9  !..T3|..H.....C.
19ce51430  08 01 40 f9 09 00 80 92 28 05 08 ca 7f 02 08 eb  ..@.....(.......
19ce51440  e9 00 00 54 c0 be 03 94 e8 03 00 aa 00 00 80 d2  ...T............
19ce51450  e9 07 1e 32 09 01 00 b9 0c 00 00 14 7f 02 04 f1  ...2............
19ce51460  a8 01 00 54 68 3e 00 91 08 ed 7c 92 7f 46 00 f1  ...Th>....|..F..
19ce51470  e9 03 1c 32 21 31 88 9a e2 03 00 32 e0 03 14 aa  ...2!1.....2....
19ce51480  a8 fe ff 97 80 00 00 b4 fd 7b 41 a9 f4 4f c2 a8  .........{A..O..
19ce51490  c0 03 5f d6 80 16 78 f9 03 10 40 f9 e1 03 00 32  .._...x...@....2
19ce514a0  e2 03 13 aa fd 7b 41 a9 f4 4f c2 a8 60 00 1f d6  .....{A..O..`...
19ce514b0  f8 5f bc a9 f6 57 01 a9 f4 4f 02 a9 fd 7b 03 a9  ._...W...O...{..
19ce514c0  fd c3 00 91 f5 03 02 aa f4 03 00 aa c1 01 00 b4  ................
19ce514d0  f3 03 01 aa 02 00 80 52 e0 03 14 aa 34 fe ff 97  .......R....4...

,	Aweme!0x3e714a0 this.args4 onLeave 0x9cdd4d65 0x9cdd4d65

,retval onLeave: 0x1716f4aa0 0x1716f4aa0

call Aweme!0x3e714a0
,	Aweme!0x3e714a0 this.args0 0x10dea0000             0  1  2  3  4  5  6  7  8  9  A  B  C  D  E  F  0123456789ABCDEF
10dea0000  00 00 00 00 00 00 00 00 00 00 00 00 00 00 00 00  ................
10dea0010  68 0d e5 9c 01 00 00 00 94 0e e5 9c 01 00 00 00  h...............
10dea0020  fc 13 e5 9c 01 00 00 00 6c cf e5 9c 01 00 00 00  ........l.......
10dea0030  50 13 e5 9c 01 00 00 00 b0 14 e5 9c 01 00 00 00  P...............
10dea0040  78 cf e5 9c 01 00 00 00 00 00 63 83 02 00 00 00  x.........c.....
10dea0050  84 16 e5 9c 01 00 00 00 34 17 e5 9c 01 00 00 00  ........4.......
10dea0060  d8 aa a1 da 01 00 00 00 0c 00 00 00 00 00 00 00  ................
10dea0070  cc cf e5 9c 01 00 00 00 e0 10 e5 9c 01 00 00 00  ................
10dea0080  84 17 e5 9c 01 00 00 00 34 16 e5 9c 01 00 00 00  ........4.......
10dea0090  00 00 00 00 00 00 00 00 00 00 00 00 00 00 00 00  ................
10dea00a0  00 00 00 00 00 00 00 00 00 00 00 00 00 00 00 00  ................
10dea00b0  00 00 00 00 00 00 00 00 00 00 00 00 00 00 00 00  ................
10dea00c0  00 00 00 00 00 00 00 00 00 00 00 00 00 00 00 00  ................
10dea00d0  00 00 00 00 00 00 00 00 00 00 00 00 00 00 00 00  ................
10dea00e0  00 00 00 00 00 00 00 00 00 00 00 00 00 00 00 00  ................
10dea00f0  00 00 00 00 00 00 00 00 00 00 00 00 00 00 00 00  ................
10dea0100  00 00 00 00 00 00 00 00 00 00 00 00 00 00 00 00  ................
10dea0110  00 00 00 00 00 00 00 00 00 00 00 00 00 00 00 00  ................
10dea0120  00 00 00 00 00 00 00 00 00 00 00 00 00 00 00 00  ................
10dea0130  00 00 00 00 00 00 00 00 00 00 00 00 00 00 00 00  ................
10dea0140  00 00 00 00 00 00 00 00 00 00 00 00 00 00 00 00  ................
10dea0150  00 00 00 00 00 00 00 00 00 00 00 00 00 00 00 00  ................
10dea0160  00 00 00 00 00 00 00 00 00 00 00 00 00 00 00 00  ................
10dea0170  00 00 00 00 00 00 00 00 00 00 00 00 00 00 00 00  ................
10dea0180  00 00 00 00 00 00 00 00 00 00 00 00 00 00 00 00  ................
10dea0190  00 00 00 00 00 00 00 00 00 00 00 00 00 00 00 00  ................
10dea01a0  00 00 00 00 00 00 00 00 00 00 00 00 00 00 00 00  ................
10dea01b0  00 00 00 00 00 00 00 00 00 00 00 00 00 00 00 00  ................
10dea01c0  00 00 00 00 00 00 00 00 00 00 00 00 00 00 00 00  ................
10dea01d0  00 00 00 00 00 00 00 00 00 00 00 00 00 00 00 00  ................
10dea01e0  00 00 00 00 00 00 00 00 00 00 00 00 00 00 00 00  ................
10dea01f0  00 00 00 00 00 00 00 00 00 00 00 00 00 00 00 00  ................
10dea0200  00 00 00 00 00 00 00 00 00 00 00 00 00 00 00 00  ................
10dea0210  00 00 00 00 00 00 00 00 00 00 00 00 00 00 00 00  ................
10dea0220  00 00 00 00 00 00 00 00 00 00 00 00 00 00 00 00  ................
10dea0230  00 00 00 00 00 00 00 00 00 00 00 00 00 00 00 00  ................
10dea0240  00 00 00 00 00 00 00 00 00 00 00 00 00 00 00 00  ................
10dea0250  00 00 00 00 00 00 00 00 00 00 00 00 00 00 00 00  ................
10dea0260  00 00 00 00 00 00 00 00 00 00 00 00 00 00 00 00  ................
10dea0270  00 00 00 00 00 00 00 00 00 00 00 00 00 00 00 00  ................
10dea0280  00 00 00 00 00 00 00 00 00 00 00 00 00 00 00 00  ................
10dea0290  00 00 00 00 00 00 00 00 00 00 00 00 00 00 00 00  ................
10dea02a0  00 00 00 00 00 00 00 00 00 00 00 00 00 00 00 00  ................
10dea02b0  00 00 00 00 00 00 00 00 00 00 00 00 00 00 00 00  ................
10dea02c0  00 00 00 00 00 00 00 00 00 00 00 00 00 00 00 00  ................
10dea02d0  00 00 00 00 00 00 00 00 00 00 00 00 00 00 00 00  ................
10dea02e0  00 00 00 00 00 00 00 00 00 00 00 00 00 00 00 00  ................
10dea02f0  00 00 00 00 00 00 00 00 00 00 00 00 00 00 00 00  ................
10dea0300  00 00 00 00 00 00 00 00 00 00 00 00 00 00 00 00  ................
10dea0310  00 00 00 00 00 00 00 00 00 00 00 00 00 00 00 00  ................
10dea0320  00 00 00 00 00 00 00 00 00 00 00 00 00 00 00 00  ................
10dea0330  00 00 00 00 00 00 00 00 00 00 00 00 00 00 00 00  ................
10dea0340  00 00 00 00 00 00 00 00 00 00 00 00 00 00 00 00  ................
10dea0350  00 00 00 00 00 00 00 00 00 00 00 00 00 00 00 00  ................
10dea0360  00 00 00 00 00 00 00 00 00 00 00 00 00 00 00 00  ................
10dea0370  00 00 00 00 00 00 00 00 00 00 00 00 00 00 00 00  ................
10dea0380  00 00 00 00 00 00 00 00 00 00 00 00 00 00 00 00  ................
10dea0390  00 00 00 00 00 00 00 00 00 00 00 00 00 00 00 00  ................
10dea03a0  00 00 00 00 00 00 00 00 00 00 00 00 00 00 00 00  ................
10dea03b0  00 00 00 00 00 00 00 00 00 00 00 00 00 00 00 00  ................
10dea03c0  00 00 00 00 00 00 00 00 00 00 00 00 00 00 00 00  ................
10dea03d0  00 00 00 00 00 00 00 00 00 00 00 00 00 00 00 00  ................
10dea03e0  00 00 00 00 00 00 00 00 00 00 00 00 00 00 00 00  ................
10dea03f0  00 00 00 00 00 00 00 00 00 00 00 00 00 00 00 00  ................

,	Aweme!0x3e714a0 this.args1 0x10a5326b4             0  1  2  3  4  5  6  7  8  9  A  B  C  D  E  F  0123456789ABCDEF
10a5326b4  61 69 64 00 01 00 00 00 00 00 00 00 48 74 74 70  aid.........Http
10a5326c4  52 65 71 75 65 73 74 43 61 6c 6c 62 61 63 6b 00  RequestCallback.
10a5326d4  01 00 00 00 73 69 67 6e 00 00 00 00 01 00 00 00  ....sign........
10a5326e4  73 65 73 73 69 6f 6e 69 64 3d 00 00 01 00 00 00  sessionid=......
10a5326f4  20 09 0b 0c 0d 0a 00 00 01 00 00 00 43 4f 4f 4b   ...........COOK
10a532704  49 45 00 00 01 00 00 00 58 2d 53 53 2d 53 54 55  IE......X-SS-STU
10a532714  42 00 00 00 01 00 00 00 00 00 00 00 68 a2 5e 08  B...........h.^.
10a532724  01 00 00 00 01 00 00 00 00 00 00 00 60 a0 43 83  ............`.C.
10a532734  02 00 00 00 68 a2 5e 08 01 00 00 00 10 00 00 00  ....h.^.........
10a532744  0f 00 00 00 70 a0 43 83 02 00 00 00 68 a2 5e 08  ....p.C.....h.^.
10a532754  01 00 00 00 0a 00 00 00 09 00 00 00 80 a0 43 83  ..............C.
10a532764  02 00 00 00 00 00 00 00 00 00 00 00 68 a2 5e 08  ............h.^.
10a532774  01 00 00 00 01 00 00 00 00 00 00 00 90 a0 43 83  ..............C.
10a532784  02 00 00 00 00 00 00 00 00 00 00 00 00 00 00 00  ................
10a532794  00 00 00 00 00 00 00 00 00 00 00 00 00 00 00 00  ................
10a5327a4  00 00 00 00 00 00 00 00 00 00 00 00 00 00 00 00  ................
10a5327b4  00 00 00 00 00 00 00 00 00 00 00 00 00 00 00 00  ................
10a5327c4  00 00 00 00 00 00 00 00 00 00 00 00 00 00 00 00  ................
10a5327d4  00 00 00 00 00 00 00 00 00 00 00 00 00 00 00 00  ................
10a5327e4  00 00 00 00 00 00 00 00 00 00 00 00 00 00 00 00  ................
10a5327f4  00 00 00 00 00 00 00 00 00 00 00 00 00 00 00 00  ................
10a532804  00 00 00 00 00 00 00 00 00 00 00 00 00 00 00 00  ................
10a532814  00 00 00 00 00 00 00 00 00 00 00 00 00 00 00 00  ................
10a532824  00 00 00 00 00 00 00 00 00 00 00 00 00 00 00 00  ................
10a532834  00 00 00 00 00 00 00 00 00 00 00 00 00 00 00 00  ................
10a532844  00 00 00 00 00 00 00 00 00 00 00 00 00 00 00 00  ................
10a532854  00 00 00 00 00 00 00 00 00 00 00 00 00 00 00 00  ................
10a532864  00 00 00 00 00 00 00 00 00 00 00 00 00 00 00 00  ................
10a532874  00 00 00 00 00 00 00 00 00 00 00 00 00 00 00 00  ................
10a532884  00 00 00 00 00 00 00 00 00 00 00 00 00 00 00 00  ................
10a532894  00 00 00 00 00 00 00 00 00 00 00 00 00 00 00 00  ................
10a5328a4  00 00 00 00 00 00 00 00 00 00 00 00 00 00 00 00  ................
10a5328b4  00 00 00 00 00 00 00 00 00 00 00 00 00 00 00 00  ................
10a5328c4  00 00 00 00 00 00 00 00 00 00 00 00 00 00 00 00  ................
10a5328d4  00 00 00 00 00 00 00 00 00 00 00 00 00 00 00 00  ................
10a5328e4  00 00 00 00 00 00 00 00 00 00 00 00 00 00 00 00  ................
10a5328f4  00 00 00 00 00 00 00 00 00 00 00 00 00 00 00 00  ................
10a532904  00 00 00 00 00 00 00 00 00 00 00 00 68 a2 5e 08  ............h.^.
10a532914  01 00 00 00 01 00 00 00 00 00 00 00 30 a3 43 83  ............0.C.
10a532924  02 00 00 00 00 00 00 00 00 00 00 00 4e 65 74 77  ............Netw
10a532934  6f 72 6b 43 61 63 68 65 54 68 72 65 61 64 2d 25  orkCacheThread-%
10a532944  64 2d 74 69 64 3a 25 75 00 00 00 00 01 00 00 00  d-tid:%u........
10a532954  00 00 00 00 01 00 00 00 00 00 00 00 2f 55 73 65  ............/Use
10a532964  72 73 2f 6d 65 74 61 73 65 63 2f 44 65 73 6b 74  rs/metasec/Deskt
10a532974  6f 70 2f 62 75 69 6c 64 73 2f 63 31 33 32 64 34  op/builds/c132d4
10a532984  35 38 2f 30 2f 6d 6f 62 69 6c 65 73 65 63 2f 70  58/0/mobilesec/p
10a532994  72 6f 64 75 63 74 5f 53 65 63 53 44 4b 5f 6d 6c  roduct_SecSDK_ml
10a5329a4  2f 6d 73 73 64 6b 5f 62 61 73 65 2f 4d 65 74 61  /mssdk_base/Meta
10a5329b4  53 65 63 53 44 4b 69 4f 53 2f 4d 65 74 61 53 65  SecSDKiOS/MetaSe
10a5329c4  63 53 44 4b 69 4f 53 2f 4d 53 43 6f 6e 66 69 67  cSDKiOS/MSConfig
10a5329d4  2e 6d 00 00 01 00 00 00 3c 55 6e 6b 6e 6f 77 6e  .m......<Unknown
10a5329e4  20 46 69 6c 65 3e 00 00 01 00 00 00 4d 65 74 61   File>......Meta
10a5329f4  53 65 63 3a 61 70 70 49 44 20 6d 75 73 74 20 62  Sec:appID must b
10a532a04  65 20 61 20 6b 69 6e 64 20 6f 66 20 4e 53 53 74  e a kind of NSSt
10a532a14  72 69 6e 67 20 61 6e 64 20 63 61 6e 27 74 20 62  ring and can't b
10a532a24  65 20 6e 69 6c 20 6f 72 20 65 6d 70 74 79 21 00  e nil or empty!.
10a532a34  01 00 00 00 00 00 00 00 00 00 00 00 4d 65 74 61  ............Meta
10a532a44  53 65 63 3a 6c 69 63 65 6e 73 65 53 74 72 20 6d  Sec:licenseStr m
10a532a54  75 73 74 20 62 65 20 61 20 6b 69 6e 64 20 6f 66  ust be a kind of
10a532a64  20 4e 53 53 74 72 69 6e 67 20 61 6e 64 20 63 61   NSString and ca
10a532a74  6e 27 74 20 62 65 20 6e 69 6c 20 6f 72 20 65 6d  n't be nil or em
10a532a84  70 74 79 21 00 00 00 00 01 00 00 00 00 00 00 00  pty!............
10a532a94  00 00 00 00 00 00 00 00 00 00 00 00 00 00 00 00  ................
10a532aa4  00 00 00 00 00 00 00 00 00 00 00 00 00 00 00 00  ................

,	Aweme!0x3e714a0 this.args2 0x0 0x0

,	Aweme!0x3e714a0 this.args3 0x19ce510e0             0  1  2  3  4  5  6  7  8  9  A  B  C  D  E  F  0123456789ABCDEF
19ce510e0  f6 57 bd a9 f4 4f 01 a9 fd 7b 02 a9 fd 83 00 91  .W...O...{......
19ce510f0  f4 03 02 aa f3 03 01 aa f5 03 00 aa 21 02 00 b4  ............!...
19ce51100  68 fe 5d d3 1f 51 00 f1 c1 01 00 54 08 01 8e 52  h.]..Q.....T...R
19ce51110  a8 6a 68 38 68 02 18 37 9f 0e 40 f2 88 fe 44 d3  .jh8h..7..@...D.
19ce51120  08 05 88 1a 02 05 00 51 e0 03 15 aa e1 03 13 aa  .......Q........
19ce51130  fd 7b 42 a9 f4 4f 41 a9 f6 57 c3 a8 0e 00 00 14  .{B..OA..W......
19ce51140  a0 16 78 f9 03 3c 40 f9 e1 03 13 aa e2 03 14 aa  ..x..<@.........
19ce51150  fd 7b 42 a9 f4 4f 41 a9 f6 57 c3 a8 60 00 1f d6  .{B..OA..W..`...
19ce51160  a1 0a 80 52 e0 03 13 aa e2 03 14 aa f1 9b 00 94  ...R............
19ce51170  ea ff ff 17 fa 67 bb a9 f8 5f 01 a9 f6 57 02 a9  .....g..._...W..
19ce51180  f4 4f 03 a9 fd 7b 04 a9 fd 03 01 91 f4 03 02 aa  .O...{..........
19ce51190  f3 03 00 aa 35 c4 72 92 28 94 66 92 09 0c 78 f9  ....5.r.(.f...x.
19ce511a0  28 01 08 ca 29 7c 4e d3 2a 64 0e 53 29 2d 06 53  (...)|N.*d.S)-.S
19ce511b0  49 15 1a 33 16 49 29 8b c9 00 00 d0 29 81 25 91  I..3.I).....).%.
19ce511c0  c8 02 40 b9 38 59 62 b8 09 07 00 51 2a 00 15 4b  ..@.8Yb....Q*..K
19ce511d0  4b 6c 1c 53 6b 41 00 11 4a 0d cb 1a 4a 05 00 11  Kl.SkA..J...J...
19ce511e0  4a 29 00 12 6b ff 80 52 ac ff 80 52 0d 29 00 12  J)..k..R...R.)..
19ce511f0  0f 01 20 11 ee 25 15 12 10 01 01 12 11 01 48 11  .. ..%........H.
19ce51200  31 26 0b 12 0e 02 0e 2a ce 01 11 2a bf f1 1f 71  1&.....*...*...q
19ce51210  a0 01 00 54 ef 51 0b 53 ff 01 09 6b 41 01 00 54  ...T.Q.S...kA..T
19ce51220  1f 01 00 71 6d b1 8c 1a d9 01 0d 2a cd 7e 5f 88  ...qm......*.~_.
19ce51230  bf 01 08 6b 21 02 00 54 d9 7e 0d 88 8d ff ff 35  ...k!..T.~.....5
19ce51240  11 00 00 14 59 01 0e 2a bf f1 1f 71 6d 01 8d 1a  ....Y..*...qm...
19ce51250  2d 10 00 79 6d 12 78 f9 ad 01 01 ca 2d 00 00 f9  -..ym.x.....-...
19ce51260  cd 7e 5f 88 bf 01 08 6b 81 00 00 54 d9 fe 0d 88  .~_....k...T....
19ce51270  8d ff ff 35 14 00 00 14 5f 3f 03 d5 e8 03 0d aa  ...5...._?......
19ce51280  db ff ff 17 49 62 24 90 29 e9 43 b9 c9 01 00 35  ....Ib$.).C....5
19ce51290  a8 01 f8 37 08 0b 8e 52 77 02 08 8b a1 00 a0 52  ...7...Rw......R
19ce512a0  e0 03 17 aa 95 9e 00 94 e3 03 14 aa e0 03 13 aa  ................
19ce512b0  e1 03 16 aa e2 03 15 aa c3 01 00 94 e0 03 17 aa  ................
19ce512c0  97 9e 00 94 f9 01 f8 37 e8 03 00 32 14 21 d4 1a  .......7...2.!..
19ce512d0  88 00 8e 52 75 02 08 8b a8 02 40 79 88 02 08 0a  ...Ru.....@y....
19ce512e0  29 53 0b 53 20 01 62 1e 1f 01 00 71 01 03 62 1e  )S.S .b....q..b.
19ce512f0  02 10 6d 1e 21 08 62 1e 22 14 60 1e e9 00 00 54  ..m.!.b.".`....T
19ce51300  fd 7b 44 a9 f4 4f 43 a9 f6 57 42 a9 f8 5f 41 a9  .{D..OC..WB.._A.
19ce51310  fa 67 c5 a8 c0 03 5f d6 73 1e 40 91 a1 00 a0 52  .g...._.s.@....R
19ce51320  e0 03 13 aa 75 9e 00 94 a8 02 40 79 08 01 34 0a  ....u.....@y..4.
19ce51330  a8 02 00 79 e0 03 13 aa fd 7b 44 a9 f4 4f 43 a9  ...y.....{D..OC.
19ce51340  f6 57 42 a9 f8 5f 41 a9 fa 67 c5 a8 74 9e 00 14  .WB.._A..g..t...
19ce51350  ff c3 00 d1 f4 4f 01 a9 fd 7b 02 a9 fd 83 00 91  .....O...{......
19ce51360  f3 03 01 aa f4 03 00 aa e1 02 00 b4 68 fe 5d d3  ............h.].
19ce51370  1f 51 00 f1 81 02 00 54 02 00 80 52 e0 03 14 aa  .Q.....T...R....
19ce51380  e1 03 13 aa 8a fe ff 97 e0 01 00 b4 e8 03 00 aa  ................
19ce51390  09 01 8e 52 89 6a 69 38 49 02 18 37 1f 0d 40 f2  ...R.ji8I..7..@.
19ce513a0  08 fd 44 d3 08 05 88 1a 02 05 00 51 e0 03 14 aa  ..D........Q....
19ce513b0  e1 03 13 aa fd 7b 42 a9 f4 4f 41 a9 ff c3 00 91  .....{B..OA.....
19ce513c0  6d ff ff 17 80 16 78 f9 02 18 40 f9 e1 03 13 aa  m.....x...@.....
19ce513d0  fd 7b 42 a9 f4 4f 41 a9 ff c3 00 91 40 00 1f d6  .{B..OA.....@...
19ce513e0  a1 0a 80 52 e0 03 13 aa e8 07 00 f9 e2 03 08 aa  ...R............
19ce513f0  50 9b 00 94 e8 07 40 f9 e9 ff ff 17 f4 4f be a9  P.....@......O..
19ce51400  fd 7b 01 a9 fd 43 00 91 f3 03 02 aa f4 03 00 aa  .{...C..........
19ce51410  3f 04 00 f1 40 02 00 54 28 7c d3 9b ff 03 08 eb  ?...@..T(|......
19ce51420  21 01 00 54 33 7c 13 9b 48 de 1e b0 08 d1 43 f9  !..T3|..H.....C.
19ce51430  08 01 40 f9 09 00 80 92 28 05 08 ca 7f 02 08 eb  ..@.....(.......
19ce51440  e9 00 00 54 c0 be 03 94 e8 03 00 aa 00 00 80 d2  ...T............
19ce51450  e9 07 1e 32 09 01 00 b9 0c 00 00 14 7f 02 04 f1  ...2............
19ce51460  a8 01 00 54 68 3e 00 91 08 ed 7c 92 7f 46 00 f1  ...Th>....|..F..
19ce51470  e9 03 1c 32 21 31 88 9a e2 03 00 32 e0 03 14 aa  ...2!1.....2....
19ce51480  a8 fe ff 97 80 00 00 b4 fd 7b 41 a9 f4 4f c2 a8  .........{A..O..
19ce51490  c0 03 5f d6 80 16 78 f9 03 10 40 f9 e1 03 00 32  .._...x...@....2
19ce514a0  e2 03 13 aa fd 7b 41 a9 f4 4f c2 a8 60 00 1f d6  .....{A..O..`...
19ce514b0  f8 5f bc a9 f6 57 01 a9 f4 4f 02 a9 fd 7b 03 a9  ._...W...O...{..
19ce514c0  fd c3 00 91 f5 03 02 aa f4 03 00 aa c1 01 00 b4  ................
19ce514d0  f3 03 01 aa 02 00 80 52 e0 03 14 aa 34 fe ff 97  .......R....4...

,	Aweme!0x3e714a0 this.args4 0x1 0x1

,	Aweme!0x3e714a0 this.args0 onLeave 0x10dea0000             0  1  2  3  4  5  6  7  8  9  A  B  C  D  E  F  0123456789ABCDEF
10dea0000  00 00 00 00 00 00 00 00 00 00 00 00 00 00 00 00  ................
10dea0010  68 0d e5 9c 01 00 00 00 94 0e e5 9c 01 00 00 00  h...............
10dea0020  fc 13 e5 9c 01 00 00 00 6c cf e5 9c 01 00 00 00  ........l.......
10dea0030  50 13 e5 9c 01 00 00 00 b0 14 e5 9c 01 00 00 00  P...............
10dea0040  78 cf e5 9c 01 00 00 00 00 00 63 83 02 00 00 00  x.........c.....
10dea0050  84 16 e5 9c 01 00 00 00 34 17 e5 9c 01 00 00 00  ........4.......
10dea0060  d8 aa a1 da 01 00 00 00 0c 00 00 00 00 00 00 00  ................
10dea0070  cc cf e5 9c 01 00 00 00 e0 10 e5 9c 01 00 00 00  ................
10dea0080  84 17 e5 9c 01 00 00 00 34 16 e5 9c 01 00 00 00  ........4.......
10dea0090  00 00 00 00 00 00 00 00 00 00 00 00 00 00 00 00  ................
10dea00a0  00 00 00 00 00 00 00 00 00 00 00 00 00 00 00 00  ................
10dea00b0  00 00 00 00 00 00 00 00 00 00 00 00 00 00 00 00  ................
10dea00c0  00 00 00 00 00 00 00 00 00 00 00 00 00 00 00 00  ................
10dea00d0  00 00 00 00 00 00 00 00 00 00 00 00 00 00 00 00  ................
10dea00e0  00 00 00 00 00 00 00 00 00 00 00 00 00 00 00 00  ................
10dea00f0  00 00 00 00 00 00 00 00 00 00 00 00 00 00 00 00  ................
10dea0100  00 00 00 00 00 00 00 00 00 00 00 00 00 00 00 00  ................
10dea0110  00 00 00 00 00 00 00 00 00 00 00 00 00 00 00 00  ................
10dea0120  00 00 00 00 00 00 00 00 00 00 00 00 00 00 00 00  ................
10dea0130  00 00 00 00 00 00 00 00 00 00 00 00 00 00 00 00  ................
10dea0140  00 00 00 00 00 00 00 00 00 00 00 00 00 00 00 00  ................
10dea0150  00 00 00 00 00 00 00 00 00 00 00 00 00 00 00 00  ................
10dea0160  00 00 00 00 00 00 00 00 00 00 00 00 00 00 00 00  ................
10dea0170  00 00 00 00 00 00 00 00 00 00 00 00 00 00 00 00  ................
10dea0180  00 00 00 00 00 00 00 00 00 00 00 00 00 00 00 00  ................
10dea0190  00 00 00 00 00 00 00 00 00 00 00 00 00 00 00 00  ................
10dea01a0  00 00 00 00 00 00 00 00 00 00 00 00 00 00 00 00  ................
10dea01b0  00 00 00 00 00 00 00 00 00 00 00 00 00 00 00 00  ................
10dea01c0  00 00 00 00 00 00 00 00 00 00 00 00 00 00 00 00  ................
10dea01d0  00 00 00 00 00 00 00 00 00 00 00 00 00 00 00 00  ................
10dea01e0  00 00 00 00 00 00 00 00 00 00 00 00 00 00 00 00  ................
10dea01f0  00 00 00 00 00 00 00 00 00 00 00 00 00 00 00 00  ................
10dea0200  00 00 00 00 00 00 00 00 00 00 00 00 00 00 00 00  ................
10dea0210  00 00 00 00 00 00 00 00 00 00 00 00 00 00 00 00  ................
10dea0220  00 00 00 00 00 00 00 00 00 00 00 00 00 00 00 00  ................
10dea0230  00 00 00 00 00 00 00 00 00 00 00 00 00 00 00 00  ................
10dea0240  00 00 00 00 00 00 00 00 00 00 00 00 00 00 00 00  ................
10dea0250  00 00 00 00 00 00 00 00 00 00 00 00 00 00 00 00  ................
10dea0260  00 00 00 00 00 00 00 00 00 00 00 00 00 00 00 00  ................
10dea0270  00 00 00 00 00 00 00 00 00 00 00 00 00 00 00 00  ................
10dea0280  00 00 00 00 00 00 00 00 00 00 00 00 00 00 00 00  ................
10dea0290  00 00 00 00 00 00 00 00 00 00 00 00 00 00 00 00  ................
10dea02a0  00 00 00 00 00 00 00 00 00 00 00 00 00 00 00 00  ................
10dea02b0  00 00 00 00 00 00 00 00 00 00 00 00 00 00 00 00  ................
10dea02c0  00 00 00 00 00 00 00 00 00 00 00 00 00 00 00 00  ................
10dea02d0  00 00 00 00 00 00 00 00 00 00 00 00 00 00 00 00  ................
10dea02e0  00 00 00 00 00 00 00 00 00 00 00 00 00 00 00 00  ................
10dea02f0  00 00 00 00 00 00 00 00 00 00 00 00 00 00 00 00  ................
10dea0300  00 00 00 00 00 00 00 00 00 00 00 00 00 00 00 00  ................
10dea0310  00 00 00 00 00 00 00 00 00 00 00 00 00 00 00 00  ................
10dea0320  00 00 00 00 00 00 00 00 00 00 00 00 00 00 00 00  ................
10dea0330  00 00 00 00 00 00 00 00 00 00 00 00 00 00 00 00  ................
10dea0340  00 00 00 00 00 00 00 00 00 00 00 00 00 00 00 00  ................
10dea0350  00 00 00 00 00 00 00 00 00 00 00 00 00 00 00 00  ................
10dea0360  00 00 00 00 00 00 00 00 00 00 00 00 00 00 00 00  ................
10dea0370  00 00 00 00 00 00 00 00 00 00 00 00 00 00 00 00  ................
10dea0380  00 00 00 00 00 00 00 00 00 00 00 00 00 00 00 00  ................
10dea0390  00 00 00 00 00 00 00 00 00 00 00 00 00 00 00 00  ................
10dea03a0  00 00 00 00 00 00 00 00 00 00 00 00 00 00 00 00  ................
10dea03b0  00 00 00 00 00 00 00 00 00 00 00 00 00 00 00 00  ................
10dea03c0  00 00 00 00 00 00 00 00 00 00 00 00 00 00 00 00  ................
10dea03d0  00 00 00 00 00 00 00 00 00 00 00 00 00 00 00 00  ................
10dea03e0  00 00 00 00 00 00 00 00 00 00 00 00 00 00 00 00  ................
10dea03f0  00 00 00 00 00 00 00 00 00 00 00 00 00 00 00 00  ................

,	Aweme!0x3e714a0 this.args1 onLeave 0x10a5326b4             0  1  2  3  4  5  6  7  8  9  A  B  C  D  E  F  0123456789ABCDEF
10a5326b4  61 69 64 00 01 00 00 00 00 00 00 00 48 74 74 70  aid.........Http
10a5326c4  52 65 71 75 65 73 74 43 61 6c 6c 62 61 63 6b 00  RequestCallback.
10a5326d4  01 00 00 00 73 69 67 6e 00 00 00 00 01 00 00 00  ....sign........
10a5326e4  73 65 73 73 69 6f 6e 69 64 3d 00 00 01 00 00 00  sessionid=......
10a5326f4  20 09 0b 0c 0d 0a 00 00 01 00 00 00 43 4f 4f 4b   ...........COOK
10a532704  49 45 00 00 01 00 00 00 58 2d 53 53 2d 53 54 55  IE......X-SS-STU
10a532714  42 00 00 00 01 00 00 00 00 00 00 00 68 a2 5e 08  B...........h.^.
10a532724  01 00 00 00 01 00 00 00 00 00 00 00 60 a0 43 83  ............`.C.
10a532734  02 00 00 00 68 a2 5e 08 01 00 00 00 10 00 00 00  ....h.^.........
10a532744  0f 00 00 00 70 a0 43 83 02 00 00 00 68 a2 5e 08  ....p.C.....h.^.
10a532754  01 00 00 00 0a 00 00 00 09 00 00 00 80 a0 43 83  ..............C.
10a532764  02 00 00 00 00 00 00 00 00 00 00 00 68 a2 5e 08  ............h.^.
10a532774  01 00 00 00 01 00 00 00 00 00 00 00 90 a0 43 83  ..............C.
10a532784  02 00 00 00 00 00 00 00 00 00 00 00 00 00 00 00  ................
10a532794  00 00 00 00 00 00 00 00 00 00 00 00 00 00 00 00  ................
10a5327a4  00 00 00 00 00 00 00 00 00 00 00 00 00 00 00 00  ................
10a5327b4  00 00 00 00 00 00 00 00 00 00 00 00 00 00 00 00  ................
10a5327c4  00 00 00 00 00 00 00 00 00 00 00 00 00 00 00 00  ................
10a5327d4  00 00 00 00 00 00 00 00 00 00 00 00 00 00 00 00  ................
10a5327e4  00 00 00 00 00 00 00 00 00 00 00 00 00 00 00 00  ................
10a5327f4  00 00 00 00 00 00 00 00 00 00 00 00 00 00 00 00  ................
10a532804  00 00 00 00 00 00 00 00 00 00 00 00 00 00 00 00  ................
10a532814  00 00 00 00 00 00 00 00 00 00 00 00 00 00 00 00  ................
10a532824  00 00 00 00 00 00 00 00 00 00 00 00 00 00 00 00  ................
10a532834  00 00 00 00 00 00 00 00 00 00 00 00 00 00 00 00  ................
10a532844  00 00 00 00 00 00 00 00 00 00 00 00 00 00 00 00  ................
10a532854  00 00 00 00 00 00 00 00 00 00 00 00 00 00 00 00  ................
10a532864  00 00 00 00 00 00 00 00 00 00 00 00 00 00 00 00  ................
10a532874  00 00 00 00 00 00 00 00 00 00 00 00 00 00 00 00  ................
10a532884  00 00 00 00 00 00 00 00 00 00 00 00 00 00 00 00  ................
10a532894  00 00 00 00 00 00 00 00 00 00 00 00 00 00 00 00  ................
10a5328a4  00 00 00 00 00 00 00 00 00 00 00 00 00 00 00 00  ................
10a5328b4  00 00 00 00 00 00 00 00 00 00 00 00 00 00 00 00  ................
10a5328c4  00 00 00 00 00 00 00 00 00 00 00 00 00 00 00 00  ................
10a5328d4  00 00 00 00 00 00 00 00 00 00 00 00 00 00 00 00  ................
10a5328e4  00 00 00 00 00 00 00 00 00 00 00 00 00 00 00 00  ................
10a5328f4  00 00 00 00 00 00 00 00 00 00 00 00 00 00 00 00  ................
10a532904  00 00 00 00 00 00 00 00 00 00 00 00 68 a2 5e 08  ............h.^.
10a532914  01 00 00 00 01 00 00 00 00 00 00 00 30 a3 43 83  ............0.C.
10a532924  02 00 00 00 00 00 00 00 00 00 00 00 4e 65 74 77  ............Netw
10a532934  6f 72 6b 43 61 63 68 65 54 68 72 65 61 64 2d 25  orkCacheThread-%
10a532944  64 2d 74 69 64 3a 25 75 00 00 00 00 01 00 00 00  d-tid:%u........
10a532954  00 00 00 00 01 00 00 00 00 00 00 00 2f 55 73 65  ............/Use
10a532964  72 73 2f 6d 65 74 61 73 65 63 2f 44 65 73 6b 74  rs/metasec/Deskt
10a532974  6f 70 2f 62 75 69 6c 64 73 2f 63 31 33 32 64 34  op/builds/c132d4
10a532984  35 38 2f 30 2f 6d 6f 62 69 6c 65 73 65 63 2f 70  58/0/mobilesec/p
10a532994  72 6f 64 75 63 74 5f 53 65 63 53 44 4b 5f 6d 6c  roduct_SecSDK_ml
10a5329a4  2f 6d 73 73 64 6b 5f 62 61 73 65 2f 4d 65 74 61  /mssdk_base/Meta
10a5329b4  53 65 63 53 44 4b 69 4f 53 2f 4d 65 74 61 53 65  SecSDKiOS/MetaSe
10a5329c4  63 53 44 4b 69 4f 53 2f 4d 53 43 6f 6e 66 69 67  cSDKiOS/MSConfig
10a5329d4  2e 6d 00 00 01 00 00 00 3c 55 6e 6b 6e 6f 77 6e  .m......<Unknown
10a5329e4  20 46 69 6c 65 3e 00 00 01 00 00 00 4d 65 74 61   File>......Meta
10a5329f4  53 65 63 3a 61 70 70 49 44 20 6d 75 73 74 20 62  Sec:appID must b
10a532a04  65 20 61 20 6b 69 6e 64 20 6f 66 20 4e 53 53 74  e a kind of NSSt
10a532a14  72 69 6e 67 20 61 6e 64 20 63 61 6e 27 74 20 62  ring and can't b
10a532a24  65 20 6e 69 6c 20 6f 72 20 65 6d 70 74 79 21 00  e nil or empty!.
10a532a34  01 00 00 00 00 00 00 00 00 00 00 00 4d 65 74 61  ............Meta
10a532a44  53 65 63 3a 6c 69 63 65 6e 73 65 53 74 72 20 6d  Sec:licenseStr m
10a532a54  75 73 74 20 62 65 20 61 20 6b 69 6e 64 20 6f 66  ust be a kind of
10a532a64  20 4e 53 53 74 72 69 6e 67 20 61 6e 64 20 63 61   NSString and ca
10a532a74  6e 27 74 20 62 65 20 6e 69 6c 20 6f 72 20 65 6d  n't be nil or em
10a532a84  70 74 79 21 00 00 00 00 01 00 00 00 00 00 00 00  pty!............
10a532a94  00 00 00 00 00 00 00 00 00 00 00 00 00 00 00 00  ................
10a532aa4  00 00 00 00 00 00 00 00 00 00 00 00 00 00 00 00  ................

,	Aweme!0x3e714a0 this.args2 onLeave 0x0 0x0

,	Aweme!0x3e714a0 this.args3 onLeave 0x19ce510e0             0  1  2  3  4  5  6  7  8  9  A  B  C  D  E  F  0123456789ABCDEF
19ce510e0  f6 57 bd a9 f4 4f 01 a9 fd 7b 02 a9 fd 83 00 91  .W...O...{......
19ce510f0  f4 03 02 aa f3 03 01 aa f5 03 00 aa 21 02 00 b4  ............!...
19ce51100  68 fe 5d d3 1f 51 00 f1 c1 01 00 54 08 01 8e 52  h.]..Q.....T...R
19ce51110  a8 6a 68 38 68 02 18 37 9f 0e 40 f2 88 fe 44 d3  .jh8h..7..@...D.
19ce51120  08 05 88 1a 02 05 00 51 e0 03 15 aa e1 03 13 aa  .......Q........
19ce51130  fd 7b 42 a9 f4 4f 41 a9 f6 57 c3 a8 0e 00 00 14  .{B..OA..W......
19ce51140  a0 16 78 f9 03 3c 40 f9 e1 03 13 aa e2 03 14 aa  ..x..<@.........
19ce51150  fd 7b 42 a9 f4 4f 41 a9 f6 57 c3 a8 60 00 1f d6  .{B..OA..W..`...
19ce51160  a1 0a 80 52 e0 03 13 aa e2 03 14 aa f1 9b 00 94  ...R............
19ce51170  ea ff ff 17 fa 67 bb a9 f8 5f 01 a9 f6 57 02 a9  .....g..._...W..
19ce51180  f4 4f 03 a9 fd 7b 04 a9 fd 03 01 91 f4 03 02 aa  .O...{..........
19ce51190  f3 03 00 aa 35 c4 72 92 28 94 66 92 09 0c 78 f9  ....5.r.(.f...x.
19ce511a0  28 01 08 ca 29 7c 4e d3 2a 64 0e 53 29 2d 06 53  (...)|N.*d.S)-.S
19ce511b0  49 15 1a 33 16 49 29 8b c9 00 00 d0 29 81 25 91  I..3.I).....).%.
19ce511c0  c8 02 40 b9 38 59 62 b8 09 07 00 51 2a 00 15 4b  ..@.8Yb....Q*..K
19ce511d0  4b 6c 1c 53 6b 41 00 11 4a 0d cb 1a 4a 05 00 11  Kl.SkA..J...J...
19ce511e0  4a 29 00 12 6b ff 80 52 ac ff 80 52 0d 29 00 12  J)..k..R...R.)..
19ce511f0  0f 01 20 11 ee 25 15 12 10 01 01 12 11 01 48 11  .. ..%........H.
19ce51200  31 26 0b 12 0e 02 0e 2a ce 01 11 2a bf f1 1f 71  1&.....*...*...q
19ce51210  a0 01 00 54 ef 51 0b 53 ff 01 09 6b 41 01 00 54  ...T.Q.S...kA..T
19ce51220  1f 01 00 71 6d b1 8c 1a d9 01 0d 2a cd 7e 5f 88  ...qm......*.~_.
19ce51230  bf 01 08 6b 21 02 00 54 d9 7e 0d 88 8d ff ff 35  ...k!..T.~.....5
19ce51240  11 00 00 14 59 01 0e 2a bf f1 1f 71 6d 01 8d 1a  ....Y..*...qm...
19ce51250  2d 10 00 79 6d 12 78 f9 ad 01 01 ca 2d 00 00 f9  -..ym.x.....-...
19ce51260  cd 7e 5f 88 bf 01 08 6b 81 00 00 54 d9 fe 0d 88  .~_....k...T....
19ce51270  8d ff ff 35 14 00 00 14 5f 3f 03 d5 e8 03 0d aa  ...5...._?......
19ce51280  db ff ff 17 49 62 24 90 29 e9 43 b9 c9 01 00 35  ....Ib$.).C....5
19ce51290  a8 01 f8 37 08 0b 8e 52 77 02 08 8b a1 00 a0 52  ...7...Rw......R
19ce512a0  e0 03 17 aa 95 9e 00 94 e3 03 14 aa e0 03 13 aa  ................
19ce512b0  e1 03 16 aa e2 03 15 aa c3 01 00 94 e0 03 17 aa  ................
19ce512c0  97 9e 00 94 f9 01 f8 37 e8 03 00 32 14 21 d4 1a  .......7...2.!..
19ce512d0  88 00 8e 52 75 02 08 8b a8 02 40 79 88 02 08 0a  ...Ru.....@y....
19ce512e0  29 53 0b 53 20 01 62 1e 1f 01 00 71 01 03 62 1e  )S.S .b....q..b.
19ce512f0  02 10 6d 1e 21 08 62 1e 22 14 60 1e e9 00 00 54  ..m.!.b.".`....T
19ce51300  fd 7b 44 a9 f4 4f 43 a9 f6 57 42 a9 f8 5f 41 a9  .{D..OC..WB.._A.
19ce51310  fa 67 c5 a8 c0 03 5f d6 73 1e 40 91 a1 00 a0 52  .g...._.s.@....R
19ce51320  e0 03 13 aa 75 9e 00 94 a8 02 40 79 08 01 34 0a  ....u.....@y..4.
19ce51330  a8 02 00 79 e0 03 13 aa fd 7b 44 a9 f4 4f 43 a9  ...y.....{D..OC.
19ce51340  f6 57 42 a9 f8 5f 41 a9 fa 67 c5 a8 74 9e 00 14  .WB.._A..g..t...
19ce51350  ff c3 00 d1 f4 4f 01 a9 fd 7b 02 a9 fd 83 00 91  .....O...{......
19ce51360  f3 03 01 aa f4 03 00 aa e1 02 00 b4 68 fe 5d d3  ............h.].
19ce51370  1f 51 00 f1 81 02 00 54 02 00 80 52 e0 03 14 aa  .Q.....T...R....
19ce51380  e1 03 13 aa 8a fe ff 97 e0 01 00 b4 e8 03 00 aa  ................
19ce51390  09 01 8e 52 89 6a 69 38 49 02 18 37 1f 0d 40 f2  ...R.ji8I..7..@.
19ce513a0  08 fd 44 d3 08 05 88 1a 02 05 00 51 e0 03 14 aa  ..D........Q....
19ce513b0  e1 03 13 aa fd 7b 42 a9 f4 4f 41 a9 ff c3 00 91  .....{B..OA.....
19ce513c0  6d ff ff 17 80 16 78 f9 02 18 40 f9 e1 03 13 aa  m.....x...@.....
19ce513d0  fd 7b 42 a9 f4 4f 41 a9 ff c3 00 91 40 00 1f d6  .{B..OA.....@...
19ce513e0  a1 0a 80 52 e0 03 13 aa e8 07 00 f9 e2 03 08 aa  ...R............
19ce513f0  50 9b 00 94 e8 07 40 f9 e9 ff ff 17 f4 4f be a9  P.....@......O..
19ce51400  fd 7b 01 a9 fd 43 00 91 f3 03 02 aa f4 03 00 aa  .{...C..........
19ce51410  3f 04 00 f1 40 02 00 54 28 7c d3 9b ff 03 08 eb  ?...@..T(|......
19ce51420  21 01 00 54 33 7c 13 9b 48 de 1e b0 08 d1 43 f9  !..T3|..H.....C.
19ce51430  08 01 40 f9 09 00 80 92 28 05 08 ca 7f 02 08 eb  ..@.....(.......
19ce51440  e9 00 00 54 c0 be 03 94 e8 03 00 aa 00 00 80 d2  ...T............
19ce51450  e9 07 1e 32 09 01 00 b9 0c 00 00 14 7f 02 04 f1  ...2............
19ce51460  a8 01 00 54 68 3e 00 91 08 ed 7c 92 7f 46 00 f1  ...Th>....|..F..
19ce51470  e9 03 1c 32 21 31 88 9a e2 03 00 32 e0 03 14 aa  ...2!1.....2....
19ce51480  a8 fe ff 97 80 00 00 b4 fd 7b 41 a9 f4 4f c2 a8  .........{A..O..
19ce51490  c0 03 5f d6 80 16 78 f9 03 10 40 f9 e1 03 00 32  .._...x...@....2
19ce514a0  e2 03 13 aa fd 7b 41 a9 f4 4f c2 a8 60 00 1f d6  .....{A..O..`...
19ce514b0  f8 5f bc a9 f6 57 01 a9 f4 4f 02 a9 fd 7b 03 a9  ._...W...O...{..
19ce514c0  fd c3 00 91 f5 03 02 aa f4 03 00 aa c1 01 00 b4  ................
19ce514d0  f3 03 01 aa 02 00 80 52 e0 03 14 aa 34 fe ff 97  .......R....4...

,	Aweme!0x3e714a0 this.args4 onLeave 0x1 0x1

,retval onLeave: 0x1716f2f70 0x1716f2f70

[end signal]{
    "X-Argus" = "ZVktHHRKwn+NDv6lJhZG9RR0FU3cZryLw/usA0Sfw9EzFLRO78oD0LWoVmqfebWABwsvqVI06Qc6FbJ2unKop5aHgfP1loOwNx/9QMTjI1eYMeHSWQlEd0ZKOewipb6YyJRnw4/x2vWW7+8utHO8rOg9tCd5t8TR30xc5mWfRRUSHy+soKiELCBmSxKSVm9spAkPczxXSl1UTLoJSUj2lS6j6QVDJsnM2drkJ6601xqm9g==";
    "X-Gorgon" = 8404e00f0080aa0b097269962727f0cfa26a8a60bb7c782c3639;
    "X-Khronos" = 1618201440;
    "X-Ladon" = "pUrXendw5JVl+R+3r2+N/VsWZhdgMLCNJvm04fD9RBB8V0Zv";
    "X-Tyhon" = "ZUwzPLAhfW70OzM8/yBheOVuM3P+PHdpsG4zpNU=";
}
Aweme!0x3ecc730 1
Aweme!0x3ea1764 1
Aweme!0x3ead334 1
Aweme!0x3ecae2c 2
Aweme!0x3e68100 1
Aweme!0x3ed6f6c 14
Aweme!0x3e58a74 545
Aweme!0x775e888 1
Aweme!0x3ed67d0 6
Aweme!0x3edb5c4 8
Aweme!0x3ed30b4 4
Aweme!0x3e87274 2
Aweme!0x3e711ac 3
Aweme!0x3ed9e90 3
Aweme!0x3ecf140 1
Aweme!0x3e87048 4
Aweme!0x3e51f24 7
Aweme!0x3eca7a8 7
Aweme!0x3e70db0 21
Aweme!0x3e70100 2
Aweme!0x3e93d80 7
Aweme!0x775e090 3
Aweme!0x3ede65c 1
Aweme!0x3e523dc 2
Aweme!0x3e8a13c 1
Aweme!0x3ea8c28 3
Aweme!0x3ecc8a8 1
Aweme!0x3e70b28 6
Aweme!0x3ea170c 9
Aweme!0x3ecec30 19
Aweme!0x775d328 2
Aweme!0x3ecf828 1
Aweme!0x3ecb118 3
Aweme!0x3ecda6c 2
Aweme!0x3e4e698 2
Aweme!0x3e86adc 1
Aweme!0x3edb340 2
Aweme!0x3e58964 1
Aweme!0x3ed9ddc 6
Aweme!0x3ea1998 1
Aweme!0x3ed4a78 1
Aweme!0x3e71668 9
Aweme!0x3e67854 1
Aweme!0x3eda120 1
Aweme!0x3e87334 5
Aweme!0x3eda2f0 2
Aweme!0x3ed3344 1
Aweme!0x3e90ec0 1
Aweme!0x3ea16b4 45
Aweme!0x3e516d4 7
Aweme!0x775e834 4
Aweme!0x3edacbc 1
Aweme!0x3e51f88 8
Aweme!0x3ec649c 2
Aweme!0x3eda3ac 8
Aweme!0x3ed328c 2
Aweme!0x3e71328 1
Aweme!0x3eda408 3
Aweme!0x3e89ce8 1
Aweme!0x3edb174 1
Aweme!0x3e86ff4 7
Aweme!0x3ecc90c 2
Aweme!0x3e67688 3
Aweme!0x3e71440 1
Aweme!0x775e720 12
Aweme!0x3e71270 1
Aweme!0x3e52044 2
Aweme!0x3ee4790 1
Aweme!0x3ecf88c 2
Aweme!0x3e872dc 5
Aweme!0x3e70ca4 2
Aweme!0x3ed7260 3
Aweme!0x3e5c824 2
Aweme!0x3ecb9d4 1
Aweme!0x3e86d10 14
Aweme!0x775c7f4 38
Aweme!0x3e86ae4 1
Aweme!0x3e70dbc 1
Aweme!0x3e714a0 1
Aweme!0x3ecaaf8 1
Aweme!0x3e709c0 30
Aweme!0x3ecae3c 1
Aweme!0x3e523e8 4
Aweme!0x3ecfc30 1
Aweme!0x3e84c14 1
Aweme!0x3ecb180 14
Aweme!0x3e71218 3
Aweme!0x3e86ba0 3
Aweme!0x3ea6110 2
Aweme!0x3e70e1c 2
Aweme!0x3ed3238 6
Aweme!0x775e7e0 4
Aweme!0x3edae38 1
Aweme!0x3e70f90 2
Aweme!0x3ea1b74 10
Aweme!0x3ee5f28 1
Aweme!0x3e87e20 2
Aweme!0x3e5de48 2
Aweme!0x3e51ed8 16
Aweme!0x3eac354 1
Aweme!0x3eaea20 11
Aweme!0x3ed32f4 1
Aweme!0x3e56530 1
Aweme!0x3e4e1f0 5
Aweme!0x3ecb9dc 7
Aweme!0x3ea1664 1
Aweme!0x3eda1e8 8
Aweme!0x3e885c0 1
Aweme!0x3ed3010 516
Aweme!0x3e71108 1
Aweme!0x3e70f38 1
Aweme!0x3eca930 13
Aweme!0x3e67c04 1
Aweme!0x3eda4d0 7
Aweme!0x3e67a34 1
Aweme!0x3ed6f84 32
Aweme!0x3e523f0 5
Aweme!0x3ea7e18 47
Aweme!0x3ea3c78 1
Aweme!0x3ecafb8 1
Aweme!0x3e60518 1
Aweme!0x3e84a4c 1
Aweme!0x3ead464 1
Aweme!0x3ed30cc 3
Aweme!0x3ed9ea8 3
Aweme!0x3e711c4 2
Aweme!0x3ecb2a0 19
Aweme!0x3ed7210 3
Aweme!0x3ed3240 1
Aweme!0x3e7cf08 4
Aweme!0x3e57ef4 15
Aweme!0x3e86cc0 1
Aweme!0x3e86920 3
Aweme!0x775e78c 274
Aweme!0x3e712dc 3
Aweme!0x3ed31e4 258
Aweme!0x3e7cea8 2
Aweme!0x3ed9fc0 1
Aweme!0x3ed3358 3
Aweme!0x3ed9f64 1
Aweme!0x775e390 3
Aweme!0x3ede618 2
Aweme!0x3edded8 1
Aweme!0x3ecef8c 1
Aweme!0x3e90ed4 1
Aweme!0x3edb5e0 2
Aweme!0x3eca820 4
Aweme!0x3ec64b0 2
Aweme!0x3ecabc0 5
Aweme!0x3ecb9e4 7
Aweme!0x3ea1d50 1
Aweme!0x3e51f40 3
Aweme!0x3e5e594 1
Aweme!0x775c5d8 46
Aweme!0x3e714b0 1
Aweme!0x3e868c8 3
Aweme!0x3e5e8d8 1
Aweme!0x3e4f5ec 2
Aweme!0x3e71284 1
Aweme!0x3e70ba0 3
Aweme!0x3e70b44 8
Aweme!0x3e6057c 2
Aweme!0x3e67810 51
Aweme!0x3e51918 9
Aweme!0x3ec68b0 24
Aweme!0x3ea1ac8 1
Aweme!0x3eac818 1
Aweme!0x3e8c880 2
Aweme!0x3ecfd58 1
Aweme!0x3e86cc8 5
Aweme!0x3eda368 1
Aweme!0x3ecf3ec 2
Aweme!0x3ed6fec 2
Aweme!0x3e86c6c 2
Aweme!0x3e523fc 5
Aweme!0x3e5205c 11
Aweme!0x3eca540 4
Aweme!0x3ed7104 8
Aweme!0x3e872f4 19
Aweme!0x3ea6180 1
Aweme!0x3eda994 1
Aweme!0x3e7ce58 4
Aweme!0x3edb5e8 1
Aweme!0x3ecf504 1
Aweme!0x3e870c8 4
Aweme!0x3e51fa4 6
Aweme!0x3ea0f90 1
Aweme!0x3ee4520 6
Aweme!0x3eda3c8 4
Aweme!0x3eda028 1
Aweme!0x3ed3304 1
Aweme!0x3ea8d04 7
Aweme!0x3ed32a8 3
Aweme!0x3e5e93c 2
Aweme!0x3e83780 3
Aweme!0x3e712e8 2
Aweme!0x3eac8d8 1
Aweme!0x3e87354 2
Aweme!0x3e7128c 6
Aweme!0x3ecb1f4 1
Aweme!0x775e39c 7
Aweme!0x3e86de4 1
Aweme!0x3e70d1c 2
Aweme!0x3ee5ee0 1
Aweme!0x3e71400 1
Aweme!0x775b534 2
Aweme!0x3ecaa58 12
Aweme!0x3e70920 1
Aweme!0x3ed9eb8 4
Aweme!0x3e67b00 2
Aweme!0x3ea12d8 1
Aweme!0x3edac80 7
Aweme!0x3e58b58 272
Aweme!0x3ec6460 2
Aweme!0x3e83784 1
Aweme!0x3e5c5b8 1
Aweme!0x3e520c0 3
Aweme!0x3e93da8 4
Aweme!0x3e70d7c 2
Aweme!0x775e7f8 1
Aweme!0x3e7111c 1
Aweme!0x3e70980 29
Aweme!0x3e70af4 17
Aweme!0x3e8c7d4 1
Aweme!0x3e4e71c 8
Aweme!0x3eda5fc 1
Aweme!0x3eca9a4 4
Aweme!0x3eca604 3
Aweme!0x3ed31f8 1
Aweme!0x3ed6ff8 18
Aweme!0x3ed3028 814
Aweme!0x3ee49e0 1
Aweme!0x3ecb1fc 2
Aweme!0x3e71464 1
Aweme!0x3e71294 2
Aweme!0x3e87de0 1
Aweme!0x3ea7a90 7
Aweme!0x3ecb02c 2
Aweme!0x3e5c8a4 1
Aweme!0x3ed6f40 14
Aweme!0x3e87300 8
Aweme!0x775e348 7
Aweme!0x3e86dec 1
Aweme!0x3ea0a88 1
Aweme!0x3e67bc0 2
Aweme!0x3ed32b4 2
Aweme!0x3ea8c54 5
Aweme!0x3e4e1b0 1
Aweme!0x3e5bd68 4
Aweme!0x3ec6694 8
Aweme!0x3ec64c4 21
Aweme!0x3e716f0 10
Aweme!0x3e5c61c 2
Aweme!0x3ea1680 3
Aweme!0x3e70c10 3
Aweme!0x775e7a4 274
Aweme!0x3ede85c 3
Aweme!0x3e84b20 1
Aweme!0x775cb00 1
Aweme!0x3ea61ec 25
Aweme!0x3ea1228 1
Aweme!0x3e808c8 1
Aweme!0x3e6047c 1
Aweme!0x3e713b0 2
Aweme!0x775e804 4
Aweme!0x3ed325c 5
Aweme!0x3e71698 10
Aweme!0x3e853d8 30
Aweme!0x3e712f8 1
Aweme!0x3e71128 1
Aweme!0x3e85208 9
Aweme!0x3ecb260 6
Aweme!0x3e7bed4 1
Aweme!0x3ea61f0 4
Aweme!0x3e86df4 9
Aweme!0x3ea2ad4 1
Aweme!0x3e70b5c 15
Aweme!0x3e71240 1
Aweme!0x3e4e728 7
Aweme!0x3e51534 9
Aweme!0x3ed9ec8 3
Aweme!0x3edb5a0 15
Aweme!0x3ea1858 37
Aweme!0x3ecf460 1
Aweme!0x3ecc428 1
Aweme!0x3edb1a4 1
Aweme!0x3e83398 1
Aweme!0x3e70d30 1
Aweme!0x3ed9d58 5
Aweme!0x3e5cbf4 1
Aweme!0x3e872b0 13
Aweme!0x3ea8ba8 49
Aweme!0x3eda3e0 7
Aweme!0x3ec92dc 1
Aweme!0x3ed3264 257
Aweme!0x3e87254 7
Aweme!0x3e8a230 1
Aweme!0x3e7118c 2
Aweme!0x3ea1630 2
Aweme!0x3e71300 1
Aweme!0x3ea8cc0 2
Aweme!0x3ed6fac 14
Aweme!0x3e86fcc 4
Aweme!0x3ed3150 41
Aweme!0x3ed6f50 14
Aweme!0x3e87d94 11
Aweme!0x3eca8a0 1
Aweme!0x3e4e730 4
Aweme!0x3e8a290 1
Aweme!0x3edb264 1
Aweme!0x3ecaa14 1
Aweme!0x3ed32c4 2
Aweme!0x3edb5a8 13
Aweme!0x3ee1390 1
Aweme!0x3e7019c 1
Aweme!0x3e52134 5
Aweme!0x3e70140 1
Aweme!0x3e58b14 273
Aweme!0x3e67890 6
Aweme!0x3ed31b0 1
Aweme!0x3e87314 2
Aweme!0x3e7124c 5
Aweme!0x3e86f74 1
Aweme!0x3e7141c 1
Aweme!0x3e84dbc 1
Aweme!0x3edab28 1
Aweme!0x3ea8bb0 61
Aweme!0x3e4de24 8
Aweme!0x3e708e0 1
Aweme!0x3edb20c 2
Aweme!0x3eda3e8 3
Aweme!0x3e70fc4 3
Aweme!0x3e8c790 1
Aweme!0x3ec681c 10
Aweme!0x3e88764 1
Aweme!0x3e87200 1
Aweme!0x775e078 7
Aweme!0x3ea1b4c 1
Aweme!0x3e868f0 5
Aweme!0x3ecd59c 2
Aweme!0x3ea197c 28
Aweme!0x3ed9f90 2
Aweme!0x3e86fd4 4
Aweme!0x3e52080 19
Aweme!0x3e86c34 2
Aweme!0x3ead4f0 1
Aweme!0x3ea1a94 1
Aweme!0x3e70b10 9
Aweme!0x3ecaa78 1
Aweme!0x3ed4bd0 1
Aweme!0x3e71080 1
Aweme!0x3edb5b0 8
Aweme!0x3eda21c 2
Aweme!0x3ed7070 4
Aweme!0x3ed9e7c 3
Aweme!0x3e71368 2
Aweme!0x3e90e48 1
Aweme!0x3ea7994 4
Aweme!0x3ecb2d0 52
Aweme!0x3e520e0 16
Aweme!0x3eda8a4 8
Aweme!0x3e70bcc 1
Aweme!0x3eb1c60 1
Aweme!0x775c5a8 15
Aweme!0x3e86c38 2
Aweme!0x3ec91d4 2
Aweme!0x3edad5c 2
Aweme!0x3ea03c0 1
Aweme!0x3e5c520 2
Aweme!0x3e8a128 1
Aweme!0x3ed72a0 1
Aweme!0x3ea1188 1
Aweme!0x3e5d118 1
Aweme!0x3e71028 1
Aweme!0x3ea169c 2
Aweme!0x3ec9348 2
Aweme!0x3edb558 8
Aweme!0x3e67728 3
Aweme!0x3e926f4 1
Aweme!0x3ecb278 1
Aweme!0x3e70f70 1
Aweme!0x3e92868 1
Aweme!0x3eda168 2
Aweme!0x3ed6fbc 14
Aweme!0x3e86fdc 4
Aweme!0x3e871ac 2
Aweme!0x3ec676c 8
Aweme!0x3ea1928 1
Aweme!0x3e71428 1
Aweme!0x775e708 1
Aweme!0x3e90f08 1
Aweme!0x3ed69f0 1
Aweme!0x3ed6f60 16
Aweme!0x3eca340 6
Aweme!0x3e4e740 8
Aweme!0x775d148 15
Aweme!0x3e711fc 1
Aweme!0x3e8a244 1
Aweme!0x3e70fd0 3
Aweme!0x3ecb9bc 3
Aweme!0x3ed701c 14
Aweme!0x3ed6e4c 18
Aweme!0x3e61204 2
Aweme!0x3ea8cd4 3
Aweme!0x775e084 5
Aweme!0x3e4dd78 1
Aweme!0x3ec642c 2
Aweme!0x3e71488 1
Aweme!0x3e5208c 6
Aweme!0x3e70d48 2
Aweme!0x3ec6770 8
Aweme!0x3e5cc68 2
Aweme!0x3ea03c8 9
Aweme!0x3e57394 1
Aweme!0x3ea1c70 1
Aweme!0x3ea7c28 5
Aweme!0x3edb5bc 1
Aweme!0x3eda3f8 6
Aweme!0x3e70550 3
Aweme!0x3e71374 2
Aweme!0x3e928cc 2
Aweme!0x3e71318 3
Aweme!0x3e520ec 6
Aweme!0x3e70da8 1
Aweme!0x3eb31d0 8
Aweme!0x3e70bd8 2
Aweme!0x3e5c1e8 1
Aweme!0x3ea8c7c 2
Aweme!0x3e71430 3
Aweme!0x3ecaa88 1
Aweme!0x775dfd0 33
Aweme!0x3e84a30 1
Aweme!0x3e7ce8c 6
Aweme!0x3ed32dc 257
Aweme!0x3ecda08 1
Aweme!0x3e5b9f0 2
Aweme!0x775e828 11
Aweme!0x3e8c7a4 1
Aweme!0x3ecb9c4 4
Aweme!0x3ea0828 7
Aweme!0x3e5cb58 2
Aweme!0x3ea164c 1
Aweme!0x3e9a300 2
Aweme!0x3e7114c 1
Aweme!0x3e70f7c 1
Aweme!0x3ecac58 47
Aweme!0x3e86ad4 2
Aweme!0x3ed3224 256
On receive  16384
Error happenError: unable to find module containing 0x1214c425c
Error happenError: unable to find module containing 0x121446984
Error happenError: unable to find module containing 0x121446994
call: Aweme!0x3ecb52c Aweme!0x775e390@DYLD-STUB$$objc_retain
call: Foundation!0x715c libobjc.A.dylib!0x47e8@object_getClass
call: Foundation!0x71cc CoreFoundation!0xaae2c@_CFNonObjCRetain
call: Aweme!0x3ecb538 Aweme!0x775e390@DYLD-STUB$$objc_retain
call: Aweme!0x3ecb554 Aweme!0x775e348@DYLD-STUB$$objc_msgSend
call: Foundation!0x40150 libobjc.A.dylib!0x2080@objc_msgSend
call: Foundation!0x732c libobjc.A.dylib!0x47e8@object_getClass
call: Foundation!0x40180 CoreFoundation!0xf2138@CFURLCopyAbsoluteURL
call: CoreFoundation!0xf2164 CoreFoundation!0xabff8@CFGetAllocator
call: CoreFoundation!0xf2234 CoreFoundation!0x2af0@CFRetain
call: Foundation!0x4018c CoreFoundation!0xf1b04@CFURLGetString
call: Foundation!0x40190 libobjc.A.dylib!0x20010@objc_retain
call: CoreFoundation!0x6bec CoreFoundation!0xaae2c@_CFNonObjCRetain
call: Foundation!0x40194 libobjc.A.dylib!0x20080@objc_autorelease
call: Foundation!0x401a0 CoreFoundation!0x2694@CFRelease
call: Aweme!0x3ecb558 Aweme!0x3ecb9c4@0x3ecb9c4
call: CoreFoundation!0x6bec CoreFoundation!0xaae2c@_CFNonObjCRetain
call: Aweme!0x3ecb570 Aweme!0x775e348@DYLD-STUB$$objc_msgSend
call: Aweme!0x3ecb58c Aweme!0x3ecb9dc@0x3ecb9dc
call: libc++abi.dylib!0xee0 libc++abi.dylib!0x10e54@DYLD-STUB$$malloc
call: libsystem_malloc.dylib!0x10160 libsystem_malloc.dylib!0xf6b8@malloc_zone_malloc
call: libsystem_malloc.dylib!0xf750 libsystem_malloc.dylib!0x11d64@default_zone_malloc
call: libsystem_malloc.dylib!0xecc libsystem_malloc.dylib!0xf20@nanov2_allocate$VARIANT$mp
call: libsystem_malloc.dylib!0xf98 libsystem_malloc.dylib!0x1b18@nanov2_allocate_from_block$VARIANT$mp
call: Aweme!0x3ecb598 Aweme!0x775e39c@DYLD-STUB$$objc_retainAutorelease
call: libobjc.A.dylib!0x218c4 libobjc.A.dylib!0x20010@objc_retain
call: CoreFoundation!0x6bec CoreFoundation!0xaae2c@_CFNonObjCRetain
call: Aweme!0x3ecb5a4 Aweme!0x3ecb9e4@0x3ecb9e4
call: CoreFoundation!0x6980 CoreFoundation!0xc7c40@__CFStringMtbl
call: CoreFoundation!0x69b4 CoreFoundation!0xcf3e4@CFStringGetCStringPtr
call: Aweme!0x3ecb5b0 Aweme!0x3eca930@0x3eca930
call: Aweme!0x3eca8d4 Aweme!0x3ecb180@0x3ecb180
call: Aweme!0x3eca8e8 Aweme!0x775dfd0@DYLD-STUB$$malloc
call: libsystem_malloc.dylib!0x10160 libsystem_malloc.dylib!0xf6b8@malloc_zone_malloc
call: libsystem_malloc.dylib!0xf750 libsystem_malloc.dylib!0x11d64@default_zone_malloc
call: libsystem_malloc.dylib!0x6224 libsystem_malloc.dylib!0x17638@tiny_malloc_should_clear
call: libsystem_malloc.dylib!0x176d0 libsystem_platform.dylib!0x8cf8@DYLD-STUB$$os_unfair_lock_lock_with_options
call: libsystem_malloc.dylib!0x17714 libsystem_malloc.dylib!0x1902c@tiny_malloc_from_free_list
call: libsystem_malloc.dylib!0x19688 libsystem_malloc.dylib!0x15fc8@tiny_free_list_add_ptr
call: libsystem_malloc.dylib!0x19270 libsystem_malloc.dylib!0x17ca8@set_tiny_meta_header_in_use
call: libsystem_malloc.dylib!0x17a4c libsystem_platform.dylib!0x8d1c@DYLD-STUB$$os_unfair_lock_unlock
call: Aweme!0x3eca8f4 Aweme!0x3ecb2a0@0x3ecb2a0
call: Aweme!0x3ecb5bc Aweme!0x3eca340@0x3eca340
call: Aweme!0x3eca35c Aweme!0x3e58b14@0x3e58b14
call: Aweme!0x3e58af4 Aweme!0x3e58a74@0x3e58a74
call: Aweme!0x3e58afc Aweme!0x775e78c@DYLD-STUB$$pthread_mutex_lock
call: Aweme!0x3eca368 Aweme!0x775c5d8@DYLD-STUB$$operator new(unsigned long)
call: libc++abi.dylib!0xee0 libc++abi.dylib!0x10e54@DYLD-STUB$$malloc
call: libsystem_malloc.dylib!0x10160 libsystem_malloc.dylib!0xf6b8@malloc_zone_malloc
call: libsystem_malloc.dylib!0xf750 libsystem_malloc.dylib!0x11d64@default_zone_malloc
call: libsystem_malloc.dylib!0xecc libsystem_malloc.dylib!0xf20@nanov2_allocate$VARIANT$mp
call: libsystem_malloc.dylib!0xf98 libsystem_malloc.dylib!0x1b18@nanov2_allocate_from_block$VARIANT$mp
call: Aweme!0x3eca37c Aweme!0x3e58b58@0x3e58b58
call: Aweme!0x3e58b3c Aweme!0x3e58a74@0x3e58a74
call: Aweme!0x3e58b44 Aweme!0x775e7a4@DYLD-STUB$$pthread_mutex_unlock
call: Aweme!0x3ecb5c4 Aweme!0x3e86ba0@0x3e86ba0
call: Aweme!0x3e86bb0 Aweme!0x3e87334@0x3e87334
call: libc++abi.dylib!0xee0 libc++abi.dylib!0x10e54@DYLD-STUB$$malloc
call: libsystem_malloc.dylib!0x10160 libsystem_malloc.dylib!0xf6b8@malloc_zone_malloc
call: libsystem_malloc.dylib!0xf750 libsystem_malloc.dylib!0x11d64@default_zone_malloc
call: libsystem_malloc.dylib!0xecc libsystem_malloc.dylib!0xf20@nanov2_allocate$VARIANT$mp
call: libsystem_malloc.dylib!0xf98 libsystem_malloc.dylib!0x1b18@nanov2_allocate_from_block$VARIANT$mp
call: Aweme!0x3e86bd8 Aweme!0x3e868f0@0x3e868f0
call: Aweme!0x3e86908 Aweme!0x3e87254@0x3e87254
call: Aweme!0x3e8690c Aweme!0x3ed9d58@0x3ed9d58
call: Aweme!0x3ed9d74 Aweme!0x3ea61ec@0x3ea61ec
call: libsystem_malloc.dylib!0x10160 libsystem_malloc.dylib!0xf6b8@malloc_zone_malloc
call: libsystem_malloc.dylib!0xf750 libsystem_malloc.dylib!0x11d64@default_zone_malloc
call: libsystem_malloc.dylib!0xecc libsystem_malloc.dylib!0xf20@nanov2_allocate$VARIANT$mp
call: libsystem_malloc.dylib!0xf98 libsystem_malloc.dylib!0x1b18@nanov2_allocate_from_block$VARIANT$mp
call: Aweme!0x3ed9d80 Aweme!0x3e516d4@0x3e516d4
call: Aweme!0x3e516e0 Aweme!0x3e520e0@0x3e520e0
call: Aweme!0x3e516e4 Aweme!0x3e51ed8@0x3e51ed8
call: Aweme!0x3e51ee4 Aweme!0x3ea61ec@0x3ea61ec
call: libsystem_malloc.dylib!0x10160 libsystem_malloc.dylib!0xf6b8@malloc_zone_malloc
call: libsystem_malloc.dylib!0xf750 libsystem_malloc.dylib!0x11d64@default_zone_malloc
call: libsystem_malloc.dylib!0xecc libsystem_malloc.dylib!0xf20@nanov2_allocate$VARIANT$mp
call: libsystem_malloc.dylib!0xf98 libsystem_malloc.dylib!0x1b18@nanov2_allocate_from_block$VARIANT$mp
call: Aweme!0x3ed9d84 Aweme!0x3e523f0@0x3e523f0
call: Aweme!0x3e86bdc Aweme!0x3e872dc@0x3e872dc
call: Aweme!0x3e808e4 Aweme!0x3e58b14@0x3e58b14
call: Aweme!0x3e58af4 Aweme!0x3e58a74@0x3e58a74
call: Aweme!0x3e58afc Aweme!0x775e78c@DYLD-STUB$$pthread_mutex_lock
call: Aweme!0x3e808f0 Aweme!0x775c5d8@DYLD-STUB$$operator new(unsigned long)
call: libc++abi.dylib!0xee0 libc++abi.dylib!0x10e54@DYLD-STUB$$malloc
call: libsystem_malloc.dylib!0x10160 libsystem_malloc.dylib!0xf6b8@malloc_zone_malloc
call: libsystem_malloc.dylib!0xf750 libsystem_malloc.dylib!0x11d64@default_zone_malloc
call: libsystem_malloc.dylib!0xecc libsystem_malloc.dylib!0xf20@nanov2_allocate$VARIANT$mp
call: libsystem_malloc.dylib!0xf98 libsystem_malloc.dylib!0x1b18@nanov2_allocate_from_block$VARIANT$mp
call: Aweme!0x3e80904 Aweme!0x3e58b58@0x3e58b58
call: Aweme!0x3e58b3c Aweme!0x3e58a74@0x3e58a74
call: Aweme!0x3e58b44 Aweme!0x775e7a4@DYLD-STUB$$pthread_mutex_unlock
call: Aweme!0x3ecb5e8 Aweme!0x775e390@DYLD-STUB$$objc_retain
call: Aweme!0x3ecb608 Aweme!0x775e348@DYLD-STUB$$objc_msgSend
call: Aweme!0x3ecb64c Aweme!0x3e5bd68@0x3e5bd68
call: Aweme!0x3e5bd80 Aweme!0x3e58b14@0x3e58b14
call: Aweme!0x3e58af4 Aweme!0x3e58a74@0x3e58a74
call: Aweme!0x3e58afc Aweme!0x775e78c@DYLD-STUB$$pthread_mutex_lock
call: Aweme!0x3e5bd8c Aweme!0x3e58b58@0x3e58b58
call: Aweme!0x3e58b3c Aweme!0x3e58a74@0x3e58a74
call: Aweme!0x3e58b44 Aweme!0x775e7a4@DYLD-STUB$$pthread_mutex_unlock
call: Aweme!0x3ecb654 Aweme!0x3ecb9dc@0x3ecb9dc
call: libc++abi.dylib!0xee0 libc++abi.dylib!0x10e54@DYLD-STUB$$malloc
call: libsystem_malloc.dylib!0x10160 libsystem_malloc.dylib!0xf6b8@malloc_zone_malloc
call: libsystem_malloc.dylib!0xf750 libsystem_malloc.dylib!0x11d64@default_zone_malloc
call: libsystem_malloc.dylib!0xecc libsystem_malloc.dylib!0xf20@nanov2_allocate$VARIANT$mp
call: libsystem_malloc.dylib!0xf98 libsystem_malloc.dylib!0x1b18@nanov2_allocate_from_block$VARIANT$mp
call: Aweme!0x3ecb660 Aweme!0x775e39c@DYLD-STUB$$objc_retainAutorelease
call: libobjc.A.dylib!0x218c4 libobjc.A.dylib!0x20010@objc_retain
call: CoreFoundation!0x6bec CoreFoundation!0xaae2c@_CFNonObjCRetain
call: Aweme!0x3ecb668 Aweme!0x3ecb9e4@0x3ecb9e4
call: CoreFoundation!0x6980 CoreFoundation!0xc7c40@__CFStringMtbl
call: CoreFoundation!0x69b4 CoreFoundation!0xcf3e4@CFStringGetCStringPtr
call: Aweme!0x3ecb674 Aweme!0x3eca930@0x3eca930
call: Aweme!0x3eca8d4 Aweme!0x3ecb180@0x3ecb180
call: Aweme!0x3eca8e8 Aweme!0x775dfd0@DYLD-STUB$$malloc
call: libsystem_malloc.dylib!0x10160 libsystem_malloc.dylib!0xf6b8@malloc_zone_malloc
call: libsystem_malloc.dylib!0xf750 libsystem_malloc.dylib!0x11d64@default_zone_malloc
call: libsystem_malloc.dylib!0xecc libsystem_malloc.dylib!0xf20@nanov2_allocate$VARIANT$mp
call: libsystem_malloc.dylib!0xf98 libsystem_malloc.dylib!0x1b18@nanov2_allocate_from_block$VARIANT$mp
call: Aweme!0x3eca8f4 Aweme!0x3ecb2a0@0x3ecb2a0
call: Aweme!0x3ecb678 Aweme!0x3ecb9dc@0x3ecb9dc
call: libc++abi.dylib!0xee0 libc++abi.dylib!0x10e54@DYLD-STUB$$malloc
call: libsystem_malloc.dylib!0x10160 libsystem_malloc.dylib!0xf6b8@malloc_zone_malloc
call: libsystem_malloc.dylib!0xf750 libsystem_malloc.dylib!0x11d64@default_zone_malloc
call: libsystem_malloc.dylib!0xecc libsystem_malloc.dylib!0xf20@nanov2_allocate$VARIANT$mp
call: libsystem_malloc.dylib!0xf98 libsystem_malloc.dylib!0x1b18@nanov2_allocate_from_block$VARIANT$mp
call: Aweme!0x3ecb68c Aweme!0x775e348@DYLD-STUB$$objc_msgSend
call: CoreFoundation!0x463c libobjc.A.dylib!0x2080@objc_msgSend
call: CoreFoundation!0x4680 libobjc.A.dylib!0x2080@objc_msgSend
call: CoreFoundation!0x4228 CoreFoundation!0x2b6c@_CFStringEqual
call: CoreFoundation!0x4680 libobjc.A.dylib!0x2080@objc_msgSend
call: CoreFoundation!0x4228 CoreFoundation!0x2b6c@_CFStringEqual
call: Aweme!0x3ecb690 Aweme!0x3ecb9c4@0x3ecb9c4
call: CoreFoundation!0x6bec CoreFoundation!0xaae2c@_CFNonObjCRetain
call: Aweme!0x3ecb694 Aweme!0x775e39c@DYLD-STUB$$objc_retainAutorelease
call: libobjc.A.dylib!0x218c4 libobjc.A.dylib!0x20010@objc_retain
call: CoreFoundation!0x6bec CoreFoundation!0xaae2c@_CFNonObjCRetain
call: Aweme!0x3ecb69c Aweme!0x3ecb9e4@0x3ecb9e4
call: CoreFoundation!0x6980 CoreFoundation!0xc7c40@__CFStringMtbl
call: CoreFoundation!0x69b4 CoreFoundation!0xcf3e4@CFStringGetCStringPtr
call: Aweme!0x3ecb6a8 Aweme!0x3eca930@0x3eca930
call: Aweme!0x3eca8d4 Aweme!0x3ecb180@0x3ecb180
call: Aweme!0x3eca8e8 Aweme!0x775dfd0@DYLD-STUB$$malloc
call: libsystem_malloc.dylib!0x10160 libsystem_malloc.dylib!0xf6b8@malloc_zone_malloc
call: libsystem_malloc.dylib!0xf750 libsystem_malloc.dylib!0x11d64@default_zone_malloc
call: libsystem_malloc.dylib!0x6224 libsystem_malloc.dylib!0x17638@tiny_malloc_should_clear
call: libsystem_malloc.dylib!0x176d0 libsystem_platform.dylib!0x8cf8@DYLD-STUB$$os_unfair_lock_lock_with_options
call: libsystem_malloc.dylib!0x17714 libsystem_malloc.dylib!0x1902c@tiny_malloc_from_free_list
call: libsystem_malloc.dylib!0x19688 libsystem_malloc.dylib!0x15fc8@tiny_free_list_add_ptr
call: libsystem_malloc.dylib!0x19270 libsystem_malloc.dylib!0x17ca8@set_tiny_meta_header_in_use
call: libsystem_malloc.dylib!0x17a4c libsystem_platform.dylib!0x8d1c@DYLD-STUB$$os_unfair_lock_unlock
call: Aweme!0x3eca8f4 Aweme!0x3ecb2a0@0x3ecb2a0
call: Aweme!0x3ecb6b8 Aweme!0x3e86920@0x3e86920
call: Aweme!0x3e8694c Aweme!0x3ed9ea8@0x3ed9ea8
call: Aweme!0x3e51e10 Aweme!0x3e52080@0x3e52080
call: Aweme!0x3e8695c Aweme!0x3ed9ddc@0x3ed9ddc
call: Aweme!0x3e86970 Aweme!0x3e51f88@0x3e51f88
call: Aweme!0x3e86980 Aweme!0x3e868c8@0x3e868c8
call: Aweme!0x3e868e0 Aweme!0x775c5d8@DYLD-STUB$$operator new(unsigned long)
call: libc++abi.dylib!0xee0 libc++abi.dylib!0x10e54@DYLD-STUB$$malloc
call: libsystem_malloc.dylib!0x10160 libsystem_malloc.dylib!0xf6b8@malloc_zone_malloc
call: libsystem_malloc.dylib!0xf750 libsystem_malloc.dylib!0x11d64@default_zone_malloc
call: libsystem_malloc.dylib!0xecc libsystem_malloc.dylib!0xf20@nanov2_allocate$VARIANT$mp
call: libsystem_malloc.dylib!0xf98 libsystem_malloc.dylib!0x1b18@nanov2_allocate_from_block$VARIANT$mp
call: Aweme!0x3e86990 Aweme!0x3ed9e90@0x3ed9e90
call: Aweme!0x3e51884 Aweme!0x3e52080@0x3e52080
call: Aweme!0x3e518e8 Aweme!0x3e51918@0x3e51918
call: Aweme!0x3e519a0 Aweme!0x3e51ed8@0x3e51ed8
call: Aweme!0x3e51ee4 Aweme!0x3ea61ec@0x3ea61ec
call: libsystem_malloc.dylib!0x10160 libsystem_malloc.dylib!0xf6b8@malloc_zone_malloc
call: libsystem_malloc.dylib!0xf750 libsystem_malloc.dylib!0x11d64@default_zone_malloc
call: libsystem_malloc.dylib!0xecc libsystem_malloc.dylib!0xf20@nanov2_allocate$VARIANT$mp
call: libsystem_malloc.dylib!0xf98 libsystem_malloc.dylib!0x1b18@nanov2_allocate_from_block$VARIANT$mp
call: Aweme!0x3e519f0 Aweme!0x3e51534@0x3e51534
call: Aweme!0x3e51544 Aweme!0x3e520e0@0x3e520e0
call: Aweme!0x3e518f4 Aweme!0x3e716f0@0x3e716f0
call: Aweme!0x3ecb6bc Aweme!0x3ecb9bc@0x3ecb9bc
call: Aweme!0x3ecb64c Aweme!0x3e5bd68@0x3e5bd68
call: Aweme!0x3e5bd80 Aweme!0x3e58b14@0x3e58b14
call: Aweme!0x3e58af4 Aweme!0x3e58a74@0x3e58a74
call: Aweme!0x3e58afc Aweme!0x775e78c@DYLD-STUB$$pthread_mutex_lock
call: Aweme!0x3e5bd8c Aweme!0x3e58b58@0x3e58b58
call: Aweme!0x3e58b3c Aweme!0x3e58a74@0x3e58a74
call: Aweme!0x3e58b44 Aweme!0x775e7a4@DYLD-STUB$$pthread_mutex_unlock
call: Aweme!0x3ecb654 Aweme!0x3ecb9dc@0x3ecb9dc
call: libc++abi.dylib!0xee0 libc++abi.dylib!0x10e54@DYLD-STUB$$malloc
call: libsystem_malloc.dylib!0x10160 libsystem_malloc.dylib!0xf6b8@malloc_zone_malloc
call: libsystem_malloc.dylib!0xf750 libsystem_malloc.dylib!0x11d64@default_zone_malloc
call: libsystem_malloc.dylib!0xecc libsystem_malloc.dylib!0xf20@nanov2_allocate$VARIANT$mp
call: libsystem_malloc.dylib!0xf98 libsystem_malloc.dylib!0x1b18@nanov2_allocate_from_block$VARIANT$mp
call: Aweme!0x3ecb660 Aweme!0x775e39c@DYLD-STUB$$objc_retainAutorelease
call: libobjc.A.dylib!0x218c4 libobjc.A.dylib!0x20010@objc_retain
call: CoreFoundation!0x6bec CoreFoundation!0xaae2c@_CFNonObjCRetain
call: Aweme!0x3ecb668 Aweme!0x3ecb9e4@0x3ecb9e4
call: CoreFoundation!0x6980 CoreFoundation!0xc7c40@__CFStringMtbl
call: CoreFoundation!0x69b4 CoreFoundation!0xcf3e4@CFStringGetCStringPtr
call: Aweme!0x3ecb674 Aweme!0x3eca930@0x3eca930
call: Aweme!0x3eca8d4 Aweme!0x3ecb180@0x3ecb180
call: Aweme!0x3eca8e8 Aweme!0x775dfd0@DYLD-STUB$$malloc
call: libsystem_malloc.dylib!0x10160 libsystem_malloc.dylib!0xf6b8@malloc_zone_malloc
call: libsystem_malloc.dylib!0xf750 libsystem_malloc.dylib!0x11d64@default_zone_malloc
call: libsystem_malloc.dylib!0xecc libsystem_malloc.dylib!0xf20@nanov2_allocate$VARIANT$mp
call: libsystem_malloc.dylib!0xf98 libsystem_malloc.dylib!0x1b18@nanov2_allocate_from_block$VARIANT$mp
call: Aweme!0x3eca8f4 Aweme!0x3ecb2a0@0x3ecb2a0
call: Aweme!0x3ecb678 Aweme!0x3ecb9dc@0x3ecb9dc
call: libc++abi.dylib!0xee0 libc++abi.dylib!0x10e54@DYLD-STUB$$malloc
call: libsystem_malloc.dylib!0x10160 libsystem_malloc.dylib!0xf6b8@malloc_zone_malloc
call: libsystem_malloc.dylib!0xf750 libsystem_malloc.dylib!0x11d64@default_zone_malloc
call: libsystem_malloc.dylib!0xecc libsystem_malloc.dylib!0xf20@nanov2_allocate$VARIANT$mp
call: libsystem_malloc.dylib!0xf98 libsystem_malloc.dylib!0x1b18@nanov2_allocate_from_block$VARIANT$mp
call: Aweme!0x3ecb68c Aweme!0x775e348@DYLD-STUB$$objc_msgSend
call: CoreFoundation!0x463c libobjc.A.dylib!0x2080@objc_msgSend
call: Aweme!0x3ecb690 Aweme!0x3ecb9c4@0x3ecb9c4
call: CoreFoundation!0x6bec CoreFoundation!0xaae2c@_CFNonObjCRetain
call: Aweme!0x3ecb694 Aweme!0x775e39c@DYLD-STUB$$objc_retainAutorelease
call: libobjc.A.dylib!0x218c4 libobjc.A.dylib!0x20010@objc_retain
call: CoreFoundation!0x6bec CoreFoundation!0xaae2c@_CFNonObjCRetain
call: Aweme!0x3ecb69c Aweme!0x3ecb9e4@0x3ecb9e4
call: CoreFoundation!0x6980 CoreFoundation!0xc7c40@__CFStringMtbl
call: CoreFoundation!0x69b4 CoreFoundation!0xcf3e4@CFStringGetCStringPtr
call: Aweme!0x3ecb6a8 Aweme!0x3eca930@0x3eca930
call: Aweme!0x3eca8d4 Aweme!0x3ecb180@0x3ecb180
call: Aweme!0x3eca8e8 Aweme!0x775dfd0@DYLD-STUB$$malloc
call: libsystem_malloc.dylib!0x10160 libsystem_malloc.dylib!0xf6b8@malloc_zone_malloc
call: libsystem_malloc.dylib!0xf750 libsystem_malloc.dylib!0x11d64@default_zone_malloc
call: libsystem_malloc.dylib!0xecc libsystem_malloc.dylib!0xf20@nanov2_allocate$VARIANT$mp
call: libsystem_malloc.dylib!0xf98 libsystem_malloc.dylib!0x1b18@nanov2_allocate_from_block$VARIANT$mp
call: Aweme!0x3eca8f4 Aweme!0x3ecb2a0@0x3ecb2a0
call: Aweme!0x3ecb6b8 Aweme!0x3e86920@0x3e86920
call: Aweme!0x3e8694c Aweme!0x3ed9ea8@0x3ed9ea8
call: Aweme!0x3e51de4 Aweme!0x3e5208c@0x3e5208c
call: Aweme!0x3e51dec Aweme!0x3e57ef4@0x3e57ef4
call: Aweme!0x3e51e10 Aweme!0x3e52080@0x3e52080
call: Aweme!0x3e8695c Aweme!0x3ed9ddc@0x3ed9ddc
call: Aweme!0x3e86970 Aweme!0x3e51f88@0x3e51f88
call: Aweme!0x3e86980 Aweme!0x3e868c8@0x3e868c8
call: Aweme!0x3e868e0 Aweme!0x775c5d8@DYLD-STUB$$operator new(unsigned long)
call: libc++abi.dylib!0xee0 libc++abi.dylib!0x10e54@DYLD-STUB$$malloc
call: libsystem_malloc.dylib!0x10160 libsystem_malloc.dylib!0xf6b8@malloc_zone_malloc
call: libsystem_malloc.dylib!0xf750 libsystem_malloc.dylib!0x11d64@default_zone_malloc
call: libsystem_malloc.dylib!0xecc libsystem_malloc.dylib!0xf20@nanov2_allocate$VARIANT$mp
call: libsystem_malloc.dylib!0xf98 libsystem_malloc.dylib!0x1b18@nanov2_allocate_from_block$VARIANT$mp
call: Aweme!0x3e86990 Aweme!0x3ed9e90@0x3ed9e90
call: Aweme!0x3e51828 Aweme!0x3e52134@0x3e52134
call: Aweme!0x3e51838 Aweme!0x3e5205c@0x3e5205c
call: Aweme!0x3e51844 Aweme!0x3e57ef4@0x3e57ef4
call: Aweme!0x3e518a8 Aweme!0x3e5205c@0x3e5205c
call: Aweme!0x3e518b4 Aweme!0x3e52134@0x3e52134
call: Aweme!0x3e518c0 Aweme!0x3e57ef4@0x3e57ef4
call: Aweme!0x3e518e8 Aweme!0x3e51918@0x3e51918
call: Aweme!0x3e5195c Aweme!0x3e523fc@0x3e523fc
call: Aweme!0x3e51970 Aweme!0x3e523fc@0x3e523fc
call: Aweme!0x3e51974 Aweme!0x3e52044@0x3e52044
call: Aweme!0x3e5197c Aweme!0x3e51ed8@0x3e51ed8
call: Aweme!0x3e51ee4 Aweme!0x3ea61ec@0x3ea61ec
call: libsystem_malloc.dylib!0x10160 libsystem_malloc.dylib!0xf6b8@malloc_zone_malloc
call: libsystem_malloc.dylib!0xf750 libsystem_malloc.dylib!0x11d64@default_zone_malloc
call: libsystem_malloc.dylib!0xecc libsystem_malloc.dylib!0xf20@nanov2_allocate$VARIANT$mp
call: libsystem_malloc.dylib!0xf98 libsystem_malloc.dylib!0x1b18@nanov2_allocate_from_block$VARIANT$mp
call: Aweme!0x3e519f0 Aweme!0x3e51534@0x3e51534
call: Aweme!0x3e51544 Aweme!0x3e520e0@0x3e520e0
call: Aweme!0x3e518f4 Aweme!0x3e716f0@0x3e716f0
call: Aweme!0x3ecb6bc Aweme!0x3ecb9bc@0x3ecb9bc
call: Aweme!0x3ecb64c Aweme!0x3e5bd68@0x3e5bd68
call: Aweme!0x3e5bd80 Aweme!0x3e58b14@0x3e58b14
call: Aweme!0x3e58af4 Aweme!0x3e58a74@0x3e58a74
call: Aweme!0x3e58afc Aweme!0x775e78c@DYLD-STUB$$pthread_mutex_lock
call: Aweme!0x3e5bd8c Aweme!0x3e58b58@0x3e58b58
call: Aweme!0x3e58b3c Aweme!0x3e58a74@0x3e58a74
call: Aweme!0x3e58b44 Aweme!0x775e7a4@DYLD-STUB$$pthread_mutex_unlock
call: Aweme!0x3ecb654 Aweme!0x3ecb9dc@0x3ecb9dc
call: libc++abi.dylib!0xee0 libc++abi.dylib!0x10e54@DYLD-STUB$$malloc
call: libsystem_malloc.dylib!0x10160 libsystem_malloc.dylib!0xf6b8@malloc_zone_malloc
call: libsystem_malloc.dylib!0xf750 libsystem_malloc.dylib!0x11d64@default_zone_malloc
call: libsystem_malloc.dylib!0xecc libsystem_malloc.dylib!0xf20@nanov2_allocate$VARIANT$mp
call: libsystem_malloc.dylib!0xf98 libsystem_malloc.dylib!0x1b18@nanov2_allocate_from_block$VARIANT$mp
call: Aweme!0x3ecb660 Aweme!0x775e39c@DYLD-STUB$$objc_retainAutorelease
call: libobjc.A.dylib!0x218c4 libobjc.A.dylib!0x20010@objc_retain
call: CoreFoundation!0x6bec CoreFoundation!0xaae2c@_CFNonObjCRetain
call: Aweme!0x3ecb668 Aweme!0x3ecb9e4@0x3ecb9e4
call: CoreFoundation!0x6980 CoreFoundation!0xc7c40@__CFStringMtbl
call: CoreFoundation!0x69b4 CoreFoundation!0xcf3e4@CFStringGetCStringPtr
call: Aweme!0x3ecb674 Aweme!0x3eca930@0x3eca930
call: Aweme!0x3eca8d4 Aweme!0x3ecb180@0x3ecb180
call: Aweme!0x3eca8e8 Aweme!0x775dfd0@DYLD-STUB$$malloc
call: libsystem_malloc.dylib!0x10160 libsystem_malloc.dylib!0xf6b8@malloc_zone_malloc
call: libsystem_malloc.dylib!0xf750 libsystem_malloc.dylib!0x11d64@default_zone_malloc
call: libsystem_malloc.dylib!0xecc libsystem_malloc.dylib!0xf20@nanov2_allocate$VARIANT$mp
call: libsystem_malloc.dylib!0xf98 libsystem_malloc.dylib!0x1b18@nanov2_allocate_from_block$VARIANT$mp
call: Aweme!0x3eca8f4 Aweme!0x3ecb2a0@0x3ecb2a0
call: Aweme!0x3ecb678 Aweme!0x3ecb9dc@0x3ecb9dc
call: libc++abi.dylib!0xee0 libc++abi.dylib!0x10e54@DYLD-STUB$$malloc
call: libsystem_malloc.dylib!0x10160 libsystem_malloc.dylib!0xf6b8@malloc_zone_malloc
call: libsystem_malloc.dylib!0xf750 libsystem_malloc.dylib!0x11d64@default_zone_malloc
call: libsystem_malloc.dylib!0xecc libsystem_malloc.dylib!0xf20@nanov2_allocate$VARIANT$mp
call: libsystem_malloc.dylib!0xf98 libsystem_malloc.dylib!0x1b18@nanov2_allocate_from_block$VARIANT$mp
call: Aweme!0x3ecb68c Aweme!0x775e348@DYLD-STUB$$objc_msgSend
call: CoreFoundation!0x463c libobjc.A.dylib!0x2080@objc_msgSend
call: Aweme!0x3ecb690 Aweme!0x3ecb9c4@0x3ecb9c4
call: CoreFoundation!0x6bec CoreFoundation!0xaae2c@_CFNonObjCRetain
call: Aweme!0x3ecb694 Aweme!0x775e39c@DYLD-STUB$$objc_retainAutorelease
call: libobjc.A.dylib!0x218c4 libobjc.A.dylib!0x20010@objc_retain
call: CoreFoundation!0x6bec CoreFoundation!0xaae2c@_CFNonObjCRetain
call: Aweme!0x3ecb69c Aweme!0x3ecb9e4@0x3ecb9e4
call: CoreFoundation!0x6980 CoreFoundation!0xc7c40@__CFStringMtbl
call: CoreFoundation!0x69b4 CoreFoundation!0xcf3e4@CFStringGetCStringPtr
call: Aweme!0x3ecb6a8 Aweme!0x3eca930@0x3eca930
call: Aweme!0x3eca8d4 Aweme!0x3ecb180@0x3ecb180
call: Aweme!0x3eca8e8 Aweme!0x775dfd0@DYLD-STUB$$malloc
call: libsystem_malloc.dylib!0x10160 libsystem_malloc.dylib!0xf6b8@malloc_zone_malloc
call: libsystem_malloc.dylib!0xf750 libsystem_malloc.dylib!0x11d64@default_zone_malloc
call: libsystem_malloc.dylib!0xecc libsystem_malloc.dylib!0xf20@nanov2_allocate$VARIANT$mp
call: libsystem_malloc.dylib!0xf98 libsystem_malloc.dylib!0x1b18@nanov2_allocate_from_block$VARIANT$mp
call: Aweme!0x3eca8f4 Aweme!0x3ecb2a0@0x3ecb2a0
call: Aweme!0x3ecb6b8 Aweme!0x3e86920@0x3e86920
call: Aweme!0x3e8694c Aweme!0x3ed9ea8@0x3ed9ea8
call: Aweme!0x3e51de4 Aweme!0x3e5208c@0x3e5208c
call: Aweme!0x3e51dec Aweme!0x3e57ef4@0x3e57ef4
call: Aweme!0x3e51e10 Aweme!0x3e52080@0x3e52080
call: Aweme!0x3e51e30 Aweme!0x3e523fc@0x3e523fc
call: Aweme!0x3e51e3c Aweme!0x3e57ef4@0x3e57ef4
call: Aweme!0x3e8695c Aweme!0x3ed9ddc@0x3ed9ddc
call: Aweme!0x3e86970 Aweme!0x3e51f88@0x3e51f88
call: Aweme!0x3e86980 Aweme!0x3e868c8@0x3e868c8
call: Aweme!0x3e868e0 Aweme!0x775c5d8@DYLD-STUB$$operator new(unsigned long)
call: libc++abi.dylib!0xee0 libc++abi.dylib!0x10e54@DYLD-STUB$$malloc
call: libsystem_malloc.dylib!0x10160 libsystem_malloc.dylib!0xf6b8@malloc_zone_malloc
call: libsystem_malloc.dylib!0xf750 libsystem_malloc.dylib!0x11d64@default_zone_malloc
call: libsystem_malloc.dylib!0xecc libsystem_malloc.dylib!0xf20@nanov2_allocate$VARIANT$mp
call: libsystem_malloc.dylib!0xf98 libsystem_malloc.dylib!0x1b18@nanov2_allocate_from_block$VARIANT$mp
call: Aweme!0x3e86990 Aweme!0x3ed9e90@0x3ed9e90
call: Aweme!0x3e51828 Aweme!0x3e52134@0x3e52134
call: Aweme!0x3e51838 Aweme!0x3e5205c@0x3e5205c
call: Aweme!0x3e51844 Aweme!0x3e57ef4@0x3e57ef4
call: Aweme!0x3e51884 Aweme!0x3e52080@0x3e52080
call: Aweme!0x3e518e8 Aweme!0x3e51918@0x3e51918
call: Aweme!0x3e5195c Aweme!0x3e523fc@0x3e523fc
call: Aweme!0x3e51970 Aweme!0x3e523fc@0x3e523fc
call: Aweme!0x3e51974 Aweme!0x3e52044@0x3e52044
call: Aweme!0x3e519a0 Aweme!0x3e51ed8@0x3e51ed8
call: Aweme!0x3e51ee4 Aweme!0x3ea61ec@0x3ea61ec
call: libsystem_malloc.dylib!0x10160 libsystem_malloc.dylib!0xf6b8@malloc_zone_malloc
call: libsystem_malloc.dylib!0xf750 libsystem_malloc.dylib!0x11d64@default_zone_malloc
call: libsystem_malloc.dylib!0xecc libsystem_malloc.dylib!0xf20@nanov2_allocate$VARIANT$mp
call: libsystem_malloc.dylib!0xf98 libsystem_malloc.dylib!0x1b18@nanov2_allocate_from_block$VARIANT$mp
call: Aweme!0x3e519f0 Aweme!0x3e51534@0x3e51534
call: Aweme!0x3e51544 Aweme!0x3e520e0@0x3e520e0
call: Aweme!0x3e518f4 Aweme!0x3e716f0@0x3e716f0
call: Aweme!0x3ecb6bc Aweme!0x3ecb9bc@0x3ecb9bc
call: Aweme!0x3ecb6e0 Aweme!0x775e348@DYLD-STUB$$objc_msgSend
call: Aweme!0x3ecb6ec Aweme!0x3ecb9d4@0x3ecb9d4
call: Aweme!0x3ecb700 Aweme!0x3ed67d0@0x3ed67d0
call: Aweme!0x3ed67ec Aweme!0x3e58b14@0x3e58b14
call: Aweme!0x3e58af4 Aweme!0x3e58a74@0x3e58a74
call: Aweme!0x3e58afc Aweme!0x775e78c@DYLD-STUB$$pthread_mutex_lock
call: Aweme!0x3ed6814 Aweme!0x3e58b58@0x3e58b58
call: Aweme!0x3e58b3c Aweme!0x3e58a74@0x3e58a74
call: Aweme!0x3e58b44 Aweme!0x775e7a4@DYLD-STUB$$pthread_mutex_unlock
call: Aweme!0x3ecb70c Aweme!0x3eca540@0x3eca540
call: Aweme!0x3eca55c Aweme!0x3e58b14@0x3e58b14
call: Aweme!0x3e58af4 Aweme!0x3e58a74@0x3e58a74
call: Aweme!0x3e58afc Aweme!0x775e78c@DYLD-STUB$$pthread_mutex_lock
call: Aweme!0x3eca584 Aweme!0x3e58b58@0x3e58b58
call: Aweme!0x3e58b3c Aweme!0x3e58a74@0x3e58a74
call: Aweme!0x3e58b44 Aweme!0x775e7a4@DYLD-STUB$$pthread_mutex_unlock
call: Aweme!0x3ecb724 Aweme!0x3ec92dc@0x3ec92dc
call: Aweme!0x3ec9320 Aweme!0x775e804@DYLD-STUB$$pthread_rwlock_rdlock
call: Aweme!0x3ec933c Aweme!0x3ec9348@0x3ec9348
call: Aweme!0x3ec9374 Aweme!0x3ec9348@0x3ec9348
call: Aweme!0x3ec939c Aweme!0x3e808c8@0x3e808c8
call: Aweme!0x3e808e4 Aweme!0x3e58b14@0x3e58b14
call: Aweme!0x3e58af4 Aweme!0x3e58a74@0x3e58a74
call: Aweme!0x3e58afc Aweme!0x775e78c@DYLD-STUB$$pthread_mutex_lock
call: Aweme!0x3e808f0 Aweme!0x775c5d8@DYLD-STUB$$operator new(unsigned long)
call: libc++abi.dylib!0xee0 libc++abi.dylib!0x10e54@DYLD-STUB$$malloc
call: libsystem_malloc.dylib!0x10160 libsystem_malloc.dylib!0xf6b8@malloc_zone_malloc
call: libsystem_malloc.dylib!0xf750 libsystem_malloc.dylib!0x11d64@default_zone_malloc
call: libsystem_malloc.dylib!0xecc libsystem_malloc.dylib!0xf20@nanov2_allocate$VARIANT$mp
call: libsystem_malloc.dylib!0xf98 libsystem_malloc.dylib!0x1b18@nanov2_allocate_from_block$VARIANT$mp
call: Aweme!0x3e80904 Aweme!0x3e58b58@0x3e58b58
call: Aweme!0x3e58b3c Aweme!0x3e58a74@0x3e58a74
call: Aweme!0x3e58b44 Aweme!0x775e7a4@DYLD-STUB$$pthread_mutex_unlock
call: Aweme!0x3ec93a4 Aweme!0x3eca604@0x3eca604
call: Aweme!0x3ec91ec Aweme!0x3e58b14@0x3e58b14
call: Aweme!0x3e58af4 Aweme!0x3e58a74@0x3e58a74
call: Aweme!0x3e58afc Aweme!0x775e78c@DYLD-STUB$$pthread_mutex_lock
call: Aweme!0x3ec91f8 Aweme!0x3e58b58@0x3e58b58
call: Aweme!0x3e58b3c Aweme!0x3e58a74@0x3e58a74
call: Aweme!0x3e58b44 Aweme!0x775e7a4@DYLD-STUB$$pthread_mutex_unlock
call: Aweme!0x3ec93a8 Aweme!0x3e86fd4@0x3e86fd4
call: Aweme!0x3ec93b0 Aweme!0x3eca604@0x3eca604
call: Aweme!0x3ec91ec Aweme!0x3e58b14@0x3e58b14
call: Aweme!0x3e58af4 Aweme!0x3e58a74@0x3e58a74
call: Aweme!0x3e58afc Aweme!0x775e78c@DYLD-STUB$$pthread_mutex_lock
call: Aweme!0x3ec91f8 Aweme!0x3e58b58@0x3e58b58
call: Aweme!0x3e58b3c Aweme!0x3e58a74@0x3e58a74
call: Aweme!0x3e58b44 Aweme!0x775e7a4@DYLD-STUB$$pthread_mutex_unlock
call: Aweme!0x3ec93b4 Aweme!0x3e86fcc@0x3e86fcc
call: Aweme!0x3ec93c8 Aweme!0x3e51f88@0x3e51f88
call: Aweme!0x3ec93d0 Aweme!0x3eca604@0x3eca604
call: Aweme!0x3ec91ec Aweme!0x3e58b14@0x3e58b14
call: Aweme!0x3e58af4 Aweme!0x3e58a74@0x3e58a74
call: Aweme!0x3e58afc Aweme!0x775e78c@DYLD-STUB$$pthread_mutex_lock
call: Aweme!0x3ec91f8 Aweme!0x3e58b58@0x3e58b58
call: Aweme!0x3e58b3c Aweme!0x3e58a74@0x3e58a74
call: Aweme!0x3e58b44 Aweme!0x775e7a4@DYLD-STUB$$pthread_mutex_unlock
call: Aweme!0x3ec93d8 Aweme!0x3e86fdc@0x3e86fdc
call: Aweme!0x3e86fe8 Aweme!0x3e872b0@0x3e872b0
call: Aweme!0x3ec93f0 Aweme!0x3ed67d0@0x3ed67d0
call: Aweme!0x3ed67ec Aweme!0x3e58b14@0x3e58b14
call: Aweme!0x3e58af4 Aweme!0x3e58a74@0x3e58a74
call: Aweme!0x3e58afc Aweme!0x775e78c@DYLD-STUB$$pthread_mutex_lock
call: Aweme!0x3ed6814 Aweme!0x3e58b58@0x3e58b58
call: Aweme!0x3e58b3c Aweme!0x3e58a74@0x3e58a74
call: Aweme!0x3e58b44 Aweme!0x775e7a4@DYLD-STUB$$pthread_mutex_unlock
call: Aweme!0x3ec93fc Aweme!0x3eca540@0x3eca540
call: Aweme!0x3eca55c Aweme!0x3e58b14@0x3e58b14
call: Aweme!0x3e58af4 Aweme!0x3e58a74@0x3e58a74
