AwemeModuleBase:0x106c474f0
arg1 https://search3-search-lf.amemv.com/aweme/v1/search/item/?caid1=0803bffc8815b9f02c08f48f95c1008c&tma_jssdk_version=2.1.0.2&minor_status=0&ac=WIFI&appTheme=dark&is_vcd=1&keyword=%E7%8E%8B%E4%B8%80%E5%8D%9A&video_cover_shrink=372_496&enter_from=homepage_hot&sort_type=0&backtrace=M7U2PfbCPC7qlX46ow2D73foIbuD7zG%2BTODCT48wHI74oC1dlQVm4omXMt%2BkHUSKjMf5EJvWyjt3jVKDb%2FBylQ%3D%3D&count=12&is_filter_search=0&user_avatar_shrink=64_64&source=video_search&query_correct_type=1&rs_word_count=5&offset=0&search_source=normal_search&publish_time=0&hot_search=0&aid=1128&app_name=aweme&app_version=14.8.0&build_number=148013&cdid=FEDA96DE-E849-4E15-99C9-66CD61F50ADD&channel=App%20Store&device_id=4169787388733342&device_platform=iphone&device_type=iPhone9,1&idfa=322127EF-8E4E-48E9-98E0-99ACBDC85525&iid=2955926580500413&js_sdk_version=1.99.0.3&mcc_mnc=&openudid=a4cb7b4ade7c5e8e6c90cf8f892aafe6c64c73d1&os_api=18&os_version=13.3.1&screen_width=750&version_code=14.8.0&vid=25AD3C98-7CA5-4B2E-9B39-9BAEFC31BBD2
arg2 {
    "User-Agent" = "Aweme 14.8.0 rv:148013 (iPhone; iOS 13.3.1; zh_CN) Cronet";
    "x-common-params-v2" = "aid=1128&app_name=aweme&app_version=14.8.0&build_number=148013&cdid=FEDA96DE-E849-4E15-99C9-66CD61F50ADD&channel=App%20Store&device_id=4169787388733342&device_platform=iphone&device_type=iPhone9,1&idfa=322127EF-8E4E-48E9-98E0-99ACBDC85525&iid=2955926580500413&js_sdk_version=1.99.0.3&mcc_mnc=&openudid=a4cb7b4ade7c5e8e6c90cf8f892aafe6c64c73d1&os_api=18&os_version=13.3.1&screen_width=750&version_code=14.8.0&vid=25AD3C98-7CA5-4B2E-9B39-9BAEFC31BBD2";
    "x-tt-token" = "003c4774314c4f83d0177a0ae886f5a6f50056cb8fc53fa60c3b0bf88596c762fc922f46798e27276d911e99fde0203a46a8df6837c3279998eaaccf63df5e59c34fb9458bd8d9b17fd1ecf392c2a6fc08649f8411f4295761fc95f3fe46affde27ce-1.0.1";
}
call Aweme!0x3e70d08
,	Aweme!0x3e70d08 this.args0 0x1101cc000             0  1  2  3  4  5  6  7  8  9  A  B  C  D  E  F  0123456789ABCDEF
1101cc000  00 00 00 00 00 00 00 00 00 00 00 00 00 00 00 00  ................
1101cc010  68 0d e5 9c 01 00 00 00 94 0e e5 9c 01 00 00 00  h...............
1101cc020  fc 13 e5 9c 01 00 00 00 6c cf e5 9c 01 00 00 00  ........l.......
1101cc030  50 13 e5 9c 01 00 00 00 b0 14 e5 9c 01 00 00 00  P...............
1101cc040  78 cf e5 9c 01 00 00 00 00 40 62 80 02 00 00 00  x........@b.....
1101cc050  84 16 e5 9c 01 00 00 00 34 17 e5 9c 01 00 00 00  ........4.......
1101cc060  d8 aa a1 da 01 00 00 00 0c 00 00 00 00 00 00 00  ................
1101cc070  cc cf e5 9c 01 00 00 00 e0 10 e5 9c 01 00 00 00  ................
1101cc080  84 17 e5 9c 01 00 00 00 34 16 e5 9c 01 00 00 00  ........4.......
1101cc090  00 00 00 00 00 00 00 00 00 00 00 00 00 00 00 00  ................
1101cc0a0  00 00 00 00 00 00 00 00 00 00 00 00 00 00 00 00  ................
1101cc0b0  00 00 00 00 00 00 00 00 00 00 00 00 00 00 00 00  ................
1101cc0c0  00 00 00 00 00 00 00 00 00 00 00 00 00 00 00 00  ................
1101cc0d0  00 00 00 00 00 00 00 00 00 00 00 00 00 00 00 00  ................
1101cc0e0  00 00 00 00 00 00 00 00 00 00 00 00 00 00 00 00  ................
1101cc0f0  00 00 00 00 00 00 00 00 00 00 00 00 00 00 00 00  ................
1101cc100  00 00 00 00 00 00 00 00 00 00 00 00 00 00 00 00  ................
1101cc110  00 00 00 00 00 00 00 00 00 00 00 00 00 00 00 00  ................
1101cc120  00 00 00 00 00 00 00 00 00 00 00 00 00 00 00 00  ................
1101cc130  00 00 00 00 00 00 00 00 00 00 00 00 00 00 00 00  ................
1101cc140  00 00 00 00 00 00 00 00 00 00 00 00 00 00 00 00  ................
1101cc150  00 00 00 00 00 00 00 00 00 00 00 00 00 00 00 00  ................
1101cc160  00 00 00 00 00 00 00 00 00 00 00 00 00 00 00 00  ................
1101cc170  00 00 00 00 00 00 00 00 00 00 00 00 00 00 00 00  ................
1101cc180  00 00 00 00 00 00 00 00 00 00 00 00 00 00 00 00  ................
1101cc190  00 00 00 00 00 00 00 00 00 00 00 00 00 00 00 00  ................
1101cc1a0  00 00 00 00 00 00 00 00 00 00 00 00 00 00 00 00  ................
1101cc1b0  00 00 00 00 00 00 00 00 00 00 00 00 00 00 00 00  ................
1101cc1c0  00 00 00 00 00 00 00 00 00 00 00 00 00 00 00 00  ................
1101cc1d0  00 00 00 00 00 00 00 00 00 00 00 00 00 00 00 00  ................
1101cc1e0  00 00 00 00 00 00 00 00 00 00 00 00 00 00 00 00  ................
1101cc1f0  00 00 00 00 00 00 00 00 00 00 00 00 00 00 00 00  ................
1101cc200  00 00 00 00 00 00 00 00 00 00 00 00 00 00 00 00  ................
1101cc210  00 00 00 00 00 00 00 00 00 00 00 00 00 00 00 00  ................
1101cc220  00 00 00 00 00 00 00 00 00 00 00 00 00 00 00 00  ................
1101cc230  00 00 00 00 00 00 00 00 00 00 00 00 00 00 00 00  ................
1101cc240  00 00 00 00 00 00 00 00 00 00 00 00 00 00 00 00  ................
1101cc250  00 00 00 00 00 00 00 00 00 00 00 00 00 00 00 00  ................
1101cc260  00 00 00 00 00 00 00 00 00 00 00 00 00 00 00 00  ................
1101cc270  00 00 00 00 00 00 00 00 00 00 00 00 00 00 00 00  ................
1101cc280  00 00 00 00 00 00 00 00 00 00 00 00 00 00 00 00  ................
1101cc290  00 00 00 00 00 00 00 00 00 00 00 00 00 00 00 00  ................
1101cc2a0  00 00 00 00 00 00 00 00 00 00 00 00 00 00 00 00  ................
1101cc2b0  00 00 00 00 00 00 00 00 00 00 00 00 00 00 00 00  ................
1101cc2c0  00 00 00 00 00 00 00 00 00 00 00 00 00 00 00 00  ................
1101cc2d0  00 00 00 00 00 00 00 00 00 00 00 00 00 00 00 00  ................
1101cc2e0  00 00 00 00 00 00 00 00 00 00 00 00 00 00 00 00  ................
1101cc2f0  00 00 00 00 00 00 00 00 00 00 00 00 00 00 00 00  ................
1101cc300  00 00 00 00 00 00 00 00 00 00 00 00 00 00 00 00  ................
1101cc310  00 00 00 00 00 00 00 00 00 00 00 00 00 00 00 00  ................
1101cc320  00 00 00 00 00 00 00 00 00 00 00 00 00 00 00 00  ................
1101cc330  00 00 00 00 00 00 00 00 00 00 00 00 00 00 00 00  ................
1101cc340  00 00 00 00 00 00 00 00 00 00 00 00 00 00 00 00  ................
1101cc350  00 00 00 00 00 00 00 00 00 00 00 00 00 00 00 00  ................
1101cc360  00 00 00 00 00 00 00 00 00 00 00 00 00 00 00 00  ................
1101cc370  00 00 00 00 00 00 00 00 00 00 00 00 00 00 00 00  ................
1101cc380  00 00 00 00 00 00 00 00 00 00 00 00 00 00 00 00  ................
1101cc390  00 00 00 00 00 00 00 00 00 00 00 00 00 00 00 00  ................
1101cc3a0  00 00 00 00 00 00 00 00 00 00 00 00 00 00 00 00  ................
1101cc3b0  00 00 00 00 00 00 00 00 00 00 00 00 00 00 00 00  ................
1101cc3c0  00 00 00 00 00 00 00 00 00 00 00 00 00 00 00 00  ................
1101cc3d0  00 00 00 00 00 00 00 00 00 00 00 00 00 00 00 00  ................
1101cc3e0  00 00 00 00 00 00 00 00 00 00 00 00 00 00 00 00  ................
1101cc3f0  00 00 00 00 00 00 00 00 00 00 00 00 00 00 00 00  ................

,	Aweme!0x3e70d08 this.args1 0x281e42dc0             0  1  2  3  4  5  6  7  8  9  A  B  C  D  E  F  0123456789ABCDEF
281e42dc0  c0 2d e5 e2 3d e2 00 00 fb 07 38 30 32 38 30 36  .-..=.....802806
281e42dd0  66 63 35 65 63 30 30 36 39 34 65 66 32 36 63 34  fc5ec00694ef26c4
281e42de0  31 30 62 30 30 37 66 35 65 66 31 37 63 61 35 31  10b007f5ef17ca51
281e42df0  31 31 65 33 00 00 00 00 00 00 00 00 00 00 00 00  11e3............
281e42e00  38 34 30 34 63 30 34 62 30 30 38 30 32 38 30 36  8404c04b00802806
281e42e10  66 63 35 65 63 30 30 36 39 34 65 66 32 36 63 34  fc5ec00694ef26c4
281e42e20  31 30 62 30 30 37 66 35 65 66 31 37 63 61 35 31  10b007f5ef17ca51
281e42e30  31 31 65 33 00 61 6e 61 67 65 72 00 00 00 00 00  11e3.anager.....
281e42e40  00 00 00 00 00 00 00 00 00 00 00 00 00 00 00 00  ................
281e42e50  00 00 00 00 00 00 00 00 00 00 00 00 00 00 00 00  ................
281e42e60  00 00 00 00 00 00 00 00 00 00 00 00 00 00 00 00  ................
281e42e70  00 00 00 00 00 00 00 00 00 00 00 00 00 00 00 00  ................
281e42e80  00 00 00 00 00 00 00 00 00 00 00 00 00 00 00 00  ................
281e42e90  00 00 00 00 00 00 00 00 00 00 00 00 00 00 00 00  ................
281e42ea0  00 00 00 00 00 00 00 00 00 00 00 00 00 00 00 00  ................
281e42eb0  00 00 00 00 00 00 00 00 00 00 00 00 00 00 00 00  ................
281e42ec0  00 00 00 00 00 00 00 00 00 00 00 00 00 00 00 00  ................
281e42ed0  00 00 00 00 00 00 00 00 00 00 00 00 00 00 00 00  ................
281e42ee0  00 00 00 00 00 00 00 00 00 00 00 00 00 00 00 00  ................
281e42ef0  00 00 00 00 00 00 00 00 00 00 00 00 00 00 00 00  ................
281e42f00  00 00 00 00 00 00 00 00 00 00 00 00 00 00 00 00  ................
281e42f10  00 00 00 00 00 00 00 00 00 00 00 00 00 00 00 00  ................
281e42f20  00 00 00 00 00 00 00 00 00 00 00 00 00 00 00 00  ................
281e42f30  00 00 00 00 00 00 00 00 00 00 00 00 00 00 00 00  ................
281e42f40  00 00 00 00 00 00 00 00 00 00 00 00 00 00 00 00  ................
281e42f50  00 00 00 00 00 00 00 00 00 00 00 00 00 00 00 00  ................
281e42f60  00 00 00 00 00 00 00 00 00 00 00 00 00 00 00 00  ................
281e42f70  00 00 00 00 00 00 00 00 00 00 00 00 00 00 00 00  ................
281e42f80  00 00 00 00 00 00 00 00 00 00 00 00 00 00 00 00  ................
281e42f90  00 00 00 00 00 00 00 00 00 00 00 00 00 00 00 00  ................
281e42fa0  00 00 00 00 00 00 00 00 00 00 00 00 00 00 00 00  ................
281e42fb0  00 00 00 00 00 00 00 00 00 00 00 00 00 00 00 00  ................
281e42fc0  00 00 00 00 00 00 00 00 00 00 00 00 00 00 00 00  ................
281e42fd0  00 00 00 00 00 00 00 00 00 00 00 00 00 00 00 00  ................
281e42fe0  00 00 00 00 00 00 00 00 00 00 00 00 00 00 00 00  ................
281e42ff0  00 00 00 00 00 00 00 00 00 00 00 00 00 00 00 00  ................
281e43000  00 00 00 00 00 00 00 00 00 00 00 00 00 00 00 00  ................
281e43010  00 00 00 00 00 00 00 00 00 00 00 00 00 00 00 00  ................
281e43020  00 00 00 00 00 00 00 00 00 00 00 00 00 00 00 00  ................
281e43030  00 00 00 00 00 00 00 00 00 00 00 00 00 00 00 00  ................
281e43040  00 00 00 00 00 00 00 00 00 00 00 00 00 00 00 00  ................
281e43050  00 00 00 00 00 00 00 00 00 00 00 00 00 00 00 00  ................
281e43060  00 00 00 00 00 00 00 00 00 00 00 00 00 00 00 00  ................
281e43070  00 00 00 00 00 00 00 00 00 00 00 00 00 00 00 00  ................
281e43080  00 00 00 00 00 00 00 00 00 00 00 00 00 00 00 00  ................
281e43090  00 00 00 00 00 00 00 00 00 00 00 00 00 00 00 00  ................
281e430a0  00 00 00 00 00 00 00 00 00 00 00 00 00 00 00 00  ................
281e430b0  00 00 00 00 00 00 00 00 00 00 00 00 00 00 00 00  ................
281e430c0  00 00 00 00 00 00 00 00 00 00 00 00 00 00 00 00  ................
281e430d0  00 00 00 00 00 00 00 00 00 00 00 00 00 00 00 00  ................
281e430e0  00 00 00 00 00 00 00 00 00 00 00 00 00 00 00 00  ................
281e430f0  00 00 00 00 00 00 00 00 00 00 00 00 00 00 00 00  ................
281e43100  00 00 00 00 00 00 00 00 00 00 00 00 00 00 00 00  ................
281e43110  00 00 00 00 00 00 00 00 00 00 00 00 00 00 00 00  ................
281e43120  00 00 00 00 00 00 00 00 00 00 00 00 00 00 00 00  ................
281e43130  00 00 00 00 00 00 00 00 00 00 00 00 00 00 00 00  ................
281e43140  00 00 00 00 00 00 00 00 00 00 00 00 00 00 00 00  ................
281e43150  00 00 00 00 00 00 00 00 00 00 00 00 00 00 00 00  ................
281e43160  00 00 00 00 00 00 00 00 00 00 00 00 00 00 00 00  ................
281e43170  00 00 00 00 00 00 00 00 00 00 00 00 00 00 00 00  ................
281e43180  00 00 00 00 00 00 00 00 00 00 00 00 00 00 00 00  ................
281e43190  00 00 00 00 00 00 00 00 00 00 00 00 00 00 00 00  ................
281e431a0  00 00 00 00 00 00 00 00 00 00 00 00 00 00 00 00  ................
281e431b0  00 00 00 00 00 00 00 00 00 00 00 00 00 00 00 00  ................

,	Aweme!0x3e70d08 this.args2 0x3 0x3

,	Aweme!0x3e70d08 this.args3 0x19ce510e0             0  1  2  3  4  5  6  7  8  9  A  B  C  D  E  F  0123456789ABCDEF
19ce510e0  f6 57 bd a9 f4 4f 01 a9 fd 7b 02 a9 fd 83 00 91  .W...O...{......
19ce510f0  f4 03 02 aa f3 03 01 aa f5 03 00 aa 21 02 00 b4  ............!...
19ce51100  68 fe 5d d3 1f 51 00 f1 c1 01 00 54 08 01 8e 52  h.]..Q.....T...R
19ce51110  a8 6a 68 38 68 02 18 37 9f 0e 40 f2 88 fe 44 d3  .jh8h..7..@...D.
19ce51120  08 05 88 1a 02 05 00 51 e0 03 15 aa e1 03 13 aa  .......Q........
19ce51130  fd 7b 42 a9 f4 4f 41 a9 f6 57 c3 a8 0e 00 00 14  .{B..OA..W......
19ce51140  a0 16 78 f9 03 3c 40 f9 e1 03 13 aa e2 03 14 aa  ..x..<@.........
19ce51150  fd 7b 42 a9 f4 4f 41 a9 f6 57 c3 a8 60 00 1f d6  .{B..OA..W..`...
19ce51160  a1 0a 80 52 e0 03 13 aa e2 03 14 aa f1 9b 00 94  ...R............
19ce51170  ea ff ff 17 fa 67 bb a9 f8 5f 01 a9 f6 57 02 a9  .....g..._...W..
19ce51180  f4 4f 03 a9 fd 7b 04 a9 fd 03 01 91 f4 03 02 aa  .O...{..........
19ce51190  f3 03 00 aa 35 c4 72 92 28 94 66 92 09 0c 78 f9  ....5.r.(.f...x.
19ce511a0  28 01 08 ca 29 7c 4e d3 2a 64 0e 53 29 2d 06 53  (...)|N.*d.S)-.S
19ce511b0  49 15 1a 33 16 49 29 8b c9 00 00 d0 29 81 25 91  I..3.I).....).%.
19ce511c0  c8 02 40 b9 38 59 62 b8 09 07 00 51 2a 00 15 4b  ..@.8Yb....Q*..K
19ce511d0  4b 6c 1c 53 6b 41 00 11 4a 0d cb 1a 4a 05 00 11  Kl.SkA..J...J...
19ce511e0  4a 29 00 12 6b ff 80 52 ac ff 80 52 0d 29 00 12  J)..k..R...R.)..
19ce511f0  0f 01 20 11 ee 25 15 12 10 01 01 12 11 01 48 11  .. ..%........H.
19ce51200  31 26 0b 12 0e 02 0e 2a ce 01 11 2a bf f1 1f 71  1&.....*...*...q
19ce51210  a0 01 00 54 ef 51 0b 53 ff 01 09 6b 41 01 00 54  ...T.Q.S...kA..T
19ce51220  1f 01 00 71 6d b1 8c 1a d9 01 0d 2a cd 7e 5f 88  ...qm......*.~_.
19ce51230  bf 01 08 6b 21 02 00 54 d9 7e 0d 88 8d ff ff 35  ...k!..T.~.....5
19ce51240  11 00 00 14 59 01 0e 2a bf f1 1f 71 6d 01 8d 1a  ....Y..*...qm...
19ce51250  2d 10 00 79 6d 12 78 f9 ad 01 01 ca 2d 00 00 f9  -..ym.x.....-...
19ce51260  cd 7e 5f 88 bf 01 08 6b 81 00 00 54 d9 fe 0d 88  .~_....k...T....
19ce51270  8d ff ff 35 14 00 00 14 5f 3f 03 d5 e8 03 0d aa  ...5...._?......
19ce51280  db ff ff 17 49 62 24 90 29 e9 43 b9 c9 01 00 35  ....Ib$.).C....5
19ce51290  a8 01 f8 37 08 0b 8e 52 77 02 08 8b a1 00 a0 52  ...7...Rw......R
19ce512a0  e0 03 17 aa 95 9e 00 94 e3 03 14 aa e0 03 13 aa  ................
19ce512b0  e1 03 16 aa e2 03 15 aa c3 01 00 94 e0 03 17 aa  ................
19ce512c0  97 9e 00 94 f9 01 f8 37 e8 03 00 32 14 21 d4 1a  .......7...2.!..
19ce512d0  88 00 8e 52 75 02 08 8b a8 02 40 79 88 02 08 0a  ...Ru.....@y....
19ce512e0  29 53 0b 53 20 01 62 1e 1f 01 00 71 01 03 62 1e  )S.S .b....q..b.
19ce512f0  02 10 6d 1e 21 08 62 1e 22 14 60 1e e9 00 00 54  ..m.!.b.".`....T
19ce51300  fd 7b 44 a9 f4 4f 43 a9 f6 57 42 a9 f8 5f 41 a9  .{D..OC..WB.._A.
19ce51310  fa 67 c5 a8 c0 03 5f d6 73 1e 40 91 a1 00 a0 52  .g...._.s.@....R
19ce51320  e0 03 13 aa 75 9e 00 94 a8 02 40 79 08 01 34 0a  ....u.....@y..4.
19ce51330  a8 02 00 79 e0 03 13 aa fd 7b 44 a9 f4 4f 43 a9  ...y.....{D..OC.
19ce51340  f6 57 42 a9 f8 5f 41 a9 fa 67 c5 a8 74 9e 00 14  .WB.._A..g..t...
19ce51350  ff c3 00 d1 f4 4f 01 a9 fd 7b 02 a9 fd 83 00 91  .....O...{......
19ce51360  f3 03 01 aa f4 03 00 aa e1 02 00 b4 68 fe 5d d3  ............h.].
19ce51370  1f 51 00 f1 81 02 00 54 02 00 80 52 e0 03 14 aa  .Q.....T...R....
19ce51380  e1 03 13 aa 8a fe ff 97 e0 01 00 b4 e8 03 00 aa  ................
19ce51390  09 01 8e 52 89 6a 69 38 49 02 18 37 1f 0d 40 f2  ...R.ji8I..7..@.
19ce513a0  08 fd 44 d3 08 05 88 1a 02 05 00 51 e0 03 14 aa  ..D........Q....
19ce513b0  e1 03 13 aa fd 7b 42 a9 f4 4f 41 a9 ff c3 00 91  .....{B..OA.....
19ce513c0  6d ff ff 17 80 16 78 f9 02 18 40 f9 e1 03 13 aa  m.....x...@.....
19ce513d0  fd 7b 42 a9 f4 4f 41 a9 ff c3 00 91 40 00 1f d6  .{B..OA.....@...
19ce513e0  a1 0a 80 52 e0 03 13 aa e8 07 00 f9 e2 03 08 aa  ...R............
19ce513f0  50 9b 00 94 e8 07 40 f9 e9 ff ff 17 f4 4f be a9  P.....@......O..
19ce51400  fd 7b 01 a9 fd 43 00 91 f3 03 02 aa f4 03 00 aa  .{...C..........
19ce51410  3f 04 00 f1 40 02 00 54 28 7c d3 9b ff 03 08 eb  ?...@..T(|......
19ce51420  21 01 00 54 33 7c 13 9b 48 de 1e b0 08 d1 43 f9  !..T3|..H.....C.
19ce51430  08 01 40 f9 09 00 80 92 28 05 08 ca 7f 02 08 eb  ..@.....(.......
19ce51440  e9 00 00 54 c0 be 03 94 e8 03 00 aa 00 00 80 d2  ...T............
19ce51450  e9 07 1e 32 09 01 00 b9 0c 00 00 14 7f 02 04 f1  ...2............
19ce51460  a8 01 00 54 68 3e 00 91 08 ed 7c 92 7f 46 00 f1  ...Th>....|..F..
19ce51470  e9 03 1c 32 21 31 88 9a e2 03 00 32 e0 03 14 aa  ...2!1.....2....
19ce51480  a8 fe ff 97 80 00 00 b4 fd 7b 41 a9 f4 4f c2 a8  .........{A..O..
19ce51490  c0 03 5f d6 80 16 78 f9 03 10 40 f9 e1 03 00 32  .._...x...@....2
19ce514a0  e2 03 13 aa fd 7b 41 a9 f4 4f c2 a8 60 00 1f d6  .....{A..O..`...
19ce514b0  f8 5f bc a9 f6 57 01 a9 f4 4f 02 a9 fd 7b 03 a9  ._...W...O...{..
19ce514c0  fd c3 00 91 f5 03 02 aa f4 03 00 aa c1 01 00 b4  ................
19ce514d0  f3 03 01 aa 02 00 80 52 e0 03 14 aa 34 fe ff 97  .......R....4...

,	Aweme!0x3e70d08 this.args4 0x1 0x1

,	Aweme!0x3e70d08 this.args0 onLeave 0x1101cc000             0  1  2  3  4  5  6  7  8  9  A  B  C  D  E  F  0123456789ABCDEF
1101cc000  00 00 00 00 00 00 00 00 00 00 00 00 00 00 00 00  ................
1101cc010  68 0d e5 9c 01 00 00 00 94 0e e5 9c 01 00 00 00  h...............
1101cc020  fc 13 e5 9c 01 00 00 00 6c cf e5 9c 01 00 00 00  ........l.......
1101cc030  50 13 e5 9c 01 00 00 00 b0 14 e5 9c 01 00 00 00  P...............
1101cc040  78 cf e5 9c 01 00 00 00 00 40 62 80 02 00 00 00  x........@b.....
1101cc050  84 16 e5 9c 01 00 00 00 34 17 e5 9c 01 00 00 00  ........4.......
1101cc060  d8 aa a1 da 01 00 00 00 0c 00 00 00 00 00 00 00  ................
1101cc070  cc cf e5 9c 01 00 00 00 e0 10 e5 9c 01 00 00 00  ................
1101cc080  84 17 e5 9c 01 00 00 00 34 16 e5 9c 01 00 00 00  ........4.......
1101cc090  00 00 00 00 00 00 00 00 00 00 00 00 00 00 00 00  ................
1101cc0a0  00 00 00 00 00 00 00 00 00 00 00 00 00 00 00 00  ................
1101cc0b0  00 00 00 00 00 00 00 00 00 00 00 00 00 00 00 00  ................
1101cc0c0  00 00 00 00 00 00 00 00 00 00 00 00 00 00 00 00  ................
1101cc0d0  00 00 00 00 00 00 00 00 00 00 00 00 00 00 00 00  ................
1101cc0e0  00 00 00 00 00 00 00 00 00 00 00 00 00 00 00 00  ................
1101cc0f0  00 00 00 00 00 00 00 00 00 00 00 00 00 00 00 00  ................
1101cc100  00 00 00 00 00 00 00 00 00 00 00 00 00 00 00 00  ................
1101cc110  00 00 00 00 00 00 00 00 00 00 00 00 00 00 00 00  ................
1101cc120  00 00 00 00 00 00 00 00 00 00 00 00 00 00 00 00  ................
1101cc130  00 00 00 00 00 00 00 00 00 00 00 00 00 00 00 00  ................
1101cc140  00 00 00 00 00 00 00 00 00 00 00 00 00 00 00 00  ................
1101cc150  00 00 00 00 00 00 00 00 00 00 00 00 00 00 00 00  ................
1101cc160  00 00 00 00 00 00 00 00 00 00 00 00 00 00 00 00  ................
1101cc170  00 00 00 00 00 00 00 00 00 00 00 00 00 00 00 00  ................
1101cc180  00 00 00 00 00 00 00 00 00 00 00 00 00 00 00 00  ................
1101cc190  00 00 00 00 00 00 00 00 00 00 00 00 00 00 00 00  ................
1101cc1a0  00 00 00 00 00 00 00 00 00 00 00 00 00 00 00 00  ................
1101cc1b0  00 00 00 00 00 00 00 00 00 00 00 00 00 00 00 00  ................
1101cc1c0  00 00 00 00 00 00 00 00 00 00 00 00 00 00 00 00  ................
1101cc1d0  00 00 00 00 00 00 00 00 00 00 00 00 00 00 00 00  ................
1101cc1e0  00 00 00 00 00 00 00 00 00 00 00 00 00 00 00 00  ................
1101cc1f0  00 00 00 00 00 00 00 00 00 00 00 00 00 00 00 00  ................
1101cc200  00 00 00 00 00 00 00 00 00 00 00 00 00 00 00 00  ................
1101cc210  00 00 00 00 00 00 00 00 00 00 00 00 00 00 00 00  ................
1101cc220  00 00 00 00 00 00 00 00 00 00 00 00 00 00 00 00  ................
1101cc230  00 00 00 00 00 00 00 00 00 00 00 00 00 00 00 00  ................
1101cc240  00 00 00 00 00 00 00 00 00 00 00 00 00 00 00 00  ................
1101cc250  00 00 00 00 00 00 00 00 00 00 00 00 00 00 00 00  ................
1101cc260  00 00 00 00 00 00 00 00 00 00 00 00 00 00 00 00  ................
1101cc270  00 00 00 00 00 00 00 00 00 00 00 00 00 00 00 00  ................
1101cc280  00 00 00 00 00 00 00 00 00 00 00 00 00 00 00 00  ................
1101cc290  00 00 00 00 00 00 00 00 00 00 00 00 00 00 00 00  ................
1101cc2a0  00 00 00 00 00 00 00 00 00 00 00 00 00 00 00 00  ................
1101cc2b0  00 00 00 00 00 00 00 00 00 00 00 00 00 00 00 00  ................
1101cc2c0  00 00 00 00 00 00 00 00 00 00 00 00 00 00 00 00  ................
1101cc2d0  00 00 00 00 00 00 00 00 00 00 00 00 00 00 00 00  ................
1101cc2e0  00 00 00 00 00 00 00 00 00 00 00 00 00 00 00 00  ................
1101cc2f0  00 00 00 00 00 00 00 00 00 00 00 00 00 00 00 00  ................
1101cc300  00 00 00 00 00 00 00 00 00 00 00 00 00 00 00 00  ................
1101cc310  00 00 00 00 00 00 00 00 00 00 00 00 00 00 00 00  ................
1101cc320  00 00 00 00 00 00 00 00 00 00 00 00 00 00 00 00  ................
1101cc330  00 00 00 00 00 00 00 00 00 00 00 00 00 00 00 00  ................
1101cc340  00 00 00 00 00 00 00 00 00 00 00 00 00 00 00 00  ................
1101cc350  00 00 00 00 00 00 00 00 00 00 00 00 00 00 00 00  ................
1101cc360  00 00 00 00 00 00 00 00 00 00 00 00 00 00 00 00  ................
1101cc370  00 00 00 00 00 00 00 00 00 00 00 00 00 00 00 00  ................
1101cc380  00 00 00 00 00 00 00 00 00 00 00 00 00 00 00 00  ................
1101cc390  00 00 00 00 00 00 00 00 00 00 00 00 00 00 00 00  ................
1101cc3a0  00 00 00 00 00 00 00 00 00 00 00 00 00 00 00 00  ................
1101cc3b0  00 00 00 00 00 00 00 00 00 00 00 00 00 00 00 00  ................
1101cc3c0  00 00 00 00 00 00 00 00 00 00 00 00 00 00 00 00  ................
1101cc3d0  00 00 00 00 00 00 00 00 00 00 00 00 00 00 00 00  ................
1101cc3e0  00 00 00 00 00 00 00 00 00 00 00 00 00 00 00 00  ................
1101cc3f0  00 00 00 00 00 00 00 00 00 00 00 00 00 00 00 00  ................

,	Aweme!0x3e70d08 this.args1 onLeave 0x281e42dc0             0  1  2  3  4  5  6  7  8  9  A  B  C  D  E  F  0123456789ABCDEF
281e42dc0  c0 2d e5 e2 3d e2 00 00 fb 07 38 30 32 38 30 36  .-..=.....802806
281e42dd0  66 63 35 65 63 30 30 36 39 34 65 66 32 36 63 34  fc5ec00694ef26c4
281e42de0  31 30 62 30 30 37 66 35 65 66 31 37 63 61 35 31  10b007f5ef17ca51
281e42df0  31 31 65 33 00 00 00 00 00 00 00 00 00 00 00 00  11e3............
281e42e00  38 34 30 34 63 30 34 62 30 30 38 30 32 38 30 36  8404c04b00802806
281e42e10  66 63 35 65 63 30 30 36 39 34 65 66 32 36 63 34  fc5ec00694ef26c4
281e42e20  31 30 62 30 30 37 66 35 65 66 31 37 63 61 35 31  10b007f5ef17ca51
281e42e30  31 31 65 33 00 61 6e 61 67 65 72 00 00 00 00 00  11e3.anager.....
281e42e40  00 00 00 00 00 00 00 00 00 00 00 00 00 00 00 00  ................
281e42e50  00 00 00 00 00 00 00 00 00 00 00 00 00 00 00 00  ................
281e42e60  00 00 00 00 00 00 00 00 00 00 00 00 00 00 00 00  ................
281e42e70  00 00 00 00 00 00 00 00 00 00 00 00 00 00 00 00  ................
281e42e80  00 00 00 00 00 00 00 00 00 00 00 00 00 00 00 00  ................
281e42e90  00 00 00 00 00 00 00 00 00 00 00 00 00 00 00 00  ................
281e42ea0  00 00 00 00 00 00 00 00 00 00 00 00 00 00 00 00  ................
281e42eb0  00 00 00 00 00 00 00 00 00 00 00 00 00 00 00 00  ................
281e42ec0  00 00 00 00 00 00 00 00 00 00 00 00 00 00 00 00  ................
281e42ed0  00 00 00 00 00 00 00 00 00 00 00 00 00 00 00 00  ................
281e42ee0  00 00 00 00 00 00 00 00 00 00 00 00 00 00 00 00  ................
281e42ef0  00 00 00 00 00 00 00 00 00 00 00 00 00 00 00 00  ................
281e42f00  00 00 00 00 00 00 00 00 00 00 00 00 00 00 00 00  ................
281e42f10  00 00 00 00 00 00 00 00 00 00 00 00 00 00 00 00  ................
281e42f20  00 00 00 00 00 00 00 00 00 00 00 00 00 00 00 00  ................
281e42f30  00 00 00 00 00 00 00 00 00 00 00 00 00 00 00 00  ................
281e42f40  00 00 00 00 00 00 00 00 00 00 00 00 00 00 00 00  ................
281e42f50  00 00 00 00 00 00 00 00 00 00 00 00 00 00 00 00  ................
281e42f60  00 00 00 00 00 00 00 00 00 00 00 00 00 00 00 00  ................
281e42f70  00 00 00 00 00 00 00 00 00 00 00 00 00 00 00 00  ................
281e42f80  00 00 00 00 00 00 00 00 00 00 00 00 00 00 00 00  ................
281e42f90  00 00 00 00 00 00 00 00 00 00 00 00 00 00 00 00  ................
281e42fa0  00 00 00 00 00 00 00 00 00 00 00 00 00 00 00 00  ................
281e42fb0  00 00 00 00 00 00 00 00 00 00 00 00 00 00 00 00  ................
281e42fc0  00 00 00 00 00 00 00 00 00 00 00 00 00 00 00 00  ................
281e42fd0  00 00 00 00 00 00 00 00 00 00 00 00 00 00 00 00  ................
281e42fe0  00 00 00 00 00 00 00 00 00 00 00 00 00 00 00 00  ................
281e42ff0  00 00 00 00 00 00 00 00 00 00 00 00 00 00 00 00  ................
281e43000  00 00 00 00 00 00 00 00 00 00 00 00 00 00 00 00  ................
281e43010  00 00 00 00 00 00 00 00 00 00 00 00 00 00 00 00  ................
281e43020  00 00 00 00 00 00 00 00 00 00 00 00 00 00 00 00  ................
281e43030  00 00 00 00 00 00 00 00 00 00 00 00 00 00 00 00  ................
281e43040  00 00 00 00 00 00 00 00 00 00 00 00 00 00 00 00  ................
281e43050  00 00 00 00 00 00 00 00 00 00 00 00 00 00 00 00  ................
281e43060  00 00 00 00 00 00 00 00 00 00 00 00 00 00 00 00  ................
281e43070  00 00 00 00 00 00 00 00 00 00 00 00 00 00 00 00  ................
281e43080  00 00 00 00 00 00 00 00 00 00 00 00 00 00 00 00  ................
281e43090  00 00 00 00 00 00 00 00 00 00 00 00 00 00 00 00  ................
281e430a0  00 00 00 00 00 00 00 00 00 00 00 00 00 00 00 00  ................
281e430b0  00 00 00 00 00 00 00 00 00 00 00 00 00 00 00 00  ................
281e430c0  00 00 00 00 00 00 00 00 00 00 00 00 00 00 00 00  ................
281e430d0  00 00 00 00 00 00 00 00 00 00 00 00 00 00 00 00  ................
281e430e0  00 00 00 00 00 00 00 00 00 00 00 00 00 00 00 00  ................
281e430f0  00 00 00 00 00 00 00 00 00 00 00 00 00 00 00 00  ................
281e43100  00 00 00 00 00 00 00 00 00 00 00 00 00 00 00 00  ................
281e43110  00 00 00 00 00 00 00 00 00 00 00 00 00 00 00 00  ................
281e43120  00 00 00 00 00 00 00 00 00 00 00 00 00 00 00 00  ................
281e43130  00 00 00 00 00 00 00 00 00 00 00 00 00 00 00 00  ................
281e43140  00 00 00 00 00 00 00 00 00 00 00 00 00 00 00 00  ................
281e43150  00 00 00 00 00 00 00 00 00 00 00 00 00 00 00 00  ................
281e43160  00 00 00 00 00 00 00 00 00 00 00 00 00 00 00 00  ................
281e43170  00 00 00 00 00 00 00 00 00 00 00 00 00 00 00 00  ................
281e43180  00 00 00 00 00 00 00 00 00 00 00 00 00 00 00 00  ................
281e43190  00 00 00 00 00 00 00 00 00 00 00 00 00 00 00 00  ................
281e431a0  00 00 00 00 00 00 00 00 00 00 00 00 00 00 00 00  ................
281e431b0  00 00 00 00 00 00 00 00 00 00 00 00 00 00 00 00  ................

,	Aweme!0x3e70d08 this.args2 onLeave 0x3 0x3

,	Aweme!0x3e70d08 this.args3 onLeave 0x19ce510e0             0  1  2  3  4  5  6  7  8  9  A  B  C  D  E  F  0123456789ABCDEF
19ce510e0  f6 57 bd a9 f4 4f 01 a9 fd 7b 02 a9 fd 83 00 91  .W...O...{......
19ce510f0  f4 03 02 aa f3 03 01 aa f5 03 00 aa 21 02 00 b4  ............!...
19ce51100  68 fe 5d d3 1f 51 00 f1 c1 01 00 54 08 01 8e 52  h.]..Q.....T...R
19ce51110  a8 6a 68 38 68 02 18 37 9f 0e 40 f2 88 fe 44 d3  .jh8h..7..@...D.
19ce51120  08 05 88 1a 02 05 00 51 e0 03 15 aa e1 03 13 aa  .......Q........
19ce51130  fd 7b 42 a9 f4 4f 41 a9 f6 57 c3 a8 0e 00 00 14  .{B..OA..W......
19ce51140  a0 16 78 f9 03 3c 40 f9 e1 03 13 aa e2 03 14 aa  ..x..<@.........
19ce51150  fd 7b 42 a9 f4 4f 41 a9 f6 57 c3 a8 60 00 1f d6  .{B..OA..W..`...
19ce51160  a1 0a 80 52 e0 03 13 aa e2 03 14 aa f1 9b 00 94  ...R............
19ce51170  ea ff ff 17 fa 67 bb a9 f8 5f 01 a9 f6 57 02 a9  .....g..._...W..
19ce51180  f4 4f 03 a9 fd 7b 04 a9 fd 03 01 91 f4 03 02 aa  .O...{..........
19ce51190  f3 03 00 aa 35 c4 72 92 28 94 66 92 09 0c 78 f9  ....5.r.(.f...x.
19ce511a0  28 01 08 ca 29 7c 4e d3 2a 64 0e 53 29 2d 06 53  (...)|N.*d.S)-.S
19ce511b0  49 15 1a 33 16 49 29 8b c9 00 00 d0 29 81 25 91  I..3.I).....).%.
19ce511c0  c8 02 40 b9 38 59 62 b8 09 07 00 51 2a 00 15 4b  ..@.8Yb....Q*..K
19ce511d0  4b 6c 1c 53 6b 41 00 11 4a 0d cb 1a 4a 05 00 11  Kl.SkA..J...J...
19ce511e0  4a 29 00 12 6b ff 80 52 ac ff 80 52 0d 29 00 12  J)..k..R...R.)..
19ce511f0  0f 01 20 11 ee 25 15 12 10 01 01 12 11 01 48 11  .. ..%........H.
19ce51200  31 26 0b 12 0e 02 0e 2a ce 01 11 2a bf f1 1f 71  1&.....*...*...q
19ce51210  a0 01 00 54 ef 51 0b 53 ff 01 09 6b 41 01 00 54  ...T.Q.S...kA..T
19ce51220  1f 01 00 71 6d b1 8c 1a d9 01 0d 2a cd 7e 5f 88  ...qm......*.~_.
19ce51230  bf 01 08 6b 21 02 00 54 d9 7e 0d 88 8d ff ff 35  ...k!..T.~.....5
19ce51240  11 00 00 14 59 01 0e 2a bf f1 1f 71 6d 01 8d 1a  ....Y..*...qm...
19ce51250  2d 10 00 79 6d 12 78 f9 ad 01 01 ca 2d 00 00 f9  -..ym.x.....-...
19ce51260  cd 7e 5f 88 bf 01 08 6b 81 00 00 54 d9 fe 0d 88  .~_....k...T....
19ce51270  8d ff ff 35 14 00 00 14 5f 3f 03 d5 e8 03 0d aa  ...5...._?......
19ce51280  db ff ff 17 49 62 24 90 29 e9 43 b9 c9 01 00 35  ....Ib$.).C....5
19ce51290  a8 01 f8 37 08 0b 8e 52 77 02 08 8b a1 00 a0 52  ...7...Rw......R
19ce512a0  e0 03 17 aa 95 9e 00 94 e3 03 14 aa e0 03 13 aa  ................
19ce512b0  e1 03 16 aa e2 03 15 aa c3 01 00 94 e0 03 17 aa  ................
19ce512c0  97 9e 00 94 f9 01 f8 37 e8 03 00 32 14 21 d4 1a  .......7...2.!..
19ce512d0  88 00 8e 52 75 02 08 8b a8 02 40 79 88 02 08 0a  ...Ru.....@y....
19ce512e0  29 53 0b 53 20 01 62 1e 1f 01 00 71 01 03 62 1e  )S.S .b....q..b.
19ce512f0  02 10 6d 1e 21 08 62 1e 22 14 60 1e e9 00 00 54  ..m.!.b.".`....T
19ce51300  fd 7b 44 a9 f4 4f 43 a9 f6 57 42 a9 f8 5f 41 a9  .{D..OC..WB.._A.
19ce51310  fa 67 c5 a8 c0 03 5f d6 73 1e 40 91 a1 00 a0 52  .g...._.s.@....R
19ce51320  e0 03 13 aa 75 9e 00 94 a8 02 40 79 08 01 34 0a  ....u.....@y..4.
19ce51330  a8 02 00 79 e0 03 13 aa fd 7b 44 a9 f4 4f 43 a9  ...y.....{D..OC.
19ce51340  f6 57 42 a9 f8 5f 41 a9 fa 67 c5 a8 74 9e 00 14  .WB.._A..g..t...
19ce51350  ff c3 00 d1 f4 4f 01 a9 fd 7b 02 a9 fd 83 00 91  .....O...{......
19ce51360  f3 03 01 aa f4 03 00 aa e1 02 00 b4 68 fe 5d d3  ............h.].
19ce51370  1f 51 00 f1 81 02 00 54 02 00 80 52 e0 03 14 aa  .Q.....T...R....
19ce51380  e1 03 13 aa 8a fe ff 97 e0 01 00 b4 e8 03 00 aa  ................
19ce51390  09 01 8e 52 89 6a 69 38 49 02 18 37 1f 0d 40 f2  ...R.ji8I..7..@.
19ce513a0  08 fd 44 d3 08 05 88 1a 02 05 00 51 e0 03 14 aa  ..D........Q....
19ce513b0  e1 03 13 aa fd 7b 42 a9 f4 4f 41 a9 ff c3 00 91  .....{B..OA.....
19ce513c0  6d ff ff 17 80 16 78 f9 02 18 40 f9 e1 03 13 aa  m.....x...@.....
19ce513d0  fd 7b 42 a9 f4 4f 41 a9 ff c3 00 91 40 00 1f d6  .{B..OA.....@...
19ce513e0  a1 0a 80 52 e0 03 13 aa e8 07 00 f9 e2 03 08 aa  ...R............
19ce513f0  50 9b 00 94 e8 07 40 f9 e9 ff ff 17 f4 4f be a9  P.....@......O..
19ce51400  fd 7b 01 a9 fd 43 00 91 f3 03 02 aa f4 03 00 aa  .{...C..........
19ce51410  3f 04 00 f1 40 02 00 54 28 7c d3 9b ff 03 08 eb  ?...@..T(|......
19ce51420  21 01 00 54 33 7c 13 9b 48 de 1e b0 08 d1 43 f9  !..T3|..H.....C.
19ce51430  08 01 40 f9 09 00 80 92 28 05 08 ca 7f 02 08 eb  ..@.....(.......
19ce51440  e9 00 00 54 c0 be 03 94 e8 03 00 aa 00 00 80 d2  ...T............
19ce51450  e9 07 1e 32 09 01 00 b9 0c 00 00 14 7f 02 04 f1  ...2............
19ce51460  a8 01 00 54 68 3e 00 91 08 ed 7c 92 7f 46 00 f1  ...Th>....|..F..
19ce51470  e9 03 1c 32 21 31 88 9a e2 03 00 32 e0 03 14 aa  ...2!1.....2....
19ce51480  a8 fe ff 97 80 00 00 b4 fd 7b 41 a9 f4 4f c2 a8  .........{A..O..
19ce51490  c0 03 5f d6 80 16 78 f9 03 10 40 f9 e1 03 00 32  .._...x...@....2
19ce514a0  e2 03 13 aa fd 7b 41 a9 f4 4f c2 a8 60 00 1f d6  .....{A..O..`...
19ce514b0  f8 5f bc a9 f6 57 01 a9 f4 4f 02 a9 fd 7b 03 a9  ._...W...O...{..
19ce514c0  fd c3 00 91 f5 03 02 aa f4 03 00 aa c1 01 00 b4  ................
19ce514d0  f3 03 01 aa 02 00 80 52 e0 03 14 aa 34 fe ff 97  .......R....4...

,	Aweme!0x3e70d08 this.args4 onLeave 0x1 0x1

,retval onLeave: 0x1101cc000             0  1  2  3  4  5  6  7  8  9  A  B  C  D  E  F  0123456789ABCDEF
1101cc000  00 00 00 00 00 00 00 00 00 00 00 00 00 00 00 00  ................
1101cc010  68 0d e5 9c 01 00 00 00 94 0e e5 9c 01 00 00 00  h...............
1101cc020  fc 13 e5 9c 01 00 00 00 6c cf e5 9c 01 00 00 00  ........l.......
1101cc030  50 13 e5 9c 01 00 00 00 b0 14 e5 9c 01 00 00 00  P...............
1101cc040  78 cf e5 9c 01 00 00 00 00 40 62 80 02 00 00 00  x........@b.....
1101cc050  84 16 e5 9c 01 00 00 00 34 17 e5 9c 01 00 00 00  ........4.......
1101cc060  d8 aa a1 da 01 00 00 00 0c 00 00 00 00 00 00 00  ................
1101cc070  cc cf e5 9c 01 00 00 00 e0 10 e5 9c 01 00 00 00  ................
1101cc080  84 17 e5 9c 01 00 00 00 34 16 e5 9c 01 00 00 00  ........4.......
1101cc090  00 00 00 00 00 00 00 00 00 00 00 00 00 00 00 00  ................
1101cc0a0  00 00 00 00 00 00 00 00 00 00 00 00 00 00 00 00  ................
1101cc0b0  00 00 00 00 00 00 00 00 00 00 00 00 00 00 00 00  ................
1101cc0c0  00 00 00 00 00 00 00 00 00 00 00 00 00 00 00 00  ................
1101cc0d0  00 00 00 00 00 00 00 00 00 00 00 00 00 00 00 00  ................
1101cc0e0  00 00 00 00 00 00 00 00 00 00 00 00 00 00 00 00  ................
1101cc0f0  00 00 00 00 00 00 00 00 00 00 00 00 00 00 00 00  ................
1101cc100  00 00 00 00 00 00 00 00 00 00 00 00 00 00 00 00  ................
1101cc110  00 00 00 00 00 00 00 00 00 00 00 00 00 00 00 00  ................
1101cc120  00 00 00 00 00 00 00 00 00 00 00 00 00 00 00 00  ................
1101cc130  00 00 00 00 00 00 00 00 00 00 00 00 00 00 00 00  ................
1101cc140  00 00 00 00 00 00 00 00 00 00 00 00 00 00 00 00  ................
1101cc150  00 00 00 00 00 00 00 00 00 00 00 00 00 00 00 00  ................
1101cc160  00 00 00 00 00 00 00 00 00 00 00 00 00 00 00 00  ................
1101cc170  00 00 00 00 00 00 00 00 00 00 00 00 00 00 00 00  ................
1101cc180  00 00 00 00 00 00 00 00 00 00 00 00 00 00 00 00  ................
1101cc190  00 00 00 00 00 00 00 00 00 00 00 00 00 00 00 00  ................
1101cc1a0  00 00 00 00 00 00 00 00 00 00 00 00 00 00 00 00  ................
1101cc1b0  00 00 00 00 00 00 00 00 00 00 00 00 00 00 00 00  ................
1101cc1c0  00 00 00 00 00 00 00 00 00 00 00 00 00 00 00 00  ................
1101cc1d0  00 00 00 00 00 00 00 00 00 00 00 00 00 00 00 00  ................
1101cc1e0  00 00 00 00 00 00 00 00 00 00 00 00 00 00 00 00  ................
1101cc1f0  00 00 00 00 00 00 00 00 00 00 00 00 00 00 00 00  ................
1101cc200  00 00 00 00 00 00 00 00 00 00 00 00 00 00 00 00  ................
1101cc210  00 00 00 00 00 00 00 00 00 00 00 00 00 00 00 00  ................
1101cc220  00 00 00 00 00 00 00 00 00 00 00 00 00 00 00 00  ................
1101cc230  00 00 00 00 00 00 00 00 00 00 00 00 00 00 00 00  ................
1101cc240  00 00 00 00 00 00 00 00 00 00 00 00 00 00 00 00  ................
1101cc250  00 00 00 00 00 00 00 00 00 00 00 00 00 00 00 00  ................
1101cc260  00 00 00 00 00 00 00 00 00 00 00 00 00 00 00 00  ................
1101cc270  00 00 00 00 00 00 00 00 00 00 00 00 00 00 00 00  ................
1101cc280  00 00 00 00 00 00 00 00 00 00 00 00 00 00 00 00  ................
1101cc290  00 00 00 00 00 00 00 00 00 00 00 00 00 00 00 00  ................
1101cc2a0  00 00 00 00 00 00 00 00 00 00 00 00 00 00 00 00  ................
1101cc2b0  00 00 00 00 00 00 00 00 00 00 00 00 00 00 00 00  ................
1101cc2c0  00 00 00 00 00 00 00 00 00 00 00 00 00 00 00 00  ................
1101cc2d0  00 00 00 00 00 00 00 00 00 00 00 00 00 00 00 00  ................
1101cc2e0  00 00 00 00 00 00 00 00 00 00 00 00 00 00 00 00  ................
1101cc2f0  00 00 00 00 00 00 00 00 00 00 00 00 00 00 00 00  ................
1101cc300  00 00 00 00 00 00 00 00 00 00 00 00 00 00 00 00  ................
1101cc310  00 00 00 00 00 00 00 00 00 00 00 00 00 00 00 00  ................
1101cc320  00 00 00 00 00 00 00 00 00 00 00 00 00 00 00 00  ................
1101cc330  00 00 00 00 00 00 00 00 00 00 00 00 00 00 00 00  ................
1101cc340  00 00 00 00 00 00 00 00 00 00 00 00 00 00 00 00  ................
1101cc350  00 00 00 00 00 00 00 00 00 00 00 00 00 00 00 00  ................
1101cc360  00 00 00 00 00 00 00 00 00 00 00 00 00 00 00 00  ................
1101cc370  00 00 00 00 00 00 00 00 00 00 00 00 00 00 00 00  ................
1101cc380  00 00 00 00 00 00 00 00 00 00 00 00 00 00 00 00  ................
1101cc390  00 00 00 00 00 00 00 00 00 00 00 00 00 00 00 00  ................
1101cc3a0  00 00 00 00 00 00 00 00 00 00 00 00 00 00 00 00  ................
1101cc3b0  00 00 00 00 00 00 00 00 00 00 00 00 00 00 00 00  ................
1101cc3c0  00 00 00 00 00 00 00 00 00 00 00 00 00 00 00 00  ................
1101cc3d0  00 00 00 00 00 00 00 00 00 00 00 00 00 00 00 00  ................
1101cc3e0  00 00 00 00 00 00 00 00 00 00 00 00 00 00 00 00  ................
1101cc3f0  00 00 00 00 00 00 00 00 00 00 00 00 00 00 00 00  ................

call Aweme!0x3e70d08
,	Aweme!0x3e70d08 this.args0 0x280466930             0  1  2  3  4  5  6  7  8  9  A  B  C  D  E  F  0123456789ABCDEF
280466930  31 36 31 38 32 30 31 34 34 30 00 0a 01 00 00 00  1618201440......
280466940  55 53 45 52 2d 41 47 45 4e 54 00 81 02 00 00 00  USER-AGENT......
280466950  01 00 00 00 01 00 00 00 f4 00 00 d1 28 dd e9 f5  ............(...
280466960  01 00 00 00 01 00 00 00 33 02 00 00 45 4b 41 57  ........3...EKAW
280466970  c0 80 70 80 02 00 00 00 00 71 74 80 02 00 00 00  ..p......qt.....
280466980  01 00 00 00 01 00 00 00 3b 01 00 00 45 4b 41 57  ........;...EKAW
280466990  90 69 47 e3 3d e2 00 00 c7 02 00 00 00 00 00 00  .iG.=...........
2804669a0  a0 69 47 e3 3d e2 00 00 91 02 61 79 22 00 00 00  .iG.=.....ay"...
2804669b0  b0 69 47 e3 3d e2 00 00 42 02 00 00 45 4b 41 57  .iG.=...B...EKAW
2804669c0  82 f2 27 60 01 00 00 00 18 00 00 00 00 00 00 00  ..'`............
2804669d0  d0 69 47 e3 3d e2 00 00 27 01 6f 67 22 00 be f3  .iG.=...'.og"...
2804669e0  e0 69 47 e3 3d e2 00 00 53 02 73 22 00 00 00 00  .iG.=...S.s"....
2804669f0  01 00 00 00 01 00 00 00 40 02 00 00 02 00 00 00  ........@.......
280466a00  02 00 00 00 01 00 00 00 06 00 61 80 02 00 00 00  ..........a.....
280466a10  00 00 00 00 00 00 00 00 4c 02 00 00 00 00 00 00  ........L.......
280466a20  e9 b6 3d 0c a1 01 00 00 00 00 00 00 00 00 00 00  ..=.............
280466a30  61 1b aa e5 a1 01 00 00 9c b5 0e 81 79 98 be f3  a...........y...
280466a40  e9 b6 3d 0c a1 01 00 00 00 00 00 00 00 00 00 00  ..=.............
280466a50  e9 b6 3d 0c a1 01 00 00 00 00 00 00 00 00 00 00  ..=.............
280466a60  61 1b aa e5 a1 01 00 00 9c b5 0e 81 79 98 be f3  a...........y...
280466a70  e9 b6 3d 0c a1 01 00 00 00 00 00 00 00 00 00 00  ..=.............
280466a80  61 1b aa e5 a1 01 00 00 9c b5 0e 81 79 98 be f3  a...........y...
280466a90  61 1b aa e5 a1 01 00 00 9c b5 0e 81 79 98 be f3  a...........y...
280466aa0  00 00 00 00 00 00 00 00 59 02 a4 da 01 00 00 00  ........Y.......
280466ab0  b0 6a 47 e3 3d e2 00 00 74 02 00 00 00 00 00 00  .jG.=...t.......
280466ac0  c0 6a 47 e3 3d e2 00 00 e9 00 22 00 02 00 00 00  .jG.=.....".....
280466ad0  01 00 00 00 2b 00 00 00 5a 00 de 5f 01 00 00 00  ....+...Z.._....
280466ae0  e0 6a 47 e3 3d e2 00 00 9c 02 00 00 00 00 00 00  .jG.=...........
280466af0  f0 6a 47 e3 3d e2 00 00 00 01 63 6f 6e 22 00 00  .jG.=.....con"..
280466b00  00 6b 47 e3 3d e2 00 00 b2 02 00 00 00 00 00 00  .kG.=...........
280466b10  10 6b 47 e3 3d e2 00 00 b3 02 00 00 00 00 00 00  .kG.=...........
280466b20  20 6b 47 e3 3d e2 00 00 43 00 00 00 00 00 00 00   kG.=...C.......
280466b30  30 6b 47 e3 3d e2 00 00 b1 02 00 00 00 00 00 00  0kG.=...........
280466b40  40 6b 47 e3 3d e2 00 00 b6 02 00 00 00 00 00 00  @kG.=...........
280466b50  50 6b 47 e3 3d e2 00 00 b7 02 00 00 00 00 00 00  PkG.=...........
280466b60  60 6b 47 e3 3d e2 00 00 b8 02 00 00 00 00 00 00  `kG.=...........
280466b70  70 6b 47 e3 3d e2 00 00 c1 02 00 00 00 00 00 00  pkG.=...........
280466b80  80 6b 47 e3 3d e2 00 00 bb 02 00 00 00 00 00 00  .kG.=...........
280466b90  90 6b 47 e3 3d e2 00 00 b9 02 6e 80 02 00 00 00  .kG.=.....n.....
280466ba0  a0 6b 47 e3 3d e2 00 00 bd 02 6e 80 02 00 00 00  .kG.=.....n.....
280466bb0  b0 6b 47 e3 3d e2 00 00 ba 02 00 00 00 00 00 00  .kG.=...........
280466bc0  c0 6b 47 e3 3d e2 00 00 b4 02 00 00 00 00 00 00  .kG.=...........
280466bd0  d0 6b 47 e3 3d e2 00 00 bc 02 00 00 00 00 00 00  .kG.=...........
280466be0  e0 6b 47 e3 3d e2 00 00 be 02 6e 80 02 00 00 00  .kG.=.....n.....
280466bf0  f0 6b 47 e3 3d e2 00 00 c2 02 00 00 00 00 00 00  .kG.=...........
280466c00  00 6c 47 e3 3d e2 00 00 c0 02 00 00 00 00 00 00  .lG.=...........
280466c10  10 6c 47 e3 3d e2 00 00 c5 02 00 00 00 00 00 00  .lG.=...........
280466c20  20 6c 47 e3 3d e2 00 00 4a 02 73 80 02 00 00 00   lG.=...J.s.....
280466c30  30 6c 47 e3 3d e2 00 00 9a 02 73 80 02 00 00 00  0lG.=.....s.....
280466c40  40 6c 47 e3 3d e2 00 00 d1 02 00 00 00 00 00 00  @lG.=...........
280466c50  50 6c 47 e3 3d e2 00 00 54 01 5f 64 69 72 22 00  PlG.=...T._dir".
280466c60  60 6c 47 e3 3d e2 00 00 c3 02 00 00 00 00 00 00  `lG.=...........
280466c70  70 6c 47 e3 3d e2 00 00 ca 02 00 00 00 00 00 00  plG.=...........
280466c80  80 6c 47 e3 3d e2 00 00 c8 02 00 00 00 00 00 00  .lG.=...........
280466c90  90 6c 47 e3 3d e2 00 00 fb 07 32 38 00 00 00 00  .lG.=.....28....
280466ca0  a0 6c 47 e3 3d e2 00 00 cf 02 e0 81 02 00 00 00  .lG.=...........
280466cb0  b0 6c 47 e3 3d e2 00 00 d0 02 91 80 02 00 00 00  .lG.=...........
280466cc0  c0 6c 47 e3 3d e2 00 00 c9 02 00 00 00 00 00 00  .lG.=...........
280466cd0  d0 6c 47 e3 3d e2 00 00 cd 02 00 00 00 00 00 00  .lG.=...........
280466ce0  e0 6c 47 e3 3d e2 00 00 ce 02 00 00 00 00 00 00  .lG.=...........
280466cf0  f0 6c 47 e3 3d e2 00 00 cb 02 00 00 00 00 00 00  .lG.=...........
280466d00  00 6d 47 e3 3d e2 00 00 cc 02 00 00 00 00 00 00  .mG.=...........
280466d10  00 00 00 00 00 00 00 00 00 00 00 00 00 00 00 00  ................
280466d20  00 00 00 00 00 00 00 00 00 00 00 00 00 00 00 00  ................

,	Aweme!0x3e70d08 this.args1 0x2804653f0             0  1  2  3  4  5  6  7  8  9  A  B  C  D  E  F  0123456789ABCDEF
2804653f0  f0 53 47 e3 3d e2 00 00 37 02 00 00 00 00 00 00  .SG.=...7.......
280465400  00 00 00 00 00 00 00 00 40 01 9e f1 3c 9b be f3  ........@...<...
280465410  0f f1 27 60 01 00 00 00 0a 00 00 00 00 00 00 00  ..'`............
280465420  2d 0a 7c 57 7c 0a 7c 57 7c 01 00 00 00 00 00 00  -.|W|.|W|.......
280465430  00 00 00 00 01 00 01 00 00 00 00 00 00 00 00 00  ................
280465440  b0 84 a3 80 02 00 00 00 c0 ea a3 80 02 00 00 00  ................
280465450  00 a8 6f 80 02 00 00 00 00 00 00 00 00 00 00 00  ..o.............
280465460  40 98 6f 80 02 00 00 00 00 00 00 00 00 00 00 00  @.o.............
280465470  61 1b aa e5 a1 21 00 00 60 67 70 83 02 00 00 00  a....!..`gp.....
280465480  20 b1 6f 80 02 00 00 00 00 00 00 00 00 00 00 00   .o.............
280465490  61 1b aa e5 a1 21 00 00 e0 69 70 83 02 00 00 00  a....!...ip.....
2804654a0  01 00 00 00 00 00 00 00 00 00 00 00 00 00 00 00  ................
2804654b0  70 a8 de 5f 01 00 00 00 00 d8 da 5f 01 00 00 00  p.._......._....
2804654c0  00 00 00 00 00 00 00 00 24 01 6e 3a 20 32 00 00  ........$.n: 2..
2804654d0  61 1b aa e5 a1 21 00 00 40 69 70 83 02 00 00 00  a....!..@ip.....
2804654e0  1d 36 48 0c a1 01 00 00 90 54 46 80 02 00 00 00  .6H......TF.....
2804654f0  00 c4 e0 81 02 00 00 00 00 00 00 00 00 00 00 00  ................
280465500  00 55 47 e3 3d e2 00 00 25 01 61 6c 6c 72 22 00  .UG.=...%.allr".
280465510  10 55 47 e3 3d e2 00 00 41 00 00 00 00 00 00 00  .UG.=...A.......
280465520  61 1b aa e5 a1 41 00 00 c0 b0 73 83 02 00 00 00  a....A....s.....
280465530  30 55 47 e3 3d e2 00 00 33 02 00 00 00 00 00 00  0UG.=...3.......
280465540  61 1b aa e5 a1 41 00 00 c0 75 70 83 02 00 00 00  a....A...up.....
280465550  61 1b aa e5 a1 21 00 00 c0 6b 70 83 02 00 00 00  a....!...kp.....
280465560  1d 36 48 0c a1 01 00 00 00 5a 46 80 02 00 00 00  .6H......ZF.....
280465570  61 1b aa e5 a1 21 00 00 20 66 70 83 02 00 00 00  a....!.. fp.....
280465580  61 1b aa e5 a1 21 00 00 20 6b 70 83 02 00 00 00  a....!.. kp.....
280465590  1d 36 48 0c a1 01 00 00 80 55 46 80 02 00 00 00  .6H......UF.....
2804655a0  1d 36 48 0c a1 01 00 00 d0 54 46 80 02 00 00 00  .6H......TF.....
2804655b0  61 1b aa e5 a1 21 00 00 20 70 70 83 02 00 00 00  a....!.. pp.....
2804655c0  61 1b aa e5 a1 21 00 00 80 6a 70 83 02 00 00 00  a....!...jp.....
2804655d0  1d 36 48 0c a1 01 00 00 50 55 46 80 02 00 00 00  .6H.....PUF.....
2804655e0  61 1b aa e5 a1 21 00 00 00 6d 70 83 02 00 00 00  a....!...mp.....
2804655f0  1d 36 48 0c a1 01 00 00 20 43 46 80 02 00 00 00  .6H..... CF.....
280465600  1d 36 48 0c a1 01 00 00 e0 55 46 80 02 00 00 00  .6H......UF.....
280465610  1d 36 48 0c a1 01 00 00 40 55 46 80 02 00 00 00  .6H.....@UF.....
280465620  1d 36 48 0c a1 01 00 00 40 62 46 80 02 00 00 00  .6H.....@bF.....
280465630  1d 36 48 0c a1 01 00 00 e0 58 46 80 02 00 00 00  .6H......XF.....
280465640  1d 36 48 0c a1 01 00 00 d0 56 46 80 02 00 00 00  .6H......VF.....
280465650  61 1b aa e5 a1 21 00 00 20 75 70 83 02 00 00 00  a....!.. up.....
280465660  1d 36 48 0c a1 01 00 00 40 57 46 80 02 00 00 00  .6H.....@WF.....
280465670  61 1b aa e5 a1 21 00 00 40 6e 70 83 02 00 00 00  a....!..@np.....
280465680  1d 36 48 0c a1 01 00 00 70 56 46 80 02 00 00 00  .6H.....pVF.....
280465690  61 1b aa e5 a1 21 00 00 a0 6d 70 83 02 00 00 00  a....!...mp.....
2804656a0  1d 36 48 0c a1 01 00 00 20 5c 46 80 02 00 00 00  .6H..... \F.....
2804656b0  a0 8d 6e 80 02 00 00 00 00 00 00 00 00 00 00 00  ..n.............
2804656c0  1d 36 48 0c a1 01 00 00 90 57 46 80 02 00 00 00  .6H......WF.....
2804656d0  61 1b aa e5 a1 21 00 00 e0 6e 70 83 02 00 00 00  a....!...np.....
2804656e0  1d 36 48 0c a1 01 00 00 f0 56 46 80 02 00 00 00  .6H......VF.....
2804656f0  61 1b aa e5 a1 21 00 00 80 6f 70 83 02 00 00 00  a....!...op.....
280465700  1d 36 48 0c a1 01 00 00 80 57 46 80 02 00 00 00  .6H......WF.....
280465710  1d 36 48 0c a1 01 00 00 b0 55 46 80 02 00 00 00  .6H......UF.....
280465720  1d 36 48 0c a1 01 00 00 50 56 46 80 02 00 00 00  .6H.....PVF.....
280465730  61 1b aa e5 a1 21 00 00 40 73 70 83 02 00 00 00  a....!..@sp.....
280465740  61 1b aa e5 a1 21 00 00 80 74 70 83 02 00 00 00  a....!...tp.....
280465750  1d 36 48 0c a1 01 00 00 50 58 46 80 02 00 00 00  .6H.....PXF.....
280465760  61 1b aa e5 a1 41 00 00 40 78 70 83 02 00 00 00  a....A..@xp.....
280465770  61 1b aa e5 a1 41 00 00 20 7a 70 83 02 00 00 00  a....A.. zp.....
280465780  61 1b aa e5 a1 21 00 00 c0 70 70 83 02 00 00 00  a....!...pp.....
280465790  61 1b aa e5 a1 21 00 00 e0 73 70 83 02 00 00 00  a....!...sp.....
2804657a0  00 9b 6f 80 02 00 00 00 00 00 00 00 00 00 00 00  ..o.............
2804657b0  61 1b aa e5 a1 21 00 00 a0 72 70 83 02 00 00 00  a....!...rp.....
2804657c0  1d 36 48 0c a1 01 00 00 b0 57 46 80 02 00 00 00  .6H......WF.....
2804657d0  61 1b aa e5 a1 21 00 00 00 72 70 83 02 00 00 00  a....!...rp.....
2804657e0  1d 36 48 0c a1 01 00 00 d0 57 46 80 02 00 00 00  .6H......WF.....

,	Aweme!0x3e70d08 this.args2 0x0 0x0

,	Aweme!0x3e70d08 this.args3 0x19ce510e0             0  1  2  3  4  5  6  7  8  9  A  B  C  D  E  F  0123456789ABCDEF
19ce510e0  f6 57 bd a9 f4 4f 01 a9 fd 7b 02 a9 fd 83 00 91  .W...O...{......
19ce510f0  f4 03 02 aa f3 03 01 aa f5 03 00 aa 21 02 00 b4  ............!...
19ce51100  68 fe 5d d3 1f 51 00 f1 c1 01 00 54 08 01 8e 52  h.]..Q.....T...R
19ce51110  a8 6a 68 38 68 02 18 37 9f 0e 40 f2 88 fe 44 d3  .jh8h..7..@...D.
19ce51120  08 05 88 1a 02 05 00 51 e0 03 15 aa e1 03 13 aa  .......Q........
19ce51130  fd 7b 42 a9 f4 4f 41 a9 f6 57 c3 a8 0e 00 00 14  .{B..OA..W......
19ce51140  a0 16 78 f9 03 3c 40 f9 e1 03 13 aa e2 03 14 aa  ..x..<@.........
19ce51150  fd 7b 42 a9 f4 4f 41 a9 f6 57 c3 a8 60 00 1f d6  .{B..OA..W..`...
19ce51160  a1 0a 80 52 e0 03 13 aa e2 03 14 aa f1 9b 00 94  ...R............
19ce51170  ea ff ff 17 fa 67 bb a9 f8 5f 01 a9 f6 57 02 a9  .....g..._...W..
19ce51180  f4 4f 03 a9 fd 7b 04 a9 fd 03 01 91 f4 03 02 aa  .O...{..........
19ce51190  f3 03 00 aa 35 c4 72 92 28 94 66 92 09 0c 78 f9  ....5.r.(.f...x.
19ce511a0  28 01 08 ca 29 7c 4e d3 2a 64 0e 53 29 2d 06 53  (...)|N.*d.S)-.S
19ce511b0  49 15 1a 33 16 49 29 8b c9 00 00 d0 29 81 25 91  I..3.I).....).%.
19ce511c0  c8 02 40 b9 38 59 62 b8 09 07 00 51 2a 00 15 4b  ..@.8Yb....Q*..K
19ce511d0  4b 6c 1c 53 6b 41 00 11 4a 0d cb 1a 4a 05 00 11  Kl.SkA..J...J...
19ce511e0  4a 29 00 12 6b ff 80 52 ac ff 80 52 0d 29 00 12  J)..k..R...R.)..
19ce511f0  0f 01 20 11 ee 25 15 12 10 01 01 12 11 01 48 11  .. ..%........H.
19ce51200  31 26 0b 12 0e 02 0e 2a ce 01 11 2a bf f1 1f 71  1&.....*...*...q
19ce51210  a0 01 00 54 ef 51 0b 53 ff 01 09 6b 41 01 00 54  ...T.Q.S...kA..T
19ce51220  1f 01 00 71 6d b1 8c 1a d9 01 0d 2a cd 7e 5f 88  ...qm......*.~_.
19ce51230  bf 01 08 6b 21 02 00 54 d9 7e 0d 88 8d ff ff 35  ...k!..T.~.....5
19ce51240  11 00 00 14 59 01 0e 2a bf f1 1f 71 6d 01 8d 1a  ....Y..*...qm...
19ce51250  2d 10 00 79 6d 12 78 f9 ad 01 01 ca 2d 00 00 f9  -..ym.x.....-...
19ce51260  cd 7e 5f 88 bf 01 08 6b 81 00 00 54 d9 fe 0d 88  .~_....k...T....
19ce51270  8d ff ff 35 14 00 00 14 5f 3f 03 d5 e8 03 0d aa  ...5...._?......
19ce51280  db ff ff 17 49 62 24 90 29 e9 43 b9 c9 01 00 35  ....Ib$.).C....5
19ce51290  a8 01 f8 37 08 0b 8e 52 77 02 08 8b a1 00 a0 52  ...7...Rw......R
19ce512a0  e0 03 17 aa 95 9e 00 94 e3 03 14 aa e0 03 13 aa  ................
19ce512b0  e1 03 16 aa e2 03 15 aa c3 01 00 94 e0 03 17 aa  ................
19ce512c0  97 9e 00 94 f9 01 f8 37 e8 03 00 32 14 21 d4 1a  .......7...2.!..
19ce512d0  88 00 8e 52 75 02 08 8b a8 02 40 79 88 02 08 0a  ...Ru.....@y....
19ce512e0  29 53 0b 53 20 01 62 1e 1f 01 00 71 01 03 62 1e  )S.S .b....q..b.
19ce512f0  02 10 6d 1e 21 08 62 1e 22 14 60 1e e9 00 00 54  ..m.!.b.".`....T
19ce51300  fd 7b 44 a9 f4 4f 43 a9 f6 57 42 a9 f8 5f 41 a9  .{D..OC..WB.._A.
19ce51310  fa 67 c5 a8 c0 03 5f d6 73 1e 40 91 a1 00 a0 52  .g...._.s.@....R
19ce51320  e0 03 13 aa 75 9e 00 94 a8 02 40 79 08 01 34 0a  ....u.....@y..4.
19ce51330  a8 02 00 79 e0 03 13 aa fd 7b 44 a9 f4 4f 43 a9  ...y.....{D..OC.
19ce51340  f6 57 42 a9 f8 5f 41 a9 fa 67 c5 a8 74 9e 00 14  .WB.._A..g..t...
19ce51350  ff c3 00 d1 f4 4f 01 a9 fd 7b 02 a9 fd 83 00 91  .....O...{......
19ce51360  f3 03 01 aa f4 03 00 aa e1 02 00 b4 68 fe 5d d3  ............h.].
19ce51370  1f 51 00 f1 81 02 00 54 02 00 80 52 e0 03 14 aa  .Q.....T...R....
19ce51380  e1 03 13 aa 8a fe ff 97 e0 01 00 b4 e8 03 00 aa  ................
19ce51390  09 01 8e 52 89 6a 69 38 49 02 18 37 1f 0d 40 f2  ...R.ji8I..7..@.
19ce513a0  08 fd 44 d3 08 05 88 1a 02 05 00 51 e0 03 14 aa  ..D........Q....
19ce513b0  e1 03 13 aa fd 7b 42 a9 f4 4f 41 a9 ff c3 00 91  .....{B..OA.....
19ce513c0  6d ff ff 17 80 16 78 f9 02 18 40 f9 e1 03 13 aa  m.....x...@.....
19ce513d0  fd 7b 42 a9 f4 4f 41 a9 ff c3 00 91 40 00 1f d6  .{B..OA.....@...
19ce513e0  a1 0a 80 52 e0 03 13 aa e8 07 00 f9 e2 03 08 aa  ...R............
19ce513f0  50 9b 00 94 e8 07 40 f9 e9 ff ff 17 f4 4f be a9  P.....@......O..
19ce51400  fd 7b 01 a9 fd 43 00 91 f3 03 02 aa f4 03 00 aa  .{...C..........
19ce51410  3f 04 00 f1 40 02 00 54 28 7c d3 9b ff 03 08 eb  ?...@..T(|......
19ce51420  21 01 00 54 33 7c 13 9b 48 de 1e b0 08 d1 43 f9  !..T3|..H.....C.
19ce51430  08 01 40 f9 09 00 80 92 28 05 08 ca 7f 02 08 eb  ..@.....(.......
19ce51440  e9 00 00 54 c0 be 03 94 e8 03 00 aa 00 00 80 d2  ...T............
19ce51450  e9 07 1e 32 09 01 00 b9 0c 00 00 14 7f 02 04 f1  ...2............
19ce51460  a8 01 00 54 68 3e 00 91 08 ed 7c 92 7f 46 00 f1  ...Th>....|..F..
19ce51470  e9 03 1c 32 21 31 88 9a e2 03 00 32 e0 03 14 aa  ...2!1.....2....
19ce51480  a8 fe ff 97 80 00 00 b4 fd 7b 41 a9 f4 4f c2 a8  .........{A..O..
19ce51490  c0 03 5f d6 80 16 78 f9 03 10 40 f9 e1 03 00 32  .._...x...@....2
19ce514a0  e2 03 13 aa fd 7b 41 a9 f4 4f c2 a8 60 00 1f d6  .....{A..O..`...
19ce514b0  f8 5f bc a9 f6 57 01 a9 f4 4f 02 a9 fd 7b 03 a9  ._...W...O...{..
19ce514c0  fd c3 00 91 f5 03 02 aa f4 03 00 aa c1 01 00 b4  ................
19ce514d0  f3 03 01 aa 02 00 80 52 e0 03 14 aa 34 fe ff 97  .......R....4...

,	Aweme!0x3e70d08 this.args4 0x1 0x1

,	Aweme!0x3e70d08 this.args0 onLeave 0x280466930             0  1  2  3  4  5  6  7  8  9  A  B  C  D  E  F  0123456789ABCDEF
280466930  31 36 31 38 32 30 31 34 34 30 00 0a 01 00 00 00  1618201440......
280466940  55 53 45 52 2d 41 47 45 4e 54 00 81 02 00 00 00  USER-AGENT......
280466950  01 00 00 00 01 00 00 00 f4 00 00 d1 28 dd e9 f5  ............(...
280466960  01 00 00 00 01 00 00 00 33 02 00 00 45 4b 41 57  ........3...EKAW
280466970  c0 80 70 80 02 00 00 00 00 71 74 80 02 00 00 00  ..p......qt.....
280466980  01 00 00 00 01 00 00 00 3b 01 00 00 45 4b 41 57  ........;...EKAW
280466990  90 69 47 e3 3d e2 00 00 c7 02 00 00 00 00 00 00  .iG.=...........
2804669a0  a0 69 47 e3 3d e2 00 00 91 02 61 79 22 00 00 00  .iG.=.....ay"...
2804669b0  b0 69 47 e3 3d e2 00 00 42 02 00 00 45 4b 41 57  .iG.=...B...EKAW
2804669c0  82 f2 27 60 01 00 00 00 18 00 00 00 00 00 00 00  ..'`............
2804669d0  d0 69 47 e3 3d e2 00 00 27 01 6f 67 22 00 be f3  .iG.=...'.og"...
2804669e0  e0 69 47 e3 3d e2 00 00 53 02 73 22 00 00 00 00  .iG.=...S.s"....
2804669f0  01 00 00 00 01 00 00 00 40 02 00 00 02 00 00 00  ........@.......
280466a00  02 00 00 00 01 00 00 00 06 00 61 80 02 00 00 00  ..........a.....
280466a10  00 00 00 00 00 00 00 00 4c 02 00 00 00 00 00 00  ........L.......
280466a20  e9 b6 3d 0c a1 01 00 00 00 00 00 00 00 00 00 00  ..=.............
280466a30  61 1b aa e5 a1 01 00 00 9c b5 0e 81 79 98 be f3  a...........y...
280466a40  e9 b6 3d 0c a1 01 00 00 00 00 00 00 00 00 00 00  ..=.............
280466a50  e9 b6 3d 0c a1 01 00 00 00 00 00 00 00 00 00 00  ..=.............
280466a60  61 1b aa e5 a1 01 00 00 9c b5 0e 81 79 98 be f3  a...........y...
280466a70  e9 b6 3d 0c a1 01 00 00 00 00 00 00 00 00 00 00  ..=.............
280466a80  61 1b aa e5 a1 01 00 00 9c b5 0e 81 79 98 be f3  a...........y...
280466a90  61 1b aa e5 a1 01 00 00 9c b5 0e 81 79 98 be f3  a...........y...
280466aa0  00 00 00 00 00 00 00 00 59 02 a4 da 01 00 00 00  ........Y.......
280466ab0  b0 6a 47 e3 3d e2 00 00 74 02 00 00 00 00 00 00  .jG.=...t.......
280466ac0  c0 6a 47 e3 3d e2 00 00 e9 00 22 00 02 00 00 00  .jG.=.....".....
280466ad0  01 00 00 00 2b 00 00 00 5a 00 de 5f 01 00 00 00  ....+...Z.._....
280466ae0  e0 6a 47 e3 3d e2 00 00 9c 02 00 00 00 00 00 00  .jG.=...........
280466af0  f0 6a 47 e3 3d e2 00 00 00 01 63 6f 6e 22 00 00  .jG.=.....con"..
280466b00  00 6b 47 e3 3d e2 00 00 b2 02 00 00 00 00 00 00  .kG.=...........
280466b10  10 6b 47 e3 3d e2 00 00 b3 02 00 00 00 00 00 00  .kG.=...........
280466b20  20 6b 47 e3 3d e2 00 00 43 00 00 00 00 00 00 00   kG.=...C.......
280466b30  30 6b 47 e3 3d e2 00 00 b1 02 00 00 00 00 00 00  0kG.=...........
280466b40  40 6b 47 e3 3d e2 00 00 b6 02 00 00 00 00 00 00  @kG.=...........
280466b50  50 6b 47 e3 3d e2 00 00 b7 02 00 00 00 00 00 00  PkG.=...........
280466b60  60 6b 47 e3 3d e2 00 00 b8 02 00 00 00 00 00 00  `kG.=...........
280466b70  70 6b 47 e3 3d e2 00 00 c1 02 00 00 00 00 00 00  pkG.=...........
280466b80  80 6b 47 e3 3d e2 00 00 bb 02 00 00 00 00 00 00  .kG.=...........
280466b90  90 6b 47 e3 3d e2 00 00 b9 02 6e 80 02 00 00 00  .kG.=.....n.....
280466ba0  a0 6b 47 e3 3d e2 00 00 bd 02 6e 80 02 00 00 00  .kG.=.....n.....
280466bb0  b0 6b 47 e3 3d e2 00 00 ba 02 00 00 00 00 00 00  .kG.=...........
280466bc0  c0 6b 47 e3 3d e2 00 00 b4 02 00 00 00 00 00 00  .kG.=...........
280466bd0  d0 6b 47 e3 3d e2 00 00 bc 02 00 00 00 00 00 00  .kG.=...........
280466be0  e0 6b 47 e3 3d e2 00 00 be 02 6e 80 02 00 00 00  .kG.=.....n.....
280466bf0  f0 6b 47 e3 3d e2 00 00 c2 02 00 00 00 00 00 00  .kG.=...........
280466c00  00 6c 47 e3 3d e2 00 00 c0 02 00 00 00 00 00 00  .lG.=...........
280466c10  10 6c 47 e3 3d e2 00 00 c5 02 00 00 00 00 00 00  .lG.=...........
280466c20  20 6c 47 e3 3d e2 00 00 4a 02 73 80 02 00 00 00   lG.=...J.s.....
280466c30  30 6c 47 e3 3d e2 00 00 9a 02 73 80 02 00 00 00  0lG.=.....s.....
280466c40  40 6c 47 e3 3d e2 00 00 d1 02 00 00 00 00 00 00  @lG.=...........
280466c50  50 6c 47 e3 3d e2 00 00 54 01 5f 64 69 72 22 00  PlG.=...T._dir".
280466c60  60 6c 47 e3 3d e2 00 00 c3 02 00 00 00 00 00 00  `lG.=...........
280466c70  70 6c 47 e3 3d e2 00 00 ca 02 00 00 00 00 00 00  plG.=...........
280466c80  80 6c 47 e3 3d e2 00 00 c8 02 00 00 00 00 00 00  .lG.=...........
280466c90  90 6c 47 e3 3d e2 00 00 fb 07 32 38 00 00 00 00  .lG.=.....28....
280466ca0  a0 6c 47 e3 3d e2 00 00 cf 02 e0 81 02 00 00 00  .lG.=...........
280466cb0  b0 6c 47 e3 3d e2 00 00 d0 02 91 80 02 00 00 00  .lG.=...........
280466cc0  c0 6c 47 e3 3d e2 00 00 c9 02 00 00 00 00 00 00  .lG.=...........
280466cd0  d0 6c 47 e3 3d e2 00 00 cd 02 00 00 00 00 00 00  .lG.=...........
280466ce0  e0 6c 47 e3 3d e2 00 00 ce 02 00 00 00 00 00 00  .lG.=...........
280466cf0  f0 6c 47 e3 3d e2 00 00 cb 02 00 00 00 00 00 00  .lG.=...........
280466d00  00 6d 47 e3 3d e2 00 00 cc 02 00 00 00 00 00 00  .mG.=...........
280466d10  00 00 00 00 00 00 00 00 00 00 00 00 00 00 00 00  ................
280466d20  00 00 00 00 00 00 00 00 00 00 00 00 00 00 00 00  ................

,	Aweme!0x3e70d08 this.args1 onLeave 0x2804653f0             0  1  2  3  4  5  6  7  8  9  A  B  C  D  E  F  0123456789ABCDEF
2804653f0  f0 53 47 e3 3d e2 00 00 37 02 00 00 00 00 00 00  .SG.=...7.......
280465400  00 00 00 00 00 00 00 00 40 01 9e f1 3c 9b be f3  ........@...<...
280465410  0f f1 27 60 01 00 00 00 0a 00 00 00 00 00 00 00  ..'`............
280465420  2d 0a 7c 57 7c 0a 7c 57 7c 01 00 00 00 00 00 00  -.|W|.|W|.......
280465430  00 00 00 00 01 00 01 00 00 00 00 00 00 00 00 00  ................
280465440  b0 84 a3 80 02 00 00 00 c0 ea a3 80 02 00 00 00  ................
280465450  00 a8 6f 80 02 00 00 00 00 00 00 00 00 00 00 00  ..o.............
280465460  40 98 6f 80 02 00 00 00 00 00 00 00 00 00 00 00  @.o.............
280465470  61 1b aa e5 a1 21 00 00 60 67 70 83 02 00 00 00  a....!..`gp.....
280465480  20 b1 6f 80 02 00 00 00 00 00 00 00 00 00 00 00   .o.............
280465490  61 1b aa e5 a1 21 00 00 e0 69 70 83 02 00 00 00  a....!...ip.....
2804654a0  01 00 00 00 00 00 00 00 00 00 00 00 00 00 00 00  ................
2804654b0  70 a8 de 5f 01 00 00 00 00 d8 da 5f 01 00 00 00  p.._......._....
2804654c0  00 00 00 00 00 00 00 00 24 01 6e 3a 20 32 00 00  ........$.n: 2..
2804654d0  61 1b aa e5 a1 21 00 00 40 69 70 83 02 00 00 00  a....!..@ip.....
2804654e0  1d 36 48 0c a1 01 00 00 90 54 46 80 02 00 00 00  .6H......TF.....
2804654f0  00 c4 e0 81 02 00 00 00 00 00 00 00 00 00 00 00  ................
280465500  00 55 47 e3 3d e2 00 00 25 01 61 6c 6c 72 22 00  .UG.=...%.allr".
280465510  10 55 47 e3 3d e2 00 00 41 00 00 00 00 00 00 00  .UG.=...A.......
280465520  61 1b aa e5 a1 41 00 00 c0 b0 73 83 02 00 00 00  a....A....s.....
280465530  30 55 47 e3 3d e2 00 00 33 02 00 00 00 00 00 00  0UG.=...3.......
280465540  61 1b aa e5 a1 41 00 00 c0 75 70 83 02 00 00 00  a....A...up.....
280465550  61 1b aa e5 a1 21 00 00 c0 6b 70 83 02 00 00 00  a....!...kp.....
280465560  1d 36 48 0c a1 01 00 00 00 5a 46 80 02 00 00 00  .6H......ZF.....
280465570  61 1b aa e5 a1 21 00 00 20 66 70 83 02 00 00 00  a....!.. fp.....
280465580  61 1b aa e5 a1 21 00 00 20 6b 70 83 02 00 00 00  a....!.. kp.....
280465590  1d 36 48 0c a1 01 00 00 80 55 46 80 02 00 00 00  .6H......UF.....
2804655a0  1d 36 48 0c a1 01 00 00 d0 54 46 80 02 00 00 00  .6H......TF.....
2804655b0  61 1b aa e5 a1 21 00 00 20 70 70 83 02 00 00 00  a....!.. pp.....
2804655c0  61 1b aa e5 a1 21 00 00 80 6a 70 83 02 00 00 00  a....!...jp.....
2804655d0  1d 36 48 0c a1 01 00 00 50 55 46 80 02 00 00 00  .6H.....PUF.....
2804655e0  61 1b aa e5 a1 21 00 00 00 6d 70 83 02 00 00 00  a....!...mp.....
2804655f0  1d 36 48 0c a1 01 00 00 20 43 46 80 02 00 00 00  .6H..... CF.....
280465600  1d 36 48 0c a1 01 00 00 e0 55 46 80 02 00 00 00  .6H......UF.....
280465610  1d 36 48 0c a1 01 00 00 40 55 46 80 02 00 00 00  .6H.....@UF.....
280465620  1d 36 48 0c a1 01 00 00 40 62 46 80 02 00 00 00  .6H.....@bF.....
280465630  1d 36 48 0c a1 01 00 00 e0 58 46 80 02 00 00 00  .6H......XF.....
280465640  1d 36 48 0c a1 01 00 00 d0 56 46 80 02 00 00 00  .6H......VF.....
280465650  61 1b aa e5 a1 21 00 00 20 75 70 83 02 00 00 00  a....!.. up.....
280465660  1d 36 48 0c a1 01 00 00 40 57 46 80 02 00 00 00  .6H.....@WF.....
280465670  61 1b aa e5 a1 21 00 00 40 6e 70 83 02 00 00 00  a....!..@np.....
280465680  1d 36 48 0c a1 01 00 00 70 56 46 80 02 00 00 00  .6H.....pVF.....
280465690  61 1b aa e5 a1 21 00 00 a0 6d 70 83 02 00 00 00  a....!...mp.....
2804656a0  1d 36 48 0c a1 01 00 00 20 5c 46 80 02 00 00 00  .6H..... \F.....
2804656b0  a0 8d 6e 80 02 00 00 00 00 00 00 00 00 00 00 00  ..n.............
2804656c0  1d 36 48 0c a1 01 00 00 90 57 46 80 02 00 00 00  .6H......WF.....
2804656d0  61 1b aa e5 a1 21 00 00 e0 6e 70 83 02 00 00 00  a....!...np.....
2804656e0  1d 36 48 0c a1 01 00 00 f0 56 46 80 02 00 00 00  .6H......VF.....
2804656f0  61 1b aa e5 a1 21 00 00 80 6f 70 83 02 00 00 00  a....!...op.....
280465700  1d 36 48 0c a1 01 00 00 80 57 46 80 02 00 00 00  .6H......WF.....
280465710  1d 36 48 0c a1 01 00 00 b0 55 46 80 02 00 00 00  .6H......UF.....
280465720  1d 36 48 0c a1 01 00 00 50 56 46 80 02 00 00 00  .6H.....PVF.....
280465730  61 1b aa e5 a1 21 00 00 40 73 70 83 02 00 00 00  a....!..@sp.....
280465740  61 1b aa e5 a1 21 00 00 80 74 70 83 02 00 00 00  a....!...tp.....
280465750  1d 36 48 0c a1 01 00 00 50 58 46 80 02 00 00 00  .6H.....PXF.....
280465760  61 1b aa e5 a1 41 00 00 40 78 70 83 02 00 00 00  a....A..@xp.....
280465770  61 1b aa e5 a1 41 00 00 20 7a 70 83 02 00 00 00  a....A.. zp.....
280465780  61 1b aa e5 a1 21 00 00 c0 70 70 83 02 00 00 00  a....!...pp.....
280465790  61 1b aa e5 a1 21 00 00 e0 73 70 83 02 00 00 00  a....!...sp.....
2804657a0  00 9b 6f 80 02 00 00 00 00 00 00 00 00 00 00 00  ..o.............
2804657b0  61 1b aa e5 a1 21 00 00 a0 72 70 83 02 00 00 00  a....!...rp.....
2804657c0  1d 36 48 0c a1 01 00 00 b0 57 46 80 02 00 00 00  .6H......WF.....
2804657d0  61 1b aa e5 a1 21 00 00 00 72 70 83 02 00 00 00  a....!...rp.....
2804657e0  1d 36 48 0c a1 01 00 00 d0 57 46 80 02 00 00 00  .6H......WF.....

,	Aweme!0x3e70d08 this.args2 onLeave 0x0 0x0

,	Aweme!0x3e70d08 this.args3 onLeave 0x19ce510e0             0  1  2  3  4  5  6  7  8  9  A  B  C  D  E  F  0123456789ABCDEF
19ce510e0  f6 57 bd a9 f4 4f 01 a9 fd 7b 02 a9 fd 83 00 91  .W...O...{......
19ce510f0  f4 03 02 aa f3 03 01 aa f5 03 00 aa 21 02 00 b4  ............!...
19ce51100  68 fe 5d d3 1f 51 00 f1 c1 01 00 54 08 01 8e 52  h.]..Q.....T...R
19ce51110  a8 6a 68 38 68 02 18 37 9f 0e 40 f2 88 fe 44 d3  .jh8h..7..@...D.
19ce51120  08 05 88 1a 02 05 00 51 e0 03 15 aa e1 03 13 aa  .......Q........
19ce51130  fd 7b 42 a9 f4 4f 41 a9 f6 57 c3 a8 0e 00 00 14  .{B..OA..W......
19ce51140  a0 16 78 f9 03 3c 40 f9 e1 03 13 aa e2 03 14 aa  ..x..<@.........
19ce51150  fd 7b 42 a9 f4 4f 41 a9 f6 57 c3 a8 60 00 1f d6  .{B..OA..W..`...
19ce51160  a1 0a 80 52 e0 03 13 aa e2 03 14 aa f1 9b 00 94  ...R............
19ce51170  ea ff ff 17 fa 67 bb a9 f8 5f 01 a9 f6 57 02 a9  .....g..._...W..
19ce51180  f4 4f 03 a9 fd 7b 04 a9 fd 03 01 91 f4 03 02 aa  .O...{..........
19ce51190  f3 03 00 aa 35 c4 72 92 28 94 66 92 09 0c 78 f9  ....5.r.(.f...x.
19ce511a0  28 01 08 ca 29 7c 4e d3 2a 64 0e 53 29 2d 06 53  (...)|N.*d.S)-.S
19ce511b0  49 15 1a 33 16 49 29 8b c9 00 00 d0 29 81 25 91  I..3.I).....).%.
19ce511c0  c8 02 40 b9 38 59 62 b8 09 07 00 51 2a 00 15 4b  ..@.8Yb....Q*..K
19ce511d0  4b 6c 1c 53 6b 41 00 11 4a 0d cb 1a 4a 05 00 11  Kl.SkA..J...J...
19ce511e0  4a 29 00 12 6b ff 80 52 ac ff 80 52 0d 29 00 12  J)..k..R...R.)..
19ce511f0  0f 01 20 11 ee 25 15 12 10 01 01 12 11 01 48 11  .. ..%........H.
19ce51200  31 26 0b 12 0e 02 0e 2a ce 01 11 2a bf f1 1f 71  1&.....*...*...q
19ce51210  a0 01 00 54 ef 51 0b 53 ff 01 09 6b 41 01 00 54  ...T.Q.S...kA..T
19ce51220  1f 01 00 71 6d b1 8c 1a d9 01 0d 2a cd 7e 5f 88  ...qm......*.~_.
19ce51230  bf 01 08 6b 21 02 00 54 d9 7e 0d 88 8d ff ff 35  ...k!..T.~.....5
19ce51240  11 00 00 14 59 01 0e 2a bf f1 1f 71 6d 01 8d 1a  ....Y..*...qm...
19ce51250  2d 10 00 79 6d 12 78 f9 ad 01 01 ca 2d 00 00 f9  -..ym.x.....-...
19ce51260  cd 7e 5f 88 bf 01 08 6b 81 00 00 54 d9 fe 0d 88  .~_....k...T....
19ce51270  8d ff ff 35 14 00 00 14 5f 3f 03 d5 e8 03 0d aa  ...5...._?......
19ce51280  db ff ff 17 49 62 24 90 29 e9 43 b9 c9 01 00 35  ....Ib$.).C....5
19ce51290  a8 01 f8 37 08 0b 8e 52 77 02 08 8b a1 00 a0 52  ...7...Rw......R
19ce512a0  e0 03 17 aa 95 9e 00 94 e3 03 14 aa e0 03 13 aa  ................
19ce512b0  e1 03 16 aa e2 03 15 aa c3 01 00 94 e0 03 17 aa  ................
19ce512c0  97 9e 00 94 f9 01 f8 37 e8 03 00 32 14 21 d4 1a  .......7...2.!..
19ce512d0  88 00 8e 52 75 02 08 8b a8 02 40 79 88 02 08 0a  ...Ru.....@y....
19ce512e0  29 53 0b 53 20 01 62 1e 1f 01 00 71 01 03 62 1e  )S.S .b....q..b.
19ce512f0  02 10 6d 1e 21 08 62 1e 22 14 60 1e e9 00 00 54  ..m.!.b.".`....T
19ce51300  fd 7b 44 a9 f4 4f 43 a9 f6 57 42 a9 f8 5f 41 a9  .{D..OC..WB.._A.
19ce51310  fa 67 c5 a8 c0 03 5f d6 73 1e 40 91 a1 00 a0 52  .g...._.s.@....R
19ce51320  e0 03 13 aa 75 9e 00 94 a8 02 40 79 08 01 34 0a  ....u.....@y..4.
19ce51330  a8 02 00 79 e0 03 13 aa fd 7b 44 a9 f4 4f 43 a9  ...y.....{D..OC.
19ce51340  f6 57 42 a9 f8 5f 41 a9 fa 67 c5 a8 74 9e 00 14  .WB.._A..g..t...
19ce51350  ff c3 00 d1 f4 4f 01 a9 fd 7b 02 a9 fd 83 00 91  .....O...{......
19ce51360  f3 03 01 aa f4 03 00 aa e1 02 00 b4 68 fe 5d d3  ............h.].
19ce51370  1f 51 00 f1 81 02 00 54 02 00 80 52 e0 03 14 aa  .Q.....T...R....
19ce51380  e1 03 13 aa 8a fe ff 97 e0 01 00 b4 e8 03 00 aa  ................
19ce51390  09 01 8e 52 89 6a 69 38 49 02 18 37 1f 0d 40 f2  ...R.ji8I..7..@.
19ce513a0  08 fd 44 d3 08 05 88 1a 02 05 00 51 e0 03 14 aa  ..D........Q....
19ce513b0  e1 03 13 aa fd 7b 42 a9 f4 4f 41 a9 ff c3 00 91  .....{B..OA.....
19ce513c0  6d ff ff 17 80 16 78 f9 02 18 40 f9 e1 03 13 aa  m.....x...@.....
19ce513d0  fd 7b 42 a9 f4 4f 41 a9 ff c3 00 91 40 00 1f d6  .{B..OA.....@...
19ce513e0  a1 0a 80 52 e0 03 13 aa e8 07 00 f9 e2 03 08 aa  ...R............
19ce513f0  50 9b 00 94 e8 07 40 f9 e9 ff ff 17 f4 4f be a9  P.....@......O..
19ce51400  fd 7b 01 a9 fd 43 00 91 f3 03 02 aa f4 03 00 aa  .{...C..........
19ce51410  3f 04 00 f1 40 02 00 54 28 7c d3 9b ff 03 08 eb  ?...@..T(|......
19ce51420  21 01 00 54 33 7c 13 9b 48 de 1e b0 08 d1 43 f9  !..T3|..H.....C.
19ce51430  08 01 40 f9 09 00 80 92 28 05 08 ca 7f 02 08 eb  ..@.....(.......
19ce51440  e9 00 00 54 c0 be 03 94 e8 03 00 aa 00 00 80 d2  ...T............
19ce51450  e9 07 1e 32 09 01 00 b9 0c 00 00 14 7f 02 04 f1  ...2............
19ce51460  a8 01 00 54 68 3e 00 91 08 ed 7c 92 7f 46 00 f1  ...Th>....|..F..
19ce51470  e9 03 1c 32 21 31 88 9a e2 03 00 32 e0 03 14 aa  ...2!1.....2....
19ce51480  a8 fe ff 97 80 00 00 b4 fd 7b 41 a9 f4 4f c2 a8  .........{A..O..
19ce51490  c0 03 5f d6 80 16 78 f9 03 10 40 f9 e1 03 00 32  .._...x...@....2
19ce514a0  e2 03 13 aa fd 7b 41 a9 f4 4f c2 a8 60 00 1f d6  .....{A..O..`...
19ce514b0  f8 5f bc a9 f6 57 01 a9 f4 4f 02 a9 fd 7b 03 a9  ._...W...O...{..
19ce514c0  fd c3 00 91 f5 03 02 aa f4 03 00 aa c1 01 00 b4  ................
19ce514d0  f3 03 01 aa 02 00 80 52 e0 03 14 aa 34 fe ff 97  .......R....4...

,	Aweme!0x3e70d08 this.args4 onLeave 0x1 0x1

,retval onLeave: 0x280466930             0  1  2  3  4  5  6  7  8  9  A  B  C  D  E  F  0123456789ABCDEF
280466930  31 36 31 38 32 30 31 34 34 30 00 0a 01 00 00 00  1618201440......
280466940  55 53 45 52 2d 41 47 45 4e 54 00 81 02 00 00 00  USER-AGENT......
280466950  01 00 00 00 01 00 00 00 f4 00 00 d1 28 dd e9 f5  ............(...
280466960  01 00 00 00 01 00 00 00 33 02 00 00 45 4b 41 57  ........3...EKAW
280466970  c0 80 70 80 02 00 00 00 00 71 74 80 02 00 00 00  ..p......qt.....
280466980  01 00 00 00 01 00 00 00 3b 01 00 00 45 4b 41 57  ........;...EKAW
280466990  90 69 47 e3 3d e2 00 00 c7 02 00 00 00 00 00 00  .iG.=...........
2804669a0  a0 69 47 e3 3d e2 00 00 91 02 61 79 22 00 00 00  .iG.=.....ay"...
2804669b0  b0 69 47 e3 3d e2 00 00 42 02 00 00 45 4b 41 57  .iG.=...B...EKAW
2804669c0  82 f2 27 60 01 00 00 00 18 00 00 00 00 00 00 00  ..'`............
2804669d0  d0 69 47 e3 3d e2 00 00 27 01 6f 67 22 00 be f3  .iG.=...'.og"...
2804669e0  e0 69 47 e3 3d e2 00 00 53 02 73 22 00 00 00 00  .iG.=...S.s"....
2804669f0  01 00 00 00 01 00 00 00 40 02 00 00 02 00 00 00  ........@.......
280466a00  02 00 00 00 01 00 00 00 06 00 61 80 02 00 00 00  ..........a.....
280466a10  00 00 00 00 00 00 00 00 4c 02 00 00 00 00 00 00  ........L.......
280466a20  e9 b6 3d 0c a1 01 00 00 00 00 00 00 00 00 00 00  ..=.............
280466a30  61 1b aa e5 a1 01 00 00 9c b5 0e 81 79 98 be f3  a...........y...
280466a40  e9 b6 3d 0c a1 01 00 00 00 00 00 00 00 00 00 00  ..=.............
280466a50  e9 b6 3d 0c a1 01 00 00 00 00 00 00 00 00 00 00  ..=.............
280466a60  61 1b aa e5 a1 01 00 00 9c b5 0e 81 79 98 be f3  a...........y...
280466a70  e9 b6 3d 0c a1 01 00 00 00 00 00 00 00 00 00 00  ..=.............
280466a80  61 1b aa e5 a1 01 00 00 9c b5 0e 81 79 98 be f3  a...........y...
280466a90  61 1b aa e5 a1 01 00 00 9c b5 0e 81 79 98 be f3  a...........y...
280466aa0  00 00 00 00 00 00 00 00 59 02 a4 da 01 00 00 00  ........Y.......
280466ab0  b0 6a 47 e3 3d e2 00 00 74 02 00 00 00 00 00 00  .jG.=...t.......
280466ac0  c0 6a 47 e3 3d e2 00 00 e9 00 22 00 02 00 00 00  .jG.=.....".....
280466ad0  01 00 00 00 2b 00 00 00 5a 00 de 5f 01 00 00 00  ....+...Z.._....
280466ae0  e0 6a 47 e3 3d e2 00 00 9c 02 00 00 00 00 00 00  .jG.=...........
280466af0  f0 6a 47 e3 3d e2 00 00 00 01 63 6f 6e 22 00 00  .jG.=.....con"..
280466b00  00 6b 47 e3 3d e2 00 00 b2 02 00 00 00 00 00 00  .kG.=...........
280466b10  10 6b 47 e3 3d e2 00 00 b3 02 00 00 00 00 00 00  .kG.=...........
280466b20  20 6b 47 e3 3d e2 00 00 43 00 00 00 00 00 00 00   kG.=...C.......
280466b30  30 6b 47 e3 3d e2 00 00 b1 02 00 00 00 00 00 00  0kG.=...........
280466b40  40 6b 47 e3 3d e2 00 00 b6 02 00 00 00 00 00 00  @kG.=...........
280466b50  50 6b 47 e3 3d e2 00 00 b7 02 00 00 00 00 00 00  PkG.=...........
280466b60  60 6b 47 e3 3d e2 00 00 b8 02 00 00 00 00 00 00  `kG.=...........
280466b70  70 6b 47 e3 3d e2 00 00 c1 02 00 00 00 00 00 00  pkG.=...........
280466b80  80 6b 47 e3 3d e2 00 00 bb 02 00 00 00 00 00 00  .kG.=...........
280466b90  90 6b 47 e3 3d e2 00 00 b9 02 6e 80 02 00 00 00  .kG.=.....n.....
280466ba0  a0 6b 47 e3 3d e2 00 00 bd 02 6e 80 02 00 00 00  .kG.=.....n.....
280466bb0  b0 6b 47 e3 3d e2 00 00 ba 02 00 00 00 00 00 00  .kG.=...........
280466bc0  c0 6b 47 e3 3d e2 00 00 b4 02 00 00 00 00 00 00  .kG.=...........
280466bd0  d0 6b 47 e3 3d e2 00 00 bc 02 00 00 00 00 00 00  .kG.=...........
280466be0  e0 6b 47 e3 3d e2 00 00 be 02 6e 80 02 00 00 00  .kG.=.....n.....
280466bf0  f0 6b 47 e3 3d e2 00 00 c2 02 00 00 00 00 00 00  .kG.=...........
280466c00  00 6c 47 e3 3d e2 00 00 c0 02 00 00 00 00 00 00  .lG.=...........
280466c10  10 6c 47 e3 3d e2 00 00 c5 02 00 00 00 00 00 00  .lG.=...........
280466c20  20 6c 47 e3 3d e2 00 00 4a 02 73 80 02 00 00 00   lG.=...J.s.....
280466c30  30 6c 47 e3 3d e2 00 00 9a 02 73 80 02 00 00 00  0lG.=.....s.....
280466c40  40 6c 47 e3 3d e2 00 00 d1 02 00 00 00 00 00 00  @lG.=...........
280466c50  50 6c 47 e3 3d e2 00 00 54 01 5f 64 69 72 22 00  PlG.=...T._dir".
280466c60  60 6c 47 e3 3d e2 00 00 c3 02 00 00 00 00 00 00  `lG.=...........
280466c70  70 6c 47 e3 3d e2 00 00 ca 02 00 00 00 00 00 00  plG.=...........
280466c80  80 6c 47 e3 3d e2 00 00 c8 02 00 00 00 00 00 00  .lG.=...........
280466c90  90 6c 47 e3 3d e2 00 00 fb 07 32 38 00 00 00 00  .lG.=.....28....
280466ca0  a0 6c 47 e3 3d e2 00 00 cf 02 e0 81 02 00 00 00  .lG.=...........
280466cb0  b0 6c 47 e3 3d e2 00 00 d0 02 91 80 02 00 00 00  .lG.=...........
280466cc0  c0 6c 47 e3 3d e2 00 00 c9 02 00 00 00 00 00 00  .lG.=...........
280466cd0  d0 6c 47 e3 3d e2 00 00 cd 02 00 00 00 00 00 00  .lG.=...........
280466ce0  e0 6c 47 e3 3d e2 00 00 ce 02 00 00 00 00 00 00  .lG.=...........
280466cf0  f0 6c 47 e3 3d e2 00 00 cb 02 00 00 00 00 00 00  .lG.=...........
280466d00  00 6d 47 e3 3d e2 00 00 cc 02 00 00 00 00 00 00  .mG.=...........
280466d10  00 00 00 00 00 00 00 00 00 00 00 00 00 00 00 00  ................
280466d20  00 00 00 00 00 00 00 00 00 00 00 00 00 00 00 00  ................

[end signal]{
    "X-Argus" = "qJhtOEBIQw1mEXvtgr3NPWNh7d9k20XuNpFOpTI3XGMbYMNFYAVOeY8eC7nSj3WRMDYhiOUd/1av2mau82ANSIPM1zv97Gm0SctB2HWBDqvIJ7XuaY8z6tqMTWFoAPhSHtHkGeRiL9Uf+ipPslJ23rImuhztJqA4xknIbBcCq2oSTJR61glTU1RR2TSR3dpq6BIVMu+3PzVOLhxpdWzb0ELedtSOnoHkcBXBbfjXCzOECQ==";
    "X-Gorgon" = 8404c04b00802806fc5ec00694ef26c410b007f5ef17ca5111e3;
    "X-Khronos" = 1618201440;
    "X-Ladon" = "BuVsJT3F9YLqK0HBT5dRTm0c0Bx8uz4a6BLJgE7pdBfR2a/G";
    "X-Tyhon" = "MBD14Mawu7KCqvXgibGnpJP/9a+IrbG1xv/1HAA=";
}
Aweme!0x3eca540 4
Aweme!0x3ecf504 1
Aweme!0x3ed7104 8
Aweme!0x3e872f4 19
Aweme!0x3eda994 1
Aweme!0x3edb5e8 1
Aweme!0x3ea6180 1
Aweme!0x3ed32a8 3
Aweme!0x3e870c8 4
Aweme!0x3e51fa4 6
Aweme!0x3ee4520 6
Aweme!0x3eda3c8 4
Aweme!0x3ea0f90 1
Aweme!0x3eda028 1
Aweme!0x3ed3304 1
Aweme!0x3ea8d04 7
Aweme!0x3e83780 3
Aweme!0x3e5e93c 2
Aweme!0x3e712e8 2
Aweme!0x3eac8d8 1
Aweme!0x3ecb1f4 1
Aweme!0x3ee5ee0 1
Aweme!0x3e7128c 6
Aweme!0x775e39c 7
Aweme!0x3e86de4 1
Aweme!0x3e70d1c 2
Aweme!0x3e87354 2
Aweme!0x3e71400 1
Aweme!0x775b534 2
Aweme!0x3ecaa58 12
Aweme!0x3e70920 1
Aweme!0x3ed9eb8 4
Aweme!0x3ea12d8 1
Aweme!0x3edac80 7
Aweme!0x3e67b00 2
Aweme!0x3e58b58 276
Aweme!0x3e83784 1
Aweme!0x3e5c5b8 1
Aweme!0x3ec6460 2
Aweme!0x3e7111c 1
Aweme!0x3e520c0 3
Aweme!0x3e93da8 4
Aweme!0x3e70d7c 2
Aweme!0x775e7f8 1
Aweme!0x3e70980 29
Aweme!0x3e70af4 17
Aweme!0x3eda5fc 1
Aweme!0x3e8c7d4 1
Aweme!0x3e4e71c 8
Aweme!0x3eca9a4 4
Aweme!0x3eca604 3
Aweme!0x3ed6ff8 18
Aweme!0x3ed3028 814
Aweme!0x3ed31f8 1
Aweme!0x3ee49e0 1
Aweme!0x3ecb1fc 2
Aweme!0x3e71464 1
Aweme!0x3e71294 2
Aweme!0x3e87de0 1
Aweme!0x3ea7a90 7
Aweme!0x3ecb02c 2
Aweme!0x3e5c8a4 1
Aweme!0x3e67bc0 2
Aweme!0x3e87300 8
Aweme!0x3ed6f40 14
Aweme!0x775e348 7
Aweme!0x3e86dec 1
Aweme!0x3ea0a88 1
Aweme!0x3ed32b4 2
Aweme!0x3ea8c54 5
Aweme!0x3e4e1b0 1
Aweme!0x3e5bd68 4
Aweme!0x3ec6694 8
Aweme!0x3ec64c4 21
Aweme!0x3e5c61c 2
Aweme!0x3ea1680 3
Aweme!0x3e716f0 10
Aweme!0x3e70c10 3
Aweme!0x3e84b20 1
Aweme!0x775e7a4 278
Aweme!0x3ede85c 3
Aweme!0x775cb00 1
Aweme!0x3ea61ec 25
Aweme!0x3ea1228 1
Aweme!0x3e808c8 1
Aweme!0x3e6047c 1
Aweme!0x3e713b0 2
Aweme!0x3ed325c 5
Aweme!0x775e804 4
Aweme!0x3e71698 10
Aweme!0x3e712f8 1
Aweme!0x3e71128 1
Aweme!0x3e85208 9
Aweme!0x3ecb260 6
Aweme!0x3e853d8 30
Aweme!0x3ea61f0 4
Aweme!0x3e86df4 9
Aweme!0x3ea2ad4 1
Aweme!0x3e70b5c 15
Aweme!0x3e71240 1
Aweme!0x3e7bed4 1
Aweme!0x3e4e728 7
Aweme!0x3e51534 9
Aweme!0x3ed9ec8 3
Aweme!0x3edb5a0 15
Aweme!0x3ecf460 1
Aweme!0x3ea1858 37
Aweme!0x3ecc428 1
Aweme!0x3edb1a4 1
Aweme!0x3e83398 1
Aweme!0x3e70d30 1
Aweme!0x3ed9d58 5
Aweme!0x3e5cbf4 1
Aweme!0x3e872b0 13
Aweme!0x3ea8ba8 53
Aweme!0x3eda3e0 7
Aweme!0x3ec92dc 1
Aweme!0x3ed3264 257
Aweme!0x3e87254 7
Aweme!0x3e7118c 2
Aweme!0x3e8a230 1
Aweme!0x3ea1630 2
Aweme!0x3e71300 1
Aweme!0x3ea8cc0 2
Aweme!0x3ed6fac 14
Aweme!0x3e86fcc 4
Aweme!0x3ed3150 41
Aweme!0x3ed6f50 14
Aweme!0x3e87d94 11
Aweme!0x3eca8a0 1
Aweme!0x3edb264 1
Aweme!0x3e4e730 4
Aweme!0x3e8a290 1
Aweme!0x3ecaa14 1
Aweme!0x3ed32c4 2
Aweme!0x3edb5a8 13
Aweme!0x3ee1390 1
Aweme!0x3e7019c 1
Aweme!0x3e52134 5
Aweme!0x3e70140 1
Aweme!0x3e58b14 277
Aweme!0x3ed31b0 1
Aweme!0x3e67890 6
Aweme!0x3e7124c 5
Aweme!0x3e86f74 1
Aweme!0x3e87314 2
Aweme!0x3e84dbc 1
Aweme!0x3e7141c 1
Aweme!0x3edab28 1
Aweme!0x3ea8bb0 65
Aweme!0x3e4de24 8
Aweme!0x3edb20c 2
Aweme!0x3e708e0 1
Aweme!0x3e70fc4 3
Aweme!0x3eda3e8 3
Aweme!0x3ec681c 10
Aweme!0x3e88764 1
Aweme!0x3e8c790 1
Aweme!0x3e87200 1
Aweme!0x775e078 7
Aweme!0x3ea1b4c 1
Aweme!0x3e868f0 5
Aweme!0x3ecd59c 2
Aweme!0x3ea197c 28
Aweme!0x3ed9f90 2
Aweme!0x3e86fd4 4
Aweme!0x3e52080 19
Aweme!0x3e86c34 2
Aweme!0x3ead4f0 1
Aweme!0x3ed4bd0 1
Aweme!0x3e70b10 9
Aweme!0x3ecaa78 1
Aweme!0x3e71080 1
Aweme!0x3edb5b0 8
Aweme!0x3eda21c 2
Aweme!0x3ed7070 4
Aweme!0x3e71368 2
Aweme!0x3ed9e7c 3
Aweme!0x3e90e48 1
Aweme!0x3ea7994 4
Aweme!0x3ea1a94 1
Aweme!0x3ecb2d0 56
Aweme!0x3e520e0 16
Aweme!0x3eda8a4 8
Aweme!0x3e70bcc 1
Aweme!0x3eb1c60 1
Aweme!0x775c5a8 15
Aweme!0x3e86c38 2
Aweme!0x3ec91d4 2
Aweme!0x3e5c520 2
Aweme!0x3edad5c 2
Aweme!0x3ea03c0 1
Aweme!0x3e8a128 1
Aweme!0x3ec9348 2
Aweme!0x3ed72a0 1
Aweme!0x3ea1188 1
Aweme!0x3e5d118 1
Aweme!0x3e71028 1
Aweme!0x3ea169c 2
Aweme!0x3edb558 8
Aweme!0x3e926f4 1
Aweme!0x3e67728 3
Aweme!0x3ecb278 1
Aweme!0x3e70f70 1
Aweme!0x3e92868 1
Aweme!0x3eda168 2
Aweme!0x3ed6fbc 14
Aweme!0x3e871ac 2
Aweme!0x3e86fdc 4
Aweme!0x3ec676c 8
Aweme!0x3e71428 1
Aweme!0x775e708 1
Aweme!0x3e90f08 1
Aweme!0x3ed69f0 1
Aweme!0x3eca340 6
Aweme!0x3e4e740 8
Aweme!0x3ed6f60 16
Aweme!0x3ea1928 1
Aweme!0x775d148 15
Aweme!0x3e711fc 1
Aweme!0x3e8a244 1
Aweme!0x3e70fd0 3
Aweme!0x3ecb9bc 3
Aweme!0x3ed701c 14
Aweme!0x3ed6e4c 18
Aweme!0x3ea8cd4 3
Aweme!0x3e4dd78 1
Aweme!0x3ec642c 2
Aweme!0x3e61204 2
Aweme!0x3e71488 1
Aweme!0x775e084 5
Aweme!0x3e5208c 6
Aweme!0x3e70d48 2
Aweme!0x3e5cc68 2
Aweme!0x3ec6770 8
Aweme!0x3ea03c8 9
Aweme!0x3ea1c70 1
Aweme!0x3e57394 1
Aweme!0x3ea7c28 5
Aweme!0x3edb5bc 1
Aweme!0x3eda3f8 6
Aweme!0x3e70550 3
Aweme!0x3e71374 2
Aweme!0x3e928cc 2
Aweme!0x3eb31d0 8
Aweme!0x3e71318 3
Aweme!0x3e520ec 6
Aweme!0x3e70da8 1
Aweme!0x3e70bd8 2
Aweme!0x3e5c1e8 1
Aweme!0x3ea8c7c 2
Aweme!0x3e71430 3
Aweme!0x3ecac58 51
Aweme!0x3ecaa88 1
Aweme!0x775dfd0 33
Aweme!0x3e84a30 1
Aweme!0x3ed32dc 257
Aweme!0x3ecda08 1
Aweme!0x3e5b9f0 2
Aweme!0x3e8c7a4 1
Aweme!0x775e828 11
Aweme!0x3ecb9c4 4
Aweme!0x3e5cb58 2
Aweme!0x3ea0828 7
Aweme!0x3e9a300 2
Aweme!0x3ea164c 1
Aweme!0x3e7114c 1
Aweme!0x3e86ad4 2
Aweme!0x3e70f7c 1
Aweme!0x3e7ce8c 6
Aweme!0x3ea1764 1
Aweme!0x3ead334 1
Aweme!0x3ed6f6c 14
Aweme!0x3ecae2c 2
Aweme!0x3e68100 1
Aweme!0x3e58a74 553
Aweme!0x775e888 1
Aweme!0x3ecf140 1
Aweme!0x3ed67d0 6
Aweme!0x3edb5c4 8
Aweme!0x3e87274 2
Aweme!0x3ed9e90 3
Aweme!0x3e711ac 3
Aweme!0x3ed30b4 4
Aweme!0x3ed3224 256
Aweme!0x3e87048 4
Aweme!0x3e51f24 7
Aweme!0x3e70db0 21
Aweme!0x3eca7a8 7
Aweme!0x775e090 3
Aweme!0x3e70100 2
Aweme!0x3e93d80 7
Aweme!0x3ede65c 1
Aweme!0x3ecc730 1
Aweme!0x3e523dc 2
Aweme!0x3e8a13c 1
Aweme!0x3ea8c28 3
Aweme!0x3ecc8a8 1
Aweme!0x3e70b28 6
Aweme!0x3ea170c 9
Aweme!0x3ecec30 19
Aweme!0x3ecda6c 2
Aweme!0x775d328 2
Aweme!0x3ecf828 1
Aweme!0x3ecb118 3
Aweme!0x3e4e698 2
Aweme!0x3e86adc 1
Aweme!0x3edb340 2
Aweme!0x3e58964 1
Aweme!0x3e71668 9
Aweme!0x3ed4a78 1
Aweme!0x3ed9ddc 6
Aweme!0x3ea1998 1
Aweme!0x3e67854 1
Aweme!0x3eda120 1
Aweme!0x3e87334 5
Aweme!0x3eda2f0 2
Aweme!0x3e90ec0 1
Aweme!0x3ed3344 1
Aweme!0x3ea16b4 45
Aweme!0x3eda408 3
Aweme!0x775e834 4
Aweme!0x3e516d4 7
Aweme!0x3edacbc 1
Aweme!0x3e51f88 8
Aweme!0x3e89ce8 1
Aweme!0x3eda3ac 8
Aweme!0x3ec649c 2
Aweme!0x3ed328c 2
Aweme!0x3e71328 1
Aweme!0x3edb174 1
Aweme!0x3e86ff4 7
Aweme!0x3ecc90c 2
Aweme!0x3e67688 3
Aweme!0x775e720 12
Aweme!0x3e71440 1
Aweme!0x3e71270 1
Aweme!0x3e52044 2
Aweme!0x3ee4790 1
Aweme!0x3ecf88c 2
Aweme!0x3e872dc 5
Aweme!0x3e70ca4 2
Aweme!0x3ed7260 3
Aweme!0x3e5c824 2
Aweme!0x3ecb9d4 1
Aweme!0x3e86d10 14
Aweme!0x775c7f4 38
Aweme!0x3e70dbc 1
Aweme!0x3e86ae4 1
Aweme!0x3e714a0 1
Aweme!0x3ecaaf8 1
Aweme!0x3e709c0 30
Aweme!0x3ecae3c 1
Aweme!0x3e523e8 4
Aweme!0x3ecfc30 1
Aweme!0x3e84c14 1
Aweme!0x3ecb180 14
Aweme!0x3e71218 3
Aweme!0x3e86ba0 3
Aweme!0x3ea6110 2
Aweme!0x3e70e1c 2
Aweme!0x3ed3238 6
Aweme!0x775e7e0 4
Aweme!0x3edae38 1
Aweme!0x3e70f90 2
Aweme!0x3ea1b74 10
Aweme!0x3ee5f28 1
Aweme!0x3e87e20 2
Aweme!0x3e5de48 2
Aweme!0x3e51ed8 16
Aweme!0x3eac354 1
Aweme!0x3eaea20 11
Aweme!0x3ed32f4 1
Aweme!0x3e56530 1
Aweme!0x3e4e1f0 5
Aweme!0x3ecb9dc 7
Aweme!0x3ea1664 1
Aweme!0x3eda1e8 8
Aweme!0x3e885c0 1
Aweme!0x3ed3010 516
Aweme!0x3e71108 1
Aweme!0x3eca930 13
Aweme!0x3e67c04 1
Aweme!0x3eda4d0 7
Aweme!0x3e67a34 1
Aweme!0x3ed6f84 32
Aweme!0x3e523f0 5
Aweme!0x3ea7e18 51
Aweme!0x3e70f38 1
Aweme!0x3e84a4c 1
Aweme!0x3ea3c78 1
Aweme!0x3ecafb8 1
Aweme!0x3e60518 1
Aweme!0x3e7cea8 2
Aweme!0x3ead464 1
Aweme!0x3ed30cc 2
Aweme!0x3ed9ea8 3
Aweme!0x3e711c4 2
Aweme!0x3ecb2a0 19
Aweme!0x3ed7210 3
Aweme!0x3e57ef4 15
Aweme!0x3e86cc0 1
Aweme!0x3e86920 3
Aweme!0x3ed31e4 258
Aweme!0x775e78c 279
Aweme!0x3e712dc 3
Aweme!0x3ed9fc0 1
Aweme!0x3e7cf08 4
Aweme!0x3ed3240 1
Aweme!0x3ed3358 3
Aweme!0x3ed9f64 1
Aweme!0x775e390 3
Aweme!0x3ede618 2
Aweme!0x3edded8 1
Aweme!0x3ecef8c 1
Aweme!0x3e90ed4 1
Aweme!0x3edb5e0 2
Aweme!0x3ecabc0 5
Aweme!0x3ecb9e4 7
Aweme!0x3eca820 4
Aweme!0x3ec64b0 2
Aweme!0x3ea1d50 1
Aweme!0x3e51f40 3
Aweme!0x3e714b0 1
Aweme!0x775c5d8 46
Aweme!0x3e5e594 1
Aweme!0x3e868c8 3
Aweme!0x3e4f5ec 2
Aweme!0x3e71284 1
Aweme!0x3e8c880 2
Aweme!0x3e5e8d8 1
Aweme!0x3e70b44 8
Aweme!0x3e70ba0 3
Aweme!0x3e67810 55
Aweme!0x3ec68b0 24
Aweme!0x3eac818 1
Aweme!0x3e51918 9
Aweme!0x3ea1ac8 1
Aweme!0x3e6057c 2
Aweme!0x3e86cc8 5
Aweme!0x3eda368 1
Aweme!0x3ecfd58 1
Aweme!0x3ed6fec 2
Aweme!0x3ecf3ec 2
Aweme!0x3e86c6c 2
Aweme!0x3e523fc 5
Aweme!0x3e5205c 11
Aweme!0x3e7ce58 4
On receive  16384
Error happenError: unable to find module containing 0x1214dc25c
Error happenError: unable to find module containing 0x12145e984
Error happenError: unable to find module containing 0x12145e994
call: Aweme!0x3ecb52c Aweme!0x775e390@DYLD-STUB$$objc_retain
call: Foundation!0x715c libobjc.A.dylib!0x47e8@object_getClass
call: Foundation!0x71cc CoreFoundation!0xaae2c@_CFNonObjCRetain
call: Aweme!0x3ecb538 Aweme!0x775e390@DYLD-STUB$$objc_retain
call: Aweme!0x3ecb554 Aweme!0x775e348@DYLD-STUB$$objc_msgSend
call: Foundation!0x40150 libobjc.A.dylib!0x2080@objc_msgSend
call: Foundation!0x732c libobjc.A.dylib!0x47e8@object_getClass
call: Foundation!0x40180 CoreFoundation!0xf2138@CFURLCopyAbsoluteURL
call: CoreFoundation!0xf2164 CoreFoundation!0xabff8@CFGetAllocator
call: CoreFoundation!0xf2234 CoreFoundation!0x2af0@CFRetain
call: Foundation!0x4018c CoreFoundation!0xf1b04@CFURLGetString
call: Foundation!0x40190 libobjc.A.dylib!0x20010@objc_retain
call: CoreFoundation!0x6bec CoreFoundation!0xaae2c@_CFNonObjCRetain
call: Foundation!0x40194 libobjc.A.dylib!0x20080@objc_autorelease
call: Foundation!0x401a0 CoreFoundation!0x2694@CFRelease
call: Aweme!0x3ecb558 Aweme!0x3ecb9c4@0x3ecb9c4
call: CoreFoundation!0x6bec CoreFoundation!0xaae2c@_CFNonObjCRetain
call: Aweme!0x3ecb570 Aweme!0x775e348@DYLD-STUB$$objc_msgSend
call: Aweme!0x3ecb58c Aweme!0x3ecb9dc@0x3ecb9dc
call: libc++abi.dylib!0xee0 libc++abi.dylib!0x10e54@DYLD-STUB$$malloc
call: libsystem_malloc.dylib!0x10160 libsystem_malloc.dylib!0xf6b8@malloc_zone_malloc
call: libsystem_malloc.dylib!0xf750 libsystem_malloc.dylib!0x11d64@default_zone_malloc
call: libsystem_malloc.dylib!0xecc libsystem_malloc.dylib!0xf20@nanov2_allocate$VARIANT$mp
call: libsystem_malloc.dylib!0xf98 libsystem_malloc.dylib!0x1b18@nanov2_allocate_from_block$VARIANT$mp
call: Aweme!0x3ecb598 Aweme!0x775e39c@DYLD-STUB$$objc_retainAutorelease
call: libobjc.A.dylib!0x218c4 libobjc.A.dylib!0x20010@objc_retain
call: CoreFoundation!0x6bec CoreFoundation!0xaae2c@_CFNonObjCRetain
call: Aweme!0x3ecb5a4 Aweme!0x3ecb9e4@0x3ecb9e4
call: CoreFoundation!0x6980 CoreFoundation!0xc7c40@__CFStringMtbl
call: CoreFoundation!0x69b4 CoreFoundation!0xcf3e4@CFStringGetCStringPtr
call: Aweme!0x3ecb5b0 Aweme!0x3eca930@0x3eca930
call: Aweme!0x3eca8d4 Aweme!0x3ecb180@0x3ecb180
call: Aweme!0x3eca8e8 Aweme!0x775dfd0@DYLD-STUB$$malloc
call: libsystem_malloc.dylib!0x10160 libsystem_malloc.dylib!0xf6b8@malloc_zone_malloc
call: libsystem_malloc.dylib!0xf750 libsystem_malloc.dylib!0x11d64@default_zone_malloc
call: libsystem_malloc.dylib!0x6224 libsystem_malloc.dylib!0x17638@tiny_malloc_should_clear
call: libsystem_malloc.dylib!0x176d0 libsystem_platform.dylib!0x8cf8@DYLD-STUB$$os_unfair_lock_lock_with_options
call: libsystem_malloc.dylib!0x17714 libsystem_malloc.dylib!0x1902c@tiny_malloc_from_free_list
call: libsystem_malloc.dylib!0x19688 libsystem_malloc.dylib!0x15fc8@tiny_free_list_add_ptr
call: libsystem_malloc.dylib!0x19270 libsystem_malloc.dylib!0x17ca8@set_tiny_meta_header_in_use
call: libsystem_malloc.dylib!0x17a4c libsystem_platform.dylib!0x8d1c@DYLD-STUB$$os_unfair_lock_unlock
call: Aweme!0x3eca8f4 Aweme!0x3ecb2a0@0x3ecb2a0
call: Aweme!0x3ecb5bc Aweme!0x3eca340@0x3eca340
call: Aweme!0x3eca35c Aweme!0x3e58b14@0x3e58b14
call: Aweme!0x3e58af4 Aweme!0x3e58a74@0x3e58a74
call: Aweme!0x3e58afc Aweme!0x775e78c@DYLD-STUB$$pthread_mutex_lock
call: Aweme!0x3eca368 Aweme!0x775c5d8@DYLD-STUB$$operator new(unsigned long)
call: libc++abi.dylib!0xee0 libc++abi.dylib!0x10e54@DYLD-STUB$$malloc
call: libsystem_malloc.dylib!0x10160 libsystem_malloc.dylib!0xf6b8@malloc_zone_malloc
call: libsystem_malloc.dylib!0xf750 libsystem_malloc.dylib!0x11d64@default_zone_malloc
call: libsystem_malloc.dylib!0xecc libsystem_malloc.dylib!0xf20@nanov2_allocate$VARIANT$mp
call: libsystem_malloc.dylib!0xf98 libsystem_malloc.dylib!0x1b18@nanov2_allocate_from_block$VARIANT$mp
call: Aweme!0x3eca37c Aweme!0x3e58b58@0x3e58b58
call: Aweme!0x3e58b3c Aweme!0x3e58a74@0x3e58a74
call: Aweme!0x3e58b44 Aweme!0x775e7a4@DYLD-STUB$$pthread_mutex_unlock
call: Aweme!0x3ecb5c4 Aweme!0x3e86ba0@0x3e86ba0
call: Aweme!0x3e86bb0 Aweme!0x3e87334@0x3e87334
call: libc++abi.dylib!0xee0 libc++abi.dylib!0x10e54@DYLD-STUB$$malloc
call: libsystem_malloc.dylib!0x10160 libsystem_malloc.dylib!0xf6b8@malloc_zone_malloc
call: libsystem_malloc.dylib!0xf750 libsystem_malloc.dylib!0x11d64@default_zone_malloc
call: libsystem_malloc.dylib!0xecc libsystem_malloc.dylib!0xf20@nanov2_allocate$VARIANT$mp
call: libsystem_malloc.dylib!0xf98 libsystem_malloc.dylib!0x1b18@nanov2_allocate_from_block$VARIANT$mp
call: Aweme!0x3e86bd8 Aweme!0x3e868f0@0x3e868f0
call: Aweme!0x3e86908 Aweme!0x3e87254@0x3e87254
call: Aweme!0x3e8690c Aweme!0x3ed9d58@0x3ed9d58
call: Aweme!0x3ed9d74 Aweme!0x3ea61ec@0x3ea61ec
call: libsystem_malloc.dylib!0x10160 libsystem_malloc.dylib!0xf6b8@malloc_zone_malloc
call: libsystem_malloc.dylib!0xf750 libsystem_malloc.dylib!0x11d64@default_zone_malloc
call: libsystem_malloc.dylib!0xecc libsystem_malloc.dylib!0xf20@nanov2_allocate$VARIANT$mp
call: libsystem_malloc.dylib!0xf98 libsystem_malloc.dylib!0x1b18@nanov2_allocate_from_block$VARIANT$mp
call: Aweme!0x3ed9d80 Aweme!0x3e516d4@0x3e516d4
call: Aweme!0x3e516e0 Aweme!0x3e520e0@0x3e520e0
call: Aweme!0x3e516e4 Aweme!0x3e51ed8@0x3e51ed8
call: Aweme!0x3e51ee4 Aweme!0x3ea61ec@0x3ea61ec
call: libsystem_malloc.dylib!0x10160 libsystem_malloc.dylib!0xf6b8@malloc_zone_malloc
call: libsystem_malloc.dylib!0xf750 libsystem_malloc.dylib!0x11d64@default_zone_malloc
call: libsystem_malloc.dylib!0xecc libsystem_malloc.dylib!0xf20@nanov2_allocate$VARIANT$mp
call: libsystem_malloc.dylib!0xf98 libsystem_malloc.dylib!0x1b18@nanov2_allocate_from_block$VARIANT$mp
call: Aweme!0x3ed9d84 Aweme!0x3e523f0@0x3e523f0
call: Aweme!0x3e86bdc Aweme!0x3e872dc@0x3e872dc
call: Aweme!0x3e808e4 Aweme!0x3e58b14@0x3e58b14
call: Aweme!0x3e58af4 Aweme!0x3e58a74@0x3e58a74
call: Aweme!0x3e58afc Aweme!0x775e78c@DYLD-STUB$$pthread_mutex_lock
call: Aweme!0x3e808f0 Aweme!0x775c5d8@DYLD-STUB$$operator new(unsigned long)
call: libc++abi.dylib!0xee0 libc++abi.dylib!0x10e54@DYLD-STUB$$malloc
call: libsystem_malloc.dylib!0x10160 libsystem_malloc.dylib!0xf6b8@malloc_zone_malloc
call: libsystem_malloc.dylib!0xf750 libsystem_malloc.dylib!0x11d64@default_zone_malloc
call: libsystem_malloc.dylib!0xecc libsystem_malloc.dylib!0xf20@nanov2_allocate$VARIANT$mp
call: libsystem_malloc.dylib!0xf98 libsystem_malloc.dylib!0x1b18@nanov2_allocate_from_block$VARIANT$mp
call: Aweme!0x3e80904 Aweme!0x3e58b58@0x3e58b58
call: Aweme!0x3e58b3c Aweme!0x3e58a74@0x3e58a74
call: Aweme!0x3e58b44 Aweme!0x775e7a4@DYLD-STUB$$pthread_mutex_unlock
call: Aweme!0x3ecb5e8 Aweme!0x775e390@DYLD-STUB$$objc_retain
call: Aweme!0x3ecb608 Aweme!0x775e348@DYLD-STUB$$objc_msgSend
call: Aweme!0x3ecb64c Aweme!0x3e5bd68@0x3e5bd68
call: Aweme!0x3e5bd80 Aweme!0x3e58b14@0x3e58b14
call: Aweme!0x3e58af4 Aweme!0x3e58a74@0x3e58a74
call: Aweme!0x3e58afc Aweme!0x775e78c@DYLD-STUB$$pthread_mutex_lock
call: Aweme!0x3e5bd8c Aweme!0x3e58b58@0x3e58b58
call: Aweme!0x3e58b3c Aweme!0x3e58a74@0x3e58a74
call: Aweme!0x3e58b44 Aweme!0x775e7a4@DYLD-STUB$$pthread_mutex_unlock
call: Aweme!0x3ecb654 Aweme!0x3ecb9dc@0x3ecb9dc
call: libc++abi.dylib!0xee0 libc++abi.dylib!0x10e54@DYLD-STUB$$malloc
call: libsystem_malloc.dylib!0x10160 libsystem_malloc.dylib!0xf6b8@malloc_zone_malloc
call: libsystem_malloc.dylib!0xf750 libsystem_malloc.dylib!0x11d64@default_zone_malloc
call: libsystem_malloc.dylib!0xecc libsystem_malloc.dylib!0xf20@nanov2_allocate$VARIANT$mp
call: libsystem_malloc.dylib!0xf98 libsystem_malloc.dylib!0x1b18@nanov2_allocate_from_block$VARIANT$mp
call: Aweme!0x3ecb660 Aweme!0x775e39c@DYLD-STUB$$objc_retainAutorelease
call: libobjc.A.dylib!0x218c4 libobjc.A.dylib!0x20010@objc_retain
call: CoreFoundation!0x6bec CoreFoundation!0xaae2c@_CFNonObjCRetain
call: Aweme!0x3ecb668 Aweme!0x3ecb9e4@0x3ecb9e4
call: CoreFoundation!0x6980 CoreFoundation!0xc7c40@__CFStringMtbl
call: CoreFoundation!0x69b4 CoreFoundation!0xcf3e4@CFStringGetCStringPtr
call: Aweme!0x3ecb674 Aweme!0x3eca930@0x3eca930
call: Aweme!0x3eca8d4 Aweme!0x3ecb180@0x3ecb180
call: Aweme!0x3eca8e8 Aweme!0x775dfd0@DYLD-STUB$$malloc
call: libsystem_malloc.dylib!0x10160 libsystem_malloc.dylib!0xf6b8@malloc_zone_malloc
call: libsystem_malloc.dylib!0xf750 libsystem_malloc.dylib!0x11d64@default_zone_malloc
call: libsystem_malloc.dylib!0xecc libsystem_malloc.dylib!0xf20@nanov2_allocate$VARIANT$mp
call: libsystem_malloc.dylib!0xf98 libsystem_malloc.dylib!0x1b18@nanov2_allocate_from_block$VARIANT$mp
call: Aweme!0x3eca8f4 Aweme!0x3ecb2a0@0x3ecb2a0
call: Aweme!0x3ecb678 Aweme!0x3ecb9dc@0x3ecb9dc
call: libc++abi.dylib!0xee0 libc++abi.dylib!0x10e54@DYLD-STUB$$malloc
call: libsystem_malloc.dylib!0x10160 libsystem_malloc.dylib!0xf6b8@malloc_zone_malloc
call: libsystem_malloc.dylib!0xf750 libsystem_malloc.dylib!0x11d64@default_zone_malloc
call: libsystem_malloc.dylib!0xecc libsystem_malloc.dylib!0xf20@nanov2_allocate$VARIANT$mp
call: libsystem_malloc.dylib!0xf98 libsystem_malloc.dylib!0x1b18@nanov2_allocate_from_block$VARIANT$mp
call: Aweme!0x3ecb68c Aweme!0x775e348@DYLD-STUB$$objc_msgSend
call: CoreFoundation!0x463c libobjc.A.dylib!0x2080@objc_msgSend
call: CoreFoundation!0x4680 libobjc.A.dylib!0x2080@objc_msgSend
call: CoreFoundation!0x4228 CoreFoundation!0x2b6c@_CFStringEqual
call: CoreFoundation!0x4680 libobjc.A.dylib!0x2080@objc_msgSend
call: CoreFoundation!0x4228 CoreFoundation!0x2b6c@_CFStringEqual
call: Aweme!0x3ecb690 Aweme!0x3ecb9c4@0x3ecb9c4
call: CoreFoundation!0x6bec CoreFoundation!0xaae2c@_CFNonObjCRetain
call: Aweme!0x3ecb694 Aweme!0x775e39c@DYLD-STUB$$objc_retainAutorelease
call: libobjc.A.dylib!0x218c4 libobjc.A.dylib!0x20010@objc_retain
call: CoreFoundation!0x6bec CoreFoundation!0xaae2c@_CFNonObjCRetain
call: Aweme!0x3ecb69c Aweme!0x3ecb9e4@0x3ecb9e4
call: CoreFoundation!0x6980 CoreFoundation!0xc7c40@__CFStringMtbl
call: CoreFoundation!0x69b4 CoreFoundation!0xcf3e4@CFStringGetCStringPtr
call: Aweme!0x3ecb6a8 Aweme!0x3eca930@0x3eca930
call: Aweme!0x3eca8d4 Aweme!0x3ecb180@0x3ecb180
call: Aweme!0x3eca8e8 Aweme!0x775dfd0@DYLD-STUB$$malloc
call: libsystem_malloc.dylib!0x10160 libsystem_malloc.dylib!0xf6b8@malloc_zone_malloc
call: libsystem_malloc.dylib!0xf750 libsystem_malloc.dylib!0x11d64@default_zone_malloc
call: libsystem_malloc.dylib!0x6224 libsystem_malloc.dylib!0x17638@tiny_malloc_should_clear
call: libsystem_malloc.dylib!0x176d0 libsystem_platform.dylib!0x8cf8@DYLD-STUB$$os_unfair_lock_lock_with_options
call: libsystem_malloc.dylib!0x17714 libsystem_malloc.dylib!0x1902c@tiny_malloc_from_free_list
call: libsystem_malloc.dylib!0x19688 libsystem_malloc.dylib!0x15fc8@tiny_free_list_add_ptr
call: libsystem_malloc.dylib!0x19270 libsystem_malloc.dylib!0x17ca8@set_tiny_meta_header_in_use
call: libsystem_malloc.dylib!0x17a4c libsystem_platform.dylib!0x8d1c@DYLD-STUB$$os_unfair_lock_unlock
call: Aweme!0x3eca8f4 Aweme!0x3ecb2a0@0x3ecb2a0
call: Aweme!0x3ecb6b8 Aweme!0x3e86920@0x3e86920
call: Aweme!0x3e8694c Aweme!0x3ed9ea8@0x3ed9ea8
call: Aweme!0x3e51e10 Aweme!0x3e52080@0x3e52080
call: Aweme!0x3e8695c Aweme!0x3ed9ddc@0x3ed9ddc
call: Aweme!0x3e86970 Aweme!0x3e51f88@0x3e51f88
call: Aweme!0x3e86980 Aweme!0x3e868c8@0x3e868c8
call: Aweme!0x3e868e0 Aweme!0x775c5d8@DYLD-STUB$$operator new(unsigned long)
call: libc++abi.dylib!0xee0 libc++abi.dylib!0x10e54@DYLD-STUB$$malloc
call: libsystem_malloc.dylib!0x10160 libsystem_malloc.dylib!0xf6b8@malloc_zone_malloc
call: libsystem_malloc.dylib!0xf750 libsystem_malloc.dylib!0x11d64@default_zone_malloc
call: libsystem_malloc.dylib!0xecc libsystem_malloc.dylib!0xf20@nanov2_allocate$VARIANT$mp
