AwemeModuleBase:0x1089a34f0
arg1 https://search3-search-lf.amemv.com/aweme/v1/search/item/?caid1=0803bffc8815b9f02c08f48f95c1008c&tma_jssdk_version=2.1.0.2&minor_status=0&ac=WIFI&appTheme=dark&is_vcd=1&keyword=%E7%8E%8B%E4%B8%80%E5%8D%9A&video_cover_shrink=372_496&enter_from=homepage_hot&sort_type=0&backtrace=M7U2PfbCPC7qlX46ow2D73foIbuD7zG%2BTODCT48wHI74oC1dlQVm4omXMt%2BkHUSKjMf5EJvWyjt3jVKDb%2FBylQ%3D%3D&count=12&is_filter_search=0&user_avatar_shrink=64_64&source=video_search&query_correct_type=1&rs_word_count=5&offset=0&search_source=normal_search&publish_time=0&hot_search=0&aid=1128&app_name=aweme&app_version=14.8.0&build_number=148013&cdid=FEDA96DE-E849-4E15-99C9-66CD61F50ADD&channel=App%20Store&device_id=4169787388733342&device_platform=iphone&device_type=iPhone9,1&idfa=322127EF-8E4E-48E9-98E0-99ACBDC85525&iid=2955926580500413&js_sdk_version=1.99.0.3&mcc_mnc=&openudid=a4cb7b4ade7c5e8e6c90cf8f892aafe6c64c73d1&os_api=18&os_version=13.3.1&screen_width=750&version_code=14.8.0&vid=25AD3C98-7CA5-4B2E-9B39-9BAEFC31BBD2
arg2 {
    "User-Agent" = "Aweme 14.8.0 rv:148013 (iPhone; iOS 13.3.1; zh_CN) Cronet";
    "x-common-params-v2" = "aid=1128&app_name=aweme&app_version=14.8.0&build_number=148013&cdid=FEDA96DE-E849-4E15-99C9-66CD61F50ADD&channel=App%20Store&device_id=4169787388733342&device_platform=iphone&device_type=iPhone9,1&idfa=322127EF-8E4E-48E9-98E0-99ACBDC85525&iid=2955926580500413&js_sdk_version=1.99.0.3&mcc_mnc=&openudid=a4cb7b4ade7c5e8e6c90cf8f892aafe6c64c73d1&os_api=18&os_version=13.3.1&screen_width=750&version_code=14.8.0&vid=25AD3C98-7CA5-4B2E-9B39-9BAEFC31BBD2";
    "x-tt-token" = "003c4774314c4f83d0177a0ae886f5a6f50056cb8fc53fa60c3b0bf88596c762fc922f46798e27276d911e99fde0203a46a8df6837c3279998eaaccf63df5e59c34fb9458bd8d9b17fd1ecf392c2a6fc08649f8411f4295761fc95f3fe46affde27ce-1.0.1";
}
call Aweme!0x3e71110
,	Aweme!0x3e71110 this.args0 0x283752aa0             0  1  2  3  4  5  6  7  8  9  A  B  C  D  E  F  0123456789ABCDEF
283752aa0  68 62 67 0c 01 00 00 00 1a 00 00 00 19 00 00 00  hbg.............
283752ab0  80 2a 75 83 02 00 00 00 45 47 2d 34 00 00 00 00  .*u.....EG-4....
283752ac0  00 00 00 00 00 00 00 00 b7 01 00 00 00 00 00 00  ................
283752ad0  ff ff ff ff ff ff ff ff 00 00 00 00 00 00 00 00  ................
283752ae0  e0 2a d7 ef 64 11 00 00 5e 01 00 00 00 00 00 00  .*..d...^.......
283752af0  00 2b 75 83 02 00 00 00 14 00 00 00 00 00 00 00  .+u.............
283752b00  00 2b d7 ef 64 11 00 00 62 01 00 00 00 00 00 00  .+..d...b.......
283752b10  eb ef 1b f0 54 b8 34 cc ec ef 2b b5 57 b8 34 cc  ....T.4...+.W.4.
283752b20  20 2b d7 ef 64 11 00 00 58 01 00 00 00 00 00 00   +..d...X.......
283752b30  01 00 00 80 00 00 00 00 00 00 00 00 00 00 00 00  ................
283752b40  68 62 67 0c 01 00 00 00 0b 00 00 00 0a 00 00 00  hbg.............
283752b50  20 7c 42 83 02 00 00 00 6d 6f 76 69 65 00 00 00   |B.....movie...
283752b60  60 2b d7 ef 64 11 00 00 5f 01 60 00 00 00 00 00  `+..d..._.`.....
283752b70  0d 76 69 64 65 6f 2f 6d 70 34 76 2d 65 73 00 00  .video/mp4v-es..
283752b80  68 62 67 0c 01 00 00 00 09 00 00 00 08 00 00 00  hbg.............
283752b90  d0 5d 42 83 02 00 00 00 50 45 47 2d 34 00 00 00  .]B.....PEG-4...
283752ba0  a0 2b d7 ef 64 11 00 00 61 01 31 30 39 35 32 37  .+..d...a.109527
283752bb0  34 30 00 32 31 2d 30 31 2d 31 38 00 00 00 00 0a  40.21-01-18.....
283752bc0  c0 2b d7 ef 64 11 00 00 5a 01 60 00 00 00 00 00  .+..d...Z.`.....
283752bd0  0c 70 75 62 6c 69 63 2e 6d 6f 76 69 65 00 00 00  .public.movie...
283752be0  68 62 67 0c 01 00 00 00 0b 00 00 00 0a 00 00 00  hbg.............
283752bf0  e0 78 42 83 02 00 00 00 66 69 6c 6d 00 00 00 00  .xB.....film....
283752c00  00 2c d7 ef 64 11 00 00 63 01 30 2e 32 39 2e 31  .,..d...c.0.29.1
283752c10  30 00 30 32 31 2d 30 31 2d 31 38 00 00 00 00 09  0.021-01-18.....
283752c20  20 2c d7 ef 64 11 00 00 5c 01 00 00 00 00 00 00   ,..d...\.......
283752c30  f1 cc 5a cc 54 f2 04 ce 60 2b 75 83 02 00 00 00  ..Z.T...`+u.....
283752c40  40 2c d7 ef 64 11 00 00 3d 01 31 31 62 63 62 64  @,..d...=.11bcbd
283752c50  2f 32 30 32 31 2d 30 31 2d 31 38 00 00 00 00 13  /2021-01-18.....
283752c60  68 62 67 0c 01 00 00 00 3a 00 00 00 39 00 00 00  hbg.....:...9...
283752c70  00 5c 3a 82 02 00 00 00 50 45 47 2d 34 00 00 00  .\:.....PEG-4...
283752c80  68 62 67 0c 01 00 00 00 cc 00 00 00 cb 00 00 00  hbg.............
283752c90  90 8a d0 80 02 00 00 00 69 74 65 6d 00 00 00 00  ........item....
283752ca0  a0 2c d7 ef 64 11 00 00 68 01 60 00 00 00 00 00  .,..d...h.`.....
283752cb0  0c 46 69 6c 65 6d 20 4d 50 45 47 2d 34 00 00 00  .Filem MPEG-4...
283752cc0  c0 2c d7 ef 64 11 00 00 70 01 60 00 00 00 00 00  .,..d...p.`.....
283752cd0  0c 4d 50 45 47 2d 34 20 6d 6f 76 69 65 00 00 00  .MPEG-4 movie...
283752ce0  e0 2c d7 ef 64 11 00 00 51 01 60 00 00 00 00 00  .,..d...Q.`.....
283752cf0  0c 4d 50 45 47 2d 34 20 6d 6f 76 69 65 00 00 00  .MPEG-4 movie...
283752d00  00 2d d7 ef 64 11 00 00 9c 01 a4 83 02 00 00 00  .-..d...........
283752d10  23 00 00 00 00 00 00 00 30 00 00 00 00 00 00 80  #.......0.......
283752d20  20 2d d7 ef 64 11 00 00 bf 01 60 00 00 00 00 00   -..d.....`.....
283752d30  0e 46 69 6c 6d 61 74 6f 20 4d 50 45 47 2d 34 00  .Filmato MPEG-4.
283752d40  40 2d d7 ef 64 11 00 00 b2 01 60 00 00 00 00 00  @-..d.....`.....
283752d50  0b 66 69 6c 6d 20 4d 50 45 47 2d 34 00 00 00 00  .film MPEG-4....
283752d60  24 6e ba 4e 00 00 00 00 70 9a c2 6b 01 00 00 00  $n.N....p..k....
283752d70  04 2d 00 00 02 00 00 00 12 00 00 00 00 00 00 00  .-..............
283752d80  48 74 74 70 52 65 71 75 65 73 74 43 61 6c 6c 62  HttpRequestCallb
283752d90  61 63 6b 00 6d 20 4d 50 45 47 2d 34 00 00 00 00  ack.m MPEG-4....
283752da0  61 70 69 31 30 30 2d 63 6f 72 65 2d 71 75 69 63  api100-core-quic
283752db0  2d 6c 71 2e 61 6d 65 6d 76 2e 63 6f 6d 00 00 00  -lq.amemv.com...
283752dc0  24 6e ba 4e 00 00 00 00 70 9a c2 6b 01 00 00 00  $n.N....p..k....
283752dd0  04 6e bb 01 64 6b 2e 63 6f 6d 22 00 02 00 00 00  .n..dk.com".....
283752de0  e0 2d d7 ef 64 11 00 00 66 01 60 00 00 00 00 00  .-..d...f.`.....
283752df0  0b 4d 50 45 47 2d 34 20 66 69 6c 6d 00 00 00 00  .MPEG-4 film....
283752e00  24 6e ba 4e 00 00 00 00 70 9a c2 6b 01 00 00 00  $n.N....p..k....
283752e10  04 00 bb 01 00 00 00 00 00 00 00 00 00 00 00 00  ................
283752e20  20 2e d7 ef 64 11 00 00 76 01 90 78 00 00 00 00   ...d...v..x....
283752e30  d0 4e a4 83 02 00 00 00 26 00 00 00 00 00 00 00  .N......&.......
283752e40  40 2e d7 ef 64 11 00 00 3a 01 31 38 32 31 31 34  @...d...:.182114
283752e50  34 33 33 37 33 00 00 00 31 36 31 38 32 31 31 0d  43373...1618211.
283752e60  60 2e d7 ef 64 11 00 00 72 01 60 00 00 00 00 00  `...d...r.`.....
283752e70  e0 4d a4 83 02 00 00 00 26 00 00 00 00 00 00 00  .M......&.......
283752e80  80 2e d7 ef 64 11 00 00 7a 01 00 00 00 00 00 00  ....d...z.......
283752e90  a0 2e 75 83 02 00 00 00 1f 00 00 00 00 00 00 00  ..u.............

,	Aweme!0x3e71110 this.args1 0x283752aa0             0  1  2  3  4  5  6  7  8  9  A  B  C  D  E  F  0123456789ABCDEF
283752aa0  68 62 67 0c 01 00 00 00 1a 00 00 00 19 00 00 00  hbg.............
283752ab0  80 2a 75 83 02 00 00 00 45 47 2d 34 00 00 00 00  .*u.....EG-4....
283752ac0  00 00 00 00 00 00 00 00 b7 01 00 00 00 00 00 00  ................
283752ad0  ff ff ff ff ff ff ff ff 00 00 00 00 00 00 00 00  ................
283752ae0  e0 2a d7 ef 64 11 00 00 5e 01 00 00 00 00 00 00  .*..d...^.......
283752af0  00 2b 75 83 02 00 00 00 14 00 00 00 00 00 00 00  .+u.............
283752b00  00 2b d7 ef 64 11 00 00 62 01 00 00 00 00 00 00  .+..d...b.......
283752b10  eb ef 1b f0 54 b8 34 cc ec ef 2b b5 57 b8 34 cc  ....T.4...+.W.4.
283752b20  20 2b d7 ef 64 11 00 00 58 01 00 00 00 00 00 00   +..d...X.......
283752b30  01 00 00 80 00 00 00 00 00 00 00 00 00 00 00 00  ................
283752b40  68 62 67 0c 01 00 00 00 0b 00 00 00 0a 00 00 00  hbg.............
283752b50  20 7c 42 83 02 00 00 00 6d 6f 76 69 65 00 00 00   |B.....movie...
283752b60  60 2b d7 ef 64 11 00 00 5f 01 60 00 00 00 00 00  `+..d..._.`.....
283752b70  0d 76 69 64 65 6f 2f 6d 70 34 76 2d 65 73 00 00  .video/mp4v-es..
283752b80  68 62 67 0c 01 00 00 00 09 00 00 00 08 00 00 00  hbg.............
283752b90  d0 5d 42 83 02 00 00 00 50 45 47 2d 34 00 00 00  .]B.....PEG-4...
283752ba0  a0 2b d7 ef 64 11 00 00 61 01 31 30 39 35 32 37  .+..d...a.109527
283752bb0  34 30 00 32 31 2d 30 31 2d 31 38 00 00 00 00 0a  40.21-01-18.....
283752bc0  c0 2b d7 ef 64 11 00 00 5a 01 60 00 00 00 00 00  .+..d...Z.`.....
283752bd0  0c 70 75 62 6c 69 63 2e 6d 6f 76 69 65 00 00 00  .public.movie...
283752be0  68 62 67 0c 01 00 00 00 0b 00 00 00 0a 00 00 00  hbg.............
283752bf0  e0 78 42 83 02 00 00 00 66 69 6c 6d 00 00 00 00  .xB.....film....
283752c00  00 2c d7 ef 64 11 00 00 63 01 30 2e 32 39 2e 31  .,..d...c.0.29.1
283752c10  30 00 30 32 31 2d 30 31 2d 31 38 00 00 00 00 09  0.021-01-18.....
283752c20  20 2c d7 ef 64 11 00 00 5c 01 00 00 00 00 00 00   ,..d...\.......
283752c30  f1 cc 5a cc 54 f2 04 ce 60 2b 75 83 02 00 00 00  ..Z.T...`+u.....
283752c40  40 2c d7 ef 64 11 00 00 3d 01 31 31 62 63 62 64  @,..d...=.11bcbd
283752c50  2f 32 30 32 31 2d 30 31 2d 31 38 00 00 00 00 13  /2021-01-18.....
283752c60  68 62 67 0c 01 00 00 00 3a 00 00 00 39 00 00 00  hbg.....:...9...
283752c70  00 5c 3a 82 02 00 00 00 50 45 47 2d 34 00 00 00  .\:.....PEG-4...
283752c80  68 62 67 0c 01 00 00 00 cc 00 00 00 cb 00 00 00  hbg.............
283752c90  90 8a d0 80 02 00 00 00 69 74 65 6d 00 00 00 00  ........item....
283752ca0  a0 2c d7 ef 64 11 00 00 68 01 60 00 00 00 00 00  .,..d...h.`.....
283752cb0  0c 46 69 6c 65 6d 20 4d 50 45 47 2d 34 00 00 00  .Filem MPEG-4...
283752cc0  c0 2c d7 ef 64 11 00 00 70 01 60 00 00 00 00 00  .,..d...p.`.....
283752cd0  0c 4d 50 45 47 2d 34 20 6d 6f 76 69 65 00 00 00  .MPEG-4 movie...
283752ce0  e0 2c d7 ef 64 11 00 00 51 01 60 00 00 00 00 00  .,..d...Q.`.....
283752cf0  0c 4d 50 45 47 2d 34 20 6d 6f 76 69 65 00 00 00  .MPEG-4 movie...
283752d00  00 2d d7 ef 64 11 00 00 9c 01 a4 83 02 00 00 00  .-..d...........
283752d10  23 00 00 00 00 00 00 00 30 00 00 00 00 00 00 80  #.......0.......
283752d20  20 2d d7 ef 64 11 00 00 bf 01 60 00 00 00 00 00   -..d.....`.....
283752d30  0e 46 69 6c 6d 61 74 6f 20 4d 50 45 47 2d 34 00  .Filmato MPEG-4.
283752d40  40 2d d7 ef 64 11 00 00 b2 01 60 00 00 00 00 00  @-..d.....`.....
283752d50  0b 66 69 6c 6d 20 4d 50 45 47 2d 34 00 00 00 00  .film MPEG-4....
283752d60  24 6e ba 4e 00 00 00 00 70 9a c2 6b 01 00 00 00  $n.N....p..k....
283752d70  04 2d 00 00 02 00 00 00 12 00 00 00 00 00 00 00  .-..............
283752d80  48 74 74 70 52 65 71 75 65 73 74 43 61 6c 6c 62  HttpRequestCallb
283752d90  61 63 6b 00 6d 20 4d 50 45 47 2d 34 00 00 00 00  ack.m MPEG-4....
283752da0  61 70 69 31 30 30 2d 63 6f 72 65 2d 71 75 69 63  api100-core-quic
283752db0  2d 6c 71 2e 61 6d 65 6d 76 2e 63 6f 6d 00 00 00  -lq.amemv.com...
283752dc0  24 6e ba 4e 00 00 00 00 70 9a c2 6b 01 00 00 00  $n.N....p..k....
283752dd0  04 6e bb 01 64 6b 2e 63 6f 6d 22 00 02 00 00 00  .n..dk.com".....
283752de0  e0 2d d7 ef 64 11 00 00 66 01 60 00 00 00 00 00  .-..d...f.`.....
283752df0  0b 4d 50 45 47 2d 34 20 66 69 6c 6d 00 00 00 00  .MPEG-4 film....
283752e00  24 6e ba 4e 00 00 00 00 70 9a c2 6b 01 00 00 00  $n.N....p..k....
283752e10  04 00 bb 01 00 00 00 00 00 00 00 00 00 00 00 00  ................
283752e20  20 2e d7 ef 64 11 00 00 76 01 90 78 00 00 00 00   ...d...v..x....
283752e30  d0 4e a4 83 02 00 00 00 26 00 00 00 00 00 00 00  .N......&.......
283752e40  40 2e d7 ef 64 11 00 00 3a 01 31 38 32 31 31 34  @...d...:.182114
283752e50  34 33 33 37 33 00 00 00 31 36 31 38 32 31 31 0d  43373...1618211.
283752e60  60 2e d7 ef 64 11 00 00 72 01 60 00 00 00 00 00  `...d...r.`.....
283752e70  e0 4d a4 83 02 00 00 00 26 00 00 00 00 00 00 00  .M......&.......
283752e80  80 2e d7 ef 64 11 00 00 7a 01 00 00 00 00 00 00  ....d...z.......
283752e90  a0 2e 75 83 02 00 00 00 1f 00 00 00 00 00 00 00  ..u.............

,	Aweme!0x3e71110 this.args2 0x120a8 0x120a8

,	Aweme!0x3e71110 this.args3 0x19ce510e0             0  1  2  3  4  5  6  7  8  9  A  B  C  D  E  F  0123456789ABCDEF
19ce510e0  f6 57 bd a9 f4 4f 01 a9 fd 7b 02 a9 fd 83 00 91  .W...O...{......
19ce510f0  f4 03 02 aa f3 03 01 aa f5 03 00 aa 21 02 00 b4  ............!...
19ce51100  68 fe 5d d3 1f 51 00 f1 c1 01 00 54 08 01 8e 52  h.]..Q.....T...R
19ce51110  a8 6a 68 38 68 02 18 37 9f 0e 40 f2 88 fe 44 d3  .jh8h..7..@...D.
19ce51120  08 05 88 1a 02 05 00 51 e0 03 15 aa e1 03 13 aa  .......Q........
19ce51130  fd 7b 42 a9 f4 4f 41 a9 f6 57 c3 a8 0e 00 00 14  .{B..OA..W......
19ce51140  a0 16 78 f9 03 3c 40 f9 e1 03 13 aa e2 03 14 aa  ..x..<@.........
19ce51150  fd 7b 42 a9 f4 4f 41 a9 f6 57 c3 a8 60 00 1f d6  .{B..OA..W..`...
19ce51160  a1 0a 80 52 e0 03 13 aa e2 03 14 aa f1 9b 00 94  ...R............
19ce51170  ea ff ff 17 fa 67 bb a9 f8 5f 01 a9 f6 57 02 a9  .....g..._...W..
19ce51180  f4 4f 03 a9 fd 7b 04 a9 fd 03 01 91 f4 03 02 aa  .O...{..........
19ce51190  f3 03 00 aa 35 c4 72 92 28 94 66 92 09 0c 78 f9  ....5.r.(.f...x.
19ce511a0  28 01 08 ca 29 7c 4e d3 2a 64 0e 53 29 2d 06 53  (...)|N.*d.S)-.S
19ce511b0  49 15 1a 33 16 49 29 8b c9 00 00 d0 29 81 25 91  I..3.I).....).%.
19ce511c0  c8 02 40 b9 38 59 62 b8 09 07 00 51 2a 00 15 4b  ..@.8Yb....Q*..K
19ce511d0  4b 6c 1c 53 6b 41 00 11 4a 0d cb 1a 4a 05 00 11  Kl.SkA..J...J...
19ce511e0  4a 29 00 12 6b ff 80 52 ac ff 80 52 0d 29 00 12  J)..k..R...R.)..
19ce511f0  0f 01 20 11 ee 25 15 12 10 01 01 12 11 01 48 11  .. ..%........H.
19ce51200  31 26 0b 12 0e 02 0e 2a ce 01 11 2a bf f1 1f 71  1&.....*...*...q
19ce51210  a0 01 00 54 ef 51 0b 53 ff 01 09 6b 41 01 00 54  ...T.Q.S...kA..T
19ce51220  1f 01 00 71 6d b1 8c 1a d9 01 0d 2a cd 7e 5f 88  ...qm......*.~_.
19ce51230  bf 01 08 6b 21 02 00 54 d9 7e 0d 88 8d ff ff 35  ...k!..T.~.....5
19ce51240  11 00 00 14 59 01 0e 2a bf f1 1f 71 6d 01 8d 1a  ....Y..*...qm...
19ce51250  2d 10 00 79 6d 12 78 f9 ad 01 01 ca 2d 00 00 f9  -..ym.x.....-...
19ce51260  cd 7e 5f 88 bf 01 08 6b 81 00 00 54 d9 fe 0d 88  .~_....k...T....
19ce51270  8d ff ff 35 14 00 00 14 5f 3f 03 d5 e8 03 0d aa  ...5...._?......
19ce51280  db ff ff 17 49 62 24 90 29 e9 43 b9 c9 01 00 35  ....Ib$.).C....5
19ce51290  a8 01 f8 37 08 0b 8e 52 77 02 08 8b a1 00 a0 52  ...7...Rw......R
19ce512a0  e0 03 17 aa 95 9e 00 94 e3 03 14 aa e0 03 13 aa  ................
19ce512b0  e1 03 16 aa e2 03 15 aa c3 01 00 94 e0 03 17 aa  ................
19ce512c0  97 9e 00 94 f9 01 f8 37 e8 03 00 32 14 21 d4 1a  .......7...2.!..
19ce512d0  88 00 8e 52 75 02 08 8b a8 02 40 79 88 02 08 0a  ...Ru.....@y....
19ce512e0  29 53 0b 53 20 01 62 1e 1f 01 00 71 01 03 62 1e  )S.S .b....q..b.
19ce512f0  02 10 6d 1e 21 08 62 1e 22 14 60 1e e9 00 00 54  ..m.!.b.".`....T
19ce51300  fd 7b 44 a9 f4 4f 43 a9 f6 57 42 a9 f8 5f 41 a9  .{D..OC..WB.._A.
19ce51310  fa 67 c5 a8 c0 03 5f d6 73 1e 40 91 a1 00 a0 52  .g...._.s.@....R
19ce51320  e0 03 13 aa 75 9e 00 94 a8 02 40 79 08 01 34 0a  ....u.....@y..4.
19ce51330  a8 02 00 79 e0 03 13 aa fd 7b 44 a9 f4 4f 43 a9  ...y.....{D..OC.
19ce51340  f6 57 42 a9 f8 5f 41 a9 fa 67 c5 a8 74 9e 00 14  .WB.._A..g..t...
19ce51350  ff c3 00 d1 f4 4f 01 a9 fd 7b 02 a9 fd 83 00 91  .....O...{......
19ce51360  f3 03 01 aa f4 03 00 aa e1 02 00 b4 68 fe 5d d3  ............h.].
19ce51370  1f 51 00 f1 81 02 00 54 02 00 80 52 e0 03 14 aa  .Q.....T...R....
19ce51380  e1 03 13 aa 8a fe ff 97 e0 01 00 b4 e8 03 00 aa  ................
19ce51390  09 01 8e 52 89 6a 69 38 49 02 18 37 1f 0d 40 f2  ...R.ji8I..7..@.
19ce513a0  08 fd 44 d3 08 05 88 1a 02 05 00 51 e0 03 14 aa  ..D........Q....
19ce513b0  e1 03 13 aa fd 7b 42 a9 f4 4f 41 a9 ff c3 00 91  .....{B..OA.....
19ce513c0  6d ff ff 17 80 16 78 f9 02 18 40 f9 e1 03 13 aa  m.....x...@.....
19ce513d0  fd 7b 42 a9 f4 4f 41 a9 ff c3 00 91 40 00 1f d6  .{B..OA.....@...
19ce513e0  a1 0a 80 52 e0 03 13 aa e8 07 00 f9 e2 03 08 aa  ...R............
19ce513f0  50 9b 00 94 e8 07 40 f9 e9 ff ff 17 f4 4f be a9  P.....@......O..
19ce51400  fd 7b 01 a9 fd 43 00 91 f3 03 02 aa f4 03 00 aa  .{...C..........
19ce51410  3f 04 00 f1 40 02 00 54 28 7c d3 9b ff 03 08 eb  ?...@..T(|......
19ce51420  21 01 00 54 33 7c 13 9b 48 de 1e b0 08 d1 43 f9  !..T3|..H.....C.
19ce51430  08 01 40 f9 09 00 80 92 28 05 08 ca 7f 02 08 eb  ..@.....(.......
19ce51440  e9 00 00 54 c0 be 03 94 e8 03 00 aa 00 00 80 d2  ...T............
19ce51450  e9 07 1e 32 09 01 00 b9 0c 00 00 14 7f 02 04 f1  ...2............
19ce51460  a8 01 00 54 68 3e 00 91 08 ed 7c 92 7f 46 00 f1  ...Th>....|..F..
19ce51470  e9 03 1c 32 21 31 88 9a e2 03 00 32 e0 03 14 aa  ...2!1.....2....
19ce51480  a8 fe ff 97 80 00 00 b4 fd 7b 41 a9 f4 4f c2 a8  .........{A..O..
19ce51490  c0 03 5f d6 80 16 78 f9 03 10 40 f9 e1 03 00 32  .._...x...@....2
19ce514a0  e2 03 13 aa fd 7b 41 a9 f4 4f c2 a8 60 00 1f d6  .....{A..O..`...
19ce514b0  f8 5f bc a9 f6 57 01 a9 f4 4f 02 a9 fd 7b 03 a9  ._...W...O...{..
19ce514c0  fd c3 00 91 f5 03 02 aa f4 03 00 aa c1 01 00 b4  ................
19ce514d0  f3 03 01 aa 02 00 80 52 e0 03 14 aa 34 fe ff 97  .......R....4...

,	Aweme!0x3e71110 this.args4 0x6f 0x6f

,	Aweme!0x3e71110 this.args0 onLeave 0x283752aa0             0  1  2  3  4  5  6  7  8  9  A  B  C  D  E  F  0123456789ABCDEF
283752aa0  68 62 67 0c 01 00 00 00 1a 00 00 00 19 00 00 00  hbg.............
283752ab0  80 2a 75 83 02 00 00 00 45 47 2d 34 00 00 00 00  .*u.....EG-4....
283752ac0  00 00 00 00 00 00 00 00 b7 01 00 00 00 00 00 00  ................
283752ad0  ff ff ff ff ff ff ff ff 00 00 00 00 00 00 00 00  ................
283752ae0  e0 2a d7 ef 64 11 00 00 5e 01 00 00 00 00 00 00  .*..d...^.......
283752af0  00 2b 75 83 02 00 00 00 14 00 00 00 00 00 00 00  .+u.............
283752b00  00 2b d7 ef 64 11 00 00 62 01 00 00 00 00 00 00  .+..d...b.......
283752b10  eb ef 1b f0 54 b8 34 cc ec ef 2b b5 57 b8 34 cc  ....T.4...+.W.4.
283752b20  20 2b d7 ef 64 11 00 00 58 01 00 00 00 00 00 00   +..d...X.......
283752b30  01 00 00 80 00 00 00 00 00 00 00 00 00 00 00 00  ................
283752b40  68 62 67 0c 01 00 00 00 0b 00 00 00 0a 00 00 00  hbg.............
283752b50  20 7c 42 83 02 00 00 00 6d 6f 76 69 65 00 00 00   |B.....movie...
283752b60  60 2b d7 ef 64 11 00 00 5f 01 60 00 00 00 00 00  `+..d..._.`.....
283752b70  0d 76 69 64 65 6f 2f 6d 70 34 76 2d 65 73 00 00  .video/mp4v-es..
283752b80  68 62 67 0c 01 00 00 00 09 00 00 00 08 00 00 00  hbg.............
283752b90  d0 5d 42 83 02 00 00 00 50 45 47 2d 34 00 00 00  .]B.....PEG-4...
283752ba0  a0 2b d7 ef 64 11 00 00 61 01 31 30 39 35 32 37  .+..d...a.109527
283752bb0  34 30 00 32 31 2d 30 31 2d 31 38 00 00 00 00 0a  40.21-01-18.....
283752bc0  c0 2b d7 ef 64 11 00 00 5a 01 60 00 00 00 00 00  .+..d...Z.`.....
283752bd0  0c 70 75 62 6c 69 63 2e 6d 6f 76 69 65 00 00 00  .public.movie...
283752be0  68 62 67 0c 01 00 00 00 0b 00 00 00 0a 00 00 00  hbg.............
283752bf0  e0 78 42 83 02 00 00 00 66 69 6c 6d 00 00 00 00  .xB.....film....
283752c00  00 2c d7 ef 64 11 00 00 63 01 30 2e 32 39 2e 31  .,..d...c.0.29.1
283752c10  30 00 30 32 31 2d 30 31 2d 31 38 00 00 00 00 09  0.021-01-18.....
283752c20  20 2c d7 ef 64 11 00 00 5c 01 00 00 00 00 00 00   ,..d...\.......
283752c30  f1 cc 5a cc 54 f2 04 ce 60 2b 75 83 02 00 00 00  ..Z.T...`+u.....
283752c40  40 2c d7 ef 64 11 00 00 3d 01 31 31 62 63 62 64  @,..d...=.11bcbd
283752c50  2f 32 30 32 31 2d 30 31 2d 31 38 00 00 00 00 13  /2021-01-18.....
283752c60  68 62 67 0c 01 00 00 00 3a 00 00 00 39 00 00 00  hbg.....:...9...
283752c70  00 5c 3a 82 02 00 00 00 50 45 47 2d 34 00 00 00  .\:.....PEG-4...
283752c80  68 62 67 0c 01 00 00 00 cc 00 00 00 cb 00 00 00  hbg.............
283752c90  90 8a d0 80 02 00 00 00 69 74 65 6d 00 00 00 00  ........item....
283752ca0  a0 2c d7 ef 64 11 00 00 68 01 60 00 00 00 00 00  .,..d...h.`.....
283752cb0  0c 46 69 6c 65 6d 20 4d 50 45 47 2d 34 00 00 00  .Filem MPEG-4...
283752cc0  c0 2c d7 ef 64 11 00 00 70 01 60 00 00 00 00 00  .,..d...p.`.....
283752cd0  0c 4d 50 45 47 2d 34 20 6d 6f 76 69 65 00 00 00  .MPEG-4 movie...
283752ce0  e0 2c d7 ef 64 11 00 00 51 01 60 00 00 00 00 00  .,..d...Q.`.....
283752cf0  0c 4d 50 45 47 2d 34 20 6d 6f 76 69 65 00 00 00  .MPEG-4 movie...
283752d00  00 2d d7 ef 64 11 00 00 9c 01 a4 83 02 00 00 00  .-..d...........
283752d10  23 00 00 00 00 00 00 00 30 00 00 00 00 00 00 80  #.......0.......
283752d20  20 2d d7 ef 64 11 00 00 bf 01 60 00 00 00 00 00   -..d.....`.....
283752d30  0e 46 69 6c 6d 61 74 6f 20 4d 50 45 47 2d 34 00  .Filmato MPEG-4.
283752d40  40 2d d7 ef 64 11 00 00 b2 01 60 00 00 00 00 00  @-..d.....`.....
283752d50  0b 66 69 6c 6d 20 4d 50 45 47 2d 34 00 00 00 00  .film MPEG-4....
283752d60  24 6e ba 4e 00 00 00 00 70 9a c2 6b 01 00 00 00  $n.N....p..k....
283752d70  04 2d 00 00 02 00 00 00 12 00 00 00 00 00 00 00  .-..............
283752d80  48 74 74 70 52 65 71 75 65 73 74 43 61 6c 6c 62  HttpRequestCallb
283752d90  61 63 6b 00 6d 20 4d 50 45 47 2d 34 00 00 00 00  ack.m MPEG-4....
283752da0  61 70 69 31 30 30 2d 63 6f 72 65 2d 71 75 69 63  api100-core-quic
283752db0  2d 6c 71 2e 61 6d 65 6d 76 2e 63 6f 6d 00 00 00  -lq.amemv.com...
283752dc0  24 6e ba 4e 00 00 00 00 70 9a c2 6b 01 00 00 00  $n.N....p..k....
283752dd0  04 6e bb 01 64 6b 2e 63 6f 6d 22 00 02 00 00 00  .n..dk.com".....
283752de0  e0 2d d7 ef 64 11 00 00 66 01 60 00 00 00 00 00  .-..d...f.`.....
283752df0  0b 4d 50 45 47 2d 34 20 66 69 6c 6d 00 00 00 00  .MPEG-4 film....
283752e00  24 6e ba 4e 00 00 00 00 70 9a c2 6b 01 00 00 00  $n.N....p..k....
283752e10  04 00 bb 01 00 00 00 00 00 00 00 00 00 00 00 00  ................
283752e20  20 2e d7 ef 64 11 00 00 76 01 90 78 00 00 00 00   ...d...v..x....
283752e30  d0 4e a4 83 02 00 00 00 26 00 00 00 00 00 00 00  .N......&.......
283752e40  40 2e d7 ef 64 11 00 00 3a 01 31 38 32 31 31 34  @...d...:.182114
283752e50  34 33 33 37 33 00 00 00 31 36 31 38 32 31 31 0d  43373...1618211.
283752e60  60 2e d7 ef 64 11 00 00 72 01 60 00 00 00 00 00  `...d...r.`.....
283752e70  e0 4d a4 83 02 00 00 00 26 00 00 00 00 00 00 00  .M......&.......
283752e80  80 2e d7 ef 64 11 00 00 7a 01 00 00 00 00 00 00  ....d...z.......
283752e90  a0 2e 75 83 02 00 00 00 1f 00 00 00 00 00 00 00  ..u.............

,	Aweme!0x3e71110 this.args1 onLeave 0x283752aa0             0  1  2  3  4  5  6  7  8  9  A  B  C  D  E  F  0123456789ABCDEF
283752aa0  68 62 67 0c 01 00 00 00 1a 00 00 00 19 00 00 00  hbg.............
283752ab0  80 2a 75 83 02 00 00 00 45 47 2d 34 00 00 00 00  .*u.....EG-4....
283752ac0  00 00 00 00 00 00 00 00 b7 01 00 00 00 00 00 00  ................
283752ad0  ff ff ff ff ff ff ff ff 00 00 00 00 00 00 00 00  ................
283752ae0  e0 2a d7 ef 64 11 00 00 5e 01 00 00 00 00 00 00  .*..d...^.......
283752af0  00 2b 75 83 02 00 00 00 14 00 00 00 00 00 00 00  .+u.............
283752b00  00 2b d7 ef 64 11 00 00 62 01 00 00 00 00 00 00  .+..d...b.......
283752b10  eb ef 1b f0 54 b8 34 cc ec ef 2b b5 57 b8 34 cc  ....T.4...+.W.4.
283752b20  20 2b d7 ef 64 11 00 00 58 01 00 00 00 00 00 00   +..d...X.......
283752b30  01 00 00 80 00 00 00 00 00 00 00 00 00 00 00 00  ................
283752b40  68 62 67 0c 01 00 00 00 0b 00 00 00 0a 00 00 00  hbg.............
283752b50  20 7c 42 83 02 00 00 00 6d 6f 76 69 65 00 00 00   |B.....movie...
283752b60  60 2b d7 ef 64 11 00 00 5f 01 60 00 00 00 00 00  `+..d..._.`.....
283752b70  0d 76 69 64 65 6f 2f 6d 70 34 76 2d 65 73 00 00  .video/mp4v-es..
283752b80  68 62 67 0c 01 00 00 00 09 00 00 00 08 00 00 00  hbg.............
283752b90  d0 5d 42 83 02 00 00 00 50 45 47 2d 34 00 00 00  .]B.....PEG-4...
283752ba0  a0 2b d7 ef 64 11 00 00 61 01 31 30 39 35 32 37  .+..d...a.109527
283752bb0  34 30 00 32 31 2d 30 31 2d 31 38 00 00 00 00 0a  40.21-01-18.....
283752bc0  c0 2b d7 ef 64 11 00 00 5a 01 60 00 00 00 00 00  .+..d...Z.`.....
283752bd0  0c 70 75 62 6c 69 63 2e 6d 6f 76 69 65 00 00 00  .public.movie...
283752be0  68 62 67 0c 01 00 00 00 0b 00 00 00 0a 00 00 00  hbg.............
283752bf0  e0 78 42 83 02 00 00 00 66 69 6c 6d 00 00 00 00  .xB.....film....
283752c00  00 2c d7 ef 64 11 00 00 63 01 30 2e 32 39 2e 31  .,..d...c.0.29.1
283752c10  30 00 30 32 31 2d 30 31 2d 31 38 00 00 00 00 09  0.021-01-18.....
283752c20  20 2c d7 ef 64 11 00 00 5c 01 00 00 00 00 00 00   ,..d...\.......
283752c30  f1 cc 5a cc 54 f2 04 ce 60 2b 75 83 02 00 00 00  ..Z.T...`+u.....
283752c40  40 2c d7 ef 64 11 00 00 3d 01 31 31 62 63 62 64  @,..d...=.11bcbd
283752c50  2f 32 30 32 31 2d 30 31 2d 31 38 00 00 00 00 13  /2021-01-18.....
283752c60  68 62 67 0c 01 00 00 00 3a 00 00 00 39 00 00 00  hbg.....:...9...
283752c70  00 5c 3a 82 02 00 00 00 50 45 47 2d 34 00 00 00  .\:.....PEG-4...
283752c80  68 62 67 0c 01 00 00 00 cc 00 00 00 cb 00 00 00  hbg.............
283752c90  90 8a d0 80 02 00 00 00 69 74 65 6d 00 00 00 00  ........item....
283752ca0  a0 2c d7 ef 64 11 00 00 68 01 60 00 00 00 00 00  .,..d...h.`.....
283752cb0  0c 46 69 6c 65 6d 20 4d 50 45 47 2d 34 00 00 00  .Filem MPEG-4...
283752cc0  c0 2c d7 ef 64 11 00 00 70 01 60 00 00 00 00 00  .,..d...p.`.....
283752cd0  0c 4d 50 45 47 2d 34 20 6d 6f 76 69 65 00 00 00  .MPEG-4 movie...
283752ce0  e0 2c d7 ef 64 11 00 00 51 01 60 00 00 00 00 00  .,..d...Q.`.....
283752cf0  0c 4d 50 45 47 2d 34 20 6d 6f 76 69 65 00 00 00  .MPEG-4 movie...
283752d00  00 2d d7 ef 64 11 00 00 9c 01 a4 83 02 00 00 00  .-..d...........
283752d10  23 00 00 00 00 00 00 00 30 00 00 00 00 00 00 80  #.......0.......
283752d20  20 2d d7 ef 64 11 00 00 bf 01 60 00 00 00 00 00   -..d.....`.....
283752d30  0e 46 69 6c 6d 61 74 6f 20 4d 50 45 47 2d 34 00  .Filmato MPEG-4.
283752d40  40 2d d7 ef 64 11 00 00 b2 01 60 00 00 00 00 00  @-..d.....`.....
283752d50  0b 66 69 6c 6d 20 4d 50 45 47 2d 34 00 00 00 00  .film MPEG-4....
283752d60  24 6e ba 4e 00 00 00 00 70 9a c2 6b 01 00 00 00  $n.N....p..k....
283752d70  04 2d 00 00 02 00 00 00 12 00 00 00 00 00 00 00  .-..............
283752d80  48 74 74 70 52 65 71 75 65 73 74 43 61 6c 6c 62  HttpRequestCallb
283752d90  61 63 6b 00 6d 20 4d 50 45 47 2d 34 00 00 00 00  ack.m MPEG-4....
283752da0  61 70 69 31 30 30 2d 63 6f 72 65 2d 71 75 69 63  api100-core-quic
283752db0  2d 6c 71 2e 61 6d 65 6d 76 2e 63 6f 6d 00 00 00  -lq.amemv.com...
283752dc0  24 6e ba 4e 00 00 00 00 70 9a c2 6b 01 00 00 00  $n.N....p..k....
283752dd0  04 6e bb 01 64 6b 2e 63 6f 6d 22 00 02 00 00 00  .n..dk.com".....
283752de0  e0 2d d7 ef 64 11 00 00 66 01 60 00 00 00 00 00  .-..d...f.`.....
283752df0  0b 4d 50 45 47 2d 34 20 66 69 6c 6d 00 00 00 00  .MPEG-4 film....
283752e00  24 6e ba 4e 00 00 00 00 70 9a c2 6b 01 00 00 00  $n.N....p..k....
283752e10  04 00 bb 01 00 00 00 00 00 00 00 00 00 00 00 00  ................
283752e20  20 2e d7 ef 64 11 00 00 76 01 90 78 00 00 00 00   ...d...v..x....
283752e30  d0 4e a4 83 02 00 00 00 26 00 00 00 00 00 00 00  .N......&.......
283752e40  40 2e d7 ef 64 11 00 00 3a 01 31 38 32 31 31 34  @...d...:.182114
283752e50  34 33 33 37 33 00 00 00 31 36 31 38 32 31 31 0d  43373...1618211.
283752e60  60 2e d7 ef 64 11 00 00 72 01 60 00 00 00 00 00  `...d...r.`.....
283752e70  e0 4d a4 83 02 00 00 00 26 00 00 00 00 00 00 00  .M......&.......
283752e80  80 2e d7 ef 64 11 00 00 7a 01 00 00 00 00 00 00  ....d...z.......
283752e90  a0 2e 75 83 02 00 00 00 1f 00 00 00 00 00 00 00  ..u.............

,	Aweme!0x3e71110 this.args2 onLeave 0x120a8 0x120a8

,	Aweme!0x3e71110 this.args3 onLeave 0x19ce510e0             0  1  2  3  4  5  6  7  8  9  A  B  C  D  E  F  0123456789ABCDEF
19ce510e0  f6 57 bd a9 f4 4f 01 a9 fd 7b 02 a9 fd 83 00 91  .W...O...{......
19ce510f0  f4 03 02 aa f3 03 01 aa f5 03 00 aa 21 02 00 b4  ............!...
19ce51100  68 fe 5d d3 1f 51 00 f1 c1 01 00 54 08 01 8e 52  h.]..Q.....T...R
19ce51110  a8 6a 68 38 68 02 18 37 9f 0e 40 f2 88 fe 44 d3  .jh8h..7..@...D.
19ce51120  08 05 88 1a 02 05 00 51 e0 03 15 aa e1 03 13 aa  .......Q........
19ce51130  fd 7b 42 a9 f4 4f 41 a9 f6 57 c3 a8 0e 00 00 14  .{B..OA..W......
19ce51140  a0 16 78 f9 03 3c 40 f9 e1 03 13 aa e2 03 14 aa  ..x..<@.........
19ce51150  fd 7b 42 a9 f4 4f 41 a9 f6 57 c3 a8 60 00 1f d6  .{B..OA..W..`...
19ce51160  a1 0a 80 52 e0 03 13 aa e2 03 14 aa f1 9b 00 94  ...R............
19ce51170  ea ff ff 17 fa 67 bb a9 f8 5f 01 a9 f6 57 02 a9  .....g..._...W..
19ce51180  f4 4f 03 a9 fd 7b 04 a9 fd 03 01 91 f4 03 02 aa  .O...{..........
19ce51190  f3 03 00 aa 35 c4 72 92 28 94 66 92 09 0c 78 f9  ....5.r.(.f...x.
19ce511a0  28 01 08 ca 29 7c 4e d3 2a 64 0e 53 29 2d 06 53  (...)|N.*d.S)-.S
19ce511b0  49 15 1a 33 16 49 29 8b c9 00 00 d0 29 81 25 91  I..3.I).....).%.
19ce511c0  c8 02 40 b9 38 59 62 b8 09 07 00 51 2a 00 15 4b  ..@.8Yb....Q*..K
19ce511d0  4b 6c 1c 53 6b 41 00 11 4a 0d cb 1a 4a 05 00 11  Kl.SkA..J...J...
19ce511e0  4a 29 00 12 6b ff 80 52 ac ff 80 52 0d 29 00 12  J)..k..R...R.)..
19ce511f0  0f 01 20 11 ee 25 15 12 10 01 01 12 11 01 48 11  .. ..%........H.
19ce51200  31 26 0b 12 0e 02 0e 2a ce 01 11 2a bf f1 1f 71  1&.....*...*...q
19ce51210  a0 01 00 54 ef 51 0b 53 ff 01 09 6b 41 01 00 54  ...T.Q.S...kA..T
19ce51220  1f 01 00 71 6d b1 8c 1a d9 01 0d 2a cd 7e 5f 88  ...qm......*.~_.
19ce51230  bf 01 08 6b 21 02 00 54 d9 7e 0d 88 8d ff ff 35  ...k!..T.~.....5
19ce51240  11 00 00 14 59 01 0e 2a bf f1 1f 71 6d 01 8d 1a  ....Y..*...qm...
19ce51250  2d 10 00 79 6d 12 78 f9 ad 01 01 ca 2d 00 00 f9  -..ym.x.....-...
19ce51260  cd 7e 5f 88 bf 01 08 6b 81 00 00 54 d9 fe 0d 88  .~_....k...T....
19ce51270  8d ff ff 35 14 00 00 14 5f 3f 03 d5 e8 03 0d aa  ...5...._?......
19ce51280  db ff ff 17 49 62 24 90 29 e9 43 b9 c9 01 00 35  ....Ib$.).C....5
19ce51290  a8 01 f8 37 08 0b 8e 52 77 02 08 8b a1 00 a0 52  ...7...Rw......R
19ce512a0  e0 03 17 aa 95 9e 00 94 e3 03 14 aa e0 03 13 aa  ................
19ce512b0  e1 03 16 aa e2 03 15 aa c3 01 00 94 e0 03 17 aa  ................
19ce512c0  97 9e 00 94 f9 01 f8 37 e8 03 00 32 14 21 d4 1a  .......7...2.!..
19ce512d0  88 00 8e 52 75 02 08 8b a8 02 40 79 88 02 08 0a  ...Ru.....@y....
19ce512e0  29 53 0b 53 20 01 62 1e 1f 01 00 71 01 03 62 1e  )S.S .b....q..b.
19ce512f0  02 10 6d 1e 21 08 62 1e 22 14 60 1e e9 00 00 54  ..m.!.b.".`....T
19ce51300  fd 7b 44 a9 f4 4f 43 a9 f6 57 42 a9 f8 5f 41 a9  .{D..OC..WB.._A.
19ce51310  fa 67 c5 a8 c0 03 5f d6 73 1e 40 91 a1 00 a0 52  .g...._.s.@....R
19ce51320  e0 03 13 aa 75 9e 00 94 a8 02 40 79 08 01 34 0a  ....u.....@y..4.
19ce51330  a8 02 00 79 e0 03 13 aa fd 7b 44 a9 f4 4f 43 a9  ...y.....{D..OC.
19ce51340  f6 57 42 a9 f8 5f 41 a9 fa 67 c5 a8 74 9e 00 14  .WB.._A..g..t...
19ce51350  ff c3 00 d1 f4 4f 01 a9 fd 7b 02 a9 fd 83 00 91  .....O...{......
19ce51360  f3 03 01 aa f4 03 00 aa e1 02 00 b4 68 fe 5d d3  ............h.].
19ce51370  1f 51 00 f1 81 02 00 54 02 00 80 52 e0 03 14 aa  .Q.....T...R....
19ce51380  e1 03 13 aa 8a fe ff 97 e0 01 00 b4 e8 03 00 aa  ................
19ce51390  09 01 8e 52 89 6a 69 38 49 02 18 37 1f 0d 40 f2  ...R.ji8I..7..@.
19ce513a0  08 fd 44 d3 08 05 88 1a 02 05 00 51 e0 03 14 aa  ..D........Q....
19ce513b0  e1 03 13 aa fd 7b 42 a9 f4 4f 41 a9 ff c3 00 91  .....{B..OA.....
19ce513c0  6d ff ff 17 80 16 78 f9 02 18 40 f9 e1 03 13 aa  m.....x...@.....
19ce513d0  fd 7b 42 a9 f4 4f 41 a9 ff c3 00 91 40 00 1f d6  .{B..OA.....@...
19ce513e0  a1 0a 80 52 e0 03 13 aa e8 07 00 f9 e2 03 08 aa  ...R............
19ce513f0  50 9b 00 94 e8 07 40 f9 e9 ff ff 17 f4 4f be a9  P.....@......O..
19ce51400  fd 7b 01 a9 fd 43 00 91 f3 03 02 aa f4 03 00 aa  .{...C..........
19ce51410  3f 04 00 f1 40 02 00 54 28 7c d3 9b ff 03 08 eb  ?...@..T(|......
19ce51420  21 01 00 54 33 7c 13 9b 48 de 1e b0 08 d1 43 f9  !..T3|..H.....C.
19ce51430  08 01 40 f9 09 00 80 92 28 05 08 ca 7f 02 08 eb  ..@.....(.......
19ce51440  e9 00 00 54 c0 be 03 94 e8 03 00 aa 00 00 80 d2  ...T............
19ce51450  e9 07 1e 32 09 01 00 b9 0c 00 00 14 7f 02 04 f1  ...2............
19ce51460  a8 01 00 54 68 3e 00 91 08 ed 7c 92 7f 46 00 f1  ...Th>....|..F..
19ce51470  e9 03 1c 32 21 31 88 9a e2 03 00 32 e0 03 14 aa  ...2!1.....2....
19ce51480  a8 fe ff 97 80 00 00 b4 fd 7b 41 a9 f4 4f c2 a8  .........{A..O..
19ce51490  c0 03 5f d6 80 16 78 f9 03 10 40 f9 e1 03 00 32  .._...x...@....2
19ce514a0  e2 03 13 aa fd 7b 41 a9 f4 4f c2 a8 60 00 1f d6  .....{A..O..`...
19ce514b0  f8 5f bc a9 f6 57 01 a9 f4 4f 02 a9 fd 7b 03 a9  ._...W...O...{..
19ce514c0  fd c3 00 91 f5 03 02 aa f4 03 00 aa c1 01 00 b4  ................
19ce514d0  f3 03 01 aa 02 00 80 52 e0 03 14 aa 34 fe ff 97  .......R....4...

,	Aweme!0x3e71110 this.args4 onLeave 0x6f 0x6f

,retval onLeave: 0x283752aa0             0  1  2  3  4  5  6  7  8  9  A  B  C  D  E  F  0123456789ABCDEF
283752aa0  68 62 67 0c 01 00 00 00 1a 00 00 00 19 00 00 00  hbg.............
283752ab0  80 2a 75 83 02 00 00 00 45 47 2d 34 00 00 00 00  .*u.....EG-4....
283752ac0  00 00 00 00 00 00 00 00 b7 01 00 00 00 00 00 00  ................
283752ad0  ff ff ff ff ff ff ff ff 00 00 00 00 00 00 00 00  ................
283752ae0  e0 2a d7 ef 64 11 00 00 5e 01 00 00 00 00 00 00  .*..d...^.......
283752af0  00 2b 75 83 02 00 00 00 14 00 00 00 00 00 00 00  .+u.............
283752b00  00 2b d7 ef 64 11 00 00 62 01 00 00 00 00 00 00  .+..d...b.......
283752b10  eb ef 1b f0 54 b8 34 cc ec ef 2b b5 57 b8 34 cc  ....T.4...+.W.4.
283752b20  20 2b d7 ef 64 11 00 00 58 01 00 00 00 00 00 00   +..d...X.......
283752b30  01 00 00 80 00 00 00 00 00 00 00 00 00 00 00 00  ................
283752b40  68 62 67 0c 01 00 00 00 0b 00 00 00 0a 00 00 00  hbg.............
283752b50  20 7c 42 83 02 00 00 00 6d 6f 76 69 65 00 00 00   |B.....movie...
283752b60  60 2b d7 ef 64 11 00 00 5f 01 60 00 00 00 00 00  `+..d..._.`.....
283752b70  0d 76 69 64 65 6f 2f 6d 70 34 76 2d 65 73 00 00  .video/mp4v-es..
283752b80  68 62 67 0c 01 00 00 00 09 00 00 00 08 00 00 00  hbg.............
283752b90  d0 5d 42 83 02 00 00 00 50 45 47 2d 34 00 00 00  .]B.....PEG-4...
283752ba0  a0 2b d7 ef 64 11 00 00 61 01 31 30 39 35 32 37  .+..d...a.109527
283752bb0  34 30 00 32 31 2d 30 31 2d 31 38 00 00 00 00 0a  40.21-01-18.....
283752bc0  c0 2b d7 ef 64 11 00 00 5a 01 60 00 00 00 00 00  .+..d...Z.`.....
283752bd0  0c 70 75 62 6c 69 63 2e 6d 6f 76 69 65 00 00 00  .public.movie...
283752be0  68 62 67 0c 01 00 00 00 0b 00 00 00 0a 00 00 00  hbg.............
283752bf0  e0 78 42 83 02 00 00 00 66 69 6c 6d 00 00 00 00  .xB.....film....
283752c00  00 2c d7 ef 64 11 00 00 63 01 30 2e 32 39 2e 31  .,..d...c.0.29.1
283752c10  30 00 30 32 31 2d 30 31 2d 31 38 00 00 00 00 09  0.021-01-18.....
283752c20  20 2c d7 ef 64 11 00 00 5c 01 00 00 00 00 00 00   ,..d...\.......
283752c30  f1 cc 5a cc 54 f2 04 ce 60 2b 75 83 02 00 00 00  ..Z.T...`+u.....
283752c40  40 2c d7 ef 64 11 00 00 3d 01 31 31 62 63 62 64  @,..d...=.11bcbd
283752c50  2f 32 30 32 31 2d 30 31 2d 31 38 00 00 00 00 13  /2021-01-18.....
283752c60  68 62 67 0c 01 00 00 00 3a 00 00 00 39 00 00 00  hbg.....:...9...
283752c70  00 5c 3a 82 02 00 00 00 50 45 47 2d 34 00 00 00  .\:.....PEG-4...
283752c80  68 62 67 0c 01 00 00 00 cc 00 00 00 cb 00 00 00  hbg.............
283752c90  90 8a d0 80 02 00 00 00 69 74 65 6d 00 00 00 00  ........item....
283752ca0  a0 2c d7 ef 64 11 00 00 68 01 60 00 00 00 00 00  .,..d...h.`.....
283752cb0  0c 46 69 6c 65 6d 20 4d 50 45 47 2d 34 00 00 00  .Filem MPEG-4...
283752cc0  c0 2c d7 ef 64 11 00 00 70 01 60 00 00 00 00 00  .,..d...p.`.....
283752cd0  0c 4d 50 45 47 2d 34 20 6d 6f 76 69 65 00 00 00  .MPEG-4 movie...
283752ce0  e0 2c d7 ef 64 11 00 00 51 01 60 00 00 00 00 00  .,..d...Q.`.....
283752cf0  0c 4d 50 45 47 2d 34 20 6d 6f 76 69 65 00 00 00  .MPEG-4 movie...
283752d00  00 2d d7 ef 64 11 00 00 9c 01 a4 83 02 00 00 00  .-..d...........
283752d10  23 00 00 00 00 00 00 00 30 00 00 00 00 00 00 80  #.......0.......
283752d20  20 2d d7 ef 64 11 00 00 bf 01 60 00 00 00 00 00   -..d.....`.....
283752d30  0e 46 69 6c 6d 61 74 6f 20 4d 50 45 47 2d 34 00  .Filmato MPEG-4.
283752d40  40 2d d7 ef 64 11 00 00 b2 01 60 00 00 00 00 00  @-..d.....`.....
283752d50  0b 66 69 6c 6d 20 4d 50 45 47 2d 34 00 00 00 00  .film MPEG-4....
283752d60  24 6e ba 4e 00 00 00 00 70 9a c2 6b 01 00 00 00  $n.N....p..k....
283752d70  04 2d 00 00 02 00 00 00 12 00 00 00 00 00 00 00  .-..............
283752d80  48 74 74 70 52 65 71 75 65 73 74 43 61 6c 6c 62  HttpRequestCallb
283752d90  61 63 6b 00 6d 20 4d 50 45 47 2d 34 00 00 00 00  ack.m MPEG-4....
283752da0  61 70 69 31 30 30 2d 63 6f 72 65 2d 71 75 69 63  api100-core-quic
283752db0  2d 6c 71 2e 61 6d 65 6d 76 2e 63 6f 6d 00 00 00  -lq.amemv.com...
283752dc0  24 6e ba 4e 00 00 00 00 70 9a c2 6b 01 00 00 00  $n.N....p..k....
283752dd0  04 6e bb 01 64 6b 2e 63 6f 6d 22 00 02 00 00 00  .n..dk.com".....
283752de0  e0 2d d7 ef 64 11 00 00 66 01 60 00 00 00 00 00  .-..d...f.`.....
283752df0  0b 4d 50 45 47 2d 34 20 66 69 6c 6d 00 00 00 00  .MPEG-4 film....
283752e00  24 6e ba 4e 00 00 00 00 70 9a c2 6b 01 00 00 00  $n.N....p..k....
283752e10  04 00 bb 01 00 00 00 00 00 00 00 00 00 00 00 00  ................
283752e20  20 2e d7 ef 64 11 00 00 76 01 90 78 00 00 00 00   ...d...v..x....
283752e30  d0 4e a4 83 02 00 00 00 26 00 00 00 00 00 00 00  .N......&.......
283752e40  40 2e d7 ef 64 11 00 00 3a 01 31 38 32 31 31 34  @...d...:.182114
283752e50  34 33 33 37 33 00 00 00 31 36 31 38 32 31 31 0d  43373...1618211.
283752e60  60 2e d7 ef 64 11 00 00 72 01 60 00 00 00 00 00  `...d...r.`.....
283752e70  e0 4d a4 83 02 00 00 00 26 00 00 00 00 00 00 00  .M......&.......
283752e80  80 2e d7 ef 64 11 00 00 7a 01 00 00 00 00 00 00  ....d...z.......
283752e90  a0 2e 75 83 02 00 00 00 1f 00 00 00 00 00 00 00  ..u.............

call Aweme!0x3e71110
,	Aweme!0x3e71110 this.args0 0x0 0x0

,	Aweme!0x3e71110 this.args1 0x0 0x0

,	Aweme!0x3e71110 this.args2 0x120a8 0x120a8

,	Aweme!0x3e71110 this.args3 0x19ce510e0             0  1  2  3  4  5  6  7  8  9  A  B  C  D  E  F  0123456789ABCDEF
19ce510e0  f6 57 bd a9 f4 4f 01 a9 fd 7b 02 a9 fd 83 00 91  .W...O...{......
19ce510f0  f4 03 02 aa f3 03 01 aa f5 03 00 aa 21 02 00 b4  ............!...
19ce51100  68 fe 5d d3 1f 51 00 f1 c1 01 00 54 08 01 8e 52  h.]..Q.....T...R
19ce51110  a8 6a 68 38 68 02 18 37 9f 0e 40 f2 88 fe 44 d3  .jh8h..7..@...D.
19ce51120  08 05 88 1a 02 05 00 51 e0 03 15 aa e1 03 13 aa  .......Q........
19ce51130  fd 7b 42 a9 f4 4f 41 a9 f6 57 c3 a8 0e 00 00 14  .{B..OA..W......
19ce51140  a0 16 78 f9 03 3c 40 f9 e1 03 13 aa e2 03 14 aa  ..x..<@.........
19ce51150  fd 7b 42 a9 f4 4f 41 a9 f6 57 c3 a8 60 00 1f d6  .{B..OA..W..`...
19ce51160  a1 0a 80 52 e0 03 13 aa e2 03 14 aa f1 9b 00 94  ...R............
19ce51170  ea ff ff 17 fa 67 bb a9 f8 5f 01 a9 f6 57 02 a9  .....g..._...W..
19ce51180  f4 4f 03 a9 fd 7b 04 a9 fd 03 01 91 f4 03 02 aa  .O...{..........
19ce51190  f3 03 00 aa 35 c4 72 92 28 94 66 92 09 0c 78 f9  ....5.r.(.f...x.
19ce511a0  28 01 08 ca 29 7c 4e d3 2a 64 0e 53 29 2d 06 53  (...)|N.*d.S)-.S
19ce511b0  49 15 1a 33 16 49 29 8b c9 00 00 d0 29 81 25 91  I..3.I).....).%.
19ce511c0  c8 02 40 b9 38 59 62 b8 09 07 00 51 2a 00 15 4b  ..@.8Yb....Q*..K
19ce511d0  4b 6c 1c 53 6b 41 00 11 4a 0d cb 1a 4a 05 00 11  Kl.SkA..J...J...
19ce511e0  4a 29 00 12 6b ff 80 52 ac ff 80 52 0d 29 00 12  J)..k..R...R.)..
19ce511f0  0f 01 20 11 ee 25 15 12 10 01 01 12 11 01 48 11  .. ..%........H.
19ce51200  31 26 0b 12 0e 02 0e 2a ce 01 11 2a bf f1 1f 71  1&.....*...*...q
19ce51210  a0 01 00 54 ef 51 0b 53 ff 01 09 6b 41 01 00 54  ...T.Q.S...kA..T
19ce51220  1f 01 00 71 6d b1 8c 1a d9 01 0d 2a cd 7e 5f 88  ...qm......*.~_.
19ce51230  bf 01 08 6b 21 02 00 54 d9 7e 0d 88 8d ff ff 35  ...k!..T.~.....5
19ce51240  11 00 00 14 59 01 0e 2a bf f1 1f 71 6d 01 8d 1a  ....Y..*...qm...
19ce51250  2d 10 00 79 6d 12 78 f9 ad 01 01 ca 2d 00 00 f9  -..ym.x.....-...
19ce51260  cd 7e 5f 88 bf 01 08 6b 81 00 00 54 d9 fe 0d 88  .~_....k...T....
19ce51270  8d ff ff 35 14 00 00 14 5f 3f 03 d5 e8 03 0d aa  ...5...._?......
19ce51280  db ff ff 17 49 62 24 90 29 e9 43 b9 c9 01 00 35  ....Ib$.).C....5
19ce51290  a8 01 f8 37 08 0b 8e 52 77 02 08 8b a1 00 a0 52  ...7...Rw......R
19ce512a0  e0 03 17 aa 95 9e 00 94 e3 03 14 aa e0 03 13 aa  ................
19ce512b0  e1 03 16 aa e2 03 15 aa c3 01 00 94 e0 03 17 aa  ................
19ce512c0  97 9e 00 94 f9 01 f8 37 e8 03 00 32 14 21 d4 1a  .......7...2.!..
19ce512d0  88 00 8e 52 75 02 08 8b a8 02 40 79 88 02 08 0a  ...Ru.....@y....
19ce512e0  29 53 0b 53 20 01 62 1e 1f 01 00 71 01 03 62 1e  )S.S .b....q..b.
19ce512f0  02 10 6d 1e 21 08 62 1e 22 14 60 1e e9 00 00 54  ..m.!.b.".`....T
19ce51300  fd 7b 44 a9 f4 4f 43 a9 f6 57 42 a9 f8 5f 41 a9  .{D..OC..WB.._A.
19ce51310  fa 67 c5 a8 c0 03 5f d6 73 1e 40 91 a1 00 a0 52  .g...._.s.@....R
19ce51320  e0 03 13 aa 75 9e 00 94 a8 02 40 79 08 01 34 0a  ....u.....@y..4.
19ce51330  a8 02 00 79 e0 03 13 aa fd 7b 44 a9 f4 4f 43 a9  ...y.....{D..OC.
19ce51340  f6 57 42 a9 f8 5f 41 a9 fa 67 c5 a8 74 9e 00 14  .WB.._A..g..t...
19ce51350  ff c3 00 d1 f4 4f 01 a9 fd 7b 02 a9 fd 83 00 91  .....O...{......
19ce51360  f3 03 01 aa f4 03 00 aa e1 02 00 b4 68 fe 5d d3  ............h.].
19ce51370  1f 51 00 f1 81 02 00 54 02 00 80 52 e0 03 14 aa  .Q.....T...R....
19ce51380  e1 03 13 aa 8a fe ff 97 e0 01 00 b4 e8 03 00 aa  ................
19ce51390  09 01 8e 52 89 6a 69 38 49 02 18 37 1f 0d 40 f2  ...R.ji8I..7..@.
19ce513a0  08 fd 44 d3 08 05 88 1a 02 05 00 51 e0 03 14 aa  ..D........Q....
19ce513b0  e1 03 13 aa fd 7b 42 a9 f4 4f 41 a9 ff c3 00 91  .....{B..OA.....
19ce513c0  6d ff ff 17 80 16 78 f9 02 18 40 f9 e1 03 13 aa  m.....x...@.....
19ce513d0  fd 7b 42 a9 f4 4f 41 a9 ff c3 00 91 40 00 1f d6  .{B..OA.....@...
19ce513e0  a1 0a 80 52 e0 03 13 aa e8 07 00 f9 e2 03 08 aa  ...R............
19ce513f0  50 9b 00 94 e8 07 40 f9 e9 ff ff 17 f4 4f be a9  P.....@......O..
19ce51400  fd 7b 01 a9 fd 43 00 91 f3 03 02 aa f4 03 00 aa  .{...C..........
19ce51410  3f 04 00 f1 40 02 00 54 28 7c d3 9b ff 03 08 eb  ?...@..T(|......
19ce51420  21 01 00 54 33 7c 13 9b 48 de 1e b0 08 d1 43 f9  !..T3|..H.....C.
19ce51430  08 01 40 f9 09 00 80 92 28 05 08 ca 7f 02 08 eb  ..@.....(.......
19ce51440  e9 00 00 54 c0 be 03 94 e8 03 00 aa 00 00 80 d2  ...T............
19ce51450  e9 07 1e 32 09 01 00 b9 0c 00 00 14 7f 02 04 f1  ...2............
19ce51460  a8 01 00 54 68 3e 00 91 08 ed 7c 92 7f 46 00 f1  ...Th>....|..F..
19ce51470  e9 03 1c 32 21 31 88 9a e2 03 00 32 e0 03 14 aa  ...2!1.....2....
19ce51480  a8 fe ff 97 80 00 00 b4 fd 7b 41 a9 f4 4f c2 a8  .........{A..O..
19ce51490  c0 03 5f d6 80 16 78 f9 03 10 40 f9 e1 03 00 32  .._...x...@....2
19ce514a0  e2 03 13 aa fd 7b 41 a9 f4 4f c2 a8 60 00 1f d6  .....{A..O..`...
19ce514b0  f8 5f bc a9 f6 57 01 a9 f4 4f 02 a9 fd 7b 03 a9  ._...W...O...{..
19ce514c0  fd c3 00 91 f5 03 02 aa f4 03 00 aa c1 01 00 b4  ................
19ce514d0  f3 03 01 aa 02 00 80 52 e0 03 14 aa 34 fe ff 97  .......R....4...

,	Aweme!0x3e71110 this.args4 0x1 0x1

,	Aweme!0x3e71110 this.args0 onLeave 0x0 0x0

,	Aweme!0x3e71110 this.args1 onLeave 0x0 0x0

,	Aweme!0x3e71110 this.args2 onLeave 0x120a8 0x120a8

,	Aweme!0x3e71110 this.args3 onLeave 0x19ce510e0             0  1  2  3  4  5  6  7  8  9  A  B  C  D  E  F  0123456789ABCDEF
19ce510e0  f6 57 bd a9 f4 4f 01 a9 fd 7b 02 a9 fd 83 00 91  .W...O...{......
19ce510f0  f4 03 02 aa f3 03 01 aa f5 03 00 aa 21 02 00 b4  ............!...
19ce51100  68 fe 5d d3 1f 51 00 f1 c1 01 00 54 08 01 8e 52  h.]..Q.....T...R
19ce51110  a8 6a 68 38 68 02 18 37 9f 0e 40 f2 88 fe 44 d3  .jh8h..7..@...D.
19ce51120  08 05 88 1a 02 05 00 51 e0 03 15 aa e1 03 13 aa  .......Q........
19ce51130  fd 7b 42 a9 f4 4f 41 a9 f6 57 c3 a8 0e 00 00 14  .{B..OA..W......
19ce51140  a0 16 78 f9 03 3c 40 f9 e1 03 13 aa e2 03 14 aa  ..x..<@.........
19ce51150  fd 7b 42 a9 f4 4f 41 a9 f6 57 c3 a8 60 00 1f d6  .{B..OA..W..`...
19ce51160  a1 0a 80 52 e0 03 13 aa e2 03 14 aa f1 9b 00 94  ...R............
19ce51170  ea ff ff 17 fa 67 bb a9 f8 5f 01 a9 f6 57 02 a9  .....g..._...W..
19ce51180  f4 4f 03 a9 fd 7b 04 a9 fd 03 01 91 f4 03 02 aa  .O...{..........
19ce51190  f3 03 00 aa 35 c4 72 92 28 94 66 92 09 0c 78 f9  ....5.r.(.f...x.
19ce511a0  28 01 08 ca 29 7c 4e d3 2a 64 0e 53 29 2d 06 53  (...)|N.*d.S)-.S
19ce511b0  49 15 1a 33 16 49 29 8b c9 00 00 d0 29 81 25 91  I..3.I).....).%.
19ce511c0  c8 02 40 b9 38 59 62 b8 09 07 00 51 2a 00 15 4b  ..@.8Yb....Q*..K
19ce511d0  4b 6c 1c 53 6b 41 00 11 4a 0d cb 1a 4a 05 00 11  Kl.SkA..J...J...
19ce511e0  4a 29 00 12 6b ff 80 52 ac ff 80 52 0d 29 00 12  J)..k..R...R.)..
19ce511f0  0f 01 20 11 ee 25 15 12 10 01 01 12 11 01 48 11  .. ..%........H.
19ce51200  31 26 0b 12 0e 02 0e 2a ce 01 11 2a bf f1 1f 71  1&.....*...*...q
19ce51210  a0 01 00 54 ef 51 0b 53 ff 01 09 6b 41 01 00 54  ...T.Q.S...kA..T
19ce51220  1f 01 00 71 6d b1 8c 1a d9 01 0d 2a cd 7e 5f 88  ...qm......*.~_.
19ce51230  bf 01 08 6b 21 02 00 54 d9 7e 0d 88 8d ff ff 35  ...k!..T.~.....5
19ce51240  11 00 00 14 59 01 0e 2a bf f1 1f 71 6d 01 8d 1a  ....Y..*...qm...
19ce51250  2d 10 00 79 6d 12 78 f9 ad 01 01 ca 2d 00 00 f9  -..ym.x.....-...
19ce51260  cd 7e 5f 88 bf 01 08 6b 81 00 00 54 d9 fe 0d 88  .~_....k...T....
19ce51270  8d ff ff 35 14 00 00 14 5f 3f 03 d5 e8 03 0d aa  ...5...._?......
19ce51280  db ff ff 17 49 62 24 90 29 e9 43 b9 c9 01 00 35  ....Ib$.).C....5
19ce51290  a8 01 f8 37 08 0b 8e 52 77 02 08 8b a1 00 a0 52  ...7...Rw......R
19ce512a0  e0 03 17 aa 95 9e 00 94 e3 03 14 aa e0 03 13 aa  ................
19ce512b0  e1 03 16 aa e2 03 15 aa c3 01 00 94 e0 03 17 aa  ................
19ce512c0  97 9e 00 94 f9 01 f8 37 e8 03 00 32 14 21 d4 1a  .......7...2.!..
19ce512d0  88 00 8e 52 75 02 08 8b a8 02 40 79 88 02 08 0a  ...Ru.....@y....
19ce512e0  29 53 0b 53 20 01 62 1e 1f 01 00 71 01 03 62 1e  )S.S .b....q..b.
19ce512f0  02 10 6d 1e 21 08 62 1e 22 14 60 1e e9 00 00 54  ..m.!.b.".`....T
19ce51300  fd 7b 44 a9 f4 4f 43 a9 f6 57 42 a9 f8 5f 41 a9  .{D..OC..WB.._A.
19ce51310  fa 67 c5 a8 c0 03 5f d6 73 1e 40 91 a1 00 a0 52  .g...._.s.@....R
19ce51320  e0 03 13 aa 75 9e 00 94 a8 02 40 79 08 01 34 0a  ....u.....@y..4.
19ce51330  a8 02 00 79 e0 03 13 aa fd 7b 44 a9 f4 4f 43 a9  ...y.....{D..OC.
19ce51340  f6 57 42 a9 f8 5f 41 a9 fa 67 c5 a8 74 9e 00 14  .WB.._A..g..t...
19ce51350  ff c3 00 d1 f4 4f 01 a9 fd 7b 02 a9 fd 83 00 91  .....O...{......
19ce51360  f3 03 01 aa f4 03 00 aa e1 02 00 b4 68 fe 5d d3  ............h.].
19ce51370  1f 51 00 f1 81 02 00 54 02 00 80 52 e0 03 14 aa  .Q.....T...R....
19ce51380  e1 03 13 aa 8a fe ff 97 e0 01 00 b4 e8 03 00 aa  ................
19ce51390  09 01 8e 52 89 6a 69 38 49 02 18 37 1f 0d 40 f2  ...R.ji8I..7..@.
19ce513a0  08 fd 44 d3 08 05 88 1a 02 05 00 51 e0 03 14 aa  ..D........Q....
19ce513b0  e1 03 13 aa fd 7b 42 a9 f4 4f 41 a9 ff c3 00 91  .....{B..OA.....
19ce513c0  6d ff ff 17 80 16 78 f9 02 18 40 f9 e1 03 13 aa  m.....x...@.....
19ce513d0  fd 7b 42 a9 f4 4f 41 a9 ff c3 00 91 40 00 1f d6  .{B..OA.....@...
19ce513e0  a1 0a 80 52 e0 03 13 aa e8 07 00 f9 e2 03 08 aa  ...R............
19ce513f0  50 9b 00 94 e8 07 40 f9 e9 ff ff 17 f4 4f be a9  P.....@......O..
19ce51400  fd 7b 01 a9 fd 43 00 91 f3 03 02 aa f4 03 00 aa  .{...C..........
19ce51410  3f 04 00 f1 40 02 00 54 28 7c d3 9b ff 03 08 eb  ?...@..T(|......
19ce51420  21 01 00 54 33 7c 13 9b 48 de 1e b0 08 d1 43 f9  !..T3|..H.....C.
19ce51430  08 01 40 f9 09 00 80 92 28 05 08 ca 7f 02 08 eb  ..@.....(.......
19ce51440  e9 00 00 54 c0 be 03 94 e8 03 00 aa 00 00 80 d2  ...T............
19ce51450  e9 07 1e 32 09 01 00 b9 0c 00 00 14 7f 02 04 f1  ...2............
19ce51460  a8 01 00 54 68 3e 00 91 08 ed 7c 92 7f 46 00 f1  ...Th>....|..F..
19ce51470  e9 03 1c 32 21 31 88 9a e2 03 00 32 e0 03 14 aa  ...2!1.....2....
19ce51480  a8 fe ff 97 80 00 00 b4 fd 7b 41 a9 f4 4f c2 a8  .........{A..O..
19ce51490  c0 03 5f d6 80 16 78 f9 03 10 40 f9 e1 03 00 32  .._...x...@....2
19ce514a0  e2 03 13 aa fd 7b 41 a9 f4 4f c2 a8 60 00 1f d6  .....{A..O..`...
19ce514b0  f8 5f bc a9 f6 57 01 a9 f4 4f 02 a9 fd 7b 03 a9  ._...W...O...{..
19ce514c0  fd c3 00 91 f5 03 02 aa f4 03 00 aa c1 01 00 b4  ................
19ce514d0  f3 03 01 aa 02 00 80 52 e0 03 14 aa 34 fe ff 97  .......R....4...

,	Aweme!0x3e71110 this.args4 onLeave 0x1 0x1

,retval onLeave: 0x0 0x0

[end signal]{
    "X-Argus" = "uxsGD5qykrnAhI8Q6VZV6hMQzf+Fdokk1r+L62l8z61sVyGV4fsHEGOyZA/TMN1Vcq5Gci2N9omoNAOdCtX3xBVK6ylL/MGHumr/JtvVrjYDjgk58AqRGi4OAyamEy40zKUL4Tc/mBzi4y03Ei6Ge3Set0Fo3NmSl/Ix5s4GGWJGqiTb1V/VHNYvRZssNIaeswv5mUVJytImf/xUfhVMd3CldQjIGcaQAL/g2bEoi0Z1kYWrHVH1tFedubdurM3fcEs=";
    "X-Gorgon" = 8404402d80007440f617f43f407372f82001b5d4169761b7ebd9;
    "X-Khronos" = 1618201440;
    "X-Ladon" = NFsED7wJ60Je8sD5Npt3k1rLzAbsqL8sktNkXprHuy4rXio6;
    "X-Tyhon" = "/2aZ8Bkvjv8/J6CnATPv3jFY7cNEMqvkMDKOn7o=";
}
Aweme!0x3e86fcc 4
Aweme!0x3ed3150 41
Aweme!0x3e87d94 2
Aweme!0x3eca8a0 1
Aweme!0x3edb264 1
Aweme!0x3e4e730 2
Aweme!0x3e8a290 2
Aweme!0x3ecaa14 6
Aweme!0x3ed32c4 2
Aweme!0x3ee1390 1
Aweme!0x3e7019c 1
Aweme!0x3e52134 5
Aweme!0x3e713bc 1
Aweme!0x3e8a1d8 1
Aweme!0x3e70140 1
Aweme!0x3e88020 1
Aweme!0x3e70d94 1
Aweme!0x3e58b14 253
Aweme!0x3e67890 4
Aweme!0x3ed31b0 1
Aweme!0x3e7141c 1
Aweme!0x3e7124c 5
Aweme!0x3e86f74 1
Aweme!0x3e8a120 1
Aweme!0x3e84dbc 1
Aweme!0x3ea8bb0 69
Aweme!0x3e4de24 10
Aweme!0x3e708e0 1
Aweme!0x3edb20c 2
Aweme!0x3eda3e8 3
Aweme!0x3e70fc4 4
Aweme!0x3e8c790 2
Aweme!0x3e88764 1
Aweme!0x3e87200 1
Aweme!0x775e078 11
Aweme!0x3e868f0 5
Aweme!0x3ea1b4c 1
Aweme!0x3ea197c 28
Aweme!0x3ecd59c 2
Aweme!0x3e86fd4 4
Aweme!0x3e52080 15
Aweme!0x3ead4f0 1
Aweme!0x3ed4bd0 2
Aweme!0x3e71080 2
Aweme!0x3ea1a94 1
Aweme!0x3e70b10 12
Aweme!0x3ecaa78 1
Aweme!0x3eda21c 2
Aweme!0x3ed7070 2
Aweme!0x3e71368 2
Aweme!0x3ed9e7c 3
Aweme!0x3e90e48 1
Aweme!0x3ea7994 4
Aweme!0x3ecb2d0 57
Aweme!0x3e520e0 15
Aweme!0x3eb1c60 1
Aweme!0x3e70bcc 1
Aweme!0x775c5a8 9
Aweme!0x3ecaca8 1
Aweme!0x3ea03c0 1
Aweme!0x3e5c520 2
Aweme!0x3edad5c 2
Aweme!0x3ee7920 4
Aweme!0x3e8a128 3
Aweme!0x3ec9348 2
Aweme!0x3ea1188 1
Aweme!0x3ed72a0 1
Aweme!0x3e5d118 1
Aweme!0x3e8a0cc 2
Aweme!0x3e71028 1
Aweme!0x3ea169c 2
Aweme!0x3e926f4 1
Aweme!0x3ecb278 1
Aweme!0x3e67728 3
Aweme!0x3e70f70 2
Aweme!0x3e92868 1
Aweme!0x3e8a188 1
Aweme!0x3e86fdc 4
Aweme!0x3ea1928 1
Aweme!0x3e71428 1
Aweme!0x3e90f08 1
Aweme!0x3ed69f0 1
Aweme!0x3eca340 6
Aweme!0x3e4e740 4
Aweme!0x3ecb164 1
Aweme!0x3e711fc 1
Aweme!0x775d148 24
Aweme!0x3e8a244 3
Aweme!0x3e70fd0 4
Aweme!0x3ecb9bc 3
Aweme!0x3ea8cd4 3
Aweme!0x775e084 6
Aweme!0x3e4dd78 2
Aweme!0x3e61204 2
Aweme!0x3e5208c 5
Aweme!0x3e70d48 2
Aweme!0x3e5cc68 2
Aweme!0x3e71488 1
Aweme!0x3ea03c8 9
Aweme!0x3e57394 1
Aweme!0x3ecb1c4 1
Aweme!0x3ea1c70 1
Aweme!0x3ea7c28 5
Aweme!0x3e624e0 2
Aweme!0x3eda3f8 6
Aweme!0x3e70550 3
Aweme!0x3e71374 2
Aweme!0x3e8a078 1
Aweme!0x3e928cc 2
Aweme!0x3eb31d0 4
Aweme!0x3e71318 3
Aweme!0x3e520ec 6
Aweme!0x3e70da8 5
Aweme!0x3e70bd8 3
Aweme!0x3e5c1e8 1
Aweme!0x3ea8c7c 2
Aweme!0x3e7ce8c 6
Aweme!0x3e71430 3
Aweme!0x3ecac58 52
Aweme!0x775dfd0 39
Aweme!0x3e84a30 1
Aweme!0x3ed32dc 257
Aweme!0x3ecda08 1
Aweme!0x3ee5718 6
Aweme!0x3e8c7a4 2
Aweme!0x775e828 10
Aweme!0x3ecb9c4 4
Aweme!0x3e5cb58 2
Aweme!0x3ea164c 1
Aweme!0x3ed3224 256
Aweme!0x3e9a300 5
Aweme!0x3e7114c 1
Aweme!0x3ea0828 8
Aweme!0x3e86ad4 2
Aweme!0x3e70f7c 1
Aweme!0x3e71490 1
Aweme!0x3ecc730 1
Aweme!0x3ea1764 1
Aweme!0x3ead334 1
Aweme!0x3e68100 1
Aweme!0x3e58a74 506
Aweme!0x775e888 1
Aweme!0x3ecf140 1
Aweme!0x3ed67d0 7
Aweme!0x3ed9e90 5
Aweme!0x3e711ac 3
Aweme!0x3ed30b4 4
Aweme!0x775c7e8 298
Aweme!0x3e87048 2
Aweme!0x775e090 3
Aweme!0x3eca7a8 4
Aweme!0x3e51f24 5
Aweme!0x3e70100 2
Aweme!0x3e93d80 8
Aweme!0x3ede65c 1
Aweme!0x3e70db0 21
Aweme!0x3e523dc 2
Aweme!0x3ea8c28 4
Aweme!0x3e70b28 12
Aweme!0x3ea170c 9
Aweme!0x3e8a13c 3
Aweme!0x3ecda6c 2
Aweme!0x3ecc8a8 1
Aweme!0x775d328 2
Aweme!0x3ecec30 19
Aweme!0x3ecf828 1
Aweme!0x3ee4b84 8
Aweme!0x3e71268 1
Aweme!0x3ecb118 3
Aweme!0x3ee5894 2
Aweme!0x3e4e698 2
Aweme!0x3ea1998 1
Aweme!0x3e86adc 1
Aweme!0x3edb340 2
Aweme!0x3e71668 9
Aweme!0x3ed9ddc 8
Aweme!0x3e58964 1
Aweme!0x3e67854 1
Aweme!0x3eda120 1
Aweme!0x3e87334 5
Aweme!0x3eda2f0 2
Aweme!0x3ed4a78 1
Aweme!0x3e90ec0 1
Aweme!0x3eda408 3
Aweme!0x775e834 2
Aweme!0x3ea16b4 45
Aweme!0x3edacbc 1
Aweme!0x3e516d4 7
Aweme!0x3e51f88 10
Aweme!0x3e89ce8 1
Aweme!0x3eda3ac 2
Aweme!0x3ed3344 1
Aweme!0x3e71328 1
Aweme!0x3ed328c 2
Aweme!0x3edb174 1
Aweme!0x3e86ff4 3
Aweme!0x3ecc90c 2
Aweme!0x775ec90 6
Aweme!0x3e67688 3
Aweme!0x775e720 6
Aweme!0x3e71270 3
Aweme!0x3e52044 3
Aweme!0x3ee4790 1
Aweme!0x3e71440 1
Aweme!0x3ecf88c 2
Aweme!0x3e872dc 5
Aweme!0x3e70ca4 2
Aweme!0x3ed7260 1
Aweme!0x3e5c824 2
Aweme!0x3ecb9d4 1
Aweme!0x775c7f4 38
Aweme!0x3e70dbc 1
Aweme!0x3e86ae4 1
Aweme!0x3e714a0 2
Aweme!0x3ecaaf8 1
Aweme!0x3e709c0 30
Aweme!0x3e523e8 2
Aweme!0x3ecfc30 1
Aweme!0x3e84c14 1
Aweme!0x3ecb180 18
Aweme!0x3e71218 3
Aweme!0x3e86ba0 3
Aweme!0x3ea6110 2
Aweme!0x3e70e1c 2
Aweme!0x3ed3238 6
Aweme!0x775e7e0 2
Aweme!0x3e70f90 2
Aweme!0x3ea1b74 10
Aweme!0x3ee5674 4
Aweme!0x3e5de48 2
Aweme!0x3e51ed8 15
Aweme!0x3eac354 1
Aweme!0x3e71448 1
Aweme!0x3ecb1e0 1
Aweme!0x3eaea20 11
Aweme!0x3ed32f4 2
Aweme!0x3e56530 1
Aweme!0x3e70d08 2
Aweme!0x3e4e1f0 12
Aweme!0x3ecb9dc 7
Aweme!0x3ea1664 1
Aweme!0x3eda1e8 2
Aweme!0x3e885c0 2
Aweme!0x3e8a208 1
Aweme!0x3ed3010 516
Aweme!0x3e71108 1
Aweme!0x3e70f38 3
Aweme!0x3eca930 13
Aweme!0x3e67c04 1
Aweme!0x3e67a34 1
Aweme!0x3e7cea8 2
Aweme!0x3e523f0 5
Aweme!0x3ea3c78 1
Aweme!0x3e84a4c 1
Aweme!0x3ea7e18 52
Aweme!0x3ecafb8 1
Aweme!0x3e60518 1
Aweme!0x3ecb188 2
Aweme!0x3ead464 1
Aweme!0x3ed9ea8 5
Aweme!0x3e711c4 2
Aweme!0x3ed30cc 3
Aweme!0x3ed7210 1
Aweme!0x3e7cf08 4
Aweme!0x3e57ef4 18
Aweme!0x3ecb2a0 23
Aweme!0x3e86920 5
Aweme!0x3ed31e4 258
Aweme!0x775e78c 255
Aweme!0x3e712dc 3
Aweme!0x3ed3240 1
Aweme!0x3ed9fc0 1
Aweme!0x3ed3358 3
Aweme!0x775e390 3
Aweme!0x3ede618 2
Aweme!0x3edded8 1
Aweme!0x3e90ed4 1
Aweme!0x3ecef8c 1
Aweme!0x3e713f4 1
Aweme!0x3ecabc0 5
Aweme!0x3ecb9e4 7
Aweme!0x3eca820 4
Aweme!0x3e8a210 1
Aweme!0x3ea1d50 1
Aweme!0x3e51f40 3
Aweme!0x3e714b0 1
Aweme!0x775c5d8 35
Aweme!0x3e71110 1
Aweme!0x3e5e594 1
Aweme!0x3e70ba0 11
Aweme!0x3e868c8 5
Aweme!0x3e5e8d8 1
Aweme!0x3e4f5ec 2
Aweme!0x3e71284 1
Aweme!0x3e8c880 4
Aweme!0x3ea1ac8 1
Aweme!0x3e70b44 8
Aweme!0x3e6057c 2
Aweme!0x3e51918 8
Aweme!0x3e67810 57
Aweme!0x3e61858 1
Aweme!0x3eac818 1
Aweme!0x3ecb134 1
Aweme!0x3e8a0a0 1
Aweme!0x3ecfd58 1
Aweme!0x3ecaf64 1
Aweme!0x3e711cc 2
Aweme!0x3eda368 1
Aweme!0x3ecf3ec 2
Aweme!0x3e523fc 7
Aweme!0x3e710b8 2
Aweme!0x3e5205c 11
Aweme!0x3e7ce58 4
Aweme!0x3eca540 4
Aweme!0x3ed7104 4
Aweme!0x3e872f4 2
Aweme!0x3ea6180 1
Aweme!0x3ed3304 1
Aweme!0x3ecf504 1
Aweme!0x3ed32a8 3
Aweme!0x3e870c8 2
Aweme!0x3e51fa4 6
Aweme!0x3ea0f90 1
Aweme!0x3ee4520 2
Aweme!0x3eda3c8 4
Aweme!0x3e70c60 1
Aweme!0x3eda028 1
Aweme!0x3ea8d04 7
Aweme!0x3e5e93c 2
Aweme!0x3e712e8 2
Aweme!0x3ea7e84 1
Aweme!0x3eac8d8 1
Aweme!0x3e618bc 2
Aweme!0x3e7128c 6
Aweme!0x775e39c 7
Aweme!0x3e86de4 1
Aweme!0x3e70d1c 2
Aweme!0x3e71400 1
Aweme!0x775b534 2
Aweme!0x3ecaa58 11
Aweme!0x3e70920 1
Aweme!0x3ed9eb8 4
Aweme!0x3e713a4 1
Aweme!0x3e67b00 2
Aweme!0x3ea12d8 1
Aweme!0x775e7f8 1
Aweme!0x3eca9a0 3
Aweme!0x3e58b58 253
Aweme!0x3e5c5b8 1
Aweme!0x3e93da8 2
Aweme!0x3e70d7c 2
Aweme!0x3e7111c 2
Aweme!0x3e520c0 3
Aweme!0x3e70980 29
Aweme!0x3e8a108 1
Aweme!0x3eda5fc 1
Aweme!0x3e70af4 21
Aweme!0x3e4e71c 4
Aweme!0x3e8c7d4 2
Aweme!0x3ecfd64 1
Aweme!0x3eca9a4 4
Aweme!0x3eca604 3
Aweme!0x3ed31f8 2
Aweme!0x3ed3028 814
Aweme!0x3ee49e0 1
Aweme!0x3ea8d0c 298
Aweme!0x3ecb1fc 1
Aweme!0x3ecb02c 2
Aweme!0x3e71294 2
Aweme!0x3e86dec 1
Aweme!0x3ea7a90 8
Aweme!0x3e67bc0 2
Aweme!0x3e5c8a4 1
Aweme!0x3e87300 4
Aweme!0x3e71464 1
Aweme!0x775e348 7
Aweme!0x3ea0a88 1
Aweme!0x3ed32b4 2
Aweme!0x3e4e1b0 6
Aweme!0x3e5bd68 4
Aweme!0x3ea1680 3
Aweme!0x3e716f0 8
Aweme!0x3e5c61c 2
Aweme!0x3e70c10 3
Aweme!0x3e84b20 1
Aweme!0x775e7a4 255
Aweme!0x3ede85c 3
Aweme!0x775cb00 1
Aweme!0x775e918 1
Aweme!0x3ea1228 1
Aweme!0x3ea61ec 22
Aweme!0x3ea8c54 6
Aweme!0x3e808c8 1
Aweme!0x3e6047c 1
Aweme!0x3e711e0 1
Aweme!0x3e713b0 3
Aweme!0x3ed325c 5
Aweme!0x775e804 4
Aweme!0x3ecb260 6
Aweme!0x3e853d8 30
Aweme!0x3e85208 9
Aweme!0x3e71128 1
Aweme!0x3e7bed4 1
Aweme!0x3e712f8 1
Aweme!0x3ea61f0 2
Aweme!0x3e7129c 1
Aweme!0x3e86df4 9
Aweme!0x3e70b5c 21
Aweme!0x3ea2ad4 2
Aweme!0x3e71240 2
Aweme!0x3ed9ec8 3
Aweme!0x3e4e728 3
Aweme!0x3e51534 8
Aweme!0x3ea1858 37
Aweme!0x3ecf460 1
Aweme!0x3e70c74 1
Aweme!0x3ecc428 1
Aweme!0x3edb1a4 1
Aweme!0x3e70d30 1
Aweme!0x3ed9d58 5
Aweme!0x3e5cbf4 1
Aweme!0x3e83398 1
Aweme!0x3e872b0 13
Aweme!0x3e711e8 1
Aweme!0x3ea8ba8 55
Aweme!0x3eda3e0 7
Aweme!0x3ec92dc 1
Aweme!0x3ed3264 257
Aweme!0x3e87254 7
Aweme!0x3e7118c 2
Aweme!0x3e8a060 3
Aweme!0x3e8a230 2
Aweme!0x3e617bc 1
Aweme!0x3ea8d1c 1
Aweme!0x3ea1630 2
Aweme!0x3e71300 1
Aweme!0x3e71698 10
Aweme!0x3ea8cc0 3
On receive  16384
Error happenError: unable to find module containing 0x1256bc25c
Error happenError: unable to find module containing 0x12563e984
Error happenError: unable to find module containing 0x12563e994
call: Aweme!0x3ecb52c Aweme!0x775e390@DYLD-STUB$$objc_retain
call: Foundation!0x715c libobjc.A.dylib!0x47e8@object_getClass
call: Foundation!0x71cc CoreFoundation!0xaae2c@_CFNonObjCRetain
call: Aweme!0x3ecb538 Aweme!0x775e390@DYLD-STUB$$objc_retain
call: Aweme!0x3ecb554 Aweme!0x775e348@DYLD-STUB$$objc_msgSend
call: Foundation!0x40150 libobjc.A.dylib!0x2080@objc_msgSend
call: Foundation!0x732c libobjc.A.dylib!0x47e8@object_getClass
call: Foundation!0x40180 CoreFoundation!0xf2138@CFURLCopyAbsoluteURL
call: CoreFoundation!0xf2164 CoreFoundation!0xabff8@CFGetAllocator
call: CoreFoundation!0xf2234 CoreFoundation!0x2af0@CFRetain
call: Foundation!0x4018c CoreFoundation!0xf1b04@CFURLGetString
call: Foundation!0x40190 libobjc.A.dylib!0x20010@objc_retain
call: CoreFoundation!0x6bec CoreFoundation!0xaae2c@_CFNonObjCRetain
call: Foundation!0x40194 libobjc.A.dylib!0x20080@objc_autorelease
call: Foundation!0x401a0 CoreFoundation!0x2694@CFRelease
call: Aweme!0x3ecb558 Aweme!0x3ecb9c4@0x3ecb9c4
call: CoreFoundation!0x6bec CoreFoundation!0xaae2c@_CFNonObjCRetain
call: Aweme!0x3ecb570 Aweme!0x775e348@DYLD-STUB$$objc_msgSend
call: Aweme!0x3ecb58c Aweme!0x3ecb9dc@0x3ecb9dc
call: libc++abi.dylib!0xee0 libc++abi.dylib!0x10e54@DYLD-STUB$$malloc
call: libsystem_malloc.dylib!0x10160 libsystem_malloc.dylib!0xf6b8@malloc_zone_malloc
call: libsystem_malloc.dylib!0xf750 libsystem_malloc.dylib!0x11d64@default_zone_malloc
call: libsystem_malloc.dylib!0xecc libsystem_malloc.dylib!0xf20@nanov2_allocate$VARIANT$mp
call: libsystem_malloc.dylib!0xf98 libsystem_malloc.dylib!0x1b18@nanov2_allocate_from_block$VARIANT$mp
call: Aweme!0x3ecb598 Aweme!0x775e39c@DYLD-STUB$$objc_retainAutorelease
call: libobjc.A.dylib!0x218c4 libobjc.A.dylib!0x20010@objc_retain
call: CoreFoundation!0x6bec CoreFoundation!0xaae2c@_CFNonObjCRetain
call: Aweme!0x3ecb5a4 Aweme!0x3ecb9e4@0x3ecb9e4
call: CoreFoundation!0x6980 CoreFoundation!0xc7c40@__CFStringMtbl
call: CoreFoundation!0x69b4 CoreFoundation!0xcf3e4@CFStringGetCStringPtr
call: Aweme!0x3ecb5b0 Aweme!0x3eca930@0x3eca930
call: Aweme!0x3eca8d4 Aweme!0x3ecb180@0x3ecb180
call: Aweme!0x3eca8e8 Aweme!0x775dfd0@DYLD-STUB$$malloc
call: libsystem_malloc.dylib!0x10160 libsystem_malloc.dylib!0xf6b8@malloc_zone_malloc
call: libsystem_malloc.dylib!0xf750 libsystem_malloc.dylib!0x11d64@default_zone_malloc
call: libsystem_malloc.dylib!0x6224 libsystem_malloc.dylib!0x17638@tiny_malloc_should_clear
call: libsystem_malloc.dylib!0x176d0 libsystem_platform.dylib!0x8cf8@DYLD-STUB$$os_unfair_lock_lock_with_options
