AwemeModuleBase:0x1085174f0
arg1 https://search3-search-lf.amemv.com/aweme/v1/search/item/?caid1=0803bffc8815b9f02c08f48f95c1008c&tma_jssdk_version=2.1.0.2&minor_status=0&ac=WIFI&appTheme=dark&is_vcd=1&keyword=%E7%8E%8B%E4%B8%80%E5%8D%9A&video_cover_shrink=372_496&enter_from=homepage_hot&sort_type=0&backtrace=M7U2PfbCPC7qlX46ow2D73foIbuD7zG%2BTODCT48wHI74oC1dlQVm4omXMt%2BkHUSKjMf5EJvWyjt3jVKDb%2FBylQ%3D%3D&count=12&is_filter_search=0&user_avatar_shrink=64_64&source=video_search&query_correct_type=1&rs_word_count=5&offset=0&search_source=normal_search&publish_time=0&hot_search=0&aid=1128&app_name=aweme&app_version=14.8.0&build_number=148013&cdid=FEDA96DE-E849-4E15-99C9-66CD61F50ADD&channel=App%20Store&device_id=4169787388733342&device_platform=iphone&device_type=iPhone9,1&idfa=322127EF-8E4E-48E9-98E0-99ACBDC85525&iid=2955926580500413&js_sdk_version=1.99.0.3&mcc_mnc=&openudid=a4cb7b4ade7c5e8e6c90cf8f892aafe6c64c73d1&os_api=18&os_version=13.3.1&screen_width=750&version_code=14.8.0&vid=25AD3C98-7CA5-4B2E-9B39-9BAEFC31BBD2
arg2 {
    "User-Agent" = "Aweme 14.8.0 rv:148013 (iPhone; iOS 13.3.1; zh_CN) Cronet";
    "x-common-params-v2" = "aid=1128&app_name=aweme&app_version=14.8.0&build_number=148013&cdid=FEDA96DE-E849-4E15-99C9-66CD61F50ADD&channel=App%20Store&device_id=4169787388733342&device_platform=iphone&device_type=iPhone9,1&idfa=322127EF-8E4E-48E9-98E0-99ACBDC85525&iid=2955926580500413&js_sdk_version=1.99.0.3&mcc_mnc=&openudid=a4cb7b4ade7c5e8e6c90cf8f892aafe6c64c73d1&os_api=18&os_version=13.3.1&screen_width=750&version_code=14.8.0&vid=25AD3C98-7CA5-4B2E-9B39-9BAEFC31BBD2";
    "x-tt-token" = "003c4774314c4f83d0177a0ae886f5a6f50056cb8fc53fa60c3b0bf88596c762fc922f46798e27276d911e99fde0203a46a8df6837c3279998eaaccf63df5e59c34fb9458bd8d9b17fd1ecf392c2a6fc08649f8411f4295761fc95f3fe46affde27ce-1.0.1";
}
call Aweme!0x3ede618
,	Aweme!0x3ede618 this.args0 0x125d47d10             0  1  2  3  4  5  6  7  8  9  A  B  C  D  E  F  0123456789ABCDEF
125d47d10  98 b6 1e 0c 01 00 00 00 00 2d 1e 0c 01 00 00 00  .........-......
125d47d20  4b 4c 57 52 00 00 00 00 00 00 00 00 67 53 52 b6  KLWR........gSR.
125d47d30  20 00 00 00 4b 4c 57 52 00 00 00 00 00 00 00 00   ...KLWR........
125d47d40  80 94 00 00 01 94 00 00 00 93 00 00 73 4e 50 32  ............sNP2
125d47d50  ff ff ff ff ff ff ff ff ff ff ff ff ff ff ff ff  ................
125d47d60  df 82 2b da fe ff ff ff 2b 55 46 4e 52 54 75 31  ..+.....+UFNRTu1
125d47d70  5a 7a 52 69 39 61 50 41 6a 73 6a 6a 67 7a 33 41  ZzRi9aPAjsjjgz3A
125d47d80  61 2b 68 65 4b 54 31 73 34 6e 68 4d 58 4b 78 64  a+heKT1s4nhMXKxd
125d47d90  53 6f 79 63 6e 4c 5a 38 52 32 52 58 69 47 72 4d  SoycnLZ8R2RXiGrM
125d47da0  35 75 51 61 6b 45 4f 35 53 50 68 65 6b 42 2b 73  5uQakEO5SPhekB+s
125d47db0  6d 72 6a 70 55 50 37 43 6a 33 56 79 56 42 70 44  mrjpUP7Cj3VyVBpD
125d47dc0  47 63 56 67 52 58 63 31 7a 41 73 35 67 59 56 47  GcVgRXc1zAs5gYVG
125d47dd0  6d 49 6c 38 53 76 43 41 43 35 4b 59 59 72 50 6e  mIl8SvCAC5KYYrPn
125d47de0  6d 51 6d 7a 4b 4c 57 52 00 4a 1e 0c 01 00 00 00  mQmzKLWR.J......
125d47df0  a4 3e 4a 08 01 00 00 00 b4 a1 52 08 01 00 00 00  .>J.......R.....
125d47e00  f4 3e 4a 08 01 00 00 00 90 b0 3e 82 02 00 00 00  .>J.......>.....
125d47e10  90 e9 63 80 02 00 00 00 51 41 59 67 76 55 44 78  ..c.....QAYgvUDx
125d47e20  80 4e 5d 12 00 00 00 60 b3 02 5d 12 00 00 00 f0  .N]....`..].....
125d47e30  05 00 4f 50 39 78 49 68 50 65 78 6c 6c 52 44 6f  ..OP9xIhPexllRDo
125d47e40  35 7a 69 71 35 30 78 72 61 4d 6e 67 77 44 6c 45  5ziq50xraMngwDlE
125d47e50  65 74 50 52 35 62 37 69 6d 6f 36 45 41 6a 4a 64  etPR5b7imo6EAjJd
125d47e60  51 57 64 66 66 5a 4d 4b 6d 34 4d 3d 00 00 05 00  QWdffZMKm4M=....
125d47e70  43 44 50 63 77 52 76 54 4b 36 53 78 79 77 6c 56  CDPcwRvTK6SxywlV
125d47e80  72 73 6c 65 38 7a 58 41 6b 44 59 4f 67 53 52 36  rsle8zXAkDYOgSR6
125d47e90  32 5a 41 6c 49 30 6c 69 34 2b 32 52 75 48 30 61  2ZAlI0li4+2RuH0a
125d47ea0  75 4e 54 59 70 77 37 31 78 66 6b 4c 73 4e 50 32  uNTYpw71xfkLsNP2
125d47eb0  50 45 46 54 6f 35 53 4f 6f 41 47 46 49 43 31 6b  PEFTo5SOoAGFIC1k
125d47ec0  47 6b 4d 34 61 43 72 61 2b 55 46 4e 52 54 75 31  GkM4aCra+UFNRTu1
125d47ed0  5a 7a 52 69 39 61 50 41 6a 73 6a 6a 67 7a 33 41  ZzRi9aPAjsjjgz3A
125d47ee0  61 2b 68 65 4b 54 31 73 34 6e 68 4d 58 4b 78 64  a+heKT1s4nhMXKxd
125d47ef0  53 6f 79 63 6e 4c 5a 38 52 32 52 58 69 47 72 4d  SoycnLZ8R2RXiGrM
125d47f00  35 75 51 61 6b 45 4f 35 53 50 68 65 6b 42 2b 73  5uQakEO5SPhekB+s
125d47f10  6d 72 6a 70 55 50 37 43 6a 33 56 79 56 42 70 44  mrjpUP7Cj3VyVBpD
125d47f20  47 63 56 67 52 58 63 31 7a 41 73 35 67 59 56 47  GcVgRXc1zAs5gYVG
125d47f30  6d 49 6c 38 53 76 43 41 43 35 4b 59 59 72 50 6e  mIl8SvCAC5KYYrPn
125d47f40  6d 51 6d 7a 69 69 38 6c 49 64 74 7a 66 30 30 64  mQmzii8lIdtzf00d
125d47f50  46 35 35 51 66 5a 48 48 47 47 71 31 54 6c 43 41  F55QfZHHGGq1TlCA
125d47f60  50 41 68 58 49 4c 63 6f 52 6f 6b 5a 68 6b 51 35  PAhXILcoRokZhkQ5
125d47f70  59 6c 41 38 74 36 32 4e 51 41 59 67 76 55 44 78  YlA8t62NQAYgvUDx
125d47f80  75 6d 50 46 63 6e 69 43 68 34 36 54 59 30 74 31  umPFcniCh46TY0t1
125d47f90  78 6b 4f 50 39 78 49 68 50 65 78 6c 6c 52 44 6f  xkOP9xIhPexllRDo
125d47fa0  35 7a 69 71 35 30 78 72 61 4d 6e 67 77 44 6c 45  5ziq50xraMngwDlE
125d47fb0  65 74 50 52 35 62 37 69 6d 6f 36 45 41 6a 4a 64  etPR5b7imo6EAjJd
125d47fc0  51 57 64 66 66 5a 4d 4b 6d 34 4d 3d 00 00 00 00  QWdffZMKm4M=....
125d47fd0  01 00 00 00 00 00 00 00 48 38 1a 9d 01 00 00 00  ........H8......
125d47fe0  4c 38 1a 9d 01 00 00 00 68 38 1a 9d 01 00 00 00  L8......h8......
125d47ff0  8c 38 1a 9d 01 00 00 00 50 39 1a 9d 01 00 00 00  .8......P9......
125d48000  90 38 1a 9d 01 00 00 00 00 00 00 00 00 00 00 00  .8..............
125d48010  00 00 00 00 00 00 00 00 00 00 00 00 00 00 00 00  ................
125d48020  20 e8 90 80 02 00 00 00 60 e7 90 80 02 00 00 00   .......`.......
125d48030  04 00 00 00 02 00 00 00 03 00 00 00 00 00 00 00  ................
125d48040  04 00 00 00 02 00 00 00 03 00 00 00 00 00 00 00  ................
125d48050  00 00 00 00 00 00 00 00 00 00 80 00 00 00 80 00  ................
125d48060  00 00 00 00 03 00 00 00 01 00 00 00 02 00 00 00  ................
125d48070  00 00 80 00 00 00 80 00 00 00 00 00 00 00 80 00  ................
125d48080  00 00 80 00 00 00 00 00 00 00 00 00 00 00 00 00  ................
125d48090  40 fb db 82 02 00 00 00 c0 37 79 83 02 00 00 00  @........7y.....
125d480a0  00 00 00 00 14 00 00 00 00 00 00 00 00 00 00 00  ................
125d480b0  00 00 00 00 00 00 00 00 00 00 00 00 00 00 00 00  ................
125d480c0  b8 00 00 00 b7 00 00 00 00 00 00 00 00 00 00 00  ................
125d480d0  00 00 00 00 00 00 00 00 00 00 00 00 00 00 00 00  ................
125d480e0  ae be 5d 12 00 00 00 b0 48 93 79 12 00 00 00 10  ..].....H.y.....
125d480f0  0f 00 0a 09 3c 73 74 72 69 6e 67 3e 38 30 39 36  ....<string>8096
125d48100  37 38 39 38 33 39 33 32 35 32 36 3c 2f 73 74 72  78983932526</str

,	Aweme!0x3ede618 this.args1 0x0 0x0

,	Aweme!0x3ede618 this.args2 0x120a8 0x120a8

,	Aweme!0x3ede618 this.args3 0x19ce510e0             0  1  2  3  4  5  6  7  8  9  A  B  C  D  E  F  0123456789ABCDEF
19ce510e0  f6 57 bd a9 f4 4f 01 a9 fd 7b 02 a9 fd 83 00 91  .W...O...{......
19ce510f0  f4 03 02 aa f3 03 01 aa f5 03 00 aa 21 02 00 b4  ............!...
19ce51100  68 fe 5d d3 1f 51 00 f1 c1 01 00 54 08 01 8e 52  h.]..Q.....T...R
19ce51110  a8 6a 68 38 68 02 18 37 9f 0e 40 f2 88 fe 44 d3  .jh8h..7..@...D.
19ce51120  08 05 88 1a 02 05 00 51 e0 03 15 aa e1 03 13 aa  .......Q........
19ce51130  fd 7b 42 a9 f4 4f 41 a9 f6 57 c3 a8 0e 00 00 14  .{B..OA..W......
19ce51140  a0 16 78 f9 03 3c 40 f9 e1 03 13 aa e2 03 14 aa  ..x..<@.........
19ce51150  fd 7b 42 a9 f4 4f 41 a9 f6 57 c3 a8 60 00 1f d6  .{B..OA..W..`...
19ce51160  a1 0a 80 52 e0 03 13 aa e2 03 14 aa f1 9b 00 94  ...R............
19ce51170  ea ff ff 17 fa 67 bb a9 f8 5f 01 a9 f6 57 02 a9  .....g..._...W..
19ce51180  f4 4f 03 a9 fd 7b 04 a9 fd 03 01 91 f4 03 02 aa  .O...{..........
19ce51190  f3 03 00 aa 35 c4 72 92 28 94 66 92 09 0c 78 f9  ....5.r.(.f...x.
19ce511a0  28 01 08 ca 29 7c 4e d3 2a 64 0e 53 29 2d 06 53  (...)|N.*d.S)-.S
19ce511b0  49 15 1a 33 16 49 29 8b c9 00 00 d0 29 81 25 91  I..3.I).....).%.
19ce511c0  c8 02 40 b9 38 59 62 b8 09 07 00 51 2a 00 15 4b  ..@.8Yb....Q*..K
19ce511d0  4b 6c 1c 53 6b 41 00 11 4a 0d cb 1a 4a 05 00 11  Kl.SkA..J...J...
19ce511e0  4a 29 00 12 6b ff 80 52 ac ff 80 52 0d 29 00 12  J)..k..R...R.)..
19ce511f0  0f 01 20 11 ee 25 15 12 10 01 01 12 11 01 48 11  .. ..%........H.
19ce51200  31 26 0b 12 0e 02 0e 2a ce 01 11 2a bf f1 1f 71  1&.....*...*...q
19ce51210  a0 01 00 54 ef 51 0b 53 ff 01 09 6b 41 01 00 54  ...T.Q.S...kA..T
19ce51220  1f 01 00 71 6d b1 8c 1a d9 01 0d 2a cd 7e 5f 88  ...qm......*.~_.
19ce51230  bf 01 08 6b 21 02 00 54 d9 7e 0d 88 8d ff ff 35  ...k!..T.~.....5
19ce51240  11 00 00 14 59 01 0e 2a bf f1 1f 71 6d 01 8d 1a  ....Y..*...qm...
19ce51250  2d 10 00 79 6d 12 78 f9 ad 01 01 ca 2d 00 00 f9  -..ym.x.....-...
19ce51260  cd 7e 5f 88 bf 01 08 6b 81 00 00 54 d9 fe 0d 88  .~_....k...T....
19ce51270  8d ff ff 35 14 00 00 14 5f 3f 03 d5 e8 03 0d aa  ...5...._?......
19ce51280  db ff ff 17 49 62 24 90 29 e9 43 b9 c9 01 00 35  ....Ib$.).C....5
19ce51290  a8 01 f8 37 08 0b 8e 52 77 02 08 8b a1 00 a0 52  ...7...Rw......R
19ce512a0  e0 03 17 aa 95 9e 00 94 e3 03 14 aa e0 03 13 aa  ................
19ce512b0  e1 03 16 aa e2 03 15 aa c3 01 00 94 e0 03 17 aa  ................
19ce512c0  97 9e 00 94 f9 01 f8 37 e8 03 00 32 14 21 d4 1a  .......7...2.!..
19ce512d0  88 00 8e 52 75 02 08 8b a8 02 40 79 88 02 08 0a  ...Ru.....@y....
19ce512e0  29 53 0b 53 20 01 62 1e 1f 01 00 71 01 03 62 1e  )S.S .b....q..b.
19ce512f0  02 10 6d 1e 21 08 62 1e 22 14 60 1e e9 00 00 54  ..m.!.b.".`....T
19ce51300  fd 7b 44 a9 f4 4f 43 a9 f6 57 42 a9 f8 5f 41 a9  .{D..OC..WB.._A.
19ce51310  fa 67 c5 a8 c0 03 5f d6 73 1e 40 91 a1 00 a0 52  .g...._.s.@....R
19ce51320  e0 03 13 aa 75 9e 00 94 a8 02 40 79 08 01 34 0a  ....u.....@y..4.
19ce51330  a8 02 00 79 e0 03 13 aa fd 7b 44 a9 f4 4f 43 a9  ...y.....{D..OC.
19ce51340  f6 57 42 a9 f8 5f 41 a9 fa 67 c5 a8 74 9e 00 14  .WB.._A..g..t...
19ce51350  ff c3 00 d1 f4 4f 01 a9 fd 7b 02 a9 fd 83 00 91  .....O...{......
19ce51360  f3 03 01 aa f4 03 00 aa e1 02 00 b4 68 fe 5d d3  ............h.].
19ce51370  1f 51 00 f1 81 02 00 54 02 00 80 52 e0 03 14 aa  .Q.....T...R....
19ce51380  e1 03 13 aa 8a fe ff 97 e0 01 00 b4 e8 03 00 aa  ................
19ce51390  09 01 8e 52 89 6a 69 38 49 02 18 37 1f 0d 40 f2  ...R.ji8I..7..@.
19ce513a0  08 fd 44 d3 08 05 88 1a 02 05 00 51 e0 03 14 aa  ..D........Q....
19ce513b0  e1 03 13 aa fd 7b 42 a9 f4 4f 41 a9 ff c3 00 91  .....{B..OA.....
19ce513c0  6d ff ff 17 80 16 78 f9 02 18 40 f9 e1 03 13 aa  m.....x...@.....
19ce513d0  fd 7b 42 a9 f4 4f 41 a9 ff c3 00 91 40 00 1f d6  .{B..OA.....@...
19ce513e0  a1 0a 80 52 e0 03 13 aa e8 07 00 f9 e2 03 08 aa  ...R............
19ce513f0  50 9b 00 94 e8 07 40 f9 e9 ff ff 17 f4 4f be a9  P.....@......O..
19ce51400  fd 7b 01 a9 fd 43 00 91 f3 03 02 aa f4 03 00 aa  .{...C..........
19ce51410  3f 04 00 f1 40 02 00 54 28 7c d3 9b ff 03 08 eb  ?...@..T(|......
19ce51420  21 01 00 54 33 7c 13 9b 48 de 1e b0 08 d1 43 f9  !..T3|..H.....C.
19ce51430  08 01 40 f9 09 00 80 92 28 05 08 ca 7f 02 08 eb  ..@.....(.......
19ce51440  e9 00 00 54 c0 be 03 94 e8 03 00 aa 00 00 80 d2  ...T............
19ce51450  e9 07 1e 32 09 01 00 b9 0c 00 00 14 7f 02 04 f1  ...2............
19ce51460  a8 01 00 54 68 3e 00 91 08 ed 7c 92 7f 46 00 f1  ...Th>....|..F..
19ce51470  e9 03 1c 32 21 31 88 9a e2 03 00 32 e0 03 14 aa  ...2!1.....2....
19ce51480  a8 fe ff 97 80 00 00 b4 fd 7b 41 a9 f4 4f c2 a8  .........{A..O..
19ce51490  c0 03 5f d6 80 16 78 f9 03 10 40 f9 e1 03 00 32  .._...x...@....2
19ce514a0  e2 03 13 aa fd 7b 41 a9 f4 4f c2 a8 60 00 1f d6  .....{A..O..`...
19ce514b0  f8 5f bc a9 f6 57 01 a9 f4 4f 02 a9 fd 7b 03 a9  ._...W...O...{..
19ce514c0  fd c3 00 91 f5 03 02 aa f4 03 00 aa c1 01 00 b4  ................
19ce514d0  f3 03 01 aa 02 00 80 52 e0 03 14 aa 34 fe ff 97  .......R....4...

,	Aweme!0x3ede618 this.args4 0x9cdd4d65 0x9cdd4d65

,	Aweme!0x3ede618 this.args0 onLeave 0x125d47d10             0  1  2  3  4  5  6  7  8  9  A  B  C  D  E  F  0123456789ABCDEF
125d47d10  98 b6 1e 0c 01 00 00 00 00 2d 1e 0c 01 00 00 00  .........-......
125d47d20  4b 4c 57 52 00 00 00 00 00 00 00 00 67 53 52 b6  KLWR........gSR.
125d47d30  20 00 00 00 4b 4c 57 52 00 00 00 00 00 00 00 00   ...KLWR........
125d47d40  80 95 00 00 01 95 00 00 00 94 00 00 73 4e 50 32  ............sNP2
125d47d50  ff ff ff ff ff ff ff ff ff ff ff ff ff ff ff ff  ................
125d47d60  df 82 2b da fe ff ff ff 2b 55 46 4e 52 54 75 31  ..+.....+UFNRTu1
125d47d70  5a 7a 52 69 39 61 50 41 6a 73 6a 6a 67 7a 33 41  ZzRi9aPAjsjjgz3A
125d47d80  61 2b 68 65 4b 54 31 73 34 6e 68 4d 58 4b 78 64  a+heKT1s4nhMXKxd
125d47d90  53 6f 79 63 6e 4c 5a 38 52 32 52 58 69 47 72 4d  SoycnLZ8R2RXiGrM
125d47da0  35 75 51 61 6b 45 4f 35 53 50 68 65 6b 42 2b 73  5uQakEO5SPhekB+s
125d47db0  6d 72 6a 70 55 50 37 43 6a 33 56 79 56 42 70 44  mrjpUP7Cj3VyVBpD
125d47dc0  47 63 56 67 52 58 63 31 7a 41 73 35 67 59 56 47  GcVgRXc1zAs5gYVG
125d47dd0  6d 49 6c 38 53 76 43 41 43 35 4b 59 59 72 50 6e  mIl8SvCAC5KYYrPn
125d47de0  6d 51 6d 7a 4b 4c 57 52 00 4a 1e 0c 01 00 00 00  mQmzKLWR.J......
125d47df0  a4 3e 4a 08 01 00 00 00 b4 a1 52 08 01 00 00 00  .>J.......R.....
125d47e00  f4 3e 4a 08 01 00 00 00 90 b0 3e 82 02 00 00 00  .>J.......>.....
125d47e10  90 e9 63 80 02 00 00 00 51 41 59 67 76 55 44 78  ..c.....QAYgvUDx
125d47e20  80 4e 5d 12 00 00 00 60 b3 02 5d 12 00 00 00 f0  .N]....`..].....
125d47e30  05 00 4f 50 39 78 49 68 50 65 78 6c 6c 52 44 6f  ..OP9xIhPexllRDo
125d47e40  35 7a 69 71 35 30 78 72 61 4d 6e 67 77 44 6c 45  5ziq50xraMngwDlE
125d47e50  65 74 50 52 35 62 37 69 6d 6f 36 45 41 6a 4a 64  etPR5b7imo6EAjJd
125d47e60  51 57 64 66 66 5a 4d 4b 6d 34 4d 3d 00 00 05 00  QWdffZMKm4M=....
125d47e70  43 44 50 63 77 52 76 54 4b 36 53 78 79 77 6c 56  CDPcwRvTK6SxywlV
125d47e80  72 73 6c 65 38 7a 58 41 6b 44 59 4f 67 53 52 36  rsle8zXAkDYOgSR6
125d47e90  32 5a 41 6c 49 30 6c 69 34 2b 32 52 75 48 30 61  2ZAlI0li4+2RuH0a
125d47ea0  75 4e 54 59 70 77 37 31 78 66 6b 4c 73 4e 50 32  uNTYpw71xfkLsNP2
125d47eb0  50 45 46 54 6f 35 53 4f 6f 41 47 46 49 43 31 6b  PEFTo5SOoAGFIC1k
125d47ec0  47 6b 4d 34 61 43 72 61 2b 55 46 4e 52 54 75 31  GkM4aCra+UFNRTu1
125d47ed0  5a 7a 52 69 39 61 50 41 6a 73 6a 6a 67 7a 33 41  ZzRi9aPAjsjjgz3A
125d47ee0  61 2b 68 65 4b 54 31 73 34 6e 68 4d 58 4b 78 64  a+heKT1s4nhMXKxd
125d47ef0  53 6f 79 63 6e 4c 5a 38 52 32 52 58 69 47 72 4d  SoycnLZ8R2RXiGrM
125d47f00  35 75 51 61 6b 45 4f 35 53 50 68 65 6b 42 2b 73  5uQakEO5SPhekB+s
125d47f10  6d 72 6a 70 55 50 37 43 6a 33 56 79 56 42 70 44  mrjpUP7Cj3VyVBpD
125d47f20  47 63 56 67 52 58 63 31 7a 41 73 35 67 59 56 47  GcVgRXc1zAs5gYVG
125d47f30  6d 49 6c 38 53 76 43 41 43 35 4b 59 59 72 50 6e  mIl8SvCAC5KYYrPn
125d47f40  6d 51 6d 7a 69 69 38 6c 49 64 74 7a 66 30 30 64  mQmzii8lIdtzf00d
125d47f50  46 35 35 51 66 5a 48 48 47 47 71 31 54 6c 43 41  F55QfZHHGGq1TlCA
125d47f60  50 41 68 58 49 4c 63 6f 52 6f 6b 5a 68 6b 51 35  PAhXILcoRokZhkQ5
125d47f70  59 6c 41 38 74 36 32 4e 51 41 59 67 76 55 44 78  YlA8t62NQAYgvUDx
125d47f80  75 6d 50 46 63 6e 69 43 68 34 36 54 59 30 74 31  umPFcniCh46TY0t1
125d47f90  78 6b 4f 50 39 78 49 68 50 65 78 6c 6c 52 44 6f  xkOP9xIhPexllRDo
125d47fa0  35 7a 69 71 35 30 78 72 61 4d 6e 67 77 44 6c 45  5ziq50xraMngwDlE
125d47fb0  65 74 50 52 35 62 37 69 6d 6f 36 45 41 6a 4a 64  etPR5b7imo6EAjJd
125d47fc0  51 57 64 66 66 5a 4d 4b 6d 34 4d 3d 00 00 00 00  QWdffZMKm4M=....
125d47fd0  01 00 00 00 00 00 00 00 48 38 1a 9d 01 00 00 00  ........H8......
125d47fe0  4c 38 1a 9d 01 00 00 00 68 38 1a 9d 01 00 00 00  L8......h8......
125d47ff0  8c 38 1a 9d 01 00 00 00 50 39 1a 9d 01 00 00 00  .8......P9......
125d48000  90 38 1a 9d 01 00 00 00 00 00 00 00 00 00 00 00  .8..............
125d48010  00 00 00 00 00 00 00 00 00 00 00 00 00 00 00 00  ................
125d48020  20 e8 90 80 02 00 00 00 60 e7 90 80 02 00 00 00   .......`.......
125d48030  04 00 00 00 02 00 00 00 03 00 00 00 00 00 00 00  ................
125d48040  04 00 00 00 02 00 00 00 03 00 00 00 00 00 00 00  ................
125d48050  00 00 00 00 00 00 00 00 00 00 80 00 00 00 80 00  ................
125d48060  00 00 00 00 03 00 00 00 01 00 00 00 02 00 00 00  ................
125d48070  00 00 80 00 00 00 80 00 00 00 00 00 00 00 80 00  ................
125d48080  00 00 80 00 00 00 00 00 00 00 00 00 00 00 00 00  ................
125d48090  40 fb db 82 02 00 00 00 c0 37 79 83 02 00 00 00  @........7y.....
125d480a0  00 00 00 00 14 00 00 00 00 00 00 00 00 00 00 00  ................
125d480b0  00 00 00 00 00 00 00 00 00 00 00 00 00 00 00 00  ................
125d480c0  b8 00 00 00 b7 00 00 00 00 00 00 00 00 00 00 00  ................
125d480d0  00 00 00 00 00 00 00 00 00 00 00 00 00 00 00 00  ................
125d480e0  ae be 5d 12 00 00 00 b0 48 93 79 12 00 00 00 10  ..].....H.y.....
125d480f0  0f 00 0a 09 3c 73 74 72 69 6e 67 3e 38 30 39 36  ....<string>8096
125d48100  37 38 39 38 33 39 33 32 35 32 36 3c 2f 73 74 72  78983932526</str

,	Aweme!0x3ede618 this.args1 onLeave 0x0 0x0

,	Aweme!0x3ede618 this.args2 onLeave 0x120a8 0x120a8

,	Aweme!0x3ede618 this.args3 onLeave 0x19ce510e0             0  1  2  3  4  5  6  7  8  9  A  B  C  D  E  F  0123456789ABCDEF
19ce510e0  f6 57 bd a9 f4 4f 01 a9 fd 7b 02 a9 fd 83 00 91  .W...O...{......
19ce510f0  f4 03 02 aa f3 03 01 aa f5 03 00 aa 21 02 00 b4  ............!...
19ce51100  68 fe 5d d3 1f 51 00 f1 c1 01 00 54 08 01 8e 52  h.]..Q.....T...R
19ce51110  a8 6a 68 38 68 02 18 37 9f 0e 40 f2 88 fe 44 d3  .jh8h..7..@...D.
19ce51120  08 05 88 1a 02 05 00 51 e0 03 15 aa e1 03 13 aa  .......Q........
19ce51130  fd 7b 42 a9 f4 4f 41 a9 f6 57 c3 a8 0e 00 00 14  .{B..OA..W......
19ce51140  a0 16 78 f9 03 3c 40 f9 e1 03 13 aa e2 03 14 aa  ..x..<@.........
19ce51150  fd 7b 42 a9 f4 4f 41 a9 f6 57 c3 a8 60 00 1f d6  .{B..OA..W..`...
19ce51160  a1 0a 80 52 e0 03 13 aa e2 03 14 aa f1 9b 00 94  ...R............
19ce51170  ea ff ff 17 fa 67 bb a9 f8 5f 01 a9 f6 57 02 a9  .....g..._...W..
19ce51180  f4 4f 03 a9 fd 7b 04 a9 fd 03 01 91 f4 03 02 aa  .O...{..........
19ce51190  f3 03 00 aa 35 c4 72 92 28 94 66 92 09 0c 78 f9  ....5.r.(.f...x.
19ce511a0  28 01 08 ca 29 7c 4e d3 2a 64 0e 53 29 2d 06 53  (...)|N.*d.S)-.S
19ce511b0  49 15 1a 33 16 49 29 8b c9 00 00 d0 29 81 25 91  I..3.I).....).%.
19ce511c0  c8 02 40 b9 38 59 62 b8 09 07 00 51 2a 00 15 4b  ..@.8Yb....Q*..K
19ce511d0  4b 6c 1c 53 6b 41 00 11 4a 0d cb 1a 4a 05 00 11  Kl.SkA..J...J...
19ce511e0  4a 29 00 12 6b ff 80 52 ac ff 80 52 0d 29 00 12  J)..k..R...R.)..
19ce511f0  0f 01 20 11 ee 25 15 12 10 01 01 12 11 01 48 11  .. ..%........H.
19ce51200  31 26 0b 12 0e 02 0e 2a ce 01 11 2a bf f1 1f 71  1&.....*...*...q
19ce51210  a0 01 00 54 ef 51 0b 53 ff 01 09 6b 41 01 00 54  ...T.Q.S...kA..T
19ce51220  1f 01 00 71 6d b1 8c 1a d9 01 0d 2a cd 7e 5f 88  ...qm......*.~_.
19ce51230  bf 01 08 6b 21 02 00 54 d9 7e 0d 88 8d ff ff 35  ...k!..T.~.....5
19ce51240  11 00 00 14 59 01 0e 2a bf f1 1f 71 6d 01 8d 1a  ....Y..*...qm...
19ce51250  2d 10 00 79 6d 12 78 f9 ad 01 01 ca 2d 00 00 f9  -..ym.x.....-...
19ce51260  cd 7e 5f 88 bf 01 08 6b 81 00 00 54 d9 fe 0d 88  .~_....k...T....
19ce51270  8d ff ff 35 14 00 00 14 5f 3f 03 d5 e8 03 0d aa  ...5...._?......
19ce51280  db ff ff 17 49 62 24 90 29 e9 43 b9 c9 01 00 35  ....Ib$.).C....5
19ce51290  a8 01 f8 37 08 0b 8e 52 77 02 08 8b a1 00 a0 52  ...7...Rw......R
19ce512a0  e0 03 17 aa 95 9e 00 94 e3 03 14 aa e0 03 13 aa  ................
19ce512b0  e1 03 16 aa e2 03 15 aa c3 01 00 94 e0 03 17 aa  ................
19ce512c0  97 9e 00 94 f9 01 f8 37 e8 03 00 32 14 21 d4 1a  .......7...2.!..
19ce512d0  88 00 8e 52 75 02 08 8b a8 02 40 79 88 02 08 0a  ...Ru.....@y....
19ce512e0  29 53 0b 53 20 01 62 1e 1f 01 00 71 01 03 62 1e  )S.S .b....q..b.
19ce512f0  02 10 6d 1e 21 08 62 1e 22 14 60 1e e9 00 00 54  ..m.!.b.".`....T
19ce51300  fd 7b 44 a9 f4 4f 43 a9 f6 57 42 a9 f8 5f 41 a9  .{D..OC..WB.._A.
19ce51310  fa 67 c5 a8 c0 03 5f d6 73 1e 40 91 a1 00 a0 52  .g...._.s.@....R
19ce51320  e0 03 13 aa 75 9e 00 94 a8 02 40 79 08 01 34 0a  ....u.....@y..4.
19ce51330  a8 02 00 79 e0 03 13 aa fd 7b 44 a9 f4 4f 43 a9  ...y.....{D..OC.
19ce51340  f6 57 42 a9 f8 5f 41 a9 fa 67 c5 a8 74 9e 00 14  .WB.._A..g..t...
19ce51350  ff c3 00 d1 f4 4f 01 a9 fd 7b 02 a9 fd 83 00 91  .....O...{......
19ce51360  f3 03 01 aa f4 03 00 aa e1 02 00 b4 68 fe 5d d3  ............h.].
19ce51370  1f 51 00 f1 81 02 00 54 02 00 80 52 e0 03 14 aa  .Q.....T...R....
19ce51380  e1 03 13 aa 8a fe ff 97 e0 01 00 b4 e8 03 00 aa  ................
19ce51390  09 01 8e 52 89 6a 69 38 49 02 18 37 1f 0d 40 f2  ...R.ji8I..7..@.
19ce513a0  08 fd 44 d3 08 05 88 1a 02 05 00 51 e0 03 14 aa  ..D........Q....
19ce513b0  e1 03 13 aa fd 7b 42 a9 f4 4f 41 a9 ff c3 00 91  .....{B..OA.....
19ce513c0  6d ff ff 17 80 16 78 f9 02 18 40 f9 e1 03 13 aa  m.....x...@.....
19ce513d0  fd 7b 42 a9 f4 4f 41 a9 ff c3 00 91 40 00 1f d6  .{B..OA.....@...
19ce513e0  a1 0a 80 52 e0 03 13 aa e8 07 00 f9 e2 03 08 aa  ...R............
19ce513f0  50 9b 00 94 e8 07 40 f9 e9 ff ff 17 f4 4f be a9  P.....@......O..
19ce51400  fd 7b 01 a9 fd 43 00 91 f3 03 02 aa f4 03 00 aa  .{...C..........
19ce51410  3f 04 00 f1 40 02 00 54 28 7c d3 9b ff 03 08 eb  ?...@..T(|......
19ce51420  21 01 00 54 33 7c 13 9b 48 de 1e b0 08 d1 43 f9  !..T3|..H.....C.
19ce51430  08 01 40 f9 09 00 80 92 28 05 08 ca 7f 02 08 eb  ..@.....(.......
19ce51440  e9 00 00 54 c0 be 03 94 e8 03 00 aa 00 00 80 d2  ...T............
19ce51450  e9 07 1e 32 09 01 00 b9 0c 00 00 14 7f 02 04 f1  ...2............
19ce51460  a8 01 00 54 68 3e 00 91 08 ed 7c 92 7f 46 00 f1  ...Th>....|..F..
19ce51470  e9 03 1c 32 21 31 88 9a e2 03 00 32 e0 03 14 aa  ...2!1.....2....
19ce51480  a8 fe ff 97 80 00 00 b4 fd 7b 41 a9 f4 4f c2 a8  .........{A..O..
19ce51490  c0 03 5f d6 80 16 78 f9 03 10 40 f9 e1 03 00 32  .._...x...@....2
19ce514a0  e2 03 13 aa fd 7b 41 a9 f4 4f c2 a8 60 00 1f d6  .....{A..O..`...
19ce514b0  f8 5f bc a9 f6 57 01 a9 f4 4f 02 a9 fd 7b 03 a9  ._...W...O...{..
19ce514c0  fd c3 00 91 f5 03 02 aa f4 03 00 aa c1 01 00 b4  ................
19ce514d0  f3 03 01 aa 02 00 80 52 e0 03 14 aa 34 fe ff 97  .......R....4...

,	Aweme!0x3ede618 this.args4 onLeave 0x9cdd4d65 0x9cdd4d65

,retval onLeave: 0x28063e990             0  1  2  3  4  5  6  7  8  9  A  B  C  D  E  F  0123456789ABCDEF
28063e990  d0 ab 1e 0c 01 00 00 00 00 3e 36 80 02 00 00 00  .........>6.....
28063e9a0  70 12 f3 82 02 00 00 00 40 f5 93 80 02 00 00 00  p.......@.......
28063e9b0  60 12 f3 82 02 00 00 00 70 ea 63 80 02 00 00 00  `.......p.c.....
28063e9c0  10 12 f3 82 02 00 00 00 00 00 00 00 00 00 00 00  ................
28063e9d0  50 12 f3 82 02 00 00 00 e0 6e 22 81 02 00 00 00  P........n".....
28063e9e0  30 11 f3 82 02 00 00 00 01 39 36 35 33 30 39 30  0........9653090
28063e9f0  e0 64 e7 80 02 00 00 00 00 00 00 00 00 00 00 00  .d..............
28063ea00  00 00 00 00 00 00 00 00 00 00 00 00 00 00 00 00  ................
28063ea10  68 33 90 80 02 00 00 00 01 4c 69 62 72 61 72 79  h3.......Library
28063ea20  02 00 00 00 76 61 74 65 00 00 00 00 00 00 00 00  ....vate........
28063ea30  00 00 00 00 00 00 00 00 00 00 00 00 00 00 00 00  ................
28063ea40  00 00 00 80 73 2e 66 72 96 5f 68 c0 02 00 00 00  ....s.fr._h.....
28063ea50  20 c5 01 00 00 00 00 00 18 fc ff ff ff ff ff ff   ...............
28063ea60  ff ff ff ff 00 00 00 00 05 00 00 00 00 00 00 00  ................
28063ea70  f0 4a 1e 0c 01 00 00 00 e0 6e 22 81 02 00 00 00  .J.......n".....
28063ea80  30 11 f3 82 02 00 00 00 e0 15 f3 82 02 00 00 00  0...............
28063ea90  40 16 f3 82 02 00 00 00 c0 db db 82 02 00 00 00  @...............
28063eaa0  60 15 f3 82 02 00 00 00 00 00 00 00 00 00 00 00  `...............
28063eab0  00 00 00 00 00 00 00 00 e0 51 60 81 02 00 00 00  .........Q`.....
28063eac0  10 51 60 81 02 00 00 00 00 3e 36 80 02 00 00 00  .Q`......>6.....
28063ead0  70 12 f3 82 02 00 00 00 36 30 3e 2c 20 00 00 00  p.......60>, ...
28063eae0  19 18 aa e5 a1 01 00 00 8c 07 00 00 01 00 00 00  ................
28063eaf0  52 68 74 74 70 73 3a 2f 2f 73 66 31 2d 74 74 63  Rhttps://sf1-ttc
28063eb00  64 6e 2d 74 6f 73 2e 70 73 74 61 74 70 2e 63 6f  dn-tos.pstatp.co
28063eb10  6d 2f 6f 62 6a 2f 74 65 6d 61 69 2f 46 76 49 2d  m/obj/temai/FvI-
28063eb20  2d 37 6d 69 4f 68 79 36 39 74 61 75 4d 61 4e 39  -7miOhy69tauMaN9
28063eb30  59 41 66 6d 5a 4a 47 34 77 77 77 31 31 32 35 2d  YAfmZJG4www1125-
28063eb40  32 34 30 00 00 00 00 00 00 00 00 00 00 00 00 00  240.............
28063eb50  ad 24 ca 0d a1 21 00 00 00 00 00 00 00 00 00 00  .$...!..........
28063eb60  f3 cc 24 c5 ba 08 1f fe d3 dc 14 d5 ba 08 1f fe  ..$.............
28063eb70  b0 b1 3e 82 02 00 00 00 00 00 00 00 00 00 00 00  ..>.............
28063eb80  ce db 34 17 84 41 3d fd c0 b3 3e 82 02 00 00 00  ..4..A=...>.....
28063eb90  00 00 00 00 00 00 00 00 00 00 00 00 00 00 00 00  ................
28063eba0  20 e0 db 82 02 00 00 00 00 00 00 00 00 00 00 00   ...............
28063ebb0  00 00 00 00 00 00 00 00 00 00 00 00 00 00 00 00  ................
28063ebc0  2f 70 72 69 76 61 74 65 2f 76 61 72 2f 63 6f 6e  /private/var/con
28063ebd0  74 61 69 6e 65 72 73 2f 42 75 6e 64 6c 65 2f 41  tainers/Bundle/A
28063ebe0  70 70 6c 69 63 61 74 69 6f 6e 2f 35 36 31 37 44  pplication/5617D
28063ebf0  36 38 41 2d 31 30 35 43 2d 34 41 37 31 2d 42 46  68A-105C-4A71-BF
28063ec00  31 31 2d 31 33 30 30 34 38 44 30 34 39 30 30 2f  11-130048D04900/
28063ec10  64 79 5f 31 34 37 31 2e 61 70 70 2f 41 57 45 56  dy_1471.app/AWEV
28063ec20  69 64 65 6f 46 65 65 64 2e 62 75 6e 64 6c 65 00  ideoFeed.bundle.
28063ec30  91 31 b4 e5 a1 01 00 00 01 00 55 00 02 00 b5 00  .1........U.....
28063ec40  11 00 f0 2d 19 00 05 00 16 00 02 00 10 00 39 02  ...-..........9.
28063ec50  17 00 04 00 0c 00 02 00 0f 00 01 00 18 00 01 00  ................
28063ec60  04 00 05 00 14 00 01 00 15 00 02 00 00 00 00 00  ................
28063ec70  00 00 00 00 00 00 00 00 00 00 00 00 00 00 00 00  ................
28063ec80  00 00 00 00 00 00 00 00 00 00 00 00 00 00 00 00  ................
28063ec90  00 00 00 00 00 00 00 00 15 00 00 00 00 00 00 00  ................
28063eca0  19 18 aa e5 a1 01 00 00 8c 07 00 00 01 00 00 00  ................
28063ecb0  57 68 74 74 70 73 3a 2f 2f 70 31 2d 64 79 2d 69  Whttps://p1-dy-i
28063ecc0  70 76 36 2e 62 79 74 65 69 6d 67 2e 63 6f 6d 2f  pv6.byteimg.com/
28063ecd0  6f 62 6a 2f 69 6d 2d 72 65 73 6f 75 72 63 65 2f  obj/im-resource/
28063ece0  6d 73 67 5f 65 6d 6f 6a 69 5f 6c 6f 76 65 5f 75  msg_emoji_love_u
28063ecf0  6e 73 65 6c 65 63 74 65 64 5f 31 35 38 38 37 34  nselected_158874
28063ed00  37 33 33 35 2e 70 6e 67 00 00 00 00 00 00 00 00  7335.png........
28063ed10  81 32 b4 e5 a1 01 00 00 ec 03 00 00 00 00 00 00  .2..............
28063ed20  00 00 00 00 00 00 00 00 00 00 00 00 00 00 00 00  ................
28063ed30  00 00 00 00 00 00 00 00 00 00 00 00 00 00 00 00  ................
28063ed40  00 00 00 00 00 00 00 00 00 00 00 00 00 00 00 00  ................
28063ed50  00 00 00 00 00 00 00 00 00 00 00 00 00 00 00 00  ................
28063ed60  00 00 00 00 00 00 00 00 00 00 00 00 00 00 00 00  ................
28063ed70  00 00 00 00 00 00 00 00 00 00 00 00 00 00 00 00  ................
28063ed80  91 31 b4 e5 a1 01 00 00 01 00 55 00 02 00 b5 00  .1........U.....

call Aweme!0x3ede618
,	Aweme!0x3ede618 this.args0 0x125d47d10             0  1  2  3  4  5  6  7  8  9  A  B  C  D  E  F  0123456789ABCDEF
125d47d10  98 b6 1e 0c 01 00 00 00 00 2d 1e 0c 01 00 00 00  .........-......
125d47d20  4b 4c 57 52 00 00 00 00 00 00 00 00 67 53 52 b6  KLWR........gSR.
125d47d30  20 00 00 00 4b 4c 57 52 00 00 00 00 00 00 00 00   ...KLWR........
125d47d40  c0 95 00 00 01 95 00 00 00 95 00 00 73 4e 50 32  ............sNP2
125d47d50  ff ff ff ff ff ff ff ff ff ff ff ff ff ff ff ff  ................
125d47d60  df 82 2b da fe ff ff ff 2b 55 46 4e 52 54 75 31  ..+.....+UFNRTu1
125d47d70  5a 7a 52 69 39 61 50 41 6a 73 6a 6a 67 7a 33 41  ZzRi9aPAjsjjgz3A
125d47d80  61 2b 68 65 4b 54 31 73 34 6e 68 4d 58 4b 78 64  a+heKT1s4nhMXKxd
125d47d90  53 6f 79 63 6e 4c 5a 38 52 32 52 58 69 47 72 4d  SoycnLZ8R2RXiGrM
125d47da0  35 75 51 61 6b 45 4f 35 53 50 68 65 6b 42 2b 73  5uQakEO5SPhekB+s
125d47db0  6d 72 6a 70 55 50 37 43 6a 33 56 79 56 42 70 44  mrjpUP7Cj3VyVBpD
125d47dc0  47 63 56 67 52 58 63 31 7a 41 73 35 67 59 56 47  GcVgRXc1zAs5gYVG
125d47dd0  6d 49 6c 38 53 76 43 41 43 35 4b 59 59 72 50 6e  mIl8SvCAC5KYYrPn
125d47de0  6d 51 6d 7a 4b 4c 57 52 00 4a 1e 0c 01 00 00 00  mQmzKLWR.J......
125d47df0  a4 3e 4a 08 01 00 00 00 b4 a1 52 08 01 00 00 00  .>J.......R.....
125d47e00  f4 3e 4a 08 01 00 00 00 90 b0 3e 82 02 00 00 00  .>J.......>.....
125d47e10  90 e9 63 80 02 00 00 00 51 41 59 67 76 55 44 78  ..c.....QAYgvUDx
125d47e20  80 4e 5d 12 00 00 00 60 b3 02 5d 12 00 00 00 f0  .N]....`..].....
125d47e30  05 00 4f 50 39 78 49 68 50 65 78 6c 6c 52 44 6f  ..OP9xIhPexllRDo
125d47e40  35 7a 69 71 35 30 78 72 61 4d 6e 67 77 44 6c 45  5ziq50xraMngwDlE
125d47e50  65 74 50 52 35 62 37 69 6d 6f 36 45 41 6a 4a 64  etPR5b7imo6EAjJd
125d47e60  51 57 64 66 66 5a 4d 4b 6d 34 4d 3d 00 00 05 00  QWdffZMKm4M=....
125d47e70  43 44 50 63 77 52 76 54 4b 36 53 78 79 77 6c 56  CDPcwRvTK6SxywlV
125d47e80  72 73 6c 65 38 7a 58 41 6b 44 59 4f 67 53 52 36  rsle8zXAkDYOgSR6
125d47e90  32 5a 41 6c 49 30 6c 69 34 2b 32 52 75 48 30 61  2ZAlI0li4+2RuH0a
125d47ea0  75 4e 54 59 70 77 37 31 78 66 6b 4c 73 4e 50 32  uNTYpw71xfkLsNP2
125d47eb0  50 45 46 54 6f 35 53 4f 6f 41 47 46 49 43 31 6b  PEFTo5SOoAGFIC1k
125d47ec0  47 6b 4d 34 61 43 72 61 2b 55 46 4e 52 54 75 31  GkM4aCra+UFNRTu1
125d47ed0  5a 7a 52 69 39 61 50 41 6a 73 6a 6a 67 7a 33 41  ZzRi9aPAjsjjgz3A
125d47ee0  61 2b 68 65 4b 54 31 73 34 6e 68 4d 58 4b 78 64  a+heKT1s4nhMXKxd
125d47ef0  53 6f 79 63 6e 4c 5a 38 52 32 52 58 69 47 72 4d  SoycnLZ8R2RXiGrM
125d47f00  35 75 51 61 6b 45 4f 35 53 50 68 65 6b 42 2b 73  5uQakEO5SPhekB+s
125d47f10  6d 72 6a 70 55 50 37 43 6a 33 56 79 56 42 70 44  mrjpUP7Cj3VyVBpD
125d47f20  47 63 56 67 52 58 63 31 7a 41 73 35 67 59 56 47  GcVgRXc1zAs5gYVG
125d47f30  6d 49 6c 38 53 76 43 41 43 35 4b 59 59 72 50 6e  mIl8SvCAC5KYYrPn
125d47f40  6d 51 6d 7a 69 69 38 6c 49 64 74 7a 66 30 30 64  mQmzii8lIdtzf00d
125d47f50  46 35 35 51 66 5a 48 48 47 47 71 31 54 6c 43 41  F55QfZHHGGq1TlCA
125d47f60  50 41 68 58 49 4c 63 6f 52 6f 6b 5a 68 6b 51 35  PAhXILcoRokZhkQ5
125d47f70  59 6c 41 38 74 36 32 4e 51 41 59 67 76 55 44 78  YlA8t62NQAYgvUDx
125d47f80  75 6d 50 46 63 6e 69 43 68 34 36 54 59 30 74 31  umPFcniCh46TY0t1
125d47f90  78 6b 4f 50 39 78 49 68 50 65 78 6c 6c 52 44 6f  xkOP9xIhPexllRDo
125d47fa0  35 7a 69 71 35 30 78 72 61 4d 6e 67 77 44 6c 45  5ziq50xraMngwDlE
125d47fb0  65 74 50 52 35 62 37 69 6d 6f 36 45 41 6a 4a 64  etPR5b7imo6EAjJd
125d47fc0  51 57 64 66 66 5a 4d 4b 6d 34 4d 3d 00 00 00 00  QWdffZMKm4M=....
125d47fd0  01 00 00 00 00 00 00 00 48 38 1a 9d 01 00 00 00  ........H8......
125d47fe0  4c 38 1a 9d 01 00 00 00 68 38 1a 9d 01 00 00 00  L8......h8......
125d47ff0  8c 38 1a 9d 01 00 00 00 50 39 1a 9d 01 00 00 00  .8......P9......
125d48000  90 38 1a 9d 01 00 00 00 00 00 00 00 00 00 00 00  .8..............
125d48010  00 00 00 00 00 00 00 00 00 00 00 00 00 00 00 00  ................
125d48020  20 e8 90 80 02 00 00 00 60 e7 90 80 02 00 00 00   .......`.......
125d48030  04 00 00 00 02 00 00 00 03 00 00 00 00 00 00 00  ................
125d48040  04 00 00 00 02 00 00 00 03 00 00 00 00 00 00 00  ................
125d48050  00 00 00 00 00 00 00 00 00 00 80 00 00 00 80 00  ................
125d48060  00 00 00 00 03 00 00 00 01 00 00 00 02 00 00 00  ................
125d48070  00 00 80 00 00 00 80 00 00 00 00 00 00 00 80 00  ................
125d48080  00 00 80 00 00 00 00 00 00 00 00 00 00 00 00 00  ................
125d48090  40 fb db 82 02 00 00 00 c0 37 79 83 02 00 00 00  @........7y.....
125d480a0  00 00 00 00 14 00 00 00 00 00 00 00 00 00 00 00  ................
125d480b0  00 00 00 00 00 00 00 00 00 00 00 00 00 00 00 00  ................
125d480c0  b8 00 00 00 b7 00 00 00 00 00 00 00 00 00 00 00  ................
125d480d0  00 00 00 00 00 00 00 00 00 00 00 00 00 00 00 00  ................
125d480e0  ae be 5d 12 00 00 00 b0 48 93 79 12 00 00 00 10  ..].....H.y.....
125d480f0  0f 00 0a 09 3c 73 74 72 69 6e 67 3e 38 30 39 36  ....<string>8096
125d48100  37 38 39 38 33 39 33 32 35 32 36 3c 2f 73 74 72  78983932526</str

,	Aweme!0x3ede618 this.args1 0x0 0x0

,	Aweme!0x3ede618 this.args2 0x120a8 0x120a8

,	Aweme!0x3ede618 this.args3 0x19ce510e0             0  1  2  3  4  5  6  7  8  9  A  B  C  D  E  F  0123456789ABCDEF
19ce510e0  f6 57 bd a9 f4 4f 01 a9 fd 7b 02 a9 fd 83 00 91  .W...O...{......
19ce510f0  f4 03 02 aa f3 03 01 aa f5 03 00 aa 21 02 00 b4  ............!...
19ce51100  68 fe 5d d3 1f 51 00 f1 c1 01 00 54 08 01 8e 52  h.]..Q.....T...R
19ce51110  a8 6a 68 38 68 02 18 37 9f 0e 40 f2 88 fe 44 d3  .jh8h..7..@...D.
19ce51120  08 05 88 1a 02 05 00 51 e0 03 15 aa e1 03 13 aa  .......Q........
19ce51130  fd 7b 42 a9 f4 4f 41 a9 f6 57 c3 a8 0e 00 00 14  .{B..OA..W......
19ce51140  a0 16 78 f9 03 3c 40 f9 e1 03 13 aa e2 03 14 aa  ..x..<@.........
19ce51150  fd 7b 42 a9 f4 4f 41 a9 f6 57 c3 a8 60 00 1f d6  .{B..OA..W..`...
19ce51160  a1 0a 80 52 e0 03 13 aa e2 03 14 aa f1 9b 00 94  ...R............
19ce51170  ea ff ff 17 fa 67 bb a9 f8 5f 01 a9 f6 57 02 a9  .....g..._...W..
19ce51180  f4 4f 03 a9 fd 7b 04 a9 fd 03 01 91 f4 03 02 aa  .O...{..........
19ce51190  f3 03 00 aa 35 c4 72 92 28 94 66 92 09 0c 78 f9  ....5.r.(.f...x.
19ce511a0  28 01 08 ca 29 7c 4e d3 2a 64 0e 53 29 2d 06 53  (...)|N.*d.S)-.S
19ce511b0  49 15 1a 33 16 49 29 8b c9 00 00 d0 29 81 25 91  I..3.I).....).%.
19ce511c0  c8 02 40 b9 38 59 62 b8 09 07 00 51 2a 00 15 4b  ..@.8Yb....Q*..K
19ce511d0  4b 6c 1c 53 6b 41 00 11 4a 0d cb 1a 4a 05 00 11  Kl.SkA..J...J...
19ce511e0  4a 29 00 12 6b ff 80 52 ac ff 80 52 0d 29 00 12  J)..k..R...R.)..
19ce511f0  0f 01 20 11 ee 25 15 12 10 01 01 12 11 01 48 11  .. ..%........H.
19ce51200  31 26 0b 12 0e 02 0e 2a ce 01 11 2a bf f1 1f 71  1&.....*...*...q
19ce51210  a0 01 00 54 ef 51 0b 53 ff 01 09 6b 41 01 00 54  ...T.Q.S...kA..T
19ce51220  1f 01 00 71 6d b1 8c 1a d9 01 0d 2a cd 7e 5f 88  ...qm......*.~_.
19ce51230  bf 01 08 6b 21 02 00 54 d9 7e 0d 88 8d ff ff 35  ...k!..T.~.....5
19ce51240  11 00 00 14 59 01 0e 2a bf f1 1f 71 6d 01 8d 1a  ....Y..*...qm...
19ce51250  2d 10 00 79 6d 12 78 f9 ad 01 01 ca 2d 00 00 f9  -..ym.x.....-...
19ce51260  cd 7e 5f 88 bf 01 08 6b 81 00 00 54 d9 fe 0d 88  .~_....k...T....
19ce51270  8d ff ff 35 14 00 00 14 5f 3f 03 d5 e8 03 0d aa  ...5...._?......
19ce51280  db ff ff 17 49 62 24 90 29 e9 43 b9 c9 01 00 35  ....Ib$.).C....5
19ce51290  a8 01 f8 37 08 0b 8e 52 77 02 08 8b a1 00 a0 52  ...7...Rw......R
19ce512a0  e0 03 17 aa 95 9e 00 94 e3 03 14 aa e0 03 13 aa  ................
19ce512b0  e1 03 16 aa e2 03 15 aa c3 01 00 94 e0 03 17 aa  ................
19ce512c0  97 9e 00 94 f9 01 f8 37 e8 03 00 32 14 21 d4 1a  .......7...2.!..
19ce512d0  88 00 8e 52 75 02 08 8b a8 02 40 79 88 02 08 0a  ...Ru.....@y....
19ce512e0  29 53 0b 53 20 01 62 1e 1f 01 00 71 01 03 62 1e  )S.S .b....q..b.
19ce512f0  02 10 6d 1e 21 08 62 1e 22 14 60 1e e9 00 00 54  ..m.!.b.".`....T
19ce51300  fd 7b 44 a9 f4 4f 43 a9 f6 57 42 a9 f8 5f 41 a9  .{D..OC..WB.._A.
19ce51310  fa 67 c5 a8 c0 03 5f d6 73 1e 40 91 a1 00 a0 52  .g...._.s.@....R
19ce51320  e0 03 13 aa 75 9e 00 94 a8 02 40 79 08 01 34 0a  ....u.....@y..4.
19ce51330  a8 02 00 79 e0 03 13 aa fd 7b 44 a9 f4 4f 43 a9  ...y.....{D..OC.
19ce51340  f6 57 42 a9 f8 5f 41 a9 fa 67 c5 a8 74 9e 00 14  .WB.._A..g..t...
19ce51350  ff c3 00 d1 f4 4f 01 a9 fd 7b 02 a9 fd 83 00 91  .....O...{......
19ce51360  f3 03 01 aa f4 03 00 aa e1 02 00 b4 68 fe 5d d3  ............h.].
19ce51370  1f 51 00 f1 81 02 00 54 02 00 80 52 e0 03 14 aa  .Q.....T...R....
19ce51380  e1 03 13 aa 8a fe ff 97 e0 01 00 b4 e8 03 00 aa  ................
19ce51390  09 01 8e 52 89 6a 69 38 49 02 18 37 1f 0d 40 f2  ...R.ji8I..7..@.
19ce513a0  08 fd 44 d3 08 05 88 1a 02 05 00 51 e0 03 14 aa  ..D........Q....
19ce513b0  e1 03 13 aa fd 7b 42 a9 f4 4f 41 a9 ff c3 00 91  .....{B..OA.....
19ce513c0  6d ff ff 17 80 16 78 f9 02 18 40 f9 e1 03 13 aa  m.....x...@.....
19ce513d0  fd 7b 42 a9 f4 4f 41 a9 ff c3 00 91 40 00 1f d6  .{B..OA.....@...
19ce513e0  a1 0a 80 52 e0 03 13 aa e8 07 00 f9 e2 03 08 aa  ...R............
19ce513f0  50 9b 00 94 e8 07 40 f9 e9 ff ff 17 f4 4f be a9  P.....@......O..
19ce51400  fd 7b 01 a9 fd 43 00 91 f3 03 02 aa f4 03 00 aa  .{...C..........
19ce51410  3f 04 00 f1 40 02 00 54 28 7c d3 9b ff 03 08 eb  ?...@..T(|......
19ce51420  21 01 00 54 33 7c 13 9b 48 de 1e b0 08 d1 43 f9  !..T3|..H.....C.
19ce51430  08 01 40 f9 09 00 80 92 28 05 08 ca 7f 02 08 eb  ..@.....(.......
19ce51440  e9 00 00 54 c0 be 03 94 e8 03 00 aa 00 00 80 d2  ...T............
19ce51450  e9 07 1e 32 09 01 00 b9 0c 00 00 14 7f 02 04 f1  ...2............
19ce51460  a8 01 00 54 68 3e 00 91 08 ed 7c 92 7f 46 00 f1  ...Th>....|..F..
19ce51470  e9 03 1c 32 21 31 88 9a e2 03 00 32 e0 03 14 aa  ...2!1.....2....
19ce51480  a8 fe ff 97 80 00 00 b4 fd 7b 41 a9 f4 4f c2 a8  .........{A..O..
19ce51490  c0 03 5f d6 80 16 78 f9 03 10 40 f9 e1 03 00 32  .._...x...@....2
19ce514a0  e2 03 13 aa fd 7b 41 a9 f4 4f c2 a8 60 00 1f d6  .....{A..O..`...
19ce514b0  f8 5f bc a9 f6 57 01 a9 f4 4f 02 a9 fd 7b 03 a9  ._...W...O...{..
19ce514c0  fd c3 00 91 f5 03 02 aa f4 03 00 aa c1 01 00 b4  ................
19ce514d0  f3 03 01 aa 02 00 80 52 e0 03 14 aa 34 fe ff 97  .......R....4...

,	Aweme!0x3ede618 this.args4 0x9cdd4d65 0x9cdd4d65

,	Aweme!0x3ede618 this.args0 onLeave 0x125d47d10             0  1  2  3  4  5  6  7  8  9  A  B  C  D  E  F  0123456789ABCDEF
125d47d10  98 b6 1e 0c 01 00 00 00 00 2d 1e 0c 01 00 00 00  .........-......
125d47d20  4b 4c 57 52 00 00 00 00 00 00 00 00 67 53 52 b6  KLWR........gSR.
125d47d30  20 00 00 00 4b 4c 57 52 00 00 00 00 00 00 00 00   ...KLWR........
125d47d40  c0 96 00 00 01 96 00 00 00 96 00 00 73 4e 50 32  ............sNP2
125d47d50  ff ff ff ff ff ff ff ff ff ff ff ff ff ff ff ff  ................
125d47d60  df 82 2b da fe ff ff ff 2b 55 46 4e 52 54 75 31  ..+.....+UFNRTu1
125d47d70  5a 7a 52 69 39 61 50 41 6a 73 6a 6a 67 7a 33 41  ZzRi9aPAjsjjgz3A
125d47d80  61 2b 68 65 4b 54 31 73 34 6e 68 4d 58 4b 78 64  a+heKT1s4nhMXKxd
125d47d90  53 6f 79 63 6e 4c 5a 38 52 32 52 58 69 47 72 4d  SoycnLZ8R2RXiGrM
125d47da0  35 75 51 61 6b 45 4f 35 53 50 68 65 6b 42 2b 73  5uQakEO5SPhekB+s
125d47db0  6d 72 6a 70 55 50 37 43 6a 33 56 79 56 42 70 44  mrjpUP7Cj3VyVBpD
125d47dc0  47 63 56 67 52 58 63 31 7a 41 73 35 67 59 56 47  GcVgRXc1zAs5gYVG
125d47dd0  6d 49 6c 38 53 76 43 41 43 35 4b 59 59 72 50 6e  mIl8SvCAC5KYYrPn
125d47de0  6d 51 6d 7a 4b 4c 57 52 00 4a 1e 0c 01 00 00 00  mQmzKLWR.J......
125d47df0  a4 3e 4a 08 01 00 00 00 b4 a1 52 08 01 00 00 00  .>J.......R.....
125d47e00  f4 3e 4a 08 01 00 00 00 90 b0 3e 82 02 00 00 00  .>J.......>.....
125d47e10  90 e9 63 80 02 00 00 00 51 41 59 67 76 55 44 78  ..c.....QAYgvUDx
125d47e20  80 4e 5d 12 00 00 00 60 b3 02 5d 12 00 00 00 f0  .N]....`..].....
125d47e30  05 00 4f 50 39 78 49 68 50 65 78 6c 6c 52 44 6f  ..OP9xIhPexllRDo
125d47e40  35 7a 69 71 35 30 78 72 61 4d 6e 67 77 44 6c 45  5ziq50xraMngwDlE
125d47e50  65 74 50 52 35 62 37 69 6d 6f 36 45 41 6a 4a 64  etPR5b7imo6EAjJd
125d47e60  51 57 64 66 66 5a 4d 4b 6d 34 4d 3d 00 00 05 00  QWdffZMKm4M=....
125d47e70  43 44 50 63 77 52 76 54 4b 36 53 78 79 77 6c 56  CDPcwRvTK6SxywlV
125d47e80  72 73 6c 65 38 7a 58 41 6b 44 59 4f 67 53 52 36  rsle8zXAkDYOgSR6
125d47e90  32 5a 41 6c 49 30 6c 69 34 2b 32 52 75 48 30 61  2ZAlI0li4+2RuH0a
125d47ea0  75 4e 54 59 70 77 37 31 78 66 6b 4c 73 4e 50 32  uNTYpw71xfkLsNP2
125d47eb0  50 45 46 54 6f 35 53 4f 6f 41 47 46 49 43 31 6b  PEFTo5SOoAGFIC1k
125d47ec0  47 6b 4d 34 61 43 72 61 2b 55 46 4e 52 54 75 31  GkM4aCra+UFNRTu1
125d47ed0  5a 7a 52 69 39 61 50 41 6a 73 6a 6a 67 7a 33 41  ZzRi9aPAjsjjgz3A
125d47ee0  61 2b 68 65 4b 54 31 73 34 6e 68 4d 58 4b 78 64  a+heKT1s4nhMXKxd
125d47ef0  53 6f 79 63 6e 4c 5a 38 52 32 52 58 69 47 72 4d  SoycnLZ8R2RXiGrM
125d47f00  35 75 51 61 6b 45 4f 35 53 50 68 65 6b 42 2b 73  5uQakEO5SPhekB+s
125d47f10  6d 72 6a 70 55 50 37 43 6a 33 56 79 56 42 70 44  mrjpUP7Cj3VyVBpD
125d47f20  47 63 56 67 52 58 63 31 7a 41 73 35 67 59 56 47  GcVgRXc1zAs5gYVG
125d47f30  6d 49 6c 38 53 76 43 41 43 35 4b 59 59 72 50 6e  mIl8SvCAC5KYYrPn
125d47f40  6d 51 6d 7a 69 69 38 6c 49 64 74 7a 66 30 30 64  mQmzii8lIdtzf00d
125d47f50  46 35 35 51 66 5a 48 48 47 47 71 31 54 6c 43 41  F55QfZHHGGq1TlCA
125d47f60  50 41 68 58 49 4c 63 6f 52 6f 6b 5a 68 6b 51 35  PAhXILcoRokZhkQ5
125d47f70  59 6c 41 38 74 36 32 4e 51 41 59 67 76 55 44 78  YlA8t62NQAYgvUDx
125d47f80  75 6d 50 46 63 6e 69 43 68 34 36 54 59 30 74 31  umPFcniCh46TY0t1
125d47f90  78 6b 4f 50 39 78 49 68 50 65 78 6c 6c 52 44 6f  xkOP9xIhPexllRDo
125d47fa0  35 7a 69 71 35 30 78 72 61 4d 6e 67 77 44 6c 45  5ziq50xraMngwDlE
125d47fb0  65 74 50 52 35 62 37 69 6d 6f 36 45 41 6a 4a 64  etPR5b7imo6EAjJd
125d47fc0  51 57 64 66 66 5a 4d 4b 6d 34 4d 3d 00 00 00 00  QWdffZMKm4M=....
125d47fd0  01 00 00 00 00 00 00 00 48 38 1a 9d 01 00 00 00  ........H8......
125d47fe0  4c 38 1a 9d 01 00 00 00 68 38 1a 9d 01 00 00 00  L8......h8......
125d47ff0  8c 38 1a 9d 01 00 00 00 50 39 1a 9d 01 00 00 00  .8......P9......
125d48000  90 38 1a 9d 01 00 00 00 00 00 00 00 00 00 00 00  .8..............
125d48010  00 00 00 00 00 00 00 00 00 00 00 00 00 00 00 00  ................
125d48020  20 e8 90 80 02 00 00 00 60 e7 90 80 02 00 00 00   .......`.......
125d48030  04 00 00 00 02 00 00 00 03 00 00 00 00 00 00 00  ................
125d48040  04 00 00 00 02 00 00 00 03 00 00 00 00 00 00 00  ................
125d48050  00 00 00 00 00 00 00 00 00 00 80 00 00 00 80 00  ................
125d48060  00 00 00 00 03 00 00 00 01 00 00 00 02 00 00 00  ................
125d48070  00 00 80 00 00 00 80 00 00 00 00 00 00 00 80 00  ................
125d48080  00 00 80 00 00 00 00 00 00 00 00 00 00 00 00 00  ................
125d48090  40 fb db 82 02 00 00 00 c0 37 79 83 02 00 00 00  @........7y.....
125d480a0  00 00 00 00 14 00 00 00 00 00 00 00 00 00 00 00  ................
125d480b0  00 00 00 00 00 00 00 00 00 00 00 00 00 00 00 00  ................
125d480c0  b8 00 00 00 b7 00 00 00 00 00 00 00 00 00 00 00  ................
125d480d0  00 00 00 00 00 00 00 00 00 00 00 00 00 00 00 00  ................
125d480e0  ae be 5d 12 00 00 00 b0 48 93 79 12 00 00 00 10  ..].....H.y.....
125d480f0  0f 00 0a 09 3c 73 74 72 69 6e 67 3e 38 30 39 36  ....<string>8096
125d48100  37 38 39 38 33 39 33 32 35 32 36 3c 2f 73 74 72  78983932526</str

,	Aweme!0x3ede618 this.args1 onLeave 0x0 0x0

,	Aweme!0x3ede618 this.args2 onLeave 0x120a8 0x120a8

,	Aweme!0x3ede618 this.args3 onLeave 0x19ce510e0             0  1  2  3  4  5  6  7  8  9  A  B  C  D  E  F  0123456789ABCDEF
19ce510e0  f6 57 bd a9 f4 4f 01 a9 fd 7b 02 a9 fd 83 00 91  .W...O...{......
19ce510f0  f4 03 02 aa f3 03 01 aa f5 03 00 aa 21 02 00 b4  ............!...
19ce51100  68 fe 5d d3 1f 51 00 f1 c1 01 00 54 08 01 8e 52  h.]..Q.....T...R
19ce51110  a8 6a 68 38 68 02 18 37 9f 0e 40 f2 88 fe 44 d3  .jh8h..7..@...D.
19ce51120  08 05 88 1a 02 05 00 51 e0 03 15 aa e1 03 13 aa  .......Q........
19ce51130  fd 7b 42 a9 f4 4f 41 a9 f6 57 c3 a8 0e 00 00 14  .{B..OA..W......
19ce51140  a0 16 78 f9 03 3c 40 f9 e1 03 13 aa e2 03 14 aa  ..x..<@.........
19ce51150  fd 7b 42 a9 f4 4f 41 a9 f6 57 c3 a8 60 00 1f d6  .{B..OA..W..`...
19ce51160  a1 0a 80 52 e0 03 13 aa e2 03 14 aa f1 9b 00 94  ...R............
19ce51170  ea ff ff 17 fa 67 bb a9 f8 5f 01 a9 f6 57 02 a9  .....g..._...W..
19ce51180  f4 4f 03 a9 fd 7b 04 a9 fd 03 01 91 f4 03 02 aa  .O...{..........
19ce51190  f3 03 00 aa 35 c4 72 92 28 94 66 92 09 0c 78 f9  ....5.r.(.f...x.
19ce511a0  28 01 08 ca 29 7c 4e d3 2a 64 0e 53 29 2d 06 53  (...)|N.*d.S)-.S
19ce511b0  49 15 1a 33 16 49 29 8b c9 00 00 d0 29 81 25 91  I..3.I).....).%.
19ce511c0  c8 02 40 b9 38 59 62 b8 09 07 00 51 2a 00 15 4b  ..@.8Yb....Q*..K
19ce511d0  4b 6c 1c 53 6b 41 00 11 4a 0d cb 1a 4a 05 00 11  Kl.SkA..J...J...
19ce511e0  4a 29 00 12 6b ff 80 52 ac ff 80 52 0d 29 00 12  J)..k..R...R.)..
19ce511f0  0f 01 20 11 ee 25 15 12 10 01 01 12 11 01 48 11  .. ..%........H.
19ce51200  31 26 0b 12 0e 02 0e 2a ce 01 11 2a bf f1 1f 71  1&.....*...*...q
19ce51210  a0 01 00 54 ef 51 0b 53 ff 01 09 6b 41 01 00 54  ...T.Q.S...kA..T
19ce51220  1f 01 00 71 6d b1 8c 1a d9 01 0d 2a cd 7e 5f 88  ...qm......*.~_.
19ce51230  bf 01 08 6b 21 02 00 54 d9 7e 0d 88 8d ff ff 35  ...k!..T.~.....5
19ce51240  11 00 00 14 59 01 0e 2a bf f1 1f 71 6d 01 8d 1a  ....Y..*...qm...
19ce51250  2d 10 00 79 6d 12 78 f9 ad 01 01 ca 2d 00 00 f9  -..ym.x.....-...
19ce51260  cd 7e 5f 88 bf 01 08 6b 81 00 00 54 d9 fe 0d 88  .~_....k...T....
19ce51270  8d ff ff 35 14 00 00 14 5f 3f 03 d5 e8 03 0d aa  ...5...._?......
19ce51280  db ff ff 17 49 62 24 90 29 e9 43 b9 c9 01 00 35  ....Ib$.).C....5
19ce51290  a8 01 f8 37 08 0b 8e 52 77 02 08 8b a1 00 a0 52  ...7...Rw......R
19ce512a0  e0 03 17 aa 95 9e 00 94 e3 03 14 aa e0 03 13 aa  ................
19ce512b0  e1 03 16 aa e2 03 15 aa c3 01 00 94 e0 03 17 aa  ................
19ce512c0  97 9e 00 94 f9 01 f8 37 e8 03 00 32 14 21 d4 1a  .......7...2.!..
19ce512d0  88 00 8e 52 75 02 08 8b a8 02 40 79 88 02 08 0a  ...Ru.....@y....
19ce512e0  29 53 0b 53 20 01 62 1e 1f 01 00 71 01 03 62 1e  )S.S .b....q..b.
19ce512f0  02 10 6d 1e 21 08 62 1e 22 14 60 1e e9 00 00 54  ..m.!.b.".`....T
19ce51300  fd 7b 44 a9 f4 4f 43 a9 f6 57 42 a9 f8 5f 41 a9  .{D..OC..WB.._A.
19ce51310  fa 67 c5 a8 c0 03 5f d6 73 1e 40 91 a1 00 a0 52  .g...._.s.@....R
19ce51320  e0 03 13 aa 75 9e 00 94 a8 02 40 79 08 01 34 0a  ....u.....@y..4.
19ce51330  a8 02 00 79 e0 03 13 aa fd 7b 44 a9 f4 4f 43 a9  ...y.....{D..OC.
19ce51340  f6 57 42 a9 f8 5f 41 a9 fa 67 c5 a8 74 9e 00 14  .WB.._A..g..t...
19ce51350  ff c3 00 d1 f4 4f 01 a9 fd 7b 02 a9 fd 83 00 91  .....O...{......
19ce51360  f3 03 01 aa f4 03 00 aa e1 02 00 b4 68 fe 5d d3  ............h.].
19ce51370  1f 51 00 f1 81 02 00 54 02 00 80 52 e0 03 14 aa  .Q.....T...R....
19ce51380  e1 03 13 aa 8a fe ff 97 e0 01 00 b4 e8 03 00 aa  ................
19ce51390  09 01 8e 52 89 6a 69 38 49 02 18 37 1f 0d 40 f2  ...R.ji8I..7..@.
19ce513a0  08 fd 44 d3 08 05 88 1a 02 05 00 51 e0 03 14 aa  ..D........Q....
19ce513b0  e1 03 13 aa fd 7b 42 a9 f4 4f 41 a9 ff c3 00 91  .....{B..OA.....
19ce513c0  6d ff ff 17 80 16 78 f9 02 18 40 f9 e1 03 13 aa  m.....x...@.....
19ce513d0  fd 7b 42 a9 f4 4f 41 a9 ff c3 00 91 40 00 1f d6  .{B..OA.....@...
19ce513e0  a1 0a 80 52 e0 03 13 aa e8 07 00 f9 e2 03 08 aa  ...R............
19ce513f0  50 9b 00 94 e8 07 40 f9 e9 ff ff 17 f4 4f be a9  P.....@......O..
19ce51400  fd 7b 01 a9 fd 43 00 91 f3 03 02 aa f4 03 00 aa  .{...C..........
19ce51410  3f 04 00 f1 40 02 00 54 28 7c d3 9b ff 03 08 eb  ?...@..T(|......
19ce51420  21 01 00 54 33 7c 13 9b 48 de 1e b0 08 d1 43 f9  !..T3|..H.....C.
19ce51430  08 01 40 f9 09 00 80 92 28 05 08 ca 7f 02 08 eb  ..@.....(.......
19ce51440  e9 00 00 54 c0 be 03 94 e8 03 00 aa 00 00 80 d2  ...T............
19ce51450  e9 07 1e 32 09 01 00 b9 0c 00 00 14 7f 02 04 f1  ...2............
19ce51460  a8 01 00 54 68 3e 00 91 08 ed 7c 92 7f 46 00 f1  ...Th>....|..F..
19ce51470  e9 03 1c 32 21 31 88 9a e2 03 00 32 e0 03 14 aa  ...2!1.....2....
19ce51480  a8 fe ff 97 80 00 00 b4 fd 7b 41 a9 f4 4f c2 a8  .........{A..O..
19ce51490  c0 03 5f d6 80 16 78 f9 03 10 40 f9 e1 03 00 32  .._...x...@....2
19ce514a0  e2 03 13 aa fd 7b 41 a9 f4 4f c2 a8 60 00 1f d6  .....{A..O..`...
19ce514b0  f8 5f bc a9 f6 57 01 a9 f4 4f 02 a9 fd 7b 03 a9  ._...W...O...{..
19ce514c0  fd c3 00 91 f5 03 02 aa f4 03 00 aa c1 01 00 b4  ................
19ce514d0  f3 03 01 aa 02 00 80 52 e0 03 14 aa 34 fe ff 97  .......R....4...

,	Aweme!0x3ede618 this.args4 onLeave 0x9cdd4d65 0x9cdd4d65

,retval onLeave: 0x28063e990             0  1  2  3  4  5  6  7  8  9  A  B  C  D  E  F  0123456789ABCDEF
28063e990  d0 ab 1e 0c 01 00 00 00 00 3e 36 80 02 00 00 00  .........>6.....
28063e9a0  70 12 f3 82 02 00 00 00 40 f5 93 80 02 00 00 00  p.......@.......
28063e9b0  60 12 f3 82 02 00 00 00 70 ea 63 80 02 00 00 00  `.......p.c.....
28063e9c0  10 12 f3 82 02 00 00 00 00 00 00 00 00 00 00 00  ................
28063e9d0  50 12 f3 82 02 00 00 00 e0 6e 22 81 02 00 00 00  P........n".....
28063e9e0  30 11 f3 82 02 00 00 00 01 39 36 35 33 30 39 30  0........9653090
28063e9f0  e0 64 e7 80 02 00 00 00 00 00 00 00 00 00 00 00  .d..............
28063ea00  00 00 00 00 00 00 00 00 00 00 00 00 00 00 00 00  ................
28063ea10  68 33 90 80 02 00 00 00 01 4c 69 62 72 61 72 79  h3.......Library
28063ea20  02 00 00 00 76 61 74 65 00 00 00 00 00 00 00 00  ....vate........
28063ea30  00 00 00 00 00 00 00 00 00 00 00 00 00 00 00 00  ................
28063ea40  00 00 00 80 73 2e 66 72 96 5f 68 c0 02 00 00 00  ....s.fr._h.....
28063ea50  20 c5 01 00 00 00 00 00 18 fc ff ff ff ff ff ff   ...............
28063ea60  ff ff ff ff 00 00 00 00 05 00 00 00 00 00 00 00  ................
28063ea70  f0 4a 1e 0c 01 00 00 00 e0 6e 22 81 02 00 00 00  .J.......n".....
28063ea80  30 11 f3 82 02 00 00 00 e0 15 f3 82 02 00 00 00  0...............
28063ea90  40 16 f3 82 02 00 00 00 c0 db db 82 02 00 00 00  @...............
28063eaa0  60 15 f3 82 02 00 00 00 00 00 00 00 00 00 00 00  `...............
28063eab0  00 00 00 00 00 00 00 00 e0 51 60 81 02 00 00 00  .........Q`.....
28063eac0  10 51 60 81 02 00 00 00 00 3e 36 80 02 00 00 00  .Q`......>6.....
28063ead0  70 12 f3 82 02 00 00 00 36 30 3e 2c 20 00 00 00  p.......60>, ...
28063eae0  19 18 aa e5 a1 01 00 00 8c 07 00 00 01 00 00 00  ................
28063eaf0  52 68 74 74 70 73 3a 2f 2f 73 66 31 2d 74 74 63  Rhttps://sf1-ttc
28063eb00  64 6e 2d 74 6f 73 2e 70 73 74 61 74 70 2e 63 6f  dn-tos.pstatp.co
28063eb10  6d 2f 6f 62 6a 2f 74 65 6d 61 69 2f 46 76 49 2d  m/obj/temai/FvI-
28063eb20  2d 37 6d 69 4f 68 79 36 39 74 61 75 4d 61 4e 39  -7miOhy69tauMaN9
28063eb30  59 41 66 6d 5a 4a 47 34 77 77 77 31 31 32 35 2d  YAfmZJG4www1125-
28063eb40  32 34 30 00 00 00 00 00 00 00 00 00 00 00 00 00  240.............
28063eb50  ad 24 ca 0d a1 21 00 00 00 00 00 00 00 00 00 00  .$...!..........
28063eb60  f3 cc 24 c5 ba 08 1f fe d3 dc 14 d5 ba 08 1f fe  ..$.............
28063eb70  b0 b1 3e 82 02 00 00 00 00 00 00 00 00 00 00 00  ..>.............
28063eb80  ce db 34 17 84 41 3d fd c0 b3 3e 82 02 00 00 00  ..4..A=...>.....
28063eb90  00 00 00 00 00 00 00 00 00 00 00 00 00 00 00 00  ................
28063eba0  20 e0 db 82 02 00 00 00 00 00 00 00 00 00 00 00   ...............
28063ebb0  00 00 00 00 00 00 00 00 00 00 00 00 00 00 00 00  ................
28063ebc0  2f 70 72 69 76 61 74 65 2f 76 61 72 2f 63 6f 6e  /private/var/con
28063ebd0  74 61 69 6e 65 72 73 2f 42 75 6e 64 6c 65 2f 41  tainers/Bundle/A
28063ebe0  70 70 6c 69 63 61 74 69 6f 6e 2f 35 36 31 37 44  pplication/5617D
28063ebf0  36 38 41 2d 31 30 35 43 2d 34 41 37 31 2d 42 46  68A-105C-4A71-BF
28063ec00  31 31 2d 31 33 30 30 34 38 44 30 34 39 30 30 2f  11-130048D04900/
28063ec10  64 79 5f 31 34 37 31 2e 61 70 70 2f 41 57 45 56  dy_1471.app/AWEV
28063ec20  69 64 65 6f 46 65 65 64 2e 62 75 6e 64 6c 65 00  ideoFeed.bundle.
28063ec30  91 31 b4 e5 a1 01 00 00 01 00 55 00 02 00 b5 00  .1........U.....
28063ec40  11 00 f0 2d 19 00 05 00 16 00 02 00 10 00 39 02  ...-..........9.
28063ec50  17 00 04 00 0c 00 02 00 0f 00 01 00 18 00 01 00  ................
28063ec60  04 00 05 00 14 00 01 00 15 00 02 00 00 00 00 00  ................
28063ec70  00 00 00 00 00 00 00 00 00 00 00 00 00 00 00 00  ................
28063ec80  00 00 00 00 00 00 00 00 00 00 00 00 00 00 00 00  ................
28063ec90  00 00 00 00 00 00 00 00 15 00 00 00 00 00 00 00  ................
28063eca0  19 18 aa e5 a1 01 00 00 8c 07 00 00 01 00 00 00  ................
28063ecb0  57 68 74 74 70 73 3a 2f 2f 70 31 2d 64 79 2d 69  Whttps://p1-dy-i
28063ecc0  70 76 36 2e 62 79 74 65 69 6d 67 2e 63 6f 6d 2f  pv6.byteimg.com/
28063ecd0  6f 62 6a 2f 69 6d 2d 72 65 73 6f 75 72 63 65 2f  obj/im-resource/
28063ece0  6d 73 67 5f 65 6d 6f 6a 69 5f 6c 6f 76 65 5f 75  msg_emoji_love_u
28063ecf0  6e 73 65 6c 65 63 74 65 64 5f 31 35 38 38 37 34  nselected_158874
28063ed00  37 33 33 35 2e 70 6e 67 00 00 00 00 00 00 00 00  7335.png........
28063ed10  81 32 b4 e5 a1 01 00 00 ec 03 00 00 00 00 00 00  .2..............
28063ed20  00 00 00 00 00 00 00 00 00 00 00 00 00 00 00 00  ................
28063ed30  00 00 00 00 00 00 00 00 00 00 00 00 00 00 00 00  ................
28063ed40  00 00 00 00 00 00 00 00 00 00 00 00 00 00 00 00  ................
28063ed50  00 00 00 00 00 00 00 00 00 00 00 00 00 00 00 00  ................
28063ed60  00 00 00 00 00 00 00 00 00 00 00 00 00 00 00 00  ................
28063ed70  00 00 00 00 00 00 00 00 00 00 00 00 00 00 00 00  ................
28063ed80  91 31 b4 e5 a1 01 00 00 01 00 55 00 02 00 b5 00  .1........U.....

[end signal]{
    "X-Argus" = "oPSS53Lpt7zyEOypRp5Sef8XTskx3uelWuXDyPe4apGjnCRn7XTl7QF+bKxZUFL1hE/ODpmduh73/5rOWlGmR7HVqeWYhRlvFFHBx68DDYCeybEPbpYbelATU1QZSWyEwEfiEM0Jw2Q71JJcTjyXs51Yuj/G+ir7DRvWYHQXwegLhWlCQIxR7H0JTUCqveZQmDJDn2BMqzkIg9ujTI35bJVks4mkzcgXhgbI42da+mUg9g==";
    "X-Gorgon" = 8404203400004aed2f461a6da8ec62db192f579e60cd43d1a460;
    "X-Khronos" = 1618201440;
    "X-Ladon" = "yrxjKgI0E7BqjKDcXURmajBqxoJrNI4RbyW0kPl+jrta+uAT";
    "X-Tyhon" = "/3myyenD/Jut2bLJpsLgjbyMsoan3vac6Yyyg4c=";
}
Aweme!0x3e523e8 2
Aweme!0x3ecfc30 1
Aweme!0x3e84c14 1
Aweme!0x3ecb180 19
Aweme!0x3e71218 3
Aweme!0x3e86ba0 3
Aweme!0x3ea6110 2
Aweme!0x3e70e1c 2
Aweme!0x3ed3238 6
Aweme!0x775e7e0 2
Aweme!0x3e70f90 2
Aweme!0x3ea1b74 10
Aweme!0x3ee5674 4
Aweme!0x3e51ed8 14
Aweme!0x3e5de48 2
Aweme!0x3eac354 1
Aweme!0x3ecb1e0 1
Aweme!0x3e71448 1
Aweme!0x3eaea20 11
Aweme!0x3e70d08 2
Aweme!0x3ed32f4 2
Aweme!0x3e56530 1
Aweme!0x3e4e1f0 9
Aweme!0x3ea1664 1
Aweme!0x3e885c0 1
Aweme!0x3ecb9dc 7
Aweme!0x3ed3010 516
Aweme!0x3e71108 1
Aweme!0x3e70f38 3
Aweme!0x3e7cea8 2
Aweme!0x3e67c04 1
Aweme!0x3e67a34 1
Aweme!0x3e60518 1
Aweme!0x3e523f0 5
Aweme!0x3ea3c78 1
Aweme!0x3eca930 14
Aweme!0x3e84a4c 1
Aweme!0x3ea7e18 52
Aweme!0x3ecafb8 1
Aweme!0x3ecb188 2
Aweme!0x3ead464 1
Aweme!0x3ed30cc 3
Aweme!0x3e711c4 2
Aweme!0x3ed9ea8 5
Aweme!0x3ed7210 1
Aweme!0x3ecb2a0 24
Aweme!0x3e7cf08 2
Aweme!0x3e86920 5
Aweme!0x3e57ef4 18
Aweme!0x3ed31e4 258
Aweme!0x775e78c 238
Aweme!0x3e712dc 3
Aweme!0x3ed9fc0 1
Aweme!0x3ed3240 1
Aweme!0x3ed3358 3
Aweme!0x775e390 3
Aweme!0x3ede618 2
Aweme!0x3edded8 1
Aweme!0x3ecef8c 1
Aweme!0x3e90ed4 1
Aweme!0x3e713f4 1
Aweme!0x3ecabc0 5
Aweme!0x3ecb9e4 7
Aweme!0x3eca820 4
Aweme!0x3ea1d50 1
Aweme!0x3e51f40 3
Aweme!0x3e5e594 1
Aweme!0x775c5d8 32
Aweme!0x3e714b0 1
Aweme!0x3e868c8 5
Aweme!0x3e5e8d8 1
Aweme!0x3e70ba0 10
Aweme!0x3e4f5ec 2
Aweme!0x3e71284 1
Aweme!0x3e8c880 4
Aweme!0x3ea1ac8 1
Aweme!0x3e70b44 9
Aweme!0x3e67810 56
Aweme!0x3e51918 7
Aweme!0x3e61858 1
Aweme!0x3e6057c 2
Aweme!0x3eac818 1
Aweme!0x3ecb134 1
Aweme!0x3ecaf64 1
Aweme!0x3ecfd58 1
Aweme!0x3e711cc 2
Aweme!0x3eda368 1
Aweme!0x3ecf3ec 2
Aweme!0x3e523fc 7
Aweme!0x3e710b8 2
Aweme!0x3e5205c 11
Aweme!0x3eca540 4
Aweme!0x3ed7104 4
Aweme!0x3e872f4 2
Aweme!0x3ea6180 1
Aweme!0x3ecf504 1
Aweme!0x3e7ce58 4
Aweme!0x3ed32a8 3
Aweme!0x3ed3304 1
Aweme!0x3e870c8 2
Aweme!0x3e51fa4 3
Aweme!0x3ea0f90 1
Aweme!0x3ee4520 2
Aweme!0x3eda3c8 3
Aweme!0x3eda028 1
Aweme!0x3ea8d04 7
Aweme!0x3e5e93c 2
Aweme!0x3e712e8 2
Aweme!0x3ea7e84 1
Aweme!0x3eac8d8 1
Aweme!0x3e618bc 2
Aweme!0x3e7128c 6
Aweme!0x775e39c 7
Aweme!0x3e86de4 1
Aweme!0x3e70d1c 2
Aweme!0x3e71400 1
Aweme!0x775b534 2
Aweme!0x3ecaa58 11
Aweme!0x3e70920 1
Aweme!0x3ed9eb8 4
Aweme!0x3e713a4 1
Aweme!0x3e67b00 2
Aweme!0x775e7f8 1
Aweme!0x3ea12d8 1
Aweme!0x3eca9a0 1
Aweme!0x3e58b58 236
Aweme!0x3e5c5b8 1
Aweme!0x3e7111c 2
Aweme!0x3e520c0 3
Aweme!0x3e70d7c 2
Aweme!0x3e93da8 2
Aweme!0x3e70980 29
Aweme!0x3eda5fc 1
Aweme!0x3e70af4 21
Aweme!0x3e8c7d4 2
Aweme!0x3e4e71c 4
Aweme!0x3ecfd64 1
Aweme!0x3ea8d0c 411
Aweme!0x3eca9a4 4
Aweme!0x3eca604 3
Aweme!0x3ed31f8 2
Aweme!0x3ed3028 814
Aweme!0x3ee49e0 1
Aweme!0x3ecb1fc 1
Aweme!0x3e71464 1
Aweme!0x3ecb02c 2
Aweme!0x3e71294 2
Aweme!0x3e86dec 1
Aweme!0x3ea7a90 8
Aweme!0x3e67bc0 2
Aweme!0x3e5c8a4 1
Aweme!0x3e87300 4
Aweme!0x775e348 7
Aweme!0x3ea0a88 1
Aweme!0x3ed32b4 2
Aweme!0x3ea8c54 6
Aweme!0x3e4e1b0 5
Aweme!0x3e5bd68 4
Aweme!0x3ea1680 3
Aweme!0x3e716f0 7
Aweme!0x3e5c61c 2
Aweme!0x3e70c10 3
Aweme!0x3e84b20 1
Aweme!0x775e7a4 238
Aweme!0x3ede85c 3
Aweme!0x775cb00 1
Aweme!0x775e918 1
Aweme!0x3ea61ec 21
Aweme!0x3ea1228 1
Aweme!0x3e808c8 1
Aweme!0x3e6047c 1
Aweme!0x3e713b0 3
Aweme!0x3ed325c 5
Aweme!0x775e804 4
Aweme!0x3e71698 10
Aweme!0x3e853d8 30
Aweme!0x3e712f8 1
Aweme!0x3e71128 1
Aweme!0x3e7bed4 1
Aweme!0x3e85208 9
Aweme!0x3ecb260 6
Aweme!0x3ea61f0 2
Aweme!0x3e7129c 1
Aweme!0x3e86df4 9
Aweme!0x3ea2ad4 2
Aweme!0x3e70b5c 20
Aweme!0x3e71240 2
Aweme!0x3e4e728 2
Aweme!0x3ed9ec8 3
Aweme!0x3e51534 7
Aweme!0x3e70c74 1
Aweme!0x3ea1858 37
Aweme!0x3ecf460 1
Aweme!0x3ecc428 1
Aweme!0x3edb1a4 1
Aweme!0x3e83398 1
Aweme!0x3e70d30 1
Aweme!0x3ed9d58 5
Aweme!0x3e5cbf4 1
Aweme!0x3e872b0 10
Aweme!0x3e711e8 1
Aweme!0x3ea8ba8 55
Aweme!0x3eda3e0 4
Aweme!0x3ec92dc 1
Aweme!0x3e87254 7
Aweme!0x3e8a230 1
Aweme!0x3e7118c 2
Aweme!0x3ea8d1c 1
Aweme!0x3ea1630 2
Aweme!0x3ed3264 257
Aweme!0x3e71300 1
Aweme!0x3ea8cc0 3
Aweme!0x3e617bc 1
Aweme!0x3e86fcc 4
Aweme!0x3ed3150 41
Aweme!0x3e87d94 2
Aweme!0x3eca8a0 1
Aweme!0x3edb264 1
Aweme!0x3e4e730 2
Aweme!0x3ecaa14 5
Aweme!0x3ed32c4 2
Aweme!0x3ee1390 1
Aweme!0x3e7019c 1
Aweme!0x3e52134 5
Aweme!0x3e8a290 1
Aweme!0x3e70140 1
Aweme!0x3e70d94 1
Aweme!0x3e58b14 236
Aweme!0x3e67890 4
Aweme!0x3ed31b0 1
Aweme!0x3e7141c 1
Aweme!0x3e7124c 5
Aweme!0x3e86f74 1
Aweme!0x3e84dbc 1
Aweme!0x3e713bc 1
Aweme!0x3ea8bb0 69
Aweme!0x3e4de24 9
Aweme!0x3e708e0 1
Aweme!0x3edb20c 2
Aweme!0x3e70fc4 4
Aweme!0x3e8c790 2
Aweme!0x3e88764 1
Aweme!0x3e87200 1
Aweme!0x3ea1b4c 1
Aweme!0x3ea197c 28
Aweme!0x3e868f0 5
Aweme!0x3ecd59c 2
Aweme!0x3e86fd4 4
Aweme!0x3e52080 14
Aweme!0x775e078 9
Aweme!0x3ead4f0 1
Aweme!0x3ed4bd0 1
Aweme!0x3e71080 2
Aweme!0x3ea1a94 1
Aweme!0x3e70b10 12
Aweme!0x3ecaa78 1
Aweme!0x3eda21c 2
Aweme!0x3ed7070 2
Aweme!0x3e71368 2
Aweme!0x3ed9e7c 3
Aweme!0x3e90e48 1
Aweme!0x3ea7994 4
Aweme!0x3ecb2d0 57
Aweme!0x3e520e0 14
Aweme!0x3e70bcc 1
Aweme!0x3eb1c60 1
Aweme!0x775c5a8 7
Aweme!0x3ecaca8 1
Aweme!0x3ea03c0 1
Aweme!0x3e5c520 2
Aweme!0x3edad5c 2
Aweme!0x3e8a128 1
Aweme!0x3ee7920 4
Aweme!0x3ed72a0 1
Aweme!0x3ea1188 1
Aweme!0x3ec9348 2
Aweme!0x3e5d118 1
Aweme!0x3e71028 1
Aweme!0x3ea169c 2
Aweme!0x3e926f4 1
Aweme!0x3ecb278 1
Aweme!0x3e67728 3
Aweme!0x3e92868 1
Aweme!0x3e70f70 2
Aweme!0x3e86fdc 1
Aweme!0x3ea1928 1
Aweme!0x3e71428 1
Aweme!0x3e90f08 1
Aweme!0x3ed69f0 1
Aweme!0x3eca340 6
Aweme!0x3e4e740 4
Aweme!0x3ecb164 1
Aweme!0x3e711fc 1
Aweme!0x775d148 23
Aweme!0x3e8a244 1
Aweme!0x3e70fd0 4
Aweme!0x3ecb9bc 3
Aweme!0x3e61204 2
Aweme!0x3ea8cd4 3
Aweme!0x775e084 6
Aweme!0x3e4dd78 1
Aweme!0x3e71488 1
Aweme!0x3e5208c 5
Aweme!0x3e70d48 2
Aweme!0x3e5cc68 2
Aweme!0x3ea03c8 9
Aweme!0x3e624e0 2
Aweme!0x3e57394 1
Aweme!0x3ecb1c4 1
Aweme!0x3ea1c70 1
Aweme!0x3ea7c28 5
Aweme!0x3eda3f8 3
Aweme!0x3e70550 3
Aweme!0x3e71374 2
Aweme!0x3e928cc 2
Aweme!0x3eb31d0 4
Aweme!0x3e71318 3
Aweme!0x3e520ec 6
Aweme!0x3e70bd8 3
Aweme!0x3e70da8 5
Aweme!0x3e5c1e8 1
Aweme!0x3e7ce8c 4
Aweme!0x3ea8c7c 2
Aweme!0x3e71430 3
Aweme!0x3ecac58 52
Aweme!0x775dfd0 38
Aweme!0x3e84a30 1
Aweme!0x3ed32dc 257
Aweme!0x3ee5718 6
Aweme!0x3e8c7a4 2
Aweme!0x775e828 9
Aweme!0x3ecda08 1
Aweme!0x3ecb9c4 4
Aweme!0x3ea0828 7
Aweme!0x3ea164c 1
Aweme!0x3e9a300 2
Aweme!0x3e7114c 1
Aweme!0x3e5cb58 2
Aweme!0x3e70f7c 1
Aweme!0x3e86ad4 2
Aweme!0x3ecc730 1
Aweme!0x3ea1764 1
Aweme!0x3ead334 1
Aweme!0x3e68100 1
Aweme!0x3e58a74 472
Aweme!0x775e888 1
Aweme!0x3ecf140 1
Aweme!0x3ed67d0 6
Aweme!0x3ed30b4 4
Aweme!0x3ed9e90 5
Aweme!0x3e711ac 3
Aweme!0x3ed3224 256
Aweme!0x775c7e8 412
Aweme!0x3e87048 2
Aweme!0x775e090 3
Aweme!0x3eca7a8 4
Aweme!0x3e51f24 5
Aweme!0x3e70100 2
Aweme!0x3e93d80 8
Aweme!0x3ede65c 1
Aweme!0x3ee4b84 8
Aweme!0x3e523dc 2
Aweme!0x3e8a13c 1
Aweme!0x3ea8c28 4
Aweme!0x3ecc8a8 1
Aweme!0x3e70b28 12
Aweme!0x3ea170c 9
Aweme!0x3e70db0 21
Aweme!0x3ecec30 19
Aweme!0x3ecda6c 2
Aweme!0x775d328 2
Aweme!0x3ecf828 1
Aweme!0x3e71268 1
Aweme!0x3ecb118 3
Aweme!0x3ee5894 2
Aweme!0x3e4e698 2
Aweme!0x3ea1998 1
Aweme!0x3e86adc 1
Aweme!0x3edb340 2
Aweme!0x3e71668 9
Aweme!0x3ed9ddc 8
Aweme!0x3ed4a78 1
Aweme!0x3e58964 1
Aweme!0x3e67854 1
Aweme!0x3eda120 1
Aweme!0x3e87334 5
Aweme!0x3ed3344 1
Aweme!0x3e90ec0 1
Aweme!0x3eda408 2
Aweme!0x775e834 2
Aweme!0x3ea16b4 45
Aweme!0x3edacbc 1
Aweme!0x3e516d4 7
Aweme!0x3e51f88 10
Aweme!0x3ed328c 2
Aweme!0x3e71328 1
Aweme!0x3edb174 1
Aweme!0x3e86ff4 2
Aweme!0x775ec90 6
Aweme!0x3e89ce8 1
Aweme!0x3e71440 1
Aweme!0x3e71270 3
Aweme!0x3e67688 3
Aweme!0x3e52044 3
Aweme!0x3ee4790 1
Aweme!0x775e720 6
Aweme!0x3e872dc 5
Aweme!0x3e70ca4 2
Aweme!0x3e5c824 2
Aweme!0x3ed7260 1
Aweme!0x3ecb9d4 1
Aweme!0x3ecc90c 2
Aweme!0x775c7f4 38
Aweme!0x3e70dbc 1
Aweme!0x3e86ae4 1
Aweme!0x3ecf88c 2
Aweme!0x3e714a0 2
Aweme!0x3ecaaf8 1
Aweme!0x3e709c0 30
On receive  16384
Error happenError: unable to find module containing 0x12328025c
Error happenError: unable to find module containing 0x123202984
Error happenError: unable to find module containing 0x123202994
