AwemeModuleBase:0x1066f34f0
arg1 https://search3-search-lf.amemv.com/aweme/v1/search/item/?caid1=0803bffc8815b9f02c08f48f95c1008c&tma_jssdk_version=2.1.0.2&minor_status=0&ac=WIFI&appTheme=dark&is_vcd=1&keyword=%E7%8E%8B%E4%B8%80%E5%8D%9A&video_cover_shrink=372_496&enter_from=homepage_hot&sort_type=0&backtrace=M7U2PfbCPC7qlX46ow2D73foIbuD7zG%2BTODCT48wHI74oC1dlQVm4omXMt%2BkHUSKjMf5EJvWyjt3jVKDb%2FBylQ%3D%3D&count=12&is_filter_search=0&user_avatar_shrink=64_64&source=video_search&query_correct_type=1&rs_word_count=5&offset=0&search_source=normal_search&publish_time=0&hot_search=0&aid=1128&app_name=aweme&app_version=14.8.0&build_number=148013&cdid=FEDA96DE-E849-4E15-99C9-66CD61F50ADD&channel=App%20Store&device_id=4169787388733342&device_platform=iphone&device_type=iPhone9,1&idfa=322127EF-8E4E-48E9-98E0-99ACBDC85525&iid=2955926580500413&js_sdk_version=1.99.0.3&mcc_mnc=&openudid=a4cb7b4ade7c5e8e6c90cf8f892aafe6c64c73d1&os_api=18&os_version=13.3.1&screen_width=750&version_code=14.8.0&vid=25AD3C98-7CA5-4B2E-9B39-9BAEFC31BBD2
arg2 {
    "User-Agent" = "Aweme 14.8.0 rv:148013 (iPhone; iOS 13.3.1; zh_CN) Cronet";
    "x-common-params-v2" = "aid=1128&app_name=aweme&app_version=14.8.0&build_number=148013&cdid=FEDA96DE-E849-4E15-99C9-66CD61F50ADD&channel=App%20Store&device_id=4169787388733342&device_platform=iphone&device_type=iPhone9,1&idfa=322127EF-8E4E-48E9-98E0-99ACBDC85525&iid=2955926580500413&js_sdk_version=1.99.0.3&mcc_mnc=&openudid=a4cb7b4ade7c5e8e6c90cf8f892aafe6c64c73d1&os_api=18&os_version=13.3.1&screen_width=750&version_code=14.8.0&vid=25AD3C98-7CA5-4B2E-9B39-9BAEFC31BBD2";
    "x-tt-token" = "003c4774314c4f83d0177a0ae886f5a6f50056cb8fc53fa60c3b0bf88596c762fc922f46798e27276d911e99fde0203a46a8df6837c3279998eaaccf63df5e59c34fb9458bd8d9b17fd1ecf392c2a6fc08649f8411f4295761fc95f3fe46affde27ce-1.0.1";
}
call Aweme!0x3ed7070
,	Aweme!0x3ed7070 this.args0 0x16f9a4948 0x16f9a4948

,	Aweme!0x3ed7070 this.args1 0x1066ff278             0  1  2  3  4  5  6  7  8  9  A  B  C  D  E  F  0123456789ABCDEF
1066ff278  a0 e5 02 f0 00 20 39 91 61 00 00 10 1f 20 03 d5  ..... 9.a.... ..
1066ff288  2c 1d e2 14 80 00 00 b4 08 00 40 f9 01 05 40 f9  ,.........@...@.
1066ff298  20 00 1f d6 c0 03 5f d6 e8 0b 00 f9 e1 03 00 91   ....._.........
1066ff2a8  33 bf fe 17 fc 6f ba a9 fa 67 01 a9 f8 5f 02 a9  3....o...g..._..
1066ff2b8  f6 57 03 a9 f4 4f 04 a9 fd 7b 05 a9 fd 43 01 91  .W...O...{...C..
1066ff2c8  ff 43 03 d1 eb 5e 9b 52 8b 78 bf 72 6c 29 8e 52  .C...^.R.x.rl).R
1066ff2d8  8c d1 bb 72 8d e7 92 52 0d 57 bb 72 ae 3e 9d 52  ...r...R.W.r.>.R
1066ff2e8  ce eb b7 72 af c3 86 52 0f be b7 72 70 58 8a 52  ...r...R...rpX.R
1066ff2f8  70 79 b6 72 51 bb 9f 52 f1 1a b6 72 db ae 8c 52  py.rQ..R...r...R
1066ff308  3b dc b4 72 7c 49 88 52 1c a5 b4 72 33 3f 8d 52  ;..r|I.R...r3?.R
1066ff318  b3 00 b2 72 54 d9 84 52 b4 20 b1 72 15 a9 8f 52  ...rT..R. .r...R
1066ff328  35 a4 b0 72 40 db 94 52 c0 8e af 72 a1 55 92 52  5..r@..R...r.U.R
1066ff338  e1 ae ac 72 42 f3 8b 52 a2 97 a9 72 a3 8d 80 52  ...rB..R...r...R
1066ff348  a3 82 a7 72 24 16 82 52 c4 32 a7 72 25 ff 83 52  ...r$..R.2.r%..R
1066ff358  85 07 a3 72 c6 55 8c 52 a6 6d a1 72 c8 2e 80 52  ...r.U.R.m.r...R
1066ff368  a8 03 10 b8 e8 35 80 52 a9 13 00 d1 28 01 10 b8  .....5.R....(...
1066ff378  a8 03 50 b8 a9 13 00 d1 29 01 50 b8 ea 03 00 32  ..P.....).P....2
1066ff388  08 29 08 1b a8 03 18 b8 28 7d 09 1b 09 71 1d 53  .)......(}...q.S
1066ff398  28 01 08 4b a8 43 18 b8 c7 d3 96 52 67 38 a3 72  (..K.C.....Rg8.r
1066ff3a8  16 49 82 52 f6 d9 b9 72 e8 f7 ff 10 1f 20 03 d5  .I.R...r..... ..
1066ff3b8  09 80 80 d2 89 00 a0 f2 89 20 c0 f2 09 01 09 8a  ......... ......
1066ff3c8  8a 20 80 52 2a 20 a0 72 29 01 0a aa 0a 08 82 d2  . .R* .r).......
1066ff3d8  4a 40 a1 f2 0a 08 cc f2 0a 14 e0 f2 48 01 28 aa  J@..........H.(.
1066ff3e8  0a 88 82 d2 ca 40 a1 f2 8a 28 cc f2 0a 14 e0 f2  .....@...(......
1066ff3f8  08 01 0a 8a 08 01 09 8b 89 98 9f d2 69 bc be f2  ............i...
1066ff408  69 d7 d3 f2 e9 eb ff f2 08 01 09 ca a9 63 00 d1  i............c..
1066ff418  28 01 10 f8 d7 a7 90 52 f7 e4 b9 72 78 f6 98 52  (......R...rx..R
1066ff428  58 f8 b8 72 f9 de 96 52 39 1e ba 72 5a e4 9a 52  X..r...R9..rZ..R
1066ff438  da 30 bb 72 c8 d3 96 52 68 38 a3 72 1f 01 16 6b  .0.r...Rh8.r...k
1066ff448  a0 41 00 54 1f 01 15 6b 00 0b 00 54 1f 01 14 6b  .A.T...k...T...k
1066ff458  20 0d 00 54 1f 01 13 6b e0 11 00 54 1f 01 1c 6b   ..T...k...T...k
1066ff468  20 12 00 54 1f 01 1b 6b 60 12 00 54 1f 01 11 6b   ..T...k`..T...k
1066ff478  80 14 00 54 1f 01 10 6b c0 16 00 54 1f 01 0f 6b  ...T...k...T...k
1066ff488  00 19 00 54 1f 01 0e 6b e0 1a 00 54 1f 01 18 6b  ...T...k...T...k
1066ff498  20 1b 00 54 1f 01 17 6b e0 1c 00 54 1f 01 19 6b   ..T...k...T...k
1066ff4a8  e0 1e 00 54 1f 01 1a 6b 60 1f 00 54 1f 01 0d 6b  ...T...k`..T...k
1066ff4b8  20 21 00 54 1f 01 0c 6b a0 21 00 54 69 6d 82 52   !.T...k.!.Tim.R
1066ff4c8  a9 fb bd 72 1f 01 09 6b 80 23 00 54 1f 01 0b 6b  ...r...k.#.T...k
1066ff4d8  e0 23 00 54 89 a8 93 52 e9 b8 a0 72 1f 01 09 6b  .#.T...R...r...k
1066ff4e8  40 26 00 54 1f 01 06 6b c0 26 00 54 29 a1 83 52  @&.T...k.&.T)..R
1066ff4f8  49 16 a2 72 1f 01 09 6b c0 26 00 54 69 04 9d 52  I..r...k.&.Ti..R
1066ff508  09 53 a2 72 1f 01 09 6b 60 28 00 54 09 df 84 52  .S.r...k`(.T...R
1066ff518  49 d8 a2 72 1f 01 09 6b a0 28 00 54 1f 01 05 6b  I..r...k.(.T...k
1066ff528  00 29 00 54 1f 01 00 6b a0 2c 00 54 89 81 8c 52  .).T...k.,.T...R
1066ff538  09 66 a3 72 1f 01 09 6b 80 2e 00 54 69 ba 88 52  .f.r...k...Ti..R
1066ff548  29 71 a3 72 1f 01 09 6b 00 2f 00 54 1f 01 04 6b  )q.r...k./.T...k
1066ff558  c0 30 00 54 1f 01 03 6b 00 31 00 54 1f 01 02 6b  .0.T...k.1.T...k
1066ff568  40 31 00 54 09 cb 8b 52 c9 91 ab 72 1f 01 09 6b  @1.T...R...r...k
1066ff578  20 33 00 54 1f 01 01 6b 40 35 00 54 c9 41 8a 52   3.T...k@5.T.A.R
1066ff588  a9 11 af 72 1f 01 09 6b 40 35 00 54 1f 01 07 6b  ...r...k@5.T...k
1066ff598  61 f5 ff 54 a8 03 58 b8 a9 43 58 b8 1f 01 09 6b  a..T..X..CX....k
1066ff5a8  68 02 85 1a a6 ff ff 17 c8 04 80 52 a8 83 14 b8  h..........R....
1066ff5b8  c8 2b 80 52 a8 43 14 b8 a8 83 54 b8 a9 43 54 b8  .+.R.C....T..CT.
1066ff5c8  08 7d 08 1b 08 75 1e 53 08 11 00 11 7e 02 80 52  .}...u.S....~..R
1066ff5d8  0a 09 de 1a 48 a1 1e 1b 1f 01 00 71 48 12 80 52  ....H......qH..R
1066ff5e8  20 01 48 7a 88 a8 93 52 e8 b8 a0 72 08 c1 8e 1a   .Hz...R...r....
1066ff5f8  93 ff ff 17 a8 03 9a b8 e9 cd 02 f0 29 19 41 f9  ............).A.
1066ff608  aa 63 00 d1 4a 01 50 f8 29 01 0a 8b 20 79 68 f8  .c..J.P.)... yh.
1066ff618  a8 e3 01 d1 01 01 40 f9 4d 30 00 94 7e 02 80 52  ......@.M0..~..R
1066ff628  e8 03 1e aa 94 09 00 94 fe 03 08 aa e8 03 1e aa  ................
1066ff638  7c 09 00 94 fe 03 08 aa 1f 00 00 71 40 db 94 52  |..........q@..R
1066ff648  c0 8e af 72 e8 07 9f 1a a8 b3 19 38 a8 24 80 52  ...r.......8.$.R
1066ff658  a8 83 13 b8 a8 20 80 52 a8 43 13 b8 a8 83 53 b8  ..... .R.C....S.
1066ff668  a9 43 53 b8 08 7d 08 1b 08 75 1e 53 08 11 00 11  .CS..}...u.S....

,	Aweme!0x3ed7070 this.args2 0x0 0x0

,	Aweme!0x3ed7070 this.args3 0x281e0a5f5             0  1  2  3  4  5  6  7  8  9  A  B  C  D  E  F  0123456789ABCDEF
281e0a5f5  00 00 00 6f 02 00 00 00 00 00 00 4c 52 46 43 4c  ...o.......LRFCL
281e0a605  52 46 43 00 00 00 00 00 00 00 00 31 31 32 38 00  RFC........1128.
281e0a615  00 00 00 5f 02 00 00 00 00 00 00 40 74 d3 81 02  ..._.......@t...
281e0a625  00 00 00 c0 55 d3 81 02 00 00 00 00 7b d3 81 02  ....U.......{...
281e0a635  00 00 00 40 65 d3 81 02 00 00 00 31 33 2e 33 00  ...@e......13.3.
281e0a645  00 00 00 6c 02 00 00 00 00 00 00 01 00 00 00 00  ...l............
281e0a655  00 00 00 60 02 47 80 02 00 00 00 41 77 65 6d 65  ...`.G.....Aweme
281e0a665  00 00 00 66 02 00 6d 64 2d 00 00 19 d9 aa e5 a1  ...f..md-.......
281e0a675  01 00 00 f0 a9 b3 82 02 00 00 00 81 cf f2 0b a1  ................
281e0a685  01 00 00 04 00 00 00 00 00 00 00 6d 6c 00 00 00  ...........ml...
281e0a695  00 00 00 6c 02 47 80 02 00 00 00 31 34 2e 38 2e  ...l.G.....14.8.
281e0a6a5  30 00 00 66 02 00 00 00 00 00 00 00 50 d3 81 02  0..f........P...
281e0a6b5  00 00 00 00 00 00 00 00 00 00 00 69 50 68 6f 6e  ...........iPhon
281e0a6c5  65 39 2c 31 00 46 24 19 b1 93 fd 69 6e 68 6f 75  e9,1.F$....inhou
281e0a6d5  73 65 00 6c 02 92 82 02 00 00 00 e0 a6 9f ff 61  se.l...........a
281e0a6e5  8d 00 00 93 02 47 80 02 00 00 00 79 d8 aa e5 a1  .....G.....y....
281e0a6f5  01 00 00 a0 7e 8a 83 02 00 00 00 a0 49 d3 81 02  ....~.......I...
281e0a705  00 00 00 20 a7 e0 81 02 00 00 00 74 62 2d 39 35  ... .......tb-95
281e0a715  2d 39 31 00 02 d3 81 02 00 00 00 01 00 00 00 00  -91.............
281e0a725  00 00 00 71 02 65 6e 00 00 00 00 44 31 30 41 50  ...q.en....D10AP
281e0a735  00 00 00 84 02 75 37 7a 22 e0 fe 00 c0 00 00 00  .....u7z".......
281e0a745  00 00 00 7c 02 01 81 02 00 00 00 37 35 30 2c 31  ...|.......750,1
281e0a755  33 33 34 00 02 84 83 02 00 00 00 b0 6c fc 83 02  334.........l...
281e0a765  00 00 00 00 00 00 00 00 00 00 00 70 a7 9f ff 61  ...........p...a
281e0a775  8d 00 00 c8 00 46 80 02 00 00 00 61 31 16 11 01  .....F.....a1...
281e0a785  00 00 00 c9 00 00 00 00 00 00 00 05 2a ad e5 a1  ............*...
281e0a795  01 00 00 70 86 15 21 01 00 00 00 19 d9 aa e5 a1  ...p..!.........
281e0a7a5  01 00 00 50 68 fc 83 02 00 00 00 62 02 63 02 17  ...Ph......b.c..
281e0a7b5  02 00 00 7e 02 2a 83 02 00 00 00 c0 a7 9f ff 61  ...~.*.........a
281e0a7c5  8d 00 00 27 03 00 00 00 00 00 00 bd 8b ae e5 a1  ...'............
281e0a7d5  01 00 00 50 04 3a 81 02 00 00 00 32 31 55 56 33  ...P.:.....21UV3
281e0a7e5  51 53 46 36 4b 00 00 01 00 00 00 f0 a7 9f ff 61  QSF6K..........a
281e0a7f5  8d 00 00 ac 02 04 21 01 00 00 00 9b 30 16 11 01  ......!.....0...
281e0a805  00 00 00 18 00 00 00 00 00 00 00 10 a8 9f ff 61  ...............a
281e0a815  8d 00 00 95 02 33 81 02 00 00 00 00 00 00 00 01  .....3..........
281e0a825  00 00 00 00 00 00 00 00 00 00 00 04 00 00 00 00  ................
281e0a835  00 00 00 e0 63 d3 81 02 00 00 00 40 a8 9f ff 61  ....c......@...a
281e0a845  8d 00 00 9c 02 fc 83 02 00 00 00 41 70 70 20 53  ...........App S
281e0a855  74 6f 72 65 00 00 00 00 00 00 00 60 a8 9f ff 61  tore.......`...a
281e0a865  8d 00 00 1c 03 fc 83 02 00 00 00 00 00 00 00 00  ................
281e0a875  00 00 00 68 1e d9 0f 01 00 00 00 80 a8 9f ff 61  ...h...........a
281e0a885  8d 00 00 f9 02 73 0a 01 00 00 00 90 a8 9f ff 61  .....s.........a
281e0a895  8d 00 00 9a 02 04 21 01 00 00 00 00 00 00 00 00  ......!.........
281e0a8a5  00 00 00 48 48 12 21 01 00 00 00 b0 a8 9f ff 61  ...HH.!........a
281e0a8b5  8d 00 00 85 02 33 81 02 00 00 00 00 00 00 00 00  .....3..........
281e0a8c5  00 00 00 90 1e d9 0f 01 00 00 00 00 00 00 00 00  ................
281e0a8d5  00 00 00 88 17 d9 0f 01 00 00 00 11 00 12 00 00  ................
281e0a8e5  00 00 00 90 02 6a 0a 01 00 00 00 01 00 00 00 01  .....j..........
281e0a8f5  00 00 00 9d 02 00 00 01 00 00 00 00 a9 9f ff 61  ...............a
281e0a905  8d 00 00 80 02 00 00 01 00 00 00 10 a9 9f ff 61  ...............a
281e0a915  8d 00 00 a5 02 63 0a 01 00 00 00 20 a9 9f ff 61  .....c..... ...a
281e0a925  8d 00 00 9b 02 00 00 00 00 00 00 01 00 00 00 00  ................
281e0a935  00 00 00 36 02 c2 83 02 00 00 00 40 a9 9f ff 61  ...6.......@...a
281e0a945  8d 00 00 4d 02 33 81 02 00 00 00 50 a9 9f ff 61  ...M.3.....P...a
281e0a955  8d 00 00 b8 02 00 00 00 00 00 00 79 d8 aa e5 a1  ...........y....
281e0a965  01 00 00 70 a4 b3 82 02 00 00 00 70 a9 9f ff 61  ...p.......p...a
281e0a975  8d 00 00 9e 02 00 00 e4 ff 2f 41 80 a9 9f ff 61  ........./A....a
281e0a985  8d 00 00 91 02 00 00 00 00 00 00 90 a9 9f ff 61  ...............a
281e0a995  8d 00 00 92 02 00 00 00 00 00 00 a0 a9 9f ff 61  ...............a
281e0a9a5  8d 00 00 a5 00 47 80 02 00 00 00 b0 a9 9f ff 61  .....G.........a
281e0a9b5  8d 00 00 82 02 33 81 02 00 00 00 01 00 00 00 01  .....3..........
281e0a9c5  00 00 00 9e 02 00 00 40 9e 31 40 d0 a9 9f ff 61  .......@.1@....a
281e0a9d5  8d 00 00 f7 02 00 00 00 00 00 00 79 d8 aa e5 a1  ...........y....
281e0a9e5  01 00 00 70 a4 b3 82 02 00 00 00 79 d8 aa e5 a1  ...p.......y....

,	Aweme!0x3ed7070 this.args4 0x9cdd4d65 0x9cdd4d65

,	Aweme!0x3ed7070 this.args0 onLeave 0x16f9a4948 0x16f9a4948

,	Aweme!0x3ed7070 this.args1 onLeave 0x1066ff278             0  1  2  3  4  5  6  7  8  9  A  B  C  D  E  F  0123456789ABCDEF
1066ff278  a0 e5 02 f0 00 20 39 91 61 00 00 10 1f 20 03 d5  ..... 9.a.... ..
1066ff288  2c 1d e2 14 80 00 00 b4 08 00 40 f9 01 05 40 f9  ,.........@...@.
1066ff298  20 00 1f d6 c0 03 5f d6 e8 0b 00 f9 e1 03 00 91   ....._.........
1066ff2a8  33 bf fe 17 fc 6f ba a9 fa 67 01 a9 f8 5f 02 a9  3....o...g..._..
1066ff2b8  f6 57 03 a9 f4 4f 04 a9 fd 7b 05 a9 fd 43 01 91  .W...O...{...C..
1066ff2c8  ff 43 03 d1 eb 5e 9b 52 8b 78 bf 72 6c 29 8e 52  .C...^.R.x.rl).R
1066ff2d8  8c d1 bb 72 8d e7 92 52 0d 57 bb 72 ae 3e 9d 52  ...r...R.W.r.>.R
1066ff2e8  ce eb b7 72 af c3 86 52 0f be b7 72 70 58 8a 52  ...r...R...rpX.R
1066ff2f8  70 79 b6 72 51 bb 9f 52 f1 1a b6 72 db ae 8c 52  py.rQ..R...r...R
1066ff308  3b dc b4 72 7c 49 88 52 1c a5 b4 72 33 3f 8d 52  ;..r|I.R...r3?.R
1066ff318  b3 00 b2 72 54 d9 84 52 b4 20 b1 72 15 a9 8f 52  ...rT..R. .r...R
1066ff328  35 a4 b0 72 40 db 94 52 c0 8e af 72 a1 55 92 52  5..r@..R...r.U.R
1066ff338  e1 ae ac 72 42 f3 8b 52 a2 97 a9 72 a3 8d 80 52  ...rB..R...r...R
1066ff348  a3 82 a7 72 24 16 82 52 c4 32 a7 72 25 ff 83 52  ...r$..R.2.r%..R
1066ff358  85 07 a3 72 c6 55 8c 52 a6 6d a1 72 c8 2e 80 52  ...r.U.R.m.r...R
1066ff368  a8 03 10 b8 e8 35 80 52 a9 13 00 d1 28 01 10 b8  .....5.R....(...
1066ff378  a8 03 50 b8 a9 13 00 d1 29 01 50 b8 ea 03 00 32  ..P.....).P....2
1066ff388  08 29 08 1b a8 03 18 b8 28 7d 09 1b 09 71 1d 53  .)......(}...q.S
1066ff398  28 01 08 4b a8 43 18 b8 c7 d3 96 52 67 38 a3 72  (..K.C.....Rg8.r
1066ff3a8  16 49 82 52 f6 d9 b9 72 e8 f7 ff 10 1f 20 03 d5  .I.R...r..... ..
1066ff3b8  09 80 80 d2 89 00 a0 f2 89 20 c0 f2 09 01 09 8a  ......... ......
1066ff3c8  8a 20 80 52 2a 20 a0 72 29 01 0a aa 0a 08 82 d2  . .R* .r).......
1066ff3d8  4a 40 a1 f2 0a 08 cc f2 0a 14 e0 f2 48 01 28 aa  J@..........H.(.
1066ff3e8  0a 88 82 d2 ca 40 a1 f2 8a 28 cc f2 0a 14 e0 f2  .....@...(......
1066ff3f8  08 01 0a 8a 08 01 09 8b 89 98 9f d2 69 bc be f2  ............i...
1066ff408  69 d7 d3 f2 e9 eb ff f2 08 01 09 ca a9 63 00 d1  i............c..
1066ff418  28 01 10 f8 d7 a7 90 52 f7 e4 b9 72 78 f6 98 52  (......R...rx..R
1066ff428  58 f8 b8 72 f9 de 96 52 39 1e ba 72 5a e4 9a 52  X..r...R9..rZ..R
1066ff438  da 30 bb 72 c8 d3 96 52 68 38 a3 72 1f 01 16 6b  .0.r...Rh8.r...k
1066ff448  a0 41 00 54 1f 01 15 6b 00 0b 00 54 1f 01 14 6b  .A.T...k...T...k
1066ff458  20 0d 00 54 1f 01 13 6b e0 11 00 54 1f 01 1c 6b   ..T...k...T...k
1066ff468  20 12 00 54 1f 01 1b 6b 60 12 00 54 1f 01 11 6b   ..T...k`..T...k
1066ff478  80 14 00 54 1f 01 10 6b c0 16 00 54 1f 01 0f 6b  ...T...k...T...k
1066ff488  00 19 00 54 1f 01 0e 6b e0 1a 00 54 1f 01 18 6b  ...T...k...T...k
1066ff498  20 1b 00 54 1f 01 17 6b e0 1c 00 54 1f 01 19 6b   ..T...k...T...k
1066ff4a8  e0 1e 00 54 1f 01 1a 6b 60 1f 00 54 1f 01 0d 6b  ...T...k`..T...k
1066ff4b8  20 21 00 54 1f 01 0c 6b a0 21 00 54 69 6d 82 52   !.T...k.!.Tim.R
1066ff4c8  a9 fb bd 72 1f 01 09 6b 80 23 00 54 1f 01 0b 6b  ...r...k.#.T...k
1066ff4d8  e0 23 00 54 89 a8 93 52 e9 b8 a0 72 1f 01 09 6b  .#.T...R...r...k
1066ff4e8  40 26 00 54 1f 01 06 6b c0 26 00 54 29 a1 83 52  @&.T...k.&.T)..R
1066ff4f8  49 16 a2 72 1f 01 09 6b c0 26 00 54 69 04 9d 52  I..r...k.&.Ti..R
1066ff508  09 53 a2 72 1f 01 09 6b 60 28 00 54 09 df 84 52  .S.r...k`(.T...R
1066ff518  49 d8 a2 72 1f 01 09 6b a0 28 00 54 1f 01 05 6b  I..r...k.(.T...k
1066ff528  00 29 00 54 1f 01 00 6b a0 2c 00 54 89 81 8c 52  .).T...k.,.T...R
1066ff538  09 66 a3 72 1f 01 09 6b 80 2e 00 54 69 ba 88 52  .f.r...k...Ti..R
1066ff548  29 71 a3 72 1f 01 09 6b 00 2f 00 54 1f 01 04 6b  )q.r...k./.T...k
1066ff558  c0 30 00 54 1f 01 03 6b 00 31 00 54 1f 01 02 6b  .0.T...k.1.T...k
1066ff568  40 31 00 54 09 cb 8b 52 c9 91 ab 72 1f 01 09 6b  @1.T...R...r...k
1066ff578  20 33 00 54 1f 01 01 6b 40 35 00 54 c9 41 8a 52   3.T...k@5.T.A.R
1066ff588  a9 11 af 72 1f 01 09 6b 40 35 00 54 1f 01 07 6b  ...r...k@5.T...k
1066ff598  61 f5 ff 54 a8 03 58 b8 a9 43 58 b8 1f 01 09 6b  a..T..X..CX....k
1066ff5a8  68 02 85 1a a6 ff ff 17 c8 04 80 52 a8 83 14 b8  h..........R....
1066ff5b8  c8 2b 80 52 a8 43 14 b8 a8 83 54 b8 a9 43 54 b8  .+.R.C....T..CT.
1066ff5c8  08 7d 08 1b 08 75 1e 53 08 11 00 11 7e 02 80 52  .}...u.S....~..R
1066ff5d8  0a 09 de 1a 48 a1 1e 1b 1f 01 00 71 48 12 80 52  ....H......qH..R
1066ff5e8  20 01 48 7a 88 a8 93 52 e8 b8 a0 72 08 c1 8e 1a   .Hz...R...r....
1066ff5f8  93 ff ff 17 a8 03 9a b8 e9 cd 02 f0 29 19 41 f9  ............).A.
1066ff608  aa 63 00 d1 4a 01 50 f8 29 01 0a 8b 20 79 68 f8  .c..J.P.)... yh.
1066ff618  a8 e3 01 d1 01 01 40 f9 4d 30 00 94 7e 02 80 52  ......@.M0..~..R
1066ff628  e8 03 1e aa 94 09 00 94 fe 03 08 aa e8 03 1e aa  ................
1066ff638  7c 09 00 94 fe 03 08 aa 1f 00 00 71 40 db 94 52  |..........q@..R
1066ff648  c0 8e af 72 e8 07 9f 1a a8 b3 19 38 a8 24 80 52  ...r.......8.$.R
1066ff658  a8 83 13 b8 a8 20 80 52 a8 43 13 b8 a8 83 53 b8  ..... .R.C....S.
1066ff668  a9 43 53 b8 08 7d 08 1b 08 75 1e 53 08 11 00 11  .CS..}...u.S....

,	Aweme!0x3ed7070 this.args2 onLeave 0x0 0x0

,	Aweme!0x3ed7070 this.args3 onLeave 0x281e0a5f5             0  1  2  3  4  5  6  7  8  9  A  B  C  D  E  F  0123456789ABCDEF
281e0a5f5  00 00 00 6f 02 00 00 00 00 00 00 4c 52 46 43 4c  ...o.......LRFCL
281e0a605  52 46 43 00 00 00 00 00 00 00 00 31 31 32 38 00  RFC........1128.
281e0a615  00 00 00 5f 02 00 00 00 00 00 00 40 74 d3 81 02  ..._.......@t...
281e0a625  00 00 00 c0 55 d3 81 02 00 00 00 00 7b d3 81 02  ....U.......{...
281e0a635  00 00 00 40 65 d3 81 02 00 00 00 31 33 2e 33 00  ...@e......13.3.
281e0a645  00 00 00 6c 02 00 00 00 00 00 00 01 00 00 00 00  ...l............
281e0a655  00 00 00 60 02 47 80 02 00 00 00 41 77 65 6d 65  ...`.G.....Aweme
281e0a665  00 00 00 66 02 00 6d 64 2d 00 00 19 d9 aa e5 a1  ...f..md-.......
281e0a675  01 00 00 f0 a9 b3 82 02 00 00 00 81 cf f2 0b a1  ................
281e0a685  01 00 00 04 00 00 00 00 00 00 00 6d 6c 00 00 00  ...........ml...
281e0a695  00 00 00 6c 02 47 80 02 00 00 00 31 34 2e 38 2e  ...l.G.....14.8.
281e0a6a5  30 00 00 66 02 00 00 00 00 00 00 00 50 d3 81 02  0..f........P...
281e0a6b5  00 00 00 00 00 00 00 00 00 00 00 69 50 68 6f 6e  ...........iPhon
281e0a6c5  65 39 2c 31 00 46 24 19 b1 93 fd 69 6e 68 6f 75  e9,1.F$....inhou
281e0a6d5  73 65 00 6c 02 92 82 02 00 00 00 e0 a6 9f ff 61  se.l...........a
281e0a6e5  8d 00 00 93 02 47 80 02 00 00 00 79 d8 aa e5 a1  .....G.....y....
281e0a6f5  01 00 00 a0 7e 8a 83 02 00 00 00 a0 49 d3 81 02  ....~.......I...
281e0a705  00 00 00 20 a7 e0 81 02 00 00 00 74 62 2d 39 35  ... .......tb-95
281e0a715  2d 39 31 00 02 d3 81 02 00 00 00 01 00 00 00 00  -91.............
281e0a725  00 00 00 71 02 65 6e 00 00 00 00 44 31 30 41 50  ...q.en....D10AP
281e0a735  00 00 00 84 02 75 37 7a 22 e0 fe 00 c0 00 00 00  .....u7z".......
281e0a745  00 00 00 7c 02 01 81 02 00 00 00 37 35 30 2c 31  ...|.......750,1
281e0a755  33 33 34 00 02 84 83 02 00 00 00 b0 6c fc 83 02  334.........l...
281e0a765  00 00 00 00 00 00 00 00 00 00 00 70 a7 9f ff 61  ...........p...a
281e0a775  8d 00 00 c8 00 46 80 02 00 00 00 61 31 16 11 01  .....F.....a1...
281e0a785  00 00 00 c9 00 00 00 00 00 00 00 05 2a ad e5 a1  ............*...
281e0a795  01 00 00 70 86 15 21 01 00 00 00 19 d9 aa e5 a1  ...p..!.........
281e0a7a5  01 00 00 50 68 fc 83 02 00 00 00 62 02 63 02 17  ...Ph......b.c..
281e0a7b5  02 00 00 7e 02 2a 83 02 00 00 00 c0 a7 9f ff 61  ...~.*.........a
281e0a7c5  8d 00 00 27 03 00 00 00 00 00 00 bd 8b ae e5 a1  ...'............
281e0a7d5  01 00 00 50 04 3a 81 02 00 00 00 32 31 55 56 33  ...P.:.....21UV3
281e0a7e5  51 53 46 36 4b 00 00 01 00 00 00 f0 a7 9f ff 61  QSF6K..........a
281e0a7f5  8d 00 00 ac 02 04 21 01 00 00 00 9b 30 16 11 01  ......!.....0...
281e0a805  00 00 00 18 00 00 00 00 00 00 00 10 a8 9f ff 61  ...............a
281e0a815  8d 00 00 95 02 33 81 02 00 00 00 00 00 00 00 01  .....3..........
281e0a825  00 00 00 00 00 00 00 00 00 00 00 04 00 00 00 00  ................
281e0a835  00 00 00 e0 63 d3 81 02 00 00 00 40 a8 9f ff 61  ....c......@...a
281e0a845  8d 00 00 9c 02 fc 83 02 00 00 00 41 70 70 20 53  ...........App S
281e0a855  74 6f 72 65 00 00 00 00 00 00 00 60 a8 9f ff 61  tore.......`...a
281e0a865  8d 00 00 1c 03 fc 83 02 00 00 00 00 00 00 00 00  ................
281e0a875  00 00 00 68 1e d9 0f 01 00 00 00 80 a8 9f ff 61  ...h...........a
281e0a885  8d 00 00 f9 02 73 0a 01 00 00 00 90 a8 9f ff 61  .....s.........a
281e0a895  8d 00 00 9a 02 04 21 01 00 00 00 00 00 00 00 00  ......!.........
281e0a8a5  00 00 00 48 48 12 21 01 00 00 00 b0 a8 9f ff 61  ...HH.!........a
281e0a8b5  8d 00 00 85 02 33 81 02 00 00 00 00 00 00 00 00  .....3..........
281e0a8c5  00 00 00 90 1e d9 0f 01 00 00 00 00 00 00 00 00  ................
281e0a8d5  00 00 00 88 17 d9 0f 01 00 00 00 11 00 12 00 00  ................
281e0a8e5  00 00 00 90 02 6a 0a 01 00 00 00 01 00 00 00 01  .....j..........
281e0a8f5  00 00 00 9d 02 00 00 01 00 00 00 00 a9 9f ff 61  ...............a
281e0a905  8d 00 00 80 02 00 00 01 00 00 00 10 a9 9f ff 61  ...............a
281e0a915  8d 00 00 a5 02 63 0a 01 00 00 00 20 a9 9f ff 61  .....c..... ...a
281e0a925  8d 00 00 9b 02 00 00 00 00 00 00 01 00 00 00 00  ................
281e0a935  00 00 00 36 02 c2 83 02 00 00 00 40 a9 9f ff 61  ...6.......@...a
281e0a945  8d 00 00 4d 02 33 81 02 00 00 00 50 a9 9f ff 61  ...M.3.....P...a
281e0a955  8d 00 00 b8 02 00 00 00 00 00 00 79 d8 aa e5 a1  ...........y....
281e0a965  01 00 00 70 a4 b3 82 02 00 00 00 70 a9 9f ff 61  ...p.......p...a
281e0a975  8d 00 00 9e 02 00 00 e4 ff 2f 41 80 a9 9f ff 61  ........./A....a
281e0a985  8d 00 00 91 02 00 00 00 00 00 00 90 a9 9f ff 61  ...............a
281e0a995  8d 00 00 92 02 00 00 00 00 00 00 a0 a9 9f ff 61  ...............a
281e0a9a5  8d 00 00 a5 00 47 80 02 00 00 00 b0 a9 9f ff 61  .....G.........a
281e0a9b5  8d 00 00 82 02 33 81 02 00 00 00 01 00 00 00 01  .....3..........
281e0a9c5  00 00 00 9e 02 00 00 40 9e 31 40 d0 a9 9f ff 61  .......@.1@....a
281e0a9d5  8d 00 00 f7 02 00 00 00 00 00 00 79 d8 aa e5 a1  ...........y....
281e0a9e5  01 00 00 70 a4 b3 82 02 00 00 00 79 d8 aa e5 a1  ...p.......y....

,	Aweme!0x3ed7070 this.args4 onLeave 0x9cdd4d65 0x9cdd4d65

,retval onLeave: 0x0 0x0

call Aweme!0x3ed7070
,	Aweme!0x3ed7070 this.args0 0x16f9a29d8 0x16f9a29d8

,	Aweme!0x3ed7070 this.args1 0x1066ff278             0  1  2  3  4  5  6  7  8  9  A  B  C  D  E  F  0123456789ABCDEF
1066ff278  a0 e5 02 f0 00 20 39 91 61 00 00 10 1f 20 03 d5  ..... 9.a.... ..
1066ff288  2c 1d e2 14 80 00 00 b4 08 00 40 f9 01 05 40 f9  ,.........@...@.
1066ff298  20 00 1f d6 c0 03 5f d6 e8 0b 00 f9 e1 03 00 91   ....._.........
1066ff2a8  33 bf fe 17 fc 6f ba a9 fa 67 01 a9 f8 5f 02 a9  3....o...g..._..
1066ff2b8  f6 57 03 a9 f4 4f 04 a9 fd 7b 05 a9 fd 43 01 91  .W...O...{...C..
1066ff2c8  ff 43 03 d1 eb 5e 9b 52 8b 78 bf 72 6c 29 8e 52  .C...^.R.x.rl).R
1066ff2d8  8c d1 bb 72 8d e7 92 52 0d 57 bb 72 ae 3e 9d 52  ...r...R.W.r.>.R
1066ff2e8  ce eb b7 72 af c3 86 52 0f be b7 72 70 58 8a 52  ...r...R...rpX.R
1066ff2f8  70 79 b6 72 51 bb 9f 52 f1 1a b6 72 db ae 8c 52  py.rQ..R...r...R
1066ff308  3b dc b4 72 7c 49 88 52 1c a5 b4 72 33 3f 8d 52  ;..r|I.R...r3?.R
1066ff318  b3 00 b2 72 54 d9 84 52 b4 20 b1 72 15 a9 8f 52  ...rT..R. .r...R
1066ff328  35 a4 b0 72 40 db 94 52 c0 8e af 72 a1 55 92 52  5..r@..R...r.U.R
1066ff338  e1 ae ac 72 42 f3 8b 52 a2 97 a9 72 a3 8d 80 52  ...rB..R...r...R
1066ff348  a3 82 a7 72 24 16 82 52 c4 32 a7 72 25 ff 83 52  ...r$..R.2.r%..R
1066ff358  85 07 a3 72 c6 55 8c 52 a6 6d a1 72 c8 2e 80 52  ...r.U.R.m.r...R
1066ff368  a8 03 10 b8 e8 35 80 52 a9 13 00 d1 28 01 10 b8  .....5.R....(...
1066ff378  a8 03 50 b8 a9 13 00 d1 29 01 50 b8 ea 03 00 32  ..P.....).P....2
1066ff388  08 29 08 1b a8 03 18 b8 28 7d 09 1b 09 71 1d 53  .)......(}...q.S
1066ff398  28 01 08 4b a8 43 18 b8 c7 d3 96 52 67 38 a3 72  (..K.C.....Rg8.r
1066ff3a8  16 49 82 52 f6 d9 b9 72 e8 f7 ff 10 1f 20 03 d5  .I.R...r..... ..
1066ff3b8  09 80 80 d2 89 00 a0 f2 89 20 c0 f2 09 01 09 8a  ......... ......
1066ff3c8  8a 20 80 52 2a 20 a0 72 29 01 0a aa 0a 08 82 d2  . .R* .r).......
1066ff3d8  4a 40 a1 f2 0a 08 cc f2 0a 14 e0 f2 48 01 28 aa  J@..........H.(.
1066ff3e8  0a 88 82 d2 ca 40 a1 f2 8a 28 cc f2 0a 14 e0 f2  .....@...(......
1066ff3f8  08 01 0a 8a 08 01 09 8b 89 98 9f d2 69 bc be f2  ............i...
1066ff408  69 d7 d3 f2 e9 eb ff f2 08 01 09 ca a9 63 00 d1  i............c..
1066ff418  28 01 10 f8 d7 a7 90 52 f7 e4 b9 72 78 f6 98 52  (......R...rx..R
1066ff428  58 f8 b8 72 f9 de 96 52 39 1e ba 72 5a e4 9a 52  X..r...R9..rZ..R
1066ff438  da 30 bb 72 c8 d3 96 52 68 38 a3 72 1f 01 16 6b  .0.r...Rh8.r...k
1066ff448  a0 41 00 54 1f 01 15 6b 00 0b 00 54 1f 01 14 6b  .A.T...k...T...k
1066ff458  20 0d 00 54 1f 01 13 6b e0 11 00 54 1f 01 1c 6b   ..T...k...T...k
1066ff468  20 12 00 54 1f 01 1b 6b 60 12 00 54 1f 01 11 6b   ..T...k`..T...k
1066ff478  80 14 00 54 1f 01 10 6b c0 16 00 54 1f 01 0f 6b  ...T...k...T...k
1066ff488  00 19 00 54 1f 01 0e 6b e0 1a 00 54 1f 01 18 6b  ...T...k...T...k
1066ff498  20 1b 00 54 1f 01 17 6b e0 1c 00 54 1f 01 19 6b   ..T...k...T...k
1066ff4a8  e0 1e 00 54 1f 01 1a 6b 60 1f 00 54 1f 01 0d 6b  ...T...k`..T...k
1066ff4b8  20 21 00 54 1f 01 0c 6b a0 21 00 54 69 6d 82 52   !.T...k.!.Tim.R
1066ff4c8  a9 fb bd 72 1f 01 09 6b 80 23 00 54 1f 01 0b 6b  ...r...k.#.T...k
1066ff4d8  e0 23 00 54 89 a8 93 52 e9 b8 a0 72 1f 01 09 6b  .#.T...R...r...k
1066ff4e8  40 26 00 54 1f 01 06 6b c0 26 00 54 29 a1 83 52  @&.T...k.&.T)..R
1066ff4f8  49 16 a2 72 1f 01 09 6b c0 26 00 54 69 04 9d 52  I..r...k.&.Ti..R
1066ff508  09 53 a2 72 1f 01 09 6b 60 28 00 54 09 df 84 52  .S.r...k`(.T...R
1066ff518  49 d8 a2 72 1f 01 09 6b a0 28 00 54 1f 01 05 6b  I..r...k.(.T...k
1066ff528  00 29 00 54 1f 01 00 6b a0 2c 00 54 89 81 8c 52  .).T...k.,.T...R
1066ff538  09 66 a3 72 1f 01 09 6b 80 2e 00 54 69 ba 88 52  .f.r...k...Ti..R
1066ff548  29 71 a3 72 1f 01 09 6b 00 2f 00 54 1f 01 04 6b  )q.r...k./.T...k
1066ff558  c0 30 00 54 1f 01 03 6b 00 31 00 54 1f 01 02 6b  .0.T...k.1.T...k
1066ff568  40 31 00 54 09 cb 8b 52 c9 91 ab 72 1f 01 09 6b  @1.T...R...r...k
1066ff578  20 33 00 54 1f 01 01 6b 40 35 00 54 c9 41 8a 52   3.T...k@5.T.A.R
1066ff588  a9 11 af 72 1f 01 09 6b 40 35 00 54 1f 01 07 6b  ...r...k@5.T...k
1066ff598  61 f5 ff 54 a8 03 58 b8 a9 43 58 b8 1f 01 09 6b  a..T..X..CX....k
1066ff5a8  68 02 85 1a a6 ff ff 17 c8 04 80 52 a8 83 14 b8  h..........R....
1066ff5b8  c8 2b 80 52 a8 43 14 b8 a8 83 54 b8 a9 43 54 b8  .+.R.C....T..CT.
1066ff5c8  08 7d 08 1b 08 75 1e 53 08 11 00 11 7e 02 80 52  .}...u.S....~..R
1066ff5d8  0a 09 de 1a 48 a1 1e 1b 1f 01 00 71 48 12 80 52  ....H......qH..R
1066ff5e8  20 01 48 7a 88 a8 93 52 e8 b8 a0 72 08 c1 8e 1a   .Hz...R...r....
1066ff5f8  93 ff ff 17 a8 03 9a b8 e9 cd 02 f0 29 19 41 f9  ............).A.
1066ff608  aa 63 00 d1 4a 01 50 f8 29 01 0a 8b 20 79 68 f8  .c..J.P.)... yh.
1066ff618  a8 e3 01 d1 01 01 40 f9 4d 30 00 94 7e 02 80 52  ......@.M0..~..R
1066ff628  e8 03 1e aa 94 09 00 94 fe 03 08 aa e8 03 1e aa  ................
1066ff638  7c 09 00 94 fe 03 08 aa 1f 00 00 71 40 db 94 52  |..........q@..R
1066ff648  c0 8e af 72 e8 07 9f 1a a8 b3 19 38 a8 24 80 52  ...r.......8.$.R
1066ff658  a8 83 13 b8 a8 20 80 52 a8 43 13 b8 a8 83 53 b8  ..... .R.C....S.
1066ff668  a9 43 53 b8 08 7d 08 1b 08 75 1e 53 08 11 00 11  .CS..}...u.S....

,	Aweme!0x3ed7070 this.args2 0x120a8 0x120a8

,	Aweme!0x3ed7070 this.args3 0xd 0xd

,	Aweme!0x3ed7070 this.args4 0x6f 0x6f

,	Aweme!0x3ed7070 this.args0 onLeave 0x16f9a29d8 0x16f9a29d8

,	Aweme!0x3ed7070 this.args1 onLeave 0x1066ff278             0  1  2  3  4  5  6  7  8  9  A  B  C  D  E  F  0123456789ABCDEF
1066ff278  a0 e5 02 f0 00 20 39 91 61 00 00 10 1f 20 03 d5  ..... 9.a.... ..
1066ff288  2c 1d e2 14 80 00 00 b4 08 00 40 f9 01 05 40 f9  ,.........@...@.
1066ff298  20 00 1f d6 c0 03 5f d6 e8 0b 00 f9 e1 03 00 91   ....._.........
1066ff2a8  33 bf fe 17 fc 6f ba a9 fa 67 01 a9 f8 5f 02 a9  3....o...g..._..
1066ff2b8  f6 57 03 a9 f4 4f 04 a9 fd 7b 05 a9 fd 43 01 91  .W...O...{...C..
1066ff2c8  ff 43 03 d1 eb 5e 9b 52 8b 78 bf 72 6c 29 8e 52  .C...^.R.x.rl).R
1066ff2d8  8c d1 bb 72 8d e7 92 52 0d 57 bb 72 ae 3e 9d 52  ...r...R.W.r.>.R
1066ff2e8  ce eb b7 72 af c3 86 52 0f be b7 72 70 58 8a 52  ...r...R...rpX.R
1066ff2f8  70 79 b6 72 51 bb 9f 52 f1 1a b6 72 db ae 8c 52  py.rQ..R...r...R
1066ff308  3b dc b4 72 7c 49 88 52 1c a5 b4 72 33 3f 8d 52  ;..r|I.R...r3?.R
1066ff318  b3 00 b2 72 54 d9 84 52 b4 20 b1 72 15 a9 8f 52  ...rT..R. .r...R
1066ff328  35 a4 b0 72 40 db 94 52 c0 8e af 72 a1 55 92 52  5..r@..R...r.U.R
1066ff338  e1 ae ac 72 42 f3 8b 52 a2 97 a9 72 a3 8d 80 52  ...rB..R...r...R
1066ff348  a3 82 a7 72 24 16 82 52 c4 32 a7 72 25 ff 83 52  ...r$..R.2.r%..R
1066ff358  85 07 a3 72 c6 55 8c 52 a6 6d a1 72 c8 2e 80 52  ...r.U.R.m.r...R
1066ff368  a8 03 10 b8 e8 35 80 52 a9 13 00 d1 28 01 10 b8  .....5.R....(...
1066ff378  a8 03 50 b8 a9 13 00 d1 29 01 50 b8 ea 03 00 32  ..P.....).P....2
1066ff388  08 29 08 1b a8 03 18 b8 28 7d 09 1b 09 71 1d 53  .)......(}...q.S
1066ff398  28 01 08 4b a8 43 18 b8 c7 d3 96 52 67 38 a3 72  (..K.C.....Rg8.r
1066ff3a8  16 49 82 52 f6 d9 b9 72 e8 f7 ff 10 1f 20 03 d5  .I.R...r..... ..
1066ff3b8  09 80 80 d2 89 00 a0 f2 89 20 c0 f2 09 01 09 8a  ......... ......
1066ff3c8  8a 20 80 52 2a 20 a0 72 29 01 0a aa 0a 08 82 d2  . .R* .r).......
1066ff3d8  4a 40 a1 f2 0a 08 cc f2 0a 14 e0 f2 48 01 28 aa  J@..........H.(.
1066ff3e8  0a 88 82 d2 ca 40 a1 f2 8a 28 cc f2 0a 14 e0 f2  .....@...(......
1066ff3f8  08 01 0a 8a 08 01 09 8b 89 98 9f d2 69 bc be f2  ............i...
1066ff408  69 d7 d3 f2 e9 eb ff f2 08 01 09 ca a9 63 00 d1  i............c..
1066ff418  28 01 10 f8 d7 a7 90 52 f7 e4 b9 72 78 f6 98 52  (......R...rx..R
1066ff428  58 f8 b8 72 f9 de 96 52 39 1e ba 72 5a e4 9a 52  X..r...R9..rZ..R
1066ff438  da 30 bb 72 c8 d3 96 52 68 38 a3 72 1f 01 16 6b  .0.r...Rh8.r...k
1066ff448  a0 41 00 54 1f 01 15 6b 00 0b 00 54 1f 01 14 6b  .A.T...k...T...k
1066ff458  20 0d 00 54 1f 01 13 6b e0 11 00 54 1f 01 1c 6b   ..T...k...T...k
1066ff468  20 12 00 54 1f 01 1b 6b 60 12 00 54 1f 01 11 6b   ..T...k`..T...k
1066ff478  80 14 00 54 1f 01 10 6b c0 16 00 54 1f 01 0f 6b  ...T...k...T...k
1066ff488  00 19 00 54 1f 01 0e 6b e0 1a 00 54 1f 01 18 6b  ...T...k...T...k
1066ff498  20 1b 00 54 1f 01 17 6b e0 1c 00 54 1f 01 19 6b   ..T...k...T...k
1066ff4a8  e0 1e 00 54 1f 01 1a 6b 60 1f 00 54 1f 01 0d 6b  ...T...k`..T...k
1066ff4b8  20 21 00 54 1f 01 0c 6b a0 21 00 54 69 6d 82 52   !.T...k.!.Tim.R
1066ff4c8  a9 fb bd 72 1f 01 09 6b 80 23 00 54 1f 01 0b 6b  ...r...k.#.T...k
1066ff4d8  e0 23 00 54 89 a8 93 52 e9 b8 a0 72 1f 01 09 6b  .#.T...R...r...k
1066ff4e8  40 26 00 54 1f 01 06 6b c0 26 00 54 29 a1 83 52  @&.T...k.&.T)..R
1066ff4f8  49 16 a2 72 1f 01 09 6b c0 26 00 54 69 04 9d 52  I..r...k.&.Ti..R
1066ff508  09 53 a2 72 1f 01 09 6b 60 28 00 54 09 df 84 52  .S.r...k`(.T...R
1066ff518  49 d8 a2 72 1f 01 09 6b a0 28 00 54 1f 01 05 6b  I..r...k.(.T...k
1066ff528  00 29 00 54 1f 01 00 6b a0 2c 00 54 89 81 8c 52  .).T...k.,.T...R
1066ff538  09 66 a3 72 1f 01 09 6b 80 2e 00 54 69 ba 88 52  .f.r...k...Ti..R
1066ff548  29 71 a3 72 1f 01 09 6b 00 2f 00 54 1f 01 04 6b  )q.r...k./.T...k
1066ff558  c0 30 00 54 1f 01 03 6b 00 31 00 54 1f 01 02 6b  .0.T...k.1.T...k
1066ff568  40 31 00 54 09 cb 8b 52 c9 91 ab 72 1f 01 09 6b  @1.T...R...r...k
1066ff578  20 33 00 54 1f 01 01 6b 40 35 00 54 c9 41 8a 52   3.T...k@5.T.A.R
1066ff588  a9 11 af 72 1f 01 09 6b 40 35 00 54 1f 01 07 6b  ...r...k@5.T...k
1066ff598  61 f5 ff 54 a8 03 58 b8 a9 43 58 b8 1f 01 09 6b  a..T..X..CX....k
1066ff5a8  68 02 85 1a a6 ff ff 17 c8 04 80 52 a8 83 14 b8  h..........R....
1066ff5b8  c8 2b 80 52 a8 43 14 b8 a8 83 54 b8 a9 43 54 b8  .+.R.C....T..CT.
1066ff5c8  08 7d 08 1b 08 75 1e 53 08 11 00 11 7e 02 80 52  .}...u.S....~..R
1066ff5d8  0a 09 de 1a 48 a1 1e 1b 1f 01 00 71 48 12 80 52  ....H......qH..R
1066ff5e8  20 01 48 7a 88 a8 93 52 e8 b8 a0 72 08 c1 8e 1a   .Hz...R...r....
1066ff5f8  93 ff ff 17 a8 03 9a b8 e9 cd 02 f0 29 19 41 f9  ............).A.
1066ff608  aa 63 00 d1 4a 01 50 f8 29 01 0a 8b 20 79 68 f8  .c..J.P.)... yh.
1066ff618  a8 e3 01 d1 01 01 40 f9 4d 30 00 94 7e 02 80 52  ......@.M0..~..R
1066ff628  e8 03 1e aa 94 09 00 94 fe 03 08 aa e8 03 1e aa  ................
1066ff638  7c 09 00 94 fe 03 08 aa 1f 00 00 71 40 db 94 52  |..........q@..R
1066ff648  c0 8e af 72 e8 07 9f 1a a8 b3 19 38 a8 24 80 52  ...r.......8.$.R
1066ff658  a8 83 13 b8 a8 20 80 52 a8 43 13 b8 a8 83 53 b8  ..... .R.C....S.
1066ff668  a9 43 53 b8 08 7d 08 1b 08 75 1e 53 08 11 00 11  .CS..}...u.S....

,	Aweme!0x3ed7070 this.args2 onLeave 0x120a8 0x120a8

,	Aweme!0x3ed7070 this.args3 onLeave 0xd 0xd

,	Aweme!0x3ed7070 this.args4 onLeave 0x6f 0x6f

,retval onLeave: 0x0 0x0

[end signal]{
    "X-Argus" = "ffYR3uWZ06Y2k/S6FOQjI2Yb6CYw8uC4qrkxy8nw+nRRyIjpYaMgBOqxYEDz8643zGcNnWm1/39DQULUyB7HyY+SFHxpwnrIsb0S1MSdk1xSCx7pmRMJ8qjOnVVnVz9KZMXr/HuqOir/9uRgLFBsY4Lmtf8LMg70awoFomOsTM5If8fSiZ0ARbMyn1njGnc+NV2s1gP0TqZTeBqtbKhwNXk5RT4COF+Tj/hZpKpzQc04GwsSF9x8dShHloRGtvUgwO0=";
    "X-Gorgon" = 8404808d8000a13cb3234b757602010dbba2a5c7ed62139232bf;
    "X-Khronos" = 1618201440;
    "X-Ladon" = "LV/zfMSOti20piRlCaMQRRxAXKTUgfHgfuckvLTff67TRbl9";
    "X-Tyhon" = "7U29sashn6/qF9G7pGXMlr9jpbO1aYWJvTOXccM=";
}
Aweme!0x3e7141c 1
Aweme!0x3e86f74 1
Aweme!0x3e84dbc 1
Aweme!0x3e7124c 5
Aweme!0x3ea8bb0 69
Aweme!0x3e4de24 10
Aweme!0x3eda3e8 3
Aweme!0x3edb20c 2
Aweme!0x3e70fc4 4
Aweme!0x3e708e0 1
Aweme!0x3e8a120 1
Aweme!0x3e88764 1
Aweme!0x3e87200 1
Aweme!0x3ea1b4c 1
Aweme!0x3ea197c 28
Aweme!0x3e868f0 5
Aweme!0x775e078 11
Aweme!0x3ecd59c 2
Aweme!0x3e8c790 2
Aweme!0x3e86fd4 4
Aweme!0x3e52080 15
Aweme!0x3ead4f0 1
Aweme!0x3ed4bd0 2
Aweme!0x3e71080 2
Aweme!0x3ea1a94 1
Aweme!0x3e70b10 12
Aweme!0x3ecaa78 1
Aweme!0x3ed7070 2
Aweme!0x3ed9e7c 3
Aweme!0x3e71368 2
Aweme!0x3e90e48 1
Aweme!0x3ea7994 4
Aweme!0x3e520e0 15
Aweme!0x3eb1c60 1
Aweme!0x3eda21c 2
Aweme!0x3e70bcc 1
Aweme!0x3ecaca8 1
Aweme!0x775c5a8 9
Aweme!0x3ea03c0 1
Aweme!0x3e5c520 2
Aweme!0x3edad5c 2
Aweme!0x3e8a128 3
Aweme!0x3ee7920 4
Aweme!0x3ed72a0 1
Aweme!0x3ec9348 2
Aweme!0x3ea1188 1
Aweme!0x3e8a0cc 2
Aweme!0x3e5d118 1
Aweme!0x3e71028 1
Aweme!0x3ea169c 2
Aweme!0x3e926f4 1
Aweme!0x3ecb278 1
Aweme!0x3e67728 3
Aweme!0x3ecb2d0 57
Aweme!0x3e70f70 2
Aweme!0x3e92868 1
Aweme!0x3e8a188 1
Aweme!0x3e86fdc 4
Aweme!0x3ea1928 1
Aweme!0x3e71428 1
Aweme!0x3e90f08 1
Aweme!0x3ed69f0 1
Aweme!0x3eca340 6
Aweme!0x3e4e740 4
Aweme!0x3ecb164 1
Aweme!0x3e711fc 1
Aweme!0x775d148 24
Aweme!0x3e8a244 3
Aweme!0x3ecb9bc 3
Aweme!0x3e70fd0 4
Aweme!0x3e61204 2
Aweme!0x3ea8cd4 3
Aweme!0x775e084 6
Aweme!0x3e4dd78 2
Aweme!0x3e71488 1
Aweme!0x3e5208c 5
Aweme!0x3e5cc68 2
Aweme!0x3ea03c8 9
Aweme!0x3e624e0 2
Aweme!0x3e57394 1
Aweme!0x3ecb1c4 1
Aweme!0x3ea1c70 1
Aweme!0x3ea7c28 5
Aweme!0x3e70d48 2
Aweme!0x3eda3f8 6
Aweme!0x3e70550 3
Aweme!0x3e71374 2
Aweme!0x3e8a078 1
Aweme!0x3e928cc 2
Aweme!0x3eb31d0 4
Aweme!0x3e71318 3
Aweme!0x3e520ec 6
Aweme!0x3e70da8 5
Aweme!0x3e70bd8 3
Aweme!0x3e5c1e8 1
Aweme!0x3ea8c7c 2
Aweme!0x3e7ce8c 6
Aweme!0x3e71430 3
Aweme!0x3ecac58 52
Aweme!0x775dfd0 39
Aweme!0x3e84a30 1
Aweme!0x3ed32dc 257
Aweme!0x3ecda08 1
Aweme!0x3ee5718 6
Aweme!0x3e8c7a4 2
Aweme!0x775e828 10
Aweme!0x3ecb9c4 4
Aweme!0x3ea0828 8
Aweme!0x3ea164c 1
Aweme!0x3ed3224 256
Aweme!0x3e9a300 5
Aweme!0x3e7114c 1
Aweme!0x3e5cb58 2
Aweme!0x3e70f7c 1
Aweme!0x3e86ad4 2
Aweme!0x3e71490 1
Aweme!0x3ecc730 1
Aweme!0x3ea1764 1
Aweme!0x3ead334 1
Aweme!0x3e68100 1
Aweme!0x3e58a74 506
Aweme!0x775e888 1
Aweme!0x3ecf140 1
Aweme!0x3ed67d0 7
Aweme!0x3ed30b4 4
Aweme!0x3ed9e90 5
Aweme!0x3e711ac 3
Aweme!0x3e87048 2
Aweme!0x775c7e8 276
Aweme!0x775e090 3
Aweme!0x3eca7a8 4
Aweme!0x3e51f24 5
Aweme!0x3e70db0 21
Aweme!0x3e70100 2
Aweme!0x3e93d80 8
Aweme!0x3ede65c 1
Aweme!0x3ee4b84 8
Aweme!0x3e523dc 2
Aweme!0x3e8a13c 3
Aweme!0x3ea8c28 4
Aweme!0x3ecc8a8 1
Aweme!0x3e70b28 12
Aweme!0x3ea170c 9
Aweme!0x3ecec30 19
Aweme!0x3ecda6c 2
Aweme!0x775d328 2
Aweme!0x3ecf828 1
Aweme!0x3e71268 1
Aweme!0x3ecb118 3
Aweme!0x3e4e698 2
Aweme!0x3ee5894 2
Aweme!0x3e58964 1
Aweme!0x3e71668 9
Aweme!0x3ed9ddc 8
Aweme!0x3e86adc 1
Aweme!0x3ed4a78 1
Aweme!0x3edb340 2
Aweme!0x3ea1998 1
Aweme!0x3e67854 1
Aweme!0x3e87334 5
Aweme!0x3eda120 1
Aweme!0x3eda2f0 2
Aweme!0x3e90ec0 1
Aweme!0x3ed3344 1
Aweme!0x3eda408 3
Aweme!0x3e516d4 7
Aweme!0x775e834 2
Aweme!0x3edacbc 1
Aweme!0x3e51f88 10
Aweme!0x3e89ce8 1
Aweme!0x3eda3ac 2
Aweme!0x3ea16b4 45
Aweme!0x3ed328c 2
Aweme!0x3e71328 1
Aweme!0x3edb174 1
Aweme!0x3e86ff4 3
Aweme!0x3ecc90c 2
Aweme!0x775ec90 6
Aweme!0x3e67688 3
Aweme!0x3e71440 1
Aweme!0x3e71270 3
Aweme!0x3e52044 3
Aweme!0x3ee4790 1
Aweme!0x775e720 6
Aweme!0x3e872dc 5
Aweme!0x3e70ca4 2
Aweme!0x3ecf88c 2
Aweme!0x3e5c824 2
Aweme!0x3ed7260 1
Aweme!0x3ecb9d4 1
Aweme!0x775c7f4 38
Aweme!0x3e70dbc 1
Aweme!0x3e86ae4 1
Aweme!0x3e714a0 2
Aweme!0x3ecaaf8 1
Aweme!0x3e709c0 30
Aweme!0x3e523e8 2
Aweme!0x3ecfc30 1
Aweme!0x3e84c14 1
Aweme!0x3ecb180 18
Aweme!0x3e71218 3
Aweme!0x3e86ba0 3
Aweme!0x3ea6110 2
Aweme!0x3e70e1c 2
Aweme!0x3ed3238 6
Aweme!0x775e7e0 2
Aweme!0x3e70f90 2
Aweme!0x3ee5674 4
Aweme!0x3ea1b74 10
Aweme!0x3e51ed8 15
Aweme!0x3e5de48 2
Aweme!0x3eac354 1
Aweme!0x3e71448 1
Aweme!0x3ecb1e0 1
Aweme!0x3eaea20 11
Aweme!0x3e70d08 2
Aweme!0x3ed32f4 2
Aweme!0x3e56530 1
Aweme!0x3e4e1f0 12
Aweme!0x3ecb9dc 7
Aweme!0x3ea1664 1
Aweme!0x3eda1e8 2
Aweme!0x3e8a208 1
Aweme!0x3e885c0 2
Aweme!0x3ed3010 516
Aweme!0x3e70f38 3
Aweme!0x3eca930 13
Aweme!0x3e67c04 1
Aweme!0x3e67a34 1
Aweme!0x3e71108 1
Aweme!0x3e7cea8 2
Aweme!0x3e523f0 5
Aweme!0x3ea3c78 1
Aweme!0x3e84a4c 1
Aweme!0x3e60518 1
Aweme!0x3ea7e18 52
Aweme!0x3ecafb8 1
Aweme!0x3ecb188 2
Aweme!0x3ead464 1
Aweme!0x3ed30cc 3
Aweme!0x3ed9ea8 5
Aweme!0x3e711c4 2
Aweme!0x3ed7210 1
Aweme!0x3ecb2a0 23
Aweme!0x3ed3240 1
Aweme!0x3e7cf08 4
Aweme!0x3e57ef4 18
Aweme!0x3e86920 5
Aweme!0x3ed31e4 258
Aweme!0x3e712dc 3
Aweme!0x3ed9fc0 1
Aweme!0x3ed3358 3
Aweme!0x775e78c 255
Aweme!0x775e390 3
Aweme!0x3ede618 2
Aweme!0x3edded8 1
Aweme!0x3e90ed4 1
Aweme!0x3ecef8c 1
Aweme!0x3e713f4 1
Aweme!0x3ecb9e4 7
Aweme!0x3ecabc0 5
Aweme!0x3e8a210 1
Aweme!0x3eca820 4
Aweme!0x3ea1d50 1
Aweme!0x3e51f40 3
Aweme!0x3e5e594 1
Aweme!0x775c5d8 35
Aweme!0x3e714b0 1
Aweme!0x3e70ba0 11
Aweme!0x3e868c8 5
Aweme!0x3e5e8d8 1
Aweme!0x3e71110 1
Aweme!0x3e4f5ec 2
Aweme!0x3e71284 1
Aweme!0x3e8c880 4
Aweme!0x3ea1ac8 1
Aweme!0x3e70b44 8
Aweme!0x3e6057c 2
Aweme!0x3e67810 57
Aweme!0x3e51918 8
Aweme!0x3e61858 1
Aweme!0x3ecb134 1
Aweme!0x3e8a0a0 1
Aweme!0x3eac818 1
Aweme!0x3ecaf64 1
Aweme!0x3ecfd58 1
Aweme!0x3e711cc 2
Aweme!0x3eda368 1
Aweme!0x3ecf3ec 2
Aweme!0x3e523fc 7
Aweme!0x3e710b8 2
Aweme!0x3e7ce58 4
Aweme!0x3e5205c 11
Aweme!0x3eca540 4
Aweme!0x3ecf504 1
Aweme!0x3ed7104 4
Aweme!0x3e872f4 2
Aweme!0x3ea6180 1
Aweme!0x3ed3304 1
Aweme!0x3ed32a8 3
Aweme!0x3e870c8 2
Aweme!0x3ea0f90 1
Aweme!0x3e51fa4 6
Aweme!0x3e70c60 1
Aweme!0x3eda3c8 4
Aweme!0x3eda028 1
Aweme!0x3ea8d04 7
Aweme!0x3e5e93c 2
Aweme!0x3e712e8 2
Aweme!0x3ee4520 2
Aweme!0x3eac8d8 1
Aweme!0x3e618bc 2
Aweme!0x3ea7e84 1
Aweme!0x3e7128c 6
Aweme!0x775e39c 7
Aweme!0x3e86de4 1
Aweme!0x3e70d1c 2
Aweme!0x3e71400 1
Aweme!0x775b534 2
Aweme!0x3ecaa58 11
Aweme!0x3e70920 1
Aweme!0x3ed9eb8 4
Aweme!0x3e713a4 1
Aweme!0x3e67b00 2
Aweme!0x3ea12d8 1
Aweme!0x775e7f8 1
Aweme!0x3eca9a0 3
Aweme!0x3e58b58 253
Aweme!0x3e7111c 2
Aweme!0x3e93da8 2
Aweme!0x3e70d7c 2
Aweme!0x3e5c5b8 1
Aweme!0x3e520c0 3
Aweme!0x3e70980 29
Aweme!0x3e8a108 1
Aweme!0x3eda5fc 1
Aweme!0x3e70af4 21
Aweme!0x3e8c7d4 2
Aweme!0x3e4e71c 4
Aweme!0x3ecfd64 1
Aweme!0x3ea8d0c 275
Aweme!0x3eca9a4 4
Aweme!0x3eca604 3
Aweme!0x3ed31f8 2
Aweme!0x3ed3028 814
Aweme!0x3ee49e0 1
Aweme!0x3ecb1fc 1
Aweme!0x3e71464 1
Aweme!0x3ecb02c 2
Aweme!0x3e71294 2
Aweme!0x3e86dec 1
Aweme!0x3ea7a90 8
Aweme!0x3e67bc0 2
Aweme!0x3ea8c54 6
Aweme!0x3e5c8a4 1
Aweme!0x3e87300 4
Aweme!0x775e348 7
Aweme!0x3ea0a88 1
Aweme!0x3ed32b4 2
Aweme!0x3e4e1b0 6
Aweme!0x3e5bd68 4
Aweme!0x3ea1680 3
Aweme!0x3e716f0 8
Aweme!0x3e5c61c 2
Aweme!0x3e70c10 3
Aweme!0x3e84b20 1
Aweme!0x775e7a4 255
Aweme!0x3ede85c 3
Aweme!0x775cb00 1
Aweme!0x775e918 1
Aweme!0x3ea61ec 22
Aweme!0x3ea1228 1
Aweme!0x3e808c8 1
Aweme!0x3e6047c 1
Aweme!0x3e711e0 1
Aweme!0x3e713b0 3
Aweme!0x3ed325c 5
Aweme!0x775e804 4
Aweme!0x3e71698 10
Aweme!0x3e853d8 30
Aweme!0x3e71128 1
Aweme!0x3e712f8 1
Aweme!0x3ecb260 6
Aweme!0x3e7bed4 1
Aweme!0x3e85208 9
Aweme!0x3ea61f0 2
Aweme!0x3e7129c 1
Aweme!0x3e86df4 9
Aweme!0x3e70b5c 21
Aweme!0x3ea2ad4 2
Aweme!0x3e71240 2
Aweme!0x3e4e728 3
Aweme!0x3ed9ec8 3
Aweme!0x3e51534 8
Aweme!0x3e70c74 1
Aweme!0x3ea1858 37
Aweme!0x3ecf460 1
Aweme!0x3ecc428 1
Aweme!0x3edb1a4 1
Aweme!0x3e83398 1
Aweme!0x3e70d30 1
Aweme!0x3ed9d58 5
Aweme!0x3e5cbf4 1
Aweme!0x3e711e8 1
Aweme!0x3ea8ba8 55
Aweme!0x3eda3e0 7
Aweme!0x3ec92dc 1
Aweme!0x3e87254 7
Aweme!0x3e7118c 2
Aweme!0x3e8a060 3
Aweme!0x3ea8d1c 1
Aweme!0x3ea1630 2
Aweme!0x3e71300 1
Aweme!0x3ea8cc0 3
Aweme!0x3ed3264 257
Aweme!0x3e86fcc 4
Aweme!0x3e8a230 2
Aweme!0x3e87d94 2
Aweme!0x3e4e730 2
Aweme!0x3ecaa14 6
Aweme!0x3edb264 1
Aweme!0x3eca8a0 1
Aweme!0x3ee1390 1
Aweme!0x3ed32c4 2
Aweme!0x3e7019c 1
Aweme!0x3e52134 5
Aweme!0x3e8a290 2
Aweme!0x3e8a1d8 1
Aweme!0x3e70140 1
Aweme!0x3e88020 1
Aweme!0x3e70d94 1
Aweme!0x3e872b0 13
Aweme!0x3e58b14 253
Aweme!0x3e67890 4
Aweme!0x3ed31b0 1
Aweme!0x3ed3150 41
Aweme!0x3e713bc 1
Aweme!0x3e617bc 1
On receive  16384
Error happenError: unable to find module containing 0x1232c025c
Error happenError: unable to find module containing 0x123242984
Error happenError: unable to find module containing 0x123242994
call: Aweme!0x3ecb52c Aweme!0x775e390@DYLD-STUB$$objc_retain
call: Foundation!0x715c libobjc.A.dylib!0x47e8@object_getClass
call: Foundation!0x71cc CoreFoundation!0xaae2c@_CFNonObjCRetain
call: Aweme!0x3ecb538 Aweme!0x775e390@DYLD-STUB$$objc_retain
call: Aweme!0x3ecb554 Aweme!0x775e348@DYLD-STUB$$objc_msgSend
call: Foundation!0x40150 libobjc.A.dylib!0x2080@objc_msgSend
call: Foundation!0x732c libobjc.A.dylib!0x47e8@object_getClass
call: Foundation!0x40180 CoreFoundation!0xf2138@CFURLCopyAbsoluteURL
call: CoreFoundation!0xf2164 CoreFoundation!0xabff8@CFGetAllocator
call: CoreFoundation!0xf2234 CoreFoundation!0x2af0@CFRetain
call: Foundation!0x4018c CoreFoundation!0xf1b04@CFURLGetString
call: Foundation!0x40190 libobjc.A.dylib!0x20010@objc_retain
call: CoreFoundation!0x6bec CoreFoundation!0xaae2c@_CFNonObjCRetain
call: Foundation!0x40194 libobjc.A.dylib!0x20080@objc_autorelease
call: Foundation!0x401a0 CoreFoundation!0x2694@CFRelease
call: Aweme!0x3ecb558 Aweme!0x3ecb9c4@0x3ecb9c4
call: CoreFoundation!0x6bec CoreFoundation!0xaae2c@_CFNonObjCRetain
call: Aweme!0x3ecb570 Aweme!0x775e348@DYLD-STUB$$objc_msgSend
call: Aweme!0x3ecb58c Aweme!0x3ecb9dc@0x3ecb9dc
call: libc++abi.dylib!0xee0 libc++abi.dylib!0x10e54@DYLD-STUB$$malloc
call: libsystem_malloc.dylib!0x10160 libsystem_malloc.dylib!0xf6b8@malloc_zone_malloc
call: libsystem_malloc.dylib!0xf750 libsystem_malloc.dylib!0x11d64@default_zone_malloc
call: libsystem_malloc.dylib!0xecc libsystem_malloc.dylib!0xf20@nanov2_allocate$VARIANT$mp
call: libsystem_malloc.dylib!0xf98 libsystem_malloc.dylib!0x1b18@nanov2_allocate_from_block$VARIANT$mp
call: Aweme!0x3ecb598 Aweme!0x775e39c@DYLD-STUB$$objc_retainAutorelease
call: libobjc.A.dylib!0x218c4 libobjc.A.dylib!0x20010@objc_retain
call: CoreFoundation!0x6bec CoreFoundation!0xaae2c@_CFNonObjCRetain
call: Aweme!0x3ecb5a4 Aweme!0x3ecb9e4@0x3ecb9e4
call: CoreFoundation!0x6980 CoreFoundation!0xc7c40@__CFStringMtbl
call: CoreFoundation!0x69b4 CoreFoundation!0xcf3e4@CFStringGetCStringPtr
call: Aweme!0x3ecb5b0 Aweme!0x3eca930@0x3eca930
call: Aweme!0x3eca8d4 Aweme!0x3ecb180@0x3ecb180
call: Aweme!0x3eca8e8 Aweme!0x775dfd0@DYLD-STUB$$malloc
call: libsystem_malloc.dylib!0x10160 libsystem_malloc.dylib!0xf6b8@malloc_zone_malloc
call: libsystem_malloc.dylib!0xf750 libsystem_malloc.dylib!0x11d64@default_zone_malloc
call: libsystem_malloc.dylib!0x6224 libsystem_malloc.dylib!0x17638@tiny_malloc_should_clear
call: libsystem_malloc.dylib!0x176d0 libsystem_platform.dylib!0x8cf8@DYLD-STUB$$os_unfair_lock_lock_with_options
call: libsystem_malloc.dylib!0x17714 libsystem_malloc.dylib!0x1902c@tiny_malloc_from_free_list
call: libsystem_malloc.dylib!0x19688 libsystem_malloc.dylib!0x15fc8@tiny_free_list_add_ptr
call: libsystem_malloc.dylib!0x19270 libsystem_malloc.dylib!0x17ca8@set_tiny_meta_header_in_use
call: libsystem_malloc.dylib!0x17a4c libsystem_platform.dylib!0x8d1c@DYLD-STUB$$os_unfair_lock_unlock
call: Aweme!0x3eca8f4 Aweme!0x3ecb2a0@0x3ecb2a0
call: Aweme!0x3ecb5bc Aweme!0x3eca340@0x3eca340
call: Aweme!0x3eca35c Aweme!0x3e58b14@0x3e58b14
call: Aweme!0x3e58af4 Aweme!0x3e58a74@0x3e58a74
call: Aweme!0x3e58afc Aweme!0x775e78c@DYLD-STUB$$pthread_mutex_lock
call: Aweme!0x3eca368 Aweme!0x775c5d8@DYLD-STUB$$operator new(unsigned long)
call: libc++abi.dylib!0xee0 libc++abi.dylib!0x10e54@DYLD-STUB$$malloc
call: libsystem_malloc.dylib!0x10160 libsystem_malloc.dylib!0xf6b8@malloc_zone_malloc
call: libsystem_malloc.dylib!0xf750 libsystem_malloc.dylib!0x11d64@default_zone_malloc
call: libsystem_malloc.dylib!0xecc libsystem_malloc.dylib!0xf20@nanov2_allocate$VARIANT$mp
call: libsystem_malloc.dylib!0xf98 libsystem_malloc.dylib!0x1b18@nanov2_allocate_from_block$VARIANT$mp
call: Aweme!0x3eca37c Aweme!0x3e58b58@0x3e58b58
call: Aweme!0x3e58b3c Aweme!0x3e58a74@0x3e58a74
call: Aweme!0x3e58b44 Aweme!0x775e7a4@DYLD-STUB$$pthread_mutex_unlock
call: Aweme!0x3ecb5c4 Aweme!0x3e86ba0@0x3e86ba0
call: Aweme!0x3e86bb0 Aweme!0x3e87334@0x3e87334
call: libc++abi.dylib!0xee0 libc++abi.dylib!0x10e54@DYLD-STUB$$malloc
call: libsystem_malloc.dylib!0x10160 libsystem_malloc.dylib!0xf6b8@malloc_zone_malloc
call: libsystem_malloc.dylib!0xf750 libsystem_malloc.dylib!0x11d64@default_zone_malloc
call: libsystem_malloc.dylib!0xecc libsystem_malloc.dylib!0xf20@nanov2_allocate$VARIANT$mp
call: libsystem_malloc.dylib!0xf98 libsystem_malloc.dylib!0x1b18@nanov2_allocate_from_block$VARIANT$mp
call: Aweme!0x3e86bd8 Aweme!0x3e868f0@0x3e868f0
call: Aweme!0x3e86908 Aweme!0x3e87254@0x3e87254
call: Aweme!0x3e8690c Aweme!0x3ed9d58@0x3ed9d58
call: Aweme!0x3ed9d74 Aweme!0x3ea61ec@0x3ea61ec
call: libsystem_malloc.dylib!0x10160 libsystem_malloc.dylib!0xf6b8@malloc_zone_malloc
call: libsystem_malloc.dylib!0xf750 libsystem_malloc.dylib!0x11d64@default_zone_malloc
call: libsystem_malloc.dylib!0xecc libsystem_malloc.dylib!0xf20@nanov2_allocate$VARIANT$mp
call: libsystem_malloc.dylib!0xf98 libsystem_malloc.dylib!0x1b18@nanov2_allocate_from_block$VARIANT$mp
call: Aweme!0x3ed9d80 Aweme!0x3e516d4@0x3e516d4
call: Aweme!0x3e516e0 Aweme!0x3e520e0@0x3e520e0
call: Aweme!0x3e516e4 Aweme!0x3e51ed8@0x3e51ed8
call: Aweme!0x3e51ee4 Aweme!0x3ea61ec@0x3ea61ec
call: libsystem_malloc.dylib!0x10160 libsystem_malloc.dylib!0xf6b8@malloc_zone_malloc
call: libsystem_malloc.dylib!0xf750 libsystem_malloc.dylib!0x11d64@default_zone_malloc
call: libsystem_malloc.dylib!0xecc libsystem_malloc.dylib!0xf20@nanov2_allocate$VARIANT$mp
call: libsystem_malloc.dylib!0xf98 libsystem_malloc.dylib!0x1b18@nanov2_allocate_from_block$VARIANT$mp
call: Aweme!0x3ed9d84 Aweme!0x3e523f0@0x3e523f0
call: Aweme!0x3e86bdc Aweme!0x3e872dc@0x3e872dc
call: Aweme!0x3e808e4 Aweme!0x3e58b14@0x3e58b14
call: Aweme!0x3e58af4 Aweme!0x3e58a74@0x3e58a74
call: Aweme!0x3e58afc Aweme!0x775e78c@DYLD-STUB$$pthread_mutex_lock
call: Aweme!0x3e808f0 Aweme!0x775c5d8@DYLD-STUB$$operator new(unsigned long)
call: libc++abi.dylib!0xee0 libc++abi.dylib!0x10e54@DYLD-STUB$$malloc
call: libsystem_malloc.dylib!0x10160 libsystem_malloc.dylib!0xf6b8@malloc_zone_malloc
call: libsystem_malloc.dylib!0xf750 libsystem_malloc.dylib!0x11d64@default_zone_malloc
call: libsystem_malloc.dylib!0xecc libsystem_malloc.dylib!0xf20@nanov2_allocate$VARIANT$mp
call: libsystem_malloc.dylib!0xf98 libsystem_malloc.dylib!0x1b18@nanov2_allocate_from_block$VARIANT$mp
call: Aweme!0x3e80904 Aweme!0x3e58b58@0x3e58b58
call: Aweme!0x3e58b3c Aweme!0x3e58a74@0x3e58a74
call: Aweme!0x3e58b44 Aweme!0x775e7a4@DYLD-STUB$$pthread_mutex_unlock
call: Aweme!0x3ecb5e8 Aweme!0x775e390@DYLD-STUB$$objc_retain
call: Aweme!0x3ecb608 Aweme!0x775e348@DYLD-STUB$$objc_msgSend
call: Aweme!0x3ecb64c Aweme!0x3e5bd68@0x3e5bd68
call: Aweme!0x3e5bd80 Aweme!0x3e58b14@0x3e58b14
call: Aweme!0x3e58af4 Aweme!0x3e58a74@0x3e58a74
call: Aweme!0x3e58afc Aweme!0x775e78c@DYLD-STUB$$pthread_mutex_lock
call: Aweme!0x3e5bd8c Aweme!0x3e58b58@0x3e58b58
call: Aweme!0x3e58b3c Aweme!0x3e58a74@0x3e58a74
call: Aweme!0x3e58b44 Aweme!0x775e7a4@DYLD-STUB$$pthread_mutex_unlock
call: Aweme!0x3ecb654 Aweme!0x3ecb9dc@0x3ecb9dc
call: libc++abi.dylib!0xee0 libc++abi.dylib!0x10e54@DYLD-STUB$$malloc
call: libsystem_malloc.dylib!0x10160 libsystem_malloc.dylib!0xf6b8@malloc_zone_malloc
call: libsystem_malloc.dylib!0xf750 libsystem_malloc.dylib!0x11d64@default_zone_malloc
call: libsystem_malloc.dylib!0xecc libsystem_malloc.dylib!0xf20@nanov2_allocate$VARIANT$mp
call: libsystem_malloc.dylib!0xf98 libsystem_malloc.dylib!0x1b18@nanov2_allocate_from_block$VARIANT$mp
call: Aweme!0x3ecb660 Aweme!0x775e39c@DYLD-STUB$$objc_retainAutorelease
call: libobjc.A.dylib!0x218c4 libobjc.A.dylib!0x20010@objc_retain
call: CoreFoundation!0x6bec CoreFoundation!0xaae2c@_CFNonObjCRetain
call: Aweme!0x3ecb668 Aweme!0x3ecb9e4@0x3ecb9e4
call: CoreFoundation!0x6980 CoreFoundation!0xc7c40@__CFStringMtbl
call: CoreFoundation!0x69b4 CoreFoundation!0xcf3e4@CFStringGetCStringPtr
call: Aweme!0x3ecb674 Aweme!0x3eca930@0x3eca930
call: Aweme!0x3eca8d4 Aweme!0x3ecb180@0x3ecb180
call: Aweme!0x3eca8e8 Aweme!0x775dfd0@DYLD-STUB$$malloc
call: libsystem_malloc.dylib!0x10160 libsystem_malloc.dylib!0xf6b8@malloc_zone_malloc
call: libsystem_malloc.dylib!0xf750 libsystem_malloc.dylib!0x11d64@default_zone_malloc
call: libsystem_malloc.dylib!0xecc libsystem_malloc.dylib!0xf20@nanov2_allocate$VARIANT$mp
call: libsystem_malloc.dylib!0xf98 libsystem_malloc.dylib!0x1b18@nanov2_allocate_from_block$VARIANT$mp
call: Aweme!0x3eca8f4 Aweme!0x3ecb2a0@0x3ecb2a0
call: Aweme!0x3ecb678 Aweme!0x3ecb9dc@0x3ecb9dc
call: libc++abi.dylib!0xee0 libc++abi.dylib!0x10e54@DYLD-STUB$$malloc
call: libsystem_malloc.dylib!0x10160 libsystem_malloc.dylib!0xf6b8@malloc_zone_malloc
call: libsystem_malloc.dylib!0xf750 libsystem_malloc.dylib!0x11d64@default_zone_malloc
call: libsystem_malloc.dylib!0xecc libsystem_malloc.dylib!0xf20@nanov2_allocate$VARIANT$mp
call: libsystem_malloc.dylib!0xf98 libsystem_malloc.dylib!0x1b18@nanov2_allocate_from_block$VARIANT$mp
call: Aweme!0x3ecb68c Aweme!0x775e348@DYLD-STUB$$objc_msgSend
call: CoreFoundation!0x463c libobjc.A.dylib!0x2080@objc_msgSend
call: CoreFoundation!0x4680 libobjc.A.dylib!0x2080@objc_msgSend
call: CoreFoundation!0x4228 CoreFoundation!0x2b6c@_CFStringEqual
call: CoreFoundation!0x4680 libobjc.A.dylib!0x2080@objc_msgSend
call: CoreFoundation!0x4228 CoreFoundation!0x2b6c@_CFStringEqual
call: Aweme!0x3ecb690 Aweme!0x3ecb9c4@0x3ecb9c4
call: CoreFoundation!0x6bec CoreFoundation!0xaae2c@_CFNonObjCRetain
call: Aweme!0x3ecb694 Aweme!0x775e39c@DYLD-STUB$$objc_retainAutorelease
call: libobjc.A.dylib!0x218c4 libobjc.A.dylib!0x20010@objc_retain
call: CoreFoundation!0x6bec CoreFoundation!0xaae2c@_CFNonObjCRetain
call: Aweme!0x3ecb69c Aweme!0x3ecb9e4@0x3ecb9e4
call: CoreFoundation!0x6980 CoreFoundation!0xc7c40@__CFStringMtbl
call: CoreFoundation!0x69b4 CoreFoundation!0xcf3e4@CFStringGetCStringPtr
call: Aweme!0x3ecb6a8 Aweme!0x3eca930@0x3eca930
call: Aweme!0x3eca8d4 Aweme!0x3ecb180@0x3ecb180
call: Aweme!0x3eca8e8 Aweme!0x775dfd0@DYLD-STUB$$malloc
call: libsystem_malloc.dylib!0x10160 libsystem_malloc.dylib!0xf6b8@malloc_zone_malloc
call: libsystem_malloc.dylib!0xf750 libsystem_malloc.dylib!0x11d64@default_zone_malloc
call: libsystem_malloc.dylib!0x6224 libsystem_malloc.dylib!0x17638@tiny_malloc_should_clear
call: libsystem_malloc.dylib!0x176d0 libsystem_platform.dylib!0x8cf8@DYLD-STUB$$os_unfair_lock_lock_with_options
call: libsystem_malloc.dylib!0x17714 libsystem_malloc.dylib!0x1902c@tiny_malloc_from_free_list
call: libsystem_malloc.dylib!0x19688 libsystem_malloc.dylib!0x15fc8@tiny_free_list_add_ptr
call: libsystem_malloc.dylib!0x19270 libsystem_malloc.dylib!0x17ca8@set_tiny_meta_header_in_use
call: libsystem_malloc.dylib!0x17a4c libsystem_platform.dylib!0x8d1c@DYLD-STUB$$os_unfair_lock_unlock
call: Aweme!0x3eca8f4 Aweme!0x3ecb2a0@0x3ecb2a0
call: Aweme!0x3ecb6b8 Aweme!0x3e86920@0x3e86920
call: Aweme!0x3e8694c Aweme!0x3ed9ea8@0x3ed9ea8
call: Aweme!0x3e51e10 Aweme!0x3e52080@0x3e52080
call: Aweme!0x3e8695c Aweme!0x3ed9ddc@0x3ed9ddc
call: Aweme!0x3e86970 Aweme!0x3e51f88@0x3e51f88
call: Aweme!0x3e86980 Aweme!0x3e868c8@0x3e868c8
call: Aweme!0x3e868e0 Aweme!0x775c5d8@DYLD-STUB$$operator new(unsigned long)
call: libc++abi.dylib!0xee0 libc++abi.dylib!0x10e54@DYLD-STUB$$malloc
call: libsystem_malloc.dylib!0x10160 libsystem_malloc.dylib!0xf6b8@malloc_zone_malloc
call: libsystem_malloc.dylib!0xf750 libsystem_malloc.dylib!0x11d64@default_zone_malloc
call: libsystem_malloc.dylib!0xecc libsystem_malloc.dylib!0xf20@nanov2_allocate$VARIANT$mp
call: libsystem_malloc.dylib!0xf98 libsystem_malloc.dylib!0x1b18@nanov2_allocate_from_block$VARIANT$mp
call: Aweme!0x3e86990 Aweme!0x3ed9e90@0x3ed9e90
call: Aweme!0x3e51884 Aweme!0x3e52080@0x3e52080
call: Aweme!0x3e518e8 Aweme!0x3e51918@0x3e51918
call: Aweme!0x3e519a0 Aweme!0x3e51ed8@0x3e51ed8
call: Aweme!0x3e51ee4 Aweme!0x3ea61ec@0x3ea61ec
call: libsystem_malloc.dylib!0x10160 libsystem_malloc.dylib!0xf6b8@malloc_zone_malloc
call: libsystem_malloc.dylib!0xf750 libsystem_malloc.dylib!0x11d64@default_zone_malloc
call: libsystem_malloc.dylib!0xecc libsystem_malloc.dylib!0xf20@nanov2_allocate$VARIANT$mp
