AwemeModuleBase:0x1068e74f0
arg1 https://search3-search-lf.amemv.com/aweme/v1/search/item/?caid1=0803bffc8815b9f02c08f48f95c1008c&tma_jssdk_version=2.1.0.2&minor_status=0&ac=WIFI&appTheme=dark&is_vcd=1&keyword=%E7%8E%8B%E4%B8%80%E5%8D%9A&video_cover_shrink=372_496&enter_from=homepage_hot&sort_type=0&backtrace=M7U2PfbCPC7qlX46ow2D73foIbuD7zG%2BTODCT48wHI74oC1dlQVm4omXMt%2BkHUSKjMf5EJvWyjt3jVKDb%2FBylQ%3D%3D&count=12&is_filter_search=0&user_avatar_shrink=64_64&source=video_search&query_correct_type=1&rs_word_count=5&offset=0&search_source=normal_search&publish_time=0&hot_search=0&aid=1128&app_name=aweme&app_version=14.8.0&build_number=148013&cdid=FEDA96DE-E849-4E15-99C9-66CD61F50ADD&channel=App%20Store&device_id=4169787388733342&device_platform=iphone&device_type=iPhone9,1&idfa=322127EF-8E4E-48E9-98E0-99ACBDC85525&iid=2955926580500413&js_sdk_version=1.99.0.3&mcc_mnc=&openudid=a4cb7b4ade7c5e8e6c90cf8f892aafe6c64c73d1&os_api=18&os_version=13.3.1&screen_width=750&version_code=14.8.0&vid=25AD3C98-7CA5-4B2E-9B39-9BAEFC31BBD2
arg2 {
    "User-Agent" = "Aweme 14.8.0 rv:148013 (iPhone; iOS 13.3.1; zh_CN) Cronet";
    "x-common-params-v2" = "aid=1128&app_name=aweme&app_version=14.8.0&build_number=148013&cdid=FEDA96DE-E849-4E15-99C9-66CD61F50ADD&channel=App%20Store&device_id=4169787388733342&device_platform=iphone&device_type=iPhone9,1&idfa=322127EF-8E4E-48E9-98E0-99ACBDC85525&iid=2955926580500413&js_sdk_version=1.99.0.3&mcc_mnc=&openudid=a4cb7b4ade7c5e8e6c90cf8f892aafe6c64c73d1&os_api=18&os_version=13.3.1&screen_width=750&version_code=14.8.0&vid=25AD3C98-7CA5-4B2E-9B39-9BAEFC31BBD2";
    "x-tt-token" = "003c4774314c4f83d0177a0ae886f5a6f50056cb8fc53fa60c3b0bf88596c762fc922f46798e27276d911e99fde0203a46a8df6837c3279998eaaccf63df5e59c34fb9458bd8d9b17fd1ecf392c2a6fc08649f8411f4295761fc95f3fe46affde27ce-1.0.1";
}
call Aweme!0x3e523dc
,	Aweme!0x3e523dc this.args0 0x283d30f30             0  1  2  3  4  5  6  7  8  9  A  B  C  D  E  F  0123456789ABCDEF
283d30f30  00 00 00 00 00 00 00 00 00 00 00 00 00 00 00 00  ................
283d30f40  30 0f d3 83 02 00 00 00 30 0f d3 83 02 00 00 00  0.......0.......
283d30f50  00 00 00 00 00 00 00 00 00 00 00 00 00 00 00 00  ................
283d30f60  f0 f0 a9 e5 01 00 00 00 02 00 00 41 00 00 00 00  ...........A....
283d30f70  bc 52 0b 9d 01 00 00 00 28 8e a3 da 01 00 00 00  .R......(.......
283d30f80  00 37 d5 81 02 00 00 00 91 00 00 00 02 00 00 00  .7..............
283d30f90  00 00 00 00 00 00 00 00 80 10 d3 83 02 00 00 00  ................
283d30fa0  00 00 00 00 00 00 00 00 00 00 00 00 00 00 00 00  ................
283d30fb0  b0 7f 1c 83 02 00 00 00 00 00 00 00 00 00 00 00  ................
283d30fc0  00 00 00 00 00 00 00 00 00 00 00 00 00 00 00 00  ................
283d30fd0  f8 3a 1d 48 01 00 00 00 01 35 33 35 30 39 39 36  .:.H.....5350996
283d30fe0  07 00 00 00 00 00 00 00 00 9b 28 83 02 00 00 00  ..........(.....
283d30ff0  28 00 00 00 00 00 00 00 02 00 00 00 00 00 00 00  (...............
283d31000  98 39 d3 83 02 00 00 00 00 00 00 00 00 00 00 00  .9..............
283d31010  04 00 00 00 00 00 00 00 00 00 00 00 00 00 00 00  ................
283d31020  e0 d6 f9 83 02 00 00 00 70 c3 4c f5 6e 83 08 79  ........p.L.n..y
283d31030  2f 70 36 2e 64 6f 75 79 69 6e 70 69 63 2e 63 6f  /p6.douyinpic.co
283d31040  6d 3a 34 34 33 00 00 15 00 58 bf 82 02 00 00 00  m:443....X......
283d31050  f0 f0 a9 e5 01 00 00 00 02 00 00 41 00 00 00 00  ...........A....
283d31060  4c 99 9d a3 01 00 00 00 68 d2 99 db 01 00 00 00  L.......h.......
283d31070  70 91 f8 83 02 00 00 00 80 67 d6 81 02 00 00 00  p........g......
283d31080  01 00 00 00 00 00 00 00 20 65 d4 83 02 00 00 00  ........ e......
283d31090  90 0f d3 83 02 00 00 00 40 1d d3 83 02 00 00 00  ........@.......
283d310a0  00 7f 1c 83 02 00 00 00 03 00 00 00 00 00 00 00  ................
283d310b0  b0 10 3d f7 a0 ef 00 00 38 01 60 00 00 00 00 00  ..=.....8.`.....
283d310c0  1b 6c 66 36 2d 67 65 63 6b 6f 63 64 6e 2d 74 6f  .lf6-geckocdn-to
283d310d0  73 2e 70 73 74 61 74 70 2e 63 6f 6d 00 00 00 00  s.pstatp.com....
283d310e0  e0 10 3d f7 a0 ef 00 00 5d 00 00 00 00 00 00 00  ..=.....].......
283d310f0  00 00 00 00 00 00 00 00 00 00 00 00 00 00 00 00  ................
283d31100  03 00 00 00 00 00 00 00 00 00 00 00 00 00 00 00  ................
283d31110  32 30 32 31 30 34 31 32 31 34 32 33 30 37 30 31  2021041214230701
283d31120  30 31 35 30 31 30 37 31 30 32 31 39 30 42 43 38  0150107102190BC8
283d31130  34 45 00 81 02 00 00 00 45 00 47 00 2d 00 34 00  4E......E.G.-.4.
283d31140  40 11 3d f7 a0 ef 00 00 a8 00 60 00 00 00 00 00  @.=.......`.....
283d31150  16 61 64 5f 6c 61 6e 64 69 6e 67 5f 70 61 67 65  .ad_landing_page
283d31160  5f 63 6f 6e 66 69 67 00 00 00 00 00 00 00 00 00  _config.........
283d31170  d1 19 aa e5 a1 01 00 00 80 14 00 00 01 00 00 00  ................
283d31180  00 6a 0e 00 00 00 00 00 00 6a 0e 00 00 00 00 00  .j.......j......
283d31190  f0 15 8e 80 02 00 00 00 20 00 22 21 01 00 00 00  ........ ."!....
283d311a0  a0 11 3d f7 a0 ef 00 00 a3 00 60 00 00 00 00 00  ..=.......`.....
283d311b0  00 31 18 83 02 00 00 00 02 00 00 00 00 00 00 00  .1..............
283d311c0  18 79 a3 da 01 00 00 00 00 00 00 00 00 00 00 00  .y..............
283d311d0  19 18 aa e5 a1 01 00 00 8c 07 00 00 03 00 00 00  ................
283d311e0  16 63 61 63 68 65 50 4f 49 45 78 74 65 6e 64 49  .cachePOIExtendI
283d311f0  74 65 6d 44 69 63 74 00 00 00 00 00 00 00 00 00  temDict.........
283d31200  19 18 aa e5 a1 01 00 00 8c 07 00 00 03 00 00 00  ................
283d31210  13 63 61 63 68 65 50 4f 49 43 6f 6d 6d 65 6e 74  .cachePOIComment
283d31220  49 6e 66 6f 00 00 00 00 00 00 00 00 00 00 00 00  Info............
283d31230  19 18 aa e5 a1 01 00 00 90 07 00 00 19 00 00 00  ................
283d31240  06 00 00 00 00 00 00 00 62 5f b6 72 fe 56 42 5c  ........b_.r.VB\
283d31250  20 00 32 00 00 00 00 00 00 00 00 00 00 00 00 00   .2.............
283d31260  00 00 00 00 00 00 00 00 60 12 d3 83 02 00 00 00  ........`.......
283d31270  04 00 00 33 30 00 00 00 48 f8 76 03 01 00 00 00  ...30...H.v.....
283d31280  58 f8 76 03 01 00 00 00 00 00 00 00 00 00 00 00  X.v.............
283d31290  f0 f0 a9 e5 01 00 00 00 02 00 00 41 00 00 00 00  ...........A....
283d312a0  5c 52 0b 9d 01 00 00 00 08 8e a3 da 01 00 00 00  \R..............
283d312b0  a0 ac 86 81 02 00 00 00 00 37 d5 81 02 00 00 00  .........7......
283d312c0  71 33 aa e5 a1 01 00 00 03 00 00 00 00 00 00 00  q3..............
283d312d0  68 e4 54 01 6f d6 94 af 68 e4 54 01 6f d6 94 af  h.T.o...h.T.o...
283d312e0  68 e4 54 01 6f d6 94 af 00 00 00 00 00 00 00 00  h.T.o...........
283d312f0  f0 12 3d f7 a0 ef 00 00 42 00 60 00 00 00 00 00  ..=.....B.`.....
283d31300  20 2c 18 83 02 00 00 00 01 00 00 00 00 00 00 00   ,..............
283d31310  18 79 a3 da 01 00 00 00 00 00 00 00 00 00 00 00  .y..............
283d31320  20 13 3d f7 a0 ef 00 00 9e 00 60 00 00 00 00 00   .=.......`.....

,	Aweme!0x3e523dc this.args1 0xefa0f73d0f30 0xefa0f73d0f30

,	Aweme!0x3e523dc this.args2 0x2 0x2

,	Aweme!0x3e523dc this.args3 0x2831c56a5             0  1  2  3  4  5  6  7  8  9  A  B  C  D  E  F  0123456789ABCDEF
2831c56a5  00 00 00 cf 03 00 00 00 00 00 00 02 00 00 00 01  ................
2831c56b5  00 00 00 6f 01 00 00 00 00 00 00 c0 56 f2 f7 a0  ...o........V...
2831c56c5  ef 00 00 67 01 00 00 00 00 00 00 d0 56 f2 f7 a0  ...g........V...
2831c56d5  ef 00 00 d2 03 00 00 00 00 00 00 02 00 00 00 01  ................
2831c56e5  00 00 00 65 01 00 00 00 00 00 00 61 64 64 50 6c  ...e.......addPl
2831c56f5  61 79 65 72 3a 00 6c 65 73 00 00 61 1b aa e5 a1  ayer:.les..a....
2831c5705  01 00 00 d0 85 d2 83 02 00 00 00 61 1b aa e5 a1  ...........a....
2831c5715  01 00 00 b8 75 b3 e5 01 00 00 00 61 1b aa e5 a1  ....u......a....
2831c5725  01 00 00 58 76 b3 e5 01 00 00 00 61 1b aa e5 a1  ...Xv......a....
2831c5735  01 00 00 a8 76 b3 e5 01 00 00 00 61 1b aa e5 a1  ....v......a....
2831c5745  01 00 00 38 73 b3 e5 01 00 00 00 00 00 00 00 00  ...8s...........
2831c5755  00 00 00 75 01 00 00 00 00 00 00 d0 be a5 da 01  ...u............
2831c5765  00 00 00 7e 04 a2 54 5a d3 94 bf 3e c4 83 67 2c  ...~..TZ...>..g,
2831c5775  d5 94 bf 00 00 00 00 00 00 00 00 63 47 94 33 3b  ...........cG.3;
2831c5785  bb 94 bf 00 00 00 00 00 00 00 00 21 55 b2 e5 a1  ...........!U...
2831c5795  41 03 00 80 34 24 83 02 00 00 00 e0 ac 3e 83 02  A...4$.......>..
2831c57a5  00 00 00 00 00 00 00 00 00 00 00 c0 ac 3e 83 02  .............>..
2831c57b5  00 00 00 00 00 00 00 00 00 00 00 ad 34 1f 0c a1  ............4...
2831c57c5  05 00 00 a0 ac 3e 83 02 00 00 00 01 7a 1d 0c a1  .....>......z...
2831c57d5  01 00 00 00 00 00 00 00 00 00 00 d1 77 1d 0c a1  ............w...
2831c57e5  01 00 00 00 00 00 00 00 00 00 00 41 4a 1c 0c a1  ...........AJ...
2831c57f5  01 00 00 00 00 00 00 00 00 00 00 d9 ad 1b 0c a1  ................
2831c5805  01 00 00 00 00 00 00 00 00 00 00 9d 94 1a 0c a1  ................
2831c5815  25 00 00 00 00 00 00 00 00 00 00 bb 1f 1a 0c a1  %...............
2831c5825  21 00 00 00 00 00 00 00 00 00 00 a1 33 19 0c a1  !...........3...
2831c5835  01 00 00 00 00 00 00 00 00 00 00 81 bd 18 0c a1  ................
2831c5845  01 00 00 01 00 00 00 00 00 00 00 b1 ba 18 0c a1  ................
2831c5855  01 00 00 00 00 00 00 00 00 00 00 d5 54 18 0c a1  ............T...
2831c5865  01 00 00 00 00 00 00 00 00 00 00 d1 22 18 0c a1  ............"...
2831c5875  01 00 00 00 00 00 00 00 00 00 00 91 ae 17 0c a1  ................
2831c5885  01 00 00 00 00 00 00 00 00 00 00 f1 fe 16 0c a1  ................
2831c5895  01 00 00 00 00 00 00 00 00 00 00 c9 f4 16 0c a1  ................
2831c58a5  01 00 00 00 00 00 00 00 00 00 00 49 de 16 0c a1  ...........I....
2831c58b5  01 00 00 00 00 00 00 00 00 00 00 35 bb 15 0c a1  ...........5....
2831c58c5  05 00 00 00 00 00 00 00 00 00 00 4d b7 15 0c a1  ...........M....
2831c58d5  05 00 00 00 00 00 00 00 00 00 00 c1 86 14 0c a1  ................
2831c58e5  01 00 00 00 00 00 00 00 00 00 00 b1 d3 04 0c a1  ................
2831c58f5  01 00 00 00 00 00 00 00 00 00 00 f1 00 15 0c a1  ................
2831c5905  01 00 00 00 00 00 00 00 00 00 00 81 a4 04 0c a1  ................
2831c5915  01 00 00 00 00 00 00 00 00 00 00 bd 33 1f 0c a1  ............3...
2831c5925  05 00 00 c0 30 da 83 02 00 00 00 61 1b aa e5 a1  ....0......a....
2831c5935  01 00 00 e0 4a 1c 83 02 00 00 00 61 1b aa e5 a1  ....J......a....
2831c5945  01 00 00 00 3d dc 81 02 00 00 00 61 1b aa e5 a1  ....=......a....
2831c5955  01 00 00 80 a3 aa e5 01 00 00 00 61 1b aa e5 a1  ...........a....
2831c5965  01 00 00 e0 4a 1c 83 02 00 00 00 61 1b aa e5 a1  ....J......a....
2831c5975  01 00 00 e0 4a 1c 83 02 00 00 00 61 1b aa e5 a1  ....J......a....
2831c5985  01 00 00 00 3d dc 81 02 00 00 00 00 00 00 00 00  ....=...........
2831c5995  00 01 00 00 00 00 00 00 00 00 00 61 1b aa e5 a1  ...........a....
2831c59a5  01 00 00 e0 4a 1c 83 02 00 00 00 61 1b aa e5 a1  ....J......a....
2831c59b5  01 00 00 18 c0 aa e5 01 00 00 00 61 1b aa e5 a1  ...........a....
2831c59c5  01 00 00 e0 4a 1c 83 02 00 00 00 61 1b aa e5 a1  ....J......a....
2831c59d5  01 00 00 e0 4a 1c 83 02 00 00 00 76 40 3f 40 22  ....J......v@?@"
2831c59e5  4e 53 41 72 72 61 79 22 00 00 00 61 1b aa e5 a1  NSArray"...a....
2831c59f5  01 00 00 e0 4a 1c 83 02 00 00 00 76 40 3f 00 00  ....J......v@?..
2831c5a05  00 00 00 a0 01 00 00 00 00 00 00 61 1b aa e5 a1  ...........a....
2831c5a15  01 00 00 e0 4a 1c 83 02 00 00 00 61 1b aa e5 a1  ....J......a....
2831c5a25  01 00 00 e0 4a 1c 83 02 00 00 00 76 40 3f 40 22  ....J......v@?@"
2831c5a35  4e 53 53 74 72 69 6e 67 22 00 00 25 05 ad e5 a1  NSString"..%....
2831c5a45  01 00 00 00 4e 38 83 02 00 00 00 c1 74 6d e3 a1  ....N8......tm..
2831c5a55  05 00 00 00 00 00 00 00 00 00 00 89 4c b2 e5 a1  ............L...
2831c5a65  01 00 00 00 00 00 00 00 00 00 00 7d cf ad e5 a1  ...........}....
2831c5a75  01 00 00 00 00 00 00 00 00 00 00 80 a0 0c 81 02  ................
2831c5a85  00 00 00 80 d9 dc 83 02 00 00 00 20 05 1e 83 02  ........... ....
2831c5a95  00 00 00 60 56 1e 83 02 00 00 00 c5 2a 51 e3 a1  ...`V.......*Q..

,	Aweme!0x3e523dc this.args4 0x9cdd4d65 0x9cdd4d65

,	Aweme!0x3e523dc this.args0 onLeave 0x283d30f30             0  1  2  3  4  5  6  7  8  9  A  B  C  D  E  F  0123456789ABCDEF
283d30f30  00 00 00 00 00 00 00 00 00 00 00 00 00 00 00 00  ................
283d30f40  30 0f d3 83 02 00 00 00 30 0f d3 83 02 00 00 00  0.......0.......
283d30f50  00 00 00 00 00 00 00 00 00 00 00 00 00 00 00 00  ................
283d30f60  f0 f0 a9 e5 01 00 00 00 02 00 00 41 00 00 00 00  ...........A....
283d30f70  bc 52 0b 9d 01 00 00 00 28 8e a3 da 01 00 00 00  .R......(.......
283d30f80  00 37 d5 81 02 00 00 00 91 00 00 00 02 00 00 00  .7..............
283d30f90  00 00 00 00 00 00 00 00 80 10 d3 83 02 00 00 00  ................
283d30fa0  00 00 00 00 00 00 00 00 00 00 00 00 00 00 00 00  ................
283d30fb0  b0 7f 1c 83 02 00 00 00 00 00 00 00 00 00 00 00  ................
283d30fc0  00 00 00 00 00 00 00 00 00 00 00 00 00 00 00 00  ................
283d30fd0  f8 3a 1d 48 01 00 00 00 01 35 33 35 30 39 39 36  .:.H.....5350996
283d30fe0  07 00 00 00 00 00 00 00 00 9b 28 83 02 00 00 00  ..........(.....
283d30ff0  28 00 00 00 00 00 00 00 02 00 00 00 00 00 00 00  (...............
283d31000  98 39 d3 83 02 00 00 00 00 00 00 00 00 00 00 00  .9..............
283d31010  04 00 00 00 00 00 00 00 00 00 00 00 00 00 00 00  ................
283d31020  e0 d6 f9 83 02 00 00 00 70 c3 4c f5 6e 83 08 79  ........p.L.n..y
283d31030  2f 70 36 2e 64 6f 75 79 69 6e 70 69 63 2e 63 6f  /p6.douyinpic.co
283d31040  6d 3a 34 34 33 00 00 15 00 58 bf 82 02 00 00 00  m:443....X......
283d31050  f0 f0 a9 e5 01 00 00 00 02 00 00 41 00 00 00 00  ...........A....
283d31060  4c 99 9d a3 01 00 00 00 68 d2 99 db 01 00 00 00  L.......h.......
283d31070  70 91 f8 83 02 00 00 00 80 67 d6 81 02 00 00 00  p........g......
283d31080  01 00 00 00 00 00 00 00 20 65 d4 83 02 00 00 00  ........ e......
283d31090  90 0f d3 83 02 00 00 00 40 1d d3 83 02 00 00 00  ........@.......
283d310a0  00 7f 1c 83 02 00 00 00 03 00 00 00 00 00 00 00  ................
283d310b0  b0 10 3d f7 a0 ef 00 00 38 01 60 00 00 00 00 00  ..=.....8.`.....
283d310c0  1b 6c 66 36 2d 67 65 63 6b 6f 63 64 6e 2d 74 6f  .lf6-geckocdn-to
283d310d0  73 2e 70 73 74 61 74 70 2e 63 6f 6d 00 00 00 00  s.pstatp.com....
283d310e0  e0 10 3d f7 a0 ef 00 00 5d 00 00 00 00 00 00 00  ..=.....].......
283d310f0  00 00 00 00 00 00 00 00 00 00 00 00 00 00 00 00  ................
283d31100  03 00 00 00 00 00 00 00 00 00 00 00 00 00 00 00  ................
283d31110  32 30 32 31 30 34 31 32 31 34 32 33 30 37 30 31  2021041214230701
283d31120  30 31 35 30 31 30 37 31 30 32 31 39 30 42 43 38  0150107102190BC8
283d31130  34 45 00 81 02 00 00 00 45 00 47 00 2d 00 34 00  4E......E.G.-.4.
283d31140  40 11 3d f7 a0 ef 00 00 a8 00 60 00 00 00 00 00  @.=.......`.....
283d31150  16 61 64 5f 6c 61 6e 64 69 6e 67 5f 70 61 67 65  .ad_landing_page
283d31160  5f 63 6f 6e 66 69 67 00 00 00 00 00 00 00 00 00  _config.........
283d31170  d1 19 aa e5 a1 01 00 00 80 14 00 00 01 00 00 00  ................
283d31180  00 6a 0e 00 00 00 00 00 00 6a 0e 00 00 00 00 00  .j.......j......
283d31190  f0 15 8e 80 02 00 00 00 20 00 22 21 01 00 00 00  ........ ."!....
283d311a0  a0 11 3d f7 a0 ef 00 00 a3 00 60 00 00 00 00 00  ..=.......`.....
283d311b0  00 31 18 83 02 00 00 00 02 00 00 00 00 00 00 00  .1..............
283d311c0  18 79 a3 da 01 00 00 00 00 00 00 00 00 00 00 00  .y..............
283d311d0  19 18 aa e5 a1 01 00 00 8c 07 00 00 03 00 00 00  ................
283d311e0  16 63 61 63 68 65 50 4f 49 45 78 74 65 6e 64 49  .cachePOIExtendI
283d311f0  74 65 6d 44 69 63 74 00 00 00 00 00 00 00 00 00  temDict.........
283d31200  19 18 aa e5 a1 01 00 00 8c 07 00 00 03 00 00 00  ................
283d31210  13 63 61 63 68 65 50 4f 49 43 6f 6d 6d 65 6e 74  .cachePOIComment
283d31220  49 6e 66 6f 00 00 00 00 00 00 00 00 00 00 00 00  Info............
283d31230  19 18 aa e5 a1 01 00 00 90 07 00 00 19 00 00 00  ................
283d31240  06 00 00 00 00 00 00 00 62 5f b6 72 fe 56 42 5c  ........b_.r.VB\
283d31250  20 00 32 00 00 00 00 00 00 00 00 00 00 00 00 00   .2.............
283d31260  00 00 00 00 00 00 00 00 60 12 d3 83 02 00 00 00  ........`.......
283d31270  04 00 00 33 30 00 00 00 48 f8 76 03 01 00 00 00  ...30...H.v.....
283d31280  58 f8 76 03 01 00 00 00 00 00 00 00 00 00 00 00  X.v.............
283d31290  f0 f0 a9 e5 01 00 00 00 02 00 00 41 00 00 00 00  ...........A....
283d312a0  5c 52 0b 9d 01 00 00 00 08 8e a3 da 01 00 00 00  \R..............
283d312b0  a0 ac 86 81 02 00 00 00 00 37 d5 81 02 00 00 00  .........7......
283d312c0  71 33 aa e5 a1 01 00 00 03 00 00 00 00 00 00 00  q3..............
283d312d0  68 e4 54 01 6f d6 94 af 68 e4 54 01 6f d6 94 af  h.T.o...h.T.o...
283d312e0  68 e4 54 01 6f d6 94 af 00 00 00 00 00 00 00 00  h.T.o...........
283d312f0  f0 12 3d f7 a0 ef 00 00 42 00 60 00 00 00 00 00  ..=.....B.`.....
283d31300  20 2c 18 83 02 00 00 00 01 00 00 00 00 00 00 00   ,..............
283d31310  18 79 a3 da 01 00 00 00 00 00 00 00 00 00 00 00  .y..............
283d31320  20 13 3d f7 a0 ef 00 00 9e 00 60 00 00 00 00 00   .=.......`.....

,	Aweme!0x3e523dc this.args1 onLeave 0xefa0f73d0f30 0xefa0f73d0f30

,	Aweme!0x3e523dc this.args2 onLeave 0x2 0x2

,	Aweme!0x3e523dc this.args3 onLeave 0x2831c56a5             0  1  2  3  4  5  6  7  8  9  A  B  C  D  E  F  0123456789ABCDEF
2831c56a5  00 00 00 cf 03 00 00 00 00 00 00 02 00 00 00 01  ................
2831c56b5  00 00 00 6f 01 00 00 00 00 00 00 c0 56 f2 f7 a0  ...o........V...
2831c56c5  ef 00 00 67 01 00 00 00 00 00 00 d0 56 f2 f7 a0  ...g........V...
2831c56d5  ef 00 00 d2 03 00 00 00 00 00 00 02 00 00 00 01  ................
2831c56e5  00 00 00 65 01 00 00 00 00 00 00 61 64 64 50 6c  ...e.......addPl
2831c56f5  61 79 65 72 3a 00 6c 65 73 00 00 61 1b aa e5 a1  ayer:.les..a....
2831c5705  01 00 00 d0 85 d2 83 02 00 00 00 61 1b aa e5 a1  ...........a....
2831c5715  01 00 00 b8 75 b3 e5 01 00 00 00 61 1b aa e5 a1  ....u......a....
2831c5725  01 00 00 58 76 b3 e5 01 00 00 00 61 1b aa e5 a1  ...Xv......a....
2831c5735  01 00 00 a8 76 b3 e5 01 00 00 00 61 1b aa e5 a1  ....v......a....
2831c5745  01 00 00 38 73 b3 e5 01 00 00 00 00 00 00 00 00  ...8s...........
2831c5755  00 00 00 75 01 00 00 00 00 00 00 d0 be a5 da 01  ...u............
2831c5765  00 00 00 7e 04 a2 54 5a d3 94 bf 3e c4 83 67 2c  ...~..TZ...>..g,
2831c5775  d5 94 bf 00 00 00 00 00 00 00 00 63 47 94 33 3b  ...........cG.3;
2831c5785  bb 94 bf 00 00 00 00 00 00 00 00 21 55 b2 e5 a1  ...........!U...
2831c5795  41 03 00 80 34 24 83 02 00 00 00 e0 ac 3e 83 02  A...4$.......>..
2831c57a5  00 00 00 00 00 00 00 00 00 00 00 c0 ac 3e 83 02  .............>..
2831c57b5  00 00 00 00 00 00 00 00 00 00 00 ad 34 1f 0c a1  ............4...
2831c57c5  05 00 00 a0 ac 3e 83 02 00 00 00 01 7a 1d 0c a1  .....>......z...
2831c57d5  01 00 00 00 00 00 00 00 00 00 00 d1 77 1d 0c a1  ............w...
2831c57e5  01 00 00 00 00 00 00 00 00 00 00 41 4a 1c 0c a1  ...........AJ...
2831c57f5  01 00 00 00 00 00 00 00 00 00 00 d9 ad 1b 0c a1  ................
2831c5805  01 00 00 00 00 00 00 00 00 00 00 9d 94 1a 0c a1  ................
2831c5815  25 00 00 00 00 00 00 00 00 00 00 bb 1f 1a 0c a1  %...............
2831c5825  21 00 00 00 00 00 00 00 00 00 00 a1 33 19 0c a1  !...........3...
2831c5835  01 00 00 00 00 00 00 00 00 00 00 81 bd 18 0c a1  ................
2831c5845  01 00 00 01 00 00 00 00 00 00 00 b1 ba 18 0c a1  ................
2831c5855  01 00 00 00 00 00 00 00 00 00 00 d5 54 18 0c a1  ............T...
2831c5865  01 00 00 00 00 00 00 00 00 00 00 d1 22 18 0c a1  ............"...
2831c5875  01 00 00 00 00 00 00 00 00 00 00 91 ae 17 0c a1  ................
2831c5885  01 00 00 00 00 00 00 00 00 00 00 f1 fe 16 0c a1  ................
2831c5895  01 00 00 00 00 00 00 00 00 00 00 c9 f4 16 0c a1  ................
2831c58a5  01 00 00 00 00 00 00 00 00 00 00 49 de 16 0c a1  ...........I....
2831c58b5  01 00 00 00 00 00 00 00 00 00 00 35 bb 15 0c a1  ...........5....
2831c58c5  05 00 00 00 00 00 00 00 00 00 00 4d b7 15 0c a1  ...........M....
2831c58d5  05 00 00 00 00 00 00 00 00 00 00 c1 86 14 0c a1  ................
2831c58e5  01 00 00 00 00 00 00 00 00 00 00 b1 d3 04 0c a1  ................
2831c58f5  01 00 00 00 00 00 00 00 00 00 00 f1 00 15 0c a1  ................
2831c5905  01 00 00 00 00 00 00 00 00 00 00 81 a4 04 0c a1  ................
2831c5915  01 00 00 00 00 00 00 00 00 00 00 bd 33 1f 0c a1  ............3...
2831c5925  05 00 00 c0 30 da 83 02 00 00 00 61 1b aa e5 a1  ....0......a....
2831c5935  01 00 00 e0 4a 1c 83 02 00 00 00 61 1b aa e5 a1  ....J......a....
2831c5945  01 00 00 00 3d dc 81 02 00 00 00 61 1b aa e5 a1  ....=......a....
2831c5955  01 00 00 80 a3 aa e5 01 00 00 00 61 1b aa e5 a1  ...........a....
2831c5965  01 00 00 e0 4a 1c 83 02 00 00 00 61 1b aa e5 a1  ....J......a....
2831c5975  01 00 00 e0 4a 1c 83 02 00 00 00 61 1b aa e5 a1  ....J......a....
2831c5985  01 00 00 00 3d dc 81 02 00 00 00 00 00 00 00 00  ....=...........
2831c5995  00 01 00 00 00 00 00 00 00 00 00 61 1b aa e5 a1  ...........a....
2831c59a5  01 00 00 e0 4a 1c 83 02 00 00 00 61 1b aa e5 a1  ....J......a....
2831c59b5  01 00 00 18 c0 aa e5 01 00 00 00 61 1b aa e5 a1  ...........a....
2831c59c5  01 00 00 e0 4a 1c 83 02 00 00 00 61 1b aa e5 a1  ....J......a....
2831c59d5  01 00 00 e0 4a 1c 83 02 00 00 00 76 40 3f 40 22  ....J......v@?@"
2831c59e5  4e 53 41 72 72 61 79 22 00 00 00 61 1b aa e5 a1  NSArray"...a....
2831c59f5  01 00 00 e0 4a 1c 83 02 00 00 00 76 40 3f 00 00  ....J......v@?..
2831c5a05  00 00 00 a0 01 00 00 00 00 00 00 61 1b aa e5 a1  ...........a....
2831c5a15  01 00 00 e0 4a 1c 83 02 00 00 00 61 1b aa e5 a1  ....J......a....
2831c5a25  01 00 00 e0 4a 1c 83 02 00 00 00 76 40 3f 40 22  ....J......v@?@"
2831c5a35  4e 53 53 74 72 69 6e 67 22 00 00 25 05 ad e5 a1  NSString"..%....
2831c5a45  01 00 00 00 4e 38 83 02 00 00 00 c1 74 6d e3 a1  ....N8......tm..
2831c5a55  05 00 00 00 00 00 00 00 00 00 00 89 4c b2 e5 a1  ............L...
2831c5a65  01 00 00 00 00 00 00 00 00 00 00 7d cf ad e5 a1  ...........}....
2831c5a75  01 00 00 00 00 00 00 00 00 00 00 80 a0 0c 81 02  ................
2831c5a85  00 00 00 80 d9 dc 83 02 00 00 00 20 05 1e 83 02  ........... ....
2831c5a95  00 00 00 60 56 1e 83 02 00 00 00 c5 2a 51 e3 a1  ...`V.......*Q..

,	Aweme!0x3e523dc this.args4 onLeave 0x9cdd4d65 0x9cdd4d65

,retval onLeave: 0x10686e3e8             0  1  2  3  4  5  6  7  8  9  A  B  C  D  E  F  0123456789ABCDEF
10686e3e8  e0 03 01 aa c0 03 5f d6 60 00 00 10 1f 20 03 d5  ......_.`.... ..
10686e3f8  03 00 00 14 20 00 40 f9 c0 03 5f d6 01 00 80 d2  .... .@..._.....
10686e408  c0 03 5f d6 08 00 80 d2 2a 7c 40 93 09 00 80 12  .._.....*|@.....
10686e418  eb 92 03 90 6b 61 26 91 1f 01 0a eb 0a 01 00 54  ....ka&........T
10686e428  0c 68 68 38 2d 1d 00 12 ac 01 0c 4a 6c 59 6c b8  .hh8-......JlYl.
10686e438  89 21 49 4a 08 05 00 91 f8 ff ff 17 e0 03 29 2a  .!IJ..........)*
10686e448  c0 03 5f d6 00 00 00 00 a0 00 00 b4 08 60 40 39  .._..........`@9
10686e458  1f 41 00 71 61 00 00 54 00 10 40 f9 c0 03 5f d6  .A.qa..T..@..._.
10686e468  f3 07 00 14 00 00 00 00 c0 00 00 b4 08 60 40 39  .............`@9
10686e478  1f 21 00 71 61 00 00 54 00 18 40 fd c0 03 5f d6  .!.qa..T..@..._.
10686e488  08 ff ef d2 00 01 67 9e c0 03 5f d6 80 00 00 b4  ......g..._.....
10686e498  08 60 40 39 1f 21 00 71 e0 17 9f 1a c0 03 5f d6  .`@9.!.q......_.
10686e4a8  00 00 00 00 f6 57 bd a9 f4 4f 01 a9 fd 7b 02 a9  .....W...O...{..
10686e4b8  fd 83 00 91 f3 03 00 aa 14 d2 02 d0 13 03 00 b4  ................
10686e4c8  75 02 40 f9 68 1a 40 b9 a8 00 40 37 60 0a 40 f9  u.@.h.@...@7`.@.
10686e4d8  60 00 00 b4 f4 ff ff 97 68 1a 40 b9 c8 00 40 37  `.......h.@...@7
10686e4e8  60 12 40 f9 80 00 00 b4 88 4a 47 f9 00 01 3f d6  `.@......JG...?.
10686e4f8  68 1a 40 b9 a8 00 48 37 60 1e 40 f9 60 00 00 b4  h.@...H7`.@.`...
10686e508  88 4a 47 f9 00 01 3f d6 88 4a 47 f9 e0 03 13 aa  .JG...?..JG.....
10686e518  00 01 3f d6 f3 03 15 aa 53 fd ff b5 fd 7b 42 a9  ..?.....S....{B.
10686e528  f4 4f 41 a9 f6 57 c3 a8 c0 03 5f d6 00 00 00 00  .OA..W...._.....
10686e538  f6 57 bd a9 f4 4f 01 a9 fd 7b 02 a9 fd 83 00 91  .W...O...{......
10686e548  c0 01 00 b4 f3 03 00 aa d0 31 e4 94 15 04 00 91  .........1......
10686e558  08 d2 02 d0 08 45 47 f9 e0 03 15 aa 00 01 3f d6  .....EG.......?.
10686e568  f4 03 00 aa c0 00 00 b4 7a 07 00 94 e2 03 15 aa  ........z.......
10686e578  c0 2e e4 94 02 00 00 14 14 00 80 d2 e0 03 14 aa  ................
10686e588  fd 7b 42 a9 4f 07 00 14 00 00 00 00 00 00 00 00  .{B.O...........
10686e598  00 00 00 00 00 02 00 b4 f6 57 bd a9 f4 4f 01 a9  .........W...O..
10686e5a8  fd 7b 02 a9 fd 83 00 91 f3 03 02 aa 5f 07 00 94  .{.........._...
10686e5b8  b6 31 e4 94 01 04 00 91 e0 03 15 aa e2 03 14 aa  .1..............
10686e5c8  e3 03 13 aa fd 7b 42 a9 f4 4f 41 a9 f6 57 c3 a8  .....{B..OA..W..
10686e5d8  02 00 00 14 c0 03 5f d6 ff 03 02 d1 f8 5f 04 a9  ......_......_..
10686e5e8  f6 57 05 a9 f4 4f 06 a9 fd 7b 07 a9 fd c3 01 91  .W...O...{......
10686e5f8  f3 03 02 aa f4 03 00 aa ff 1b 00 f9 00 e4 00 4f  ...............O
10686e608  e0 83 00 ad e0 03 80 3d b7 e4 02 90 f7 a2 02 91  .......=........
10686e618  ff 7e 00 a9 e0 07 00 b4 c1 07 00 b4 f6 03 03 aa  .~..............
10686e628  f4 07 00 a9 ff 0b 00 f9 00 d2 02 d0 00 20 3a 91  ............. :.
10686e638  00 00 c0 3d e0 0b 80 3d 08 08 40 f9 e8 1b 00 f9  ...=...=..@.....
10686e648  4f 00 00 94 60 06 00 b4 f5 03 00 aa a8 e4 02 90  O...`...........
10686e658  08 21 01 91 09 fd df 88 69 01 00 35 09 00 80 d2  .!......i..5....
10686e668  aa e4 02 90 4a 11 01 91 8b 17 80 52 ec 92 03 90  ....J......R....
10686e678  8c dd 36 91 3f 0d 00 f1 60 00 00 54 20 07 00 94  ..6.?...`..T ...
10686e688  fd ff ff 17 00 00 80 d2 29 00 80 52 09 fd 9f 88  ........)..R....
10686e698  e8 03 40 f9 e8 01 00 b4 e9 0b 40 f9 a9 01 00 b5  ..@.......@.....
10686e6a8  e9 07 40 f9 3f 15 00 f1 23 01 00 54 a1 e4 02 90  ..@.?...#..T....
10686e6b8  21 10 01 91 e0 03 08 aa 62 00 80 52 7c 31 e4 94  !.......b..R|1..
10686e6c8  60 00 00 35 68 00 80 52 e8 0b 00 f9 e0 03 00 91  `..5h..R........
10686e6d8  70 01 00 94 e1 03 00 aa e0 03 15 aa 33 00 00 94  p...........3...
10686e6e8  40 01 00 34 16 04 00 34 e0 03 00 91 69 01 00 94  @..4...4....i...
10686e6f8  e9 a3 40 a9 1f 01 09 eb 82 00 00 54 e9 03 40 f9  ..@........T..@.
10686e708  28 69 68 38 08 03 00 34 e0 03 15 aa 66 ff ff 97  (ih8...4....f...
10686e718  b4 01 00 b4 e9 a3 40 a9 2a 05 00 d1 3f 01 00 f1  ......@.*...?...
10686e728  ea 03 8a 9a 1f 01 09 eb 08 31 8a 9a 73 00 00 b4  .........1..s...
10686e738  89 02 08 8b 69 02 00 f9 15 00 80 d2 f4 22 00 a9  ....i........"..
10686e748  02 00 00 14 15 00 80 d2 e0 03 15 aa fd 7b 47 a9  .............{G.
10686e758  f4 4f 46 a9 f6 57 45 a9 f8 5f 44 a9 ff 03 02 91  .OF..WE.._D.....
10686e768  c0 03 5f d6 33 ff ff b4 e8 0b 40 f9 e9 03 40 f9  .._.3.....@...@.
10686e778  28 01 08 8b 68 02 00 f9 f4 ff ff 17 fd 7b bf a9  (...h........{..
10686e788  fd 03 00 91 08 00 40 f9 00 08 80 52 00 01 3f d6  ......@....R..?.
10686e798  80 00 00 b4 00 e4 00 4f 00 00 01 ad 00 00 00 ad  .......O........
10686e7a8  fd 7b c1 a8 c0 03 5f d6 ff 83 02 d1 fa 67 05 a9  .{...._......g..
10686e7b8  f8 5f 06 a9 f6 57 07 a9 f4 4f 08 a9 fd 7b 09 a9  ._...W...O...{..
10686e7c8  fd 43 02 91 f3 03 01 aa f4 03 00 aa a8 d9 01 f0  .C..............
10686e7d8  08 49 42 f9 08 01 40 f9 e8 27 00 f9 a9 e4 02 90  .IB...@..'......

call Aweme!0x3e523dc
,	Aweme!0x3e523dc this.args0 0x283d610b0             0  1  2  3  4  5  6  7  8  9  A  B  C  D  E  F  0123456789ABCDEF
283d610b0  00 00 00 00 00 00 00 00 00 00 00 00 00 00 00 00  ................
283d610c0  b0 10 d6 83 02 00 00 00 b0 10 d6 83 02 00 00 00  ................
283d610d0  00 00 00 00 00 00 00 00 00 00 00 00 00 00 00 00  ................
283d610e0  90 e6 e9 db 01 00 00 00 00 00 00 00 00 00 00 00  ................
283d610f0  00 00 00 00 00 00 00 00 62 e6 20 80 7f 1e bc bc  ........b. .....
283d61100  00 00 00 00 00 00 00 00 00 00 00 00 00 00 00 00  ................
283d61110  90 e6 e9 db 01 00 00 00 f0 e6 e9 db 01 00 00 00  ................
283d61120  00 00 00 00 00 00 00 00 f2 7a 10 41 38 d2 b0 bc  .........z.A8...
283d61130  f2 7a 10 41 38 d2 b0 bc 00 00 00 00 00 00 00 00  .z.A8...........
283d61140  90 e6 e9 db 01 00 00 00 f0 e6 e9 db 01 00 00 00  ................
283d61150  00 00 00 00 00 00 00 00 3e b6 13 97 99 d0 94 bf  ........>.......
283d61160  3e b6 13 97 99 d0 94 bf 00 00 00 00 00 00 00 00  >...............
283d61170  90 e6 e9 db 01 00 00 00 00 00 00 00 00 00 00 00  ................
283d61180  00 00 00 00 00 00 00 00 c0 05 3b 83 02 00 00 00  ..........;.....
283d61190  00 00 00 00 00 00 00 00 00 00 00 00 00 00 00 00  ................
283d611a0  90 e6 e9 db 01 00 00 00 00 00 00 00 00 00 00 00  ................
283d611b0  00 00 00 00 00 00 00 00 90 58 d6 83 02 00 00 00  .........X......
283d611c0  00 00 00 00 00 00 00 00 00 00 00 00 00 00 00 00  ................
283d611d0  90 e6 e9 db 01 00 00 00 00 00 00 00 00 00 00 00  ................
283d611e0  00 00 00 00 00 00 00 00 0d c6 c3 47 19 80 92 bf  ...........G....
283d611f0  00 00 00 00 00 00 00 00 00 00 00 00 00 00 00 00  ................
283d61200  90 e6 e9 db 01 00 00 00 00 00 00 00 00 00 00 00  ................
283d61210  00 00 00 00 00 00 00 00 30 5b d6 83 02 00 00 00  ........0[......
283d61220  00 00 00 00 00 00 00 00 00 00 00 00 00 00 00 00  ................
283d61230  90 e6 e9 db 01 00 00 00 00 00 00 00 00 00 00 00  ................
283d61240  00 00 00 00 00 00 00 00 e0 06 3b 83 02 00 00 00  ..........;.....
283d61250  00 00 00 00 00 00 00 00 00 00 00 00 00 00 00 00  ................
283d61260  90 e6 e9 db 01 00 00 00 00 00 00 00 00 00 00 00  ................
283d61270  00 00 00 00 00 00 00 00 90 82 a5 da 01 00 00 00  ................
283d61280  00 00 00 00 00 00 00 00 00 00 00 00 00 00 00 00  ................
283d61290  90 e6 e9 db 01 00 00 00 00 00 00 00 00 00 00 00  ................
283d612a0  00 00 00 00 00 00 00 00 20 07 3b 83 02 00 00 00  ........ .;.....
283d612b0  00 00 00 00 00 00 00 00 00 00 00 00 00 00 00 00  ................
283d612c0  90 e6 e9 db 01 00 00 00 00 00 00 00 00 00 00 00  ................
283d612d0  00 00 00 00 00 00 00 00 1d f6 82 57 49 c1 92 bf  ...........WI...
283d612e0  00 00 00 00 00 00 00 00 00 00 00 00 00 00 00 00  ................
283d612f0  90 e6 e9 db 01 00 00 00 b0 e6 e9 db 01 00 00 00  ................
283d61300  00 00 00 00 00 00 00 00 73 c2 9e 03 67 1e 92 bf  ........s...g...
283d61310  73 c2 9e 03 67 1e 92 bf 00 00 00 00 00 00 00 00  s...g...........
283d61320  90 e6 e9 db 01 00 00 00 00 00 00 00 00 00 00 00  ................
283d61330  00 00 00 00 00 00 00 00 71 e4 15 03 55 57 a2 bf  ........q...UW..
283d61340  00 00 00 00 00 00 00 00 00 00 00 00 00 00 00 00  ................
283d61350  90 e6 e9 db 01 00 00 00 00 00 00 00 00 00 00 00  ................
283d61360  00 00 00 00 00 00 00 00 f3 7a f5 19 0d 24 92 bf  .........z...$..
283d61370  00 00 00 00 00 00 00 00 00 00 00 00 00 00 00 00  ................
283d61380  90 e6 e9 db 01 00 00 00 00 00 00 00 00 00 00 00  ................
283d61390  00 00 00 00 00 00 00 00 c0 06 3b 83 02 00 00 00  ..........;.....
283d613a0  00 00 00 00 00 00 00 00 00 00 00 00 00 00 00 00  ................
283d613b0  90 e6 e9 db 01 00 00 00 00 00 00 00 00 00 00 00  ................
283d613c0  00 00 00 00 00 00 00 00 e3 d2 94 13 5f 06 9f bf  ............_...
283d613d0  00 00 00 00 00 00 00 00 00 00 00 00 00 00 00 00  ................
283d613e0  e0 a1 e4 47 01 00 00 00 e0 00 8e 81 02 00 00 00  ...G............
283d613f0  00 00 00 00 00 00 00 00 00 00 00 00 fa ff ff ff  ................
283d61400  00 00 00 00 00 00 00 00 00 00 00 00 00 00 00 00  ................
283d61410  44 4e 4f 43 00 00 00 00 00 00 00 00 00 00 00 80  DNOC............
283d61420  00 00 00 00 00 00 00 00 00 00 00 00 01 00 00 00  ................
283d61430  00 00 00 00 00 00 00 00 00 00 00 00 00 00 00 00  ................
283d61440  d8 62 48 0a 01 00 00 00 68 14 d6 83 02 00 00 00  .bH.....h.......
283d61450  f0 68 08 81 02 00 00 00 68 f6 86 05 01 00 00 00  .h......h.......
283d61460  00 00 00 00 00 00 00 00 66 74 73 35 00 00 00 00  ........fts5....
283d61470  40 5f 48 0a 01 00 00 00 98 14 d6 83 02 00 00 00  @_H.............
283d61480  00 00 00 00 00 00 00 00 00 00 00 00 00 00 00 00  ................
283d61490  00 00 00 00 00 00 00 00 66 74 73 34 61 75 78 00  ........fts4aux.
283d614a0  00 00 00 00 00 00 00 00 d0 14 d6 83 02 00 00 00  ................

,	Aweme!0x3e523dc this.args1 0xefa0f73810b0 0xefa0f73810b0

,	Aweme!0x3e523dc this.args2 0x2 0x2

,	Aweme!0x3e523dc this.args3 0xa 0xa

,	Aweme!0x3e523dc this.args4 0x1 0x1

,	Aweme!0x3e523dc this.args0 onLeave 0x283d610b0             0  1  2  3  4  5  6  7  8  9  A  B  C  D  E  F  0123456789ABCDEF
283d610b0  00 00 00 00 00 00 00 00 00 00 00 00 00 00 00 00  ................
283d610c0  b0 10 d6 83 02 00 00 00 b0 10 d6 83 02 00 00 00  ................
283d610d0  00 00 00 00 00 00 00 00 00 00 00 00 00 00 00 00  ................
283d610e0  90 e6 e9 db 01 00 00 00 00 00 00 00 00 00 00 00  ................
283d610f0  00 00 00 00 00 00 00 00 62 e6 20 80 7f 1e bc bc  ........b. .....
283d61100  00 00 00 00 00 00 00 00 00 00 00 00 00 00 00 00  ................
283d61110  90 e6 e9 db 01 00 00 00 f0 e6 e9 db 01 00 00 00  ................
283d61120  00 00 00 00 00 00 00 00 f2 7a 10 41 38 d2 b0 bc  .........z.A8...
283d61130  f2 7a 10 41 38 d2 b0 bc 00 00 00 00 00 00 00 00  .z.A8...........
283d61140  90 e6 e9 db 01 00 00 00 f0 e6 e9 db 01 00 00 00  ................
283d61150  00 00 00 00 00 00 00 00 3e b6 13 97 99 d0 94 bf  ........>.......
283d61160  3e b6 13 97 99 d0 94 bf 00 00 00 00 00 00 00 00  >...............
283d61170  90 e6 e9 db 01 00 00 00 00 00 00 00 00 00 00 00  ................
283d61180  00 00 00 00 00 00 00 00 c0 05 3b 83 02 00 00 00  ..........;.....
283d61190  00 00 00 00 00 00 00 00 00 00 00 00 00 00 00 00  ................
283d611a0  90 e6 e9 db 01 00 00 00 00 00 00 00 00 00 00 00  ................
283d611b0  00 00 00 00 00 00 00 00 90 58 d6 83 02 00 00 00  .........X......
283d611c0  00 00 00 00 00 00 00 00 00 00 00 00 00 00 00 00  ................
283d611d0  90 e6 e9 db 01 00 00 00 00 00 00 00 00 00 00 00  ................
283d611e0  00 00 00 00 00 00 00 00 0d c6 c3 47 19 80 92 bf  ...........G....
283d611f0  00 00 00 00 00 00 00 00 00 00 00 00 00 00 00 00  ................
283d61200  90 e6 e9 db 01 00 00 00 00 00 00 00 00 00 00 00  ................
283d61210  00 00 00 00 00 00 00 00 30 5b d6 83 02 00 00 00  ........0[......
283d61220  00 00 00 00 00 00 00 00 00 00 00 00 00 00 00 00  ................
283d61230  90 e6 e9 db 01 00 00 00 00 00 00 00 00 00 00 00  ................
283d61240  00 00 00 00 00 00 00 00 e0 06 3b 83 02 00 00 00  ..........;.....
283d61250  00 00 00 00 00 00 00 00 00 00 00 00 00 00 00 00  ................
283d61260  90 e6 e9 db 01 00 00 00 00 00 00 00 00 00 00 00  ................
283d61270  00 00 00 00 00 00 00 00 90 82 a5 da 01 00 00 00  ................
283d61280  00 00 00 00 00 00 00 00 00 00 00 00 00 00 00 00  ................
283d61290  90 e6 e9 db 01 00 00 00 00 00 00 00 00 00 00 00  ................
283d612a0  00 00 00 00 00 00 00 00 20 07 3b 83 02 00 00 00  ........ .;.....
283d612b0  00 00 00 00 00 00 00 00 00 00 00 00 00 00 00 00  ................
283d612c0  90 e6 e9 db 01 00 00 00 00 00 00 00 00 00 00 00  ................
283d612d0  00 00 00 00 00 00 00 00 1d f6 82 57 49 c1 92 bf  ...........WI...
283d612e0  00 00 00 00 00 00 00 00 00 00 00 00 00 00 00 00  ................
283d612f0  90 e6 e9 db 01 00 00 00 b0 e6 e9 db 01 00 00 00  ................
283d61300  00 00 00 00 00 00 00 00 73 c2 9e 03 67 1e 92 bf  ........s...g...
283d61310  73 c2 9e 03 67 1e 92 bf 00 00 00 00 00 00 00 00  s...g...........
283d61320  90 e6 e9 db 01 00 00 00 00 00 00 00 00 00 00 00  ................
283d61330  00 00 00 00 00 00 00 00 71 e4 15 03 55 57 a2 bf  ........q...UW..
283d61340  00 00 00 00 00 00 00 00 00 00 00 00 00 00 00 00  ................
283d61350  90 e6 e9 db 01 00 00 00 00 00 00 00 00 00 00 00  ................
283d61360  00 00 00 00 00 00 00 00 f3 7a f5 19 0d 24 92 bf  .........z...$..
283d61370  00 00 00 00 00 00 00 00 00 00 00 00 00 00 00 00  ................
283d61380  90 e6 e9 db 01 00 00 00 00 00 00 00 00 00 00 00  ................
283d61390  00 00 00 00 00 00 00 00 c0 06 3b 83 02 00 00 00  ..........;.....
283d613a0  00 00 00 00 00 00 00 00 00 00 00 00 00 00 00 00  ................
283d613b0  90 e6 e9 db 01 00 00 00 00 00 00 00 00 00 00 00  ................
283d613c0  00 00 00 00 00 00 00 00 e3 d2 94 13 5f 06 9f bf  ............_...
283d613d0  00 00 00 00 00 00 00 00 00 00 00 00 00 00 00 00  ................
283d613e0  e0 a1 e4 47 01 00 00 00 e0 00 8e 81 02 00 00 00  ...G............
283d613f0  00 00 00 00 00 00 00 00 00 00 00 00 fa ff ff ff  ................
283d61400  00 00 00 00 00 00 00 00 00 00 00 00 00 00 00 00  ................
283d61410  44 4e 4f 43 00 00 00 00 00 00 00 00 00 00 00 80  DNOC............
283d61420  00 00 00 00 00 00 00 00 00 00 00 00 01 00 00 00  ................
283d61430  00 00 00 00 00 00 00 00 00 00 00 00 00 00 00 00  ................
283d61440  d8 62 48 0a 01 00 00 00 68 14 d6 83 02 00 00 00  .bH.....h.......
283d61450  f0 68 08 81 02 00 00 00 68 f6 86 05 01 00 00 00  .h......h.......
283d61460  00 00 00 00 00 00 00 00 66 74 73 35 00 00 00 00  ........fts5....
283d61470  40 5f 48 0a 01 00 00 00 98 14 d6 83 02 00 00 00  @_H.............
283d61480  00 00 00 00 00 00 00 00 00 00 00 00 00 00 00 00  ................
283d61490  00 00 00 00 00 00 00 00 66 74 73 34 61 75 78 00  ........fts4aux.
283d614a0  00 00 00 00 00 00 00 00 d0 14 d6 83 02 00 00 00  ................

,	Aweme!0x3e523dc this.args1 onLeave 0xefa0f73810b0 0xefa0f73810b0

,	Aweme!0x3e523dc this.args2 onLeave 0x2 0x2

,	Aweme!0x3e523dc this.args3 onLeave 0xa 0xa

,	Aweme!0x3e523dc this.args4 onLeave 0x1 0x1

,retval onLeave: 0x10686e3e8             0  1  2  3  4  5  6  7  8  9  A  B  C  D  E  F  0123456789ABCDEF
10686e3e8  e0 03 01 aa c0 03 5f d6 60 00 00 10 1f 20 03 d5  ......_.`.... ..
10686e3f8  03 00 00 14 20 00 40 f9 c0 03 5f d6 01 00 80 d2  .... .@..._.....
10686e408  c0 03 5f d6 08 00 80 d2 2a 7c 40 93 09 00 80 12  .._.....*|@.....
10686e418  eb 92 03 90 6b 61 26 91 1f 01 0a eb 0a 01 00 54  ....ka&........T
10686e428  0c 68 68 38 2d 1d 00 12 ac 01 0c 4a 6c 59 6c b8  .hh8-......JlYl.
10686e438  89 21 49 4a 08 05 00 91 f8 ff ff 17 e0 03 29 2a  .!IJ..........)*
10686e448  c0 03 5f d6 00 00 00 00 a0 00 00 b4 08 60 40 39  .._..........`@9
10686e458  1f 41 00 71 61 00 00 54 00 10 40 f9 c0 03 5f d6  .A.qa..T..@..._.
10686e468  f3 07 00 14 00 00 00 00 c0 00 00 b4 08 60 40 39  .............`@9
10686e478  1f 21 00 71 61 00 00 54 00 18 40 fd c0 03 5f d6  .!.qa..T..@..._.
10686e488  08 ff ef d2 00 01 67 9e c0 03 5f d6 80 00 00 b4  ......g..._.....
10686e498  08 60 40 39 1f 21 00 71 e0 17 9f 1a c0 03 5f d6  .`@9.!.q......_.
10686e4a8  00 00 00 00 f6 57 bd a9 f4 4f 01 a9 fd 7b 02 a9  .....W...O...{..
10686e4b8  fd 83 00 91 f3 03 00 aa 14 d2 02 d0 13 03 00 b4  ................
10686e4c8  75 02 40 f9 68 1a 40 b9 a8 00 40 37 60 0a 40 f9  u.@.h.@...@7`.@.
10686e4d8  60 00 00 b4 f4 ff ff 97 68 1a 40 b9 c8 00 40 37  `.......h.@...@7
10686e4e8  60 12 40 f9 80 00 00 b4 88 4a 47 f9 00 01 3f d6  `.@......JG...?.
10686e4f8  68 1a 40 b9 a8 00 48 37 60 1e 40 f9 60 00 00 b4  h.@...H7`.@.`...
10686e508  88 4a 47 f9 00 01 3f d6 88 4a 47 f9 e0 03 13 aa  .JG...?..JG.....
10686e518  00 01 3f d6 f3 03 15 aa 53 fd ff b5 fd 7b 42 a9  ..?.....S....{B.
10686e528  f4 4f 41 a9 f6 57 c3 a8 c0 03 5f d6 00 00 00 00  .OA..W...._.....
10686e538  f6 57 bd a9 f4 4f 01 a9 fd 7b 02 a9 fd 83 00 91  .W...O...{......
10686e548  c0 01 00 b4 f3 03 00 aa d0 31 e4 94 15 04 00 91  .........1......
10686e558  08 d2 02 d0 08 45 47 f9 e0 03 15 aa 00 01 3f d6  .....EG.......?.
10686e568  f4 03 00 aa c0 00 00 b4 7a 07 00 94 e2 03 15 aa  ........z.......
10686e578  c0 2e e4 94 02 00 00 14 14 00 80 d2 e0 03 14 aa  ................
10686e588  fd 7b 42 a9 4f 07 00 14 00 00 00 00 00 00 00 00  .{B.O...........
10686e598  00 00 00 00 00 02 00 b4 f6 57 bd a9 f4 4f 01 a9  .........W...O..
10686e5a8  fd 7b 02 a9 fd 83 00 91 f3 03 02 aa 5f 07 00 94  .{.........._...
10686e5b8  b6 31 e4 94 01 04 00 91 e0 03 15 aa e2 03 14 aa  .1..............
10686e5c8  e3 03 13 aa fd 7b 42 a9 f4 4f 41 a9 f6 57 c3 a8  .....{B..OA..W..
10686e5d8  02 00 00 14 c0 03 5f d6 ff 03 02 d1 f8 5f 04 a9  ......_......_..
10686e5e8  f6 57 05 a9 f4 4f 06 a9 fd 7b 07 a9 fd c3 01 91  .W...O...{......
10686e5f8  f3 03 02 aa f4 03 00 aa ff 1b 00 f9 00 e4 00 4f  ...............O
10686e608  e0 83 00 ad e0 03 80 3d b7 e4 02 90 f7 a2 02 91  .......=........
10686e618  ff 7e 00 a9 e0 07 00 b4 c1 07 00 b4 f6 03 03 aa  .~..............
10686e628  f4 07 00 a9 ff 0b 00 f9 00 d2 02 d0 00 20 3a 91  ............. :.
10686e638  00 00 c0 3d e0 0b 80 3d 08 08 40 f9 e8 1b 00 f9  ...=...=..@.....
10686e648  4f 00 00 94 60 06 00 b4 f5 03 00 aa a8 e4 02 90  O...`...........
10686e658  08 21 01 91 09 fd df 88 69 01 00 35 09 00 80 d2  .!......i..5....
10686e668  aa e4 02 90 4a 11 01 91 8b 17 80 52 ec 92 03 90  ....J......R....
10686e678  8c dd 36 91 3f 0d 00 f1 60 00 00 54 20 07 00 94  ..6.?...`..T ...
10686e688  fd ff ff 17 00 00 80 d2 29 00 80 52 09 fd 9f 88  ........)..R....
10686e698  e8 03 40 f9 e8 01 00 b4 e9 0b 40 f9 a9 01 00 b5  ..@.......@.....
10686e6a8  e9 07 40 f9 3f 15 00 f1 23 01 00 54 a1 e4 02 90  ..@.?...#..T....
10686e6b8  21 10 01 91 e0 03 08 aa 62 00 80 52 7c 31 e4 94  !.......b..R|1..
10686e6c8  60 00 00 35 68 00 80 52 e8 0b 00 f9 e0 03 00 91  `..5h..R........
10686e6d8  70 01 00 94 e1 03 00 aa e0 03 15 aa 33 00 00 94  p...........3...
10686e6e8  40 01 00 34 16 04 00 34 e0 03 00 91 69 01 00 94  @..4...4....i...
10686e6f8  e9 a3 40 a9 1f 01 09 eb 82 00 00 54 e9 03 40 f9  ..@........T..@.
10686e708  28 69 68 38 08 03 00 34 e0 03 15 aa 66 ff ff 97  (ih8...4....f...
10686e718  b4 01 00 b4 e9 a3 40 a9 2a 05 00 d1 3f 01 00 f1  ......@.*...?...
10686e728  ea 03 8a 9a 1f 01 09 eb 08 31 8a 9a 73 00 00 b4  .........1..s...
10686e738  89 02 08 8b 69 02 00 f9 15 00 80 d2 f4 22 00 a9  ....i........"..
10686e748  02 00 00 14 15 00 80 d2 e0 03 15 aa fd 7b 47 a9  .............{G.
10686e758  f4 4f 46 a9 f6 57 45 a9 f8 5f 44 a9 ff 03 02 91  .OF..WE.._D.....
10686e768  c0 03 5f d6 33 ff ff b4 e8 0b 40 f9 e9 03 40 f9  .._.3.....@...@.
10686e778  28 01 08 8b 68 02 00 f9 f4 ff ff 17 fd 7b bf a9  (...h........{..
10686e788  fd 03 00 91 08 00 40 f9 00 08 80 52 00 01 3f d6  ......@....R..?.
10686e798  80 00 00 b4 00 e4 00 4f 00 00 01 ad 00 00 00 ad  .......O........
10686e7a8  fd 7b c1 a8 c0 03 5f d6 ff 83 02 d1 fa 67 05 a9  .{...._......g..
10686e7b8  f8 5f 06 a9 f6 57 07 a9 f4 4f 08 a9 fd 7b 09 a9  ._...W...O...{..
10686e7c8  fd 43 02 91 f3 03 01 aa f4 03 00 aa a8 d9 01 f0  .C..............
10686e7d8  08 49 42 f9 08 01 40 f9 e8 27 00 f9 a9 e4 02 90  .IB...@..'......

[end signal]{
    "X-Argus" = "vdbpMRSMO3PPjmYUqA7ZwRmcoQj2jjUvpCNcQkDjNGTUo7fdqbHkb2S691hLsPdShSYYSz+r3zlEEVz1ahfc+VnqHLSsi4m+cydvVySGNzH2+MTZ9QUGMlvLWo1GzKu7LKGEr4HQGVYAmi3Oeyzi2YNPJNmyoB2p1bcuqQGihuQd7giH4LVlpp/Li2tEk8dvvoRQryxWB+k55Tm1Lby7CkPrB/wUE6BoaAIRKaf4eShTFw==";
    "X-Gorgon" = 8404a0930000d3d2fccea9514971a9d9633ba16f8dc6c1854776;
    "X-Khronos" = 1618201440;
    "X-Ladon" = "Opz9FAG1UhCbTgbGL77/wh9WOgyTaXI762XkyQMi3vE1GIVa";
    "X-Tyhon" = "GxY/eBdXcSpTTT94WFZtPEIYPzdZSnstFxg/mq4=";
}
Aweme!0x3e90ec0 1
Aweme!0x3ea16b4 45
Aweme!0x3eda408 2
Aweme!0x3e516d4 7
Aweme!0x3edacbc 1
Aweme!0x3e51f88 10
Aweme!0x775e834 2
Aweme!0x3e89ce8 1
Aweme!0x3e71328 1
Aweme!0x3edb174 1
Aweme!0x3e86ff4 2
Aweme!0x3ecc90c 2
Aweme!0x775ec90 6
Aweme!0x3e67688 3
Aweme!0x3e71440 1
Aweme!0x3e71270 3
Aweme!0x3e52044 3
Aweme!0x3ee4790 1
Aweme!0x3ecf88c 2
Aweme!0x775e720 6
Aweme!0x3ed328c 2
Aweme!0x3e872dc 5
Aweme!0x3e70ca4 2
Aweme!0x3ed7260 1
Aweme!0x3e5c824 2
Aweme!0x3ecb9d4 1
Aweme!0x775c7f4 38
Aweme!0x3e70dbc 1
Aweme!0x3e86ae4 1
Aweme!0x3e714a0 2
Aweme!0x3ecaaf8 1
Aweme!0x3e709c0 30
Aweme!0x3e523e8 2
Aweme!0x3ecfc30 1
Aweme!0x3e84c14 1
Aweme!0x3ecb180 19
Aweme!0x3e71218 3
Aweme!0x3e86ba0 3
Aweme!0x3ea6110 2
Aweme!0x3e70e1c 2
Aweme!0x775e7e0 2
Aweme!0x3ea1b74 10
Aweme!0x3ed3238 6
Aweme!0x3ee5674 4
Aweme!0x3e70f90 2
Aweme!0x3e51ed8 14
Aweme!0x3e5de48 2
Aweme!0x3eac354 1
Aweme!0x3e71448 1
Aweme!0x3ecb1e0 1
Aweme!0x3eaea20 11
Aweme!0x3e70d08 2
Aweme!0x3ed32f4 2
Aweme!0x3e56530 1
Aweme!0x3e4e1f0 9
Aweme!0x3ecb9dc 7
Aweme!0x3ea1664 1
Aweme!0x3e885c0 1
Aweme!0x3ed3010 516
Aweme!0x3e71108 1
Aweme!0x3e70f38 3
Aweme!0x3eca930 14
Aweme!0x3e67c04 1
Aweme!0x3e67a34 1
Aweme!0x3e7cea8 2
Aweme!0x3e523f0 5
Aweme!0x3ea7e18 52
Aweme!0x3ea3c78 1
Aweme!0x3e84a4c 1
Aweme!0x3e60518 1
Aweme!0x3ecafb8 1
Aweme!0x3ecb188 2
Aweme!0x3ead464 1
Aweme!0x3ed30cc 2
Aweme!0x3ed9ea8 5
Aweme!0x3e711c4 2
Aweme!0x3ecb2a0 24
Aweme!0x3ed7210 1
Aweme!0x3ed3240 1
Aweme!0x3e7cf08 2
Aweme!0x3e57ef4 18
Aweme!0x3e86920 5
Aweme!0x3ed31e4 258
Aweme!0x3ed9fc0 1
Aweme!0x775e78c 238
Aweme!0x3e712dc 3
Aweme!0x3ed3358 3
Aweme!0x775e390 3
Aweme!0x3ede618 2
Aweme!0x3edded8 1
Aweme!0x3e90ed4 1
Aweme!0x3ecef8c 1
Aweme!0x3ecabc0 5
Aweme!0x3ecb9e4 7
Aweme!0x3eca820 4
Aweme!0x3e713f4 1
Aweme!0x3ea1d50 1
Aweme!0x3e51f40 3
Aweme!0x3e5e594 1
Aweme!0x775c5d8 32
Aweme!0x3e714b0 1
Aweme!0x3e70ba0 10
Aweme!0x3e868c8 5
Aweme!0x3e5e8d8 1
Aweme!0x3e4f5ec 2
Aweme!0x3e71284 1
Aweme!0x3e8c880 4
Aweme!0x3ea1ac8 1
Aweme!0x3e70b44 9
Aweme!0x3e67810 56
Aweme!0x3e51918 7
Aweme!0x3e61858 1
Aweme!0x3e6057c 2
Aweme!0x3eac818 1
Aweme!0x3ecb134 1
Aweme!0x3ecaf64 1
Aweme!0x3ecfd58 1
Aweme!0x3e711cc 2
Aweme!0x3eda368 1
Aweme!0x3ecf3ec 2
Aweme!0x3e523fc 7
Aweme!0x3e710b8 2
Aweme!0x3e5205c 11
Aweme!0x3e7ce58 4
Aweme!0x3eca540 4
Aweme!0x3ed7104 4
Aweme!0x3ea6180 1
Aweme!0x3e872f4 2
Aweme!0x3ecf504 1
Aweme!0x3ed3304 1
Aweme!0x3ed32a8 3
Aweme!0x3ea0f90 1
Aweme!0x3e51fa4 3
Aweme!0x3e870c8 2
Aweme!0x3ee4520 2
Aweme!0x3eda3c8 3
Aweme!0x3eda028 1
Aweme!0x3ea8d04 7
Aweme!0x3e5e93c 2
Aweme!0x3e712e8 2
Aweme!0x3eac8d8 1
Aweme!0x3e618bc 2
Aweme!0x3ea7e84 1
Aweme!0x3e7128c 6
Aweme!0x775e39c 7
Aweme!0x3e86de4 1
Aweme!0x3e70d1c 2
Aweme!0x3e71400 1
Aweme!0x775b534 2
Aweme!0x3ecaa58 11
Aweme!0x3e70920 1
Aweme!0x3ed9eb8 4
Aweme!0x3e713a4 1
Aweme!0x3e67b00 2
Aweme!0x3ea12d8 1
Aweme!0x775e7f8 1
Aweme!0x3eca9a0 1
Aweme!0x3e58b58 236
Aweme!0x3e5c5b8 1
Aweme!0x3e7111c 2
Aweme!0x3e520c0 3
Aweme!0x3e70d7c 2
Aweme!0x3e93da8 2
Aweme!0x3e70980 29
Aweme!0x3e70af4 21
Aweme!0x3eda5fc 1
Aweme!0x3e4e71c 4
Aweme!0x3ecfd64 1
Aweme!0x3e8c7d4 2
Aweme!0x3ea8d0c 391
Aweme!0x3eca9a4 4
Aweme!0x3eca604 3
Aweme!0x3ed3028 814
Aweme!0x3ed31f8 2
Aweme!0x3ee49e0 1
Aweme!0x3ecb1fc 1
Aweme!0x3ecb02c 2
Aweme!0x3e71294 2
Aweme!0x3e71464 1
Aweme!0x3ea7a90 8
Aweme!0x3e67bc0 2
Aweme!0x3e5c8a4 1
Aweme!0x3e87300 4
Aweme!0x775e348 7
Aweme!0x3ea0a88 1
Aweme!0x3ed32b4 2
Aweme!0x3e86dec 1
Aweme!0x3e4e1b0 5
Aweme!0x3e5bd68 4
Aweme!0x3ea1680 3
Aweme!0x3e716f0 7
Aweme!0x3e5c61c 2
Aweme!0x3e70c10 3
Aweme!0x3e84b20 1
Aweme!0x775e7a4 238
Aweme!0x3ede85c 3
Aweme!0x775cb00 1
Aweme!0x3ea61ec 21
Aweme!0x3ea1228 1
Aweme!0x775e918 1
Aweme!0x3e808c8 1
Aweme!0x3ea8c54 6
Aweme!0x3e6047c 1
Aweme!0x3e713b0 3
Aweme!0x3ed325c 5
Aweme!0x775e804 4
Aweme!0x3ecb260 6
Aweme!0x3e853d8 30
Aweme!0x3e712f8 1
Aweme!0x3e71128 1
Aweme!0x3e7bed4 1
Aweme!0x3e71698 10
Aweme!0x3e85208 9
Aweme!0x3ea61f0 2
Aweme!0x3e7129c 1
Aweme!0x3e86df4 9
Aweme!0x3ea2ad4 2
Aweme!0x3e70b5c 20
Aweme!0x3e71240 2
Aweme!0x3e4e728 2
Aweme!0x3e51534 7
Aweme!0x3ed9ec8 3
Aweme!0x3e70c74 1
Aweme!0x3ea1858 37
Aweme!0x3ecf460 1
Aweme!0x3ecc428 1
Aweme!0x3edb1a4 1
Aweme!0x3e83398 1
Aweme!0x3e70d30 1
Aweme!0x3ed9d58 5
Aweme!0x3e5cbf4 1
Aweme!0x3e872b0 10
Aweme!0x3e711e8 1
Aweme!0x3ea8ba8 55
Aweme!0x3eda3e0 4
Aweme!0x3ec92dc 1
Aweme!0x3e87254 7
Aweme!0x3e7118c 2
Aweme!0x3ea8d1c 1
Aweme!0x3e8a230 1
Aweme!0x3ed3264 257
Aweme!0x3ea1630 2
Aweme!0x3e617bc 1
Aweme!0x3e71300 1
Aweme!0x3ea8cc0 3
Aweme!0x3e86fcc 4
Aweme!0x3ed3150 41
Aweme!0x3e87d94 2
Aweme!0x3eca8a0 1
Aweme!0x3edb264 1
Aweme!0x3e4e730 2
Aweme!0x3e8a290 1
Aweme!0x3ed32c4 2
Aweme!0x3ecaa14 5
Aweme!0x3ee1390 1
Aweme!0x3e7019c 1
Aweme!0x3e52134 5
Aweme!0x3e713bc 1
Aweme!0x3e70140 1
Aweme!0x3e70d94 1
Aweme!0x3e58b14 236
Aweme!0x3e67890 4
Aweme!0x3ed31b0 1
Aweme!0x3e7141c 1
Aweme!0x3e7124c 5
Aweme!0x3e86f74 1
Aweme!0x3e84dbc 1
Aweme!0x3ea8bb0 69
Aweme!0x3e708e0 1
Aweme!0x3edb20c 2
Aweme!0x3e8c790 2
Aweme!0x3e4de24 9
Aweme!0x3e70fc4 4
Aweme!0x3e88764 1
Aweme!0x3e87200 1
Aweme!0x775e078 9
Aweme!0x3ea197c 28
Aweme!0x3e868f0 5
Aweme!0x3ea1b4c 1
Aweme!0x3ecd59c 2
Aweme!0x3e86fd4 4
Aweme!0x3e52080 14
Aweme!0x3ead4f0 1
Aweme!0x3ed4bd0 1
Aweme!0x3e71080 2
Aweme!0x3ea1a94 1
Aweme!0x3e70b10 12
Aweme!0x3ecaa78 1
Aweme!0x3eda21c 2
Aweme!0x3ed7070 2
Aweme!0x3ed9e7c 3
Aweme!0x3e71368 2
Aweme!0x3e90e48 1
Aweme!0x3ea7994 4
Aweme!0x3ecb2d0 57
Aweme!0x3e520e0 14
Aweme!0x3eb1c60 1
Aweme!0x3e70bcc 1
Aweme!0x775c5a8 7
Aweme!0x3ecaca8 1
Aweme!0x3ea03c0 1
Aweme!0x3e5c520 2
Aweme!0x3e8a128 1
Aweme!0x3edad5c 2
Aweme!0x3ee7920 4
Aweme!0x3ed72a0 1
Aweme!0x3ec9348 2
Aweme!0x3ea1188 1
Aweme!0x3e5d118 1
Aweme!0x3e71028 1
Aweme!0x3ea169c 2
Aweme!0x3e926f4 1
Aweme!0x3ecb278 1
Aweme!0x3e67728 3
Aweme!0x3e70f70 2
Aweme!0x3e92868 1
Aweme!0x3e86fdc 1
Aweme!0x3ea1928 1
Aweme!0x3e71428 1
Aweme!0x3e90f08 1
Aweme!0x3ed69f0 1
Aweme!0x3eca340 6
Aweme!0x3e4e740 4
Aweme!0x3ecb164 1
Aweme!0x3e711fc 1
Aweme!0x775d148 23
Aweme!0x3e8a244 1
Aweme!0x3e70fd0 4
Aweme!0x3ecb9bc 3
Aweme!0x3e61204 2
Aweme!0x3ea8cd4 3
Aweme!0x775e084 6
Aweme!0x3e4dd78 1
Aweme!0x3e71488 1
Aweme!0x3e70d48 2
Aweme!0x3e5cc68 2
Aweme!0x3ea03c8 9
Aweme!0x3e57394 1
Aweme!0x3ecb1c4 1
Aweme!0x3ea1c70 1
Aweme!0x3e5208c 5
Aweme!0x3ea7c28 5
Aweme!0x3e624e0 2
Aweme!0x3eda3f8 3
Aweme!0x3e71374 2
Aweme!0x3e70550 3
Aweme!0x3e928cc 2
Aweme!0x3eb31d0 4
Aweme!0x3e71318 3
Aweme!0x3e520ec 6
Aweme!0x3e70da8 5
Aweme!0x3e70bd8 3
Aweme!0x3e5c1e8 1
Aweme!0x3e7ce8c 4
Aweme!0x3ea8c7c 2
Aweme!0x3e71430 3
Aweme!0x3ecac58 52
Aweme!0x775dfd0 38
Aweme!0x3e84a30 1
Aweme!0x3ed32dc 257
Aweme!0x3ecda08 1
Aweme!0x3ee5718 6
Aweme!0x3e8c7a4 2
Aweme!0x775e828 9
Aweme!0x3ecb9c4 4
Aweme!0x3e5cb58 2
Aweme!0x3ea0828 7
Aweme!0x3ea164c 1
Aweme!0x3e9a300 2
Aweme!0x3e7114c 1
Aweme!0x3e70f7c 1
Aweme!0x3e86ad4 2
Aweme!0x3ed3224 256
Aweme!0x3ecc730 1
Aweme!0x3ea1764 1
Aweme!0x3ead334 1
Aweme!0x3e68100 1
Aweme!0x3e58a74 472
Aweme!0x775e888 1
Aweme!0x3ecf140 1
Aweme!0x3ed67d0 6
Aweme!0x3ed30b4 4
Aweme!0x3ed9e90 5
Aweme!0x3e711ac 3
Aweme!0x775c7e8 392
Aweme!0x3e87048 2
Aweme!0x3e51f24 5
Aweme!0x3eca7a8 4
Aweme!0x775e090 3
Aweme!0x3e70db0 21
Aweme!0x3e70100 2
Aweme!0x3e93d80 8
Aweme!0x3ede65c 1
Aweme!0x3e523dc 2
Aweme!0x3ea8c28 4
Aweme!0x3e70b28 12
Aweme!0x3ea170c 9
Aweme!0x3ecec30 19
Aweme!0x3ecda6c 2
Aweme!0x3ecc8a8 1
Aweme!0x775d328 2
Aweme!0x3e8a13c 1
Aweme!0x3ecb118 3
Aweme!0x3ee5894 2
Aweme!0x3e4e698 2
Aweme!0x3ecf828 1
Aweme!0x3ee4b84 8
Aweme!0x3ea1998 1
Aweme!0x3e86adc 1
Aweme!0x3edb340 2
Aweme!0x3e58964 1
Aweme!0x3ed9ddc 8
Aweme!0x3e71668 9
Aweme!0x3ed4a78 1
Aweme!0x3e67854 1
Aweme!0x3eda120 1
Aweme!0x3e87334 5
Aweme!0x3ed3344 1
Aweme!0x3e71268 1
On receive  16384
Error happenError: unable to find module containing 0x1214e425c
Error happenError: unable to find module containing 0x121466984
Error happenError: unable to find module containing 0x121466994
