AwemeModuleBase:0x1042534f0
arg1 https://search3-search-lf.amemv.com/aweme/v1/search/item/?caid1=0803bffc8815b9f02c08f48f95c1008c&tma_jssdk_version=2.1.0.2&minor_status=0&ac=WIFI&appTheme=dark&is_vcd=1&keyword=%E7%8E%8B%E4%B8%80%E5%8D%9A&video_cover_shrink=372_496&enter_from=homepage_hot&sort_type=0&backtrace=M7U2PfbCPC7qlX46ow2D73foIbuD7zG%2BTODCT48wHI74oC1dlQVm4omXMt%2BkHUSKjMf5EJvWyjt3jVKDb%2FBylQ%3D%3D&count=12&is_filter_search=0&user_avatar_shrink=64_64&source=video_search&query_correct_type=1&rs_word_count=5&offset=0&search_source=normal_search&publish_time=0&hot_search=0&aid=1128&app_name=aweme&app_version=14.8.0&build_number=148013&cdid=FEDA96DE-E849-4E15-99C9-66CD61F50ADD&channel=App%20Store&device_id=4169787388733342&device_platform=iphone&device_type=iPhone9,1&idfa=322127EF-8E4E-48E9-98E0-99ACBDC85525&iid=2955926580500413&js_sdk_version=1.99.0.3&mcc_mnc=&openudid=a4cb7b4ade7c5e8e6c90cf8f892aafe6c64c73d1&os_api=18&os_version=13.3.1&screen_width=750&version_code=14.8.0&vid=25AD3C98-7CA5-4B2E-9B39-9BAEFC31BBD2
arg2 {
    "User-Agent" = "Aweme 14.8.0 rv:148013 (iPhone; iOS 13.3.1; zh_CN) Cronet";
    "x-common-params-v2" = "aid=1128&app_name=aweme&app_version=14.8.0&build_number=148013&cdid=FEDA96DE-E849-4E15-99C9-66CD61F50ADD&channel=App%20Store&device_id=4169787388733342&device_platform=iphone&device_type=iPhone9,1&idfa=322127EF-8E4E-48E9-98E0-99ACBDC85525&iid=2955926580500413&js_sdk_version=1.99.0.3&mcc_mnc=&openudid=a4cb7b4ade7c5e8e6c90cf8f892aafe6c64c73d1&os_api=18&os_version=13.3.1&screen_width=750&version_code=14.8.0&vid=25AD3C98-7CA5-4B2E-9B39-9BAEFC31BBD2";
    "x-tt-token" = "003c4774314c4f83d0177a0ae886f5a6f50056cb8fc53fa60c3b0bf88596c762fc922f46798e27276d911e99fde0203a46a8df6837c3279998eaaccf63df5e59c34fb9458bd8d9b17fd1ecf392c2a6fc08649f8411f4295761fc95f3fe46affde27ce-1.0.1";
}
call Aweme!0x3e712dc
,	Aweme!0x3e712dc this.args0 0x10af95fe0             0  1  2  3  4  5  6  7  8  9  A  B  C  D  E  F  0123456789ABCDEF
10af95fe0  6e 56 69 65 77 22 00 40 22 41 57 45 50 4f 49 48  nView".@"AWEPOIH
10af95ff0  6f 74 65 6c 54 69 74 6c 65 56 69 65 77 22 00 40  otelTitleView".@
10af96000  22 41 57 45 50 4f 49 48 6f 74 65 6c 50 6f 6c 69  "AWEPOIHotelPoli
10af96010  63 79 43 65 6c 6c 56 69 65 77 22 00 40 22 41 57  cyCellView".@"AW
10af96020  45 50 4f 49 53 75 70 70 6c 69 65 72 44 65 74 61  EPOISupplierDeta
10af96030  69 6c 52 65 73 70 6f 6e 73 65 22 00 40 22 41 57  ilResponse".@"AW
10af96040  45 50 4f 49 48 6f 74 65 6c 46 61 63 69 6c 69 74  EPOIHotelFacilit
10af96050  79 42 6f 74 74 6f 6d 56 69 65 77 22 00 42 32 34  yBottomView".B24
10af96060  40 30 3a 38 40 22 43 41 4b 41 6c 62 75 6d 56 69  @0:8@"CAKAlbumVi
10af96070  65 77 43 6f 6e 74 72 6f 6c 6c 65 72 22 31 36 00  ewController"16.
10af96080  64 32 34 40 30 3a 38 40 22 43 41 4b 41 6c 62 75  d24@0:8@"CAKAlbu
10af96090  6d 56 69 65 77 43 6f 6e 74 72 6f 6c 6c 65 72 22  mViewController"
10af960a0  31 36 00 40 22 43 41 4b 41 6c 62 75 6d 4e 61 76  16.@"CAKAlbumNav
10af960b0  69 67 61 74 69 6f 6e 56 69 65 77 43 6f 6e 66 69  igationViewConfi
10af960c0  67 22 32 34 40 30 3a 38 40 22 43 41 4b 41 6c 62  g"24@0:8@"CAKAlb
10af960d0  75 6d 56 69 65 77 43 6f 6e 74 72 6f 6c 6c 65 72  umViewController
10af960e0  22 31 36 00 40 22 43 41 4b 41 6c 62 75 6d 4c 69  "16.@"CAKAlbumLi
10af960f0  73 74 56 69 65 77 43 6f 6e 66 69 67 22 32 34 40  stViewConfig"24@
10af96100  30 3a 38 40 22 43 41 4b 41 6c 62 75 6d 56 69 65  0:8@"CAKAlbumVie
10af96110  77 43 6f 6e 74 72 6f 6c 6c 65 72 22 31 36 00 40  wController"16.@
10af96120  22 43 41 4b 41 6c 62 75 6d 42 6f 74 74 6f 6d 56  "CAKAlbumBottomV
10af96130  69 65 77 43 6f 6e 66 69 67 22 32 34 40 30 3a 38  iewConfig"24@0:8
10af96140  40 22 43 41 4b 41 6c 62 75 6d 56 69 65 77 43 6f  @"CAKAlbumViewCo
10af96150  6e 74 72 6f 6c 6c 65 72 22 31 36 00 40 22 43 41  ntroller"16.@"CA
10af96160  4b 41 6c 62 75 6d 53 65 6c 65 63 74 65 64 41 73  KAlbumSelectedAs
10af96170  73 65 74 73 56 69 65 77 43 6f 6e 66 69 67 22 32  setsViewConfig"2
10af96180  34 40 30 3a 38 40 22 43 41 4b 41 6c 62 75 6d 56  4@0:8@"CAKAlbumV
10af96190  69 65 77 43 6f 6e 74 72 6f 6c 6c 65 72 22 31 36  iewController"16
10af961a0  00 40 22 55 49 56 69 65 77 3c 43 41 4b 41 6c 62  .@"UIView<CAKAlb
10af961b0  75 6d 4e 61 76 69 67 61 74 69 6f 6e 56 69 65 77  umNavigationView
10af961c0  50 72 6f 74 6f 63 6f 6c 3e 22 32 34 40 30 3a 38  Protocol>"24@0:8
10af961d0  40 22 43 41 4b 41 6c 62 75 6d 56 69 65 77 43 6f  @"CAKAlbumViewCo
10af961e0  6e 74 72 6f 6c 6c 65 72 22 31 36 00 40 22 55 49  ntroller"16.@"UI
10af961f0  56 69 65 77 3c 43 41 4b 41 6c 62 75 6d 42 6f 74  View<CAKAlbumBot
10af96200  74 6f 6d 56 69 65 77 50 72 6f 74 6f 63 6f 6c 3e  tomViewProtocol>
10af96210  22 32 34 40 30 3a 38 40 22 43 41 4b 41 6c 62 75  "24@0:8@"CAKAlbu
10af96220  6d 56 69 65 77 43 6f 6e 74 72 6f 6c 6c 65 72 22  mViewController"
10af96230  31 36 00 40 22 55 49 56 69 65 77 3c 43 41 4b 53  16.@"UIView<CAKS
10af96240  65 6c 65 63 74 65 64 41 73 73 65 74 73 56 69 65  electedAssetsVie
10af96250  77 50 72 6f 74 6f 63 6f 6c 3e 22 32 34 40 30 3a  wProtocol>"24@0:
10af96260  38 40 22 43 41 4b 41 6c 62 75 6d 56 69 65 77 43  8@"CAKAlbumViewC
10af96270  6f 6e 74 72 6f 6c 6c 65 72 22 31 36 00 40 22 55  ontroller"16.@"U
10af96280  49 56 69 65 77 3c 43 41 4b 41 6c 62 75 6d 52 65  IView<CAKAlbumRe
10af96290  71 75 65 73 74 41 63 63 65 73 73 56 69 65 77 50  questAccessViewP
10af962a0  72 6f 74 6f 63 6f 6c 3e 22 32 34 40 30 3a 38 40  rotocol>"24@0:8@
10af962b0  22 43 41 4b 41 6c 62 75 6d 56 69 65 77 43 6f 6e  "CAKAlbumViewCon
10af962c0  74 72 6f 6c 6c 65 72 22 31 36 00 40 22 4e 53 41  troller"16.@"NSA
10af962d0  72 72 61 79 22 32 34 40 30 3a 38 40 22 43 41 4b  rray"24@0:8@"CAK
10af962e0  41 6c 62 75 6d 56 69 65 77 43 6f 6e 74 72 6f 6c  AlbumViewControl
10af962f0  6c 65 72 22 31 36 00 76 32 34 40 30 3a 38 40 22  ler"16.v24@0:8@"
10af96300  43 41 4b 41 6c 62 75 6d 56 69 65 77 43 6f 6e 74  CAKAlbumViewCont
10af96310  72 6f 6c 6c 65 72 22 31 36 00 76 32 34 40 30 3a  roller"16.v24@0:
10af96320  38 40 22 55 49 56 69 65 77 43 6f 6e 74 72 6f 6c  8@"UIViewControl
10af96330  6c 65 72 3c 43 41 4b 41 6c 62 75 6d 4c 69 73 74  ler<CAKAlbumList
10af96340  56 69 65 77 43 6f 6e 74 72 6f 6c 6c 65 72 50 72  ViewControllerPr
10af96350  6f 74 6f 63 6f 6c 3e 22 31 36 00 76 34 30 40 30  otocol>"16.v40@0
10af96360  3a 38 40 22 43 41 4b 41 6c 62 75 6d 56 69 65 77  :8@"CAKAlbumView
10af96370  43 6f 6e 74 72 6f 6c 6c 65 72 22 31 36 40 22 43  Controller"16@"C
10af96380  41 4b 41 6c 62 75 6d 41 73 73 65 74 4d 6f 64 65  AKAlbumAssetMode
10af96390  6c 22 32 34 71 33 32 00 42 33 32 40 30 3a 38 40  l"24q32.B32@0:8@
10af963a0  22 43 41 4b 41 6c 62 75 6d 56 69 65 77 43 6f 6e  "CAKAlbumViewCon
10af963b0  74 72 6f 6c 6c 65 72 22 31 36 40 22 43 41 4b 41  troller"16@"CAKA
10af963c0  6c 62 75 6d 41 73 73 65 74 4d 6f 64 65 6c 22 32  lbumAssetModel"2
10af963d0  34 00 76 34 30 40 30 3a 38 40 22 43 41 4b 41 6c  4.v40@0:8@"CAKAl

,	Aweme!0x3e712dc this.args1 0x10b92fc70             0  1  2  3  4  5  6  7  8  9  A  B  C  D  E  F  0123456789ABCDEF
10b92fc70  d6 fe 2f 02 6a 66 5e 86 85 f0 85 c6 04 28 af b8  ../.jf^......(..
10b92fc80  e4 89 2d a9 21 e5 7e c2 57 38 4d aa b1 e1 fc df  ..-.!.~.W8M.....
10b92fc90  9b 1f 25 a7 55 33 aa 94 58 34 8b 98 82 8e b5 15  ..%.U3..X4......
10b92fca0  02 fd 06 c2 61 3e f2 35 55 b3 60 fd 62 0b fe 73  ....a>.5U.`.b..s
10b92fcb0  76 67 90 df c7 24 ee 4f 46 d7 e2 30 ca 20 6f e2  vg...$.OF..0. o.
10b92fcc0  8f b0 78 dc 4b 2f a4 e8 67 21 af 01 05 c2 7f ee  ..x.K/..g!......
10b92fcd0  da 27 2b 1b 48 ce bf 5e 28 7f 0b 40 8a 06 ce 06  .'+.H..^(..@....
10b92fce0  b1 26 9b 60 f6 c2 ed 8b 53 0c aa 00 89 73 5f c0  .&.`....S....s_.
10b92fcf0  4b 4d b3 cb e0 96 ad 49 7c d1 eb 95 f7 2e df 6f  KM.....I|......o
10b92fd00  4f ce 22 bc 26 1d 15 be b3 57 09 4e 4b f9 77 9a  O.".&....W.NK.w.
10b92fd10  4f 9d f4 d2 a7 10 02 22 c7 98 59 01 68 92 bc 3f  O......"..Y.h..?
10b92fd20  89 f8 d6 4b b2 24 58 db 42 ae aa 6f a8 0f d2 62  ...K.$X.B..o...b
10b92fd30  25 6c a2 c0 70 69 05 27 9b 42 94 c6 4d c6 8e 07  %l..pi.'.B..M...
10b92fd40  4c 23 05 12 24 7f 31 19 3c 77 62 8c 71 68 28 fa  L#..$.1.<wb.qh(.
10b92fd50  ee e6 c6 dd eb c3 20 05 89 d0 25 49 0e c4 07 28  ...... ...%I...(
10b92fd60  84 7b a7 4d 1e f1 c5 fd 7d 5d 93 53 03 c0 ac ff  .{.M....}].S....
10b92fd70  b2 f4 d9 0a 77 ac 7f fd f0 ba d7 76 8a 60 ee 40  ....w......v.`.@
10b92fd80  23 1b 45 8d c3 aa 66 e7 ed c8 8e ea 3f 4f 61 90  #.E...f.....?Oa.
10b92fd90  c6 75 10 0c c5 42 c1 c7 f8 98 b1 61 28 50 e7 88  .u...B.....a(P..
10b92fda0  65 34 de bb ae 2f 78 4b 22 be b8 06 8a b7 38 b0  e4.../xK".....8.
10b92fdb0  ee e4 54 c3 fe 17 24 e4 b9 6e e6 1d 7a 23 60 ab  ..T...$..n..z#`.
10b92fdc0  f3 ab c9 ac 85 f8 51 ab 4a 1c 2a f1 39 6e 48 5e  ......Q.J.*.9nH^
10b92fdd0  e1 13 4b bd e9 c5 cf 49 24 71 cd f0 a2 0d 2f 08  ..K....I$q..../.
10b92fde0  f1 0d b3 a3 e8 52 1f c0 c5 db 14 83 d1 06 9d f9  .....R..........
10b92fdf0  0e af e3 60 97 c0 2a 24 15 eb b0 03 5a 2e 46 2a  ...`..*$....Z.F*
10b92fe00  75 da 7a 3e cb e3 0d 99 3c 35 e6 4d c8 ed 82 84  u.z>....<5.M....
10b92fe10  f6 21 97 61 a1 8e 89 92 8d 26 9f b3 a4 9d 2a 2c  .!.a.....&....*,
10b92fe20  a3 50 37 5b 86 3b 7b 48 7f c8 b2 56 25 c8 b8 8b  .P7[.;{H...V%...
10b92fe30  4e 41 d9 c8 6e 32 d9 2f 48 34 1a b2 8e 44 5d 98  NA..n2./H4...D].
10b92fe40  0b 07 26 ee 74 50 9f 81 1d 2a 9c 2d 40 fc c7 16  ..&.tP...*.-@...
10b92fe50  00 68 7d af 03 fa e4 cb 40 fb 3f 0b 3f c9 63 34  .h}.....@.?.?.c4
10b92fe60  3f 4c d5 5f c0 2e a5 77 f1 75 69 19 6b 38 f6 f4  ?L._...w.ui.k8..
10b92fe70  5e 51 c2 ed 4f d5 89 6b c7 75 60 e4 38 ed 08 c5  ^Q..O..k.u`.8...
10b92fe80  13 a3 94 e5 0f 7c c8 82 a6 f7 76 a2 ab db 99 d5  .....|....v.....
10b92fe90  95 e2 c0 7f 88 cb 1e b0 a7 38 ae d9 49 8a e0 f5  .........8..I...
10b92fea0  09 2e 5d 42 f8 85 b7 c2 ac 15 89 1b 71 73 0a 61  ..]B........qs.a
10b92feb0  e9 a9 6d c4 a1 b0 61 fb 91 64 7f b2 6b a5 22 71  ..m...a..d..k."q
10b92fec0  b6 6c 5c 92 e1 14 e1 bc c4 12 68 3b 46 5a 3c 63  .l\.......h;FZ<c
10b92fed0  f8 e2 0e c6 43 5c be 91 f9 c4 3b 3c 70 99 66 cb  ....C\....;<p.f.
10b92fee0  5b 5c ac f8 48 5c 5d 2c 72 53 2c 1d 3a 3b 53 89  [\..H\],rS,.:;S.
10b92fef0  cb 70 98 f6 c9 a9 47 1d 32 76 9a 5d be 4c 6f fb  .p....G.2v.].Lo.
10b92ff00  a4 2e 84 ea 15 0e d6 2a dc 93 06 c3 5a 6c 29 7d  .......*....Zl)}
10b92ff10  c0 8b 20 56 18 8e c2 72 16 0b 67 13 43 b2 32 6c  .. V...r..g.C.2l
10b92ff20  8b ba 1b c1 4b 25 3a 51 ce 43 7e 03 c6 ba 92 6a  ....K%:Q.C~....j
10b92ff30  dc 34 08 b9 a8 09 19 a4 2f d8 5a 46 37 54 c1 37  .4....../.ZF7T.7
10b92ff40  95 09 2b c9 50 89 ff ad c3 07 c5 66 9c a2 f2 41  ..+.P......f...A
10b92ff50  a3 b8 93 45 84 c3 e2 67 c2 1c b0 84 53 02 0c a7  ...E...g....S...
10b92ff60  36 a6 cc c0 7f ab 7c 68 b1 32 6f a7 b5 bb ae a0  6.....|h.2o.....
10b92ff70  3b 70 94 97 15 4c b7 b8 83 2b e2 01 a0 ff 9e bb  ;p...L...+......
10b92ff80  75 dc 43 33 8b d3 5a 20 3b 3d b3 01 6c 23 b6 b9  u.C3..Z ;=..l#..
10b92ff90  33 de 75 4c 2e f1 35 4a eb 1d da 9e 40 ac ab 04  3.uL..5J....@...
10b92ffa0  21 3b a2 4b 75 39 2f d9 fa e8 b2 f2 b5 93 a9 3e  !;.Ku9/........>
10b92ffb0  d6 f5 c1 cb 8a 92 0a b6 ec 3b 14 d8 2a aa a2 ab  .........;..*...
10b92ffc0  f9 f8 9f c3 b6 3b d4 6f 6c 02 59 68 3a 45 49 80  .....;.ol.Yh:EI.
10b92ffd0  b7 c3 1a 6c f0 1e 16 e2 71 13 fa 20 1b 0d 88 5c  ...l....q.. ...\
10b92ffe0  5b 68 23 65 21 9b 06 82 1f ba 21 93 f0 f6 22 cb  [h#e!.....!...".
10b92fff0  c6 5e 96 1f d9 d4 90 10 7d 4e e9 57 99 b2 88 3b  .^......}N.W...;
10b930000  e2 be 96 48 b9 2b 63 04 17 2a 3b 54 e7 79 43 da  ...H.+c..*;T.yC.
10b930010  ff ba 63 56 ee d7 cd 89 21 8b 6d 0c e7 8d c9 aa  ..cV....!.m.....
10b930020  74 9e 59 ec 10 9a 0e 6d ff 11 da 9a 07 2c ea d5  t.Y....m.....,..
10b930030  3a 3c 34 d6 f0 b7 0e 21 aa c1 ae bc 9c 7c 0f 8a  :<4....!.....|..
10b930040  c7 5f 36 cb ba d0 29 0c db 43 72 c5 0b 3b 1e b2  ._6...)..Cr..;..
10b930050  a7 81 e7 83 d9 24 20 f5 52 e7 42 cb 84 aa 7c 68  .....$ .R.B...|h
10b930060  7f 45 a2 f1 8a 33 cf 80 9d 34 e7 14 4f 04 4f 66  .E...3...4..O.Of

,	Aweme!0x3e712dc this.args2 0x171db89b0 0x171db89b0

,	Aweme!0x3e712dc this.args3 0x171db89a0 0x171db89a0

,	Aweme!0x3e712dc this.args4 0x1a7 0x1a7

,	Aweme!0x3e712dc this.args0 onLeave 0x10af95fe0             0  1  2  3  4  5  6  7  8  9  A  B  C  D  E  F  0123456789ABCDEF
10af95fe0  6e 56 69 65 77 22 00 40 22 41 57 45 50 4f 49 48  nView".@"AWEPOIH
10af95ff0  6f 74 65 6c 54 69 74 6c 65 56 69 65 77 22 00 40  otelTitleView".@
10af96000  22 41 57 45 50 4f 49 48 6f 74 65 6c 50 6f 6c 69  "AWEPOIHotelPoli
10af96010  63 79 43 65 6c 6c 56 69 65 77 22 00 40 22 41 57  cyCellView".@"AW
10af96020  45 50 4f 49 53 75 70 70 6c 69 65 72 44 65 74 61  EPOISupplierDeta
10af96030  69 6c 52 65 73 70 6f 6e 73 65 22 00 40 22 41 57  ilResponse".@"AW
10af96040  45 50 4f 49 48 6f 74 65 6c 46 61 63 69 6c 69 74  EPOIHotelFacilit
10af96050  79 42 6f 74 74 6f 6d 56 69 65 77 22 00 42 32 34  yBottomView".B24
10af96060  40 30 3a 38 40 22 43 41 4b 41 6c 62 75 6d 56 69  @0:8@"CAKAlbumVi
10af96070  65 77 43 6f 6e 74 72 6f 6c 6c 65 72 22 31 36 00  ewController"16.
10af96080  64 32 34 40 30 3a 38 40 22 43 41 4b 41 6c 62 75  d24@0:8@"CAKAlbu
10af96090  6d 56 69 65 77 43 6f 6e 74 72 6f 6c 6c 65 72 22  mViewController"
10af960a0  31 36 00 40 22 43 41 4b 41 6c 62 75 6d 4e 61 76  16.@"CAKAlbumNav
10af960b0  69 67 61 74 69 6f 6e 56 69 65 77 43 6f 6e 66 69  igationViewConfi
10af960c0  67 22 32 34 40 30 3a 38 40 22 43 41 4b 41 6c 62  g"24@0:8@"CAKAlb
10af960d0  75 6d 56 69 65 77 43 6f 6e 74 72 6f 6c 6c 65 72  umViewController
10af960e0  22 31 36 00 40 22 43 41 4b 41 6c 62 75 6d 4c 69  "16.@"CAKAlbumLi
10af960f0  73 74 56 69 65 77 43 6f 6e 66 69 67 22 32 34 40  stViewConfig"24@
10af96100  30 3a 38 40 22 43 41 4b 41 6c 62 75 6d 56 69 65  0:8@"CAKAlbumVie
10af96110  77 43 6f 6e 74 72 6f 6c 6c 65 72 22 31 36 00 40  wController"16.@
10af96120  22 43 41 4b 41 6c 62 75 6d 42 6f 74 74 6f 6d 56  "CAKAlbumBottomV
10af96130  69 65 77 43 6f 6e 66 69 67 22 32 34 40 30 3a 38  iewConfig"24@0:8
10af96140  40 22 43 41 4b 41 6c 62 75 6d 56 69 65 77 43 6f  @"CAKAlbumViewCo
10af96150  6e 74 72 6f 6c 6c 65 72 22 31 36 00 40 22 43 41  ntroller"16.@"CA
10af96160  4b 41 6c 62 75 6d 53 65 6c 65 63 74 65 64 41 73  KAlbumSelectedAs
10af96170  73 65 74 73 56 69 65 77 43 6f 6e 66 69 67 22 32  setsViewConfig"2
10af96180  34 40 30 3a 38 40 22 43 41 4b 41 6c 62 75 6d 56  4@0:8@"CAKAlbumV
10af96190  69 65 77 43 6f 6e 74 72 6f 6c 6c 65 72 22 31 36  iewController"16
10af961a0  00 40 22 55 49 56 69 65 77 3c 43 41 4b 41 6c 62  .@"UIView<CAKAlb
10af961b0  75 6d 4e 61 76 69 67 61 74 69 6f 6e 56 69 65 77  umNavigationView
10af961c0  50 72 6f 74 6f 63 6f 6c 3e 22 32 34 40 30 3a 38  Protocol>"24@0:8
10af961d0  40 22 43 41 4b 41 6c 62 75 6d 56 69 65 77 43 6f  @"CAKAlbumViewCo
10af961e0  6e 74 72 6f 6c 6c 65 72 22 31 36 00 40 22 55 49  ntroller"16.@"UI
10af961f0  56 69 65 77 3c 43 41 4b 41 6c 62 75 6d 42 6f 74  View<CAKAlbumBot
10af96200  74 6f 6d 56 69 65 77 50 72 6f 74 6f 63 6f 6c 3e  tomViewProtocol>
10af96210  22 32 34 40 30 3a 38 40 22 43 41 4b 41 6c 62 75  "24@0:8@"CAKAlbu
10af96220  6d 56 69 65 77 43 6f 6e 74 72 6f 6c 6c 65 72 22  mViewController"
10af96230  31 36 00 40 22 55 49 56 69 65 77 3c 43 41 4b 53  16.@"UIView<CAKS
10af96240  65 6c 65 63 74 65 64 41 73 73 65 74 73 56 69 65  electedAssetsVie
10af96250  77 50 72 6f 74 6f 63 6f 6c 3e 22 32 34 40 30 3a  wProtocol>"24@0:
10af96260  38 40 22 43 41 4b 41 6c 62 75 6d 56 69 65 77 43  8@"CAKAlbumViewC
10af96270  6f 6e 74 72 6f 6c 6c 65 72 22 31 36 00 40 22 55  ontroller"16.@"U
10af96280  49 56 69 65 77 3c 43 41 4b 41 6c 62 75 6d 52 65  IView<CAKAlbumRe
10af96290  71 75 65 73 74 41 63 63 65 73 73 56 69 65 77 50  questAccessViewP
10af962a0  72 6f 74 6f 63 6f 6c 3e 22 32 34 40 30 3a 38 40  rotocol>"24@0:8@
10af962b0  22 43 41 4b 41 6c 62 75 6d 56 69 65 77 43 6f 6e  "CAKAlbumViewCon
10af962c0  74 72 6f 6c 6c 65 72 22 31 36 00 40 22 4e 53 41  troller"16.@"NSA
10af962d0  72 72 61 79 22 32 34 40 30 3a 38 40 22 43 41 4b  rray"24@0:8@"CAK
10af962e0  41 6c 62 75 6d 56 69 65 77 43 6f 6e 74 72 6f 6c  AlbumViewControl
10af962f0  6c 65 72 22 31 36 00 76 32 34 40 30 3a 38 40 22  ler"16.v24@0:8@"
10af96300  43 41 4b 41 6c 62 75 6d 56 69 65 77 43 6f 6e 74  CAKAlbumViewCont
10af96310  72 6f 6c 6c 65 72 22 31 36 00 76 32 34 40 30 3a  roller"16.v24@0:
10af96320  38 40 22 55 49 56 69 65 77 43 6f 6e 74 72 6f 6c  8@"UIViewControl
10af96330  6c 65 72 3c 43 41 4b 41 6c 62 75 6d 4c 69 73 74  ler<CAKAlbumList
10af96340  56 69 65 77 43 6f 6e 74 72 6f 6c 6c 65 72 50 72  ViewControllerPr
10af96350  6f 74 6f 63 6f 6c 3e 22 31 36 00 76 34 30 40 30  otocol>"16.v40@0
10af96360  3a 38 40 22 43 41 4b 41 6c 62 75 6d 56 69 65 77  :8@"CAKAlbumView
10af96370  43 6f 6e 74 72 6f 6c 6c 65 72 22 31 36 40 22 43  Controller"16@"C
10af96380  41 4b 41 6c 62 75 6d 41 73 73 65 74 4d 6f 64 65  AKAlbumAssetMode
10af96390  6c 22 32 34 71 33 32 00 42 33 32 40 30 3a 38 40  l"24q32.B32@0:8@
10af963a0  22 43 41 4b 41 6c 62 75 6d 56 69 65 77 43 6f 6e  "CAKAlbumViewCon
10af963b0  74 72 6f 6c 6c 65 72 22 31 36 40 22 43 41 4b 41  troller"16@"CAKA
10af963c0  6c 62 75 6d 41 73 73 65 74 4d 6f 64 65 6c 22 32  lbumAssetModel"2
10af963d0  34 00 76 34 30 40 30 3a 38 40 22 43 41 4b 41 6c  4.v40@0:8@"CAKAl

,	Aweme!0x3e712dc this.args1 onLeave 0x10b92fc70             0  1  2  3  4  5  6  7  8  9  A  B  C  D  E  F  0123456789ABCDEF
10b92fc70  d6 fe 2f 02 6a 66 5e 86 85 f0 85 c6 04 28 af b8  ../.jf^......(..
10b92fc80  e4 89 2d a9 21 e5 7e c2 57 38 4d aa b1 e1 fc df  ..-.!.~.W8M.....
10b92fc90  9b 1f 25 a7 55 33 aa 94 58 34 8b 98 82 8e b5 15  ..%.U3..X4......
10b92fca0  02 fd 06 c2 61 3e f2 35 55 b3 60 fd 62 0b fe 73  ....a>.5U.`.b..s
10b92fcb0  76 67 90 df c7 24 ee 4f 46 d7 e2 30 ca 20 6f e2  vg...$.OF..0. o.
10b92fcc0  8f b0 78 dc 4b 2f a4 e8 67 21 af 01 05 c2 7f ee  ..x.K/..g!......
10b92fcd0  da 27 2b 1b 48 ce bf 5e 28 7f 0b 40 8a 06 ce 06  .'+.H..^(..@....
10b92fce0  b1 26 9b 60 f6 c2 ed 8b 53 0c aa 00 89 73 5f c0  .&.`....S....s_.
10b92fcf0  4b 4d b3 cb e0 96 ad 49 7c d1 eb 95 f7 2e df 6f  KM.....I|......o
10b92fd00  4f ce 22 bc 26 1d 15 be b3 57 09 4e 4b f9 77 9a  O.".&....W.NK.w.
10b92fd10  4f 9d f4 d2 a7 10 02 22 c7 98 59 01 68 92 bc 3f  O......"..Y.h..?
10b92fd20  89 f8 d6 4b b2 24 58 db 42 ae aa 6f a8 0f d2 62  ...K.$X.B..o...b
10b92fd30  25 6c a2 c0 70 69 05 27 9b 42 94 c6 4d c6 8e 07  %l..pi.'.B..M...
10b92fd40  4c 23 05 12 24 7f 31 19 3c 77 62 8c 71 68 28 fa  L#..$.1.<wb.qh(.
10b92fd50  ee e6 c6 dd eb c3 20 05 89 d0 25 49 0e c4 07 28  ...... ...%I...(
10b92fd60  84 7b a7 4d 1e f1 c5 fd 7d 5d 93 53 03 c0 ac ff  .{.M....}].S....
10b92fd70  b2 f4 d9 0a 77 ac 7f fd f0 ba d7 76 8a 60 ee 40  ....w......v.`.@
10b92fd80  23 1b 45 8d c3 aa 66 e7 ed c8 8e ea 3f 4f 61 90  #.E...f.....?Oa.
10b92fd90  c6 75 10 0c c5 42 c1 c7 f8 98 b1 61 28 50 e7 88  .u...B.....a(P..
10b92fda0  65 34 de bb ae 2f 78 4b 22 be b8 06 8a b7 38 b0  e4.../xK".....8.
10b92fdb0  ee e4 54 c3 fe 17 24 e4 b9 6e e6 1d 7a 23 60 ab  ..T...$..n..z#`.
10b92fdc0  f3 ab c9 ac 85 f8 51 ab 4a 1c 2a f1 39 6e 48 5e  ......Q.J.*.9nH^
10b92fdd0  e1 13 4b bd e9 c5 cf 49 24 71 cd f0 a2 0d 2f 08  ..K....I$q..../.
10b92fde0  f1 0d b3 a3 e8 52 1f c0 c5 db 14 83 d1 06 9d f9  .....R..........
10b92fdf0  0e af e3 60 97 c0 2a 24 15 eb b0 03 5a 2e 46 2a  ...`..*$....Z.F*
10b92fe00  75 da 7a 3e cb e3 0d 99 3c 35 e6 4d c8 ed 82 84  u.z>....<5.M....
10b92fe10  f6 21 97 61 a1 8e 89 92 8d 26 9f b3 a4 9d 2a 2c  .!.a.....&....*,
10b92fe20  a3 50 37 5b 86 3b 7b 48 7f c8 b2 56 25 c8 b8 8b  .P7[.;{H...V%...
10b92fe30  4e 41 d9 c8 6e 32 d9 2f 48 34 1a b2 8e 44 5d 98  NA..n2./H4...D].
10b92fe40  0b 07 26 ee 74 50 9f 81 1d 2a 9c 2d 40 fc c7 16  ..&.tP...*.-@...
10b92fe50  00 68 7d af 03 fa e4 cb 40 fb 3f 0b 3f c9 63 34  .h}.....@.?.?.c4
10b92fe60  3f 4c d5 5f c0 2e a5 77 f1 75 69 19 6b 38 f6 f4  ?L._...w.ui.k8..
10b92fe70  5e 51 c2 ed 4f d5 89 6b c7 75 60 e4 38 ed 08 c5  ^Q..O..k.u`.8...
10b92fe80  13 a3 94 e5 0f 7c c8 82 a6 f7 76 a2 ab db 99 d5  .....|....v.....
10b92fe90  95 e2 c0 7f 88 cb 1e b0 a7 38 ae d9 49 8a e0 f5  .........8..I...
10b92fea0  09 2e 5d 42 f8 85 b7 c2 ac 15 89 1b 71 73 0a 61  ..]B........qs.a
10b92feb0  e9 a9 6d c4 a1 b0 61 fb 91 64 7f b2 6b a5 22 71  ..m...a..d..k."q
10b92fec0  b6 6c 5c 92 e1 14 e1 bc c4 12 68 3b 46 5a 3c 63  .l\.......h;FZ<c
10b92fed0  f8 e2 0e c6 43 5c be 91 f9 c4 3b 3c 70 99 66 cb  ....C\....;<p.f.
10b92fee0  5b 5c ac f8 48 5c 5d 2c 72 53 2c 1d 3a 3b 53 89  [\..H\],rS,.:;S.
10b92fef0  cb 70 98 f6 c9 a9 47 1d 32 76 9a 5d be 4c 6f fb  .p....G.2v.].Lo.
10b92ff00  a4 2e 84 ea 15 0e d6 2a dc 93 06 c3 5a 6c 29 7d  .......*....Zl)}
10b92ff10  c0 8b 20 56 18 8e c2 72 16 0b 67 13 43 b2 32 6c  .. V...r..g.C.2l
10b92ff20  8b ba 1b c1 4b 25 3a 51 ce 43 7e 03 c6 ba 92 6a  ....K%:Q.C~....j
10b92ff30  dc 34 08 b9 a8 09 19 a4 2f d8 5a 46 37 54 c1 37  .4....../.ZF7T.7
10b92ff40  95 09 2b c9 50 89 ff ad c3 07 c5 66 9c a2 f2 41  ..+.P......f...A
10b92ff50  a3 b8 93 45 84 c3 e2 67 c2 1c b0 84 53 02 0c a7  ...E...g....S...
10b92ff60  36 a6 cc c0 7f ab 7c 68 b1 32 6f a7 b5 bb ae a0  6.....|h.2o.....
10b92ff70  3b 70 94 97 15 4c b7 b8 83 2b e2 01 a0 ff 9e bb  ;p...L...+......
10b92ff80  75 dc 43 33 8b d3 5a 20 3b 3d b3 01 6c 23 b6 b9  u.C3..Z ;=..l#..
10b92ff90  33 de 75 4c 2e f1 35 4a eb 1d da 9e 40 ac ab 04  3.uL..5J....@...
10b92ffa0  21 3b a2 4b 75 39 2f d9 fa e8 b2 f2 b5 93 a9 3e  !;.Ku9/........>
10b92ffb0  d6 f5 c1 cb 8a 92 0a b6 ec 3b 14 d8 2a aa a2 ab  .........;..*...
10b92ffc0  f9 f8 9f c3 b6 3b d4 6f 6c 02 59 68 3a 45 49 80  .....;.ol.Yh:EI.
10b92ffd0  b7 c3 1a 6c f0 1e 16 e2 71 13 fa 20 1b 0d 88 5c  ...l....q.. ...\
10b92ffe0  5b 68 23 65 21 9b 06 82 1f ba 21 93 f0 f6 22 cb  [h#e!.....!...".
10b92fff0  c6 5e 96 1f d9 d4 90 10 7d 4e e9 57 99 b2 88 3b  .^......}N.W...;
10b930000  e2 be 96 48 b9 2b 63 04 17 2a 3b 54 e7 79 43 da  ...H.+c..*;T.yC.
10b930010  ff ba 63 56 ee d7 cd 89 21 8b 6d 0c e7 8d c9 aa  ..cV....!.m.....
10b930020  74 9e 59 ec 10 9a 0e 6d ff 11 da 9a 07 2c ea d5  t.Y....m.....,..
10b930030  3a 3c 34 d6 f0 b7 0e 21 aa c1 ae bc 9c 7c 0f 8a  :<4....!.....|..
10b930040  c7 5f 36 cb ba d0 29 0c db 43 72 c5 0b 3b 1e b2  ._6...)..Cr..;..
10b930050  a7 81 e7 83 d9 24 20 f5 52 e7 42 cb 84 aa 7c 68  .....$ .R.B...|h
10b930060  7f 45 a2 f1 8a 33 cf 80 9d 34 e7 14 4f 04 4f 66  .E...3...4..O.Of

,	Aweme!0x3e712dc this.args2 onLeave 0x171db89b0 0x171db89b0

,	Aweme!0x3e712dc this.args3 onLeave 0x171db89a0 0x171db89a0

,	Aweme!0x3e712dc this.args4 onLeave 0x1a7 0x1a7

,retval onLeave: 0x10af95fe0             0  1  2  3  4  5  6  7  8  9  A  B  C  D  E  F  0123456789ABCDEF
10af95fe0  6e 56 69 65 77 22 00 40 22 41 57 45 50 4f 49 48  nView".@"AWEPOIH
10af95ff0  6f 74 65 6c 54 69 74 6c 65 56 69 65 77 22 00 40  otelTitleView".@
10af96000  22 41 57 45 50 4f 49 48 6f 74 65 6c 50 6f 6c 69  "AWEPOIHotelPoli
10af96010  63 79 43 65 6c 6c 56 69 65 77 22 00 40 22 41 57  cyCellView".@"AW
10af96020  45 50 4f 49 53 75 70 70 6c 69 65 72 44 65 74 61  EPOISupplierDeta
10af96030  69 6c 52 65 73 70 6f 6e 73 65 22 00 40 22 41 57  ilResponse".@"AW
10af96040  45 50 4f 49 48 6f 74 65 6c 46 61 63 69 6c 69 74  EPOIHotelFacilit
10af96050  79 42 6f 74 74 6f 6d 56 69 65 77 22 00 42 32 34  yBottomView".B24
10af96060  40 30 3a 38 40 22 43 41 4b 41 6c 62 75 6d 56 69  @0:8@"CAKAlbumVi
10af96070  65 77 43 6f 6e 74 72 6f 6c 6c 65 72 22 31 36 00  ewController"16.
10af96080  64 32 34 40 30 3a 38 40 22 43 41 4b 41 6c 62 75  d24@0:8@"CAKAlbu
10af96090  6d 56 69 65 77 43 6f 6e 74 72 6f 6c 6c 65 72 22  mViewController"
10af960a0  31 36 00 40 22 43 41 4b 41 6c 62 75 6d 4e 61 76  16.@"CAKAlbumNav
10af960b0  69 67 61 74 69 6f 6e 56 69 65 77 43 6f 6e 66 69  igationViewConfi
10af960c0  67 22 32 34 40 30 3a 38 40 22 43 41 4b 41 6c 62  g"24@0:8@"CAKAlb
10af960d0  75 6d 56 69 65 77 43 6f 6e 74 72 6f 6c 6c 65 72  umViewController
10af960e0  22 31 36 00 40 22 43 41 4b 41 6c 62 75 6d 4c 69  "16.@"CAKAlbumLi
10af960f0  73 74 56 69 65 77 43 6f 6e 66 69 67 22 32 34 40  stViewConfig"24@
10af96100  30 3a 38 40 22 43 41 4b 41 6c 62 75 6d 56 69 65  0:8@"CAKAlbumVie
10af96110  77 43 6f 6e 74 72 6f 6c 6c 65 72 22 31 36 00 40  wController"16.@
10af96120  22 43 41 4b 41 6c 62 75 6d 42 6f 74 74 6f 6d 56  "CAKAlbumBottomV
10af96130  69 65 77 43 6f 6e 66 69 67 22 32 34 40 30 3a 38  iewConfig"24@0:8
10af96140  40 22 43 41 4b 41 6c 62 75 6d 56 69 65 77 43 6f  @"CAKAlbumViewCo
10af96150  6e 74 72 6f 6c 6c 65 72 22 31 36 00 40 22 43 41  ntroller"16.@"CA
10af96160  4b 41 6c 62 75 6d 53 65 6c 65 63 74 65 64 41 73  KAlbumSelectedAs
10af96170  73 65 74 73 56 69 65 77 43 6f 6e 66 69 67 22 32  setsViewConfig"2
10af96180  34 40 30 3a 38 40 22 43 41 4b 41 6c 62 75 6d 56  4@0:8@"CAKAlbumV
10af96190  69 65 77 43 6f 6e 74 72 6f 6c 6c 65 72 22 31 36  iewController"16
10af961a0  00 40 22 55 49 56 69 65 77 3c 43 41 4b 41 6c 62  .@"UIView<CAKAlb
10af961b0  75 6d 4e 61 76 69 67 61 74 69 6f 6e 56 69 65 77  umNavigationView
10af961c0  50 72 6f 74 6f 63 6f 6c 3e 22 32 34 40 30 3a 38  Protocol>"24@0:8
10af961d0  40 22 43 41 4b 41 6c 62 75 6d 56 69 65 77 43 6f  @"CAKAlbumViewCo
10af961e0  6e 74 72 6f 6c 6c 65 72 22 31 36 00 40 22 55 49  ntroller"16.@"UI
10af961f0  56 69 65 77 3c 43 41 4b 41 6c 62 75 6d 42 6f 74  View<CAKAlbumBot
10af96200  74 6f 6d 56 69 65 77 50 72 6f 74 6f 63 6f 6c 3e  tomViewProtocol>
10af96210  22 32 34 40 30 3a 38 40 22 43 41 4b 41 6c 62 75  "24@0:8@"CAKAlbu
10af96220  6d 56 69 65 77 43 6f 6e 74 72 6f 6c 6c 65 72 22  mViewController"
10af96230  31 36 00 40 22 55 49 56 69 65 77 3c 43 41 4b 53  16.@"UIView<CAKS
10af96240  65 6c 65 63 74 65 64 41 73 73 65 74 73 56 69 65  electedAssetsVie
10af96250  77 50 72 6f 74 6f 63 6f 6c 3e 22 32 34 40 30 3a  wProtocol>"24@0:
10af96260  38 40 22 43 41 4b 41 6c 62 75 6d 56 69 65 77 43  8@"CAKAlbumViewC
10af96270  6f 6e 74 72 6f 6c 6c 65 72 22 31 36 00 40 22 55  ontroller"16.@"U
10af96280  49 56 69 65 77 3c 43 41 4b 41 6c 62 75 6d 52 65  IView<CAKAlbumRe
10af96290  71 75 65 73 74 41 63 63 65 73 73 56 69 65 77 50  questAccessViewP
10af962a0  72 6f 74 6f 63 6f 6c 3e 22 32 34 40 30 3a 38 40  rotocol>"24@0:8@
10af962b0  22 43 41 4b 41 6c 62 75 6d 56 69 65 77 43 6f 6e  "CAKAlbumViewCon
10af962c0  74 72 6f 6c 6c 65 72 22 31 36 00 40 22 4e 53 41  troller"16.@"NSA
10af962d0  72 72 61 79 22 32 34 40 30 3a 38 40 22 43 41 4b  rray"24@0:8@"CAK
10af962e0  41 6c 62 75 6d 56 69 65 77 43 6f 6e 74 72 6f 6c  AlbumViewControl
10af962f0  6c 65 72 22 31 36 00 76 32 34 40 30 3a 38 40 22  ler"16.v24@0:8@"
10af96300  43 41 4b 41 6c 62 75 6d 56 69 65 77 43 6f 6e 74  CAKAlbumViewCont
10af96310  72 6f 6c 6c 65 72 22 31 36 00 76 32 34 40 30 3a  roller"16.v24@0:
10af96320  38 40 22 55 49 56 69 65 77 43 6f 6e 74 72 6f 6c  8@"UIViewControl
10af96330  6c 65 72 3c 43 41 4b 41 6c 62 75 6d 4c 69 73 74  ler<CAKAlbumList
10af96340  56 69 65 77 43 6f 6e 74 72 6f 6c 6c 65 72 50 72  ViewControllerPr
10af96350  6f 74 6f 63 6f 6c 3e 22 31 36 00 76 34 30 40 30  otocol>"16.v40@0
10af96360  3a 38 40 22 43 41 4b 41 6c 62 75 6d 56 69 65 77  :8@"CAKAlbumView
10af96370  43 6f 6e 74 72 6f 6c 6c 65 72 22 31 36 40 22 43  Controller"16@"C
10af96380  41 4b 41 6c 62 75 6d 41 73 73 65 74 4d 6f 64 65  AKAlbumAssetMode
10af96390  6c 22 32 34 71 33 32 00 42 33 32 40 30 3a 38 40  l"24q32.B32@0:8@
10af963a0  22 43 41 4b 41 6c 62 75 6d 56 69 65 77 43 6f 6e  "CAKAlbumViewCon
10af963b0  74 72 6f 6c 6c 65 72 22 31 36 40 22 43 41 4b 41  troller"16@"CAKA
10af963c0  6c 62 75 6d 41 73 73 65 74 4d 6f 64 65 6c 22 32  lbumAssetModel"2
10af963d0  34 00 76 34 30 40 30 3a 38 40 22 43 41 4b 41 6c  4.v40@0:8@"CAKAl

call Aweme!0x3e712dc
,	Aweme!0x3e712dc this.args0 0x10af95fe0             0  1  2  3  4  5  6  7  8  9  A  B  C  D  E  F  0123456789ABCDEF
10af95fe0  6e 56 69 65 77 22 00 40 22 41 57 45 50 4f 49 48  nView".@"AWEPOIH
10af95ff0  6f 74 65 6c 54 69 74 6c 65 56 69 65 77 22 00 40  otelTitleView".@
10af96000  22 41 57 45 50 4f 49 48 6f 74 65 6c 50 6f 6c 69  "AWEPOIHotelPoli
10af96010  63 79 43 65 6c 6c 56 69 65 77 22 00 40 22 41 57  cyCellView".@"AW
10af96020  45 50 4f 49 53 75 70 70 6c 69 65 72 44 65 74 61  EPOISupplierDeta
10af96030  69 6c 52 65 73 70 6f 6e 73 65 22 00 40 22 41 57  ilResponse".@"AW
10af96040  45 50 4f 49 48 6f 74 65 6c 46 61 63 69 6c 69 74  EPOIHotelFacilit
10af96050  79 42 6f 74 74 6f 6d 56 69 65 77 22 00 42 32 34  yBottomView".B24
10af96060  40 30 3a 38 40 22 43 41 4b 41 6c 62 75 6d 56 69  @0:8@"CAKAlbumVi
10af96070  65 77 43 6f 6e 74 72 6f 6c 6c 65 72 22 31 36 00  ewController"16.
10af96080  64 32 34 40 30 3a 38 40 22 43 41 4b 41 6c 62 75  d24@0:8@"CAKAlbu
10af96090  6d 56 69 65 77 43 6f 6e 74 72 6f 6c 6c 65 72 22  mViewController"
10af960a0  31 36 00 40 22 43 41 4b 41 6c 62 75 6d 4e 61 76  16.@"CAKAlbumNav
10af960b0  69 67 61 74 69 6f 6e 56 69 65 77 43 6f 6e 66 69  igationViewConfi
10af960c0  67 22 32 34 40 30 3a 38 40 22 43 41 4b 41 6c 62  g"24@0:8@"CAKAlb
10af960d0  75 6d 56 69 65 77 43 6f 6e 74 72 6f 6c 6c 65 72  umViewController
10af960e0  22 31 36 00 40 22 43 41 4b 41 6c 62 75 6d 4c 69  "16.@"CAKAlbumLi
10af960f0  73 74 56 69 65 77 43 6f 6e 66 69 67 22 32 34 40  stViewConfig"24@
10af96100  30 3a 38 40 22 43 41 4b 41 6c 62 75 6d 56 69 65  0:8@"CAKAlbumVie
10af96110  77 43 6f 6e 74 72 6f 6c 6c 65 72 22 31 36 00 40  wController"16.@
10af96120  22 43 41 4b 41 6c 62 75 6d 42 6f 74 74 6f 6d 56  "CAKAlbumBottomV
10af96130  69 65 77 43 6f 6e 66 69 67 22 32 34 40 30 3a 38  iewConfig"24@0:8
10af96140  40 22 43 41 4b 41 6c 62 75 6d 56 69 65 77 43 6f  @"CAKAlbumViewCo
10af96150  6e 74 72 6f 6c 6c 65 72 22 31 36 00 40 22 43 41  ntroller"16.@"CA
10af96160  4b 41 6c 62 75 6d 53 65 6c 65 63 74 65 64 41 73  KAlbumSelectedAs
10af96170  73 65 74 73 56 69 65 77 43 6f 6e 66 69 67 22 32  setsViewConfig"2
10af96180  34 40 30 3a 38 40 22 43 41 4b 41 6c 62 75 6d 56  4@0:8@"CAKAlbumV
10af96190  69 65 77 43 6f 6e 74 72 6f 6c 6c 65 72 22 31 36  iewController"16
10af961a0  00 40 22 55 49 56 69 65 77 3c 43 41 4b 41 6c 62  .@"UIView<CAKAlb
10af961b0  75 6d 4e 61 76 69 67 61 74 69 6f 6e 56 69 65 77  umNavigationView
10af961c0  50 72 6f 74 6f 63 6f 6c 3e 22 32 34 40 30 3a 38  Protocol>"24@0:8
10af961d0  40 22 43 41 4b 41 6c 62 75 6d 56 69 65 77 43 6f  @"CAKAlbumViewCo
10af961e0  6e 74 72 6f 6c 6c 65 72 22 31 36 00 40 22 55 49  ntroller"16.@"UI
10af961f0  56 69 65 77 3c 43 41 4b 41 6c 62 75 6d 42 6f 74  View<CAKAlbumBot
10af96200  74 6f 6d 56 69 65 77 50 72 6f 74 6f 63 6f 6c 3e  tomViewProtocol>
10af96210  22 32 34 40 30 3a 38 40 22 43 41 4b 41 6c 62 75  "24@0:8@"CAKAlbu
10af96220  6d 56 69 65 77 43 6f 6e 74 72 6f 6c 6c 65 72 22  mViewController"
10af96230  31 36 00 40 22 55 49 56 69 65 77 3c 43 41 4b 53  16.@"UIView<CAKS
10af96240  65 6c 65 63 74 65 64 41 73 73 65 74 73 56 69 65  electedAssetsVie
10af96250  77 50 72 6f 74 6f 63 6f 6c 3e 22 32 34 40 30 3a  wProtocol>"24@0:
10af96260  38 40 22 43 41 4b 41 6c 62 75 6d 56 69 65 77 43  8@"CAKAlbumViewC
10af96270  6f 6e 74 72 6f 6c 6c 65 72 22 31 36 00 40 22 55  ontroller"16.@"U
10af96280  49 56 69 65 77 3c 43 41 4b 41 6c 62 75 6d 52 65  IView<CAKAlbumRe
10af96290  71 75 65 73 74 41 63 63 65 73 73 56 69 65 77 50  questAccessViewP
10af962a0  72 6f 74 6f 63 6f 6c 3e 22 32 34 40 30 3a 38 40  rotocol>"24@0:8@
10af962b0  22 43 41 4b 41 6c 62 75 6d 56 69 65 77 43 6f 6e  "CAKAlbumViewCon
10af962c0  74 72 6f 6c 6c 65 72 22 31 36 00 40 22 4e 53 41  troller"16.@"NSA
10af962d0  72 72 61 79 22 32 34 40 30 3a 38 40 22 43 41 4b  rray"24@0:8@"CAK
10af962e0  41 6c 62 75 6d 56 69 65 77 43 6f 6e 74 72 6f 6c  AlbumViewControl
10af962f0  6c 65 72 22 31 36 00 76 32 34 40 30 3a 38 40 22  ler"16.v24@0:8@"
10af96300  43 41 4b 41 6c 62 75 6d 56 69 65 77 43 6f 6e 74  CAKAlbumViewCont
10af96310  72 6f 6c 6c 65 72 22 31 36 00 76 32 34 40 30 3a  roller"16.v24@0:
10af96320  38 40 22 55 49 56 69 65 77 43 6f 6e 74 72 6f 6c  8@"UIViewControl
10af96330  6c 65 72 3c 43 41 4b 41 6c 62 75 6d 4c 69 73 74  ler<CAKAlbumList
10af96340  56 69 65 77 43 6f 6e 74 72 6f 6c 6c 65 72 50 72  ViewControllerPr
10af96350  6f 74 6f 63 6f 6c 3e 22 31 36 00 76 34 30 40 30  otocol>"16.v40@0
10af96360  3a 38 40 22 43 41 4b 41 6c 62 75 6d 56 69 65 77  :8@"CAKAlbumView
10af96370  43 6f 6e 74 72 6f 6c 6c 65 72 22 31 36 40 22 43  Controller"16@"C
10af96380  41 4b 41 6c 62 75 6d 41 73 73 65 74 4d 6f 64 65  AKAlbumAssetMode
10af96390  6c 22 32 34 71 33 32 00 42 33 32 40 30 3a 38 40  l"24q32.B32@0:8@
10af963a0  22 43 41 4b 41 6c 62 75 6d 56 69 65 77 43 6f 6e  "CAKAlbumViewCon
10af963b0  74 72 6f 6c 6c 65 72 22 31 36 40 22 43 41 4b 41  troller"16@"CAKA
10af963c0  6c 62 75 6d 41 73 73 65 74 4d 6f 64 65 6c 22 32  lbumAssetModel"2
10af963d0  34 00 76 34 30 40 30 3a 38 40 22 43 41 4b 41 6c  4.v40@0:8@"CAKAl

,	Aweme!0x3e712dc this.args1 0x10b92fc70             0  1  2  3  4  5  6  7  8  9  A  B  C  D  E  F  0123456789ABCDEF
10b92fc70  d6 fe 2f 02 6a 66 5e 86 85 f0 85 c6 04 28 af b8  ../.jf^......(..
10b92fc80  e4 89 2d a9 21 e5 7e c2 57 38 4d aa b1 e1 fc df  ..-.!.~.W8M.....
10b92fc90  9b 1f 25 a7 55 33 aa 94 58 34 8b 98 82 8e b5 15  ..%.U3..X4......
10b92fca0  02 fd 06 c2 61 3e f2 35 55 b3 60 fd 62 0b fe 73  ....a>.5U.`.b..s
10b92fcb0  76 67 90 df c7 24 ee 4f 46 d7 e2 30 ca 20 6f e2  vg...$.OF..0. o.
10b92fcc0  8f b0 78 dc 4b 2f a4 e8 67 21 af 01 05 c2 7f ee  ..x.K/..g!......
10b92fcd0  da 27 2b 1b 48 ce bf 5e 28 7f 0b 40 8a 06 ce 06  .'+.H..^(..@....
10b92fce0  b1 26 9b 60 f6 c2 ed 8b 53 0c aa 00 89 73 5f c0  .&.`....S....s_.
10b92fcf0  4b 4d b3 cb e0 96 ad 49 7c d1 eb 95 f7 2e df 6f  KM.....I|......o
10b92fd00  4f ce 22 bc 26 1d 15 be b3 57 09 4e 4b f9 77 9a  O.".&....W.NK.w.
10b92fd10  4f 9d f4 d2 a7 10 02 22 c7 98 59 01 68 92 bc 3f  O......"..Y.h..?
10b92fd20  89 f8 d6 4b b2 24 58 db 42 ae aa 6f a8 0f d2 62  ...K.$X.B..o...b
10b92fd30  25 6c a2 c0 70 69 05 27 9b 42 94 c6 4d c6 8e 07  %l..pi.'.B..M...
10b92fd40  4c 23 05 12 24 7f 31 19 3c 77 62 8c 71 68 28 fa  L#..$.1.<wb.qh(.
10b92fd50  ee e6 c6 dd eb c3 20 05 89 d0 25 49 0e c4 07 28  ...... ...%I...(
10b92fd60  84 7b a7 4d 1e f1 c5 fd 7d 5d 93 53 03 c0 ac ff  .{.M....}].S....
10b92fd70  b2 f4 d9 0a 77 ac 7f fd f0 ba d7 76 8a 60 ee 40  ....w......v.`.@
10b92fd80  23 1b 45 8d c3 aa 66 e7 ed c8 8e ea 3f 4f 61 90  #.E...f.....?Oa.
10b92fd90  c6 75 10 0c c5 42 c1 c7 f8 98 b1 61 28 50 e7 88  .u...B.....a(P..
10b92fda0  65 34 de bb ae 2f 78 4b 22 be b8 06 8a b7 38 b0  e4.../xK".....8.
10b92fdb0  ee e4 54 c3 fe 17 24 e4 b9 6e e6 1d 7a 23 60 ab  ..T...$..n..z#`.
10b92fdc0  f3 ab c9 ac 85 f8 51 ab 4a 1c 2a f1 39 6e 48 5e  ......Q.J.*.9nH^
10b92fdd0  e1 13 4b bd e9 c5 cf 49 24 71 cd f0 a2 0d 2f 08  ..K....I$q..../.
10b92fde0  f1 0d b3 a3 e8 52 1f c0 c5 db 14 83 d1 06 9d f9  .....R..........
10b92fdf0  0e af e3 60 97 c0 2a 24 15 eb b0 03 5a 2e 46 2a  ...`..*$....Z.F*
10b92fe00  75 da 7a 3e cb e3 0d 99 3c 35 e6 4d c8 ed 82 84  u.z>....<5.M....
10b92fe10  f6 21 97 61 a1 8e 89 92 8d 26 9f b3 a4 9d 2a 2c  .!.a.....&....*,
10b92fe20  a3 50 37 5b 86 3b 7b 48 7f c8 b2 56 25 c8 b8 8b  .P7[.;{H...V%...
10b92fe30  4e 41 d9 c8 6e 32 d9 2f 48 34 1a b2 8e 44 5d 98  NA..n2./H4...D].
10b92fe40  0b 07 26 ee 74 50 9f 81 1d 2a 9c 2d 40 fc c7 16  ..&.tP...*.-@...
10b92fe50  00 68 7d af 03 fa e4 cb 40 fb 3f 0b 3f c9 63 34  .h}.....@.?.?.c4
10b92fe60  3f 4c d5 5f c0 2e a5 77 f1 75 69 19 6b 38 f6 f4  ?L._...w.ui.k8..
10b92fe70  5e 51 c2 ed 4f d5 89 6b c7 75 60 e4 38 ed 08 c5  ^Q..O..k.u`.8...
10b92fe80  13 a3 94 e5 0f 7c c8 82 a6 f7 76 a2 ab db 99 d5  .....|....v.....
10b92fe90  95 e2 c0 7f 88 cb 1e b0 a7 38 ae d9 49 8a e0 f5  .........8..I...
10b92fea0  09 2e 5d 42 f8 85 b7 c2 ac 15 89 1b 71 73 0a 61  ..]B........qs.a
10b92feb0  e9 a9 6d c4 a1 b0 61 fb 91 64 7f b2 6b a5 22 71  ..m...a..d..k."q
10b92fec0  b6 6c 5c 92 e1 14 e1 bc c4 12 68 3b 46 5a 3c 63  .l\.......h;FZ<c
10b92fed0  f8 e2 0e c6 43 5c be 91 f9 c4 3b 3c 70 99 66 cb  ....C\....;<p.f.
10b92fee0  5b 5c ac f8 48 5c 5d 2c 72 53 2c 1d 3a 3b 53 89  [\..H\],rS,.:;S.
10b92fef0  cb 70 98 f6 c9 a9 47 1d 32 76 9a 5d be 4c 6f fb  .p....G.2v.].Lo.
10b92ff00  a4 2e 84 ea 15 0e d6 2a dc 93 06 c3 5a 6c 29 7d  .......*....Zl)}
10b92ff10  c0 8b 20 56 18 8e c2 72 16 0b 67 13 43 b2 32 6c  .. V...r..g.C.2l
10b92ff20  8b ba 1b c1 4b 25 3a 51 ce 43 7e 03 c6 ba 92 6a  ....K%:Q.C~....j
10b92ff30  dc 34 08 b9 a8 09 19 a4 2f d8 5a 46 37 54 c1 37  .4....../.ZF7T.7
10b92ff40  95 09 2b c9 50 89 ff ad c3 07 c5 66 9c a2 f2 41  ..+.P......f...A
10b92ff50  a3 b8 93 45 84 c3 e2 67 c2 1c b0 84 53 02 0c a7  ...E...g....S...
10b92ff60  36 a6 cc c0 7f ab 7c 68 b1 32 6f a7 b5 bb ae a0  6.....|h.2o.....
10b92ff70  3b 70 94 97 15 4c b7 b8 83 2b e2 01 a0 ff 9e bb  ;p...L...+......
10b92ff80  75 dc 43 33 8b d3 5a 20 3b 3d b3 01 6c 23 b6 b9  u.C3..Z ;=..l#..
10b92ff90  33 de 75 4c 2e f1 35 4a eb 1d da 9e 40 ac ab 04  3.uL..5J....@...
10b92ffa0  21 3b a2 4b 75 39 2f d9 fa e8 b2 f2 b5 93 a9 3e  !;.Ku9/........>
10b92ffb0  d6 f5 c1 cb 8a 92 0a b6 ec 3b 14 d8 2a aa a2 ab  .........;..*...
10b92ffc0  f9 f8 9f c3 b6 3b d4 6f 6c 02 59 68 3a 45 49 80  .....;.ol.Yh:EI.
10b92ffd0  b7 c3 1a 6c f0 1e 16 e2 71 13 fa 20 1b 0d 88 5c  ...l....q.. ...\
10b92ffe0  5b 68 23 65 21 9b 06 82 1f ba 21 93 f0 f6 22 cb  [h#e!.....!...".
10b92fff0  c6 5e 96 1f d9 d4 90 10 7d 4e e9 57 99 b2 88 3b  .^......}N.W...;
10b930000  e2 be 96 48 b9 2b 63 04 17 2a 3b 54 e7 79 43 da  ...H.+c..*;T.yC.
10b930010  ff ba 63 56 ee d7 cd 89 21 8b 6d 0c e7 8d c9 aa  ..cV....!.m.....
10b930020  74 9e 59 ec 10 9a 0e 6d ff 11 da 9a 07 2c ea d5  t.Y....m.....,..
10b930030  3a 3c 34 d6 f0 b7 0e 21 aa c1 ae bc 9c 7c 0f 8a  :<4....!.....|..
10b930040  c7 5f 36 cb ba d0 29 0c db 43 72 c5 0b 3b 1e b2  ._6...)..Cr..;..
10b930050  a7 81 e7 83 d9 24 20 f5 52 e7 42 cb 84 aa 7c 68  .....$ .R.B...|h
10b930060  7f 45 a2 f1 8a 33 cf 80 9d 34 e7 14 4f 04 4f 66  .E...3...4..O.Of

,	Aweme!0x3e712dc this.args2 0x171db89b0 0x171db89b0

,	Aweme!0x3e712dc this.args3 0x171db89a0 0x171db89a0

,	Aweme!0x3e712dc this.args4 0x1a7 0x1a7

,	Aweme!0x3e712dc this.args0 onLeave 0x10af95fe0             0  1  2  3  4  5  6  7  8  9  A  B  C  D  E  F  0123456789ABCDEF
10af95fe0  6e 56 69 65 77 22 00 40 22 41 57 45 50 4f 49 48  nView".@"AWEPOIH
10af95ff0  6f 74 65 6c 54 69 74 6c 65 56 69 65 77 22 00 40  otelTitleView".@
10af96000  22 41 57 45 50 4f 49 48 6f 74 65 6c 50 6f 6c 69  "AWEPOIHotelPoli
10af96010  63 79 43 65 6c 6c 56 69 65 77 22 00 40 22 41 57  cyCellView".@"AW
10af96020  45 50 4f 49 53 75 70 70 6c 69 65 72 44 65 74 61  EPOISupplierDeta
10af96030  69 6c 52 65 73 70 6f 6e 73 65 22 00 40 22 41 57  ilResponse".@"AW
10af96040  45 50 4f 49 48 6f 74 65 6c 46 61 63 69 6c 69 74  EPOIHotelFacilit
10af96050  79 42 6f 74 74 6f 6d 56 69 65 77 22 00 42 32 34  yBottomView".B24
10af96060  40 30 3a 38 40 22 43 41 4b 41 6c 62 75 6d 56 69  @0:8@"CAKAlbumVi
10af96070  65 77 43 6f 6e 74 72 6f 6c 6c 65 72 22 31 36 00  ewController"16.
10af96080  64 32 34 40 30 3a 38 40 22 43 41 4b 41 6c 62 75  d24@0:8@"CAKAlbu
10af96090  6d 56 69 65 77 43 6f 6e 74 72 6f 6c 6c 65 72 22  mViewController"
10af960a0  31 36 00 40 22 43 41 4b 41 6c 62 75 6d 4e 61 76  16.@"CAKAlbumNav
10af960b0  69 67 61 74 69 6f 6e 56 69 65 77 43 6f 6e 66 69  igationViewConfi
10af960c0  67 22 32 34 40 30 3a 38 40 22 43 41 4b 41 6c 62  g"24@0:8@"CAKAlb
10af960d0  75 6d 56 69 65 77 43 6f 6e 74 72 6f 6c 6c 65 72  umViewController
10af960e0  22 31 36 00 40 22 43 41 4b 41 6c 62 75 6d 4c 69  "16.@"CAKAlbumLi
10af960f0  73 74 56 69 65 77 43 6f 6e 66 69 67 22 32 34 40  stViewConfig"24@
10af96100  30 3a 38 40 22 43 41 4b 41 6c 62 75 6d 56 69 65  0:8@"CAKAlbumVie
10af96110  77 43 6f 6e 74 72 6f 6c 6c 65 72 22 31 36 00 40  wController"16.@
10af96120  22 43 41 4b 41 6c 62 75 6d 42 6f 74 74 6f 6d 56  "CAKAlbumBottomV
10af96130  69 65 77 43 6f 6e 66 69 67 22 32 34 40 30 3a 38  iewConfig"24@0:8
10af96140  40 22 43 41 4b 41 6c 62 75 6d 56 69 65 77 43 6f  @"CAKAlbumViewCo
10af96150  6e 74 72 6f 6c 6c 65 72 22 31 36 00 40 22 43 41  ntroller"16.@"CA
10af96160  4b 41 6c 62 75 6d 53 65 6c 65 63 74 65 64 41 73  KAlbumSelectedAs
10af96170  73 65 74 73 56 69 65 77 43 6f 6e 66 69 67 22 32  setsViewConfig"2
10af96180  34 40 30 3a 38 40 22 43 41 4b 41 6c 62 75 6d 56  4@0:8@"CAKAlbumV
10af96190  69 65 77 43 6f 6e 74 72 6f 6c 6c 65 72 22 31 36  iewController"16
10af961a0  00 40 22 55 49 56 69 65 77 3c 43 41 4b 41 6c 62  .@"UIView<CAKAlb
10af961b0  75 6d 4e 61 76 69 67 61 74 69 6f 6e 56 69 65 77  umNavigationView
10af961c0  50 72 6f 74 6f 63 6f 6c 3e 22 32 34 40 30 3a 38  Protocol>"24@0:8
10af961d0  40 22 43 41 4b 41 6c 62 75 6d 56 69 65 77 43 6f  @"CAKAlbumViewCo
10af961e0  6e 74 72 6f 6c 6c 65 72 22 31 36 00 40 22 55 49  ntroller"16.@"UI
10af961f0  56 69 65 77 3c 43 41 4b 41 6c 62 75 6d 42 6f 74  View<CAKAlbumBot
10af96200  74 6f 6d 56 69 65 77 50 72 6f 74 6f 63 6f 6c 3e  tomViewProtocol>
10af96210  22 32 34 40 30 3a 38 40 22 43 41 4b 41 6c 62 75  "24@0:8@"CAKAlbu
10af96220  6d 56 69 65 77 43 6f 6e 74 72 6f 6c 6c 65 72 22  mViewController"
10af96230  31 36 00 40 22 55 49 56 69 65 77 3c 43 41 4b 53  16.@"UIView<CAKS
10af96240  65 6c 65 63 74 65 64 41 73 73 65 74 73 56 69 65  electedAssetsVie
10af96250  77 50 72 6f 74 6f 63 6f 6c 3e 22 32 34 40 30 3a  wProtocol>"24@0:
10af96260  38 40 22 43 41 4b 41 6c 62 75 6d 56 69 65 77 43  8@"CAKAlbumViewC
10af96270  6f 6e 74 72 6f 6c 6c 65 72 22 31 36 00 40 22 55  ontroller"16.@"U
10af96280  49 56 69 65 77 3c 43 41 4b 41 6c 62 75 6d 52 65  IView<CAKAlbumRe
10af96290  71 75 65 73 74 41 63 63 65 73 73 56 69 65 77 50  questAccessViewP
10af962a0  72 6f 74 6f 63 6f 6c 3e 22 32 34 40 30 3a 38 40  rotocol>"24@0:8@
10af962b0  22 43 41 4b 41 6c 62 75 6d 56 69 65 77 43 6f 6e  "CAKAlbumViewCon
10af962c0  74 72 6f 6c 6c 65 72 22 31 36 00 40 22 4e 53 41  troller"16.@"NSA
10af962d0  72 72 61 79 22 32 34 40 30 3a 38 40 22 43 41 4b  rray"24@0:8@"CAK
10af962e0  41 6c 62 75 6d 56 69 65 77 43 6f 6e 74 72 6f 6c  AlbumViewControl
10af962f0  6c 65 72 22 31 36 00 76 32 34 40 30 3a 38 40 22  ler"16.v24@0:8@"
10af96300  43 41 4b 41 6c 62 75 6d 56 69 65 77 43 6f 6e 74  CAKAlbumViewCont
10af96310  72 6f 6c 6c 65 72 22 31 36 00 76 32 34 40 30 3a  roller"16.v24@0:
10af96320  38 40 22 55 49 56 69 65 77 43 6f 6e 74 72 6f 6c  8@"UIViewControl
10af96330  6c 65 72 3c 43 41 4b 41 6c 62 75 6d 4c 69 73 74  ler<CAKAlbumList
10af96340  56 69 65 77 43 6f 6e 74 72 6f 6c 6c 65 72 50 72  ViewControllerPr
10af96350  6f 74 6f 63 6f 6c 3e 22 31 36 00 76 34 30 40 30  otocol>"16.v40@0
10af96360  3a 38 40 22 43 41 4b 41 6c 62 75 6d 56 69 65 77  :8@"CAKAlbumView
10af96370  43 6f 6e 74 72 6f 6c 6c 65 72 22 31 36 40 22 43  Controller"16@"C
10af96380  41 4b 41 6c 62 75 6d 41 73 73 65 74 4d 6f 64 65  AKAlbumAssetMode
10af96390  6c 22 32 34 71 33 32 00 42 33 32 40 30 3a 38 40  l"24q32.B32@0:8@
10af963a0  22 43 41 4b 41 6c 62 75 6d 56 69 65 77 43 6f 6e  "CAKAlbumViewCon
10af963b0  74 72 6f 6c 6c 65 72 22 31 36 40 22 43 41 4b 41  troller"16@"CAKA
10af963c0  6c 62 75 6d 41 73 73 65 74 4d 6f 64 65 6c 22 32  lbumAssetModel"2
10af963d0  34 00 76 34 30 40 30 3a 38 40 22 43 41 4b 41 6c  4.v40@0:8@"CAKAl

,	Aweme!0x3e712dc this.args1 onLeave 0x10b92fc70             0  1  2  3  4  5  6  7  8  9  A  B  C  D  E  F  0123456789ABCDEF
10b92fc70  d6 fe 2f 02 6a 66 5e 86 85 f0 85 c6 04 28 af b8  ../.jf^......(..
10b92fc80  e4 89 2d a9 21 e5 7e c2 57 38 4d aa b1 e1 fc df  ..-.!.~.W8M.....
10b92fc90  9b 1f 25 a7 55 33 aa 94 58 34 8b 98 82 8e b5 15  ..%.U3..X4......
10b92fca0  02 fd 06 c2 61 3e f2 35 55 b3 60 fd 62 0b fe 73  ....a>.5U.`.b..s
10b92fcb0  76 67 90 df c7 24 ee 4f 46 d7 e2 30 ca 20 6f e2  vg...$.OF..0. o.
10b92fcc0  8f b0 78 dc 4b 2f a4 e8 67 21 af 01 05 c2 7f ee  ..x.K/..g!......
10b92fcd0  da 27 2b 1b 48 ce bf 5e 28 7f 0b 40 8a 06 ce 06  .'+.H..^(..@....
10b92fce0  b1 26 9b 60 f6 c2 ed 8b 53 0c aa 00 89 73 5f c0  .&.`....S....s_.
10b92fcf0  4b 4d b3 cb e0 96 ad 49 7c d1 eb 95 f7 2e df 6f  KM.....I|......o
10b92fd00  4f ce 22 bc 26 1d 15 be b3 57 09 4e 4b f9 77 9a  O.".&....W.NK.w.
10b92fd10  4f 9d f4 d2 a7 10 02 22 c7 98 59 01 68 92 bc 3f  O......"..Y.h..?
10b92fd20  89 f8 d6 4b b2 24 58 db 42 ae aa 6f a8 0f d2 62  ...K.$X.B..o...b
10b92fd30  25 6c a2 c0 70 69 05 27 9b 42 94 c6 4d c6 8e 07  %l..pi.'.B..M...
10b92fd40  4c 23 05 12 24 7f 31 19 3c 77 62 8c 71 68 28 fa  L#..$.1.<wb.qh(.
10b92fd50  ee e6 c6 dd eb c3 20 05 89 d0 25 49 0e c4 07 28  ...... ...%I...(
10b92fd60  84 7b a7 4d 1e f1 c5 fd 7d 5d 93 53 03 c0 ac ff  .{.M....}].S....
10b92fd70  b2 f4 d9 0a 77 ac 7f fd f0 ba d7 76 8a 60 ee 40  ....w......v.`.@
10b92fd80  23 1b 45 8d c3 aa 66 e7 ed c8 8e ea 3f 4f 61 90  #.E...f.....?Oa.
10b92fd90  c6 75 10 0c c5 42 c1 c7 f8 98 b1 61 28 50 e7 88  .u...B.....a(P..
10b92fda0  65 34 de bb ae 2f 78 4b 22 be b8 06 8a b7 38 b0  e4.../xK".....8.
10b92fdb0  ee e4 54 c3 fe 17 24 e4 b9 6e e6 1d 7a 23 60 ab  ..T...$..n..z#`.
10b92fdc0  f3 ab c9 ac 85 f8 51 ab 4a 1c 2a f1 39 6e 48 5e  ......Q.J.*.9nH^
10b92fdd0  e1 13 4b bd e9 c5 cf 49 24 71 cd f0 a2 0d 2f 08  ..K....I$q..../.
10b92fde0  f1 0d b3 a3 e8 52 1f c0 c5 db 14 83 d1 06 9d f9  .....R..........
10b92fdf0  0e af e3 60 97 c0 2a 24 15 eb b0 03 5a 2e 46 2a  ...`..*$....Z.F*
10b92fe00  75 da 7a 3e cb e3 0d 99 3c 35 e6 4d c8 ed 82 84  u.z>....<5.M....
10b92fe10  f6 21 97 61 a1 8e 89 92 8d 26 9f b3 a4 9d 2a 2c  .!.a.....&....*,
10b92fe20  a3 50 37 5b 86 3b 7b 48 7f c8 b2 56 25 c8 b8 8b  .P7[.;{H...V%...
10b92fe30  4e 41 d9 c8 6e 32 d9 2f 48 34 1a b2 8e 44 5d 98  NA..n2./H4...D].
10b92fe40  0b 07 26 ee 74 50 9f 81 1d 2a 9c 2d 40 fc c7 16  ..&.tP...*.-@...
10b92fe50  00 68 7d af 03 fa e4 cb 40 fb 3f 0b 3f c9 63 34  .h}.....@.?.?.c4
10b92fe60  3f 4c d5 5f c0 2e a5 77 f1 75 69 19 6b 38 f6 f4  ?L._...w.ui.k8..
10b92fe70  5e 51 c2 ed 4f d5 89 6b c7 75 60 e4 38 ed 08 c5  ^Q..O..k.u`.8...
10b92fe80  13 a3 94 e5 0f 7c c8 82 a6 f7 76 a2 ab db 99 d5  .....|....v.....
10b92fe90  95 e2 c0 7f 88 cb 1e b0 a7 38 ae d9 49 8a e0 f5  .........8..I...
10b92fea0  09 2e 5d 42 f8 85 b7 c2 ac 15 89 1b 71 73 0a 61  ..]B........qs.a
10b92feb0  e9 a9 6d c4 a1 b0 61 fb 91 64 7f b2 6b a5 22 71  ..m...a..d..k."q
10b92fec0  b6 6c 5c 92 e1 14 e1 bc c4 12 68 3b 46 5a 3c 63  .l\.......h;FZ<c
10b92fed0  f8 e2 0e c6 43 5c be 91 f9 c4 3b 3c 70 99 66 cb  ....C\....;<p.f.
10b92fee0  5b 5c ac f8 48 5c 5d 2c 72 53 2c 1d 3a 3b 53 89  [\..H\],rS,.:;S.
10b92fef0  cb 70 98 f6 c9 a9 47 1d 32 76 9a 5d be 4c 6f fb  .p....G.2v.].Lo.
10b92ff00  a4 2e 84 ea 15 0e d6 2a dc 93 06 c3 5a 6c 29 7d  .......*....Zl)}
10b92ff10  c0 8b 20 56 18 8e c2 72 16 0b 67 13 43 b2 32 6c  .. V...r..g.C.2l
10b92ff20  8b ba 1b c1 4b 25 3a 51 ce 43 7e 03 c6 ba 92 6a  ....K%:Q.C~....j
10b92ff30  dc 34 08 b9 a8 09 19 a4 2f d8 5a 46 37 54 c1 37  .4....../.ZF7T.7
10b92ff40  95 09 2b c9 50 89 ff ad c3 07 c5 66 9c a2 f2 41  ..+.P......f...A
10b92ff50  a3 b8 93 45 84 c3 e2 67 c2 1c b0 84 53 02 0c a7  ...E...g....S...
10b92ff60  36 a6 cc c0 7f ab 7c 68 b1 32 6f a7 b5 bb ae a0  6.....|h.2o.....
10b92ff70  3b 70 94 97 15 4c b7 b8 83 2b e2 01 a0 ff 9e bb  ;p...L...+......
10b92ff80  75 dc 43 33 8b d3 5a 20 3b 3d b3 01 6c 23 b6 b9  u.C3..Z ;=..l#..
10b92ff90  33 de 75 4c 2e f1 35 4a eb 1d da 9e 40 ac ab 04  3.uL..5J....@...
10b92ffa0  21 3b a2 4b 75 39 2f d9 fa e8 b2 f2 b5 93 a9 3e  !;.Ku9/........>
10b92ffb0  d6 f5 c1 cb 8a 92 0a b6 ec 3b 14 d8 2a aa a2 ab  .........;..*...
10b92ffc0  f9 f8 9f c3 b6 3b d4 6f 6c 02 59 68 3a 45 49 80  .....;.ol.Yh:EI.
10b92ffd0  b7 c3 1a 6c f0 1e 16 e2 71 13 fa 20 1b 0d 88 5c  ...l....q.. ...\
10b92ffe0  5b 68 23 65 21 9b 06 82 1f ba 21 93 f0 f6 22 cb  [h#e!.....!...".
10b92fff0  c6 5e 96 1f d9 d4 90 10 7d 4e e9 57 99 b2 88 3b  .^......}N.W...;
10b930000  e2 be 96 48 b9 2b 63 04 17 2a 3b 54 e7 79 43 da  ...H.+c..*;T.yC.
10b930010  ff ba 63 56 ee d7 cd 89 21 8b 6d 0c e7 8d c9 aa  ..cV....!.m.....
10b930020  74 9e 59 ec 10 9a 0e 6d ff 11 da 9a 07 2c ea d5  t.Y....m.....,..
10b930030  3a 3c 34 d6 f0 b7 0e 21 aa c1 ae bc 9c 7c 0f 8a  :<4....!.....|..
10b930040  c7 5f 36 cb ba d0 29 0c db 43 72 c5 0b 3b 1e b2  ._6...)..Cr..;..
10b930050  a7 81 e7 83 d9 24 20 f5 52 e7 42 cb 84 aa 7c 68  .....$ .R.B...|h
10b930060  7f 45 a2 f1 8a 33 cf 80 9d 34 e7 14 4f 04 4f 66  .E...3...4..O.Of

,	Aweme!0x3e712dc this.args2 onLeave 0x171db89b0 0x171db89b0

,	Aweme!0x3e712dc this.args3 onLeave 0x171db89a0 0x171db89a0

,	Aweme!0x3e712dc this.args4 onLeave 0x1a7 0x1a7

,retval onLeave: 0x10af95fe0             0  1  2  3  4  5  6  7  8  9  A  B  C  D  E  F  0123456789ABCDEF
10af95fe0  6e 56 69 65 77 22 00 40 22 41 57 45 50 4f 49 48  nView".@"AWEPOIH
10af95ff0  6f 74 65 6c 54 69 74 6c 65 56 69 65 77 22 00 40  otelTitleView".@
10af96000  22 41 57 45 50 4f 49 48 6f 74 65 6c 50 6f 6c 69  "AWEPOIHotelPoli
10af96010  63 79 43 65 6c 6c 56 69 65 77 22 00 40 22 41 57  cyCellView".@"AW
10af96020  45 50 4f 49 53 75 70 70 6c 69 65 72 44 65 74 61  EPOISupplierDeta
10af96030  69 6c 52 65 73 70 6f 6e 73 65 22 00 40 22 41 57  ilResponse".@"AW
10af96040  45 50 4f 49 48 6f 74 65 6c 46 61 63 69 6c 69 74  EPOIHotelFacilit
10af96050  79 42 6f 74 74 6f 6d 56 69 65 77 22 00 42 32 34  yBottomView".B24
10af96060  40 30 3a 38 40 22 43 41 4b 41 6c 62 75 6d 56 69  @0:8@"CAKAlbumVi
10af96070  65 77 43 6f 6e 74 72 6f 6c 6c 65 72 22 31 36 00  ewController"16.
10af96080  64 32 34 40 30 3a 38 40 22 43 41 4b 41 6c 62 75  d24@0:8@"CAKAlbu
10af96090  6d 56 69 65 77 43 6f 6e 74 72 6f 6c 6c 65 72 22  mViewController"
10af960a0  31 36 00 40 22 43 41 4b 41 6c 62 75 6d 4e 61 76  16.@"CAKAlbumNav
10af960b0  69 67 61 74 69 6f 6e 56 69 65 77 43 6f 6e 66 69  igationViewConfi
10af960c0  67 22 32 34 40 30 3a 38 40 22 43 41 4b 41 6c 62  g"24@0:8@"CAKAlb
10af960d0  75 6d 56 69 65 77 43 6f 6e 74 72 6f 6c 6c 65 72  umViewController
10af960e0  22 31 36 00 40 22 43 41 4b 41 6c 62 75 6d 4c 69  "16.@"CAKAlbumLi
10af960f0  73 74 56 69 65 77 43 6f 6e 66 69 67 22 32 34 40  stViewConfig"24@
10af96100  30 3a 38 40 22 43 41 4b 41 6c 62 75 6d 56 69 65  0:8@"CAKAlbumVie
10af96110  77 43 6f 6e 74 72 6f 6c 6c 65 72 22 31 36 00 40  wController"16.@
10af96120  22 43 41 4b 41 6c 62 75 6d 42 6f 74 74 6f 6d 56  "CAKAlbumBottomV
10af96130  69 65 77 43 6f 6e 66 69 67 22 32 34 40 30 3a 38  iewConfig"24@0:8
10af96140  40 22 43 41 4b 41 6c 62 75 6d 56 69 65 77 43 6f  @"CAKAlbumViewCo
10af96150  6e 74 72 6f 6c 6c 65 72 22 31 36 00 40 22 43 41  ntroller"16.@"CA
10af96160  4b 41 6c 62 75 6d 53 65 6c 65 63 74 65 64 41 73  KAlbumSelectedAs
10af96170  73 65 74 73 56 69 65 77 43 6f 6e 66 69 67 22 32  setsViewConfig"2
10af96180  34 40 30 3a 38 40 22 43 41 4b 41 6c 62 75 6d 56  4@0:8@"CAKAlbumV
10af96190  69 65 77 43 6f 6e 74 72 6f 6c 6c 65 72 22 31 36  iewController"16
10af961a0  00 40 22 55 49 56 69 65 77 3c 43 41 4b 41 6c 62  .@"UIView<CAKAlb
10af961b0  75 6d 4e 61 76 69 67 61 74 69 6f 6e 56 69 65 77  umNavigationView
10af961c0  50 72 6f 74 6f 63 6f 6c 3e 22 32 34 40 30 3a 38  Protocol>"24@0:8
10af961d0  40 22 43 41 4b 41 6c 62 75 6d 56 69 65 77 43 6f  @"CAKAlbumViewCo
10af961e0  6e 74 72 6f 6c 6c 65 72 22 31 36 00 40 22 55 49  ntroller"16.@"UI
10af961f0  56 69 65 77 3c 43 41 4b 41 6c 62 75 6d 42 6f 74  View<CAKAlbumBot
10af96200  74 6f 6d 56 69 65 77 50 72 6f 74 6f 63 6f 6c 3e  tomViewProtocol>
10af96210  22 32 34 40 30 3a 38 40 22 43 41 4b 41 6c 62 75  "24@0:8@"CAKAlbu
10af96220  6d 56 69 65 77 43 6f 6e 74 72 6f 6c 6c 65 72 22  mViewController"
10af96230  31 36 00 40 22 55 49 56 69 65 77 3c 43 41 4b 53  16.@"UIView<CAKS
10af96240  65 6c 65 63 74 65 64 41 73 73 65 74 73 56 69 65  electedAssetsVie
10af96250  77 50 72 6f 74 6f 63 6f 6c 3e 22 32 34 40 30 3a  wProtocol>"24@0:
10af96260  38 40 22 43 41 4b 41 6c 62 75 6d 56 69 65 77 43  8@"CAKAlbumViewC
10af96270  6f 6e 74 72 6f 6c 6c 65 72 22 31 36 00 40 22 55  ontroller"16.@"U
10af96280  49 56 69 65 77 3c 43 41 4b 41 6c 62 75 6d 52 65  IView<CAKAlbumRe
10af96290  71 75 65 73 74 41 63 63 65 73 73 56 69 65 77 50  questAccessViewP
10af962a0  72 6f 74 6f 63 6f 6c 3e 22 32 34 40 30 3a 38 40  rotocol>"24@0:8@
10af962b0  22 43 41 4b 41 6c 62 75 6d 56 69 65 77 43 6f 6e  "CAKAlbumViewCon
10af962c0  74 72 6f 6c 6c 65 72 22 31 36 00 40 22 4e 53 41  troller"16.@"NSA
10af962d0  72 72 61 79 22 32 34 40 30 3a 38 40 22 43 41 4b  rray"24@0:8@"CAK
10af962e0  41 6c 62 75 6d 56 69 65 77 43 6f 6e 74 72 6f 6c  AlbumViewControl
10af962f0  6c 65 72 22 31 36 00 76 32 34 40 30 3a 38 40 22  ler"16.v24@0:8@"
10af96300  43 41 4b 41 6c 62 75 6d 56 69 65 77 43 6f 6e 74  CAKAlbumViewCont
10af96310  72 6f 6c 6c 65 72 22 31 36 00 76 32 34 40 30 3a  roller"16.v24@0:
10af96320  38 40 22 55 49 56 69 65 77 43 6f 6e 74 72 6f 6c  8@"UIViewControl
10af96330  6c 65 72 3c 43 41 4b 41 6c 62 75 6d 4c 69 73 74  ler<CAKAlbumList
10af96340  56 69 65 77 43 6f 6e 74 72 6f 6c 6c 65 72 50 72  ViewControllerPr
10af96350  6f 74 6f 63 6f 6c 3e 22 31 36 00 76 34 30 40 30  otocol>"16.v40@0
10af96360  3a 38 40 22 43 41 4b 41 6c 62 75 6d 56 69 65 77  :8@"CAKAlbumView
10af96370  43 6f 6e 74 72 6f 6c 6c 65 72 22 31 36 40 22 43  Controller"16@"C
10af96380  41 4b 41 6c 62 75 6d 41 73 73 65 74 4d 6f 64 65  AKAlbumAssetMode
10af96390  6c 22 32 34 71 33 32 00 42 33 32 40 30 3a 38 40  l"24q32.B32@0:8@
10af963a0  22 43 41 4b 41 6c 62 75 6d 56 69 65 77 43 6f 6e  "CAKAlbumViewCon
10af963b0  74 72 6f 6c 6c 65 72 22 31 36 40 22 43 41 4b 41  troller"16@"CAKA
10af963c0  6c 62 75 6d 41 73 73 65 74 4d 6f 64 65 6c 22 32  lbumAssetModel"2
10af963d0  34 00 76 34 30 40 30 3a 38 40 22 43 41 4b 41 6c  4.v40@0:8@"CAKAl

call Aweme!0x3e712dc
,	Aweme!0x3e712dc this.args0 0x10af95fe0             0  1  2  3  4  5  6  7  8  9  A  B  C  D  E  F  0123456789ABCDEF
10af95fe0  6e 56 69 65 77 22 00 40 22 41 57 45 50 4f 49 48  nView".@"AWEPOIH
10af95ff0  6f 74 65 6c 54 69 74 6c 65 56 69 65 77 22 00 40  otelTitleView".@
10af96000  22 41 57 45 50 4f 49 48 6f 74 65 6c 50 6f 6c 69  "AWEPOIHotelPoli
10af96010  63 79 43 65 6c 6c 56 69 65 77 22 00 40 22 41 57  cyCellView".@"AW
10af96020  45 50 4f 49 53 75 70 70 6c 69 65 72 44 65 74 61  EPOISupplierDeta
10af96030  69 6c 52 65 73 70 6f 6e 73 65 22 00 40 22 41 57  ilResponse".@"AW
10af96040  45 50 4f 49 48 6f 74 65 6c 46 61 63 69 6c 69 74  EPOIHotelFacilit
10af96050  79 42 6f 74 74 6f 6d 56 69 65 77 22 00 42 32 34  yBottomView".B24
10af96060  40 30 3a 38 40 22 43 41 4b 41 6c 62 75 6d 56 69  @0:8@"CAKAlbumVi
10af96070  65 77 43 6f 6e 74 72 6f 6c 6c 65 72 22 31 36 00  ewController"16.
10af96080  64 32 34 40 30 3a 38 40 22 43 41 4b 41 6c 62 75  d24@0:8@"CAKAlbu
10af96090  6d 56 69 65 77 43 6f 6e 74 72 6f 6c 6c 65 72 22  mViewController"
10af960a0  31 36 00 40 22 43 41 4b 41 6c 62 75 6d 4e 61 76  16.@"CAKAlbumNav
10af960b0  69 67 61 74 69 6f 6e 56 69 65 77 43 6f 6e 66 69  igationViewConfi
10af960c0  67 22 32 34 40 30 3a 38 40 22 43 41 4b 41 6c 62  g"24@0:8@"CAKAlb
10af960d0  75 6d 56 69 65 77 43 6f 6e 74 72 6f 6c 6c 65 72  umViewController
10af960e0  22 31 36 00 40 22 43 41 4b 41 6c 62 75 6d 4c 69  "16.@"CAKAlbumLi
10af960f0  73 74 56 69 65 77 43 6f 6e 66 69 67 22 32 34 40  stViewConfig"24@
10af96100  30 3a 38 40 22 43 41 4b 41 6c 62 75 6d 56 69 65  0:8@"CAKAlbumVie
10af96110  77 43 6f 6e 74 72 6f 6c 6c 65 72 22 31 36 00 40  wController"16.@
10af96120  22 43 41 4b 41 6c 62 75 6d 42 6f 74 74 6f 6d 56  "CAKAlbumBottomV
10af96130  69 65 77 43 6f 6e 66 69 67 22 32 34 40 30 3a 38  iewConfig"24@0:8
10af96140  40 22 43 41 4b 41 6c 62 75 6d 56 69 65 77 43 6f  @"CAKAlbumViewCo
10af96150  6e 74 72 6f 6c 6c 65 72 22 31 36 00 40 22 43 41  ntroller"16.@"CA
10af96160  4b 41 6c 62 75 6d 53 65 6c 65 63 74 65 64 41 73  KAlbumSelectedAs
10af96170  73 65 74 73 56 69 65 77 43 6f 6e 66 69 67 22 32  setsViewConfig"2
10af96180  34 40 30 3a 38 40 22 43 41 4b 41 6c 62 75 6d 56  4@0:8@"CAKAlbumV
10af96190  69 65 77 43 6f 6e 74 72 6f 6c 6c 65 72 22 31 36  iewController"16
10af961a0  00 40 22 55 49 56 69 65 77 3c 43 41 4b 41 6c 62  .@"UIView<CAKAlb
10af961b0  75 6d 4e 61 76 69 67 61 74 69 6f 6e 56 69 65 77  umNavigationView
10af961c0  50 72 6f 74 6f 63 6f 6c 3e 22 32 34 40 30 3a 38  Protocol>"24@0:8
10af961d0  40 22 43 41 4b 41 6c 62 75 6d 56 69 65 77 43 6f  @"CAKAlbumViewCo
10af961e0  6e 74 72 6f 6c 6c 65 72 22 31 36 00 40 22 55 49  ntroller"16.@"UI
10af961f0  56 69 65 77 3c 43 41 4b 41 6c 62 75 6d 42 6f 74  View<CAKAlbumBot
10af96200  74 6f 6d 56 69 65 77 50 72 6f 74 6f 63 6f 6c 3e  tomViewProtocol>
10af96210  22 32 34 40 30 3a 38 40 22 43 41 4b 41 6c 62 75  "24@0:8@"CAKAlbu
10af96220  6d 56 69 65 77 43 6f 6e 74 72 6f 6c 6c 65 72 22  mViewController"
10af96230  31 36 00 40 22 55 49 56 69 65 77 3c 43 41 4b 53  16.@"UIView<CAKS
10af96240  65 6c 65 63 74 65 64 41 73 73 65 74 73 56 69 65  electedAssetsVie
10af96250  77 50 72 6f 74 6f 63 6f 6c 3e 22 32 34 40 30 3a  wProtocol>"24@0:
10af96260  38 40 22 43 41 4b 41 6c 62 75 6d 56 69 65 77 43  8@"CAKAlbumViewC
10af96270  6f 6e 74 72 6f 6c 6c 65 72 22 31 36 00 40 22 55  ontroller"16.@"U
10af96280  49 56 69 65 77 3c 43 41 4b 41 6c 62 75 6d 52 65  IView<CAKAlbumRe
10af96290  71 75 65 73 74 41 63 63 65 73 73 56 69 65 77 50  questAccessViewP
10af962a0  72 6f 74 6f 63 6f 6c 3e 22 32 34 40 30 3a 38 40  rotocol>"24@0:8@
10af962b0  22 43 41 4b 41 6c 62 75 6d 56 69 65 77 43 6f 6e  "CAKAlbumViewCon
10af962c0  74 72 6f 6c 6c 65 72 22 31 36 00 40 22 4e 53 41  troller"16.@"NSA
10af962d0  72 72 61 79 22 32 34 40 30 3a 38 40 22 43 41 4b  rray"24@0:8@"CAK
10af962e0  41 6c 62 75 6d 56 69 65 77 43 6f 6e 74 72 6f 6c  AlbumViewControl
10af962f0  6c 65 72 22 31 36 00 76 32 34 40 30 3a 38 40 22  ler"16.v24@0:8@"
10af96300  43 41 4b 41 6c 62 75 6d 56 69 65 77 43 6f 6e 74  CAKAlbumViewCont
10af96310  72 6f 6c 6c 65 72 22 31 36 00 76 32 34 40 30 3a  roller"16.v24@0:
10af96320  38 40 22 55 49 56 69 65 77 43 6f 6e 74 72 6f 6c  8@"UIViewControl
10af96330  6c 65 72 3c 43 41 4b 41 6c 62 75 6d 4c 69 73 74  ler<CAKAlbumList
10af96340  56 69 65 77 43 6f 6e 74 72 6f 6c 6c 65 72 50 72  ViewControllerPr
10af96350  6f 74 6f 63 6f 6c 3e 22 31 36 00 76 34 30 40 30  otocol>"16.v40@0
10af96360  3a 38 40 22 43 41 4b 41 6c 62 75 6d 56 69 65 77  :8@"CAKAlbumView
10af96370  43 6f 6e 74 72 6f 6c 6c 65 72 22 31 36 40 22 43  Controller"16@"C
10af96380  41 4b 41 6c 62 75 6d 41 73 73 65 74 4d 6f 64 65  AKAlbumAssetMode
10af96390  6c 22 32 34 71 33 32 00 42 33 32 40 30 3a 38 40  l"24q32.B32@0:8@
10af963a0  22 43 41 4b 41 6c 62 75 6d 56 69 65 77 43 6f 6e  "CAKAlbumViewCon
10af963b0  74 72 6f 6c 6c 65 72 22 31 36 40 22 43 41 4b 41  troller"16@"CAKA
10af963c0  6c 62 75 6d 41 73 73 65 74 4d 6f 64 65 6c 22 32  lbumAssetModel"2
10af963d0  34 00 76 34 30 40 30 3a 38 40 22 43 41 4b 41 6c  4.v40@0:8@"CAKAl

,	Aweme!0x3e712dc this.args1 0x10b92fc70             0  1  2  3  4  5  6  7  8  9  A  B  C  D  E  F  0123456789ABCDEF
10b92fc70  d6 fe 2f 02 6a 66 5e 86 85 f0 85 c6 04 28 af b8  ../.jf^......(..
10b92fc80  e4 89 2d a9 21 e5 7e c2 57 38 4d aa b1 e1 fc df  ..-.!.~.W8M.....
10b92fc90  9b 1f 25 a7 55 33 aa 94 58 34 8b 98 82 8e b5 15  ..%.U3..X4......
10b92fca0  02 fd 06 c2 61 3e f2 35 55 b3 60 fd 62 0b fe 73  ....a>.5U.`.b..s
10b92fcb0  76 67 90 df c7 24 ee 4f 46 d7 e2 30 ca 20 6f e2  vg...$.OF..0. o.
10b92fcc0  8f b0 78 dc 4b 2f a4 e8 67 21 af 01 05 c2 7f ee  ..x.K/..g!......
10b92fcd0  da 27 2b 1b 48 ce bf 5e 28 7f 0b 40 8a 06 ce 06  .'+.H..^(..@....
10b92fce0  b1 26 9b 60 f6 c2 ed 8b 53 0c aa 00 89 73 5f c0  .&.`....S....s_.
10b92fcf0  4b 4d b3 cb e0 96 ad 49 7c d1 eb 95 f7 2e df 6f  KM.....I|......o
10b92fd00  4f ce 22 bc 26 1d 15 be b3 57 09 4e 4b f9 77 9a  O.".&....W.NK.w.
10b92fd10  4f 9d f4 d2 a7 10 02 22 c7 98 59 01 68 92 bc 3f  O......"..Y.h..?
10b92fd20  89 f8 d6 4b b2 24 58 db 42 ae aa 6f a8 0f d2 62  ...K.$X.B..o...b
10b92fd30  25 6c a2 c0 70 69 05 27 9b 42 94 c6 4d c6 8e 07  %l..pi.'.B..M...
10b92fd40  4c 23 05 12 24 7f 31 19 3c 77 62 8c 71 68 28 fa  L#..$.1.<wb.qh(.
10b92fd50  ee e6 c6 dd eb c3 20 05 89 d0 25 49 0e c4 07 28  ...... ...%I...(
10b92fd60  84 7b a7 4d 1e f1 c5 fd 7d 5d 93 53 03 c0 ac ff  .{.M....}].S....
10b92fd70  b2 f4 d9 0a 77 ac 7f fd f0 ba d7 76 8a 60 ee 40  ....w......v.`.@
10b92fd80  23 1b 45 8d c3 aa 66 e7 ed c8 8e ea 3f 4f 61 90  #.E...f.....?Oa.
10b92fd90  c6 75 10 0c c5 42 c1 c7 f8 98 b1 61 28 50 e7 88  .u...B.....a(P..
10b92fda0  65 34 de bb ae 2f 78 4b 22 be b8 06 8a b7 38 b0  e4.../xK".....8.
10b92fdb0  ee e4 54 c3 fe 17 24 e4 b9 6e e6 1d 7a 23 60 ab  ..T...$..n..z#`.
10b92fdc0  f3 ab c9 ac 85 f8 51 ab 4a 1c 2a f1 39 6e 48 5e  ......Q.J.*.9nH^
10b92fdd0  e1 13 4b bd e9 c5 cf 49 24 71 cd f0 a2 0d 2f 08  ..K....I$q..../.
10b92fde0  f1 0d b3 a3 e8 52 1f c0 c5 db 14 83 d1 06 9d f9  .....R..........
10b92fdf0  0e af e3 60 97 c0 2a 24 15 eb b0 03 5a 2e 46 2a  ...`..*$....Z.F*
10b92fe00  75 da 7a 3e cb e3 0d 99 3c 35 e6 4d c8 ed 82 84  u.z>....<5.M....
10b92fe10  f6 21 97 61 a1 8e 89 92 8d 26 9f b3 a4 9d 2a 2c  .!.a.....&....*,
10b92fe20  a3 50 37 5b 86 3b 7b 48 7f c8 b2 56 25 c8 b8 8b  .P7[.;{H...V%...
10b92fe30  4e 41 d9 c8 6e 32 d9 2f 48 34 1a b2 8e 44 5d 98  NA..n2./H4...D].
10b92fe40  0b 07 26 ee 74 50 9f 81 1d 2a 9c 2d 40 fc c7 16  ..&.tP...*.-@...
10b92fe50  00 68 7d af 03 fa e4 cb 40 fb 3f 0b 3f c9 63 34  .h}.....@.?.?.c4
10b92fe60  3f 4c d5 5f c0 2e a5 77 f1 75 69 19 6b 38 f6 f4  ?L._...w.ui.k8..
10b92fe70  5e 51 c2 ed 4f d5 89 6b c7 75 60 e4 38 ed 08 c5  ^Q..O..k.u`.8...
10b92fe80  13 a3 94 e5 0f 7c c8 82 a6 f7 76 a2 ab db 99 d5  .....|....v.....
10b92fe90  95 e2 c0 7f 88 cb 1e b0 a7 38 ae d9 49 8a e0 f5  .........8..I...
10b92fea0  09 2e 5d 42 f8 85 b7 c2 ac 15 89 1b 71 73 0a 61  ..]B........qs.a
10b92feb0  e9 a9 6d c4 a1 b0 61 fb 91 64 7f b2 6b a5 22 71  ..m...a..d..k."q
10b92fec0  b6 6c 5c 92 e1 14 e1 bc c4 12 68 3b 46 5a 3c 63  .l\.......h;FZ<c
10b92fed0  f8 e2 0e c6 43 5c be 91 f9 c4 3b 3c 70 99 66 cb  ....C\....;<p.f.
10b92fee0  5b 5c ac f8 48 5c 5d 2c 72 53 2c 1d 3a 3b 53 89  [\..H\],rS,.:;S.
10b92fef0  cb 70 98 f6 c9 a9 47 1d 32 76 9a 5d be 4c 6f fb  .p....G.2v.].Lo.
10b92ff00  a4 2e 84 ea 15 0e d6 2a dc 93 06 c3 5a 6c 29 7d  .......*....Zl)}
10b92ff10  c0 8b 20 56 18 8e c2 72 16 0b 67 13 43 b2 32 6c  .. V...r..g.C.2l
10b92ff20  8b ba 1b c1 4b 25 3a 51 ce 43 7e 03 c6 ba 92 6a  ....K%:Q.C~....j
10b92ff30  dc 34 08 b9 a8 09 19 a4 2f d8 5a 46 37 54 c1 37  .4....../.ZF7T.7
10b92ff40  95 09 2b c9 50 89 ff ad c3 07 c5 66 9c a2 f2 41  ..+.P......f...A
10b92ff50  a3 b8 93 45 84 c3 e2 67 c2 1c b0 84 53 02 0c a7  ...E...g....S...
10b92ff60  36 a6 cc c0 7f ab 7c 68 b1 32 6f a7 b5 bb ae a0  6.....|h.2o.....
10b92ff70  3b 70 94 97 15 4c b7 b8 83 2b e2 01 a0 ff 9e bb  ;p...L...+......
10b92ff80  75 dc 43 33 8b d3 5a 20 3b 3d b3 01 6c 23 b6 b9  u.C3..Z ;=..l#..
10b92ff90  33 de 75 4c 2e f1 35 4a eb 1d da 9e 40 ac ab 04  3.uL..5J....@...
10b92ffa0  21 3b a2 4b 75 39 2f d9 fa e8 b2 f2 b5 93 a9 3e  !;.Ku9/........>
10b92ffb0  d6 f5 c1 cb 8a 92 0a b6 ec 3b 14 d8 2a aa a2 ab  .........;..*...
10b92ffc0  f9 f8 9f c3 b6 3b d4 6f 6c 02 59 68 3a 45 49 80  .....;.ol.Yh:EI.
10b92ffd0  b7 c3 1a 6c f0 1e 16 e2 71 13 fa 20 1b 0d 88 5c  ...l....q.. ...\
10b92ffe0  5b 68 23 65 21 9b 06 82 1f ba 21 93 f0 f6 22 cb  [h#e!.....!...".
10b92fff0  c6 5e 96 1f d9 d4 90 10 7d 4e e9 57 99 b2 88 3b  .^......}N.W...;
10b930000  e2 be 96 48 b9 2b 63 04 17 2a 3b 54 e7 79 43 da  ...H.+c..*;T.yC.
10b930010  ff ba 63 56 ee d7 cd 89 21 8b 6d 0c e7 8d c9 aa  ..cV....!.m.....
10b930020  74 9e 59 ec 10 9a 0e 6d ff 11 da 9a 07 2c ea d5  t.Y....m.....,..
10b930030  3a 3c 34 d6 f0 b7 0e 21 aa c1 ae bc 9c 7c 0f 8a  :<4....!.....|..
10b930040  c7 5f 36 cb ba d0 29 0c db 43 72 c5 0b 3b 1e b2  ._6...)..Cr..;..
10b930050  a7 81 e7 83 d9 24 20 f5 52 e7 42 cb 84 aa 7c 68  .....$ .R.B...|h
10b930060  7f 45 a2 f1 8a 33 cf 80 9d 34 e7 14 4f 04 4f 66  .E...3...4..O.Of

,	Aweme!0x3e712dc this.args2 0x171db89b0 0x171db89b0

,	Aweme!0x3e712dc this.args3 0x171db89a0 0x171db89a0

,	Aweme!0x3e712dc this.args4 0x1a7 0x1a7

,	Aweme!0x3e712dc this.args0 onLeave 0x10af95fe0             0  1  2  3  4  5  6  7  8  9  A  B  C  D  E  F  0123456789ABCDEF
10af95fe0  6e 56 69 65 77 22 00 40 22 41 57 45 50 4f 49 48  nView".@"AWEPOIH
10af95ff0  6f 74 65 6c 54 69 74 6c 65 56 69 65 77 22 00 40  otelTitleView".@
10af96000  22 41 57 45 50 4f 49 48 6f 74 65 6c 50 6f 6c 69  "AWEPOIHotelPoli
10af96010  63 79 43 65 6c 6c 56 69 65 77 22 00 40 22 41 57  cyCellView".@"AW
10af96020  45 50 4f 49 53 75 70 70 6c 69 65 72 44 65 74 61  EPOISupplierDeta
10af96030  69 6c 52 65 73 70 6f 6e 73 65 22 00 40 22 41 57  ilResponse".@"AW
10af96040  45 50 4f 49 48 6f 74 65 6c 46 61 63 69 6c 69 74  EPOIHotelFacilit
10af96050  79 42 6f 74 74 6f 6d 56 69 65 77 22 00 42 32 34  yBottomView".B24
10af96060  40 30 3a 38 40 22 43 41 4b 41 6c 62 75 6d 56 69  @0:8@"CAKAlbumVi
10af96070  65 77 43 6f 6e 74 72 6f 6c 6c 65 72 22 31 36 00  ewController"16.
10af96080  64 32 34 40 30 3a 38 40 22 43 41 4b 41 6c 62 75  d24@0:8@"CAKAlbu
10af96090  6d 56 69 65 77 43 6f 6e 74 72 6f 6c 6c 65 72 22  mViewController"
10af960a0  31 36 00 40 22 43 41 4b 41 6c 62 75 6d 4e 61 76  16.@"CAKAlbumNav
10af960b0  69 67 61 74 69 6f 6e 56 69 65 77 43 6f 6e 66 69  igationViewConfi
10af960c0  67 22 32 34 40 30 3a 38 40 22 43 41 4b 41 6c 62  g"24@0:8@"CAKAlb
10af960d0  75 6d 56 69 65 77 43 6f 6e 74 72 6f 6c 6c 65 72  umViewController
10af960e0  22 31 36 00 40 22 43 41 4b 41 6c 62 75 6d 4c 69  "16.@"CAKAlbumLi
10af960f0  73 74 56 69 65 77 43 6f 6e 66 69 67 22 32 34 40  stViewConfig"24@
10af96100  30 3a 38 40 22 43 41 4b 41 6c 62 75 6d 56 69 65  0:8@"CAKAlbumVie
10af96110  77 43 6f 6e 74 72 6f 6c 6c 65 72 22 31 36 00 40  wController"16.@
10af96120  22 43 41 4b 41 6c 62 75 6d 42 6f 74 74 6f 6d 56  "CAKAlbumBottomV
10af96130  69 65 77 43 6f 6e 66 69 67 22 32 34 40 30 3a 38  iewConfig"24@0:8
10af96140  40 22 43 41 4b 41 6c 62 75 6d 56 69 65 77 43 6f  @"CAKAlbumViewCo
10af96150  6e 74 72 6f 6c 6c 65 72 22 31 36 00 40 22 43 41  ntroller"16.@"CA
10af96160  4b 41 6c 62 75 6d 53 65 6c 65 63 74 65 64 41 73  KAlbumSelectedAs
10af96170  73 65 74 73 56 69 65 77 43 6f 6e 66 69 67 22 32  setsViewConfig"2
10af96180  34 40 30 3a 38 40 22 43 41 4b 41 6c 62 75 6d 56  4@0:8@"CAKAlbumV
10af96190  69 65 77 43 6f 6e 74 72 6f 6c 6c 65 72 22 31 36  iewController"16
10af961a0  00 40 22 55 49 56 69 65 77 3c 43 41 4b 41 6c 62  .@"UIView<CAKAlb
10af961b0  75 6d 4e 61 76 69 67 61 74 69 6f 6e 56 69 65 77  umNavigationView
10af961c0  50 72 6f 74 6f 63 6f 6c 3e 22 32 34 40 30 3a 38  Protocol>"24@0:8
10af961d0  40 22 43 41 4b 41 6c 62 75 6d 56 69 65 77 43 6f  @"CAKAlbumViewCo
10af961e0  6e 74 72 6f 6c 6c 65 72 22 31 36 00 40 22 55 49  ntroller"16.@"UI
10af961f0  56 69 65 77 3c 43 41 4b 41 6c 62 75 6d 42 6f 74  View<CAKAlbumBot
10af96200  74 6f 6d 56 69 65 77 50 72 6f 74 6f 63 6f 6c 3e  tomViewProtocol>
10af96210  22 32 34 40 30 3a 38 40 22 43 41 4b 41 6c 62 75  "24@0:8@"CAKAlbu
10af96220  6d 56 69 65 77 43 6f 6e 74 72 6f 6c 6c 65 72 22  mViewController"
10af96230  31 36 00 40 22 55 49 56 69 65 77 3c 43 41 4b 53  16.@"UIView<CAKS
10af96240  65 6c 65 63 74 65 64 41 73 73 65 74 73 56 69 65  electedAssetsVie
10af96250  77 50 72 6f 74 6f 63 6f 6c 3e 22 32 34 40 30 3a  wProtocol>"24@0:
10af96260  38 40 22 43 41 4b 41 6c 62 75 6d 56 69 65 77 43  8@"CAKAlbumViewC
10af96270  6f 6e 74 72 6f 6c 6c 65 72 22 31 36 00 40 22 55  ontroller"16.@"U
10af96280  49 56 69 65 77 3c 43 41 4b 41 6c 62 75 6d 52 65  IView<CAKAlbumRe
10af96290  71 75 65 73 74 41 63 63 65 73 73 56 69 65 77 50  questAccessViewP
10af962a0  72 6f 74 6f 63 6f 6c 3e 22 32 34 40 30 3a 38 40  rotocol>"24@0:8@
10af962b0  22 43 41 4b 41 6c 62 75 6d 56 69 65 77 43 6f 6e  "CAKAlbumViewCon
10af962c0  74 72 6f 6c 6c 65 72 22 31 36 00 40 22 4e 53 41  troller"16.@"NSA
10af962d0  72 72 61 79 22 32 34 40 30 3a 38 40 22 43 41 4b  rray"24@0:8@"CAK
10af962e0  41 6c 62 75 6d 56 69 65 77 43 6f 6e 74 72 6f 6c  AlbumViewControl
10af962f0  6c 65 72 22 31 36 00 76 32 34 40 30 3a 38 40 22  ler"16.v24@0:8@"
10af96300  43 41 4b 41 6c 62 75 6d 56 69 65 77 43 6f 6e 74  CAKAlbumViewCont
10af96310  72 6f 6c 6c 65 72 22 31 36 00 76 32 34 40 30 3a  roller"16.v24@0:
10af96320  38 40 22 55 49 56 69 65 77 43 6f 6e 74 72 6f 6c  8@"UIViewControl
10af96330  6c 65 72 3c 43 41 4b 41 6c 62 75 6d 4c 69 73 74  ler<CAKAlbumList
10af96340  56 69 65 77 43 6f 6e 74 72 6f 6c 6c 65 72 50 72  ViewControllerPr
10af96350  6f 74 6f 63 6f 6c 3e 22 31 36 00 76 34 30 40 30  otocol>"16.v40@0
10af96360  3a 38 40 22 43 41 4b 41 6c 62 75 6d 56 69 65 77  :8@"CAKAlbumView
10af96370  43 6f 6e 74 72 6f 6c 6c 65 72 22 31 36 40 22 43  Controller"16@"C
10af96380  41 4b 41 6c 62 75 6d 41 73 73 65 74 4d 6f 64 65  AKAlbumAssetMode
10af96390  6c 22 32 34 71 33 32 00 42 33 32 40 30 3a 38 40  l"24q32.B32@0:8@
10af963a0  22 43 41 4b 41 6c 62 75 6d 56 69 65 77 43 6f 6e  "CAKAlbumViewCon
10af963b0  74 72 6f 6c 6c 65 72 22 31 36 40 22 43 41 4b 41  troller"16@"CAKA
10af963c0  6c 62 75 6d 41 73 73 65 74 4d 6f 64 65 6c 22 32  lbumAssetModel"2
10af963d0  34 00 76 34 30 40 30 3a 38 40 22 43 41 4b 41 6c  4.v40@0:8@"CAKAl

,	Aweme!0x3e712dc this.args1 onLeave 0x10b92fc70             0  1  2  3  4  5  6  7  8  9  A  B  C  D  E  F  0123456789ABCDEF
10b92fc70  d6 fe 2f 02 6a 66 5e 86 85 f0 85 c6 04 28 af b8  ../.jf^......(..
10b92fc80  e4 89 2d a9 21 e5 7e c2 57 38 4d aa b1 e1 fc df  ..-.!.~.W8M.....
10b92fc90  9b 1f 25 a7 55 33 aa 94 58 34 8b 98 82 8e b5 15  ..%.U3..X4......
10b92fca0  02 fd 06 c2 61 3e f2 35 55 b3 60 fd 62 0b fe 73  ....a>.5U.`.b..s
10b92fcb0  76 67 90 df c7 24 ee 4f 46 d7 e2 30 ca 20 6f e2  vg...$.OF..0. o.
10b92fcc0  8f b0 78 dc 4b 2f a4 e8 67 21 af 01 05 c2 7f ee  ..x.K/..g!......
10b92fcd0  da 27 2b 1b 48 ce bf 5e 28 7f 0b 40 8a 06 ce 06  .'+.H..^(..@....
10b92fce0  b1 26 9b 60 f6 c2 ed 8b 53 0c aa 00 89 73 5f c0  .&.`....S....s_.
10b92fcf0  4b 4d b3 cb e0 96 ad 49 7c d1 eb 95 f7 2e df 6f  KM.....I|......o
10b92fd00  4f ce 22 bc 26 1d 15 be b3 57 09 4e 4b f9 77 9a  O.".&....W.NK.w.
10b92fd10  4f 9d f4 d2 a7 10 02 22 c7 98 59 01 68 92 bc 3f  O......"..Y.h..?
10b92fd20  89 f8 d6 4b b2 24 58 db 42 ae aa 6f a8 0f d2 62  ...K.$X.B..o...b
10b92fd30  25 6c a2 c0 70 69 05 27 9b 42 94 c6 4d c6 8e 07  %l..pi.'.B..M...
10b92fd40  4c 23 05 12 24 7f 31 19 3c 77 62 8c 71 68 28 fa  L#..$.1.<wb.qh(.
10b92fd50  ee e6 c6 dd eb c3 20 05 89 d0 25 49 0e c4 07 28  ...... ...%I...(
10b92fd60  84 7b a7 4d 1e f1 c5 fd 7d 5d 93 53 03 c0 ac ff  .{.M....}].S....
10b92fd70  b2 f4 d9 0a 77 ac 7f fd f0 ba d7 76 8a 60 ee 40  ....w......v.`.@
10b92fd80  23 1b 45 8d c3 aa 66 e7 ed c8 8e ea 3f 4f 61 90  #.E...f.....?Oa.
10b92fd90  c6 75 10 0c c5 42 c1 c7 f8 98 b1 61 28 50 e7 88  .u...B.....a(P..
10b92fda0  65 34 de bb ae 2f 78 4b 22 be b8 06 8a b7 38 b0  e4.../xK".....8.
10b92fdb0  ee e4 54 c3 fe 17 24 e4 b9 6e e6 1d 7a 23 60 ab  ..T...$..n..z#`.
10b92fdc0  f3 ab c9 ac 85 f8 51 ab 4a 1c 2a f1 39 6e 48 5e  ......Q.J.*.9nH^
10b92fdd0  e1 13 4b bd e9 c5 cf 49 24 71 cd f0 a2 0d 2f 08  ..K....I$q..../.
10b92fde0  f1 0d b3 a3 e8 52 1f c0 c5 db 14 83 d1 06 9d f9  .....R..........
10b92fdf0  0e af e3 60 97 c0 2a 24 15 eb b0 03 5a 2e 46 2a  ...`..*$....Z.F*
10b92fe00  75 da 7a 3e cb e3 0d 99 3c 35 e6 4d c8 ed 82 84  u.z>....<5.M....
10b92fe10  f6 21 97 61 a1 8e 89 92 8d 26 9f b3 a4 9d 2a 2c  .!.a.....&....*,
10b92fe20  a3 50 37 5b 86 3b 7b 48 7f c8 b2 56 25 c8 b8 8b  .P7[.;{H...V%...
10b92fe30  4e 41 d9 c8 6e 32 d9 2f 48 34 1a b2 8e 44 5d 98  NA..n2./H4...D].
10b92fe40  0b 07 26 ee 74 50 9f 81 1d 2a 9c 2d 40 fc c7 16  ..&.tP...*.-@...
10b92fe50  00 68 7d af 03 fa e4 cb 40 fb 3f 0b 3f c9 63 34  .h}.....@.?.?.c4
10b92fe60  3f 4c d5 5f c0 2e a5 77 f1 75 69 19 6b 38 f6 f4  ?L._...w.ui.k8..
10b92fe70  5e 51 c2 ed 4f d5 89 6b c7 75 60 e4 38 ed 08 c5  ^Q..O..k.u`.8...
10b92fe80  13 a3 94 e5 0f 7c c8 82 a6 f7 76 a2 ab db 99 d5  .....|....v.....
10b92fe90  95 e2 c0 7f 88 cb 1e b0 a7 38 ae d9 49 8a e0 f5  .........8..I...
10b92fea0  09 2e 5d 42 f8 85 b7 c2 ac 15 89 1b 71 73 0a 61  ..]B........qs.a
10b92feb0  e9 a9 6d c4 a1 b0 61 fb 91 64 7f b2 6b a5 22 71  ..m...a..d..k."q
10b92fec0  b6 6c 5c 92 e1 14 e1 bc c4 12 68 3b 46 5a 3c 63  .l\.......h;FZ<c
10b92fed0  f8 e2 0e c6 43 5c be 91 f9 c4 3b 3c 70 99 66 cb  ....C\....;<p.f.
10b92fee0  5b 5c ac f8 48 5c 5d 2c 72 53 2c 1d 3a 3b 53 89  [\..H\],rS,.:;S.
10b92fef0  cb 70 98 f6 c9 a9 47 1d 32 76 9a 5d be 4c 6f fb  .p....G.2v.].Lo.
10b92ff00  a4 2e 84 ea 15 0e d6 2a dc 93 06 c3 5a 6c 29 7d  .......*....Zl)}
10b92ff10  c0 8b 20 56 18 8e c2 72 16 0b 67 13 43 b2 32 6c  .. V...r..g.C.2l
10b92ff20  8b ba 1b c1 4b 25 3a 51 ce 43 7e 03 c6 ba 92 6a  ....K%:Q.C~....j
10b92ff30  dc 34 08 b9 a8 09 19 a4 2f d8 5a 46 37 54 c1 37  .4....../.ZF7T.7
10b92ff40  95 09 2b c9 50 89 ff ad c3 07 c5 66 9c a2 f2 41  ..+.P......f...A
10b92ff50  a3 b8 93 45 84 c3 e2 67 c2 1c b0 84 53 02 0c a7  ...E...g....S...
10b92ff60  36 a6 cc c0 7f ab 7c 68 b1 32 6f a7 b5 bb ae a0  6.....|h.2o.....
10b92ff70  3b 70 94 97 15 4c b7 b8 83 2b e2 01 a0 ff 9e bb  ;p...L...+......
10b92ff80  75 dc 43 33 8b d3 5a 20 3b 3d b3 01 6c 23 b6 b9  u.C3..Z ;=..l#..
10b92ff90  33 de 75 4c 2e f1 35 4a eb 1d da 9e 40 ac ab 04  3.uL..5J....@...
10b92ffa0  21 3b a2 4b 75 39 2f d9 fa e8 b2 f2 b5 93 a9 3e  !;.Ku9/........>
10b92ffb0  d6 f5 c1 cb 8a 92 0a b6 ec 3b 14 d8 2a aa a2 ab  .........;..*...
10b92ffc0  f9 f8 9f c3 b6 3b d4 6f 6c 02 59 68 3a 45 49 80  .....;.ol.Yh:EI.
10b92ffd0  b7 c3 1a 6c f0 1e 16 e2 71 13 fa 20 1b 0d 88 5c  ...l....q.. ...\
10b92ffe0  5b 68 23 65 21 9b 06 82 1f ba 21 93 f0 f6 22 cb  [h#e!.....!...".
10b92fff0  c6 5e 96 1f d9 d4 90 10 7d 4e e9 57 99 b2 88 3b  .^......}N.W...;
10b930000  e2 be 96 48 b9 2b 63 04 17 2a 3b 54 e7 79 43 da  ...H.+c..*;T.yC.
10b930010  ff ba 63 56 ee d7 cd 89 21 8b 6d 0c e7 8d c9 aa  ..cV....!.m.....
10b930020  74 9e 59 ec 10 9a 0e 6d ff 11 da 9a 07 2c ea d5  t.Y....m.....,..
10b930030  3a 3c 34 d6 f0 b7 0e 21 aa c1 ae bc 9c 7c 0f 8a  :<4....!.....|..
10b930040  c7 5f 36 cb ba d0 29 0c db 43 72 c5 0b 3b 1e b2  ._6...)..Cr..;..
10b930050  a7 81 e7 83 d9 24 20 f5 52 e7 42 cb 84 aa 7c 68  .....$ .R.B...|h
10b930060  7f 45 a2 f1 8a 33 cf 80 9d 34 e7 14 4f 04 4f 66  .E...3...4..O.Of

,	Aweme!0x3e712dc this.args2 onLeave 0x171db89b0 0x171db89b0

,	Aweme!0x3e712dc this.args3 onLeave 0x171db89a0 0x171db89a0

,	Aweme!0x3e712dc this.args4 onLeave 0x1a7 0x1a7

,retval onLeave: 0x10af95fe0             0  1  2  3  4  5  6  7  8  9  A  B  C  D  E  F  0123456789ABCDEF
10af95fe0  6e 56 69 65 77 22 00 40 22 41 57 45 50 4f 49 48  nView".@"AWEPOIH
10af95ff0  6f 74 65 6c 54 69 74 6c 65 56 69 65 77 22 00 40  otelTitleView".@
10af96000  22 41 57 45 50 4f 49 48 6f 74 65 6c 50 6f 6c 69  "AWEPOIHotelPoli
10af96010  63 79 43 65 6c 6c 56 69 65 77 22 00 40 22 41 57  cyCellView".@"AW
10af96020  45 50 4f 49 53 75 70 70 6c 69 65 72 44 65 74 61  EPOISupplierDeta
10af96030  69 6c 52 65 73 70 6f 6e 73 65 22 00 40 22 41 57  ilResponse".@"AW
10af96040  45 50 4f 49 48 6f 74 65 6c 46 61 63 69 6c 69 74  EPOIHotelFacilit
10af96050  79 42 6f 74 74 6f 6d 56 69 65 77 22 00 42 32 34  yBottomView".B24
10af96060  40 30 3a 38 40 22 43 41 4b 41 6c 62 75 6d 56 69  @0:8@"CAKAlbumVi
10af96070  65 77 43 6f 6e 74 72 6f 6c 6c 65 72 22 31 36 00  ewController"16.
10af96080  64 32 34 40 30 3a 38 40 22 43 41 4b 41 6c 62 75  d24@0:8@"CAKAlbu
10af96090  6d 56 69 65 77 43 6f 6e 74 72 6f 6c 6c 65 72 22  mViewController"
10af960a0  31 36 00 40 22 43 41 4b 41 6c 62 75 6d 4e 61 76  16.@"CAKAlbumNav
10af960b0  69 67 61 74 69 6f 6e 56 69 65 77 43 6f 6e 66 69  igationViewConfi
10af960c0  67 22 32 34 40 30 3a 38 40 22 43 41 4b 41 6c 62  g"24@0:8@"CAKAlb
10af960d0  75 6d 56 69 65 77 43 6f 6e 74 72 6f 6c 6c 65 72  umViewController
10af960e0  22 31 36 00 40 22 43 41 4b 41 6c 62 75 6d 4c 69  "16.@"CAKAlbumLi
10af960f0  73 74 56 69 65 77 43 6f 6e 66 69 67 22 32 34 40  stViewConfig"24@
10af96100  30 3a 38 40 22 43 41 4b 41 6c 62 75 6d 56 69 65  0:8@"CAKAlbumVie
10af96110  77 43 6f 6e 74 72 6f 6c 6c 65 72 22 31 36 00 40  wController"16.@
10af96120  22 43 41 4b 41 6c 62 75 6d 42 6f 74 74 6f 6d 56  "CAKAlbumBottomV
10af96130  69 65 77 43 6f 6e 66 69 67 22 32 34 40 30 3a 38  iewConfig"24@0:8
10af96140  40 22 43 41 4b 41 6c 62 75 6d 56 69 65 77 43 6f  @"CAKAlbumViewCo
10af96150  6e 74 72 6f 6c 6c 65 72 22 31 36 00 40 22 43 41  ntroller"16.@"CA
10af96160  4b 41 6c 62 75 6d 53 65 6c 65 63 74 65 64 41 73  KAlbumSelectedAs
10af96170  73 65 74 73 56 69 65 77 43 6f 6e 66 69 67 22 32  setsViewConfig"2
10af96180  34 40 30 3a 38 40 22 43 41 4b 41 6c 62 75 6d 56  4@0:8@"CAKAlbumV
10af96190  69 65 77 43 6f 6e 74 72 6f 6c 6c 65 72 22 31 36  iewController"16
10af961a0  00 40 22 55 49 56 69 65 77 3c 43 41 4b 41 6c 62  .@"UIView<CAKAlb
10af961b0  75 6d 4e 61 76 69 67 61 74 69 6f 6e 56 69 65 77  umNavigationView
10af961c0  50 72 6f 74 6f 63 6f 6c 3e 22 32 34 40 30 3a 38  Protocol>"24@0:8
10af961d0  40 22 43 41 4b 41 6c 62 75 6d 56 69 65 77 43 6f  @"CAKAlbumViewCo
10af961e0  6e 74 72 6f 6c 6c 65 72 22 31 36 00 40 22 55 49  ntroller"16.@"UI
10af961f0  56 69 65 77 3c 43 41 4b 41 6c 62 75 6d 42 6f 74  View<CAKAlbumBot
10af96200  74 6f 6d 56 69 65 77 50 72 6f 74 6f 63 6f 6c 3e  tomViewProtocol>
10af96210  22 32 34 40 30 3a 38 40 22 43 41 4b 41 6c 62 75  "24@0:8@"CAKAlbu
10af96220  6d 56 69 65 77 43 6f 6e 74 72 6f 6c 6c 65 72 22  mViewController"
10af96230  31 36 00 40 22 55 49 56 69 65 77 3c 43 41 4b 53  16.@"UIView<CAKS
10af96240  65 6c 65 63 74 65 64 41 73 73 65 74 73 56 69 65  electedAssetsVie
10af96250  77 50 72 6f 74 6f 63 6f 6c 3e 22 32 34 40 30 3a  wProtocol>"24@0:
10af96260  38 40 22 43 41 4b 41 6c 62 75 6d 56 69 65 77 43  8@"CAKAlbumViewC
10af96270  6f 6e 74 72 6f 6c 6c 65 72 22 31 36 00 40 22 55  ontroller"16.@"U
10af96280  49 56 69 65 77 3c 43 41 4b 41 6c 62 75 6d 52 65  IView<CAKAlbumRe
10af96290  71 75 65 73 74 41 63 63 65 73 73 56 69 65 77 50  questAccessViewP
10af962a0  72 6f 74 6f 63 6f 6c 3e 22 32 34 40 30 3a 38 40  rotocol>"24@0:8@
10af962b0  22 43 41 4b 41 6c 62 75 6d 56 69 65 77 43 6f 6e  "CAKAlbumViewCon
10af962c0  74 72 6f 6c 6c 65 72 22 31 36 00 40 22 4e 53 41  troller"16.@"NSA
10af962d0  72 72 61 79 22 32 34 40 30 3a 38 40 22 43 41 4b  rray"24@0:8@"CAK
10af962e0  41 6c 62 75 6d 56 69 65 77 43 6f 6e 74 72 6f 6c  AlbumViewControl
10af962f0  6c 65 72 22 31 36 00 76 32 34 40 30 3a 38 40 22  ler"16.v24@0:8@"
10af96300  43 41 4b 41 6c 62 75 6d 56 69 65 77 43 6f 6e 74  CAKAlbumViewCont
10af96310  72 6f 6c 6c 65 72 22 31 36 00 76 32 34 40 30 3a  roller"16.v24@0:
10af96320  38 40 22 55 49 56 69 65 77 43 6f 6e 74 72 6f 6c  8@"UIViewControl
10af96330  6c 65 72 3c 43 41 4b 41 6c 62 75 6d 4c 69 73 74  ler<CAKAlbumList
10af96340  56 69 65 77 43 6f 6e 74 72 6f 6c 6c 65 72 50 72  ViewControllerPr
10af96350  6f 74 6f 63 6f 6c 3e 22 31 36 00 76 34 30 40 30  otocol>"16.v40@0
10af96360  3a 38 40 22 43 41 4b 41 6c 62 75 6d 56 69 65 77  :8@"CAKAlbumView
10af96370  43 6f 6e 74 72 6f 6c 6c 65 72 22 31 36 40 22 43  Controller"16@"C
10af96380  41 4b 41 6c 62 75 6d 41 73 73 65 74 4d 6f 64 65  AKAlbumAssetMode
10af96390  6c 22 32 34 71 33 32 00 42 33 32 40 30 3a 38 40  l"24q32.B32@0:8@
10af963a0  22 43 41 4b 41 6c 62 75 6d 56 69 65 77 43 6f 6e  "CAKAlbumViewCon
10af963b0  74 72 6f 6c 6c 65 72 22 31 36 40 22 43 41 4b 41  troller"16@"CAKA
10af963c0  6c 62 75 6d 41 73 73 65 74 4d 6f 64 65 6c 22 32  lbumAssetModel"2
10af963d0  34 00 76 34 30 40 30 3a 38 40 22 43 41 4b 41 6c  4.v40@0:8@"CAKAl

[end signal]{
    "X-Argus" = "COLvXLr6WYHQbZCsuYrITqc1h/2hYIA81k2Qyq7p3F4r+fQJ/ryLQ7rQDbaWHMkXu6ilSmqBs4hlUjlKG/PUfnkvF9xmXOha7FIxX+mn4Z2tIs1hZZ9iQTVHkDlF8Cal7lNY/aXBxXA1efspOstlr7sudcooGpaS1TmyaKqO5pFLfr16HSCCmoA2ZqVcDB8pExN/db/jjiQl0QyG+z004OV/WjjxoA7shWh+nw2ASBW4ww==";
    "X-Gorgon" = 8404e0a00000741813112cd2863d19bea17bce0140b8c88f2ab5;
    "X-Khronos" = 1618201440;
    "X-Ladon" = "MY8GPcvetPqyKWWv3F1MzFznZO/KjLAswlQyYw/fJVm64bfi";
    "X-Tyhon" = "onlscAAJIiJEE2xwTwg+NFVGbD9OFCglAEZsQ/k=";
}
Aweme!0x3ea03c8 9
Aweme!0x3e624e0 2
Aweme!0x3e57394 1
Aweme!0x3ecb1c4 1
Aweme!0x3ea1c70 1
Aweme!0x3ea7c28 5
Aweme!0x3eda3f8 3
Aweme!0x3e71374 2
Aweme!0x3e70550 3
Aweme!0x3e928cc 2
Aweme!0x3eb31d0 4
Aweme!0x3e71318 3
Aweme!0x3e520ec 6
Aweme!0x3e70da8 5
Aweme!0x3e70bd8 3
Aweme!0x3e5c1e8 1
Aweme!0x3ea8c7c 2
Aweme!0x3e7ce8c 4
Aweme!0x3e71430 3
Aweme!0x3ecac58 52
Aweme!0x775dfd0 38
Aweme!0x3e84a30 1
Aweme!0x3ed32dc 257
Aweme!0x3ecda08 1
Aweme!0x3ee5718 6
Aweme!0x3e8c7a4 2
Aweme!0x775e828 9
Aweme!0x3ecb9c4 4
Aweme!0x3ea0828 7
Aweme!0x3ea164c 1
Aweme!0x3ed3224 256
Aweme!0x3e9a300 2
Aweme!0x3e7114c 1
Aweme!0x3e70f7c 1
Aweme!0x3e86ad4 2
Aweme!0x3e5cb58 2
Aweme!0x3ea1764 1
Aweme!0x3ead334 1
Aweme!0x3e68100 1
Aweme!0x3e58a74 472
Aweme!0x775e888 1
Aweme!0x3ecf140 1
Aweme!0x3ecc730 1
Aweme!0x3ed67d0 6
Aweme!0x3ed30b4 4
Aweme!0x3ed9e90 5
Aweme!0x3e711ac 3
Aweme!0x775c7e8 414
Aweme!0x3e87048 2
Aweme!0x3e70db0 21
Aweme!0x775e090 3
Aweme!0x3eca7a8 4
Aweme!0x3e51f24 5
Aweme!0x3e70100 2
Aweme!0x3e93d80 8
Aweme!0x3ede65c 1
Aweme!0x3e523dc 2
Aweme!0x3e8a13c 1
Aweme!0x3ea8c28 4
Aweme!0x3ecc8a8 1
Aweme!0x3e70b28 12
Aweme!0x3ea170c 9
Aweme!0x3e71268 1
Aweme!0x3ecec30 19
Aweme!0x3ecda6c 2
Aweme!0x775d328 2
Aweme!0x3ecf828 1
Aweme!0x3ecb118 3
Aweme!0x3ee4b84 8
Aweme!0x3ee5894 2
Aweme!0x3e4e698 2
Aweme!0x3e86adc 1
Aweme!0x3ea1998 1
Aweme!0x3edb340 2
Aweme!0x3e71668 9
Aweme!0x3ed9ddc 8
Aweme!0x3ed4a78 1
Aweme!0x3e67854 1
Aweme!0x3eda120 1
Aweme!0x3e87334 5
Aweme!0x3e58964 1
Aweme!0x3ed3344 1
Aweme!0x3e90ec0 1
Aweme!0x3ea16b4 45
Aweme!0x3eda408 2
Aweme!0x775e834 2
Aweme!0x3e516d4 7
Aweme!0x3edacbc 1
Aweme!0x3e51f88 10
Aweme!0x3e89ce8 1
Aweme!0x3ed328c 2
Aweme!0x3e71328 1
Aweme!0x3edb174 1
Aweme!0x3e86ff4 2
Aweme!0x3ecc90c 2
Aweme!0x775ec90 6
Aweme!0x3e67688 3
Aweme!0x3e71440 1
Aweme!0x3e71270 3
Aweme!0x3e52044 3
Aweme!0x3ee4790 1
Aweme!0x775e720 6
Aweme!0x3e872dc 5
Aweme!0x3e70ca4 2
Aweme!0x3ecf88c 2
Aweme!0x3e5c824 2
Aweme!0x3ed7260 1
Aweme!0x3ecb9d4 1
Aweme!0x775c7f4 38
Aweme!0x3e70dbc 1
Aweme!0x3e86ae4 1
Aweme!0x3e714a0 2
Aweme!0x3ecaaf8 1
Aweme!0x3e709c0 30
Aweme!0x3e523e8 2
Aweme!0x3ecfc30 1
Aweme!0x3e84c14 1
Aweme!0x3ecb180 19
Aweme!0x3e71218 3
Aweme!0x3ea6110 2
Aweme!0x3e86ba0 3
Aweme!0x3e70e1c 2
Aweme!0x3ed3238 6
Aweme!0x775e7e0 2
Aweme!0x3e70f90 2
Aweme!0x3ea1b74 10
Aweme!0x3ee5674 4
Aweme!0x3e51ed8 14
Aweme!0x3e5de48 2
Aweme!0x3eac354 1
Aweme!0x3e71448 1
Aweme!0x3eaea20 11
Aweme!0x3e70d08 2
Aweme!0x3ed32f4 2
Aweme!0x3e56530 1
Aweme!0x3e4e1f0 9
Aweme!0x3ecb1e0 1
Aweme!0x3ecb9dc 7
Aweme!0x3ea1664 1
Aweme!0x3e885c0 1
Aweme!0x3e71108 1
Aweme!0x3e7cea8 2
Aweme!0x3eca930 14
Aweme!0x3e67c04 1
Aweme!0x3e70f38 3
Aweme!0x3e67a34 1
Aweme!0x3e60518 1
Aweme!0x3e523f0 5
Aweme!0x3ea7e18 52
Aweme!0x3ea3c78 1
Aweme!0x3e84a4c 1
Aweme!0x3ecb188 2
Aweme!0x3ecafb8 1
Aweme!0x3ead464 1
Aweme!0x3ed30cc 2
Aweme!0x3ed9ea8 5
Aweme!0x3e711c4 2
Aweme!0x3ed7210 1
Aweme!0x3ecb2a0 24
Aweme!0x3ed3010 516
Aweme!0x3ed3240 1
Aweme!0x3e7cf08 2
Aweme!0x3e57ef4 18
Aweme!0x3e86920 5
Aweme!0x3ed31e4 258
Aweme!0x775e78c 238
Aweme!0x3e712dc 3
Aweme!0x3ed9fc0 1
Aweme!0x3ed3358 3
Aweme!0x775e390 3
Aweme!0x3ede618 2
Aweme!0x3edded8 1
Aweme!0x3e90ed4 1
Aweme!0x3ecef8c 1
Aweme!0x3e713f4 1
Aweme!0x3ecabc0 5
Aweme!0x3ecb9e4 7
Aweme!0x3eca820 4
Aweme!0x3ea1d50 1
Aweme!0x3e51f40 3
Aweme!0x3e714b0 1
Aweme!0x775c5d8 32
Aweme!0x3e5e594 1
Aweme!0x3e868c8 5
Aweme!0x3e5e8d8 1
Aweme!0x3e70ba0 10
Aweme!0x3e4f5ec 2
Aweme!0x3e71284 1
Aweme!0x3ea1ac8 1
Aweme!0x3e70b44 9
Aweme!0x3e6057c 2
Aweme!0x3e67810 56
Aweme!0x3e51918 7
Aweme!0x3e8c880 4
Aweme!0x3e61858 1
Aweme!0x3eac818 1
Aweme!0x3ecb134 1
Aweme!0x3ecaf64 1
Aweme!0x3ecfd58 1
Aweme!0x3e711cc 2
Aweme!0x3eda368 1
Aweme!0x3ecf3ec 2
Aweme!0x3e523fc 7
Aweme!0x3e710b8 2
Aweme!0x3e5205c 11
Aweme!0x3e7ce58 4
Aweme!0x3eca540 4
Aweme!0x3ed7104 4
Aweme!0x3e872f4 2
Aweme!0x3ea6180 1
Aweme!0x3ecf504 1
Aweme!0x3ed32a8 3
Aweme!0x3ea0f90 1
Aweme!0x3e870c8 2
Aweme!0x3e51fa4 3
Aweme!0x3ed3304 1
Aweme!0x3eda3c8 3
Aweme!0x3eda028 1
Aweme!0x3ea8d04 7
Aweme!0x3ee4520 2
Aweme!0x3e712e8 2
Aweme!0x3ea7e84 1
Aweme!0x3e5e93c 2
Aweme!0x3eac8d8 1
Aweme!0x3e618bc 2
Aweme!0x3e7128c 6
Aweme!0x775e39c 7
Aweme!0x3e86de4 1
Aweme!0x3e70d1c 2
Aweme!0x3e71400 1
Aweme!0x775b534 2
Aweme!0x3ecaa58 11
Aweme!0x3e70920 1
Aweme!0x3ed9eb8 4
Aweme!0x3e713a4 1
Aweme!0x3e67b00 2
Aweme!0x3ea12d8 1
Aweme!0x775e7f8 1
Aweme!0x3eca9a0 1
Aweme!0x3e58b58 236
Aweme!0x3e5c5b8 1
Aweme!0x3e7111c 2
Aweme!0x3e93da8 2
Aweme!0x3e70d7c 2
Aweme!0x3e520c0 3
Aweme!0x3e70980 29
Aweme!0x3eda5fc 1
Aweme!0x3e70af4 21
Aweme!0x3e4e71c 4
Aweme!0x3ecfd64 1
Aweme!0x3e8c7d4 2
Aweme!0x3eca9a4 4
Aweme!0x3eca604 3
Aweme!0x3ed3028 814
Aweme!0x3ee49e0 1
Aweme!0x3ea8d0c 414
Aweme!0x3ecb1fc 1
Aweme!0x3e71464 1
Aweme!0x3ecb02c 2
Aweme!0x3e71294 2
Aweme!0x3e86dec 1
Aweme!0x3ea7a90 8
Aweme!0x3e67bc0 2
Aweme!0x3e5c8a4 1
Aweme!0x3e87300 4
Aweme!0x775e348 7
Aweme!0x3ea0a88 1
Aweme!0x3ed32b4 2
Aweme!0x3e4e1b0 5
Aweme!0x3e5bd68 4
Aweme!0x3ea1680 3
Aweme!0x3e716f0 7
Aweme!0x3e5c61c 2
Aweme!0x3e70c10 3
Aweme!0x3e84b20 1
Aweme!0x775e7a4 238
Aweme!0x3ede85c 3
Aweme!0x775cb00 1
Aweme!0x3ea1228 1
Aweme!0x3ea61ec 21
Aweme!0x775e918 1
Aweme!0x3ea8c54 6
Aweme!0x3e808c8 1
Aweme!0x3ed31f8 2
Aweme!0x3e6047c 1
Aweme!0x3e713b0 3
Aweme!0x3ed325c 5
Aweme!0x775e804 4
Aweme!0x3ecb260 6
Aweme!0x3e71698 10
Aweme!0x3e71128 1
Aweme!0x3e7bed4 1
Aweme!0x3e712f8 1
Aweme!0x3e853d8 30
Aweme!0x3ea61f0 2
Aweme!0x3e7129c 1
Aweme!0x3e85208 9
Aweme!0x3e86df4 9
Aweme!0x3e70b5c 20
Aweme!0x3ea2ad4 2
Aweme!0x3e71240 2
Aweme!0x3e4e728 2
Aweme!0x3ed9ec8 3
Aweme!0x3e51534 7
Aweme!0x3e70c74 1
Aweme!0x3ea1858 37
Aweme!0x3ecf460 1
Aweme!0x3ecc428 1
Aweme!0x3edb1a4 1
Aweme!0x3e83398 1
Aweme!0x3e70d30 1
Aweme!0x3ed9d58 5
Aweme!0x3e5cbf4 1
Aweme!0x3e872b0 10
Aweme!0x3e711e8 1
Aweme!0x3ea8ba8 55
Aweme!0x3eda3e0 4
Aweme!0x3ec92dc 1
Aweme!0x3e87254 7
Aweme!0x3e8a230 1
Aweme!0x3e7118c 2
Aweme!0x3ed3264 257
Aweme!0x3ea8d1c 1
Aweme!0x3ea1630 2
Aweme!0x3e617bc 1
Aweme!0x3e71300 1
Aweme!0x3ea8cc0 3
Aweme!0x3e86fcc 4
Aweme!0x3ed3150 41
Aweme!0x3e87d94 2
Aweme!0x3eca8a0 1
Aweme!0x3edb264 1
Aweme!0x3e4e730 2
Aweme!0x3ecaa14 5
Aweme!0x3ed32c4 2
Aweme!0x3ee1390 1
Aweme!0x3e7019c 1
Aweme!0x3e52134 5
Aweme!0x3e8a290 1
Aweme!0x3e70140 1
Aweme!0x3e70d94 1
Aweme!0x3e58b14 236
Aweme!0x3e67890 4
Aweme!0x3ed31b0 1
Aweme!0x3e7141c 1
Aweme!0x3e7124c 5
Aweme!0x3e86f74 1
Aweme!0x3e84dbc 1
Aweme!0x3e713bc 1
Aweme!0x3ea8bb0 69
Aweme!0x3e4de24 9
Aweme!0x3e708e0 1
Aweme!0x3edb20c 2
Aweme!0x3e8c790 2
Aweme!0x3e70fc4 4
Aweme!0x3e88764 1
Aweme!0x3e87200 1
Aweme!0x3ea1b4c 1
Aweme!0x3ea197c 28
Aweme!0x3e868f0 5
Aweme!0x3ecd59c 2
Aweme!0x775e078 9
Aweme!0x3e86fd4 4
Aweme!0x3e52080 14
Aweme!0x3ead4f0 1
Aweme!0x3ed4bd0 1
Aweme!0x3e71080 2
Aweme!0x3ea1a94 1
Aweme!0x3e70b10 12
Aweme!0x3ecaa78 1
Aweme!0x3eda21c 2
Aweme!0x3ed7070 2
Aweme!0x3ed9e7c 3
Aweme!0x3e71368 2
Aweme!0x3e90e48 1
Aweme!0x3ea7994 4
Aweme!0x3ecb2d0 57
Aweme!0x3e520e0 14
Aweme!0x3eb1c60 1
Aweme!0x3e70bcc 1
Aweme!0x775c5a8 7
Aweme!0x3ecaca8 1
Aweme!0x3ea03c0 1
Aweme!0x3e5c520 2
Aweme!0x3edad5c 2
Aweme!0x3ee7920 4
Aweme!0x3e8a128 1
Aweme!0x3ed72a0 1
Aweme!0x3ec9348 2
Aweme!0x3ea1188 1
Aweme!0x3e5d118 1
Aweme!0x3e71028 1
Aweme!0x3ea169c 2
Aweme!0x3e926f4 1
Aweme!0x3e67728 3
Aweme!0x3ecb278 1
Aweme!0x3e92868 1
Aweme!0x3e86fdc 1
Aweme!0x3e70f70 2
Aweme!0x3ea1928 1
Aweme!0x3e71428 1
Aweme!0x3e90f08 1
Aweme!0x3ed69f0 1
Aweme!0x3eca340 6
Aweme!0x3e4e740 4
Aweme!0x3e711fc 1
Aweme!0x775d148 23
Aweme!0x3e8a244 1
Aweme!0x3e70fd0 4
Aweme!0x3ecb9bc 3
Aweme!0x3e61204 2
Aweme!0x3ea8cd4 3
Aweme!0x775e084 6
Aweme!0x3e4dd78 1
Aweme!0x3e71488 1
Aweme!0x3ecb164 1
Aweme!0x3e5208c 5
Aweme!0x3e70d48 2
Aweme!0x3e5cc68 2
On receive  16384
Error happenError: unable to find module containing 0x11edec25c
Error happenError: unable to find module containing 0x11ed6e984
Error happenError: unable to find module containing 0x11ed6e994
