AwemeModuleBase:0x1062b34f0
arg1 https://search3-search-lf.amemv.com/aweme/v1/search/item/?caid1=0803bffc8815b9f02c08f48f95c1008c&tma_jssdk_version=2.1.0.2&minor_status=0&ac=WIFI&appTheme=dark&is_vcd=1&keyword=%E7%8E%8B%E4%B8%80%E5%8D%9A&video_cover_shrink=372_496&enter_from=homepage_hot&sort_type=0&backtrace=M7U2PfbCPC7qlX46ow2D73foIbuD7zG%2BTODCT48wHI74oC1dlQVm4omXMt%2BkHUSKjMf5EJvWyjt3jVKDb%2FBylQ%3D%3D&count=12&is_filter_search=0&user_avatar_shrink=64_64&source=video_search&query_correct_type=1&rs_word_count=5&offset=0&search_source=normal_search&publish_time=0&hot_search=0&aid=1128&app_name=aweme&app_version=14.8.0&build_number=148013&cdid=FEDA96DE-E849-4E15-99C9-66CD61F50ADD&channel=App%20Store&device_id=4169787388733342&device_platform=iphone&device_type=iPhone9,1&idfa=322127EF-8E4E-48E9-98E0-99ACBDC85525&iid=2955926580500413&js_sdk_version=1.99.0.3&mcc_mnc=&openudid=a4cb7b4ade7c5e8e6c90cf8f892aafe6c64c73d1&os_api=18&os_version=13.3.1&screen_width=750&version_code=14.8.0&vid=25AD3C98-7CA5-4B2E-9B39-9BAEFC31BBD2
arg2 {
    "User-Agent" = "Aweme 14.8.0 rv:148013 (iPhone; iOS 13.3.1; zh_CN) Cronet";
    "x-common-params-v2" = "aid=1128&app_name=aweme&app_version=14.8.0&build_number=148013&cdid=FEDA96DE-E849-4E15-99C9-66CD61F50ADD&channel=App%20Store&device_id=4169787388733342&device_platform=iphone&device_type=iPhone9,1&idfa=322127EF-8E4E-48E9-98E0-99ACBDC85525&iid=2955926580500413&js_sdk_version=1.99.0.3&mcc_mnc=&openudid=a4cb7b4ade7c5e8e6c90cf8f892aafe6c64c73d1&os_api=18&os_version=13.3.1&screen_width=750&version_code=14.8.0&vid=25AD3C98-7CA5-4B2E-9B39-9BAEFC31BBD2";
    "x-tt-token" = "003c4774314c4f83d0177a0ae886f5a6f50056cb8fc53fa60c3b0bf88596c762fc922f46798e27276d911e99fde0203a46a8df6837c3279998eaaccf63df5e59c34fb9458bd8d9b17fd1ecf392c2a6fc08649f8411f4295761fc95f3fe46affde27ce-1.0.1";
}
call Aweme!0x3e87048
,	Aweme!0x3e87048 this.args0 0x282bd9e60             0  1  2  3  4  5  6  7  8  9  A  B  C  D  E  F  0123456789ABCDEF
282bd9e60  68 0a f8 09 01 00 00 00 94 fd 26 06 01 00 00 00  h.........&.....
282bd9e70  00 00 00 00 00 00 00 00 d0 b1 29 06 01 00 00 00  ..........).....
282bd9e80  80 28 80 82 02 00 00 00 80 07 00 00 00 00 00 00  .(..............
282bd9e90  28 00 00 00 00 00 00 00 03 00 00 00 00 00 00 00  (...............
282bd9ea0  f8 92 bd 82 02 00 00 00 00 00 00 00 00 00 00 00  ................
282bd9eb0  04 00 00 00 00 00 00 00 00 00 00 00 00 00 00 00  ................
282bd9ec0  00 00 00 00 00 00 00 00 f0 98 a4 da 01 00 00 00  ................
282bd9ed0  95 f6 7a 66 82 72 6d ed 00 00 00 00 00 00 00 00  ..zf.rm.........
282bd9ee0  90 5d a5 da 01 00 00 00 80 f3 6b 82 02 00 00 00  .]........k.....
282bd9ef0  f0 f0 a9 e5 01 00 00 00 02 00 00 c1 00 00 00 00  ................
282bd9f00  a0 9d 52 9d 01 00 00 00 80 5f aa da 01 00 00 00  ..R......_......
282bd9f10  af d5 8d de fe ff ff ff ce 28 5e d5 01 00 00 00  .........(^.....
282bd9f20  00 00 00 00 00 00 00 00 f0 98 a4 da 01 00 00 00  ................
282bd9f30  95 f6 7a 66 82 72 6d ed 00 00 00 00 00 00 00 00  ..zf.rm.........
282bd9f40  90 5d a5 da 01 00 00 00 a0 f2 71 82 02 00 00 00  .]........q.....
282bd9f50  e1 13 aa e5 a1 01 00 00 00 00 00 00 00 00 00 00  ................
282bd9f60  20 db 5c 82 02 00 00 00 00 00 00 00 02 00 00 00   .\.............
282bd9f70  03 00 00 00 02 00 00 00 00 00 00 00 00 00 00 00  ................
282bd9f80  f0 f0 a9 e5 01 00 00 00 02 00 00 c1 00 00 00 00  ................
282bd9f90  a0 9d 52 9d 01 00 00 00 80 5f aa da 01 00 00 00  ..R......_......
282bd9fa0  af d5 8d de fe ff ff ff 6d 2a 59 d5 01 00 00 00  ........m*Y.....
282bd9fb0  c9 7d b0 e5 a1 01 00 00 d0 31 e2 0f 01 00 00 00  .}.......1......
282bd9fc0  01 00 00 00 00 00 00 00 08 00 00 00 00 00 00 00  ................
282bd9fd0  01 00 00 00 00 00 00 00 00 00 00 00 00 00 00 00  ................
282bd9fe0  e0 9f 9b 2d 24 47 00 00 0f 00 55 06 01 00 00 00  ...-$G....U.....
282bd9ff0  94 b2 55 06 01 00 00 00 58 1b 41 06 01 00 00 00  ..U.....X.A.....
282bda000  7c f4 57 06 01 00 00 00 1b 00 00 00 00 60 ef 00  |.W..........`..
282bda010  59 2c ae a0 c5 3f 2d ed f0 98 a4 da 01 00 00 00  Y,...?-.........
282bda020  95 f6 7a 66 82 72 6d ed 00 60 71 82 02 00 00 00  ..zf.rm..`q.....
282bda030  90 5d a5 da 01 00 00 00 60 5b 71 82 02 00 00 00  .]......`[q.....
282bda040  40 a0 9b 2d 24 47 00 00 20 01 55 06 01 00 00 00  @..-$G.. .U.....
282bda050  94 b2 55 06 01 00 00 00 58 1b 41 06 01 00 00 00  ..U.....X.A.....
282bda060  7c f4 57 06 01 00 00 00 12 00 00 00 00 40 ef 00  |.W..........@..
282bda070  e1 13 aa e5 a1 01 00 00 00 00 00 00 00 00 00 00  ................
282bda080  90 69 42 80 02 00 00 00 00 00 00 00 0a 00 00 00  .iB.............
282bda090  09 00 00 00 08 00 00 00 00 00 00 00 00 00 00 00  ................
282bda0a0  e1 13 aa e5 a1 01 00 00 60 91 5b 82 02 00 00 00  ........`.[.....
282bda0b0  f0 5e 41 80 02 00 00 00 00 00 00 00 0a 00 00 00  .^A.............
282bda0c0  0b 00 00 00 0a 00 00 00 00 00 00 00 00 00 00 00  ................
282bda0d0  6d 53 ad e5 a1 01 00 00 b8 36 23 0a 01 00 00 00  mS.......6#.....
282bda0e0  00 fa 6b 82 02 00 00 00 f0 6d 4b 80 02 00 00 00  ..k......mK.....
282bda0f0  00 00 00 00 00 00 00 00 00 00 00 00 00 00 00 00  ................
282bda100  f0 f0 a9 e5 01 00 00 00 02 00 00 c1 00 00 00 00  ................
282bda110  a0 9d 52 9d 01 00 00 00 80 5f aa da 01 00 00 00  ..R......_......
282bda120  af d5 8d de fe ff ff ff 3b 30 63 d5 01 00 00 00  ........;0c.....
282bda130  31 14 aa e5 a1 01 00 00 60 9f 5b 82 02 00 00 00  1.......`.[.....
282bda140  a0 7d 81 20 01 00 00 00 00 00 00 00 5a 00 00 00  .}. ........Z...
282bda150  5b 00 00 00 5a 00 00 00 00 00 00 00 00 00 00 00  [...Z...........
282bda160  00 00 00 00 00 00 00 00 00 00 00 00 00 00 00 00  ................
282bda170  a0 5b 00 db 01 00 00 00 00 00 00 00 00 00 00 00  .[..............
282bda180  00 00 00 00 00 00 00 00 00 6d bc 81 02 00 00 00  .........m......
282bda190  e1 13 aa e5 a1 01 00 00 00 00 00 00 00 00 00 00  ................
282bda1a0  b0 1b 5c 82 02 00 00 00 00 00 00 00 02 00 00 00  ..\.............
282bda1b0  02 00 00 00 01 00 00 00 00 00 00 00 00 00 00 00  ................
282bda1c0  f0 f0 a9 e5 01 00 00 00 02 00 00 c3 00 00 00 00  ................
282bda1d0  b8 64 f3 07 01 00 00 00 c0 63 d8 09 01 00 00 00  .d.......c......
282bda1e0  f0 53 0f 81 02 00 00 00 c0 1b 82 20 01 00 00 00  .S......... ....
282bda1f0  e1 13 aa e5 a1 01 00 00 00 00 00 00 00 00 00 00  ................
282bda200  00 00 00 00 00 00 00 00 00 00 00 00 00 00 00 00  ................
282bda210  03 00 00 00 00 00 00 00 00 00 00 00 00 00 00 00  ................
282bda220  f0 f0 a9 e5 01 00 00 00 02 00 00 c1 00 00 00 00  ................
282bda230  ac 1b 07 a1 01 00 00 00 70 d8 fc da 01 00 00 00  ........p.......
282bda240  90 52 0e 81 02 00 00 00 00 00 00 00 00 00 00 00  .R..............
282bda250  e1 13 aa e5 a1 01 00 00 00 00 00 00 00 00 00 00  ................

,	Aweme!0x3e87048 this.args1 0x281bf6130             0  1  2  3  4  5  6  7  8  9  A  B  C  D  E  F  0123456789ABCDEF
281bf6130  00 ed f7 09 01 00 00 00 4b 4c 57 52 00 00 00 00  ........KLWR....
281bf6140  00 00 00 00 02 00 00 80 20 00 00 00 4b 4c 57 52  ........ ...KLWR
281bf6150  00 00 00 00 00 00 00 00 ff ff ff ff ff ff ff ff  ................
281bf6160  c0 96 00 00 01 96 00 00 00 96 00 00 ff ff ff ff  ................
281bf6170  ff ff ff ff ff ff ff ff c7 9e 40 7e fd ff ff ff  ..........@~....
281bf6180  58 72 e4 09 00 00 00 00 fd 5e 40 d5 01 00 00 00  Xr.......^@.....
281bf6190  48 94 e0 96 00 00 00 00 99 7b 41 d5 01 00 00 00  H........{A.....
281bf61a0  34 a9 e0 96 00 00 00 00 fb 7d 41 d5 01 00 00 00  4........}A.....
281bf61b0  30 94 e0 96 00 00 00 00 5b 7d 41 d5 01 00 00 00  0.......[}A.....
281bf61c0  58 fa e9 09 00 00 00 00 dc a2 58 d5 01 00 00 00  X.........X.....
281bf61d0  0c b9 e0 96 00 00 00 00 2d 7a 41 d5 01 00 00 00  ........-zA.....
281bf61e0  2c a3 e0 96 00 00 00 00 f0 79 41 d5 01 00 00 00  ,........yA.....
281bf61f0  d4 ab e0 96 00 00 00 00 60 79 41 d5 4b 4c 57 52  ........`yA.KLWR
281bf6200  00 00 00 00 00 00 00 00 00 00 00 00 00 00 00 00  ................
281bf6210  44 44 cd 45 00 00 00 00 21 99 4e d5 01 00 00 00  DD.E....!.N.....
281bf6220  bc 48 cd 45 00 00 00 00 f3 9a 4e d5 01 00 00 00  .H.E......N.....
281bf6230  84 49 cd 45 00 00 00 00 63 9b 4e d5 01 00 00 00  .I.E....c.N.....
281bf6240  60 51 cd 45 00 00 00 00 b5 9f 4e d5 01 00 00 00  `Q.E......N.....
281bf6250  18 46 cd 45 00 00 00 00 47 98 4e d5 01 00 00 00  .F.E....G.N.....
281bf6260  90 47 cd 45 00 00 00 00 a6 98 4e d5 01 00 00 00  .G.E......N.....
281bf6270  d4 47 cd 45 00 00 00 00 77 98 4e d5 01 00 00 00  .G.E....w.N.....
281bf6280  00 00 00 00 00 00 00 00 00 00 00 00 00 00 00 00  ................
281bf6290  00 00 00 00 00 00 00 00 00 00 00 00 00 00 00 00  ................
281bf62a0  00 00 00 00 00 00 00 00 00 00 00 00 00 00 00 00  ................
281bf62b0  10 48 cd 45 00 00 00 00 2b 9b 4e d5 01 00 00 00  .H.E....+.N.....
281bf62c0  00 00 00 00 00 00 00 00 00 00 00 00 00 00 00 00  ................
281bf62d0  00 00 00 00 00 00 00 00 00 00 00 00 00 00 00 00  ................
281bf62e0  00 00 00 00 00 00 00 00 00 00 00 00 00 00 00 00  ................
281bf62f0  00 00 00 00 00 00 00 00 00 00 00 00 00 00 00 00  ................
281bf6300  50 8a 5e 82 02 00 00 00 00 00 00 00 00 00 00 00  P.^.............
281bf6310  00 00 00 00 00 00 00 00 00 41 01 00 00 00 00 00  .........A......
281bf6320  10 92 5e 82 02 00 00 00 00 00 00 00 00 00 00 00  ..^.............
281bf6330  00 00 00 00 00 00 00 00 00 41 01 00 00 00 00 00  .........A......
281bf6340  a0 05 3c 80 02 00 00 00 00 89 5e 82 02 00 00 00  ..<.......^.....
281bf6350  00 00 00 00 00 00 00 00 00 00 00 00 00 00 00 00  ................
281bf6360  e0 46 4a 80 02 00 00 00 f0 88 5e 82 02 00 00 00  .FJ.......^.....
281bf6370  00 00 00 00 00 00 00 00 00 00 00 00 00 00 00 00  ................
281bf6380  c0 55 a2 0f 01 00 00 00 e0 88 5e 82 02 00 00 00  .U........^.....
281bf6390  00 00 00 00 00 00 00 00 00 00 00 00 00 00 00 00  ................
281bf63a0  30 8a 5e 82 02 00 00 00 00 00 00 00 00 00 00 00  0.^.............
281bf63b0  00 00 00 00 00 00 00 00 00 41 05 04 00 00 00 00  .........A......
281bf63c0  b0 89 5e 82 02 00 00 00 00 00 00 00 00 00 00 00  ..^.............
281bf63d0  00 00 00 00 00 00 00 00 00 42 05 04 00 00 00 00  .........B......
281bf63e0  20 8b 5e 82 02 00 00 00 00 00 00 00 00 00 00 00   .^.............
281bf63f0  00 00 00 00 00 00 00 00 00 42 05 04 00 00 00 00  .........B......
281bf6400  d0 aa 5e 82 02 00 00 00 00 00 00 00 00 00 00 00  ..^.............
281bf6410  00 00 00 00 00 00 00 00 00 42 05 04 00 00 00 00  .........B......
281bf6420  e0 aa 5e 82 02 00 00 00 00 00 00 00 00 00 00 00  ..^.............
281bf6430  00 00 00 00 00 00 00 00 00 42 05 04 00 00 00 00  .........B......
281bf6440  f0 aa 5e 82 02 00 00 00 00 00 00 00 00 00 00 00  ..^.............
281bf6450  00 00 00 00 00 00 00 00 00 42 05 04 00 00 00 00  .........B......
281bf6460  80 3f 79 82 02 00 00 00 00 00 00 00 00 00 00 00  .?y.............
281bf6470  00 00 00 00 00 00 00 00 00 44 01 04 00 00 00 00  .........D......
281bf6480  00 ab 5e 82 02 00 00 00 00 00 00 00 00 00 00 00  ..^.............
281bf6490  00 00 00 00 00 00 00 00 00 42 05 04 00 00 00 00  .........B......
281bf64a0  00 00 00 00 00 00 00 00 00 00 00 00 00 00 00 00  ................
281bf64b0  00 00 00 00 00 00 00 00 00 00 00 00 00 00 00 00  ................
281bf64c0  00 00 00 00 00 00 00 00 00 00 00 00 00 00 00 00  ................
281bf64d0  00 00 00 00 00 00 00 00 00 00 00 00 00 00 00 00  ................
281bf64e0  00 00 00 00 00 00 00 00 00 00 00 00 00 00 00 00  ................
281bf64f0  00 00 00 00 00 00 00 00 00 00 00 00 00 00 00 00  ................
281bf6500  10 ab 5e 82 02 00 00 00 00 00 00 00 00 00 00 00  ..^.............
281bf6510  00 00 00 00 00 00 00 00 00 42 05 04 00 00 00 00  .........B......
281bf6520  20 ab 5e 82 02 00 00 00 00 00 00 00 00 00 00 00   .^.............

,	Aweme!0x3e87048 this.args2 0x1 0x1

,	Aweme!0x3e87048 this.args3 0x281bf6130             0  1  2  3  4  5  6  7  8  9  A  B  C  D  E  F  0123456789ABCDEF
281bf6130  00 ed f7 09 01 00 00 00 4b 4c 57 52 00 00 00 00  ........KLWR....
281bf6140  00 00 00 00 02 00 00 80 20 00 00 00 4b 4c 57 52  ........ ...KLWR
281bf6150  00 00 00 00 00 00 00 00 ff ff ff ff ff ff ff ff  ................
281bf6160  c0 96 00 00 01 96 00 00 00 96 00 00 ff ff ff ff  ................
281bf6170  ff ff ff ff ff ff ff ff c7 9e 40 7e fd ff ff ff  ..........@~....
281bf6180  58 72 e4 09 00 00 00 00 fd 5e 40 d5 01 00 00 00  Xr.......^@.....
281bf6190  48 94 e0 96 00 00 00 00 99 7b 41 d5 01 00 00 00  H........{A.....
281bf61a0  34 a9 e0 96 00 00 00 00 fb 7d 41 d5 01 00 00 00  4........}A.....
281bf61b0  30 94 e0 96 00 00 00 00 5b 7d 41 d5 01 00 00 00  0.......[}A.....
281bf61c0  58 fa e9 09 00 00 00 00 dc a2 58 d5 01 00 00 00  X.........X.....
281bf61d0  0c b9 e0 96 00 00 00 00 2d 7a 41 d5 01 00 00 00  ........-zA.....
281bf61e0  2c a3 e0 96 00 00 00 00 f0 79 41 d5 01 00 00 00  ,........yA.....
281bf61f0  d4 ab e0 96 00 00 00 00 60 79 41 d5 4b 4c 57 52  ........`yA.KLWR
281bf6200  00 00 00 00 00 00 00 00 00 00 00 00 00 00 00 00  ................
281bf6210  44 44 cd 45 00 00 00 00 21 99 4e d5 01 00 00 00  DD.E....!.N.....
281bf6220  bc 48 cd 45 00 00 00 00 f3 9a 4e d5 01 00 00 00  .H.E......N.....
281bf6230  84 49 cd 45 00 00 00 00 63 9b 4e d5 01 00 00 00  .I.E....c.N.....
281bf6240  60 51 cd 45 00 00 00 00 b5 9f 4e d5 01 00 00 00  `Q.E......N.....
281bf6250  18 46 cd 45 00 00 00 00 47 98 4e d5 01 00 00 00  .F.E....G.N.....
281bf6260  90 47 cd 45 00 00 00 00 a6 98 4e d5 01 00 00 00  .G.E......N.....
281bf6270  d4 47 cd 45 00 00 00 00 77 98 4e d5 01 00 00 00  .G.E....w.N.....
281bf6280  00 00 00 00 00 00 00 00 00 00 00 00 00 00 00 00  ................
281bf6290  00 00 00 00 00 00 00 00 00 00 00 00 00 00 00 00  ................
281bf62a0  00 00 00 00 00 00 00 00 00 00 00 00 00 00 00 00  ................
281bf62b0  10 48 cd 45 00 00 00 00 2b 9b 4e d5 01 00 00 00  .H.E....+.N.....
281bf62c0  00 00 00 00 00 00 00 00 00 00 00 00 00 00 00 00  ................
281bf62d0  00 00 00 00 00 00 00 00 00 00 00 00 00 00 00 00  ................
281bf62e0  00 00 00 00 00 00 00 00 00 00 00 00 00 00 00 00  ................
281bf62f0  00 00 00 00 00 00 00 00 00 00 00 00 00 00 00 00  ................
281bf6300  50 8a 5e 82 02 00 00 00 00 00 00 00 00 00 00 00  P.^.............
281bf6310  00 00 00 00 00 00 00 00 00 41 01 00 00 00 00 00  .........A......
281bf6320  10 92 5e 82 02 00 00 00 00 00 00 00 00 00 00 00  ..^.............
281bf6330  00 00 00 00 00 00 00 00 00 41 01 00 00 00 00 00  .........A......
281bf6340  a0 05 3c 80 02 00 00 00 00 89 5e 82 02 00 00 00  ..<.......^.....
281bf6350  00 00 00 00 00 00 00 00 00 00 00 00 00 00 00 00  ................
281bf6360  e0 46 4a 80 02 00 00 00 f0 88 5e 82 02 00 00 00  .FJ.......^.....
281bf6370  00 00 00 00 00 00 00 00 00 00 00 00 00 00 00 00  ................
281bf6380  c0 55 a2 0f 01 00 00 00 e0 88 5e 82 02 00 00 00  .U........^.....
281bf6390  00 00 00 00 00 00 00 00 00 00 00 00 00 00 00 00  ................
281bf63a0  30 8a 5e 82 02 00 00 00 00 00 00 00 00 00 00 00  0.^.............
281bf63b0  00 00 00 00 00 00 00 00 00 41 05 04 00 00 00 00  .........A......
281bf63c0  b0 89 5e 82 02 00 00 00 00 00 00 00 00 00 00 00  ..^.............
281bf63d0  00 00 00 00 00 00 00 00 00 42 05 04 00 00 00 00  .........B......
281bf63e0  20 8b 5e 82 02 00 00 00 00 00 00 00 00 00 00 00   .^.............
281bf63f0  00 00 00 00 00 00 00 00 00 42 05 04 00 00 00 00  .........B......
281bf6400  d0 aa 5e 82 02 00 00 00 00 00 00 00 00 00 00 00  ..^.............
281bf6410  00 00 00 00 00 00 00 00 00 42 05 04 00 00 00 00  .........B......
281bf6420  e0 aa 5e 82 02 00 00 00 00 00 00 00 00 00 00 00  ..^.............
281bf6430  00 00 00 00 00 00 00 00 00 42 05 04 00 00 00 00  .........B......
281bf6440  f0 aa 5e 82 02 00 00 00 00 00 00 00 00 00 00 00  ..^.............
281bf6450  00 00 00 00 00 00 00 00 00 42 05 04 00 00 00 00  .........B......
281bf6460  80 3f 79 82 02 00 00 00 00 00 00 00 00 00 00 00  .?y.............
281bf6470  00 00 00 00 00 00 00 00 00 44 01 04 00 00 00 00  .........D......
281bf6480  00 ab 5e 82 02 00 00 00 00 00 00 00 00 00 00 00  ..^.............
281bf6490  00 00 00 00 00 00 00 00 00 42 05 04 00 00 00 00  .........B......
281bf64a0  00 00 00 00 00 00 00 00 00 00 00 00 00 00 00 00  ................
281bf64b0  00 00 00 00 00 00 00 00 00 00 00 00 00 00 00 00  ................
281bf64c0  00 00 00 00 00 00 00 00 00 00 00 00 00 00 00 00  ................
281bf64d0  00 00 00 00 00 00 00 00 00 00 00 00 00 00 00 00  ................
281bf64e0  00 00 00 00 00 00 00 00 00 00 00 00 00 00 00 00  ................
281bf64f0  00 00 00 00 00 00 00 00 00 00 00 00 00 00 00 00  ................
281bf6500  10 ab 5e 82 02 00 00 00 00 00 00 00 00 00 00 00  ..^.............
281bf6510  00 00 00 00 00 00 00 00 00 42 05 04 00 00 00 00  .........B......
281bf6520  20 ab 5e 82 02 00 00 00 00 00 00 00 00 00 00 00   .^.............

,	Aweme!0x3e87048 this.args4 0x9cdd4d65 0x9cdd4d65

,	Aweme!0x3e87048 this.args0 onLeave 0x282bd9e60             0  1  2  3  4  5  6  7  8  9  A  B  C  D  E  F  0123456789ABCDEF
282bd9e60  68 0a f8 09 01 00 00 00 94 fd 26 06 01 00 00 00  h.........&.....
282bd9e70  00 00 00 00 00 00 00 00 d0 b1 29 06 01 00 00 00  ..........).....
282bd9e80  80 28 80 82 02 00 00 00 80 07 00 00 00 00 00 00  .(..............
282bd9e90  28 00 00 00 00 00 00 00 03 00 00 00 00 00 00 00  (...............
282bd9ea0  f8 92 bd 82 02 00 00 00 00 00 00 00 00 00 00 00  ................
282bd9eb0  04 00 00 00 00 00 00 00 00 00 00 00 00 00 00 00  ................
282bd9ec0  00 00 00 00 00 00 00 00 f0 98 a4 da 01 00 00 00  ................
282bd9ed0  95 f6 7a 66 82 72 6d ed 00 00 00 00 00 00 00 00  ..zf.rm.........
282bd9ee0  90 5d a5 da 01 00 00 00 80 f3 6b 82 02 00 00 00  .]........k.....
282bd9ef0  f0 f0 a9 e5 01 00 00 00 02 00 00 c1 00 00 00 00  ................
282bd9f00  a0 9d 52 9d 01 00 00 00 80 5f aa da 01 00 00 00  ..R......_......
282bd9f10  af d5 8d de fe ff ff ff ce 28 5e d5 01 00 00 00  .........(^.....
282bd9f20  00 00 00 00 00 00 00 00 f0 98 a4 da 01 00 00 00  ................
282bd9f30  95 f6 7a 66 82 72 6d ed 00 00 00 00 00 00 00 00  ..zf.rm.........
282bd9f40  90 5d a5 da 01 00 00 00 a0 f2 71 82 02 00 00 00  .]........q.....
282bd9f50  e1 13 aa e5 a1 01 00 00 00 00 00 00 00 00 00 00  ................
282bd9f60  20 db 5c 82 02 00 00 00 00 00 00 00 02 00 00 00   .\.............
282bd9f70  03 00 00 00 02 00 00 00 00 00 00 00 00 00 00 00  ................
282bd9f80  f0 f0 a9 e5 01 00 00 00 02 00 00 c1 00 00 00 00  ................
282bd9f90  a0 9d 52 9d 01 00 00 00 80 5f aa da 01 00 00 00  ..R......_......
282bd9fa0  af d5 8d de fe ff ff ff 6d 2a 59 d5 01 00 00 00  ........m*Y.....
282bd9fb0  c9 7d b0 e5 a1 01 00 00 d0 31 e2 0f 01 00 00 00  .}.......1......
282bd9fc0  01 00 00 00 00 00 00 00 08 00 00 00 00 00 00 00  ................
282bd9fd0  01 00 00 00 00 00 00 00 00 00 00 00 00 00 00 00  ................
282bd9fe0  e0 9f 9b 2d 24 47 00 00 0f 00 55 06 01 00 00 00  ...-$G....U.....
282bd9ff0  94 b2 55 06 01 00 00 00 58 1b 41 06 01 00 00 00  ..U.....X.A.....
282bda000  7c f4 57 06 01 00 00 00 1b 00 00 00 00 60 ef 00  |.W..........`..
282bda010  59 2c ae a0 c5 3f 2d ed f0 98 a4 da 01 00 00 00  Y,...?-.........
282bda020  95 f6 7a 66 82 72 6d ed 00 60 71 82 02 00 00 00  ..zf.rm..`q.....
282bda030  90 5d a5 da 01 00 00 00 60 5b 71 82 02 00 00 00  .]......`[q.....
282bda040  40 a0 9b 2d 24 47 00 00 20 01 55 06 01 00 00 00  @..-$G.. .U.....
282bda050  94 b2 55 06 01 00 00 00 58 1b 41 06 01 00 00 00  ..U.....X.A.....
282bda060  7c f4 57 06 01 00 00 00 12 00 00 00 00 40 ef 00  |.W..........@..
282bda070  e1 13 aa e5 a1 01 00 00 00 00 00 00 00 00 00 00  ................
282bda080  90 69 42 80 02 00 00 00 00 00 00 00 0a 00 00 00  .iB.............
282bda090  09 00 00 00 08 00 00 00 00 00 00 00 00 00 00 00  ................
282bda0a0  e1 13 aa e5 a1 01 00 00 60 91 5b 82 02 00 00 00  ........`.[.....
282bda0b0  f0 5e 41 80 02 00 00 00 00 00 00 00 0a 00 00 00  .^A.............
282bda0c0  0b 00 00 00 0a 00 00 00 00 00 00 00 00 00 00 00  ................
282bda0d0  6d 53 ad e5 a1 01 00 00 b8 36 23 0a 01 00 00 00  mS.......6#.....
282bda0e0  00 fa 6b 82 02 00 00 00 f0 6d 4b 80 02 00 00 00  ..k......mK.....
282bda0f0  00 00 00 00 00 00 00 00 00 00 00 00 00 00 00 00  ................
282bda100  f0 f0 a9 e5 01 00 00 00 02 00 00 c1 00 00 00 00  ................
282bda110  a0 9d 52 9d 01 00 00 00 80 5f aa da 01 00 00 00  ..R......_......
282bda120  af d5 8d de fe ff ff ff 3b 30 63 d5 01 00 00 00  ........;0c.....
282bda130  31 14 aa e5 a1 01 00 00 60 9f 5b 82 02 00 00 00  1.......`.[.....
282bda140  a0 7d 81 20 01 00 00 00 00 00 00 00 5a 00 00 00  .}. ........Z...
282bda150  5b 00 00 00 5a 00 00 00 00 00 00 00 00 00 00 00  [...Z...........
282bda160  00 00 00 00 00 00 00 00 00 00 00 00 00 00 00 00  ................
282bda170  a0 5b 00 db 01 00 00 00 00 00 00 00 00 00 00 00  .[..............
282bda180  00 00 00 00 00 00 00 00 00 6d bc 81 02 00 00 00  .........m......
282bda190  e1 13 aa e5 a1 01 00 00 00 00 00 00 00 00 00 00  ................
282bda1a0  b0 1b 5c 82 02 00 00 00 00 00 00 00 02 00 00 00  ..\.............
282bda1b0  02 00 00 00 01 00 00 00 00 00 00 00 00 00 00 00  ................
282bda1c0  f0 f0 a9 e5 01 00 00 00 02 00 00 c3 00 00 00 00  ................
282bda1d0  b8 64 f3 07 01 00 00 00 c0 63 d8 09 01 00 00 00  .d.......c......
282bda1e0  f0 53 0f 81 02 00 00 00 c0 1b 82 20 01 00 00 00  .S......... ....
282bda1f0  e1 13 aa e5 a1 01 00 00 00 00 00 00 00 00 00 00  ................
282bda200  00 00 00 00 00 00 00 00 00 00 00 00 00 00 00 00  ................
282bda210  03 00 00 00 00 00 00 00 00 00 00 00 00 00 00 00  ................
282bda220  f0 f0 a9 e5 01 00 00 00 02 00 00 c1 00 00 00 00  ................
282bda230  ac 1b 07 a1 01 00 00 00 70 d8 fc da 01 00 00 00  ........p.......
282bda240  90 52 0e 81 02 00 00 00 00 00 00 00 00 00 00 00  .R..............
282bda250  e1 13 aa e5 a1 01 00 00 00 00 00 00 00 00 00 00  ................

,	Aweme!0x3e87048 this.args1 onLeave 0x281bf6130             0  1  2  3  4  5  6  7  8  9  A  B  C  D  E  F  0123456789ABCDEF
281bf6130  00 ed f7 09 01 00 00 00 4b 4c 57 52 00 00 00 00  ........KLWR....
281bf6140  00 00 00 00 02 00 00 80 20 00 00 00 4b 4c 57 52  ........ ...KLWR
281bf6150  00 00 00 00 00 00 00 00 ff ff ff ff ff ff ff ff  ................
281bf6160  c0 96 00 00 01 96 00 00 00 96 00 00 ff ff ff ff  ................
281bf6170  ff ff ff ff ff ff ff ff c7 9e 40 7e fd ff ff ff  ..........@~....
281bf6180  58 72 e4 09 00 00 00 00 fd 5e 40 d5 01 00 00 00  Xr.......^@.....
281bf6190  48 94 e0 96 00 00 00 00 99 7b 41 d5 01 00 00 00  H........{A.....
281bf61a0  34 a9 e0 96 00 00 00 00 fb 7d 41 d5 01 00 00 00  4........}A.....
281bf61b0  30 94 e0 96 00 00 00 00 5b 7d 41 d5 01 00 00 00  0.......[}A.....
281bf61c0  58 fa e9 09 00 00 00 00 dc a2 58 d5 01 00 00 00  X.........X.....
281bf61d0  0c b9 e0 96 00 00 00 00 2d 7a 41 d5 01 00 00 00  ........-zA.....
281bf61e0  2c a3 e0 96 00 00 00 00 f0 79 41 d5 01 00 00 00  ,........yA.....
281bf61f0  d4 ab e0 96 00 00 00 00 60 79 41 d5 4b 4c 57 52  ........`yA.KLWR
281bf6200  00 00 00 00 00 00 00 00 00 00 00 00 00 00 00 00  ................
281bf6210  44 44 cd 45 00 00 00 00 21 99 4e d5 01 00 00 00  DD.E....!.N.....
281bf6220  bc 48 cd 45 00 00 00 00 f3 9a 4e d5 01 00 00 00  .H.E......N.....
281bf6230  84 49 cd 45 00 00 00 00 63 9b 4e d5 01 00 00 00  .I.E....c.N.....
281bf6240  60 51 cd 45 00 00 00 00 b5 9f 4e d5 01 00 00 00  `Q.E......N.....
281bf6250  18 46 cd 45 00 00 00 00 47 98 4e d5 01 00 00 00  .F.E....G.N.....
281bf6260  90 47 cd 45 00 00 00 00 a6 98 4e d5 01 00 00 00  .G.E......N.....
281bf6270  d4 47 cd 45 00 00 00 00 77 98 4e d5 01 00 00 00  .G.E....w.N.....
281bf6280  00 00 00 00 00 00 00 00 00 00 00 00 00 00 00 00  ................
281bf6290  00 00 00 00 00 00 00 00 00 00 00 00 00 00 00 00  ................
281bf62a0  00 00 00 00 00 00 00 00 00 00 00 00 00 00 00 00  ................
281bf62b0  10 48 cd 45 00 00 00 00 2b 9b 4e d5 01 00 00 00  .H.E....+.N.....
281bf62c0  00 00 00 00 00 00 00 00 00 00 00 00 00 00 00 00  ................
281bf62d0  00 00 00 00 00 00 00 00 00 00 00 00 00 00 00 00  ................
281bf62e0  00 00 00 00 00 00 00 00 00 00 00 00 00 00 00 00  ................
281bf62f0  00 00 00 00 00 00 00 00 00 00 00 00 00 00 00 00  ................
281bf6300  50 8a 5e 82 02 00 00 00 00 00 00 00 00 00 00 00  P.^.............
281bf6310  00 00 00 00 00 00 00 00 00 41 01 00 00 00 00 00  .........A......
281bf6320  10 92 5e 82 02 00 00 00 00 00 00 00 00 00 00 00  ..^.............
281bf6330  00 00 00 00 00 00 00 00 00 41 01 00 00 00 00 00  .........A......
281bf6340  a0 05 3c 80 02 00 00 00 00 89 5e 82 02 00 00 00  ..<.......^.....
281bf6350  00 00 00 00 00 00 00 00 00 00 00 00 00 00 00 00  ................
281bf6360  e0 46 4a 80 02 00 00 00 f0 88 5e 82 02 00 00 00  .FJ.......^.....
281bf6370  00 00 00 00 00 00 00 00 00 00 00 00 00 00 00 00  ................
281bf6380  c0 55 a2 0f 01 00 00 00 e0 88 5e 82 02 00 00 00  .U........^.....
281bf6390  00 00 00 00 00 00 00 00 00 00 00 00 00 00 00 00  ................
281bf63a0  30 8a 5e 82 02 00 00 00 00 00 00 00 00 00 00 00  0.^.............
281bf63b0  00 00 00 00 00 00 00 00 00 41 05 04 00 00 00 00  .........A......
281bf63c0  b0 89 5e 82 02 00 00 00 00 00 00 00 00 00 00 00  ..^.............
281bf63d0  00 00 00 00 00 00 00 00 00 42 05 04 00 00 00 00  .........B......
281bf63e0  20 8b 5e 82 02 00 00 00 00 00 00 00 00 00 00 00   .^.............
281bf63f0  00 00 00 00 00 00 00 00 00 42 05 04 00 00 00 00  .........B......
281bf6400  d0 aa 5e 82 02 00 00 00 00 00 00 00 00 00 00 00  ..^.............
281bf6410  00 00 00 00 00 00 00 00 00 42 05 04 00 00 00 00  .........B......
281bf6420  e0 aa 5e 82 02 00 00 00 00 00 00 00 00 00 00 00  ..^.............
281bf6430  00 00 00 00 00 00 00 00 00 42 05 04 00 00 00 00  .........B......
281bf6440  f0 aa 5e 82 02 00 00 00 00 00 00 00 00 00 00 00  ..^.............
281bf6450  00 00 00 00 00 00 00 00 00 42 05 04 00 00 00 00  .........B......
281bf6460  80 3f 79 82 02 00 00 00 00 00 00 00 00 00 00 00  .?y.............
281bf6470  00 00 00 00 00 00 00 00 00 44 01 04 00 00 00 00  .........D......
281bf6480  00 ab 5e 82 02 00 00 00 00 00 00 00 00 00 00 00  ..^.............
281bf6490  00 00 00 00 00 00 00 00 00 42 05 04 00 00 00 00  .........B......
281bf64a0  00 00 00 00 00 00 00 00 00 00 00 00 00 00 00 00  ................
281bf64b0  00 00 00 00 00 00 00 00 00 00 00 00 00 00 00 00  ................
281bf64c0  00 00 00 00 00 00 00 00 00 00 00 00 00 00 00 00  ................
281bf64d0  00 00 00 00 00 00 00 00 00 00 00 00 00 00 00 00  ................
281bf64e0  00 00 00 00 00 00 00 00 00 00 00 00 00 00 00 00  ................
281bf64f0  00 00 00 00 00 00 00 00 00 00 00 00 00 00 00 00  ................
281bf6500  10 ab 5e 82 02 00 00 00 00 00 00 00 00 00 00 00  ..^.............
281bf6510  00 00 00 00 00 00 00 00 00 42 05 04 00 00 00 00  .........B......
281bf6520  20 ab 5e 82 02 00 00 00 00 00 00 00 00 00 00 00   .^.............

,	Aweme!0x3e87048 this.args2 onLeave 0x1 0x1

,	Aweme!0x3e87048 this.args3 onLeave 0x281bf6130             0  1  2  3  4  5  6  7  8  9  A  B  C  D  E  F  0123456789ABCDEF
281bf6130  00 ed f7 09 01 00 00 00 4b 4c 57 52 00 00 00 00  ........KLWR....
281bf6140  00 00 00 00 02 00 00 80 20 00 00 00 4b 4c 57 52  ........ ...KLWR
281bf6150  00 00 00 00 00 00 00 00 ff ff ff ff ff ff ff ff  ................
281bf6160  c0 96 00 00 01 96 00 00 00 96 00 00 ff ff ff ff  ................
281bf6170  ff ff ff ff ff ff ff ff c7 9e 40 7e fd ff ff ff  ..........@~....
281bf6180  58 72 e4 09 00 00 00 00 fd 5e 40 d5 01 00 00 00  Xr.......^@.....
281bf6190  48 94 e0 96 00 00 00 00 99 7b 41 d5 01 00 00 00  H........{A.....
281bf61a0  34 a9 e0 96 00 00 00 00 fb 7d 41 d5 01 00 00 00  4........}A.....
281bf61b0  30 94 e0 96 00 00 00 00 5b 7d 41 d5 01 00 00 00  0.......[}A.....
281bf61c0  58 fa e9 09 00 00 00 00 dc a2 58 d5 01 00 00 00  X.........X.....
281bf61d0  0c b9 e0 96 00 00 00 00 2d 7a 41 d5 01 00 00 00  ........-zA.....
281bf61e0  2c a3 e0 96 00 00 00 00 f0 79 41 d5 01 00 00 00  ,........yA.....
281bf61f0  d4 ab e0 96 00 00 00 00 60 79 41 d5 4b 4c 57 52  ........`yA.KLWR
281bf6200  00 00 00 00 00 00 00 00 00 00 00 00 00 00 00 00  ................
281bf6210  44 44 cd 45 00 00 00 00 21 99 4e d5 01 00 00 00  DD.E....!.N.....
281bf6220  bc 48 cd 45 00 00 00 00 f3 9a 4e d5 01 00 00 00  .H.E......N.....
281bf6230  84 49 cd 45 00 00 00 00 63 9b 4e d5 01 00 00 00  .I.E....c.N.....
281bf6240  60 51 cd 45 00 00 00 00 b5 9f 4e d5 01 00 00 00  `Q.E......N.....
281bf6250  18 46 cd 45 00 00 00 00 47 98 4e d5 01 00 00 00  .F.E....G.N.....
281bf6260  90 47 cd 45 00 00 00 00 a6 98 4e d5 01 00 00 00  .G.E......N.....
281bf6270  d4 47 cd 45 00 00 00 00 77 98 4e d5 01 00 00 00  .G.E....w.N.....
281bf6280  00 00 00 00 00 00 00 00 00 00 00 00 00 00 00 00  ................
281bf6290  00 00 00 00 00 00 00 00 00 00 00 00 00 00 00 00  ................
281bf62a0  00 00 00 00 00 00 00 00 00 00 00 00 00 00 00 00  ................
281bf62b0  10 48 cd 45 00 00 00 00 2b 9b 4e d5 01 00 00 00  .H.E....+.N.....
281bf62c0  00 00 00 00 00 00 00 00 00 00 00 00 00 00 00 00  ................
281bf62d0  00 00 00 00 00 00 00 00 00 00 00 00 00 00 00 00  ................
281bf62e0  00 00 00 00 00 00 00 00 00 00 00 00 00 00 00 00  ................
281bf62f0  00 00 00 00 00 00 00 00 00 00 00 00 00 00 00 00  ................
281bf6300  50 8a 5e 82 02 00 00 00 00 00 00 00 00 00 00 00  P.^.............
281bf6310  00 00 00 00 00 00 00 00 00 41 01 00 00 00 00 00  .........A......
281bf6320  10 92 5e 82 02 00 00 00 00 00 00 00 00 00 00 00  ..^.............
281bf6330  00 00 00 00 00 00 00 00 00 41 01 00 00 00 00 00  .........A......
281bf6340  a0 05 3c 80 02 00 00 00 00 89 5e 82 02 00 00 00  ..<.......^.....
281bf6350  00 00 00 00 00 00 00 00 00 00 00 00 00 00 00 00  ................
281bf6360  e0 46 4a 80 02 00 00 00 f0 88 5e 82 02 00 00 00  .FJ.......^.....
281bf6370  00 00 00 00 00 00 00 00 00 00 00 00 00 00 00 00  ................
281bf6380  c0 55 a2 0f 01 00 00 00 e0 88 5e 82 02 00 00 00  .U........^.....
281bf6390  00 00 00 00 00 00 00 00 00 00 00 00 00 00 00 00  ................
281bf63a0  30 8a 5e 82 02 00 00 00 00 00 00 00 00 00 00 00  0.^.............
281bf63b0  00 00 00 00 00 00 00 00 00 41 05 04 00 00 00 00  .........A......
281bf63c0  b0 89 5e 82 02 00 00 00 00 00 00 00 00 00 00 00  ..^.............
281bf63d0  00 00 00 00 00 00 00 00 00 42 05 04 00 00 00 00  .........B......
281bf63e0  20 8b 5e 82 02 00 00 00 00 00 00 00 00 00 00 00   .^.............
281bf63f0  00 00 00 00 00 00 00 00 00 42 05 04 00 00 00 00  .........B......
281bf6400  d0 aa 5e 82 02 00 00 00 00 00 00 00 00 00 00 00  ..^.............
281bf6410  00 00 00 00 00 00 00 00 00 42 05 04 00 00 00 00  .........B......
281bf6420  e0 aa 5e 82 02 00 00 00 00 00 00 00 00 00 00 00  ..^.............
281bf6430  00 00 00 00 00 00 00 00 00 42 05 04 00 00 00 00  .........B......
281bf6440  f0 aa 5e 82 02 00 00 00 00 00 00 00 00 00 00 00  ..^.............
281bf6450  00 00 00 00 00 00 00 00 00 42 05 04 00 00 00 00  .........B......
281bf6460  80 3f 79 82 02 00 00 00 00 00 00 00 00 00 00 00  .?y.............
281bf6470  00 00 00 00 00 00 00 00 00 44 01 04 00 00 00 00  .........D......
281bf6480  00 ab 5e 82 02 00 00 00 00 00 00 00 00 00 00 00  ..^.............
281bf6490  00 00 00 00 00 00 00 00 00 42 05 04 00 00 00 00  .........B......
281bf64a0  00 00 00 00 00 00 00 00 00 00 00 00 00 00 00 00  ................
281bf64b0  00 00 00 00 00 00 00 00 00 00 00 00 00 00 00 00  ................
281bf64c0  00 00 00 00 00 00 00 00 00 00 00 00 00 00 00 00  ................
281bf64d0  00 00 00 00 00 00 00 00 00 00 00 00 00 00 00 00  ................
281bf64e0  00 00 00 00 00 00 00 00 00 00 00 00 00 00 00 00  ................
281bf64f0  00 00 00 00 00 00 00 00 00 00 00 00 00 00 00 00  ................
281bf6500  10 ab 5e 82 02 00 00 00 00 00 00 00 00 00 00 00  ..^.............
281bf6510  00 00 00 00 00 00 00 00 00 42 05 04 00 00 00 00  .........B......
281bf6520  20 ab 5e 82 02 00 00 00 00 00 00 00 00 00 00 00   .^.............

,	Aweme!0x3e87048 this.args4 onLeave 0x9cdd4d65 0x9cdd4d65

,retval onLeave: 0x1 0x1

call Aweme!0x3e87048
,	Aweme!0x3e87048 this.args0 0x282bd9e60             0  1  2  3  4  5  6  7  8  9  A  B  C  D  E  F  0123456789ABCDEF
282bd9e60  68 0a f8 09 01 00 00 00 94 fd 26 06 01 00 00 00  h.........&.....
282bd9e70  00 00 00 00 00 00 00 00 d0 b1 29 06 01 00 00 00  ..........).....
282bd9e80  80 28 80 82 02 00 00 00 80 07 00 00 00 00 00 00  .(..............
282bd9e90  28 00 00 00 00 00 00 00 03 00 00 00 00 00 00 00  (...............
282bd9ea0  f8 92 bd 82 02 00 00 00 00 00 00 00 00 00 00 00  ................
282bd9eb0  04 00 00 00 00 00 00 00 00 00 00 00 00 00 00 00  ................
282bd9ec0  00 00 00 00 00 00 00 00 f0 98 a4 da 01 00 00 00  ................
282bd9ed0  95 f6 7a 66 82 72 6d ed 00 00 00 00 00 00 00 00  ..zf.rm.........
282bd9ee0  90 5d a5 da 01 00 00 00 80 f3 6b 82 02 00 00 00  .]........k.....
282bd9ef0  f0 f0 a9 e5 01 00 00 00 02 00 00 c1 00 00 00 00  ................
282bd9f00  a0 9d 52 9d 01 00 00 00 80 5f aa da 01 00 00 00  ..R......_......
282bd9f10  af d5 8d de fe ff ff ff ce 28 5e d5 01 00 00 00  .........(^.....
282bd9f20  00 00 00 00 00 00 00 00 f0 98 a4 da 01 00 00 00  ................
282bd9f30  95 f6 7a 66 82 72 6d ed 00 00 00 00 00 00 00 00  ..zf.rm.........
282bd9f40  90 5d a5 da 01 00 00 00 a0 f2 71 82 02 00 00 00  .]........q.....
282bd9f50  e1 13 aa e5 a1 01 00 00 00 00 00 00 00 00 00 00  ................
282bd9f60  20 db 5c 82 02 00 00 00 00 00 00 00 02 00 00 00   .\.............
282bd9f70  03 00 00 00 02 00 00 00 00 00 00 00 00 00 00 00  ................
282bd9f80  f0 f0 a9 e5 01 00 00 00 02 00 00 c1 00 00 00 00  ................
282bd9f90  a0 9d 52 9d 01 00 00 00 80 5f aa da 01 00 00 00  ..R......_......
282bd9fa0  af d5 8d de fe ff ff ff 6d 2a 59 d5 01 00 00 00  ........m*Y.....
282bd9fb0  c9 7d b0 e5 a1 01 00 00 d0 31 e2 0f 01 00 00 00  .}.......1......
282bd9fc0  01 00 00 00 00 00 00 00 08 00 00 00 00 00 00 00  ................
282bd9fd0  01 00 00 00 00 00 00 00 00 00 00 00 00 00 00 00  ................
282bd9fe0  a0 82 bd 82 02 00 00 00 00 00 00 00 00 00 00 00  ................
282bd9ff0  f4 fe 23 06 01 00 00 00 fc a3 23 06 01 00 00 00  ..#.......#.....
282bda000  00 00 00 00 00 00 00 00 1b 00 00 00 00 60 ef 00  .............`..
282bda010  59 2c ae a0 c5 3f 2d ed f0 98 a4 da 01 00 00 00  Y,...?-.........
282bda020  95 f6 7a 66 82 72 6d ed 00 60 71 82 02 00 00 00  ..zf.rm..`q.....
282bda030  90 5d a5 da 01 00 00 00 60 5b 71 82 02 00 00 00  .]......`[q.....
282bda040  00 0a f8 09 01 00 00 00 a4 fe 23 06 01 00 00 00  ..........#.....
282bda050  a4 fe 23 06 01 00 00 00 f4 fe 23 06 01 00 00 00  ..#.......#.....
282bda060  d0 b5 bd 82 02 00 00 00 12 00 00 00 00 40 ef 00  .............@..
282bda070  e1 13 aa e5 a1 01 00 00 00 00 00 00 00 00 00 00  ................
282bda080  90 69 42 80 02 00 00 00 00 00 00 00 0a 00 00 00  .iB.............
282bda090  09 00 00 00 08 00 00 00 00 00 00 00 00 00 00 00  ................
282bda0a0  e1 13 aa e5 a1 01 00 00 60 91 5b 82 02 00 00 00  ........`.[.....
282bda0b0  f0 5e 41 80 02 00 00 00 00 00 00 00 0a 00 00 00  .^A.............
282bda0c0  0b 00 00 00 0a 00 00 00 00 00 00 00 00 00 00 00  ................
282bda0d0  6d 53 ad e5 a1 01 00 00 b8 36 23 0a 01 00 00 00  mS.......6#.....
282bda0e0  00 fa 6b 82 02 00 00 00 f0 6d 4b 80 02 00 00 00  ..k......mK.....
282bda0f0  00 00 00 00 00 00 00 00 00 00 00 00 00 00 00 00  ................
282bda100  f0 f0 a9 e5 01 00 00 00 02 00 00 c1 00 00 00 00  ................
282bda110  a0 9d 52 9d 01 00 00 00 80 5f aa da 01 00 00 00  ..R......_......
282bda120  af d5 8d de fe ff ff ff 3b 30 63 d5 01 00 00 00  ........;0c.....
282bda130  31 14 aa e5 a1 01 00 00 60 9f 5b 82 02 00 00 00  1.......`.[.....
282bda140  a0 7d 81 20 01 00 00 00 00 00 00 00 5a 00 00 00  .}. ........Z...
282bda150  5b 00 00 00 5a 00 00 00 00 00 00 00 00 00 00 00  [...Z...........
282bda160  00 00 00 00 00 00 00 00 00 00 00 00 00 00 00 00  ................
282bda170  a0 5b 00 db 01 00 00 00 00 00 00 00 00 00 00 00  .[..............
282bda180  00 00 00 00 00 00 00 00 00 6d bc 81 02 00 00 00  .........m......
282bda190  e1 13 aa e5 a1 01 00 00 00 00 00 00 00 00 00 00  ................
282bda1a0  b0 1b 5c 82 02 00 00 00 00 00 00 00 02 00 00 00  ..\.............
282bda1b0  02 00 00 00 01 00 00 00 00 00 00 00 00 00 00 00  ................
282bda1c0  f0 f0 a9 e5 01 00 00 00 02 00 00 c3 00 00 00 00  ................
282bda1d0  b8 64 f3 07 01 00 00 00 c0 63 d8 09 01 00 00 00  .d.......c......
282bda1e0  f0 53 0f 81 02 00 00 00 c0 1b 82 20 01 00 00 00  .S......... ....
282bda1f0  e1 13 aa e5 a1 01 00 00 00 00 00 00 00 00 00 00  ................
282bda200  00 00 00 00 00 00 00 00 00 00 00 00 00 00 00 00  ................
282bda210  03 00 00 00 00 00 00 00 00 00 00 00 00 00 00 00  ................
282bda220  f0 f0 a9 e5 01 00 00 00 02 00 00 c1 00 00 00 00  ................
282bda230  ac 1b 07 a1 01 00 00 00 70 d8 fc da 01 00 00 00  ........p.......
282bda240  90 52 0e 81 02 00 00 00 00 00 00 00 00 00 00 00  .R..............
282bda250  e1 13 aa e5 a1 01 00 00 00 00 00 00 00 00 00 00  ................

,	Aweme!0x3e87048 this.args1 0x281cc00d0             0  1  2  3  4  5  6  7  8  9  A  B  C  D  E  F  0123456789ABCDEF
281cc00d0  00 ed f7 09 01 00 00 00 4b 4c 57 52 00 00 00 00  ........KLWR....
281cc00e0  00 00 00 00 65 3a 2f af 20 00 00 00 4b 4c 57 52  ....e:/. ...KLWR
281cc00f0  00 00 00 00 00 00 00 00 ff ff ff ff ff ff ff ff  ................
281cc0100  c0 01 00 00 01 01 00 00 00 01 00 00 ff ff ff ff  ................
281cc0110  ff ff ff ff ff ff ff ff 27 ff 33 7e fd ff ff ff  ........'.3~....
281cc0120  30 45 2d 42 34 46 34 2d 39 36 35 33 30 39 30 39  0E-B4F4-96530909
281cc0130  42 31 44 32 2f 74 6d 70 2f 70 61 63 6b 61 67 65  B1D2/tmp/package
281cc0140  2d 31 36 31 38 32 30 38 30 39 37 2e 30 34 37 33  -1618208097.0473
281cc0150  38 31 2f 77 65 62 63 61 73 74 5f 6c 79 6e 78 5f  81/webcast_lynx_
281cc0160  64 6f 75 79 69 6e 2f 70 61 67 65 73 2f 66 61 6e  douyin/pages/fan
281cc0170  73 63 6c 75 62 2f 66 61 6e 73 5f 67 72 6f 75 70  sclub/fans_group
281cc0180  2f 69 6e 74 72 6f 64 75 63 74 69 6f 6e 2f 74 65  /introduction/te
281cc0190  6d 70 6c 61 74 65 2e 6a 73 00 00 00 4b 4c 57 52  mplate.js...KLWR
281cc01a0  a0 01 ea 2e 24 47 00 00 04 00 60 00 00 00 00 00  ....$G....`.....
281cc01b0  b0 66 69 6c 65 3a 2f 2f 2f 76 61 72 2f 6d 6f 62  .file:///var/mob
281cc01c0  69 6c 65 2f 43 6f 6e 74 61 69 6e 65 72 73 2f 44  ile/Containers/D
281cc01d0  61 74 61 2f 41 70 70 6c 69 63 61 74 69 6f 6e 2f  ata/Application/
281cc01e0  42 33 45 36 31 41 33 46 2d 43 39 38 35 2d 34 30  B3E61A3F-C985-40
281cc01f0  30 45 2d 42 34 46 34 2d 39 36 35 33 30 39 30 39  0E-B4F4-96530909
281cc0200  42 31 44 32 2f 74 6d 70 2f 70 61 63 6b 61 67 65  B1D2/tmp/package
281cc0210  2d 31 36 31 38 32 30 38 30 39 37 2e 30 34 37 33  -1618208097.0473
281cc0220  38 31 2f 77 65 62 63 61 73 74 5f 6c 79 6e 78 5f  81/webcast_lynx_
281cc0230  64 6f 75 79 69 6e 2f 70 61 67 65 73 2f 66 61 6e  douyin/pages/fan
281cc0240  73 63 6c 75 62 2f 66 61 6e 73 5f 67 72 6f 75 70  sclub/fans_group
281cc0250  2f 75 73 65 72 2f 74 65 6d 70 6c 61 74 65 2e 6a  /user/template.j
281cc0260  73 00 00 00 00 00 00 00 00 00 00 00 00 00 00 00  s...............
281cc0270  70 02 ea 2e 24 47 00 00 05 00 60 00 00 00 00 00  p...$G....`.....
281cc0280  af 66 69 6c 65 3a 2f 2f 2f 76 61 72 2f 6d 6f 62  .file:///var/mob
281cc0290  69 6c 65 2f 43 6f 6e 74 61 69 6e 65 72 73 2f 44  ile/Containers/D
281cc02a0  61 74 61 2f 41 70 70 6c 69 63 61 74 69 6f 6e 2f  ata/Application/
281cc02b0  42 33 45 36 31 41 33 46 2d 43 39 38 35 2d 34 30  B3E61A3F-C985-40
281cc02c0  30 45 2d 42 34 46 34 2d 39 36 35 33 30 39 30 39  0E-B4F4-96530909
281cc02d0  42 31 44 32 2f 74 6d 70 2f 70 61 63 6b 61 67 65  B1D2/tmp/package
281cc02e0  2d 31 36 31 38 32 30 38 30 39 37 2e 30 34 37 33  -1618208097.0473
281cc02f0  38 31 2f 77 65 62 63 61 73 74 5f 6c 79 6e 78 5f  81/webcast_lynx_
281cc0300  64 6f 75 79 69 6e 2f 70 61 67 65 73 2f 66 61 6e  douyin/pages/fan
281cc0310  73 63 6c 75 62 2f 75 73 65 72 5f 6e 65 77 2f 61  sclub/user_new/a
281cc0320  66 74 65 72 2f 74 65 6d 70 6c 61 74 65 2e 6a 73  fter/template.js
281cc0330  00 00 00 00 00 00 00 00 00 00 00 00 00 00 00 00  ................
281cc0340  40 03 ea 2e 24 47 00 00 06 00 60 00 00 00 00 00  @...$G....`.....
281cc0350  b1 66 69 6c 65 3a 2f 2f 2f 76 61 72 2f 6d 6f 62  .file:///var/mob
281cc0360  69 6c 65 2f 43 6f 6e 74 61 69 6e 65 72 73 2f 44  ile/Containers/D
281cc0370  61 74 61 2f 41 70 70 6c 69 63 61 74 69 6f 6e 2f  ata/Application/
281cc0380  42 33 45 36 31 41 33 46 2d 43 39 38 35 2d 34 30  B3E61A3F-C985-40
281cc0390  30 45 2d 42 34 46 34 2d 39 36 35 33 30 39 30 39  0E-B4F4-96530909
281cc03a0  42 31 44 32 2f 74 6d 70 2f 70 61 63 6b 61 67 65  B1D2/tmp/package
281cc03b0  2d 31 36 31 38 32 30 38 30 39 37 2e 30 34 37 33  -1618208097.0473
281cc03c0  38 31 2f 77 65 62 63 61 73 74 5f 6c 79 6e 78 5f  81/webcast_lynx_
281cc03d0  64 6f 75 79 69 6e 2f 70 61 67 65 73 2f 66 61 6e  douyin/pages/fan
281cc03e0  73 63 6c 75 62 2f 75 73 65 72 5f 72 6c 79 6e 78  sclub/user_rlynx
281cc03f0  2f 61 66 74 65 72 2f 74 65 6d 70 6c 61 74 65 2e  /after/template.
281cc0400  6a 73 00 00 00 00 00 00 00 00 00 00 00 00 00 00  js..............
281cc0410  10 04 ea 2e 24 47 00 00 07 00 60 00 00 00 00 00  ....$G....`.....
281cc0420  b2 66 69 6c 65 3a 2f 2f 2f 76 61 72 2f 6d 6f 62  .file:///var/mob
281cc0430  69 6c 65 2f 43 6f 6e 74 61 69 6e 65 72 73 2f 44  ile/Containers/D
281cc0440  61 74 61 2f 41 70 70 6c 69 63 61 74 69 6f 6e 2f  ata/Application/
281cc0450  42 33 45 36 31 41 33 46 2d 43 39 38 35 2d 34 30  B3E61A3F-C985-40
281cc0460  30 45 2d 42 34 46 34 2d 39 36 35 33 30 39 30 39  0E-B4F4-96530909
281cc0470  42 31 44 32 2f 74 6d 70 2f 70 61 63 6b 61 67 65  B1D2/tmp/package
281cc0480  2d 31 36 31 38 32 30 38 30 39 37 2e 30 34 37 33  -1618208097.0473
281cc0490  38 31 2f 77 65 62 63 61 73 74 5f 6c 79 6e 78 5f  81/webcast_lynx_
281cc04a0  64 6f 75 79 69 6e 2f 70 61 67 65 73 2f 66 61 6e  douyin/pages/fan
281cc04b0  73 63 6c 75 62 2f 75 73 65 72 5f 72 6c 79 6e 78  sclub/user_rlynx
281cc04c0  2f 62 65 66 6f 72 65 2f 74 65 6d 70 6c 61 74 65  /before/template

,	Aweme!0x3e87048 this.args2 0x120a8 0x120a8

,	Aweme!0x3e87048 this.args3 0x281cc00d0             0  1  2  3  4  5  6  7  8  9  A  B  C  D  E  F  0123456789ABCDEF
281cc00d0  00 ed f7 09 01 00 00 00 4b 4c 57 52 00 00 00 00  ........KLWR....
281cc00e0  00 00 00 00 65 3a 2f af 20 00 00 00 4b 4c 57 52  ....e:/. ...KLWR
281cc00f0  00 00 00 00 00 00 00 00 ff ff ff ff ff ff ff ff  ................
281cc0100  c0 01 00 00 01 01 00 00 00 01 00 00 ff ff ff ff  ................
281cc0110  ff ff ff ff ff ff ff ff 27 ff 33 7e fd ff ff ff  ........'.3~....
281cc0120  30 45 2d 42 34 46 34 2d 39 36 35 33 30 39 30 39  0E-B4F4-96530909
281cc0130  42 31 44 32 2f 74 6d 70 2f 70 61 63 6b 61 67 65  B1D2/tmp/package
281cc0140  2d 31 36 31 38 32 30 38 30 39 37 2e 30 34 37 33  -1618208097.0473
281cc0150  38 31 2f 77 65 62 63 61 73 74 5f 6c 79 6e 78 5f  81/webcast_lynx_
281cc0160  64 6f 75 79 69 6e 2f 70 61 67 65 73 2f 66 61 6e  douyin/pages/fan
281cc0170  73 63 6c 75 62 2f 66 61 6e 73 5f 67 72 6f 75 70  sclub/fans_group
281cc0180  2f 69 6e 74 72 6f 64 75 63 74 69 6f 6e 2f 74 65  /introduction/te
281cc0190  6d 70 6c 61 74 65 2e 6a 73 00 00 00 4b 4c 57 52  mplate.js...KLWR
281cc01a0  a0 01 ea 2e 24 47 00 00 04 00 60 00 00 00 00 00  ....$G....`.....
281cc01b0  b0 66 69 6c 65 3a 2f 2f 2f 76 61 72 2f 6d 6f 62  .file:///var/mob
281cc01c0  69 6c 65 2f 43 6f 6e 74 61 69 6e 65 72 73 2f 44  ile/Containers/D
281cc01d0  61 74 61 2f 41 70 70 6c 69 63 61 74 69 6f 6e 2f  ata/Application/
281cc01e0  42 33 45 36 31 41 33 46 2d 43 39 38 35 2d 34 30  B3E61A3F-C985-40
281cc01f0  30 45 2d 42 34 46 34 2d 39 36 35 33 30 39 30 39  0E-B4F4-96530909
281cc0200  42 31 44 32 2f 74 6d 70 2f 70 61 63 6b 61 67 65  B1D2/tmp/package
281cc0210  2d 31 36 31 38 32 30 38 30 39 37 2e 30 34 37 33  -1618208097.0473
281cc0220  38 31 2f 77 65 62 63 61 73 74 5f 6c 79 6e 78 5f  81/webcast_lynx_
281cc0230  64 6f 75 79 69 6e 2f 70 61 67 65 73 2f 66 61 6e  douyin/pages/fan
281cc0240  73 63 6c 75 62 2f 66 61 6e 73 5f 67 72 6f 75 70  sclub/fans_group
281cc0250  2f 75 73 65 72 2f 74 65 6d 70 6c 61 74 65 2e 6a  /user/template.j
281cc0260  73 00 00 00 00 00 00 00 00 00 00 00 00 00 00 00  s...............
281cc0270  70 02 ea 2e 24 47 00 00 05 00 60 00 00 00 00 00  p...$G....`.....
281cc0280  af 66 69 6c 65 3a 2f 2f 2f 76 61 72 2f 6d 6f 62  .file:///var/mob
281cc0290  69 6c 65 2f 43 6f 6e 74 61 69 6e 65 72 73 2f 44  ile/Containers/D
281cc02a0  61 74 61 2f 41 70 70 6c 69 63 61 74 69 6f 6e 2f  ata/Application/
281cc02b0  42 33 45 36 31 41 33 46 2d 43 39 38 35 2d 34 30  B3E61A3F-C985-40
281cc02c0  30 45 2d 42 34 46 34 2d 39 36 35 33 30 39 30 39  0E-B4F4-96530909
281cc02d0  42 31 44 32 2f 74 6d 70 2f 70 61 63 6b 61 67 65  B1D2/tmp/package
281cc02e0  2d 31 36 31 38 32 30 38 30 39 37 2e 30 34 37 33  -1618208097.0473
281cc02f0  38 31 2f 77 65 62 63 61 73 74 5f 6c 79 6e 78 5f  81/webcast_lynx_
281cc0300  64 6f 75 79 69 6e 2f 70 61 67 65 73 2f 66 61 6e  douyin/pages/fan
281cc0310  73 63 6c 75 62 2f 75 73 65 72 5f 6e 65 77 2f 61  sclub/user_new/a
281cc0320  66 74 65 72 2f 74 65 6d 70 6c 61 74 65 2e 6a 73  fter/template.js
281cc0330  00 00 00 00 00 00 00 00 00 00 00 00 00 00 00 00  ................
281cc0340  40 03 ea 2e 24 47 00 00 06 00 60 00 00 00 00 00  @...$G....`.....
281cc0350  b1 66 69 6c 65 3a 2f 2f 2f 76 61 72 2f 6d 6f 62  .file:///var/mob
281cc0360  69 6c 65 2f 43 6f 6e 74 61 69 6e 65 72 73 2f 44  ile/Containers/D
281cc0370  61 74 61 2f 41 70 70 6c 69 63 61 74 69 6f 6e 2f  ata/Application/
281cc0380  42 33 45 36 31 41 33 46 2d 43 39 38 35 2d 34 30  B3E61A3F-C985-40
281cc0390  30 45 2d 42 34 46 34 2d 39 36 35 33 30 39 30 39  0E-B4F4-96530909
281cc03a0  42 31 44 32 2f 74 6d 70 2f 70 61 63 6b 61 67 65  B1D2/tmp/package
281cc03b0  2d 31 36 31 38 32 30 38 30 39 37 2e 30 34 37 33  -1618208097.0473
281cc03c0  38 31 2f 77 65 62 63 61 73 74 5f 6c 79 6e 78 5f  81/webcast_lynx_
281cc03d0  64 6f 75 79 69 6e 2f 70 61 67 65 73 2f 66 61 6e  douyin/pages/fan
281cc03e0  73 63 6c 75 62 2f 75 73 65 72 5f 72 6c 79 6e 78  sclub/user_rlynx
281cc03f0  2f 61 66 74 65 72 2f 74 65 6d 70 6c 61 74 65 2e  /after/template.
281cc0400  6a 73 00 00 00 00 00 00 00 00 00 00 00 00 00 00  js..............
281cc0410  10 04 ea 2e 24 47 00 00 07 00 60 00 00 00 00 00  ....$G....`.....
281cc0420  b2 66 69 6c 65 3a 2f 2f 2f 76 61 72 2f 6d 6f 62  .file:///var/mob
281cc0430  69 6c 65 2f 43 6f 6e 74 61 69 6e 65 72 73 2f 44  ile/Containers/D
281cc0440  61 74 61 2f 41 70 70 6c 69 63 61 74 69 6f 6e 2f  ata/Application/
281cc0450  42 33 45 36 31 41 33 46 2d 43 39 38 35 2d 34 30  B3E61A3F-C985-40
281cc0460  30 45 2d 42 34 46 34 2d 39 36 35 33 30 39 30 39  0E-B4F4-96530909
281cc0470  42 31 44 32 2f 74 6d 70 2f 70 61 63 6b 61 67 65  B1D2/tmp/package
281cc0480  2d 31 36 31 38 32 30 38 30 39 37 2e 30 34 37 33  -1618208097.0473
281cc0490  38 31 2f 77 65 62 63 61 73 74 5f 6c 79 6e 78 5f  81/webcast_lynx_
281cc04a0  64 6f 75 79 69 6e 2f 70 61 67 65 73 2f 66 61 6e  douyin/pages/fan
281cc04b0  73 63 6c 75 62 2f 75 73 65 72 5f 72 6c 79 6e 78  sclub/user_rlynx
281cc04c0  2f 62 65 66 6f 72 65 2f 74 65 6d 70 6c 61 74 65  /before/template

,	Aweme!0x3e87048 this.args4 0x6f 0x6f

,	Aweme!0x3e87048 this.args0 onLeave 0x282bd9e60             0  1  2  3  4  5  6  7  8  9  A  B  C  D  E  F  0123456789ABCDEF
282bd9e60  68 0a f8 09 01 00 00 00 94 fd 26 06 01 00 00 00  h.........&.....
282bd9e70  00 00 00 00 00 00 00 00 d0 b1 29 06 01 00 00 00  ..........).....
282bd9e80  80 28 80 82 02 00 00 00 80 07 00 00 00 00 00 00  .(..............
282bd9e90  28 00 00 00 00 00 00 00 03 00 00 00 00 00 00 00  (...............
282bd9ea0  f8 92 bd 82 02 00 00 00 00 00 00 00 00 00 00 00  ................
282bd9eb0  04 00 00 00 00 00 00 00 00 00 00 00 00 00 00 00  ................
282bd9ec0  00 00 00 00 00 00 00 00 f0 98 a4 da 01 00 00 00  ................
282bd9ed0  95 f6 7a 66 82 72 6d ed 00 00 00 00 00 00 00 00  ..zf.rm.........
282bd9ee0  90 5d a5 da 01 00 00 00 80 f3 6b 82 02 00 00 00  .]........k.....
282bd9ef0  f0 f0 a9 e5 01 00 00 00 02 00 00 c1 00 00 00 00  ................
282bd9f00  a0 9d 52 9d 01 00 00 00 80 5f aa da 01 00 00 00  ..R......_......
282bd9f10  af d5 8d de fe ff ff ff ce 28 5e d5 01 00 00 00  .........(^.....
282bd9f20  00 00 00 00 00 00 00 00 f0 98 a4 da 01 00 00 00  ................
282bd9f30  95 f6 7a 66 82 72 6d ed 00 00 00 00 00 00 00 00  ..zf.rm.........
282bd9f40  90 5d a5 da 01 00 00 00 a0 f2 71 82 02 00 00 00  .]........q.....
282bd9f50  e1 13 aa e5 a1 01 00 00 00 00 00 00 00 00 00 00  ................
282bd9f60  20 db 5c 82 02 00 00 00 00 00 00 00 02 00 00 00   .\.............
282bd9f70  03 00 00 00 02 00 00 00 00 00 00 00 00 00 00 00  ................
282bd9f80  f0 f0 a9 e5 01 00 00 00 02 00 00 c1 00 00 00 00  ................
282bd9f90  a0 9d 52 9d 01 00 00 00 80 5f aa da 01 00 00 00  ..R......_......
282bd9fa0  af d5 8d de fe ff ff ff 6d 2a 59 d5 01 00 00 00  ........m*Y.....
282bd9fb0  c9 7d b0 e5 a1 01 00 00 d0 31 e2 0f 01 00 00 00  .}.......1......
282bd9fc0  01 00 00 00 00 00 00 00 08 00 00 00 00 00 00 00  ................
282bd9fd0  01 00 00 00 00 00 00 00 00 00 00 00 00 00 00 00  ................
282bd9fe0  a0 82 bd 82 02 00 00 00 00 00 00 00 00 00 00 00  ................
282bd9ff0  f4 fe 23 06 01 00 00 00 fc a3 23 06 01 00 00 00  ..#.......#.....
282bda000  00 00 00 00 00 00 00 00 1b 00 00 00 00 60 ef 00  .............`..
282bda010  59 2c ae a0 c5 3f 2d ed f0 98 a4 da 01 00 00 00  Y,...?-.........
282bda020  95 f6 7a 66 82 72 6d ed 00 60 71 82 02 00 00 00  ..zf.rm..`q.....
282bda030  90 5d a5 da 01 00 00 00 60 5b 71 82 02 00 00 00  .]......`[q.....
282bda040  00 0a f8 09 01 00 00 00 a4 fe 23 06 01 00 00 00  ..........#.....
282bda050  a4 fe 23 06 01 00 00 00 f4 fe 23 06 01 00 00 00  ..#.......#.....
282bda060  d0 b5 bd 82 02 00 00 00 12 00 00 00 00 40 ef 00  .............@..
282bda070  e1 13 aa e5 a1 01 00 00 00 00 00 00 00 00 00 00  ................
282bda080  90 69 42 80 02 00 00 00 00 00 00 00 0a 00 00 00  .iB.............
282bda090  09 00 00 00 08 00 00 00 00 00 00 00 00 00 00 00  ................
282bda0a0  e1 13 aa e5 a1 01 00 00 60 91 5b 82 02 00 00 00  ........`.[.....
282bda0b0  f0 5e 41 80 02 00 00 00 00 00 00 00 0a 00 00 00  .^A.............
282bda0c0  0b 00 00 00 0a 00 00 00 00 00 00 00 00 00 00 00  ................
282bda0d0  6d 53 ad e5 a1 01 00 00 b8 36 23 0a 01 00 00 00  mS.......6#.....
282bda0e0  00 fa 6b 82 02 00 00 00 f0 6d 4b 80 02 00 00 00  ..k......mK.....
282bda0f0  00 00 00 00 00 00 00 00 00 00 00 00 00 00 00 00  ................
282bda100  f0 f0 a9 e5 01 00 00 00 02 00 00 c1 00 00 00 00  ................
282bda110  a0 9d 52 9d 01 00 00 00 80 5f aa da 01 00 00 00  ..R......_......
282bda120  af d5 8d de fe ff ff ff 3b 30 63 d5 01 00 00 00  ........;0c.....
282bda130  31 14 aa e5 a1 01 00 00 60 9f 5b 82 02 00 00 00  1.......`.[.....
282bda140  a0 7d 81 20 01 00 00 00 00 00 00 00 5a 00 00 00  .}. ........Z...
282bda150  5b 00 00 00 5a 00 00 00 00 00 00 00 00 00 00 00  [...Z...........
282bda160  00 00 00 00 00 00 00 00 00 00 00 00 00 00 00 00  ................
282bda170  a0 5b 00 db 01 00 00 00 00 00 00 00 00 00 00 00  .[..............
282bda180  00 00 00 00 00 00 00 00 00 6d bc 81 02 00 00 00  .........m......
282bda190  e1 13 aa e5 a1 01 00 00 00 00 00 00 00 00 00 00  ................
282bda1a0  b0 1b 5c 82 02 00 00 00 00 00 00 00 02 00 00 00  ..\.............
282bda1b0  02 00 00 00 01 00 00 00 00 00 00 00 00 00 00 00  ................
282bda1c0  f0 f0 a9 e5 01 00 00 00 02 00 00 c3 00 00 00 00  ................
282bda1d0  b8 64 f3 07 01 00 00 00 c0 63 d8 09 01 00 00 00  .d.......c......
282bda1e0  f0 53 0f 81 02 00 00 00 c0 1b 82 20 01 00 00 00  .S......... ....
282bda1f0  e1 13 aa e5 a1 01 00 00 00 00 00 00 00 00 00 00  ................
282bda200  00 00 00 00 00 00 00 00 00 00 00 00 00 00 00 00  ................
282bda210  03 00 00 00 00 00 00 00 00 00 00 00 00 00 00 00  ................
282bda220  f0 f0 a9 e5 01 00 00 00 02 00 00 c1 00 00 00 00  ................
282bda230  ac 1b 07 a1 01 00 00 00 70 d8 fc da 01 00 00 00  ........p.......
282bda240  90 52 0e 81 02 00 00 00 00 00 00 00 00 00 00 00  .R..............
282bda250  e1 13 aa e5 a1 01 00 00 00 00 00 00 00 00 00 00  ................

,	Aweme!0x3e87048 this.args1 onLeave 0x281cc00d0             0  1  2  3  4  5  6  7  8  9  A  B  C  D  E  F  0123456789ABCDEF
281cc00d0  00 ed f7 09 01 00 00 00 4b 4c 57 52 00 00 00 00  ........KLWR....
281cc00e0  00 00 00 00 65 3a 2f af 20 00 00 00 4b 4c 57 52  ....e:/. ...KLWR
281cc00f0  00 00 00 00 00 00 00 00 ff ff ff ff ff ff ff ff  ................
281cc0100  c0 01 00 00 01 01 00 00 00 01 00 00 ff ff ff ff  ................
281cc0110  ff ff ff ff ff ff ff ff 27 ff 33 7e fd ff ff ff  ........'.3~....
281cc0120  30 45 2d 42 34 46 34 2d 39 36 35 33 30 39 30 39  0E-B4F4-96530909
281cc0130  42 31 44 32 2f 74 6d 70 2f 70 61 63 6b 61 67 65  B1D2/tmp/package
281cc0140  2d 31 36 31 38 32 30 38 30 39 37 2e 30 34 37 33  -1618208097.0473
281cc0150  38 31 2f 77 65 62 63 61 73 74 5f 6c 79 6e 78 5f  81/webcast_lynx_
281cc0160  64 6f 75 79 69 6e 2f 70 61 67 65 73 2f 66 61 6e  douyin/pages/fan
281cc0170  73 63 6c 75 62 2f 66 61 6e 73 5f 67 72 6f 75 70  sclub/fans_group
281cc0180  2f 69 6e 74 72 6f 64 75 63 74 69 6f 6e 2f 74 65  /introduction/te
281cc0190  6d 70 6c 61 74 65 2e 6a 73 00 00 00 4b 4c 57 52  mplate.js...KLWR
281cc01a0  a0 01 ea 2e 24 47 00 00 04 00 60 00 00 00 00 00  ....$G....`.....
281cc01b0  b0 66 69 6c 65 3a 2f 2f 2f 76 61 72 2f 6d 6f 62  .file:///var/mob
281cc01c0  69 6c 65 2f 43 6f 6e 74 61 69 6e 65 72 73 2f 44  ile/Containers/D
281cc01d0  61 74 61 2f 41 70 70 6c 69 63 61 74 69 6f 6e 2f  ata/Application/
281cc01e0  42 33 45 36 31 41 33 46 2d 43 39 38 35 2d 34 30  B3E61A3F-C985-40
281cc01f0  30 45 2d 42 34 46 34 2d 39 36 35 33 30 39 30 39  0E-B4F4-96530909
281cc0200  42 31 44 32 2f 74 6d 70 2f 70 61 63 6b 61 67 65  B1D2/tmp/package
281cc0210  2d 31 36 31 38 32 30 38 30 39 37 2e 30 34 37 33  -1618208097.0473
281cc0220  38 31 2f 77 65 62 63 61 73 74 5f 6c 79 6e 78 5f  81/webcast_lynx_
281cc0230  64 6f 75 79 69 6e 2f 70 61 67 65 73 2f 66 61 6e  douyin/pages/fan
281cc0240  73 63 6c 75 62 2f 66 61 6e 73 5f 67 72 6f 75 70  sclub/fans_group
281cc0250  2f 75 73 65 72 2f 74 65 6d 70 6c 61 74 65 2e 6a  /user/template.j
281cc0260  73 00 00 00 00 00 00 00 00 00 00 00 00 00 00 00  s...............
281cc0270  70 02 ea 2e 24 47 00 00 05 00 60 00 00 00 00 00  p...$G....`.....
281cc0280  af 66 69 6c 65 3a 2f 2f 2f 76 61 72 2f 6d 6f 62  .file:///var/mob
281cc0290  69 6c 65 2f 43 6f 6e 74 61 69 6e 65 72 73 2f 44  ile/Containers/D
281cc02a0  61 74 61 2f 41 70 70 6c 69 63 61 74 69 6f 6e 2f  ata/Application/
281cc02b0  42 33 45 36 31 41 33 46 2d 43 39 38 35 2d 34 30  B3E61A3F-C985-40
281cc02c0  30 45 2d 42 34 46 34 2d 39 36 35 33 30 39 30 39  0E-B4F4-96530909
281cc02d0  42 31 44 32 2f 74 6d 70 2f 70 61 63 6b 61 67 65  B1D2/tmp/package
281cc02e0  2d 31 36 31 38 32 30 38 30 39 37 2e 30 34 37 33  -1618208097.0473
281cc02f0  38 31 2f 77 65 62 63 61 73 74 5f 6c 79 6e 78 5f  81/webcast_lynx_
281cc0300  64 6f 75 79 69 6e 2f 70 61 67 65 73 2f 66 61 6e  douyin/pages/fan
281cc0310  73 63 6c 75 62 2f 75 73 65 72 5f 6e 65 77 2f 61  sclub/user_new/a
281cc0320  66 74 65 72 2f 74 65 6d 70 6c 61 74 65 2e 6a 73  fter/template.js
281cc0330  00 00 00 00 00 00 00 00 00 00 00 00 00 00 00 00  ................
281cc0340  40 03 ea 2e 24 47 00 00 06 00 60 00 00 00 00 00  @...$G....`.....
281cc0350  b1 66 69 6c 65 3a 2f 2f 2f 76 61 72 2f 6d 6f 62  .file:///var/mob
281cc0360  69 6c 65 2f 43 6f 6e 74 61 69 6e 65 72 73 2f 44  ile/Containers/D
281cc0370  61 74 61 2f 41 70 70 6c 69 63 61 74 69 6f 6e 2f  ata/Application/
281cc0380  42 33 45 36 31 41 33 46 2d 43 39 38 35 2d 34 30  B3E61A3F-C985-40
281cc0390  30 45 2d 42 34 46 34 2d 39 36 35 33 30 39 30 39  0E-B4F4-96530909
281cc03a0  42 31 44 32 2f 74 6d 70 2f 70 61 63 6b 61 67 65  B1D2/tmp/package
281cc03b0  2d 31 36 31 38 32 30 38 30 39 37 2e 30 34 37 33  -1618208097.0473
281cc03c0  38 31 2f 77 65 62 63 61 73 74 5f 6c 79 6e 78 5f  81/webcast_lynx_
281cc03d0  64 6f 75 79 69 6e 2f 70 61 67 65 73 2f 66 61 6e  douyin/pages/fan
281cc03e0  73 63 6c 75 62 2f 75 73 65 72 5f 72 6c 79 6e 78  sclub/user_rlynx
281cc03f0  2f 61 66 74 65 72 2f 74 65 6d 70 6c 61 74 65 2e  /after/template.
281cc0400  6a 73 00 00 00 00 00 00 00 00 00 00 00 00 00 00  js..............
281cc0410  10 04 ea 2e 24 47 00 00 07 00 60 00 00 00 00 00  ....$G....`.....
281cc0420  b2 66 69 6c 65 3a 2f 2f 2f 76 61 72 2f 6d 6f 62  .file:///var/mob
281cc0430  69 6c 65 2f 43 6f 6e 74 61 69 6e 65 72 73 2f 44  ile/Containers/D
281cc0440  61 74 61 2f 41 70 70 6c 69 63 61 74 69 6f 6e 2f  ata/Application/
281cc0450  42 33 45 36 31 41 33 46 2d 43 39 38 35 2d 34 30  B3E61A3F-C985-40
281cc0460  30 45 2d 42 34 46 34 2d 39 36 35 33 30 39 30 39  0E-B4F4-96530909
281cc0470  42 31 44 32 2f 74 6d 70 2f 70 61 63 6b 61 67 65  B1D2/tmp/package
281cc0480  2d 31 36 31 38 32 30 38 30 39 37 2e 30 34 37 33  -1618208097.0473
281cc0490  38 31 2f 77 65 62 63 61 73 74 5f 6c 79 6e 78 5f  81/webcast_lynx_
281cc04a0  64 6f 75 79 69 6e 2f 70 61 67 65 73 2f 66 61 6e  douyin/pages/fan
281cc04b0  73 63 6c 75 62 2f 75 73 65 72 5f 72 6c 79 6e 78  sclub/user_rlynx
281cc04c0  2f 62 65 66 6f 72 65 2f 74 65 6d 70 6c 61 74 65  /before/template

,	Aweme!0x3e87048 this.args2 onLeave 0x120a8 0x120a8

,	Aweme!0x3e87048 this.args3 onLeave 0x281cc00d0             0  1  2  3  4  5  6  7  8  9  A  B  C  D  E  F  0123456789ABCDEF
281cc00d0  00 ed f7 09 01 00 00 00 4b 4c 57 52 00 00 00 00  ........KLWR....
281cc00e0  00 00 00 00 65 3a 2f af 20 00 00 00 4b 4c 57 52  ....e:/. ...KLWR
281cc00f0  00 00 00 00 00 00 00 00 ff ff ff ff ff ff ff ff  ................
281cc0100  c0 01 00 00 01 01 00 00 00 01 00 00 ff ff ff ff  ................
281cc0110  ff ff ff ff ff ff ff ff 27 ff 33 7e fd ff ff ff  ........'.3~....
281cc0120  30 45 2d 42 34 46 34 2d 39 36 35 33 30 39 30 39  0E-B4F4-96530909
281cc0130  42 31 44 32 2f 74 6d 70 2f 70 61 63 6b 61 67 65  B1D2/tmp/package
281cc0140  2d 31 36 31 38 32 30 38 30 39 37 2e 30 34 37 33  -1618208097.0473
281cc0150  38 31 2f 77 65 62 63 61 73 74 5f 6c 79 6e 78 5f  81/webcast_lynx_
281cc0160  64 6f 75 79 69 6e 2f 70 61 67 65 73 2f 66 61 6e  douyin/pages/fan
281cc0170  73 63 6c 75 62 2f 66 61 6e 73 5f 67 72 6f 75 70  sclub/fans_group
281cc0180  2f 69 6e 74 72 6f 64 75 63 74 69 6f 6e 2f 74 65  /introduction/te
281cc0190  6d 70 6c 61 74 65 2e 6a 73 00 00 00 4b 4c 57 52  mplate.js...KLWR
281cc01a0  a0 01 ea 2e 24 47 00 00 04 00 60 00 00 00 00 00  ....$G....`.....
281cc01b0  b0 66 69 6c 65 3a 2f 2f 2f 76 61 72 2f 6d 6f 62  .file:///var/mob
281cc01c0  69 6c 65 2f 43 6f 6e 74 61 69 6e 65 72 73 2f 44  ile/Containers/D
281cc01d0  61 74 61 2f 41 70 70 6c 69 63 61 74 69 6f 6e 2f  ata/Application/
281cc01e0  42 33 45 36 31 41 33 46 2d 43 39 38 35 2d 34 30  B3E61A3F-C985-40
281cc01f0  30 45 2d 42 34 46 34 2d 39 36 35 33 30 39 30 39  0E-B4F4-96530909
281cc0200  42 31 44 32 2f 74 6d 70 2f 70 61 63 6b 61 67 65  B1D2/tmp/package
281cc0210  2d 31 36 31 38 32 30 38 30 39 37 2e 30 34 37 33  -1618208097.0473
281cc0220  38 31 2f 77 65 62 63 61 73 74 5f 6c 79 6e 78 5f  81/webcast_lynx_
281cc0230  64 6f 75 79 69 6e 2f 70 61 67 65 73 2f 66 61 6e  douyin/pages/fan
281cc0240  73 63 6c 75 62 2f 66 61 6e 73 5f 67 72 6f 75 70  sclub/fans_group
281cc0250  2f 75 73 65 72 2f 74 65 6d 70 6c 61 74 65 2e 6a  /user/template.j
281cc0260  73 00 00 00 00 00 00 00 00 00 00 00 00 00 00 00  s...............
281cc0270  70 02 ea 2e 24 47 00 00 05 00 60 00 00 00 00 00  p...$G....`.....
281cc0280  af 66 69 6c 65 3a 2f 2f 2f 76 61 72 2f 6d 6f 62  .file:///var/mob
281cc0290  69 6c 65 2f 43 6f 6e 74 61 69 6e 65 72 73 2f 44  ile/Containers/D
281cc02a0  61 74 61 2f 41 70 70 6c 69 63 61 74 69 6f 6e 2f  ata/Application/
281cc02b0  42 33 45 36 31 41 33 46 2d 43 39 38 35 2d 34 30  B3E61A3F-C985-40
281cc02c0  30 45 2d 42 34 46 34 2d 39 36 35 33 30 39 30 39  0E-B4F4-96530909
281cc02d0  42 31 44 32 2f 74 6d 70 2f 70 61 63 6b 61 67 65  B1D2/tmp/package
281cc02e0  2d 31 36 31 38 32 30 38 30 39 37 2e 30 34 37 33  -1618208097.0473
281cc02f0  38 31 2f 77 65 62 63 61 73 74 5f 6c 79 6e 78 5f  81/webcast_lynx_
281cc0300  64 6f 75 79 69 6e 2f 70 61 67 65 73 2f 66 61 6e  douyin/pages/fan
281cc0310  73 63 6c 75 62 2f 75 73 65 72 5f 6e 65 77 2f 61  sclub/user_new/a
281cc0320  66 74 65 72 2f 74 65 6d 70 6c 61 74 65 2e 6a 73  fter/template.js
281cc0330  00 00 00 00 00 00 00 00 00 00 00 00 00 00 00 00  ................
281cc0340  40 03 ea 2e 24 47 00 00 06 00 60 00 00 00 00 00  @...$G....`.....
281cc0350  b1 66 69 6c 65 3a 2f 2f 2f 76 61 72 2f 6d 6f 62  .file:///var/mob
281cc0360  69 6c 65 2f 43 6f 6e 74 61 69 6e 65 72 73 2f 44  ile/Containers/D
281cc0370  61 74 61 2f 41 70 70 6c 69 63 61 74 69 6f 6e 2f  ata/Application/
281cc0380  42 33 45 36 31 41 33 46 2d 43 39 38 35 2d 34 30  B3E61A3F-C985-40
281cc0390  30 45 2d 42 34 46 34 2d 39 36 35 33 30 39 30 39  0E-B4F4-96530909
281cc03a0  42 31 44 32 2f 74 6d 70 2f 70 61 63 6b 61 67 65  B1D2/tmp/package
281cc03b0  2d 31 36 31 38 32 30 38 30 39 37 2e 30 34 37 33  -1618208097.0473
281cc03c0  38 31 2f 77 65 62 63 61 73 74 5f 6c 79 6e 78 5f  81/webcast_lynx_
281cc03d0  64 6f 75 79 69 6e 2f 70 61 67 65 73 2f 66 61 6e  douyin/pages/fan
281cc03e0  73 63 6c 75 62 2f 75 73 65 72 5f 72 6c 79 6e 78  sclub/user_rlynx
281cc03f0  2f 61 66 74 65 72 2f 74 65 6d 70 6c 61 74 65 2e  /after/template.
281cc0400  6a 73 00 00 00 00 00 00 00 00 00 00 00 00 00 00  js..............
281cc0410  10 04 ea 2e 24 47 00 00 07 00 60 00 00 00 00 00  ....$G....`.....
281cc0420  b2 66 69 6c 65 3a 2f 2f 2f 76 61 72 2f 6d 6f 62  .file:///var/mob
281cc0430  69 6c 65 2f 43 6f 6e 74 61 69 6e 65 72 73 2f 44  ile/Containers/D
281cc0440  61 74 61 2f 41 70 70 6c 69 63 61 74 69 6f 6e 2f  ata/Application/
281cc0450  42 33 45 36 31 41 33 46 2d 43 39 38 35 2d 34 30  B3E61A3F-C985-40
281cc0460  30 45 2d 42 34 46 34 2d 39 36 35 33 30 39 30 39  0E-B4F4-96530909
281cc0470  42 31 44 32 2f 74 6d 70 2f 70 61 63 6b 61 67 65  B1D2/tmp/package
281cc0480  2d 31 36 31 38 32 30 38 30 39 37 2e 30 34 37 33  -1618208097.0473
281cc0490  38 31 2f 77 65 62 63 61 73 74 5f 6c 79 6e 78 5f  81/webcast_lynx_
281cc04a0  64 6f 75 79 69 6e 2f 70 61 67 65 73 2f 66 61 6e  douyin/pages/fan
281cc04b0  73 63 6c 75 62 2f 75 73 65 72 5f 72 6c 79 6e 78  sclub/user_rlynx
281cc04c0  2f 62 65 66 6f 72 65 2f 74 65 6d 70 6c 61 74 65  /before/template

,	Aweme!0x3e87048 this.args4 onLeave 0x6f 0x6f

,retval onLeave: 0x1 0x1

[end signal]{
    "X-Argus" = "7AtM9IhrPrXNTVFKxMtiDbC3DP3FG7iaiTPVuhyvAwoX8e3Q34D80Rxgo7Lfr+O5s1OzxyjVqfyxWpUYcERnE+LgkMCQ0EWtaPilrWPJISjygZFETZTRDYMGjzD+EyHkoSwIe6I8itVKHjEiaK2/xXmkHhKtjaClxh5aNz/oDIevyp/QdKtD+vA3eaZZgNMnZbTwMARX6vmOKyZ0gKvkSjCyGQ6bUIAFaYWPejiRMK2RkA==";
    "X-Gorgon" = 8404e08200008cddc3a7ef19c4af6be81f573eb9fbaddea5c580;
    "X-Khronos" = 1618201440;
    "X-Ladon" = "BNXtBGqjEx6UWhp4Q7MBjmZpr9QBuS7cN4zEMLyUe8w7J+GP";
    "X-Tyhon" = "Oxox5F12f7YZbDHkEndjoAg5MasTa3WxXTkxI/w=";
}
Aweme!0x3ed32a8 3
Aweme!0x3e870c8 2
Aweme!0x3e51fa4 3
Aweme!0x3ea0f90 1
Aweme!0x3eda3c8 3
Aweme!0x3ee4520 2
Aweme!0x3eda028 1
Aweme!0x3ea8d04 7
Aweme!0x3e5e93c 2
Aweme!0x3e712e8 2
Aweme!0x3ea7e84 1
Aweme!0x3eac8d8 1
Aweme!0x3e618bc 2
Aweme!0x3e7128c 6
Aweme!0x775e39c 7
Aweme!0x3e86de4 1
Aweme!0x3e70d1c 2
Aweme!0x3e71400 1
Aweme!0x775b534 2
Aweme!0x3ecaa58 11
Aweme!0x3e70920 1
Aweme!0x3ed9eb8 4
Aweme!0x3e713a4 1
Aweme!0x3e67b00 2
Aweme!0x3ea12d8 1
Aweme!0x3e58b58 236
Aweme!0x3eca9a0 1
Aweme!0x3e5c5b8 1
Aweme!0x775e7f8 1
Aweme!0x3e7111c 2
Aweme!0x3e93da8 2
Aweme!0x3e520c0 3
Aweme!0x3e70d7c 2
Aweme!0x3e70980 29
Aweme!0x3eda5fc 1
Aweme!0x3e8c7d4 2
Aweme!0x3e70af4 21
Aweme!0x3e4e71c 4
Aweme!0x3ecfd64 1
Aweme!0x3ea8d0c 415
Aweme!0x3eca604 3
Aweme!0x3ed31f8 2
Aweme!0x3eca9a4 4
Aweme!0x3ed3028 814
Aweme!0x3ecb1fc 1
Aweme!0x3ecb02c 2
Aweme!0x3e71294 2
Aweme!0x3e86dec 1
Aweme!0x3e67bc0 2
Aweme!0x3e71464 1
Aweme!0x3e5c8a4 1
Aweme!0x3e87300 4
Aweme!0x3ea7a90 8
Aweme!0x775e348 7
Aweme!0x3ea0a88 1
Aweme!0x3ee49e0 1
Aweme!0x3ed32b4 2
Aweme!0x3ea8c54 6
Aweme!0x3e4e1b0 5
Aweme!0x3e5bd68 4
Aweme!0x3ea1680 3
Aweme!0x3e716f0 7
Aweme!0x3e5c61c 2
Aweme!0x3e70c10 3
Aweme!0x3e84b20 1
Aweme!0x775e7a4 238
Aweme!0x3ede85c 3
Aweme!0x775cb00 1
Aweme!0x775e918 1
Aweme!0x3ea1228 1
Aweme!0x3ea61ec 21
Aweme!0x3e808c8 1
Aweme!0x3e6047c 1
Aweme!0x3e713b0 3
Aweme!0x3ed325c 5
Aweme!0x775e804 4
Aweme!0x3e71698 10
Aweme!0x3e853d8 30
Aweme!0x3e85208 9
Aweme!0x3e71128 1
Aweme!0x3e7bed4 1
Aweme!0x3e712f8 1
Aweme!0x3ecb260 6
Aweme!0x3ea61f0 2
Aweme!0x3e7129c 1
Aweme!0x3e86df4 9
Aweme!0x3ea2ad4 2
Aweme!0x3e70b5c 20
Aweme!0x3e71240 2
Aweme!0x3e4e728 2
Aweme!0x3ed9ec8 3
Aweme!0x3e51534 7
Aweme!0x3e70c74 1
Aweme!0x3ea1858 37
Aweme!0x3ecf460 1
Aweme!0x3ecc428 1
Aweme!0x3edb1a4 1
Aweme!0x3e83398 1
Aweme!0x3e70d30 1
Aweme!0x3ed9d58 5
Aweme!0x3e5cbf4 1
Aweme!0x3e872b0 10
Aweme!0x3e711e8 1
Aweme!0x3ea8ba8 55
Aweme!0x3eda3e0 4
Aweme!0x3ec92dc 1
Aweme!0x3e8a230 1
Aweme!0x3e7118c 2
Aweme!0x3e87254 7
Aweme!0x3ed3264 257
Aweme!0x3ea1630 2
Aweme!0x3e71300 1
Aweme!0x3ea8cc0 3
Aweme!0x3ea8d1c 1
Aweme!0x3e617bc 1
Aweme!0x3e86fcc 4
Aweme!0x3ed3150 41
Aweme!0x3e87d94 2
Aweme!0x3eca8a0 1
Aweme!0x3edb264 1
Aweme!0x3e4e730 2
Aweme!0x3e8a290 1
Aweme!0x3ed32c4 2
Aweme!0x3ecaa14 5
Aweme!0x3ee1390 1
Aweme!0x3e7019c 1
Aweme!0x3e52134 5
Aweme!0x3e713bc 1
Aweme!0x3e70140 1
Aweme!0x3e70d94 1
Aweme!0x3e58b14 236
Aweme!0x3e67890 4
Aweme!0x3ed31b0 1
Aweme!0x3e7141c 1
Aweme!0x3e7124c 5
Aweme!0x3e86f74 1
Aweme!0x3e84dbc 1
Aweme!0x3ea8bb0 69
Aweme!0x3e4de24 9
Aweme!0x3e708e0 1
Aweme!0x3edb20c 2
Aweme!0x3e70fc4 4
Aweme!0x3e8c790 2
Aweme!0x3e88764 1
Aweme!0x3e87200 1
Aweme!0x775e078 9
Aweme!0x3ea197c 28
Aweme!0x3e868f0 5
Aweme!0x3ea1b4c 1
Aweme!0x3ecd59c 2
Aweme!0x3e86fd4 4
Aweme!0x3e52080 14
Aweme!0x3ead4f0 1
Aweme!0x3ed4bd0 1
Aweme!0x3e71080 2
Aweme!0x3ea1a94 1
Aweme!0x3e70b10 12
Aweme!0x3ecaa78 1
Aweme!0x3eda21c 2
Aweme!0x3e71368 2
Aweme!0x3ed9e7c 3
Aweme!0x3e90e48 1
Aweme!0x3ea7994 4
Aweme!0x3ed7070 2
Aweme!0x3ecb2d0 57
Aweme!0x3e520e0 14
Aweme!0x3e70bcc 1
Aweme!0x3eb1c60 1
Aweme!0x775c5a8 7
Aweme!0x3ecaca8 1
Aweme!0x3ea03c0 1
Aweme!0x3e8a128 1
Aweme!0x3edad5c 2
Aweme!0x3e5c520 2
Aweme!0x3ee7920 4
Aweme!0x3ed72a0 1
Aweme!0x3ec9348 2
Aweme!0x3ea1188 1
Aweme!0x3e5d118 1
Aweme!0x3e71028 1
Aweme!0x3ea169c 2
Aweme!0x3e926f4 1
Aweme!0x3ecb278 1
Aweme!0x3e67728 3
Aweme!0x3e70f70 2
Aweme!0x3e92868 1
Aweme!0x3e86fdc 1
Aweme!0x3ea1928 1
Aweme!0x3e71428 1
Aweme!0x3e90f08 1
Aweme!0x3ed69f0 1
Aweme!0x3eca340 6
Aweme!0x3e4e740 4
Aweme!0x3ecb164 1
Aweme!0x3e711fc 1
Aweme!0x775d148 23
Aweme!0x3e8a244 1
Aweme!0x3e70fd0 4
Aweme!0x3ecb9bc 3
Aweme!0x3e61204 2
Aweme!0x3ea8cd4 3
Aweme!0x775e084 6
Aweme!0x3e4dd78 1
Aweme!0x3e71488 1
Aweme!0x3e5208c 5
Aweme!0x3e70d48 2
Aweme!0x3e5cc68 2
Aweme!0x3ea03c8 9
Aweme!0x3e624e0 2
Aweme!0x3e57394 1
Aweme!0x3ecb1c4 1
Aweme!0x3ea1c70 1
Aweme!0x3ea7c28 5
Aweme!0x3eda3f8 3
Aweme!0x3e70550 3
Aweme!0x3e71374 2
Aweme!0x3e928cc 2
Aweme!0x3eb31d0 4
Aweme!0x3e71318 3
Aweme!0x3e520ec 6
Aweme!0x3e70da8 5
Aweme!0x3e70bd8 3
Aweme!0x3e5c1e8 1
Aweme!0x3ea8c7c 2
Aweme!0x3e7ce8c 4
Aweme!0x3e71430 3
Aweme!0x3ecac58 52
Aweme!0x775dfd0 38
Aweme!0x3e84a30 1
Aweme!0x3ed32dc 257
Aweme!0x3ecda08 1
Aweme!0x3ee5718 6
Aweme!0x3e8c7a4 2
Aweme!0x775e828 9
Aweme!0x3ecb9c4 4
Aweme!0x3e5cb58 2
Aweme!0x3ea164c 1
Aweme!0x3ed3224 256
Aweme!0x3e9a300 2
Aweme!0x3e7114c 1
Aweme!0x3ea0828 7
Aweme!0x3e86ad4 2
Aweme!0x3e70f7c 1
Aweme!0x3ea1764 1
Aweme!0x3ead334 1
Aweme!0x3e68100 1
Aweme!0x3e58a74 472
Aweme!0x775e888 1
Aweme!0x3ecc730 1
Aweme!0x3ed67d0 6
Aweme!0x3ecf140 1
Aweme!0x3ed30b4 4
Aweme!0x3e711ac 3
Aweme!0x3ed9e90 5
Aweme!0x775c7e8 415
Aweme!0x3e87048 2
Aweme!0x775e090 3
Aweme!0x3e51f24 5
Aweme!0x3eca7a8 4
Aweme!0x3e70db0 21
Aweme!0x3e70100 2
Aweme!0x3e93d80 8
Aweme!0x3ede65c 1
Aweme!0x3ee4b84 8
Aweme!0x3e523dc 2
Aweme!0x3ea8c28 4
Aweme!0x3e8a13c 1
Aweme!0x3e70b28 12
Aweme!0x3ea170c 9
Aweme!0x3ecc8a8 1
Aweme!0x3ecec30 19
Aweme!0x3ecda6c 2
Aweme!0x775d328 2
Aweme!0x3ecf828 1
Aweme!0x3e71268 1
Aweme!0x3ecb118 3
Aweme!0x3ee5894 2
Aweme!0x3e4e698 2
Aweme!0x3e86adc 1
Aweme!0x3ea1998 1
Aweme!0x3e58964 1
Aweme!0x3e71668 9
Aweme!0x3ed9ddc 8
Aweme!0x3ed4a78 1
Aweme!0x3e67854 1
Aweme!0x3eda120 1
Aweme!0x3e87334 5
Aweme!0x3edb340 2
Aweme!0x3ed3344 1
Aweme!0x3e90ec0 1
Aweme!0x3eda408 2
Aweme!0x3ea16b4 45
Aweme!0x775e834 2
Aweme!0x3edacbc 1
Aweme!0x3e516d4 7
Aweme!0x3e51f88 10
Aweme!0x3e89ce8 1
Aweme!0x3ed328c 2
Aweme!0x3e71328 1
Aweme!0x3edb174 1
Aweme!0x3e86ff4 2
Aweme!0x3ecc90c 2
Aweme!0x775ec90 6
Aweme!0x3e67688 3
Aweme!0x3e71270 3
Aweme!0x775e720 6
Aweme!0x3e52044 3
Aweme!0x3ee4790 1
Aweme!0x3e71440 1
Aweme!0x3ecf88c 2
Aweme!0x3e872dc 5
Aweme!0x3e70ca4 2
Aweme!0x3e5c824 2
Aweme!0x3ed7260 1
Aweme!0x3ecb9d4 1
Aweme!0x775c7f4 38
Aweme!0x3e70dbc 1
Aweme!0x3e86ae4 1
Aweme!0x3e714a0 2
Aweme!0x3ecaaf8 1
Aweme!0x3e709c0 30
Aweme!0x3e523e8 2
Aweme!0x3ecfc30 1
Aweme!0x3e84c14 1
Aweme!0x3ecb180 19
Aweme!0x3e71218 3
Aweme!0x3e86ba0 3
Aweme!0x3ea6110 2
Aweme!0x3e70e1c 2
Aweme!0x3ed3238 6
Aweme!0x775e7e0 2
Aweme!0x3e70f90 2
Aweme!0x3ea1b74 10
Aweme!0x3ee5674 4
Aweme!0x3e5de48 2
Aweme!0x3e51ed8 14
Aweme!0x3eac354 1
Aweme!0x3e71448 1
Aweme!0x3ecb1e0 1
Aweme!0x3eaea20 11
Aweme!0x3e70d08 2
Aweme!0x3ed32f4 2
Aweme!0x3e56530 1
Aweme!0x3e4e1f0 9
Aweme!0x3ecb9dc 7
Aweme!0x3ea1664 1
Aweme!0x3e885c0 1
Aweme!0x3ed3010 516
Aweme!0x3e71108 1
Aweme!0x3e7cea8 2
Aweme!0x3eca930 14
Aweme!0x3e67c04 1
Aweme!0x3e67a34 1
Aweme!0x3e70f38 3
Aweme!0x3e523f0 5
Aweme!0x3ea3c78 1
Aweme!0x3e60518 1
Aweme!0x3e84a4c 1
Aweme!0x3ecafb8 1
Aweme!0x3ecb188 2
Aweme!0x3ea7e18 52
Aweme!0x3ead464 1
Aweme!0x3ed30cc 2
Aweme!0x3ed9ea8 5
Aweme!0x3e711c4 2
Aweme!0x3ecb2a0 24
Aweme!0x3ed7210 1
Aweme!0x3ed3240 1
Aweme!0x3e7cf08 2
Aweme!0x3e57ef4 18
Aweme!0x3e86920 5
Aweme!0x3ed31e4 258
Aweme!0x3e712dc 3
Aweme!0x3ed9fc0 1
Aweme!0x775e78c 238
Aweme!0x3ed3358 3
Aweme!0x775e390 3
Aweme!0x3ede618 2
Aweme!0x3edded8 1
Aweme!0x3ecef8c 1
Aweme!0x3e90ed4 1
Aweme!0x3e713f4 1
Aweme!0x3ecabc0 5
Aweme!0x3ecb9e4 7
Aweme!0x3eca820 4
Aweme!0x3ea1d50 1
Aweme!0x3e51f40 3
Aweme!0x3e714b0 1
Aweme!0x775c5d8 32
Aweme!0x3e5e594 1
Aweme!0x3e70ba0 10
Aweme!0x3e868c8 5
Aweme!0x3e5e8d8 1
Aweme!0x3e4f5ec 2
Aweme!0x3e71284 1
Aweme!0x3e70b44 9
Aweme!0x3e51918 7
Aweme!0x3e67810 56
Aweme!0x3ea1ac8 1
Aweme!0x3e61858 1
Aweme!0x3eac818 1
Aweme!0x3ecb134 1
Aweme!0x3ecaf64 1
Aweme!0x3e6057c 2
Aweme!0x3ecfd58 1
Aweme!0x3eda368 1
Aweme!0x3ecf3ec 2
Aweme!0x3e711cc 2
Aweme!0x3e8c880 4
Aweme!0x3e523fc 7
Aweme!0x3e710b8 2
Aweme!0x3e7ce58 4
Aweme!0x3e5205c 11
Aweme!0x3eca540 4
Aweme!0x3ecf504 1
Aweme!0x3ed7104 4
Aweme!0x3e872f4 2
Aweme!0x3ea6180 1
Aweme!0x3ed3304 1
On receive  16384
Error happenError: unable to find module containing 0x12676825c
Error happenError: unable to find module containing 0x1266ea984
Error happenError: unable to find module containing 0x1266ea994
call: Aweme!0x3ecb52c Aweme!0x775e390@DYLD-STUB$$objc_retain
call: Foundation!0x715c libobjc.A.dylib!0x47e8@object_getClass
call: Foundation!0x71cc CoreFoundation!0xaae2c@_CFNonObjCRetain
call: Aweme!0x3ecb538 Aweme!0x775e390@DYLD-STUB$$objc_retain
call: Aweme!0x3ecb554 Aweme!0x775e348@DYLD-STUB$$objc_msgSend
call: Foundation!0x40150 libobjc.A.dylib!0x2080@objc_msgSend
call: Foundation!0x732c libobjc.A.dylib!0x47e8@object_getClass
call: Foundation!0x40180 CoreFoundation!0xf2138@CFURLCopyAbsoluteURL
call: CoreFoundation!0xf2164 CoreFoundation!0xabff8@CFGetAllocator
call: CoreFoundation!0xf2234 CoreFoundation!0x2af0@CFRetain
call: Foundation!0x4018c CoreFoundation!0xf1b04@CFURLGetString
call: Foundation!0x40190 libobjc.A.dylib!0x20010@objc_retain
call: CoreFoundation!0x6bec CoreFoundation!0xaae2c@_CFNonObjCRetain
call: Foundation!0x40194 libobjc.A.dylib!0x20080@objc_autorelease
call: Foundation!0x401a0 CoreFoundation!0x2694@CFRelease
call: Aweme!0x3ecb558 Aweme!0x3ecb9c4@0x3ecb9c4
call: CoreFoundation!0x6bec CoreFoundation!0xaae2c@_CFNonObjCRetain
call: Aweme!0x3ecb570 Aweme!0x775e348@DYLD-STUB$$objc_msgSend
call: Aweme!0x3ecb58c Aweme!0x3ecb9dc@0x3ecb9dc
call: libc++abi.dylib!0xee0 libc++abi.dylib!0x10e54@DYLD-STUB$$malloc
call: libsystem_malloc.dylib!0x10160 libsystem_malloc.dylib!0xf6b8@malloc_zone_malloc
call: libsystem_malloc.dylib!0xf750 libsystem_malloc.dylib!0x11d64@default_zone_malloc
call: libsystem_malloc.dylib!0xecc libsystem_malloc.dylib!0xf20@nanov2_allocate$VARIANT$mp
call: libsystem_malloc.dylib!0xf98 libsystem_malloc.dylib!0x1b18@nanov2_allocate_from_block$VARIANT$mp
call: Aweme!0x3ecb598 Aweme!0x775e39c@DYLD-STUB$$objc_retainAutorelease
call: libobjc.A.dylib!0x218c4 libobjc.A.dylib!0x20010@objc_retain
call: CoreFoundation!0x6bec CoreFoundation!0xaae2c@_CFNonObjCRetain
call: Aweme!0x3ecb5a4 Aweme!0x3ecb9e4@0x3ecb9e4
call: CoreFoundation!0x6980 CoreFoundation!0xc7c40@__CFStringMtbl
call: CoreFoundation!0x69b4 CoreFoundation!0xcf3e4@CFStringGetCStringPtr
call: Aweme!0x3ecb5b0 Aweme!0x3eca930@0x3eca930
call: Aweme!0x3eca8d4 Aweme!0x3ecb180@0x3ecb180
call: Aweme!0x3eca8e8 Aweme!0x775dfd0@DYLD-STUB$$malloc
call: libsystem_malloc.dylib!0x10160 libsystem_malloc.dylib!0xf6b8@malloc_zone_malloc
call: libsystem_malloc.dylib!0xf750 libsystem_malloc.dylib!0x11d64@default_zone_malloc
call: libsystem_malloc.dylib!0x6224 libsystem_malloc.dylib!0x17638@tiny_malloc_should_clear
call: libsystem_malloc.dylib!0x176d0 libsystem_platform.dylib!0x8cf8@DYLD-STUB$$os_unfair_lock_lock_with_options
call: libsystem_malloc.dylib!0x17714 libsystem_malloc.dylib!0x1902c@tiny_malloc_from_free_list
call: libsystem_malloc.dylib!0x19688 libsystem_malloc.dylib!0x15fc8@tiny_free_list_add_ptr
call: libsystem_malloc.dylib!0x19270 libsystem_malloc.dylib!0x17ca8@set_tiny_meta_header_in_use
call: libsystem_malloc.dylib!0x17a4c libsystem_platform.dylib!0x8d1c@DYLD-STUB$$os_unfair_lock_unlock
call: Aweme!0x3eca8f4 Aweme!0x3ecb2a0@0x3ecb2a0
call: Aweme!0x3ecb5bc Aweme!0x3eca340@0x3eca340
call: Aweme!0x3eca35c Aweme!0x3e58b14@0x3e58b14
call: Aweme!0x3e58af4 Aweme!0x3e58a74@0x3e58a74
call: Aweme!0x3e58afc Aweme!0x775e78c@DYLD-STUB$$pthread_mutex_lock
call: Aweme!0x3eca368 Aweme!0x775c5d8@DYLD-STUB$$operator new(unsigned long)
call: libc++abi.dylib!0xee0 libc++abi.dylib!0x10e54@DYLD-STUB$$malloc
call: libsystem_malloc.dylib!0x10160 libsystem_malloc.dylib!0xf6b8@malloc_zone_malloc
call: libsystem_malloc.dylib!0xf750 libsystem_malloc.dylib!0x11d64@default_zone_malloc
call: libsystem_malloc.dylib!0xecc libsystem_malloc.dylib!0xf20@nanov2_allocate$VARIANT$mp
call: libsystem_malloc.dylib!0xf98 libsystem_malloc.dylib!0x1b18@nanov2_allocate_from_block$VARIANT$mp
call: Aweme!0x3eca37c Aweme!0x3e58b58@0x3e58b58
call: Aweme!0x3e58b3c Aweme!0x3e58a74@0x3e58a74
call: Aweme!0x3e58b44 Aweme!0x775e7a4@DYLD-STUB$$pthread_mutex_unlock
call: Aweme!0x3ecb5c4 Aweme!0x3e86ba0@0x3e86ba0
call: Aweme!0x3e86bb0 Aweme!0x3e87334@0x3e87334
call: libc++abi.dylib!0xee0 libc++abi.dylib!0x10e54@DYLD-STUB$$malloc
call: libsystem_malloc.dylib!0x10160 libsystem_malloc.dylib!0xf6b8@malloc_zone_malloc
call: libsystem_malloc.dylib!0xf750 libsystem_malloc.dylib!0x11d64@default_zone_malloc
call: libsystem_malloc.dylib!0xecc libsystem_malloc.dylib!0xf20@nanov2_allocate$VARIANT$mp
call: libsystem_malloc.dylib!0xf98 libsystem_malloc.dylib!0x1b18@nanov2_allocate_from_block$VARIANT$mp
call: Aweme!0x3e86bd8 Aweme!0x3e868f0@0x3e868f0
call: Aweme!0x3e86908 Aweme!0x3e87254@0x3e87254
call: Aweme!0x3e8690c Aweme!0x3ed9d58@0x3ed9d58
call: Aweme!0x3ed9d74 Aweme!0x3ea61ec@0x3ea61ec
call: libsystem_malloc.dylib!0x10160 libsystem_malloc.dylib!0xf6b8@malloc_zone_malloc
call: libsystem_malloc.dylib!0xf750 libsystem_malloc.dylib!0x11d64@default_zone_malloc
call: libsystem_malloc.dylib!0xecc libsystem_malloc.dylib!0xf20@nanov2_allocate$VARIANT$mp
call: libsystem_malloc.dylib!0xf98 libsystem_malloc.dylib!0x1b18@nanov2_allocate_from_block$VARIANT$mp
call: Aweme!0x3ed9d80 Aweme!0x3e516d4@0x3e516d4
call: Aweme!0x3e516e0 Aweme!0x3e520e0@0x3e520e0
call: Aweme!0x3e516e4 Aweme!0x3e51ed8@0x3e51ed8
call: Aweme!0x3e51ee4 Aweme!0x3ea61ec@0x3ea61ec
call: libsystem_malloc.dylib!0x10160 libsystem_malloc.dylib!0xf6b8@malloc_zone_malloc
call: libsystem_malloc.dylib!0xf750 libsystem_malloc.dylib!0x11d64@default_zone_malloc
call: libsystem_malloc.dylib!0xecc libsystem_malloc.dylib!0xf20@nanov2_allocate$VARIANT$mp
call: libsystem_malloc.dylib!0xf98 libsystem_malloc.dylib!0x1b18@nanov2_allocate_from_block$VARIANT$mp
call: Aweme!0x3ed9d84 Aweme!0x3e523f0@0x3e523f0
call: Aweme!0x3e86bdc Aweme!0x3e872dc@0x3e872dc
call: Aweme!0x3e808e4 Aweme!0x3e58b14@0x3e58b14
call: Aweme!0x3e58af4 Aweme!0x3e58a74@0x3e58a74
call: Aweme!0x3e58afc Aweme!0x775e78c@DYLD-STUB$$pthread_mutex_lock
call: Aweme!0x3e808f0 Aweme!0x775c5d8@DYLD-STUB$$operator new(unsigned long)
call: libc++abi.dylib!0xee0 libc++abi.dylib!0x10e54@DYLD-STUB$$malloc
call: libsystem_malloc.dylib!0x10160 libsystem_malloc.dylib!0xf6b8@malloc_zone_malloc
call: libsystem_malloc.dylib!0xf750 libsystem_malloc.dylib!0x11d64@default_zone_malloc
call: libsystem_malloc.dylib!0xecc libsystem_malloc.dylib!0xf20@nanov2_allocate$VARIANT$mp
call: libsystem_malloc.dylib!0xf98 libsystem_malloc.dylib!0x1b18@nanov2_allocate_from_block$VARIANT$mp
call: Aweme!0x3e80904 Aweme!0x3e58b58@0x3e58b58
call: Aweme!0x3e58b3c Aweme!0x3e58a74@0x3e58a74
call: Aweme!0x3e58b44 Aweme!0x775e7a4@DYLD-STUB$$pthread_mutex_unlock
call: Aweme!0x3ecb5e8 Aweme!0x775e390@DYLD-STUB$$objc_retain
call: Aweme!0x3ecb608 Aweme!0x775e348@DYLD-STUB$$objc_msgSend
call: Aweme!0x3ecb64c Aweme!0x3e5bd68@0x3e5bd68
call: Aweme!0x3e5bd80 Aweme!0x3e58b14@0x3e58b14
call: Aweme!0x3e58af4 Aweme!0x3e58a74@0x3e58a74
call: Aweme!0x3e58afc Aweme!0x775e78c@DYLD-STUB$$pthread_mutex_lock
call: Aweme!0x3e5bd8c Aweme!0x3e58b58@0x3e58b58
call: Aweme!0x3e58b3c Aweme!0x3e58a74@0x3e58a74
call: Aweme!0x3e58b44 Aweme!0x775e7a4@DYLD-STUB$$pthread_mutex_unlock
call: Aweme!0x3ecb654 Aweme!0x3ecb9dc@0x3ecb9dc
call: libc++abi.dylib!0xee0 libc++abi.dylib!0x10e54@DYLD-STUB$$malloc
call: libsystem_malloc.dylib!0x10160 libsystem_malloc.dylib!0xf6b8@malloc_zone_malloc
call: libsystem_malloc.dylib!0xf750 libsystem_malloc.dylib!0x11d64@default_zone_malloc
call: libsystem_malloc.dylib!0xecc libsystem_malloc.dylib!0xf20@nanov2_allocate$VARIANT$mp
call: libsystem_malloc.dylib!0xf98 libsystem_malloc.dylib!0x1b18@nanov2_allocate_from_block$VARIANT$mp
call: Aweme!0x3ecb660 Aweme!0x775e39c@DYLD-STUB$$objc_retainAutorelease
call: libobjc.A.dylib!0x218c4 libobjc.A.dylib!0x20010@objc_retain
call: CoreFoundation!0x6bec CoreFoundation!0xaae2c@_CFNonObjCRetain
call: Aweme!0x3ecb668 Aweme!0x3ecb9e4@0x3ecb9e4
call: CoreFoundation!0x6980 CoreFoundation!0xc7c40@__CFStringMtbl
call: CoreFoundation!0x69b4 CoreFoundation!0xcf3e4@CFStringGetCStringPtr
call: Aweme!0x3ecb674 Aweme!0x3eca930@0x3eca930
call: Aweme!0x3eca8d4 Aweme!0x3ecb180@0x3ecb180
call: Aweme!0x3eca8e8 Aweme!0x775dfd0@DYLD-STUB$$malloc
call: libsystem_malloc.dylib!0x10160 libsystem_malloc.dylib!0xf6b8@malloc_zone_malloc
call: libsystem_malloc.dylib!0xf750 libsystem_malloc.dylib!0x11d64@default_zone_malloc
call: libsystem_malloc.dylib!0xecc libsystem_malloc.dylib!0xf20@nanov2_allocate$VARIANT$mp
call: libsystem_malloc.dylib!0xf98 libsystem_malloc.dylib!0x1b18@nanov2_allocate_from_block$VARIANT$mp
call: Aweme!0x3eca8f4 Aweme!0x3ecb2a0@0x3ecb2a0
call: Aweme!0x3ecb678 Aweme!0x3ecb9dc@0x3ecb9dc
call: libc++abi.dylib!0xee0 libc++abi.dylib!0x10e54@DYLD-STUB$$malloc
call: libsystem_malloc.dylib!0x10160 libsystem_malloc.dylib!0xf6b8@malloc_zone_malloc
call: libsystem_malloc.dylib!0xf750 libsystem_malloc.dylib!0x11d64@default_zone_malloc
call: libsystem_malloc.dylib!0xecc libsystem_malloc.dylib!0xf20@nanov2_allocate$VARIANT$mp
call: libsystem_malloc.dylib!0xf98 libsystem_malloc.dylib!0x1b18@nanov2_allocate_from_block$VARIANT$mp
call: Aweme!0x3ecb68c Aweme!0x775e348@DYLD-STUB$$objc_msgSend
call: CoreFoundation!0x463c libobjc.A.dylib!0x2080@objc_msgSend
call: CoreFoundation!0x4680 libobjc.A.dylib!0x2080@objc_msgSend
call: CoreFoundation!0x4228 CoreFoundation!0x2b6c@_CFStringEqual
call: CoreFoundation!0x4680 libobjc.A.dylib!0x2080@objc_msgSend
call: CoreFoundation!0x4228 CoreFoundation!0x2b6c@_CFStringEqual
call: Aweme!0x3ecb690 Aweme!0x3ecb9c4@0x3ecb9c4
call: CoreFoundation!0x6bec CoreFoundation!0xaae2c@_CFNonObjCRetain
call: Aweme!0x3ecb694 Aweme!0x775e39c@DYLD-STUB$$objc_retainAutorelease
call: libobjc.A.dylib!0x218c4 libobjc.A.dylib!0x20010@objc_retain
call: CoreFoundation!0x6bec CoreFoundation!0xaae2c@_CFNonObjCRetain
call: Aweme!0x3ecb69c Aweme!0x3ecb9e4@0x3ecb9e4
call: CoreFoundation!0x6980 CoreFoundation!0xc7c40@__CFStringMtbl
call: CoreFoundation!0x69b4 CoreFoundation!0xcf3e4@CFStringGetCStringPtr
call: Aweme!0x3ecb6a8 Aweme!0x3eca930@0x3eca930
call: Aweme!0x3eca8d4 Aweme!0x3ecb180@0x3ecb180
call: Aweme!0x3eca8e8 Aweme!0x775dfd0@DYLD-STUB$$malloc
call: libsystem_malloc.dylib!0x10160 libsystem_malloc.dylib!0xf6b8@malloc_zone_malloc
call: libsystem_malloc.dylib!0xf750 libsystem_malloc.dylib!0x11d64@default_zone_malloc
call: libsystem_malloc.dylib!0x6224 libsystem_malloc.dylib!0x17638@tiny_malloc_should_clear
call: libsystem_malloc.dylib!0x176d0 libsystem_platform.dylib!0x8cf8@DYLD-STUB$$os_unfair_lock_lock_with_options
call: libsystem_malloc.dylib!0x17714 libsystem_malloc.dylib!0x1902c@tiny_malloc_from_free_list
call: libsystem_malloc.dylib!0x19688 libsystem_malloc.dylib!0x15fc8@tiny_free_list_add_ptr
call: libsystem_malloc.dylib!0x19270 libsystem_malloc.dylib!0x17ca8@set_tiny_meta_header_in_use
call: libsystem_malloc.dylib!0x17a4c libsystem_platform.dylib!0x8d1c@DYLD-STUB$$os_unfair_lock_unlock
call: Aweme!0x3eca8f4 Aweme!0x3ecb2a0@0x3ecb2a0
call: Aweme!0x3ecb6b8 Aweme!0x3e86920@0x3e86920
call: Aweme!0x3e8694c Aweme!0x3ed9ea8@0x3ed9ea8
call: Aweme!0x3e51e10 Aweme!0x3e52080@0x3e52080
call: Aweme!0x3e8695c Aweme!0x3ed9ddc@0x3ed9ddc
call: Aweme!0x3e86970 Aweme!0x3e51f88@0x3e51f88
call: Aweme!0x3e86980 Aweme!0x3e868c8@0x3e868c8
call: Aweme!0x3e868e0 Aweme!0x775c5d8@DYLD-STUB$$operator new(unsigned long)
call: libc++abi.dylib!0xee0 libc++abi.dylib!0x10e54@DYLD-STUB$$malloc
call: libsystem_malloc.dylib!0x10160 libsystem_malloc.dylib!0xf6b8@malloc_zone_malloc
call: libsystem_malloc.dylib!0xf750 libsystem_malloc.dylib!0x11d64@default_zone_malloc
call: libsystem_malloc.dylib!0xecc libsystem_malloc.dylib!0xf20@nanov2_allocate$VARIANT$mp
call: libsystem_malloc.dylib!0xf98 libsystem_malloc.dylib!0x1b18@nanov2_allocate_from_block$VARIANT$mp
call: Aweme!0x3e86990 Aweme!0x3ed9e90@0x3ed9e90
call: Aweme!0x3e51884 Aweme!0x3e52080@0x3e52080
call: Aweme!0x3e518e8 Aweme!0x3e51918@0x3e51918
call: Aweme!0x3e519a0 Aweme!0x3e51ed8@0x3e51ed8
call: Aweme!0x3e51ee4 Aweme!0x3ea61ec@0x3ea61ec
call: libsystem_malloc.dylib!0x10160 libsystem_malloc.dylib!0xf6b8@malloc_zone_malloc
call: libsystem_malloc.dylib!0xf750 libsystem_malloc.dylib!0x11d64@default_zone_malloc
call: libsystem_malloc.dylib!0xecc libsystem_malloc.dylib!0xf20@nanov2_allocate$VARIANT$mp
call: libsystem_malloc.dylib!0xf98 libsystem_malloc.dylib!0x1b18@nanov2_allocate_from_block$VARIANT$mp
call: Aweme!0x3e519f0 Aweme!0x3e51534@0x3e51534
call: Aweme!0x3e51544 Aweme!0x3e520e0@0x3e520e0
call: Aweme!0x3e518f4 Aweme!0x3e716f0@0x3e716f0
call: Aweme!0x3ecb6bc Aweme!0x3ecb9bc@0x3ecb9bc
call: Aweme!0x3ecb64c Aweme!0x3e5bd68@0x3e5bd68
call: Aweme!0x3e5bd80 Aweme!0x3e58b14@0x3e58b14
call: Aweme!0x3e58af4 Aweme!0x3e58a74@0x3e58a74
call: Aweme!0x3e58afc Aweme!0x775e78c@DYLD-STUB$$pthread_mutex_lock
call: Aweme!0x3e5bd8c Aweme!0x3e58b58@0x3e58b58
call: Aweme!0x3e58b3c Aweme!0x3e58a74@0x3e58a74
call: Aweme!0x3e58b44 Aweme!0x775e7a4@DYLD-STUB$$pthread_mutex_unlock
call: Aweme!0x3ecb654 Aweme!0x3ecb9dc@0x3ecb9dc
call: libc++abi.dylib!0xee0 libc++abi.dylib!0x10e54@DYLD-STUB$$malloc
call: libsystem_malloc.dylib!0x10160 libsystem_malloc.dylib!0xf6b8@malloc_zone_malloc
call: libsystem_malloc.dylib!0xf750 libsystem_malloc.dylib!0x11d64@default_zone_malloc
call: libsystem_malloc.dylib!0xecc libsystem_malloc.dylib!0xf20@nanov2_allocate$VARIANT$mp
call: libsystem_malloc.dylib!0xf98 libsystem_malloc.dylib!0x1b18@nanov2_allocate_from_block$VARIANT$mp
call: Aweme!0x3ecb660 Aweme!0x775e39c@DYLD-STUB$$objc_retainAutorelease
call: libobjc.A.dylib!0x218c4 libobjc.A.dylib!0x20010@objc_retain
call: CoreFoundation!0x6bec CoreFoundation!0xaae2c@_CFNonObjCRetain
call: Aweme!0x3ecb668 Aweme!0x3ecb9e4@0x3ecb9e4
call: CoreFoundation!0x6980 CoreFoundation!0xc7c40@__CFStringMtbl
call: CoreFoundation!0x69b4 CoreFoundation!0xcf3e4@CFStringGetCStringPtr
call: Aweme!0x3ecb674 Aweme!0x3eca930@0x3eca930
call: Aweme!0x3eca8d4 Aweme!0x3ecb180@0x3ecb180
call: Aweme!0x3eca8e8 Aweme!0x775dfd0@DYLD-STUB$$malloc
call: libsystem_malloc.dylib!0x10160 libsystem_malloc.dylib!0xf6b8@malloc_zone_malloc
call: libsystem_malloc.dylib!0xf750 libsystem_malloc.dylib!0x11d64@default_zone_malloc
call: libsystem_malloc.dylib!0xecc libsystem_malloc.dylib!0xf20@nanov2_allocate$VARIANT$mp
call: libsystem_malloc.dylib!0xf98 libsystem_malloc.dylib!0x1b18@nanov2_allocate_from_block$VARIANT$mp
call: Aweme!0x3eca8f4 Aweme!0x3ecb2a0@0x3ecb2a0
call: Aweme!0x3ecb678 Aweme!0x3ecb9dc@0x3ecb9dc
call: libc++abi.dylib!0xee0 libc++abi.dylib!0x10e54@DYLD-STUB$$malloc
call: libsystem_malloc.dylib!0x10160 libsystem_malloc.dylib!0xf6b8@malloc_zone_malloc
call: libsystem_malloc.dylib!0xf750 libsystem_malloc.dylib!0x11d64@default_zone_malloc
call: libsystem_malloc.dylib!0xecc libsystem_malloc.dylib!0xf20@nanov2_allocate$VARIANT$mp
call: libsystem_malloc.dylib!0xf98 libsystem_malloc.dylib!0x1b18@nanov2_allocate_from_block$VARIANT$mp
call: Aweme!0x3ecb68c Aweme!0x775e348@DYLD-STUB$$objc_msgSend
call: CoreFoundation!0x463c libobjc.A.dylib!0x2080@objc_msgSend
call: Aweme!0x3ecb690 Aweme!0x3ecb9c4@0x3ecb9c4
call: CoreFoundation!0x6bec CoreFoundation!0xaae2c@_CFNonObjCRetain
call: Aweme!0x3ecb694 Aweme!0x775e39c@DYLD-STUB$$objc_retainAutorelease
call: libobjc.A.dylib!0x218c4 libobjc.A.dylib!0x20010@objc_retain
call: CoreFoundation!0x6bec CoreFoundation!0xaae2c@_CFNonObjCRetain
call: Aweme!0x3ecb69c Aweme!0x3ecb9e4@0x3ecb9e4
call: CoreFoundation!0x6980 CoreFoundation!0xc7c40@__CFStringMtbl
call: CoreFoundation!0x69b4 CoreFoundation!0xcf3e4@CFStringGetCStringPtr
call: Aweme!0x3ecb6a8 Aweme!0x3eca930@0x3eca930
call: Aweme!0x3eca8d4 Aweme!0x3ecb180@0x3ecb180
call: Aweme!0x3eca8e8 Aweme!0x775dfd0@DYLD-STUB$$malloc
call: libsystem_malloc.dylib!0x10160 libsystem_malloc.dylib!0xf6b8@malloc_zone_malloc
call: libsystem_malloc.dylib!0xf750 libsystem_malloc.dylib!0x11d64@default_zone_malloc
call: libsystem_malloc.dylib!0xecc libsystem_malloc.dylib!0xf20@nanov2_allocate$VARIANT$mp
call: libsystem_malloc.dylib!0xf98 libsystem_malloc.dylib!0x1b18@nanov2_allocate_from_block$VARIANT$mp
call: Aweme!0x3eca8f4 Aweme!0x3ecb2a0@0x3ecb2a0
call: Aweme!0x3ecb6b8 Aweme!0x3e86920@0x3e86920
call: Aweme!0x3e8694c Aweme!0x3ed9ea8@0x3ed9ea8
call: Aweme!0x3e51de4 Aweme!0x3e5208c@0x3e5208c
call: Aweme!0x3e51dec Aweme!0x3e57ef4@0x3e57ef4
call: Aweme!0x3e51e10 Aweme!0x3e52080@0x3e52080
call: Aweme!0x3e8695c Aweme!0x3ed9ddc@0x3ed9ddc
call: Aweme!0x3e86970 Aweme!0x3e51f88@0x3e51f88
call: Aweme!0x3e86980 Aweme!0x3e868c8@0x3e868c8
call: Aweme!0x3e868e0 Aweme!0x775c5d8@DYLD-STUB$$operator new(unsigned long)
call: libc++abi.dylib!0xee0 libc++abi.dylib!0x10e54@DYLD-STUB$$malloc
call: libsystem_malloc.dylib!0x10160 libsystem_malloc.dylib!0xf6b8@malloc_zone_malloc
call: libsystem_malloc.dylib!0xf750 libsystem_malloc.dylib!0x11d64@default_zone_malloc
call: libsystem_malloc.dylib!0xecc libsystem_malloc.dylib!0xf20@nanov2_allocate$VARIANT$mp
call: libsystem_malloc.dylib!0xf98 libsystem_malloc.dylib!0x1b18@nanov2_allocate_from_block$VARIANT$mp
call: Aweme!0x3e86990 Aweme!0x3ed9e90@0x3ed9e90
call: Aweme!0x3e51828 Aweme!0x3e52134@0x3e52134
call: Aweme!0x3e51838 Aweme!0x3e5205c@0x3e5205c
call: Aweme!0x3e51844 Aweme!0x3e57ef4@0x3e57ef4
call: Aweme!0x3e518a8 Aweme!0x3e5205c@0x3e5205c
call: Aweme!0x3e518b4 Aweme!0x3e52134@0x3e52134
call: Aweme!0x3e518c0 Aweme!0x3e57ef4@0x3e57ef4
call: Aweme!0x3e518e8 Aweme!0x3e51918@0x3e51918
call: Aweme!0x3e5195c Aweme!0x3e523fc@0x3e523fc
call: Aweme!0x3e51970 Aweme!0x3e523fc@0x3e523fc
call: Aweme!0x3e51974 Aweme!0x3e52044@0x3e52044
call: Aweme!0x3e5197c Aweme!0x3e51ed8@0x3e51ed8
call: Aweme!0x3e51ee4 Aweme!0x3ea61ec@0x3ea61ec
call: libsystem_malloc.dylib!0x10160 libsystem_malloc.dylib!0xf6b8@malloc_zone_malloc
call: libsystem_malloc.dylib!0xf750 libsystem_malloc.dylib!0x11d64@default_zone_malloc
call: libsystem_malloc.dylib!0xecc libsystem_malloc.dylib!0xf20@nanov2_allocate$VARIANT$mp
call: libsystem_malloc.dylib!0xf98 libsystem_malloc.dylib!0x1b18@nanov2_allocate_from_block$VARIANT$mp
call: Aweme!0x3e519f0 Aweme!0x3e51534@0x3e51534
call: Aweme!0x3e51544 Aweme!0x3e520e0@0x3e520e0
call: Aweme!0x3e518f4 Aweme!0x3e716f0@0x3e716f0
call: Aweme!0x3ecb6bc Aweme!0x3ecb9bc@0x3ecb9bc
call: Aweme!0x3ecb64c Aweme!0x3e5bd68@0x3e5bd68
call: Aweme!0x3e5bd80 Aweme!0x3e58b14@0x3e58b14
call: Aweme!0x3e58af4 Aweme!0x3e58a74@0x3e58a74
call: Aweme!0x3e58afc Aweme!0x775e78c@DYLD-STUB$$pthread_mutex_lock
call: Aweme!0x3e5bd8c Aweme!0x3e58b58@0x3e58b58
call: Aweme!0x3e58b3c Aweme!0x3e58a74@0x3e58a74
call: Aweme!0x3e58b44 Aweme!0x775e7a4@DYLD-STUB$$pthread_mutex_unlock
call: Aweme!0x3ecb654 Aweme!0x3ecb9dc@0x3ecb9dc
call: libc++abi.dylib!0xee0 libc++abi.dylib!0x10e54@DYLD-STUB$$malloc
call: libsystem_malloc.dylib!0x10160 libsystem_malloc.dylib!0xf6b8@malloc_zone_malloc
call: libsystem_malloc.dylib!0xf750 libsystem_malloc.dylib!0x11d64@default_zone_malloc
call: libsystem_malloc.dylib!0xecc libsystem_malloc.dylib!0xf20@nanov2_allocate$VARIANT$mp
call: libsystem_malloc.dylib!0xf98 libsystem_malloc.dylib!0x1b18@nanov2_allocate_from_block$VARIANT$mp
call: Aweme!0x3ecb660 Aweme!0x775e39c@DYLD-STUB$$objc_retainAutorelease
call: libobjc.A.dylib!0x218c4 libobjc.A.dylib!0x20010@objc_retain
call: CoreFoundation!0x6bec CoreFoundation!0xaae2c@_CFNonObjCRetain
call: Aweme!0x3ecb668 Aweme!0x3ecb9e4@0x3ecb9e4
call: CoreFoundation!0x6980 CoreFoundation!0xc7c40@__CFStringMtbl
call: CoreFoundation!0x69b4 CoreFoundation!0xcf3e4@CFStringGetCStringPtr
call: Aweme!0x3ecb674 Aweme!0x3eca930@0x3eca930
call: Aweme!0x3eca8d4 Aweme!0x3ecb180@0x3ecb180
call: Aweme!0x3eca8e8 Aweme!0x775dfd0@DYLD-STUB$$malloc
call: libsystem_malloc.dylib!0x10160 libsystem_malloc.dylib!0xf6b8@malloc_zone_malloc
call: libsystem_malloc.dylib!0xf750 libsystem_malloc.dylib!0x11d64@default_zone_malloc
call: libsystem_malloc.dylib!0xecc libsystem_malloc.dylib!0xf20@nanov2_allocate$VARIANT$mp
call: libsystem_malloc.dylib!0xf98 libsystem_malloc.dylib!0x1b18@nanov2_allocate_from_block$VARIANT$mp
call: Aweme!0x3eca8f4 Aweme!0x3ecb2a0@0x3ecb2a0
call: Aweme!0x3ecb678 Aweme!0x3ecb9dc@0x3ecb9dc
call: libc++abi.dylib!0xee0 libc++abi.dylib!0x10e54@DYLD-STUB$$malloc
call: libsystem_malloc.dylib!0x10160 libsystem_malloc.dylib!0xf6b8@malloc_zone_malloc
call: libsystem_malloc.dylib!0xf750 libsystem_malloc.dylib!0x11d64@default_zone_malloc
call: libsystem_malloc.dylib!0xecc libsystem_malloc.dylib!0xf20@nanov2_allocate$VARIANT$mp
call: libsystem_malloc.dylib!0xf98 libsystem_malloc.dylib!0x1b18@nanov2_allocate_from_block$VARIANT$mp
call: Aweme!0x3ecb68c Aweme!0x775e348@DYLD-STUB$$objc_msgSend
call: CoreFoundation!0x463c libobjc.A.dylib!0x2080@objc_msgSend
call: Aweme!0x3ecb690 Aweme!0x3ecb9c4@0x3ecb9c4
call: CoreFoundation!0x6bec CoreFoundation!0xaae2c@_CFNonObjCRetain
call: Aweme!0x3ecb694 Aweme!0x775e39c@DYLD-STUB$$objc_retainAutorelease
call: libobjc.A.dylib!0x218c4 libobjc.A.dylib!0x20010@objc_retain
call: CoreFoundation!0x6bec CoreFoundation!0xaae2c@_CFNonObjCRetain
call: Aweme!0x3ecb69c Aweme!0x3ecb9e4@0x3ecb9e4
call: CoreFoundation!0x6980 CoreFoundation!0xc7c40@__CFStringMtbl
call: CoreFoundation!0x69b4 CoreFoundation!0xcf3e4@CFStringGetCStringPtr
call: Aweme!0x3ecb6a8 Aweme!0x3eca930@0x3eca930
call: Aweme!0x3eca8d4 Aweme!0x3ecb180@0x3ecb180
call: Aweme!0x3eca8e8 Aweme!0x775dfd0@DYLD-STUB$$malloc
call: libsystem_malloc.dylib!0x10160 libsystem_malloc.dylib!0xf6b8@malloc_zone_malloc
call: libsystem_malloc.dylib!0xf750 libsystem_malloc.dylib!0x11d64@default_zone_malloc
call: libsystem_malloc.dylib!0xecc libsystem_malloc.dylib!0xf20@nanov2_allocate$VARIANT$mp
call: libsystem_malloc.dylib!0xf98 libsystem_malloc.dylib!0x1b18@nanov2_allocate_from_block$VARIANT$mp
call: Aweme!0x3eca8f4 Aweme!0x3ecb2a0@0x3ecb2a0
call: Aweme!0x3ecb6b8 Aweme!0x3e86920@0x3e86920
call: Aweme!0x3e8694c Aweme!0x3ed9ea8@0x3ed9ea8
call: Aweme!0x3e51de4 Aweme!0x3e5208c@0x3e5208c
call: Aweme!0x3e51dec Aweme!0x3e57ef4@0x3e57ef4
call: Aweme!0x3e51e10 Aweme!0x3e52080@0x3e52080
call: Aweme!0x3e51e30 Aweme!0x3e523fc@0x3e523fc
call: Aweme!0x3e51e3c Aweme!0x3e57ef4@0x3e57ef4
call: Aweme!0x3e8695c Aweme!0x3ed9ddc@0x3ed9ddc
call: Aweme!0x3e86970 Aweme!0x3e51f88@0x3e51f88
call: Aweme!0x3e86980 Aweme!0x3e868c8@0x3e868c8
call: Aweme!0x3e868e0 Aweme!0x775c5d8@DYLD-STUB$$operator new(unsigned long)
call: libc++abi.dylib!0xee0 libc++abi.dylib!0x10e54@DYLD-STUB$$malloc
call: libsystem_malloc.dylib!0x10160 libsystem_malloc.dylib!0xf6b8@malloc_zone_malloc
call: libsystem_malloc.dylib!0xf750 libsystem_malloc.dylib!0x11d64@default_zone_malloc
call: libsystem_malloc.dylib!0xecc libsystem_malloc.dylib!0xf20@nanov2_allocate$VARIANT$mp
call: libsystem_malloc.dylib!0xf98 libsystem_malloc.dylib!0x1b18@nanov2_allocate_from_block$VARIANT$mp
call: Aweme!0x3e86990 Aweme!0x3ed9e90@0x3ed9e90
call: Aweme!0x3e51828 Aweme!0x3e52134@0x3e52134
call: Aweme!0x3e51838 Aweme!0x3e5205c@0x3e5205c
call: Aweme!0x3e51844 Aweme!0x3e57ef4@0x3e57ef4
call: Aweme!0x3e51884 Aweme!0x3e52080@0x3e52080
call: Aweme!0x3e518e8 Aweme!0x3e51918@0x3e51918
call: Aweme!0x3e5195c Aweme!0x3e523fc@0x3e523fc
call: Aweme!0x3e51970 Aweme!0x3e523fc@0x3e523fc
call: Aweme!0x3e51974 Aweme!0x3e52044@0x3e52044
call: Aweme!0x3e519a0 Aweme!0x3e51ed8@0x3e51ed8
call: Aweme!0x3e51ee4 Aweme!0x3ea61ec@0x3ea61ec
call: libsystem_malloc.dylib!0x10160 libsystem_malloc.dylib!0xf6b8@malloc_zone_malloc
call: libsystem_malloc.dylib!0xf750 libsystem_malloc.dylib!0x11d64@default_zone_malloc
call: libsystem_malloc.dylib!0xecc libsystem_malloc.dylib!0xf20@nanov2_allocate$VARIANT$mp
call: libsystem_malloc.dylib!0xf98 libsystem_malloc.dylib!0x1b18@nanov2_allocate_from_block$VARIANT$mp
call: Aweme!0x3e519f0 Aweme!0x3e51534@0x3e51534
call: Aweme!0x3e51544 Aweme!0x3e520e0@0x3e520e0
call: Aweme!0x3e518f4 Aweme!0x3e716f0@0x3e716f0
call: Aweme!0x3ecb6bc Aweme!0x3ecb9bc@0x3ecb9bc
call: Aweme!0x3ecb6e0 Aweme!0x775e348@DYLD-STUB$$objc_msgSend
call: Aweme!0x3ecb6ec Aweme!0x3ecb9d4@0x3ecb9d4
call: Aweme!0x3ecb700 Aweme!0x3ed67d0@0x3ed67d0
call: Aweme!0x3ed67ec Aweme!0x3e58b14@0x3e58b14
call: Aweme!0x3e58af4 Aweme!0x3e58a74@0x3e58a74
call: Aweme!0x3e58afc Aweme!0x775e78c@DYLD-STUB$$pthread_mutex_lock
call: Aweme!0x3ed6814 Aweme!0x3e58b58@0x3e58b58
call: Aweme!0x3e58b3c Aweme!0x3e58a74@0x3e58a74
call: Aweme!0x3e58b44 Aweme!0x775e7a4@DYLD-STUB$$pthread_mutex_unlock
call: Aweme!0x3ecb70c Aweme!0x3eca540@0x3eca540
call: Aweme!0x3eca55c Aweme!0x3e58b14@0x3e58b14
call: Aweme!0x3e58af4 Aweme!0x3e58a74@0x3e58a74
call: Aweme!0x3e58afc Aweme!0x775e78c@DYLD-STUB$$pthread_mutex_lock
call: Aweme!0x3eca584 Aweme!0x3e58b58@0x3e58b58
call: Aweme!0x3e58b3c Aweme!0x3e58a74@0x3e58a74
call: Aweme!0x3e58b44 Aweme!0x775e7a4@DYLD-STUB$$pthread_mutex_unlock
call: Aweme!0x3ecb724 Aweme!0x3ec92dc@0x3ec92dc
call: Aweme!0x3ec9320 Aweme!0x775e804@DYLD-STUB$$pthread_rwlock_rdlock
call: Aweme!0x3ec933c Aweme!0x3ec9348@0x3ec9348
call: Aweme!0x3ec9374 Aweme!0x3ec9348@0x3ec9348
call: Aweme!0x3ec939c Aweme!0x3e808c8@0x3e808c8
call: Aweme!0x3e808e4 Aweme!0x3e58b14@0x3e58b14
call: Aweme!0x3e58af4 Aweme!0x3e58a74@0x3e58a74
call: Aweme!0x3e58afc Aweme!0x775e78c@DYLD-STUB$$pthread_mutex_lock
call: Aweme!0x3e808f0 Aweme!0x775c5d8@DYLD-STUB$$operator new(unsigned long)
call: libc++abi.dylib!0xee0 libc++abi.dylib!0x10e54@DYLD-STUB$$malloc
call: libsystem_malloc.dylib!0x10160 libsystem_malloc.dylib!0xf6b8@malloc_zone_malloc
call: libsystem_malloc.dylib!0xf750 libsystem_malloc.dylib!0x11d64@default_zone_malloc
call: libsystem_malloc.dylib!0xecc libsystem_malloc.dylib!0xf20@nanov2_allocate$VARIANT$mp
call: libsystem_malloc.dylib!0xf98 libsystem_malloc.dylib!0x1b18@nanov2_allocate_from_block$VARIANT$mp
call: Aweme!0x3e80904 Aweme!0x3e58b58@0x3e58b58
call: Aweme!0x3e58b3c Aweme!0x3e58a74@0x3e58a74
call: Aweme!0x3e58b44 Aweme!0x775e7a4@DYLD-STUB$$pthread_mutex_unlock
call: Aweme!0x3ec93a4 Aweme!0x3eca604@0x3eca604
call: Aweme!0x3ec91ec Aweme!0x3e58b14@0x3e58b14
call: Aweme!0x3e58af4 Aweme!0x3e58a74@0x3e58a74
call: Aweme!0x3e58afc Aweme!0x775e78c@DYLD-STUB$$pthread_mutex_lock
call: Aweme!0x3ec91f8 Aweme!0x3e58b58@0x3e58b58
call: Aweme!0x3e58b3c Aweme!0x3e58a74@0x3e58a74
call: Aweme!0x3e58b44 Aweme!0x775e7a4@DYLD-STUB$$pthread_mutex_unlock
call: Aweme!0x3ec93a8 Aweme!0x3e86fd4@0x3e86fd4
call: Aweme!0x3ec93b0 Aweme!0x3eca604@0x3eca604
call: Aweme!0x3ec91ec Aweme!0x3e58b14@0x3e58b14
call: Aweme!0x3e58af4 Aweme!0x3e58a74@0x3e58a74
call: Aweme!0x3e58afc Aweme!0x775e78c@DYLD-STUB$$pthread_mutex_lock
call: Aweme!0x3ec91f8 Aweme!0x3e58b58@0x3e58b58
call: Aweme!0x3e58b3c Aweme!0x3e58a74@0x3e58a74
call: Aweme!0x3e58b44 Aweme!0x775e7a4@DYLD-STUB$$pthread_mutex_unlock
call: Aweme!0x3ec93b4 Aweme!0x3e86fcc@0x3e86fcc
call: Aweme!0x3ec93c8 Aweme!0x3e51f88@0x3e51f88
call: Aweme!0x3ec93d0 Aweme!0x3eca604@0x3eca604
call: Aweme!0x3ec91ec Aweme!0x3e58b14@0x3e58b14
call: Aweme!0x3e58af4 Aweme!0x3e58a74@0x3e58a74
call: Aweme!0x3e58afc Aweme!0x775e78c@DYLD-STUB$$pthread_mutex_lock
call: Aweme!0x3ec91f8 Aweme!0x3e58b58@0x3e58b58
call: Aweme!0x3e58b3c Aweme!0x3e58a74@0x3e58a74
call: Aweme!0x3e58b44 Aweme!0x775e7a4@DYLD-STUB$$pthread_mutex_unlock
call: Aweme!0x3ec93d8 Aweme!0x3e86fdc@0x3e86fdc
call: Aweme!0x3e86fe8 Aweme!0x3e872b0@0x3e872b0
call: Aweme!0x3ec93f0 Aweme!0x3ed67d0@0x3ed67d0
call: Aweme!0x3ed67ec Aweme!0x3e58b14@0x3e58b14
call: Aweme!0x3e58af4 Aweme!0x3e58a74@0x3e58a74
call: Aweme!0x3e58afc Aweme!0x775e78c@DYLD-STUB$$pthread_mutex_lock
call: Aweme!0x3ed6814 Aweme!0x3e58b58@0x3e58b58
call: Aweme!0x3e58b3c Aweme!0x3e58a74@0x3e58a74
call: Aweme!0x3e58b44 Aweme!0x775e7a4@DYLD-STUB$$pthread_mutex_unlock
call: Aweme!0x3ec93fc Aweme!0x3eca540@0x3eca540
call: Aweme!0x3eca55c Aweme!0x3e58b14@0x3e58b14
call: Aweme!0x3e58af4 Aweme!0x3e58a74@0x3e58a74
call: Aweme!0x3e58afc Aweme!0x775e78c@DYLD-STUB$$pthread_mutex_lock
call: Aweme!0x3eca584 Aweme!0x3e58b58@0x3e58b58
call: Aweme!0x3e58b3c Aweme!0x3e58a74@0x3e58a74
