AwemeModuleBase:0x1085434f0
arg1 https://search3-search-lf.amemv.com/aweme/v1/search/item/?caid1=0803bffc8815b9f02c08f48f95c1008c&tma_jssdk_version=2.1.0.2&minor_status=0&ac=WIFI&appTheme=dark&is_vcd=1&keyword=%E7%8E%8B%E4%B8%80%E5%8D%9A&video_cover_shrink=372_496&enter_from=homepage_hot&sort_type=0&backtrace=M7U2PfbCPC7qlX46ow2D73foIbuD7zG%2BTODCT48wHI74oC1dlQVm4omXMt%2BkHUSKjMf5EJvWyjt3jVKDb%2FBylQ%3D%3D&count=12&is_filter_search=0&user_avatar_shrink=64_64&source=video_search&query_correct_type=1&rs_word_count=5&offset=0&search_source=normal_search&publish_time=0&hot_search=0&aid=1128&app_name=aweme&app_version=14.8.0&build_number=148013&cdid=FEDA96DE-E849-4E15-99C9-66CD61F50ADD&channel=App%20Store&device_id=4169787388733342&device_platform=iphone&device_type=iPhone9,1&idfa=322127EF-8E4E-48E9-98E0-99ACBDC85525&iid=2955926580500413&js_sdk_version=1.99.0.3&mcc_mnc=&openudid=a4cb7b4ade7c5e8e6c90cf8f892aafe6c64c73d1&os_api=18&os_version=13.3.1&screen_width=750&version_code=14.8.0&vid=25AD3C98-7CA5-4B2E-9B39-9BAEFC31BBD2
arg2 {
    "User-Agent" = "Aweme 14.8.0 rv:148013 (iPhone; iOS 13.3.1; zh_CN) Cronet";
    "x-common-params-v2" = "aid=1128&app_name=aweme&app_version=14.8.0&build_number=148013&cdid=FEDA96DE-E849-4E15-99C9-66CD61F50ADD&channel=App%20Store&device_id=4169787388733342&device_platform=iphone&device_type=iPhone9,1&idfa=322127EF-8E4E-48E9-98E0-99ACBDC85525&iid=2955926580500413&js_sdk_version=1.99.0.3&mcc_mnc=&openudid=a4cb7b4ade7c5e8e6c90cf8f892aafe6c64c73d1&os_api=18&os_version=13.3.1&screen_width=750&version_code=14.8.0&vid=25AD3C98-7CA5-4B2E-9B39-9BAEFC31BBD2";
    "x-tt-token" = "003c4774314c4f83d0177a0ae886f5a6f50056cb8fc53fa60c3b0bf88596c762fc922f46798e27276d911e99fde0203a46a8df6837c3279998eaaccf63df5e59c34fb9458bd8d9b17fd1ecf392c2a6fc08649f8411f4295761fc95f3fe46affde27ce-1.0.1";
}
call Aweme!0x3ed3238
,	Aweme!0x3ed3238 this.args0 0x1 0x1

,	Aweme!0x3ed3238 this.args1 0x5e 0x5e

,	Aweme!0x3ed3238 this.args2 0x8c 0x8c

,	Aweme!0x3ed3238 this.args3 0x3a 0x3a

,	Aweme!0x3ed3238 this.args4 0xc085 0xc085

,	Aweme!0x3ed3238 this.args0 onLeave 0x1 0x1

,	Aweme!0x3ed3238 this.args1 onLeave 0x5e 0x5e

,	Aweme!0x3ed3238 this.args2 onLeave 0x8c 0x8c

,	Aweme!0x3ed3238 this.args3 onLeave 0x3a 0x3a

,	Aweme!0x3ed3238 this.args4 onLeave 0xc085 0xc085

,retval onLeave: 0x280e8bea0             0  1  2  3  4  5  6  7  8  9  A  B  C  D  E  F  0123456789ABCDEF
280e8bea0  68 62 21 0c 01 00 00 00 20 00 00 00 1a 00 00 00  hb!..... .......
280e8beb0  20 b9 e8 80 02 00 00 00 66 69 6c 6d 00 00 00 00   .......film....
280e8bec0  c0 be 91 58 c8 f9 00 00 f4 01 00 00 00 00 00 00  ...X............
280e8bed0  00 00 00 00 00 00 00 00 00 00 00 00 00 00 00 00  ................
280e8bee0  e0 be 91 58 c8 f9 00 00 e4 01 00 00 fb 1c d8 41  ...X...........A
280e8bef0  00 00 00 00 00 00 00 00 00 00 00 00 00 00 00 00  ................
280e8bf00  00 03 03 03 03 03 03 03 03 03 03 03 03 03 03 03  ................
280e8bf10  03 03 04 6e 74 65 6e 74 2d 6c 65 6e 67 74 68 00  ...ntent-length.
280e8bf20  20 bf 91 58 c8 f9 00 00 ee 01 00 00 00 00 00 00   ..X............
280e8bf30  0b 4d 50 45 47 2d 34 2d 66 69 6c 6d 00 00 00 00  .MPEG-4-film....
280e8bf40  40 bf 91 58 c8 f9 00 00 e8 01 00 00 65 2c 20 62  @..X........e, b
280e8bf50  72 00 00 00 00 00 00 00 00 00 00 00 00 00 00 00  r...............
280e8bf60  60 bf 91 58 c8 f9 00 00 df 01 00 00 fb 1c d8 41  `..X...........A
280e8bf70  00 00 00 00 00 00 00 00 00 00 00 00 00 00 00 00  ................
280e8bf80  80 bf 91 58 c8 f9 00 00 d1 01 00 00 00 00 00 00  ...X............
280e8bf90  0c 4d 50 45 47 2d 34 20 6d 6f 76 69 65 00 00 00  .MPEG-4 movie...
280e8bfa0  71 33 aa e5 a1 01 00 00 02 00 00 00 00 00 00 00  q3..............
280e8bfb0  b0 3c a7 da 01 00 00 00 d0 3c a7 da 01 00 00 00  .<.......<......
280e8bfc0  c0 bf 91 58 c8 f9 00 00 e7 01 00 00 23 ff ff ff  ...X........#...
280e8bfd0  00 00 00 00 00 00 00 00 00 00 00 00 00 00 00 00  ................
280e8bfe0  91 31 aa e5 a1 01 00 00 20 cd 40 82 02 00 00 00  .1...... .@.....
280e8bff0  02 00 00 80 04 00 00 08 d0 8b db 80 02 00 00 00  ................
280e8c000  00 c0 91 58 c8 f9 00 00 fb 07 00 00 00 00 00 00  ...X............
280e8c010  c0 bf e8 80 02 00 00 00 e0 bf e8 80 02 00 00 00  ................
280e8c020  20 c0 91 58 c8 f9 00 00 01 00 60 00 00 00 00 00   ..X......`.....
280e8c030  79 e9 26 31 08 2c 10 c0 00 00 00 00 00 00 00 00  y.&1.,..........
280e8c040  40 c0 91 58 c8 f9 00 00 02 00 60 00 00 00 00 00  @..X......`.....
280e8c050  cf f7 53 e3 a5 9b f6 3f 00 00 00 00 00 00 00 00  ..S....?........
280e8c060  60 c0 91 58 c8 f9 00 00 03 00 00 00 00 00 00 00  `..X............
280e8c070  20 c0 e8 80 02 00 00 00 40 c0 e8 80 02 00 00 00   .......@.......
280e8c080  80 c0 91 58 c8 f9 00 00 04 00 60 00 00 00 00 00  ...X......`.....
280e8c090  37 89 41 60 e5 d0 da bf 00 00 00 00 00 00 00 00  7.A`............
280e8c0a0  a0 c0 91 58 c8 f9 00 00 05 00 60 00 00 00 00 00  ...X......`.....
280e8c0b0  06 81 95 43 8b 6c df bf 00 00 00 00 00 00 00 00  ...C.l..........
280e8c0c0  c0 c0 91 58 c8 f9 00 00 06 00 00 00 00 00 00 00  ...X............
280e8c0d0  80 c0 e8 80 02 00 00 00 a0 c0 e8 80 02 00 00 00  ................
280e8c0e0  e0 c0 91 58 c8 f9 00 00 07 00 60 00 00 00 00 00  ...X......`.....
280e8c0f0  f0 a7 c6 4b 37 89 e9 3f 00 00 00 00 00 00 00 00  ...K7..?........
280e8c100  00 c1 91 58 c8 f9 00 00 08 00 60 00 00 00 00 00  ...X......`.....
280e8c110  d5 78 e9 26 31 88 20 c0 00 00 00 00 00 00 00 00  .x.&1. .........
280e8c120  20 c1 91 58 c8 f9 00 00 09 00 00 00 00 00 00 00   ..X............
280e8c130  e0 c0 e8 80 02 00 00 00 00 c1 e8 80 02 00 00 00  ................
280e8c140  40 c1 91 58 c8 f9 00 00 0a 00 60 00 00 00 00 00  @..X......`.....
280e8c150  56 0e 2d b2 9d ef 08 c0 00 00 00 00 00 00 00 00  V.-.............
280e8c160  60 c1 91 58 c8 f9 00 00 0b 00 60 00 00 00 00 00  `..X......`.....
280e8c170  2b 87 16 d9 ce 37 27 c0 00 00 00 00 00 00 00 00  +....7'.........
280e8c180  80 c1 91 58 c8 f9 00 00 0c 00 00 00 00 00 00 00  ...X............
280e8c190  40 c1 e8 80 02 00 00 00 60 c1 e8 80 02 00 00 00  @.......`.......
280e8c1a0  a0 c1 91 58 c8 f9 00 00 0d 00 60 00 00 00 00 00  ...X......`.....
280e8c1b0  17 d9 ce f7 53 e3 02 40 00 00 00 00 00 00 00 00  ....S..@........
280e8c1c0  c0 c1 91 58 c8 f9 00 00 0e 00 60 00 00 00 00 00  ...X......`.....
280e8c1d0  df 4f 8d 97 6e 12 20 c0 00 00 00 00 00 00 00 00  .O..n. .........
280e8c1e0  e0 c1 91 58 c8 f9 00 00 0f 00 00 00 00 00 00 00  ...X............
280e8c1f0  a0 c1 e8 80 02 00 00 00 c0 c1 e8 80 02 00 00 00  ................
280e8c200  00 c2 91 58 c8 f9 00 00 10 00 60 00 00 00 00 00  ...X......`.....
280e8c210  4c 37 89 41 60 e5 0a 40 00 00 00 00 00 00 00 00  L7.A`..@........
280e8c220  20 c2 91 58 c8 f9 00 00 11 00 60 00 00 00 00 00   ..X......`.....
280e8c230  9e ef a7 c6 4b 37 ed bf 00 00 00 00 00 00 00 00  ....K7..........
280e8c240  40 c2 91 58 c8 f9 00 00 12 00 00 00 00 00 00 00  @..X............
280e8c250  00 c2 e8 80 02 00 00 00 20 c2 e8 80 02 00 00 00  ........ .......
280e8c260  60 c2 91 58 c8 f9 00 00 13 00 60 00 00 00 00 00  `..X......`.....
280e8c270  31 08 ac 1c 5a e4 1b 40 00 00 00 00 00 00 00 00  1...Z..@........
280e8c280  80 c2 91 58 c8 f9 00 00 14 00 60 00 00 00 00 00  ...X......`.....
280e8c290  b8 1e 85 eb 51 38 1a 40 00 00 00 00 00 00 00 00  ....Q8.@........

call Aweme!0x3ed3238
,	Aweme!0x3ed3238 this.args0 0x16dac6624 0x16dac6624

,	Aweme!0x3ed3238 this.args1 0x280e8b926             0  1  2  3  4  5  6  7  8  9  A  B  C  D  E  F  0123456789ABCDEF
280e8b926  00 00 00 00 00 00 00 00 00 00 00 00 00 00 00 00  ................
280e8b936  00 00 00 00 00 6d 00 00 00 00 29 a1 aa e5 a1 01  .....m....).....
280e8b946  00 00 e6 00 00 00 00 00 00 00 00 d2 1f 12 01 00  ................
280e8b956  00 00 f8 47 aa da 01 00 00 00 08 2a b0 11 01 00  ...G.......*....
280e8b966  00 00 e6 00 00 00 00 00 00 00 60 89 0b 83 02 00  ..........`.....
280e8b976  00 00 00 00 00 00 00 00 00 00 80 b9 91 58 c8 f9  .............X..
280e8b986  00 00 db 01 00 00 00 00 00 00 03 00 00 80 00 00  ................
280e8b996  00 00 00 00 00 00 00 00 00 00 a0 b9 91 58 c8 f9  .............X..
280e8b9a6  00 00 c7 01 00 00 00 00 00 00 00 00 00 00 00 00  ................
280e8b9b6  00 00 0c 00 00 00 00 00 00 00 c0 b9 91 58 c8 f9  .............X..
280e8b9c6  00 00 16 01 00 00 00 00 00 00 02 22 d5 98 52 4a  ..........."..RJ
280e8b9d6  cf d0 20 b6 e8 80 02 00 00 00 19 18 aa e5 a1 01  .. .............
280e8b9e6  00 00 8c 07 00 00 01 00 00 00 0c 73 65 6c 65 63  ...........selec
280e8b9f6  74 5f 74 69 6d 65 73 00 00 00 00 ba 91 58 c8 f9  t_times......X..
280e8ba06  00 00 c6 01 00 00 00 00 00 00 0c 4d 50 45 47 2d  ...........MPEG-
280e8ba16  34 20 6d 6f 76 69 65 00 00 00 20 ba 91 58 c8 f9  4 movie... ..X..
280e8ba26  00 00 dc 01 00 00 00 00 00 00 18 01 94 a4 52 00  ..............R.
280e8ba36  ff d2 1f 01 a4 e1 51 00 ff d2 00 03 03 03 03 03  ......Q.........
280e8ba46  03 03 03 03 03 03 03 03 03 03 03 03 04 72 65 71  .............req
280e8ba56  75 65 73 74 2d 69 70 00 00 00 e0 95 c5 82 02 00  uest-ip.........
280e8ba66  00 00 f0 ad c5 82 02 00 00 00 60 93 c5 82 02 00  ..........`.....
280e8ba76  00 00 00 00 00 00 00 00 00 00 80 ba 91 58 c8 f9  .............X..
280e8ba86  00 00 c2 01 60 00 00 00 00 00 0e 46 69 6c 6d 61  ....`......Filma
280e8ba96  74 6f 20 4d 50 45 47 2d 34 00 a0 ba 91 58 c8 f9  to MPEG-4....X..
280e8baa6  00 00 ed 01 00 00 00 00 00 00 0e 4d 50 45 47 2d  ...........MPEG-
280e8bab6  34 2d 65 6c 6f 6b 75 76 61 00 68 62 21 0c 01 00  4-elokuva.hb!...
280e8bac6  00 00 cc 00 00 00 cb 00 00 00 90 e4 48 83 02 00  ............H...
280e8bad6  00 00 6d 6f 76 69 65 00 00 00 71 33 aa e5 a1 01  ..movie...q3....
280e8bae6  00 00 02 00 00 00 00 00 00 00 b0 3c a7 da 01 00  ...........<....
280e8baf6  00 00 d0 3c a7 da 01 00 00 00 91 18 aa e5 a1 01  ...<............
280e8bb06  00 00 84 16 00 00 01 00 00 00 03 21 00 40 00 00  ...........!.@..
280e8bb16  00 00 00 00 00 00 00 00 00 00 7c a1 53 20 00 00  ..........|.S ..
280e8bb26  00 00 00 00 00 00 01 01 02 04 60 73 cb 60 00 2d  ..........`s.`.-
280e8bb36  34 2d 66 69 6c 6d 00 00 00 00 40 bb 91 58 c8 f9  4-film....@..X..
280e8bb46  00 00 05 01 ca 17 fb 1c d8 41 00 00 00 00 00 00  .........A......
280e8bb56  00 00 00 00 00 00 00 00 00 00 60 bb 91 58 c8 f9  ..........`..X..
280e8bb66  00 00 02 01 00 00 00 00 00 00 0b 46 69 6c 6d 20  ...........Film 
280e8bb76  4d 50 45 47 2d 34 00 00 00 00 80 bb 91 58 c8 f9  MPEG-4.......X..
280e8bb86  00 00 cd 01 18 82 02 00 00 00 80 4c 18 82 02 00  ...........L....
280e8bb96  00 00 00 4d 18 82 02 00 00 00 00 03 03 03 03 03  ...M............
280e8bba6  03 03 03 03 03 03 03 03 03 03 03 03 04 6e 74 65  .............nte
280e8bbb6  6e 74 2d 74 79 70 65 00 00 00 c0 bb 91 58 c8 f9  nt-type......X..
280e8bbc6  00 00 fd 00 00 00 00 00 00 00 00 00 00 00 00 00  ................
280e8bbd6  00 00 00 00 00 00 00 00 00 00 60 b6 f0 80 02 00  ..........`.....
280e8bbe6  00 00 3a f9 d6 66 f6 ac 76 d0 c8 e3 14 12 01 00  ..:..f..v.......
280e8bbf6  00 00 00 00 00 00 00 00 00 00 03 d8 aa e5 a1 01  ................
280e8bc06  00 00 f0 15 3a 80 02 00 00 00 30 2a d8 80 02 00  ....:.....0*....
280e8bc16  00 00 00 00 00 00 00 00 00 00 a0 6e fe 80 02 00  ...........n....
280e8bc26  00 00 04 9d f5 e8 a1 59 bb b6 30 e4 14 12 01 00  .......Y..0.....
280e8bc36  00 00 03 00 00 00 00 00 00 00 40 bc 91 58 c8 f9  ..........@..X..
280e8bc46  00 00 fb 01 00 00 00 00 00 00 00 00 00 00 00 00  ................
280e8bc56  00 00 00 00 00 00 00 00 00 00 60 bc 91 58 c8 f9  ..........`..X..
280e8bc66  00 00 fc 01 00 00 00 00 00 00 00 00 00 00 00 00  ................
280e8bc76  00 00 00 00 00 00 00 00 00 00 80 bc 91 58 c8 f9  .............X..
280e8bc86  00 00 c3 01 00 00 01 00 00 00 04 00 bb 01 00 00  ................
280e8bc96  00 00 00 00 00 00 00 00 00 00 a0 bc 91 58 c8 f9  .............X..
280e8bca6  00 00 e3 01 00 00 23 ff ff ff 00 00 00 00 00 00  ......#.........
280e8bcb6  00 00 00 00 00 00 00 00 00 00 c0 bc 91 58 c8 f9  .............X..
280e8bcc6  00 00 f7 01 00 00 00 00 00 00 00 00 00 00 00 00  ................
280e8bcd6  00 00 00 00 00 00 00 00 00 00 e0 bc 91 58 c8 f9  .............X..
280e8bce6  00 00 f0 01 00 00 00 00 00 00 00 00 00 00 00 00  ................
280e8bcf6  00 00 00 00 00 00 00 00 00 00 68 62 21 0c 01 00  ..........hb!...
280e8bd06  00 00 13 00 00 00 12 00 00 00 20 a2 e8 80 02 00  .......... .....
280e8bd16  00 00 6d 6f 76 69 65 00 00 00 20 bd 91 58 c8 f9  ..movie... ..X..

,	Aweme!0x3ed3238 this.args2 0x0 0x0

,	Aweme!0x3ed3238 this.args3 0x3a 0x3a

,	Aweme!0x3ed3238 this.args4 0xc085 0xc085

,	Aweme!0x3ed3238 this.args0 onLeave 0x16dac6624 0x16dac6624

,	Aweme!0x3ed3238 this.args1 onLeave 0x280e8b926             0  1  2  3  4  5  6  7  8  9  A  B  C  D  E  F  0123456789ABCDEF
280e8b926  00 00 00 00 00 00 00 00 00 00 00 00 00 00 00 00  ................
280e8b936  00 00 00 00 00 6d 00 00 00 00 29 a1 aa e5 a1 01  .....m....).....
280e8b946  00 00 e6 00 00 00 00 00 00 00 00 d2 1f 12 01 00  ................
280e8b956  00 00 f8 47 aa da 01 00 00 00 08 2a b0 11 01 00  ...G.......*....
280e8b966  00 00 e6 00 00 00 00 00 00 00 60 89 0b 83 02 00  ..........`.....
280e8b976  00 00 00 00 00 00 00 00 00 00 80 b9 91 58 c8 f9  .............X..
280e8b986  00 00 db 01 00 00 00 00 00 00 03 00 00 80 00 00  ................
280e8b996  00 00 00 00 00 00 00 00 00 00 a0 b9 91 58 c8 f9  .............X..
280e8b9a6  00 00 c7 01 00 00 00 00 00 00 00 00 00 00 00 00  ................
280e8b9b6  00 00 0c 00 00 00 00 00 00 00 c0 b9 91 58 c8 f9  .............X..
280e8b9c6  00 00 16 01 00 00 00 00 00 00 02 22 d5 98 52 4a  ..........."..RJ
280e8b9d6  cf d0 20 b6 e8 80 02 00 00 00 19 18 aa e5 a1 01  .. .............
280e8b9e6  00 00 8c 07 00 00 01 00 00 00 0c 73 65 6c 65 63  ...........selec
280e8b9f6  74 5f 74 69 6d 65 73 00 00 00 00 ba 91 58 c8 f9  t_times......X..
280e8ba06  00 00 c6 01 00 00 00 00 00 00 0c 4d 50 45 47 2d  ...........MPEG-
280e8ba16  34 20 6d 6f 76 69 65 00 00 00 20 ba 91 58 c8 f9  4 movie... ..X..
280e8ba26  00 00 dc 01 00 00 00 00 00 00 18 01 94 a4 52 00  ..............R.
280e8ba36  ff d2 1f 01 a4 e1 51 00 ff d2 00 03 03 03 03 03  ......Q.........
280e8ba46  03 03 03 03 03 03 03 03 03 03 03 03 04 72 65 71  .............req
280e8ba56  75 65 73 74 2d 69 70 00 00 00 e0 95 c5 82 02 00  uest-ip.........
280e8ba66  00 00 f0 ad c5 82 02 00 00 00 60 93 c5 82 02 00  ..........`.....
280e8ba76  00 00 00 00 00 00 00 00 00 00 80 ba 91 58 c8 f9  .............X..
280e8ba86  00 00 c2 01 60 00 00 00 00 00 0e 46 69 6c 6d 61  ....`......Filma
280e8ba96  74 6f 20 4d 50 45 47 2d 34 00 a0 ba 91 58 c8 f9  to MPEG-4....X..
280e8baa6  00 00 ed 01 00 00 00 00 00 00 0e 4d 50 45 47 2d  ...........MPEG-
280e8bab6  34 2d 65 6c 6f 6b 75 76 61 00 68 62 21 0c 01 00  4-elokuva.hb!...
280e8bac6  00 00 cc 00 00 00 cb 00 00 00 90 e4 48 83 02 00  ............H...
280e8bad6  00 00 6d 6f 76 69 65 00 00 00 71 33 aa e5 a1 01  ..movie...q3....
280e8bae6  00 00 02 00 00 00 00 00 00 00 b0 3c a7 da 01 00  ...........<....
280e8baf6  00 00 d0 3c a7 da 01 00 00 00 91 18 aa e5 a1 01  ...<............
280e8bb06  00 00 84 16 00 00 01 00 00 00 03 21 00 40 00 00  ...........!.@..
280e8bb16  00 00 00 00 00 00 00 00 00 00 7c a1 53 20 00 00  ..........|.S ..
280e8bb26  00 00 00 00 00 00 01 01 02 04 60 73 cb 60 00 2d  ..........`s.`.-
280e8bb36  34 2d 66 69 6c 6d 00 00 00 00 40 bb 91 58 c8 f9  4-film....@..X..
280e8bb46  00 00 05 01 ca 17 fb 1c d8 41 00 00 00 00 00 00  .........A......
280e8bb56  00 00 00 00 00 00 00 00 00 00 60 bb 91 58 c8 f9  ..........`..X..
280e8bb66  00 00 02 01 00 00 00 00 00 00 0b 46 69 6c 6d 20  ...........Film 
280e8bb76  4d 50 45 47 2d 34 00 00 00 00 80 bb 91 58 c8 f9  MPEG-4.......X..
280e8bb86  00 00 cd 01 18 82 02 00 00 00 80 4c 18 82 02 00  ...........L....
280e8bb96  00 00 00 4d 18 82 02 00 00 00 00 03 03 03 03 03  ...M............
280e8bba6  03 03 03 03 03 03 03 03 03 03 03 03 04 6e 74 65  .............nte
280e8bbb6  6e 74 2d 74 79 70 65 00 00 00 c0 bb 91 58 c8 f9  nt-type......X..
280e8bbc6  00 00 fd 00 00 00 00 00 00 00 00 00 00 00 00 00  ................
280e8bbd6  00 00 00 00 00 00 00 00 00 00 60 b6 f0 80 02 00  ..........`.....
280e8bbe6  00 00 3a f9 d6 66 f6 ac 76 d0 c8 e3 14 12 01 00  ..:..f..v.......
280e8bbf6  00 00 00 00 00 00 00 00 00 00 03 d8 aa e5 a1 01  ................
280e8bc06  00 00 f0 15 3a 80 02 00 00 00 30 2a d8 80 02 00  ....:.....0*....
280e8bc16  00 00 00 00 00 00 00 00 00 00 a0 6e fe 80 02 00  ...........n....
280e8bc26  00 00 04 9d f5 e8 a1 59 bb b6 30 e4 14 12 01 00  .......Y..0.....
280e8bc36  00 00 03 00 00 00 00 00 00 00 40 bc 91 58 c8 f9  ..........@..X..
280e8bc46  00 00 fb 01 00 00 00 00 00 00 00 00 00 00 00 00  ................
280e8bc56  00 00 00 00 00 00 00 00 00 00 60 bc 91 58 c8 f9  ..........`..X..
280e8bc66  00 00 fc 01 00 00 00 00 00 00 00 00 00 00 00 00  ................
280e8bc76  00 00 00 00 00 00 00 00 00 00 80 bc 91 58 c8 f9  .............X..
280e8bc86  00 00 c3 01 00 00 01 00 00 00 04 00 bb 01 00 00  ................
280e8bc96  00 00 00 00 00 00 00 00 00 00 a0 bc 91 58 c8 f9  .............X..
280e8bca6  00 00 e3 01 00 00 23 ff ff ff 00 00 00 00 00 00  ......#.........
280e8bcb6  00 00 00 00 00 00 00 00 00 00 c0 bc 91 58 c8 f9  .............X..
280e8bcc6  00 00 f7 01 00 00 00 00 00 00 00 00 00 00 00 00  ................
280e8bcd6  00 00 00 00 00 00 00 00 00 00 e0 bc 91 58 c8 f9  .............X..
280e8bce6  00 00 f0 01 00 00 00 00 00 00 00 00 00 00 00 00  ................
280e8bcf6  00 00 00 00 00 00 00 00 00 00 68 62 21 0c 01 00  ..........hb!...
280e8bd06  00 00 13 00 00 00 12 00 00 00 20 a2 e8 80 02 00  .......... .....
280e8bd16  00 00 6d 6f 76 69 65 00 00 00 20 bd 91 58 c8 f9  ..movie... ..X..

,	Aweme!0x3ed3238 this.args2 onLeave 0x0 0x0

,	Aweme!0x3ed3238 this.args3 onLeave 0x3a 0x3a

,	Aweme!0x3ed3238 this.args4 onLeave 0xc085 0xc085

,retval onLeave: 0x280e8bea0             0  1  2  3  4  5  6  7  8  9  A  B  C  D  E  F  0123456789ABCDEF
280e8bea0  68 62 21 0c 01 00 00 00 20 00 00 00 1a 00 00 00  hb!..... .......
280e8beb0  20 b9 e8 80 02 00 00 00 66 69 6c 6d 00 00 00 00   .......film....
280e8bec0  c0 be 91 58 c8 f9 00 00 f4 01 00 00 00 00 00 00  ...X............
280e8bed0  00 00 00 00 00 00 00 00 00 00 00 00 00 00 00 00  ................
280e8bee0  e0 be 91 58 c8 f9 00 00 e4 01 00 00 fb 1c d8 41  ...X...........A
280e8bef0  00 00 00 00 00 00 00 00 00 00 00 00 00 00 00 00  ................
280e8bf00  00 03 03 03 03 03 03 03 03 03 03 03 03 03 03 03  ................
280e8bf10  03 03 04 6e 74 65 6e 74 2d 6c 65 6e 67 74 68 00  ...ntent-length.
280e8bf20  20 bf 91 58 c8 f9 00 00 ee 01 00 00 00 00 00 00   ..X............
280e8bf30  0b 4d 50 45 47 2d 34 2d 66 69 6c 6d 00 00 00 00  .MPEG-4-film....
280e8bf40  40 bf 91 58 c8 f9 00 00 e8 01 00 00 65 2c 20 62  @..X........e, b
280e8bf50  72 00 00 00 00 00 00 00 00 00 00 00 00 00 00 00  r...............
280e8bf60  60 bf 91 58 c8 f9 00 00 df 01 00 00 fb 1c d8 41  `..X...........A
280e8bf70  00 00 00 00 00 00 00 00 00 00 00 00 00 00 00 00  ................
280e8bf80  80 bf 91 58 c8 f9 00 00 d1 01 00 00 00 00 00 00  ...X............
280e8bf90  0c 4d 50 45 47 2d 34 20 6d 6f 76 69 65 00 00 00  .MPEG-4 movie...
280e8bfa0  71 33 aa e5 a1 01 00 00 02 00 00 00 00 00 00 00  q3..............
280e8bfb0  b0 3c a7 da 01 00 00 00 d0 3c a7 da 01 00 00 00  .<.......<......
280e8bfc0  c0 bf 91 58 c8 f9 00 00 e7 01 00 00 23 ff ff ff  ...X........#...
280e8bfd0  00 00 00 00 00 00 00 00 00 00 00 00 00 00 00 00  ................
280e8bfe0  91 31 aa e5 a1 01 00 00 20 cd 40 82 02 00 00 00  .1...... .@.....
280e8bff0  02 00 00 80 04 00 00 08 d0 8b db 80 02 00 00 00  ................
280e8c000  00 c0 91 58 c8 f9 00 00 fb 07 00 00 00 00 00 00  ...X............
280e8c010  c0 bf e8 80 02 00 00 00 e0 bf e8 80 02 00 00 00  ................
280e8c020  20 c0 91 58 c8 f9 00 00 01 00 60 00 00 00 00 00   ..X......`.....
280e8c030  79 e9 26 31 08 2c 10 c0 00 00 00 00 00 00 00 00  y.&1.,..........
280e8c040  40 c0 91 58 c8 f9 00 00 02 00 60 00 00 00 00 00  @..X......`.....
280e8c050  cf f7 53 e3 a5 9b f6 3f 00 00 00 00 00 00 00 00  ..S....?........
280e8c060  60 c0 91 58 c8 f9 00 00 03 00 00 00 00 00 00 00  `..X............
280e8c070  20 c0 e8 80 02 00 00 00 40 c0 e8 80 02 00 00 00   .......@.......
280e8c080  80 c0 91 58 c8 f9 00 00 04 00 60 00 00 00 00 00  ...X......`.....
280e8c090  37 89 41 60 e5 d0 da bf 00 00 00 00 00 00 00 00  7.A`............
280e8c0a0  a0 c0 91 58 c8 f9 00 00 05 00 60 00 00 00 00 00  ...X......`.....
280e8c0b0  06 81 95 43 8b 6c df bf 00 00 00 00 00 00 00 00  ...C.l..........
280e8c0c0  c0 c0 91 58 c8 f9 00 00 06 00 00 00 00 00 00 00  ...X............
280e8c0d0  80 c0 e8 80 02 00 00 00 a0 c0 e8 80 02 00 00 00  ................
280e8c0e0  e0 c0 91 58 c8 f9 00 00 07 00 60 00 00 00 00 00  ...X......`.....
280e8c0f0  f0 a7 c6 4b 37 89 e9 3f 00 00 00 00 00 00 00 00  ...K7..?........
280e8c100  00 c1 91 58 c8 f9 00 00 08 00 60 00 00 00 00 00  ...X......`.....
280e8c110  d5 78 e9 26 31 88 20 c0 00 00 00 00 00 00 00 00  .x.&1. .........
280e8c120  20 c1 91 58 c8 f9 00 00 09 00 00 00 00 00 00 00   ..X............
280e8c130  e0 c0 e8 80 02 00 00 00 00 c1 e8 80 02 00 00 00  ................
280e8c140  40 c1 91 58 c8 f9 00 00 0a 00 60 00 00 00 00 00  @..X......`.....
280e8c150  56 0e 2d b2 9d ef 08 c0 00 00 00 00 00 00 00 00  V.-.............
280e8c160  60 c1 91 58 c8 f9 00 00 0b 00 60 00 00 00 00 00  `..X......`.....
280e8c170  2b 87 16 d9 ce 37 27 c0 00 00 00 00 00 00 00 00  +....7'.........
280e8c180  80 c1 91 58 c8 f9 00 00 0c 00 00 00 00 00 00 00  ...X............
280e8c190  40 c1 e8 80 02 00 00 00 60 c1 e8 80 02 00 00 00  @.......`.......
280e8c1a0  a0 c1 91 58 c8 f9 00 00 0d 00 60 00 00 00 00 00  ...X......`.....
280e8c1b0  17 d9 ce f7 53 e3 02 40 00 00 00 00 00 00 00 00  ....S..@........
280e8c1c0  c0 c1 91 58 c8 f9 00 00 0e 00 60 00 00 00 00 00  ...X......`.....
280e8c1d0  df 4f 8d 97 6e 12 20 c0 00 00 00 00 00 00 00 00  .O..n. .........
280e8c1e0  e0 c1 91 58 c8 f9 00 00 0f 00 00 00 00 00 00 00  ...X............
280e8c1f0  a0 c1 e8 80 02 00 00 00 c0 c1 e8 80 02 00 00 00  ................
280e8c200  00 c2 91 58 c8 f9 00 00 10 00 60 00 00 00 00 00  ...X......`.....
280e8c210  4c 37 89 41 60 e5 0a 40 00 00 00 00 00 00 00 00  L7.A`..@........
280e8c220  20 c2 91 58 c8 f9 00 00 11 00 60 00 00 00 00 00   ..X......`.....
280e8c230  9e ef a7 c6 4b 37 ed bf 00 00 00 00 00 00 00 00  ....K7..........
280e8c240  40 c2 91 58 c8 f9 00 00 12 00 00 00 00 00 00 00  @..X............
280e8c250  00 c2 e8 80 02 00 00 00 20 c2 e8 80 02 00 00 00  ........ .......
280e8c260  60 c2 91 58 c8 f9 00 00 13 00 60 00 00 00 00 00  `..X......`.....
280e8c270  31 08 ac 1c 5a e4 1b 40 00 00 00 00 00 00 00 00  1...Z..@........
280e8c280  80 c2 91 58 c8 f9 00 00 14 00 60 00 00 00 00 00  ...X......`.....
280e8c290  b8 1e 85 eb 51 38 1a 40 00 00 00 00 00 00 00 00  ....Q8.@........

call Aweme!0x3ed3238
,	Aweme!0x3ed3238 this.args0 0x1 0x1

,	Aweme!0x3ed3238 this.args1 0x16f 0x16f

,	Aweme!0x3ed3238 this.args2 0x1bd 0x1bd

,	Aweme!0x3ed3238 this.args3 0x1ff 0x1ff

,	Aweme!0x3ed3238 this.args4 0xd0 0xd0

,	Aweme!0x3ed3238 this.args0 onLeave 0x1 0x1

,	Aweme!0x3ed3238 this.args1 onLeave 0x16f 0x16f

,	Aweme!0x3ed3238 this.args2 onLeave 0x1bd 0x1bd

,	Aweme!0x3ed3238 this.args3 onLeave 0x1ff 0x1ff

,	Aweme!0x3ed3238 this.args4 onLeave 0xd0 0xd0

,retval onLeave: 0x280e8bea0             0  1  2  3  4  5  6  7  8  9  A  B  C  D  E  F  0123456789ABCDEF
280e8bea0  68 62 21 0c 01 00 00 00 20 00 00 00 1a 00 00 00  hb!..... .......
280e8beb0  20 b9 e8 80 02 00 00 00 66 69 6c 6d 00 00 00 00   .......film....
280e8bec0  c0 be 91 58 c8 f9 00 00 f4 01 00 00 00 00 00 00  ...X............
280e8bed0  00 00 00 00 00 00 00 00 00 00 00 00 00 00 00 00  ................
280e8bee0  e0 be 91 58 c8 f9 00 00 e4 01 00 00 fb 1c d8 41  ...X...........A
280e8bef0  00 00 00 00 00 00 00 00 00 00 00 00 00 00 00 00  ................
280e8bf00  00 03 03 03 03 03 03 03 03 03 03 03 03 03 03 03  ................
280e8bf10  03 03 04 6e 74 65 6e 74 2d 6c 65 6e 67 74 68 00  ...ntent-length.
280e8bf20  20 bf 91 58 c8 f9 00 00 ee 01 00 00 00 00 00 00   ..X............
280e8bf30  0b 4d 50 45 47 2d 34 2d 66 69 6c 6d 00 00 00 00  .MPEG-4-film....
280e8bf40  40 bf 91 58 c8 f9 00 00 e8 01 00 00 65 2c 20 62  @..X........e, b
280e8bf50  72 00 00 00 00 00 00 00 00 00 00 00 00 00 00 00  r...............
280e8bf60  60 bf 91 58 c8 f9 00 00 df 01 00 00 fb 1c d8 41  `..X...........A
280e8bf70  00 00 00 00 00 00 00 00 00 00 00 00 00 00 00 00  ................
280e8bf80  80 bf 91 58 c8 f9 00 00 d1 01 00 00 00 00 00 00  ...X............
280e8bf90  0c 4d 50 45 47 2d 34 20 6d 6f 76 69 65 00 00 00  .MPEG-4 movie...
280e8bfa0  71 33 aa e5 a1 01 00 00 02 00 00 00 00 00 00 00  q3..............
280e8bfb0  b0 3c a7 da 01 00 00 00 d0 3c a7 da 01 00 00 00  .<.......<......
280e8bfc0  c0 bf 91 58 c8 f9 00 00 e7 01 00 00 23 ff ff ff  ...X........#...
280e8bfd0  00 00 00 00 00 00 00 00 00 00 00 00 00 00 00 00  ................
280e8bfe0  91 31 aa e5 a1 01 00 00 20 cd 40 82 02 00 00 00  .1...... .@.....
280e8bff0  02 00 00 80 04 00 00 08 d0 8b db 80 02 00 00 00  ................
280e8c000  00 c0 91 58 c8 f9 00 00 fb 07 00 00 00 00 00 00  ...X............
280e8c010  c0 bf e8 80 02 00 00 00 e0 bf e8 80 02 00 00 00  ................
280e8c020  20 c0 91 58 c8 f9 00 00 01 00 60 00 00 00 00 00   ..X......`.....
280e8c030  79 e9 26 31 08 2c 10 c0 00 00 00 00 00 00 00 00  y.&1.,..........
280e8c040  40 c0 91 58 c8 f9 00 00 02 00 60 00 00 00 00 00  @..X......`.....
280e8c050  cf f7 53 e3 a5 9b f6 3f 00 00 00 00 00 00 00 00  ..S....?........
280e8c060  60 c0 91 58 c8 f9 00 00 03 00 00 00 00 00 00 00  `..X............
280e8c070  20 c0 e8 80 02 00 00 00 40 c0 e8 80 02 00 00 00   .......@.......
280e8c080  80 c0 91 58 c8 f9 00 00 04 00 60 00 00 00 00 00  ...X......`.....
280e8c090  37 89 41 60 e5 d0 da bf 00 00 00 00 00 00 00 00  7.A`............
280e8c0a0  a0 c0 91 58 c8 f9 00 00 05 00 60 00 00 00 00 00  ...X......`.....
280e8c0b0  06 81 95 43 8b 6c df bf 00 00 00 00 00 00 00 00  ...C.l..........
280e8c0c0  c0 c0 91 58 c8 f9 00 00 06 00 00 00 00 00 00 00  ...X............
280e8c0d0  80 c0 e8 80 02 00 00 00 a0 c0 e8 80 02 00 00 00  ................
280e8c0e0  e0 c0 91 58 c8 f9 00 00 07 00 60 00 00 00 00 00  ...X......`.....
280e8c0f0  f0 a7 c6 4b 37 89 e9 3f 00 00 00 00 00 00 00 00  ...K7..?........
280e8c100  00 c1 91 58 c8 f9 00 00 08 00 60 00 00 00 00 00  ...X......`.....
280e8c110  d5 78 e9 26 31 88 20 c0 00 00 00 00 00 00 00 00  .x.&1. .........
280e8c120  20 c1 91 58 c8 f9 00 00 09 00 00 00 00 00 00 00   ..X............
280e8c130  e0 c0 e8 80 02 00 00 00 00 c1 e8 80 02 00 00 00  ................
280e8c140  40 c1 91 58 c8 f9 00 00 0a 00 60 00 00 00 00 00  @..X......`.....
280e8c150  56 0e 2d b2 9d ef 08 c0 00 00 00 00 00 00 00 00  V.-.............
280e8c160  60 c1 91 58 c8 f9 00 00 0b 00 60 00 00 00 00 00  `..X......`.....
280e8c170  2b 87 16 d9 ce 37 27 c0 00 00 00 00 00 00 00 00  +....7'.........
280e8c180  80 c1 91 58 c8 f9 00 00 0c 00 00 00 00 00 00 00  ...X............
280e8c190  40 c1 e8 80 02 00 00 00 60 c1 e8 80 02 00 00 00  @.......`.......
280e8c1a0  a0 c1 91 58 c8 f9 00 00 0d 00 60 00 00 00 00 00  ...X......`.....
280e8c1b0  17 d9 ce f7 53 e3 02 40 00 00 00 00 00 00 00 00  ....S..@........
280e8c1c0  c0 c1 91 58 c8 f9 00 00 0e 00 60 00 00 00 00 00  ...X......`.....
280e8c1d0  df 4f 8d 97 6e 12 20 c0 00 00 00 00 00 00 00 00  .O..n. .........
280e8c1e0  e0 c1 91 58 c8 f9 00 00 0f 00 00 00 00 00 00 00  ...X............
280e8c1f0  a0 c1 e8 80 02 00 00 00 c0 c1 e8 80 02 00 00 00  ................
280e8c200  00 c2 91 58 c8 f9 00 00 10 00 60 00 00 00 00 00  ...X......`.....
280e8c210  4c 37 89 41 60 e5 0a 40 00 00 00 00 00 00 00 00  L7.A`..@........
280e8c220  20 c2 91 58 c8 f9 00 00 11 00 60 00 00 00 00 00   ..X......`.....
280e8c230  9e ef a7 c6 4b 37 ed bf 00 00 00 00 00 00 00 00  ....K7..........
280e8c240  40 c2 91 58 c8 f9 00 00 12 00 00 00 00 00 00 00  @..X............
280e8c250  00 c2 e8 80 02 00 00 00 20 c2 e8 80 02 00 00 00  ........ .......
280e8c260  60 c2 91 58 c8 f9 00 00 13 00 60 00 00 00 00 00  `..X......`.....
280e8c270  31 08 ac 1c 5a e4 1b 40 00 00 00 00 00 00 00 00  1...Z..@........
280e8c280  80 c2 91 58 c8 f9 00 00 14 00 60 00 00 00 00 00  ...X......`.....
280e8c290  b8 1e 85 eb 51 38 1a 40 00 00 00 00 00 00 00 00  ....Q8.@........

call Aweme!0x3ed3238
,	Aweme!0x3ed3238 this.args0 0x280e8bea0             0  1  2  3  4  5  6  7  8  9  A  B  C  D  E  F  0123456789ABCDEF
280e8bea0  68 62 21 0c 01 00 00 00 20 00 00 00 1a 00 00 00  hb!..... .......
280e8beb0  20 b9 e8 80 02 00 00 00 66 69 6c 6d 00 00 00 00   .......film....
280e8bec0  c0 be 91 58 c8 f9 00 00 f4 01 00 00 00 00 00 00  ...X............
280e8bed0  00 00 00 00 00 00 00 00 00 00 00 00 00 00 00 00  ................
280e8bee0  e0 be 91 58 c8 f9 00 00 e4 01 00 00 fb 1c d8 41  ...X...........A
280e8bef0  00 00 00 00 00 00 00 00 00 00 00 00 00 00 00 00  ................
280e8bf00  00 03 03 03 03 03 03 03 03 03 03 03 03 03 03 03  ................
280e8bf10  03 03 04 6e 74 65 6e 74 2d 6c 65 6e 67 74 68 00  ...ntent-length.
280e8bf20  20 bf 91 58 c8 f9 00 00 ee 01 00 00 00 00 00 00   ..X............
280e8bf30  0b 4d 50 45 47 2d 34 2d 66 69 6c 6d 00 00 00 00  .MPEG-4-film....
280e8bf40  40 bf 91 58 c8 f9 00 00 e8 01 00 00 65 2c 20 62  @..X........e, b
280e8bf50  72 00 00 00 00 00 00 00 00 00 00 00 00 00 00 00  r...............
280e8bf60  60 bf 91 58 c8 f9 00 00 df 01 00 00 fb 1c d8 41  `..X...........A
280e8bf70  00 00 00 00 00 00 00 00 00 00 00 00 00 00 00 00  ................
280e8bf80  80 bf 91 58 c8 f9 00 00 d1 01 00 00 00 00 00 00  ...X............
280e8bf90  0c 4d 50 45 47 2d 34 20 6d 6f 76 69 65 00 00 00  .MPEG-4 movie...
280e8bfa0  71 33 aa e5 a1 01 00 00 02 00 00 00 00 00 00 00  q3..............
280e8bfb0  b0 3c a7 da 01 00 00 00 d0 3c a7 da 01 00 00 00  .<.......<......
280e8bfc0  c0 bf 91 58 c8 f9 00 00 e7 01 00 00 23 ff ff ff  ...X........#...
280e8bfd0  00 00 00 00 00 00 00 00 00 00 00 00 00 00 00 00  ................
280e8bfe0  91 31 aa e5 a1 01 00 00 20 cd 40 82 02 00 00 00  .1...... .@.....
280e8bff0  02 00 00 80 04 00 00 08 d0 8b db 80 02 00 00 00  ................
280e8c000  00 c0 91 58 c8 f9 00 00 fb 07 00 00 00 00 00 00  ...X............
280e8c010  c0 bf e8 80 02 00 00 00 e0 bf e8 80 02 00 00 00  ................
280e8c020  20 c0 91 58 c8 f9 00 00 01 00 60 00 00 00 00 00   ..X......`.....
280e8c030  79 e9 26 31 08 2c 10 c0 00 00 00 00 00 00 00 00  y.&1.,..........
280e8c040  40 c0 91 58 c8 f9 00 00 02 00 60 00 00 00 00 00  @..X......`.....
280e8c050  cf f7 53 e3 a5 9b f6 3f 00 00 00 00 00 00 00 00  ..S....?........
280e8c060  60 c0 91 58 c8 f9 00 00 03 00 00 00 00 00 00 00  `..X............
280e8c070  20 c0 e8 80 02 00 00 00 40 c0 e8 80 02 00 00 00   .......@.......
280e8c080  80 c0 91 58 c8 f9 00 00 04 00 60 00 00 00 00 00  ...X......`.....
280e8c090  37 89 41 60 e5 d0 da bf 00 00 00 00 00 00 00 00  7.A`............
280e8c0a0  a0 c0 91 58 c8 f9 00 00 05 00 60 00 00 00 00 00  ...X......`.....
280e8c0b0  06 81 95 43 8b 6c df bf 00 00 00 00 00 00 00 00  ...C.l..........
280e8c0c0  c0 c0 91 58 c8 f9 00 00 06 00 00 00 00 00 00 00  ...X............
280e8c0d0  80 c0 e8 80 02 00 00 00 a0 c0 e8 80 02 00 00 00  ................
280e8c0e0  e0 c0 91 58 c8 f9 00 00 07 00 60 00 00 00 00 00  ...X......`.....
280e8c0f0  f0 a7 c6 4b 37 89 e9 3f 00 00 00 00 00 00 00 00  ...K7..?........
280e8c100  00 c1 91 58 c8 f9 00 00 08 00 60 00 00 00 00 00  ...X......`.....
280e8c110  d5 78 e9 26 31 88 20 c0 00 00 00 00 00 00 00 00  .x.&1. .........
280e8c120  20 c1 91 58 c8 f9 00 00 09 00 00 00 00 00 00 00   ..X............
280e8c130  e0 c0 e8 80 02 00 00 00 00 c1 e8 80 02 00 00 00  ................
280e8c140  40 c1 91 58 c8 f9 00 00 0a 00 60 00 00 00 00 00  @..X......`.....
280e8c150  56 0e 2d b2 9d ef 08 c0 00 00 00 00 00 00 00 00  V.-.............
280e8c160  60 c1 91 58 c8 f9 00 00 0b 00 60 00 00 00 00 00  `..X......`.....
280e8c170  2b 87 16 d9 ce 37 27 c0 00 00 00 00 00 00 00 00  +....7'.........
280e8c180  80 c1 91 58 c8 f9 00 00 0c 00 00 00 00 00 00 00  ...X............
280e8c190  40 c1 e8 80 02 00 00 00 60 c1 e8 80 02 00 00 00  @.......`.......
280e8c1a0  a0 c1 91 58 c8 f9 00 00 0d 00 60 00 00 00 00 00  ...X......`.....
280e8c1b0  17 d9 ce f7 53 e3 02 40 00 00 00 00 00 00 00 00  ....S..@........
280e8c1c0  c0 c1 91 58 c8 f9 00 00 0e 00 60 00 00 00 00 00  ...X......`.....
280e8c1d0  df 4f 8d 97 6e 12 20 c0 00 00 00 00 00 00 00 00  .O..n. .........
280e8c1e0  e0 c1 91 58 c8 f9 00 00 0f 00 00 00 00 00 00 00  ...X............
280e8c1f0  a0 c1 e8 80 02 00 00 00 c0 c1 e8 80 02 00 00 00  ................
280e8c200  00 c2 91 58 c8 f9 00 00 10 00 60 00 00 00 00 00  ...X......`.....
280e8c210  4c 37 89 41 60 e5 0a 40 00 00 00 00 00 00 00 00  L7.A`..@........
280e8c220  20 c2 91 58 c8 f9 00 00 11 00 60 00 00 00 00 00   ..X......`.....
280e8c230  9e ef a7 c6 4b 37 ed bf 00 00 00 00 00 00 00 00  ....K7..........
280e8c240  40 c2 91 58 c8 f9 00 00 12 00 00 00 00 00 00 00  @..X............
280e8c250  00 c2 e8 80 02 00 00 00 20 c2 e8 80 02 00 00 00  ........ .......
280e8c260  60 c2 91 58 c8 f9 00 00 13 00 60 00 00 00 00 00  `..X......`.....
280e8c270  31 08 ac 1c 5a e4 1b 40 00 00 00 00 00 00 00 00  1...Z..@........
280e8c280  80 c2 91 58 c8 f9 00 00 14 00 60 00 00 00 00 00  ...X......`.....
280e8c290  b8 1e 85 eb 51 38 1a 40 00 00 00 00 00 00 00 00  ....Q8.@........

,	Aweme!0x3ed3238 this.args1 0x0 0x0

,	Aweme!0x3ed3238 this.args2 0x120a8 0x120a8

,	Aweme!0x3ed3238 this.args3 0x1ff 0x1ff

,	Aweme!0x3ed3238 this.args4 0xd0 0xd0

,	Aweme!0x3ed3238 this.args0 onLeave 0x280e8bea0             0  1  2  3  4  5  6  7  8  9  A  B  C  D  E  F  0123456789ABCDEF
280e8bea0  68 62 21 0c 01 00 00 00 20 00 00 00 1a 00 00 00  hb!..... .......
280e8beb0  20 b9 e8 80 02 00 00 00 66 69 6c 6d 00 00 00 00   .......film....
280e8bec0  c0 be 91 58 c8 f9 00 00 f4 01 00 00 00 00 00 00  ...X............
280e8bed0  00 00 00 00 00 00 00 00 00 00 00 00 00 00 00 00  ................
280e8bee0  e0 be 91 58 c8 f9 00 00 e4 01 00 00 fb 1c d8 41  ...X...........A
280e8bef0  00 00 00 00 00 00 00 00 00 00 00 00 00 00 00 00  ................
280e8bf00  00 03 03 03 03 03 03 03 03 03 03 03 03 03 03 03  ................
280e8bf10  03 03 04 6e 74 65 6e 74 2d 6c 65 6e 67 74 68 00  ...ntent-length.
280e8bf20  20 bf 91 58 c8 f9 00 00 ee 01 00 00 00 00 00 00   ..X............
280e8bf30  0b 4d 50 45 47 2d 34 2d 66 69 6c 6d 00 00 00 00  .MPEG-4-film....
280e8bf40  40 bf 91 58 c8 f9 00 00 e8 01 00 00 65 2c 20 62  @..X........e, b
280e8bf50  72 00 00 00 00 00 00 00 00 00 00 00 00 00 00 00  r...............
280e8bf60  60 bf 91 58 c8 f9 00 00 df 01 00 00 fb 1c d8 41  `..X...........A
280e8bf70  00 00 00 00 00 00 00 00 00 00 00 00 00 00 00 00  ................
280e8bf80  80 bf 91 58 c8 f9 00 00 d1 01 00 00 00 00 00 00  ...X............
280e8bf90  0c 4d 50 45 47 2d 34 20 6d 6f 76 69 65 00 00 00  .MPEG-4 movie...
280e8bfa0  71 33 aa e5 a1 01 00 00 02 00 00 00 00 00 00 00  q3..............
280e8bfb0  b0 3c a7 da 01 00 00 00 d0 3c a7 da 01 00 00 00  .<.......<......
280e8bfc0  c0 bf 91 58 c8 f9 00 00 e7 01 00 00 23 ff ff ff  ...X........#...
280e8bfd0  00 00 00 00 00 00 00 00 00 00 00 00 00 00 00 00  ................
280e8bfe0  91 31 aa e5 a1 01 00 00 20 cd 40 82 02 00 00 00  .1...... .@.....
280e8bff0  02 00 00 80 04 00 00 08 d0 8b db 80 02 00 00 00  ................
280e8c000  00 c0 91 58 c8 f9 00 00 fb 07 00 00 00 00 00 00  ...X............
280e8c010  c0 bf e8 80 02 00 00 00 e0 bf e8 80 02 00 00 00  ................
280e8c020  20 c0 91 58 c8 f9 00 00 01 00 60 00 00 00 00 00   ..X......`.....
280e8c030  79 e9 26 31 08 2c 10 c0 00 00 00 00 00 00 00 00  y.&1.,..........
280e8c040  40 c0 91 58 c8 f9 00 00 02 00 60 00 00 00 00 00  @..X......`.....
280e8c050  cf f7 53 e3 a5 9b f6 3f 00 00 00 00 00 00 00 00  ..S....?........
280e8c060  60 c0 91 58 c8 f9 00 00 03 00 00 00 00 00 00 00  `..X............
280e8c070  20 c0 e8 80 02 00 00 00 40 c0 e8 80 02 00 00 00   .......@.......
280e8c080  80 c0 91 58 c8 f9 00 00 04 00 60 00 00 00 00 00  ...X......`.....
280e8c090  37 89 41 60 e5 d0 da bf 00 00 00 00 00 00 00 00  7.A`............
280e8c0a0  a0 c0 91 58 c8 f9 00 00 05 00 60 00 00 00 00 00  ...X......`.....
280e8c0b0  06 81 95 43 8b 6c df bf 00 00 00 00 00 00 00 00  ...C.l..........
280e8c0c0  c0 c0 91 58 c8 f9 00 00 06 00 00 00 00 00 00 00  ...X............
280e8c0d0  80 c0 e8 80 02 00 00 00 a0 c0 e8 80 02 00 00 00  ................
280e8c0e0  e0 c0 91 58 c8 f9 00 00 07 00 60 00 00 00 00 00  ...X......`.....
280e8c0f0  f0 a7 c6 4b 37 89 e9 3f 00 00 00 00 00 00 00 00  ...K7..?........
280e8c100  00 c1 91 58 c8 f9 00 00 08 00 60 00 00 00 00 00  ...X......`.....
280e8c110  d5 78 e9 26 31 88 20 c0 00 00 00 00 00 00 00 00  .x.&1. .........
280e8c120  20 c1 91 58 c8 f9 00 00 09 00 00 00 00 00 00 00   ..X............
280e8c130  e0 c0 e8 80 02 00 00 00 00 c1 e8 80 02 00 00 00  ................
280e8c140  40 c1 91 58 c8 f9 00 00 0a 00 60 00 00 00 00 00  @..X......`.....
280e8c150  56 0e 2d b2 9d ef 08 c0 00 00 00 00 00 00 00 00  V.-.............
280e8c160  60 c1 91 58 c8 f9 00 00 0b 00 60 00 00 00 00 00  `..X......`.....
280e8c170  2b 87 16 d9 ce 37 27 c0 00 00 00 00 00 00 00 00  +....7'.........
280e8c180  80 c1 91 58 c8 f9 00 00 0c 00 00 00 00 00 00 00  ...X............
280e8c190  40 c1 e8 80 02 00 00 00 60 c1 e8 80 02 00 00 00  @.......`.......
280e8c1a0  a0 c1 91 58 c8 f9 00 00 0d 00 60 00 00 00 00 00  ...X......`.....
280e8c1b0  17 d9 ce f7 53 e3 02 40 00 00 00 00 00 00 00 00  ....S..@........
280e8c1c0  c0 c1 91 58 c8 f9 00 00 0e 00 60 00 00 00 00 00  ...X......`.....
280e8c1d0  df 4f 8d 97 6e 12 20 c0 00 00 00 00 00 00 00 00  .O..n. .........
280e8c1e0  e0 c1 91 58 c8 f9 00 00 0f 00 00 00 00 00 00 00  ...X............
280e8c1f0  a0 c1 e8 80 02 00 00 00 c0 c1 e8 80 02 00 00 00  ................
280e8c200  00 c2 91 58 c8 f9 00 00 10 00 60 00 00 00 00 00  ...X......`.....
280e8c210  4c 37 89 41 60 e5 0a 40 00 00 00 00 00 00 00 00  L7.A`..@........
280e8c220  20 c2 91 58 c8 f9 00 00 11 00 60 00 00 00 00 00   ..X......`.....
280e8c230  9e ef a7 c6 4b 37 ed bf 00 00 00 00 00 00 00 00  ....K7..........
280e8c240  40 c2 91 58 c8 f9 00 00 12 00 00 00 00 00 00 00  @..X............
280e8c250  00 c2 e8 80 02 00 00 00 20 c2 e8 80 02 00 00 00  ........ .......
280e8c260  60 c2 91 58 c8 f9 00 00 13 00 60 00 00 00 00 00  `..X......`.....
280e8c270  31 08 ac 1c 5a e4 1b 40 00 00 00 00 00 00 00 00  1...Z..@........
280e8c280  80 c2 91 58 c8 f9 00 00 14 00 60 00 00 00 00 00  ...X......`.....
280e8c290  b8 1e 85 eb 51 38 1a 40 00 00 00 00 00 00 00 00  ....Q8.@........

,	Aweme!0x3ed3238 this.args1 onLeave 0x0 0x0

,	Aweme!0x3ed3238 this.args2 onLeave 0x120a8 0x120a8

,	Aweme!0x3ed3238 this.args3 onLeave 0x1ff 0x1ff

,	Aweme!0x3ed3238 this.args4 onLeave 0xd0 0xd0

,retval onLeave: 0x280e8bea0             0  1  2  3  4  5  6  7  8  9  A  B  C  D  E  F  0123456789ABCDEF
280e8bea0  68 62 21 0c 01 00 00 00 20 00 00 00 1a 00 00 00  hb!..... .......
280e8beb0  20 b9 e8 80 02 00 00 00 66 69 6c 6d 00 00 00 00   .......film....
280e8bec0  c0 be 91 58 c8 f9 00 00 f4 01 00 00 00 00 00 00  ...X............
280e8bed0  00 00 00 00 00 00 00 00 00 00 00 00 00 00 00 00  ................
280e8bee0  e0 be 91 58 c8 f9 00 00 e4 01 00 00 fb 1c d8 41  ...X...........A
280e8bef0  00 00 00 00 00 00 00 00 00 00 00 00 00 00 00 00  ................
280e8bf00  00 03 03 03 03 03 03 03 03 03 03 03 03 03 03 03  ................
280e8bf10  03 03 04 6e 74 65 6e 74 2d 6c 65 6e 67 74 68 00  ...ntent-length.
280e8bf20  20 bf 91 58 c8 f9 00 00 ee 01 00 00 00 00 00 00   ..X............
280e8bf30  0b 4d 50 45 47 2d 34 2d 66 69 6c 6d 00 00 00 00  .MPEG-4-film....
280e8bf40  40 bf 91 58 c8 f9 00 00 e8 01 00 00 65 2c 20 62  @..X........e, b
280e8bf50  72 00 00 00 00 00 00 00 00 00 00 00 00 00 00 00  r...............
280e8bf60  60 bf 91 58 c8 f9 00 00 df 01 00 00 fb 1c d8 41  `..X...........A
280e8bf70  00 00 00 00 00 00 00 00 00 00 00 00 00 00 00 00  ................
280e8bf80  80 bf 91 58 c8 f9 00 00 d1 01 00 00 00 00 00 00  ...X............
280e8bf90  0c 4d 50 45 47 2d 34 20 6d 6f 76 69 65 00 00 00  .MPEG-4 movie...
280e8bfa0  71 33 aa e5 a1 01 00 00 02 00 00 00 00 00 00 00  q3..............
280e8bfb0  b0 3c a7 da 01 00 00 00 d0 3c a7 da 01 00 00 00  .<.......<......
280e8bfc0  c0 bf 91 58 c8 f9 00 00 e7 01 00 00 23 ff ff ff  ...X........#...
280e8bfd0  00 00 00 00 00 00 00 00 00 00 00 00 00 00 00 00  ................
280e8bfe0  91 31 aa e5 a1 01 00 00 20 cd 40 82 02 00 00 00  .1...... .@.....
280e8bff0  02 00 00 80 04 00 00 08 d0 8b db 80 02 00 00 00  ................
280e8c000  00 c0 91 58 c8 f9 00 00 fb 07 00 00 00 00 00 00  ...X............
280e8c010  c0 bf e8 80 02 00 00 00 e0 bf e8 80 02 00 00 00  ................
280e8c020  20 c0 91 58 c8 f9 00 00 01 00 60 00 00 00 00 00   ..X......`.....
280e8c030  79 e9 26 31 08 2c 10 c0 00 00 00 00 00 00 00 00  y.&1.,..........
280e8c040  40 c0 91 58 c8 f9 00 00 02 00 60 00 00 00 00 00  @..X......`.....
280e8c050  cf f7 53 e3 a5 9b f6 3f 00 00 00 00 00 00 00 00  ..S....?........
280e8c060  60 c0 91 58 c8 f9 00 00 03 00 00 00 00 00 00 00  `..X............
280e8c070  20 c0 e8 80 02 00 00 00 40 c0 e8 80 02 00 00 00   .......@.......
280e8c080  80 c0 91 58 c8 f9 00 00 04 00 60 00 00 00 00 00  ...X......`.....
280e8c090  37 89 41 60 e5 d0 da bf 00 00 00 00 00 00 00 00  7.A`............
280e8c0a0  a0 c0 91 58 c8 f9 00 00 05 00 60 00 00 00 00 00  ...X......`.....
280e8c0b0  06 81 95 43 8b 6c df bf 00 00 00 00 00 00 00 00  ...C.l..........
280e8c0c0  c0 c0 91 58 c8 f9 00 00 06 00 00 00 00 00 00 00  ...X............
280e8c0d0  80 c0 e8 80 02 00 00 00 a0 c0 e8 80 02 00 00 00  ................
280e8c0e0  e0 c0 91 58 c8 f9 00 00 07 00 60 00 00 00 00 00  ...X......`.....
280e8c0f0  f0 a7 c6 4b 37 89 e9 3f 00 00 00 00 00 00 00 00  ...K7..?........
280e8c100  00 c1 91 58 c8 f9 00 00 08 00 60 00 00 00 00 00  ...X......`.....
280e8c110  d5 78 e9 26 31 88 20 c0 00 00 00 00 00 00 00 00  .x.&1. .........
280e8c120  20 c1 91 58 c8 f9 00 00 09 00 00 00 00 00 00 00   ..X............
280e8c130  e0 c0 e8 80 02 00 00 00 00 c1 e8 80 02 00 00 00  ................
280e8c140  40 c1 91 58 c8 f9 00 00 0a 00 60 00 00 00 00 00  @..X......`.....
280e8c150  56 0e 2d b2 9d ef 08 c0 00 00 00 00 00 00 00 00  V.-.............
280e8c160  60 c1 91 58 c8 f9 00 00 0b 00 60 00 00 00 00 00  `..X......`.....
280e8c170  2b 87 16 d9 ce 37 27 c0 00 00 00 00 00 00 00 00  +....7'.........
280e8c180  80 c1 91 58 c8 f9 00 00 0c 00 00 00 00 00 00 00  ...X............
280e8c190  40 c1 e8 80 02 00 00 00 60 c1 e8 80 02 00 00 00  @.......`.......
280e8c1a0  a0 c1 91 58 c8 f9 00 00 0d 00 60 00 00 00 00 00  ...X......`.....
280e8c1b0  17 d9 ce f7 53 e3 02 40 00 00 00 00 00 00 00 00  ....S..@........
280e8c1c0  c0 c1 91 58 c8 f9 00 00 0e 00 60 00 00 00 00 00  ...X......`.....
280e8c1d0  df 4f 8d 97 6e 12 20 c0 00 00 00 00 00 00 00 00  .O..n. .........
280e8c1e0  e0 c1 91 58 c8 f9 00 00 0f 00 00 00 00 00 00 00  ...X............
280e8c1f0  a0 c1 e8 80 02 00 00 00 c0 c1 e8 80 02 00 00 00  ................
280e8c200  00 c2 91 58 c8 f9 00 00 10 00 60 00 00 00 00 00  ...X......`.....
280e8c210  4c 37 89 41 60 e5 0a 40 00 00 00 00 00 00 00 00  L7.A`..@........
280e8c220  20 c2 91 58 c8 f9 00 00 11 00 60 00 00 00 00 00   ..X......`.....
280e8c230  9e ef a7 c6 4b 37 ed bf 00 00 00 00 00 00 00 00  ....K7..........
280e8c240  40 c2 91 58 c8 f9 00 00 12 00 00 00 00 00 00 00  @..X............
280e8c250  00 c2 e8 80 02 00 00 00 20 c2 e8 80 02 00 00 00  ........ .......
280e8c260  60 c2 91 58 c8 f9 00 00 13 00 60 00 00 00 00 00  `..X......`.....
280e8c270  31 08 ac 1c 5a e4 1b 40 00 00 00 00 00 00 00 00  1...Z..@........
280e8c280  80 c2 91 58 c8 f9 00 00 14 00 60 00 00 00 00 00  ...X......`.....
280e8c290  b8 1e 85 eb 51 38 1a 40 00 00 00 00 00 00 00 00  ....Q8.@........

call Aweme!0x3ed3238
,	Aweme!0x3ed3238 this.args0 0x280e8b924             0  1  2  3  4  5  6  7  8  9  A  B  C  D  E  F  0123456789ABCDEF
280e8b924  00 00 00 00 00 00 00 00 00 00 00 00 00 00 00 00  ................
280e8b934  00 00 00 00 00 00 00 6d 00 00 00 00 29 a1 aa e5  .......m....)...
280e8b944  a1 01 00 00 e6 00 00 00 00 00 00 00 00 d2 1f 12  ................
280e8b954  01 00 00 00 f8 47 aa da 01 00 00 00 08 2a b0 11  .....G.......*..
280e8b964  01 00 00 00 e6 00 00 00 00 00 00 00 60 89 0b 83  ............`...
280e8b974  02 00 00 00 00 00 00 00 00 00 00 00 80 b9 91 58  ...............X
280e8b984  c8 f9 00 00 db 01 00 00 00 00 00 00 03 00 00 80  ................
280e8b994  00 00 00 00 00 00 00 00 00 00 00 00 a0 b9 91 58  ...............X
280e8b9a4  c8 f9 00 00 c7 01 00 00 00 00 00 00 00 00 00 00  ................
280e8b9b4  00 00 00 00 0c 00 00 00 00 00 00 00 c0 b9 91 58  ...............X
280e8b9c4  c8 f9 00 00 16 01 00 00 00 00 00 00 02 22 d5 98  ............."..
280e8b9d4  52 4a cf d0 20 b6 e8 80 02 00 00 00 19 18 aa e5  RJ.. ...........
280e8b9e4  a1 01 00 00 8c 07 00 00 01 00 00 00 0c 73 65 6c  .............sel
280e8b9f4  65 63 74 5f 74 69 6d 65 73 00 00 00 00 ba 91 58  ect_times......X
280e8ba04  c8 f9 00 00 c6 01 00 00 00 00 00 00 0c 4d 50 45  .............MPE
280e8ba14  47 2d 34 20 6d 6f 76 69 65 00 00 00 20 ba 91 58  G-4 movie... ..X
280e8ba24  c8 f9 00 00 dc 01 00 00 00 00 00 00 18 01 94 a4  ................
280e8ba34  52 00 ff d2 1f 01 a4 e1 51 00 ff d2 00 03 03 03  R.......Q.......
280e8ba44  03 03 03 03 03 03 03 03 03 03 03 03 03 03 04 72  ...............r
280e8ba54  65 71 75 65 73 74 2d 69 70 00 00 00 e0 95 c5 82  equest-ip.......
280e8ba64  02 00 00 00 f0 ad c5 82 02 00 00 00 60 93 c5 82  ............`...
280e8ba74  02 00 00 00 00 00 00 00 00 00 00 00 80 ba 91 58  ...............X
280e8ba84  c8 f9 00 00 c2 01 60 00 00 00 00 00 0e 46 69 6c  ......`......Fil
280e8ba94  6d 61 74 6f 20 4d 50 45 47 2d 34 00 a0 ba 91 58  mato MPEG-4....X
280e8baa4  c8 f9 00 00 ed 01 00 00 00 00 00 00 0e 4d 50 45  .............MPE
280e8bab4  47 2d 34 2d 65 6c 6f 6b 75 76 61 00 68 62 21 0c  G-4-elokuva.hb!.
280e8bac4  01 00 00 00 cc 00 00 00 cb 00 00 00 90 e4 48 83  ..............H.
280e8bad4  02 00 00 00 6d 6f 76 69 65 00 00 00 71 33 aa e5  ....movie...q3..
280e8bae4  a1 01 00 00 02 00 00 00 00 00 00 00 b0 3c a7 da  .............<..
280e8baf4  01 00 00 00 d0 3c a7 da 01 00 00 00 91 18 aa e5  .....<..........
280e8bb04  a1 01 00 00 84 16 00 00 01 00 00 00 03 21 00 40  .............!.@
280e8bb14  00 00 00 00 00 00 00 00 00 00 00 00 7c a1 53 20  ............|.S 
280e8bb24  00 00 00 00 00 00 00 00 01 01 02 04 60 73 cb 60  ............`s.`
280e8bb34  00 2d 34 2d 66 69 6c 6d 00 00 00 00 40 bb 91 58  .-4-film....@..X
280e8bb44  c8 f9 00 00 05 01 ca 17 fb 1c d8 41 00 00 00 00  ...........A....
280e8bb54  00 00 00 00 00 00 00 00 00 00 00 00 60 bb 91 58  ............`..X
280e8bb64  c8 f9 00 00 02 01 00 00 00 00 00 00 0b 46 69 6c  .............Fil
280e8bb74  6d 20 4d 50 45 47 2d 34 00 00 00 00 80 bb 91 58  m MPEG-4.......X
280e8bb84  c8 f9 00 00 cd 01 18 82 02 00 00 00 80 4c 18 82  .............L..
280e8bb94  02 00 00 00 00 4d 18 82 02 00 00 00 00 03 03 03  .....M..........
280e8bba4  03 03 03 03 03 03 03 03 03 03 03 03 03 03 04 6e  ...............n
280e8bbb4  74 65 6e 74 2d 74 79 70 65 00 00 00 c0 bb 91 58  tent-type......X
280e8bbc4  c8 f9 00 00 fd 00 00 00 00 00 00 00 00 00 00 00  ................
280e8bbd4  00 00 00 00 00 00 00 00 00 00 00 00 60 b6 f0 80  ............`...
280e8bbe4  02 00 00 00 3a f9 d6 66 f6 ac 76 d0 c8 e3 14 12  ....:..f..v.....
280e8bbf4  01 00 00 00 00 00 00 00 00 00 00 00 03 d8 aa e5  ................
280e8bc04  a1 01 00 00 f0 15 3a 80 02 00 00 00 30 2a d8 80  ......:.....0*..
280e8bc14  02 00 00 00 00 00 00 00 00 00 00 00 a0 6e fe 80  .............n..
280e8bc24  02 00 00 00 04 9d f5 e8 a1 59 bb b6 30 e4 14 12  .........Y..0...
280e8bc34  01 00 00 00 03 00 00 00 00 00 00 00 40 bc 91 58  ............@..X
280e8bc44  c8 f9 00 00 fb 01 00 00 00 00 00 00 00 00 00 00  ................
280e8bc54  00 00 00 00 00 00 00 00 00 00 00 00 60 bc 91 58  ............`..X
280e8bc64  c8 f9 00 00 fc 01 00 00 00 00 00 00 00 00 00 00  ................
280e8bc74  00 00 00 00 00 00 00 00 00 00 00 00 80 bc 91 58  ...............X
280e8bc84  c8 f9 00 00 c3 01 00 00 01 00 00 00 04 00 bb 01  ................
280e8bc94  00 00 00 00 00 00 00 00 00 00 00 00 a0 bc 91 58  ...............X
280e8bca4  c8 f9 00 00 e3 01 00 00 23 ff ff ff 00 00 00 00  ........#.......
280e8bcb4  00 00 00 00 00 00 00 00 00 00 00 00 c0 bc 91 58  ...............X
280e8bcc4  c8 f9 00 00 f7 01 00 00 00 00 00 00 00 00 00 00  ................
280e8bcd4  00 00 00 00 00 00 00 00 00 00 00 00 e0 bc 91 58  ...............X
280e8bce4  c8 f9 00 00 f0 01 00 00 00 00 00 00 00 00 00 00  ................
280e8bcf4  00 00 00 00 00 00 00 00 00 00 00 00 68 62 21 0c  ............hb!.
280e8bd04  01 00 00 00 13 00 00 00 12 00 00 00 20 a2 e8 80  ............ ...
280e8bd14  02 00 00 00 6d 6f 76 69 65 00 00 00 20 bd 91 58  ....movie... ..X

,	Aweme!0x3ed3238 this.args1 0x16dac6632 0x16dac6632

,	Aweme!0x3ed3238 this.args2 0x0 0x0

,	Aweme!0x3ed3238 this.args3 0x1ff 0x1ff

,	Aweme!0x3ed3238 this.args4 0xd0 0xd0

,	Aweme!0x3ed3238 this.args0 onLeave 0x280e8b924             0  1  2  3  4  5  6  7  8  9  A  B  C  D  E  F  0123456789ABCDEF
280e8b924  00 00 00 00 00 00 00 00 00 00 00 00 00 00 00 00  ................
280e8b934  00 00 00 00 00 00 00 6d 00 00 00 00 29 a1 aa e5  .......m....)...
280e8b944  a1 01 00 00 e6 00 00 00 00 00 00 00 00 d2 1f 12  ................
280e8b954  01 00 00 00 f8 47 aa da 01 00 00 00 08 2a b0 11  .....G.......*..
280e8b964  01 00 00 00 e6 00 00 00 00 00 00 00 60 89 0b 83  ............`...
280e8b974  02 00 00 00 00 00 00 00 00 00 00 00 80 b9 91 58  ...............X
280e8b984  c8 f9 00 00 db 01 00 00 00 00 00 00 03 00 00 80  ................
280e8b994  00 00 00 00 00 00 00 00 00 00 00 00 a0 b9 91 58  ...............X
280e8b9a4  c8 f9 00 00 c7 01 00 00 00 00 00 00 00 00 00 00  ................
280e8b9b4  00 00 00 00 0c 00 00 00 00 00 00 00 c0 b9 91 58  ...............X
280e8b9c4  c8 f9 00 00 16 01 00 00 00 00 00 00 02 22 d5 98  ............."..
280e8b9d4  52 4a cf d0 20 b6 e8 80 02 00 00 00 19 18 aa e5  RJ.. ...........
280e8b9e4  a1 01 00 00 8c 07 00 00 01 00 00 00 0c 73 65 6c  .............sel
280e8b9f4  65 63 74 5f 74 69 6d 65 73 00 00 00 00 ba 91 58  ect_times......X
280e8ba04  c8 f9 00 00 c6 01 00 00 00 00 00 00 0c 4d 50 45  .............MPE
280e8ba14  47 2d 34 20 6d 6f 76 69 65 00 00 00 20 ba 91 58  G-4 movie... ..X
280e8ba24  c8 f9 00 00 dc 01 00 00 00 00 00 00 18 01 94 a4  ................
280e8ba34  52 00 ff d2 1f 01 a4 e1 51 00 ff d2 00 03 03 03  R.......Q.......
280e8ba44  03 03 03 03 03 03 03 03 03 03 03 03 03 03 04 72  ...............r
280e8ba54  65 71 75 65 73 74 2d 69 70 00 00 00 e0 95 c5 82  equest-ip.......
280e8ba64  02 00 00 00 f0 ad c5 82 02 00 00 00 60 93 c5 82  ............`...
280e8ba74  02 00 00 00 00 00 00 00 00 00 00 00 80 ba 91 58  ...............X
280e8ba84  c8 f9 00 00 c2 01 60 00 00 00 00 00 0e 46 69 6c  ......`......Fil
280e8ba94  6d 61 74 6f 20 4d 50 45 47 2d 34 00 a0 ba 91 58  mato MPEG-4....X
280e8baa4  c8 f9 00 00 ed 01 00 00 00 00 00 00 0e 4d 50 45  .............MPE
280e8bab4  47 2d 34 2d 65 6c 6f 6b 75 76 61 00 68 62 21 0c  G-4-elokuva.hb!.
280e8bac4  01 00 00 00 cc 00 00 00 cb 00 00 00 90 e4 48 83  ..............H.
280e8bad4  02 00 00 00 6d 6f 76 69 65 00 00 00 71 33 aa e5  ....movie...q3..
280e8bae4  a1 01 00 00 02 00 00 00 00 00 00 00 b0 3c a7 da  .............<..
280e8baf4  01 00 00 00 d0 3c a7 da 01 00 00 00 91 18 aa e5  .....<..........
280e8bb04  a1 01 00 00 84 16 00 00 01 00 00 00 03 21 00 40  .............!.@
280e8bb14  00 00 00 00 00 00 00 00 00 00 00 00 7c a1 53 20  ............|.S 
280e8bb24  00 00 00 00 00 00 00 00 01 01 02 04 60 73 cb 60  ............`s.`
280e8bb34  00 2d 34 2d 66 69 6c 6d 00 00 00 00 40 bb 91 58  .-4-film....@..X
280e8bb44  c8 f9 00 00 05 01 ca 17 fb 1c d8 41 00 00 00 00  ...........A....
280e8bb54  00 00 00 00 00 00 00 00 00 00 00 00 60 bb 91 58  ............`..X
280e8bb64  c8 f9 00 00 02 01 00 00 00 00 00 00 0b 46 69 6c  .............Fil
280e8bb74  6d 20 4d 50 45 47 2d 34 00 00 00 00 80 bb 91 58  m MPEG-4.......X
280e8bb84  c8 f9 00 00 cd 01 18 82 02 00 00 00 80 4c 18 82  .............L..
280e8bb94  02 00 00 00 00 4d 18 82 02 00 00 00 00 03 03 03  .....M..........
280e8bba4  03 03 03 03 03 03 03 03 03 03 03 03 03 03 04 6e  ...............n
280e8bbb4  74 65 6e 74 2d 74 79 70 65 00 00 00 c0 bb 91 58  tent-type......X
280e8bbc4  c8 f9 00 00 fd 00 00 00 00 00 00 00 00 00 00 00  ................
280e8bbd4  00 00 00 00 00 00 00 00 00 00 00 00 60 b6 f0 80  ............`...
280e8bbe4  02 00 00 00 3a f9 d6 66 f6 ac 76 d0 c8 e3 14 12  ....:..f..v.....
280e8bbf4  01 00 00 00 00 00 00 00 00 00 00 00 03 d8 aa e5  ................
280e8bc04  a1 01 00 00 f0 15 3a 80 02 00 00 00 30 2a d8 80  ......:.....0*..
280e8bc14  02 00 00 00 00 00 00 00 00 00 00 00 a0 6e fe 80  .............n..
280e8bc24  02 00 00 00 04 9d f5 e8 a1 59 bb b6 30 e4 14 12  .........Y..0...
280e8bc34  01 00 00 00 03 00 00 00 00 00 00 00 40 bc 91 58  ............@..X
280e8bc44  c8 f9 00 00 fb 01 00 00 00 00 00 00 00 00 00 00  ................
280e8bc54  00 00 00 00 00 00 00 00 00 00 00 00 60 bc 91 58  ............`..X
280e8bc64  c8 f9 00 00 fc 01 00 00 00 00 00 00 00 00 00 00  ................
280e8bc74  00 00 00 00 00 00 00 00 00 00 00 00 80 bc 91 58  ...............X
280e8bc84  c8 f9 00 00 c3 01 00 00 01 00 00 00 04 00 bb 01  ................
280e8bc94  00 00 00 00 00 00 00 00 00 00 00 00 a0 bc 91 58  ...............X
280e8bca4  c8 f9 00 00 e3 01 00 00 23 ff ff ff 00 00 00 00  ........#.......
280e8bcb4  00 00 00 00 00 00 00 00 00 00 00 00 c0 bc 91 58  ...............X
280e8bcc4  c8 f9 00 00 f7 01 00 00 00 00 00 00 00 00 00 00  ................
280e8bcd4  00 00 00 00 00 00 00 00 00 00 00 00 e0 bc 91 58  ...............X
280e8bce4  c8 f9 00 00 f0 01 00 00 00 00 00 00 00 00 00 00  ................
280e8bcf4  00 00 00 00 00 00 00 00 00 00 00 00 68 62 21 0c  ............hb!.
280e8bd04  01 00 00 00 13 00 00 00 12 00 00 00 20 a2 e8 80  ............ ...
280e8bd14  02 00 00 00 6d 6f 76 69 65 00 00 00 20 bd 91 58  ....movie... ..X

,	Aweme!0x3ed3238 this.args1 onLeave 0x16dac6632 0x16dac6632

,	Aweme!0x3ed3238 this.args2 onLeave 0x0 0x0

,	Aweme!0x3ed3238 this.args3 onLeave 0x1ff 0x1ff

,	Aweme!0x3ed3238 this.args4 onLeave 0xd0 0xd0

,retval onLeave: 0x280e8bea0             0  1  2  3  4  5  6  7  8  9  A  B  C  D  E  F  0123456789ABCDEF
280e8bea0  68 62 21 0c 01 00 00 00 20 00 00 00 1a 00 00 00  hb!..... .......
280e8beb0  20 b9 e8 80 02 00 00 00 66 69 6c 6d 00 00 00 00   .......film....
280e8bec0  c0 be 91 58 c8 f9 00 00 f4 01 00 00 00 00 00 00  ...X............
280e8bed0  00 00 00 00 00 00 00 00 00 00 00 00 00 00 00 00  ................
280e8bee0  e0 be 91 58 c8 f9 00 00 e4 01 00 00 fb 1c d8 41  ...X...........A
280e8bef0  00 00 00 00 00 00 00 00 00 00 00 00 00 00 00 00  ................
280e8bf00  00 03 03 03 03 03 03 03 03 03 03 03 03 03 03 03  ................
280e8bf10  03 03 04 6e 74 65 6e 74 2d 6c 65 6e 67 74 68 00  ...ntent-length.
280e8bf20  20 bf 91 58 c8 f9 00 00 ee 01 00 00 00 00 00 00   ..X............
280e8bf30  0b 4d 50 45 47 2d 34 2d 66 69 6c 6d 00 00 00 00  .MPEG-4-film....
280e8bf40  40 bf 91 58 c8 f9 00 00 e8 01 00 00 65 2c 20 62  @..X........e, b
280e8bf50  72 00 00 00 00 00 00 00 00 00 00 00 00 00 00 00  r...............
280e8bf60  60 bf 91 58 c8 f9 00 00 df 01 00 00 fb 1c d8 41  `..X...........A
280e8bf70  00 00 00 00 00 00 00 00 00 00 00 00 00 00 00 00  ................
280e8bf80  80 bf 91 58 c8 f9 00 00 d1 01 00 00 00 00 00 00  ...X............
280e8bf90  0c 4d 50 45 47 2d 34 20 6d 6f 76 69 65 00 00 00  .MPEG-4 movie...
280e8bfa0  71 33 aa e5 a1 01 00 00 02 00 00 00 00 00 00 00  q3..............
280e8bfb0  b0 3c a7 da 01 00 00 00 d0 3c a7 da 01 00 00 00  .<.......<......
280e8bfc0  c0 bf 91 58 c8 f9 00 00 e7 01 00 00 23 ff ff ff  ...X........#...
280e8bfd0  00 00 00 00 00 00 00 00 00 00 00 00 00 00 00 00  ................
280e8bfe0  91 31 aa e5 a1 01 00 00 20 cd 40 82 02 00 00 00  .1...... .@.....
280e8bff0  02 00 00 80 04 00 00 08 d0 8b db 80 02 00 00 00  ................
280e8c000  00 c0 91 58 c8 f9 00 00 fb 07 00 00 00 00 00 00  ...X............
280e8c010  c0 bf e8 80 02 00 00 00 e0 bf e8 80 02 00 00 00  ................
280e8c020  20 c0 91 58 c8 f9 00 00 01 00 60 00 00 00 00 00   ..X......`.....
280e8c030  79 e9 26 31 08 2c 10 c0 00 00 00 00 00 00 00 00  y.&1.,..........
280e8c040  40 c0 91 58 c8 f9 00 00 02 00 60 00 00 00 00 00  @..X......`.....
280e8c050  cf f7 53 e3 a5 9b f6 3f 00 00 00 00 00 00 00 00  ..S....?........
280e8c060  60 c0 91 58 c8 f9 00 00 03 00 00 00 00 00 00 00  `..X............
280e8c070  20 c0 e8 80 02 00 00 00 40 c0 e8 80 02 00 00 00   .......@.......
280e8c080  80 c0 91 58 c8 f9 00 00 04 00 60 00 00 00 00 00  ...X......`.....
280e8c090  37 89 41 60 e5 d0 da bf 00 00 00 00 00 00 00 00  7.A`............
280e8c0a0  a0 c0 91 58 c8 f9 00 00 05 00 60 00 00 00 00 00  ...X......`.....
280e8c0b0  06 81 95 43 8b 6c df bf 00 00 00 00 00 00 00 00  ...C.l..........
280e8c0c0  c0 c0 91 58 c8 f9 00 00 06 00 00 00 00 00 00 00  ...X............
280e8c0d0  80 c0 e8 80 02 00 00 00 a0 c0 e8 80 02 00 00 00  ................
280e8c0e0  e0 c0 91 58 c8 f9 00 00 07 00 60 00 00 00 00 00  ...X......`.....
280e8c0f0  f0 a7 c6 4b 37 89 e9 3f 00 00 00 00 00 00 00 00  ...K7..?........
280e8c100  00 c1 91 58 c8 f9 00 00 08 00 60 00 00 00 00 00  ...X......`.....
280e8c110  d5 78 e9 26 31 88 20 c0 00 00 00 00 00 00 00 00  .x.&1. .........
280e8c120  20 c1 91 58 c8 f9 00 00 09 00 00 00 00 00 00 00   ..X............
280e8c130  e0 c0 e8 80 02 00 00 00 00 c1 e8 80 02 00 00 00  ................
280e8c140  40 c1 91 58 c8 f9 00 00 0a 00 60 00 00 00 00 00  @..X......`.....
280e8c150  56 0e 2d b2 9d ef 08 c0 00 00 00 00 00 00 00 00  V.-.............
280e8c160  60 c1 91 58 c8 f9 00 00 0b 00 60 00 00 00 00 00  `..X......`.....
280e8c170  2b 87 16 d9 ce 37 27 c0 00 00 00 00 00 00 00 00  +....7'.........
280e8c180  80 c1 91 58 c8 f9 00 00 0c 00 00 00 00 00 00 00  ...X............
280e8c190  40 c1 e8 80 02 00 00 00 60 c1 e8 80 02 00 00 00  @.......`.......
280e8c1a0  a0 c1 91 58 c8 f9 00 00 0d 00 60 00 00 00 00 00  ...X......`.....
280e8c1b0  17 d9 ce f7 53 e3 02 40 00 00 00 00 00 00 00 00  ....S..@........
280e8c1c0  c0 c1 91 58 c8 f9 00 00 0e 00 60 00 00 00 00 00  ...X......`.....
280e8c1d0  df 4f 8d 97 6e 12 20 c0 00 00 00 00 00 00 00 00  .O..n. .........
280e8c1e0  e0 c1 91 58 c8 f9 00 00 0f 00 00 00 00 00 00 00  ...X............
280e8c1f0  a0 c1 e8 80 02 00 00 00 c0 c1 e8 80 02 00 00 00  ................
280e8c200  00 c2 91 58 c8 f9 00 00 10 00 60 00 00 00 00 00  ...X......`.....
280e8c210  4c 37 89 41 60 e5 0a 40 00 00 00 00 00 00 00 00  L7.A`..@........
280e8c220  20 c2 91 58 c8 f9 00 00 11 00 60 00 00 00 00 00   ..X......`.....
280e8c230  9e ef a7 c6 4b 37 ed bf 00 00 00 00 00 00 00 00  ....K7..........
280e8c240  40 c2 91 58 c8 f9 00 00 12 00 00 00 00 00 00 00  @..X............
280e8c250  00 c2 e8 80 02 00 00 00 20 c2 e8 80 02 00 00 00  ........ .......
280e8c260  60 c2 91 58 c8 f9 00 00 13 00 60 00 00 00 00 00  `..X......`.....
280e8c270  31 08 ac 1c 5a e4 1b 40 00 00 00 00 00 00 00 00  1...Z..@........
280e8c280  80 c2 91 58 c8 f9 00 00 14 00 60 00 00 00 00 00  ...X......`.....
280e8c290  b8 1e 85 eb 51 38 1a 40 00 00 00 00 00 00 00 00  ....Q8.@........

call Aweme!0x3ed3238
,	Aweme!0x3ed3238 this.args0 0x1bd 0x1bd

,	Aweme!0x3ed3238 this.args1 0x188 0x188

,	Aweme!0x3ed3238 this.args2 0xffffffaa 0xffffffaa

,	Aweme!0x3ed3238 this.args3 0x55 0x55

,	Aweme!0x3ed3238 this.args4 0x33 0x33

,	Aweme!0x3ed3238 this.args0 onLeave 0x1bd 0x1bd

,	Aweme!0x3ed3238 this.args1 onLeave 0x188 0x188

,	Aweme!0x3ed3238 this.args2 onLeave 0xffffffaa 0xffffffaa

,	Aweme!0x3ed3238 this.args3 onLeave 0x55 0x55

,	Aweme!0x3ed3238 this.args4 onLeave 0x33 0x33

,retval onLeave: 0x280e8bea0             0  1  2  3  4  5  6  7  8  9  A  B  C  D  E  F  0123456789ABCDEF
280e8bea0  68 62 21 0c 01 00 00 00 20 00 00 00 1a 00 00 00  hb!..... .......
280e8beb0  20 b9 e8 80 02 00 00 00 66 69 6c 6d 00 00 00 00   .......film....
280e8bec0  c0 be 91 58 c8 f9 00 00 f4 01 00 00 00 00 00 00  ...X............
280e8bed0  00 00 00 00 00 00 00 00 00 00 00 00 00 00 00 00  ................
280e8bee0  e0 be 91 58 c8 f9 00 00 e4 01 00 00 fb 1c d8 41  ...X...........A
280e8bef0  00 00 00 00 00 00 00 00 00 00 00 00 00 00 00 00  ................
280e8bf00  00 03 03 03 03 03 03 03 03 03 03 03 03 03 03 03  ................
280e8bf10  03 03 04 6e 74 65 6e 74 2d 6c 65 6e 67 74 68 00  ...ntent-length.
280e8bf20  20 bf 91 58 c8 f9 00 00 ee 01 00 00 00 00 00 00   ..X............
280e8bf30  0b 4d 50 45 47 2d 34 2d 66 69 6c 6d 00 00 00 00  .MPEG-4-film....
280e8bf40  40 bf 91 58 c8 f9 00 00 e8 01 00 00 65 2c 20 62  @..X........e, b
280e8bf50  72 00 00 00 00 00 00 00 00 00 00 00 00 00 00 00  r...............
280e8bf60  60 bf 91 58 c8 f9 00 00 df 01 00 00 fb 1c d8 41  `..X...........A
280e8bf70  00 00 00 00 00 00 00 00 00 00 00 00 00 00 00 00  ................
280e8bf80  80 bf 91 58 c8 f9 00 00 d1 01 00 00 00 00 00 00  ...X............
280e8bf90  0c 4d 50 45 47 2d 34 20 6d 6f 76 69 65 00 00 00  .MPEG-4 movie...
280e8bfa0  71 33 aa e5 a1 01 00 00 02 00 00 00 00 00 00 00  q3..............
280e8bfb0  b0 3c a7 da 01 00 00 00 d0 3c a7 da 01 00 00 00  .<.......<......
280e8bfc0  c0 bf 91 58 c8 f9 00 00 e7 01 00 00 23 ff ff ff  ...X........#...
280e8bfd0  00 00 00 00 00 00 00 00 00 00 00 00 00 00 00 00  ................
280e8bfe0  91 31 aa e5 a1 01 00 00 20 cd 40 82 02 00 00 00  .1...... .@.....
280e8bff0  02 00 00 80 04 00 00 08 d0 8b db 80 02 00 00 00  ................
280e8c000  00 c0 91 58 c8 f9 00 00 fb 07 00 00 00 00 00 00  ...X............
280e8c010  c0 bf e8 80 02 00 00 00 e0 bf e8 80 02 00 00 00  ................
280e8c020  20 c0 91 58 c8 f9 00 00 01 00 60 00 00 00 00 00   ..X......`.....
280e8c030  79 e9 26 31 08 2c 10 c0 00 00 00 00 00 00 00 00  y.&1.,..........
280e8c040  40 c0 91 58 c8 f9 00 00 02 00 60 00 00 00 00 00  @..X......`.....
280e8c050  cf f7 53 e3 a5 9b f6 3f 00 00 00 00 00 00 00 00  ..S....?........
280e8c060  60 c0 91 58 c8 f9 00 00 03 00 00 00 00 00 00 00  `..X............
280e8c070  20 c0 e8 80 02 00 00 00 40 c0 e8 80 02 00 00 00   .......@.......
280e8c080  80 c0 91 58 c8 f9 00 00 04 00 60 00 00 00 00 00  ...X......`.....
280e8c090  37 89 41 60 e5 d0 da bf 00 00 00 00 00 00 00 00  7.A`............
280e8c0a0  a0 c0 91 58 c8 f9 00 00 05 00 60 00 00 00 00 00  ...X......`.....
280e8c0b0  06 81 95 43 8b 6c df bf 00 00 00 00 00 00 00 00  ...C.l..........
280e8c0c0  c0 c0 91 58 c8 f9 00 00 06 00 00 00 00 00 00 00  ...X............
280e8c0d0  80 c0 e8 80 02 00 00 00 a0 c0 e8 80 02 00 00 00  ................
280e8c0e0  e0 c0 91 58 c8 f9 00 00 07 00 60 00 00 00 00 00  ...X......`.....
280e8c0f0  f0 a7 c6 4b 37 89 e9 3f 00 00 00 00 00 00 00 00  ...K7..?........
280e8c100  00 c1 91 58 c8 f9 00 00 08 00 60 00 00 00 00 00  ...X......`.....
280e8c110  d5 78 e9 26 31 88 20 c0 00 00 00 00 00 00 00 00  .x.&1. .........
280e8c120  20 c1 91 58 c8 f9 00 00 09 00 00 00 00 00 00 00   ..X............
280e8c130  e0 c0 e8 80 02 00 00 00 00 c1 e8 80 02 00 00 00  ................
280e8c140  40 c1 91 58 c8 f9 00 00 0a 00 60 00 00 00 00 00  @..X......`.....
280e8c150  56 0e 2d b2 9d ef 08 c0 00 00 00 00 00 00 00 00  V.-.............
280e8c160  60 c1 91 58 c8 f9 00 00 0b 00 60 00 00 00 00 00  `..X......`.....
280e8c170  2b 87 16 d9 ce 37 27 c0 00 00 00 00 00 00 00 00  +....7'.........
280e8c180  80 c1 91 58 c8 f9 00 00 0c 00 00 00 00 00 00 00  ...X............
280e8c190  40 c1 e8 80 02 00 00 00 60 c1 e8 80 02 00 00 00  @.......`.......
280e8c1a0  a0 c1 91 58 c8 f9 00 00 0d 00 60 00 00 00 00 00  ...X......`.....
280e8c1b0  17 d9 ce f7 53 e3 02 40 00 00 00 00 00 00 00 00  ....S..@........
280e8c1c0  c0 c1 91 58 c8 f9 00 00 0e 00 60 00 00 00 00 00  ...X......`.....
280e8c1d0  df 4f 8d 97 6e 12 20 c0 00 00 00 00 00 00 00 00  .O..n. .........
280e8c1e0  e0 c1 91 58 c8 f9 00 00 0f 00 00 00 00 00 00 00  ...X............
280e8c1f0  a0 c1 e8 80 02 00 00 00 c0 c1 e8 80 02 00 00 00  ................
280e8c200  00 c2 91 58 c8 f9 00 00 10 00 60 00 00 00 00 00  ...X......`.....
280e8c210  4c 37 89 41 60 e5 0a 40 00 00 00 00 00 00 00 00  L7.A`..@........
280e8c220  20 c2 91 58 c8 f9 00 00 11 00 60 00 00 00 00 00   ..X......`.....
280e8c230  9e ef a7 c6 4b 37 ed bf 00 00 00 00 00 00 00 00  ....K7..........
280e8c240  40 c2 91 58 c8 f9 00 00 12 00 00 00 00 00 00 00  @..X............
280e8c250  00 c2 e8 80 02 00 00 00 20 c2 e8 80 02 00 00 00  ........ .......
280e8c260  60 c2 91 58 c8 f9 00 00 13 00 60 00 00 00 00 00  `..X......`.....
280e8c270  31 08 ac 1c 5a e4 1b 40 00 00 00 00 00 00 00 00  1...Z..@........
280e8c280  80 c2 91 58 c8 f9 00 00 14 00 60 00 00 00 00 00  ...X......`.....
280e8c290  b8 1e 85 eb 51 38 1a 40 00 00 00 00 00 00 00 00  ....Q8.@........

[end signal]{
    "X-Argus" = "uvSwXJFTq3tb5ZyhhvHzIP5ZPHHTNz4Bp6qHdXfUxy8d73+uwHRZr5hhBpo4uHPlvT/x+XnsyDKmaBi2zs6gj7/Gr5F/aW1wz0pGGnzTDjS1ZQ42S+Ft+TWLczAciLddO5Jr5PpQSGbb5+lmLZ+1k7Zoy1BOK+CGQUVrAwQNz0kjpfSCml9DZmv+Rv5Fy0kqO+JfXSIBxxujXvwW8vV0TOr3D7h+gzomYROJILh+HkQorw==";
    "X-Gorgon" = 840420b9000092789b9c142c97ea2b3eb66d7a40a81fd8f55835;
    "X-Khronos" = 1618201440;
    "X-Ladon" = AkMeMtm7JoPGhl9tyP9wocVBYfztrK6tTeUvzaIpJxnMm1js;
    "X-Tyhon" = "wWDAxXLTjpc2ycDFPdKSgSecwIo8zoSQcpzAAlI=";
}
Aweme!0x3eda5fc 1
Aweme!0x3e70af4 21
Aweme!0x3e8c7d4 2
Aweme!0x3ecfd64 1
Aweme!0x3e4e71c 4
Aweme!0x3eca9a4 4
Aweme!0x3eca604 3
Aweme!0x3ed3028 814
Aweme!0x3ed31f8 2
Aweme!0x3ee49e0 1
Aweme!0x3ecb1fc 1
Aweme!0x3ecb02c 2
Aweme!0x3e71294 2
Aweme!0x3e86dec 1
Aweme!0x3ea7a90 8
Aweme!0x3e67bc0 2
Aweme!0x3e71464 1
Aweme!0x3e5c8a4 1
Aweme!0x3e87300 4
Aweme!0x775e348 7
Aweme!0x3ea0a88 1
Aweme!0x3ed32b4 2
Aweme!0x3ea8c54 6
Aweme!0x3e4e1b0 5
Aweme!0x3ea8d0c 394
Aweme!0x3e5bd68 4
Aweme!0x3ea1680 3
Aweme!0x3e716f0 7
Aweme!0x3e5c61c 2
Aweme!0x3e70c10 3
Aweme!0x3e84b20 1
Aweme!0x775e7a4 238
Aweme!0x3ede85c 3
Aweme!0x775cb00 1
Aweme!0x775e918 1
Aweme!0x3ea1228 1
Aweme!0x3ea61ec 21
Aweme!0x3e808c8 1
Aweme!0x3e6047c 1
Aweme!0x3e713b0 3
Aweme!0x3ed325c 5
Aweme!0x775e804 4
Aweme!0x3e71698 10
Aweme!0x3ecb260 6
Aweme!0x3e853d8 30
Aweme!0x3e85208 9
Aweme!0x3e71128 1
Aweme!0x3e7bed4 1
Aweme!0x3ea61f0 2
Aweme!0x3e7129c 1
Aweme!0x3e712f8 1
Aweme!0x3e86df4 9
Aweme!0x3ea2ad4 2
Aweme!0x3e70b5c 20
Aweme!0x3e71240 2
Aweme!0x3e4e728 2
Aweme!0x3e51534 7
Aweme!0x3ed9ec8 3
Aweme!0x3e70c74 1
Aweme!0x3ea1858 37
Aweme!0x3ecf460 1
Aweme!0x3ecc428 1
Aweme!0x3edb1a4 1
Aweme!0x3e83398 1
Aweme!0x3e70d30 1
Aweme!0x3ed9d58 5
Aweme!0x3e5cbf4 1
Aweme!0x3e872b0 10
Aweme!0x3e711e8 1
Aweme!0x3ea8ba8 55
Aweme!0x3eda3e0 4
Aweme!0x3ec92dc 1
Aweme!0x3ed3264 257
Aweme!0x3e8a230 1
Aweme!0x3e7118c 2
Aweme!0x3ea8d1c 1
Aweme!0x3e87254 7
Aweme!0x3e617bc 1
Aweme!0x3ea1630 2
Aweme!0x3e71300 1
Aweme!0x3ea8cc0 3
Aweme!0x3e86fcc 4
Aweme!0x3ed3150 41
Aweme!0x3e87d94 2
Aweme!0x3eca8a0 1
Aweme!0x3e4e730 2
Aweme!0x3e8a290 1
Aweme!0x3ecaa14 5
Aweme!0x3edb264 1
Aweme!0x3ee1390 1
Aweme!0x3ed32c4 2
Aweme!0x3e7019c 1
Aweme!0x3e52134 5
Aweme!0x3e713bc 1
Aweme!0x3e70140 1
Aweme!0x3e70d94 1
Aweme!0x3e58b14 236
Aweme!0x3e67890 4
Aweme!0x3ed31b0 1
Aweme!0x3e7141c 1
Aweme!0x3e7124c 5
Aweme!0x3e86f74 1
Aweme!0x3e84dbc 1
Aweme!0x3ea8bb0 69
Aweme!0x3e4de24 9
Aweme!0x3e708e0 1
Aweme!0x3e8c790 2
Aweme!0x3e70fc4 4
Aweme!0x3edb20c 2
Aweme!0x3e88764 1
Aweme!0x3e87200 1
Aweme!0x3ea1b4c 1
Aweme!0x775e078 9
Aweme!0x3e868f0 5
Aweme!0x3e86fd4 4
Aweme!0x3e52080 14
Aweme!0x3ea197c 28
Aweme!0x3ead4f0 1
Aweme!0x3ed4bd0 1
Aweme!0x3e71080 2
Aweme!0x3ea1a94 1
Aweme!0x3e70b10 12
Aweme!0x3ecd59c 2
Aweme!0x3ecaa78 1
Aweme!0x3eda21c 2
Aweme!0x3ed7070 2
Aweme!0x3e71368 2
Aweme!0x3ed9e7c 3
Aweme!0x3e90e48 1
Aweme!0x3ea7994 4
Aweme!0x3ecb2d0 57
Aweme!0x3e520e0 14
Aweme!0x3e70bcc 1
Aweme!0x3eb1c60 1
Aweme!0x775c5a8 7
Aweme!0x3ecaca8 1
Aweme!0x3ea03c0 1
Aweme!0x3e5c520 2
Aweme!0x3edad5c 2
Aweme!0x3e8a128 1
Aweme!0x3ee7920 4
Aweme!0x3ec9348 2
Aweme!0x3ea1188 1
Aweme!0x3ed72a0 1
Aweme!0x3e5d118 1
Aweme!0x3e71028 1
Aweme!0x3ea169c 2
Aweme!0x3e926f4 1
Aweme!0x3ecb278 1
Aweme!0x3e67728 3
Aweme!0x3e70f70 2
Aweme!0x3e92868 1
Aweme!0x3e86fdc 1
Aweme!0x3ea1928 1
Aweme!0x3e71428 1
Aweme!0x3e90f08 1
Aweme!0x3ed69f0 1
Aweme!0x3eca340 6
Aweme!0x3e4e740 4
Aweme!0x3e711fc 1
Aweme!0x775d148 23
Aweme!0x3e8a244 1
Aweme!0x3e70fd0 4
Aweme!0x3ecb9bc 3
Aweme!0x3ecb164 1
Aweme!0x3ea8cd4 3
Aweme!0x3e4dd78 1
Aweme!0x775e084 6
Aweme!0x3e61204 2
Aweme!0x3e71488 1
Aweme!0x3e5208c 5
Aweme!0x3e70d48 2
Aweme!0x3e5cc68 2
Aweme!0x3ea03c8 9
Aweme!0x3e57394 1
Aweme!0x3ecb1c4 1
Aweme!0x3ea1c70 1
Aweme!0x3ea7c28 5
Aweme!0x3e624e0 2
Aweme!0x3eda3f8 3
Aweme!0x3e70550 3
Aweme!0x3e71374 2
Aweme!0x3e928cc 2
Aweme!0x3eb31d0 4
Aweme!0x3e71318 3
Aweme!0x3e520ec 6
Aweme!0x3e70da8 5
Aweme!0x3e70bd8 3
Aweme!0x3e5c1e8 1
Aweme!0x3e7ce8c 4
Aweme!0x3ea8c7c 2
Aweme!0x3e71430 3
Aweme!0x3ecac58 52
Aweme!0x775dfd0 38
Aweme!0x3e84a30 1
Aweme!0x3ed32dc 257
Aweme!0x3ecda08 1
Aweme!0x3ee5718 6
Aweme!0x3e8c7a4 2
Aweme!0x775e828 9
Aweme!0x3ecb9c4 4
Aweme!0x3ea0828 7
Aweme!0x3ea164c 1
Aweme!0x3ed3224 256
Aweme!0x3e9a300 2
Aweme!0x3e7114c 1
Aweme!0x3e5cb58 2
Aweme!0x3e70f7c 1
Aweme!0x3e86ad4 2
Aweme!0x3ecc730 1
Aweme!0x3ea1764 1
Aweme!0x3ead334 1
Aweme!0x3e68100 1
Aweme!0x3e58a74 472
Aweme!0x775e888 1
Aweme!0x3ecf140 1
Aweme!0x3ed67d0 6
Aweme!0x3ed30b4 4
Aweme!0x3ed9e90 5
Aweme!0x3e711ac 3
Aweme!0x775c7e8 394
Aweme!0x3e87048 2
Aweme!0x775e090 3
Aweme!0x3eca7a8 4
Aweme!0x3e51f24 5
Aweme!0x3e70db0 21
Aweme!0x3e70100 2
Aweme!0x3e93d80 8
Aweme!0x3ede65c 1
Aweme!0x3e523dc 2
Aweme!0x3ea8c28 4
Aweme!0x3e8a13c 1
Aweme!0x3e70b28 12
Aweme!0x3ea170c 9
Aweme!0x3ecc8a8 1
Aweme!0x3ecec30 19
Aweme!0x3ecda6c 2
Aweme!0x775d328 2
Aweme!0x3ecf828 1
Aweme!0x3ee4b84 8
Aweme!0x3ecb118 3
Aweme!0x3ee5894 2
Aweme!0x3e71268 1
Aweme!0x3e4e698 2
Aweme!0x3e86adc 1
Aweme!0x3edb340 2
Aweme!0x3e71668 9
Aweme!0x3ed9ddc 8
Aweme!0x3ed4a78 1
Aweme!0x3ea1998 1
Aweme!0x3e67854 1
Aweme!0x3e87334 5
Aweme!0x3ed3344 1
Aweme!0x3eda120 1
Aweme!0x3e58964 1
Aweme!0x3e90ec0 1
Aweme!0x3eda408 2
Aweme!0x3ea16b4 45
Aweme!0x3e516d4 7
Aweme!0x3edacbc 1
Aweme!0x775e834 2
Aweme!0x3ed328c 2
Aweme!0x3e71328 1
Aweme!0x3e51f88 10
Aweme!0x3edb174 1
Aweme!0x3e89ce8 1
Aweme!0x3e86ff4 2
Aweme!0x775ec90 6
Aweme!0x3ecc90c 2
Aweme!0x3e67688 3
Aweme!0x3e71440 1
Aweme!0x3e71270 3
Aweme!0x3e52044 3
Aweme!0x3ee4790 1
Aweme!0x3ecf88c 2
Aweme!0x775e720 6
Aweme!0x3e872dc 5
Aweme!0x3e70ca4 2
Aweme!0x3e5c824 2
Aweme!0x3ed7260 1
Aweme!0x3ecb9d4 1
Aweme!0x775c7f4 38
Aweme!0x3e70dbc 1
Aweme!0x3e86ae4 1
Aweme!0x3e714a0 2
Aweme!0x3ecaaf8 1
Aweme!0x3e709c0 30
Aweme!0x3e523e8 2
Aweme!0x3ecfc30 1
Aweme!0x3e84c14 1
Aweme!0x3ecb180 19
Aweme!0x3e71218 3
Aweme!0x3e86ba0 3
Aweme!0x3ea6110 2
Aweme!0x3e70e1c 2
Aweme!0x3ed3238 6
Aweme!0x775e7e0 2
Aweme!0x3e70f90 2
Aweme!0x3ea1b74 10
Aweme!0x3ee5674 4
Aweme!0x3e51ed8 14
Aweme!0x3e5de48 2
Aweme!0x3eac354 1
Aweme!0x3ecb1e0 1
Aweme!0x3e71448 1
Aweme!0x3eaea20 11
Aweme!0x3e70d08 2
Aweme!0x3ed32f4 2
Aweme!0x3e56530 1
Aweme!0x3e4e1f0 9
Aweme!0x3ecb9dc 7
Aweme!0x3ea1664 1
Aweme!0x3e885c0 1
Aweme!0x3ed3010 516
Aweme!0x3e71108 1
Aweme!0x3e70f38 3
Aweme!0x3eca930 14
Aweme!0x3e7cea8 2
Aweme!0x3e67c04 1
Aweme!0x3e67a34 1
Aweme!0x3e523f0 5
Aweme!0x3ea7e18 52
Aweme!0x3ea3c78 1
Aweme!0x3e84a4c 1
Aweme!0x3e60518 1
Aweme!0x3ecb188 2
Aweme!0x3ecafb8 1
Aweme!0x3ead464 1
Aweme!0x3ed30cc 2
Aweme!0x3ed9ea8 5
Aweme!0x3e711c4 2
Aweme!0x3ecb2a0 24
Aweme!0x3ed7210 1
Aweme!0x3ed3240 1
Aweme!0x3e7cf08 2
Aweme!0x3e57ef4 18
Aweme!0x3e86920 5
Aweme!0x3ed31e4 258
Aweme!0x3e712dc 3
Aweme!0x3ed9fc0 1
Aweme!0x3ed3358 3
Aweme!0x775e78c 238
Aweme!0x775e390 3
Aweme!0x3ede618 2
Aweme!0x3edded8 1
Aweme!0x3ecef8c 1
Aweme!0x3e90ed4 1
Aweme!0x3e713f4 1
Aweme!0x3ecb9e4 7
Aweme!0x3eca820 4
Aweme!0x3ecabc0 5
Aweme!0x3ea1d50 1
Aweme!0x3e51f40 3
Aweme!0x3e714b0 1
Aweme!0x775c5d8 32
Aweme!0x3e5e594 1
Aweme!0x3e70ba0 10
Aweme!0x3e868c8 5
Aweme!0x3e5e8d8 1
Aweme!0x3e4f5ec 2
Aweme!0x3e71284 1
Aweme!0x3e8c880 4
Aweme!0x3ea1ac8 1
Aweme!0x3e70b44 9
Aweme!0x3e51918 7
Aweme!0x3e67810 56
Aweme!0x3e6057c 2
Aweme!0x3e61858 1
Aweme!0x3eac818 1
Aweme!0x3ecb134 1
Aweme!0x3ecaf64 1
Aweme!0x3ecfd58 1
Aweme!0x3e711cc 2
Aweme!0x3eda368 1
Aweme!0x3ecf3ec 2
Aweme!0x3e523fc 7
Aweme!0x3e710b8 2
Aweme!0x3e5205c 11
Aweme!0x3e7ce58 4
Aweme!0x3eca540 4
Aweme!0x3ecf504 1
Aweme!0x3ed7104 4
Aweme!0x3ea6180 1
Aweme!0x3e872f4 2
Aweme!0x3ed3304 1
Aweme!0x3ed32a8 3
Aweme!0x3e870c8 2
Aweme!0x3ea0f90 1
Aweme!0x3e51fa4 3
Aweme!0x3ee4520 2
Aweme!0x3eda3c8 3
Aweme!0x3eda028 1
Aweme!0x3ea8d04 7
Aweme!0x3e5e93c 2
Aweme!0x3e712e8 2
Aweme!0x3ea7e84 1
Aweme!0x3eac8d8 1
Aweme!0x3e618bc 2
Aweme!0x3e7128c 6
Aweme!0x775e39c 7
Aweme!0x3e86de4 1
Aweme!0x3e70d1c 2
Aweme!0x775b534 2
Aweme!0x3ecaa58 11
Aweme!0x3e70920 1
Aweme!0x3ed9eb8 4
Aweme!0x3e71400 1
Aweme!0x3e67b00 2
Aweme!0x3ea12d8 1
Aweme!0x775e7f8 1
Aweme!0x3eca9a0 1
Aweme!0x3e58b58 236
Aweme!0x3e713a4 1
Aweme!0x3e5c5b8 1
Aweme!0x3e7111c 2
Aweme!0x3e520c0 3
Aweme!0x3e70d7c 2
Aweme!0x3e93da8 2
Aweme!0x3e70980 29
On receive  16384
Error happenError: unable to find module containing 0x124f3825c
Error happenError: unable to find module containing 0x124eba984
Error happenError: unable to find module containing 0x124eba994
call: Aweme!0x3ecb52c Aweme!0x775e390@DYLD-STUB$$objc_retain
call: Foundation!0x715c libobjc.A.dylib!0x47e8@object_getClass
call: Foundation!0x71cc CoreFoundation!0xaae2c@_CFNonObjCRetain
call: Aweme!0x3ecb538 Aweme!0x775e390@DYLD-STUB$$objc_retain
call: Aweme!0x3ecb554 Aweme!0x775e348@DYLD-STUB$$objc_msgSend
call: Foundation!0x40150 libobjc.A.dylib!0x2080@objc_msgSend
call: Foundation!0x732c libobjc.A.dylib!0x47e8@object_getClass
call: Foundation!0x40180 CoreFoundation!0xf2138@CFURLCopyAbsoluteURL
call: CoreFoundation!0xf2164 CoreFoundation!0xabff8@CFGetAllocator
call: CoreFoundation!0xf2234 CoreFoundation!0x2af0@CFRetain
call: Foundation!0x4018c CoreFoundation!0xf1b04@CFURLGetString
call: Foundation!0x40190 libobjc.A.dylib!0x20010@objc_retain
call: CoreFoundation!0x6bec CoreFoundation!0xaae2c@_CFNonObjCRetain
call: Foundation!0x40194 libobjc.A.dylib!0x20080@objc_autorelease
call: Foundation!0x401a0 CoreFoundation!0x2694@CFRelease
call: Aweme!0x3ecb558 Aweme!0x3ecb9c4@0x3ecb9c4
call: CoreFoundation!0x6bec CoreFoundation!0xaae2c@_CFNonObjCRetain
call: Aweme!0x3ecb570 Aweme!0x775e348@DYLD-STUB$$objc_msgSend
call: Aweme!0x3ecb58c Aweme!0x3ecb9dc@0x3ecb9dc
call: libc++abi.dylib!0xee0 libc++abi.dylib!0x10e54@DYLD-STUB$$malloc
call: libsystem_malloc.dylib!0x10160 libsystem_malloc.dylib!0xf6b8@malloc_zone_malloc
call: libsystem_malloc.dylib!0xf750 libsystem_malloc.dylib!0x11d64@default_zone_malloc
call: libsystem_malloc.dylib!0xecc libsystem_malloc.dylib!0xf20@nanov2_allocate$VARIANT$mp
call: libsystem_malloc.dylib!0xf98 libsystem_malloc.dylib!0x1b18@nanov2_allocate_from_block$VARIANT$mp
call: Aweme!0x3ecb598 Aweme!0x775e39c@DYLD-STUB$$objc_retainAutorelease
call: libobjc.A.dylib!0x218c4 libobjc.A.dylib!0x20010@objc_retain
call: CoreFoundation!0x6bec CoreFoundation!0xaae2c@_CFNonObjCRetain
call: Aweme!0x3ecb5a4 Aweme!0x3ecb9e4@0x3ecb9e4
call: CoreFoundation!0x6980 CoreFoundation!0xc7c40@__CFStringMtbl
call: CoreFoundation!0x69b4 CoreFoundation!0xcf3e4@CFStringGetCStringPtr
call: Aweme!0x3ecb5b0 Aweme!0x3eca930@0x3eca930
call: Aweme!0x3eca8d4 Aweme!0x3ecb180@0x3ecb180
call: Aweme!0x3eca8e8 Aweme!0x775dfd0@DYLD-STUB$$malloc
call: libsystem_malloc.dylib!0x10160 libsystem_malloc.dylib!0xf6b8@malloc_zone_malloc
call: libsystem_malloc.dylib!0xf750 libsystem_malloc.dylib!0x11d64@default_zone_malloc
call: libsystem_malloc.dylib!0x6224 libsystem_malloc.dylib!0x17638@tiny_malloc_should_clear
call: libsystem_malloc.dylib!0x176d0 libsystem_platform.dylib!0x8cf8@DYLD-STUB$$os_unfair_lock_lock_with_options
call: libsystem_malloc.dylib!0x17714 libsystem_malloc.dylib!0x1902c@tiny_malloc_from_free_list
call: libsystem_malloc.dylib!0x19270 libsystem_malloc.dylib!0x17ca8@set_tiny_meta_header_in_use
call: libsystem_malloc.dylib!0x17a4c libsystem_platform.dylib!0x8d1c@DYLD-STUB$$os_unfair_lock_unlock
call: Aweme!0x3eca8f4 Aweme!0x3ecb2a0@0x3ecb2a0
call: Aweme!0x3ecb5bc Aweme!0x3eca340@0x3eca340
call: Aweme!0x3eca35c Aweme!0x3e58b14@0x3e58b14
call: Aweme!0x3e58af4 Aweme!0x3e58a74@0x3e58a74
call: Aweme!0x3e58afc Aweme!0x775e78c@DYLD-STUB$$pthread_mutex_lock
call: Aweme!0x3eca368 Aweme!0x775c5d8@DYLD-STUB$$operator new(unsigned long)
call: libc++abi.dylib!0xee0 libc++abi.dylib!0x10e54@DYLD-STUB$$malloc
call: libsystem_malloc.dylib!0x10160 libsystem_malloc.dylib!0xf6b8@malloc_zone_malloc
call: libsystem_malloc.dylib!0xf750 libsystem_malloc.dylib!0x11d64@default_zone_malloc
call: libsystem_malloc.dylib!0xecc libsystem_malloc.dylib!0xf20@nanov2_allocate$VARIANT$mp
call: libsystem_malloc.dylib!0xf98 libsystem_malloc.dylib!0x1b18@nanov2_allocate_from_block$VARIANT$mp
call: Aweme!0x3eca37c Aweme!0x3e58b58@0x3e58b58
call: Aweme!0x3e58b3c Aweme!0x3e58a74@0x3e58a74
call: Aweme!0x3e58b44 Aweme!0x775e7a4@DYLD-STUB$$pthread_mutex_unlock
call: Aweme!0x3ecb5c4 Aweme!0x3e86ba0@0x3e86ba0
call: Aweme!0x3e86bb0 Aweme!0x3e87334@0x3e87334
call: libc++abi.dylib!0xee0 libc++abi.dylib!0x10e54@DYLD-STUB$$malloc
call: libsystem_malloc.dylib!0x10160 libsystem_malloc.dylib!0xf6b8@malloc_zone_malloc
call: libsystem_malloc.dylib!0xf750 libsystem_malloc.dylib!0x11d64@default_zone_malloc
call: libsystem_malloc.dylib!0xecc libsystem_malloc.dylib!0xf20@nanov2_allocate$VARIANT$mp
call: libsystem_malloc.dylib!0xf98 libsystem_malloc.dylib!0x1b18@nanov2_allocate_from_block$VARIANT$mp
call: Aweme!0x3e86bd8 Aweme!0x3e868f0@0x3e868f0
call: Aweme!0x3e86908 Aweme!0x3e87254@0x3e87254
call: Aweme!0x3e8690c Aweme!0x3ed9d58@0x3ed9d58
call: Aweme!0x3ed9d74 Aweme!0x3ea61ec@0x3ea61ec
call: libsystem_malloc.dylib!0x10160 libsystem_malloc.dylib!0xf6b8@malloc_zone_malloc
call: libsystem_malloc.dylib!0xf750 libsystem_malloc.dylib!0x11d64@default_zone_malloc
call: libsystem_malloc.dylib!0xecc libsystem_malloc.dylib!0xf20@nanov2_allocate$VARIANT$mp
call: libsystem_malloc.dylib!0xf98 libsystem_malloc.dylib!0x1b18@nanov2_allocate_from_block$VARIANT$mp
call: Aweme!0x3ed9d80 Aweme!0x3e516d4@0x3e516d4
call: Aweme!0x3e516e0 Aweme!0x3e520e0@0x3e520e0
call: Aweme!0x3e516e4 Aweme!0x3e51ed8@0x3e51ed8
call: Aweme!0x3e51ee4 Aweme!0x3ea61ec@0x3ea61ec
call: libsystem_malloc.dylib!0x10160 libsystem_malloc.dylib!0xf6b8@malloc_zone_malloc
call: libsystem_malloc.dylib!0xf750 libsystem_malloc.dylib!0x11d64@default_zone_malloc
call: libsystem_malloc.dylib!0xecc libsystem_malloc.dylib!0xf20@nanov2_allocate$VARIANT$mp
call: libsystem_malloc.dylib!0xf98 libsystem_malloc.dylib!0x1b18@nanov2_allocate_from_block$VARIANT$mp
call: Aweme!0x3ed9d84 Aweme!0x3e523f0@0x3e523f0
call: Aweme!0x3e86bdc Aweme!0x3e872dc@0x3e872dc
call: Aweme!0x3e808e4 Aweme!0x3e58b14@0x3e58b14
call: Aweme!0x3e58af4 Aweme!0x3e58a74@0x3e58a74
call: Aweme!0x3e58afc Aweme!0x775e78c@DYLD-STUB$$pthread_mutex_lock
call: Aweme!0x3e808f0 Aweme!0x775c5d8@DYLD-STUB$$operator new(unsigned long)
call: libc++abi.dylib!0xee0 libc++abi.dylib!0x10e54@DYLD-STUB$$malloc
call: libsystem_malloc.dylib!0x10160 libsystem_malloc.dylib!0xf6b8@malloc_zone_malloc
call: libsystem_malloc.dylib!0xf750 libsystem_malloc.dylib!0x11d64@default_zone_malloc
call: libsystem_malloc.dylib!0xecc libsystem_malloc.dylib!0xf20@nanov2_allocate$VARIANT$mp
call: libsystem_malloc.dylib!0xf98 libsystem_malloc.dylib!0x1b18@nanov2_allocate_from_block$VARIANT$mp
call: Aweme!0x3e80904 Aweme!0x3e58b58@0x3e58b58
call: Aweme!0x3e58b3c Aweme!0x3e58a74@0x3e58a74
call: Aweme!0x3e58b44 Aweme!0x775e7a4@DYLD-STUB$$pthread_mutex_unlock
call: Aweme!0x3ecb5e8 Aweme!0x775e390@DYLD-STUB$$objc_retain
call: Aweme!0x3ecb608 Aweme!0x775e348@DYLD-STUB$$objc_msgSend
call: Aweme!0x3ecb64c Aweme!0x3e5bd68@0x3e5bd68
call: Aweme!0x3e5bd80 Aweme!0x3e58b14@0x3e58b14
call: Aweme!0x3e58af4 Aweme!0x3e58a74@0x3e58a74
call: Aweme!0x3e58afc Aweme!0x775e78c@DYLD-STUB$$pthread_mutex_lock
call: Aweme!0x3e5bd8c Aweme!0x3e58b58@0x3e58b58
call: Aweme!0x3e58b3c Aweme!0x3e58a74@0x3e58a74
call: Aweme!0x3e58b44 Aweme!0x775e7a4@DYLD-STUB$$pthread_mutex_unlock
call: Aweme!0x3ecb654 Aweme!0x3ecb9dc@0x3ecb9dc
call: libc++abi.dylib!0xee0 libc++abi.dylib!0x10e54@DYLD-STUB$$malloc
call: libsystem_malloc.dylib!0x10160 libsystem_malloc.dylib!0xf6b8@malloc_zone_malloc
call: libsystem_malloc.dylib!0xf750 libsystem_malloc.dylib!0x11d64@default_zone_malloc
call: libsystem_malloc.dylib!0xecc libsystem_malloc.dylib!0xf20@nanov2_allocate$VARIANT$mp
call: libsystem_malloc.dylib!0xf98 libsystem_malloc.dylib!0x1b18@nanov2_allocate_from_block$VARIANT$mp
call: Aweme!0x3ecb660 Aweme!0x775e39c@DYLD-STUB$$objc_retainAutorelease
call: libobjc.A.dylib!0x218c4 libobjc.A.dylib!0x20010@objc_retain
call: CoreFoundation!0x6bec CoreFoundation!0xaae2c@_CFNonObjCRetain
call: Aweme!0x3ecb668 Aweme!0x3ecb9e4@0x3ecb9e4
call: CoreFoundation!0x6980 CoreFoundation!0xc7c40@__CFStringMtbl
call: CoreFoundation!0x69b4 CoreFoundation!0xcf3e4@CFStringGetCStringPtr
call: Aweme!0x3ecb674 Aweme!0x3eca930@0x3eca930
call: Aweme!0x3eca8d4 Aweme!0x3ecb180@0x3ecb180
call: Aweme!0x3eca8e8 Aweme!0x775dfd0@DYLD-STUB$$malloc
call: libsystem_malloc.dylib!0x10160 libsystem_malloc.dylib!0xf6b8@malloc_zone_malloc
call: libsystem_malloc.dylib!0xf750 libsystem_malloc.dylib!0x11d64@default_zone_malloc
call: libsystem_malloc.dylib!0xecc libsystem_malloc.dylib!0xf20@nanov2_allocate$VARIANT$mp
call: libsystem_malloc.dylib!0xf98 libsystem_malloc.dylib!0x1b18@nanov2_allocate_from_block$VARIANT$mp
call: Aweme!0x3eca8f4 Aweme!0x3ecb2a0@0x3ecb2a0
call: Aweme!0x3ecb678 Aweme!0x3ecb9dc@0x3ecb9dc
call: libc++abi.dylib!0xee0 libc++abi.dylib!0x10e54@DYLD-STUB$$malloc
call: libsystem_malloc.dylib!0x10160 libsystem_malloc.dylib!0xf6b8@malloc_zone_malloc
call: libsystem_malloc.dylib!0xf750 libsystem_malloc.dylib!0x11d64@default_zone_malloc
call: libsystem_malloc.dylib!0xecc libsystem_malloc.dylib!0xf20@nanov2_allocate$VARIANT$mp
call: libsystem_malloc.dylib!0xf98 libsystem_malloc.dylib!0x1b18@nanov2_allocate_from_block$VARIANT$mp
call: Aweme!0x3ecb68c Aweme!0x775e348@DYLD-STUB$$objc_msgSend
call: CoreFoundation!0x463c libobjc.A.dylib!0x2080@objc_msgSend
call: CoreFoundation!0x4680 libobjc.A.dylib!0x2080@objc_msgSend
call: CoreFoundation!0x4228 CoreFoundation!0x2b6c@_CFStringEqual
call: CoreFoundation!0x4680 libobjc.A.dylib!0x2080@objc_msgSend
call: CoreFoundation!0x4228 CoreFoundation!0x2b6c@_CFStringEqual
call: Aweme!0x3ecb690 Aweme!0x3ecb9c4@0x3ecb9c4
call: CoreFoundation!0x6bec CoreFoundation!0xaae2c@_CFNonObjCRetain
call: Aweme!0x3ecb694 Aweme!0x775e39c@DYLD-STUB$$objc_retainAutorelease
call: libobjc.A.dylib!0x218c4 libobjc.A.dylib!0x20010@objc_retain
call: CoreFoundation!0x6bec CoreFoundation!0xaae2c@_CFNonObjCRetain
call: Aweme!0x3ecb69c Aweme!0x3ecb9e4@0x3ecb9e4
call: CoreFoundation!0x6980 CoreFoundation!0xc7c40@__CFStringMtbl
call: CoreFoundation!0x69b4 CoreFoundation!0xcf3e4@CFStringGetCStringPtr
call: Aweme!0x3ecb6a8 Aweme!0x3eca930@0x3eca930
call: Aweme!0x3eca8d4 Aweme!0x3ecb180@0x3ecb180
call: Aweme!0x3eca8e8 Aweme!0x775dfd0@DYLD-STUB$$malloc
call: libsystem_malloc.dylib!0x10160 libsystem_malloc.dylib!0xf6b8@malloc_zone_malloc
call: libsystem_malloc.dylib!0xf750 libsystem_malloc.dylib!0x11d64@default_zone_malloc
call: libsystem_malloc.dylib!0x6224 libsystem_malloc.dylib!0x17638@tiny_malloc_should_clear
call: libsystem_malloc.dylib!0x176d0 libsystem_platform.dylib!0x8cf8@DYLD-STUB$$os_unfair_lock_lock_with_options
call: libsystem_malloc.dylib!0x17714 libsystem_malloc.dylib!0x1902c@tiny_malloc_from_free_list
call: libsystem_malloc.dylib!0x19688 libsystem_malloc.dylib!0x15fc8@tiny_free_list_add_ptr
call: libsystem_malloc.dylib!0x19270 libsystem_malloc.dylib!0x17ca8@set_tiny_meta_header_in_use
call: libsystem_malloc.dylib!0x17a4c libsystem_platform.dylib!0x8d1c@DYLD-STUB$$os_unfair_lock_unlock
call: Aweme!0x3eca8f4 Aweme!0x3ecb2a0@0x3ecb2a0
call: Aweme!0x3ecb6b8 Aweme!0x3e86920@0x3e86920
call: Aweme!0x3e8694c Aweme!0x3ed9ea8@0x3ed9ea8
call: Aweme!0x3e51e10 Aweme!0x3e52080@0x3e52080
call: Aweme!0x3e8695c Aweme!0x3ed9ddc@0x3ed9ddc
call: Aweme!0x3e86970 Aweme!0x3e51f88@0x3e51f88
call: Aweme!0x3e86980 Aweme!0x3e868c8@0x3e868c8
call: Aweme!0x3e868e0 Aweme!0x775c5d8@DYLD-STUB$$operator new(unsigned long)
call: libc++abi.dylib!0xee0 libc++abi.dylib!0x10e54@DYLD-STUB$$malloc
call: libsystem_malloc.dylib!0x10160 libsystem_malloc.dylib!0xf6b8@malloc_zone_malloc
call: libsystem_malloc.dylib!0xf750 libsystem_malloc.dylib!0x11d64@default_zone_malloc
call: libsystem_malloc.dylib!0xecc libsystem_malloc.dylib!0xf20@nanov2_allocate$VARIANT$mp
call: libsystem_malloc.dylib!0xf98 libsystem_malloc.dylib!0x1b18@nanov2_allocate_from_block$VARIANT$mp
call: Aweme!0x3e86990 Aweme!0x3ed9e90@0x3ed9e90
call: Aweme!0x3e51884 Aweme!0x3e52080@0x3e52080
