AwemeModuleBase:0x104c034f0
arg1 https://search3-search-lf.amemv.com/aweme/v1/search/item/?caid1=0803bffc8815b9f02c08f48f95c1008c&tma_jssdk_version=2.1.0.2&minor_status=0&ac=WIFI&appTheme=dark&is_vcd=1&keyword=%E7%8E%8B%E4%B8%80%E5%8D%9A&video_cover_shrink=372_496&enter_from=homepage_hot&sort_type=0&backtrace=M7U2PfbCPC7qlX46ow2D73foIbuD7zG%2BTODCT48wHI74oC1dlQVm4omXMt%2BkHUSKjMf5EJvWyjt3jVKDb%2FBylQ%3D%3D&count=12&is_filter_search=0&user_avatar_shrink=64_64&source=video_search&query_correct_type=1&rs_word_count=5&offset=0&search_source=normal_search&publish_time=0&hot_search=0&aid=1128&app_name=aweme&app_version=14.8.0&build_number=148013&cdid=FEDA96DE-E849-4E15-99C9-66CD61F50ADD&channel=App%20Store&device_id=4169787388733342&device_platform=iphone&device_type=iPhone9,1&idfa=322127EF-8E4E-48E9-98E0-99ACBDC85525&iid=2955926580500413&js_sdk_version=1.99.0.3&mcc_mnc=&openudid=a4cb7b4ade7c5e8e6c90cf8f892aafe6c64c73d1&os_api=18&os_version=13.3.1&screen_width=750&version_code=14.8.0&vid=25AD3C98-7CA5-4B2E-9B39-9BAEFC31BBD2
arg2 {
    "User-Agent" = "Aweme 14.8.0 rv:148013 (iPhone; iOS 13.3.1; zh_CN) Cronet";
    "x-common-params-v2" = "aid=1128&app_name=aweme&app_version=14.8.0&build_number=148013&cdid=FEDA96DE-E849-4E15-99C9-66CD61F50ADD&channel=App%20Store&device_id=4169787388733342&device_platform=iphone&device_type=iPhone9,1&idfa=322127EF-8E4E-48E9-98E0-99ACBDC85525&iid=2955926580500413&js_sdk_version=1.99.0.3&mcc_mnc=&openudid=a4cb7b4ade7c5e8e6c90cf8f892aafe6c64c73d1&os_api=18&os_version=13.3.1&screen_width=750&version_code=14.8.0&vid=25AD3C98-7CA5-4B2E-9B39-9BAEFC31BBD2";
    "x-tt-token" = "003c4774314c4f83d0177a0ae886f5a6f50056cb8fc53fa60c3b0bf88596c762fc922f46798e27276d911e99fde0203a46a8df6837c3279998eaaccf63df5e59c34fb9458bd8d9b17fd1ecf392c2a6fc08649f8411f4295761fc95f3fe46affde27ce-1.0.1";
}
call Aweme!0x3e70e1c
,	Aweme!0x3e70e1c this.args0 0x281dd8900             0  1  2  3  4  5  6  7  8  9  A  B  C  D  E  F  0123456789ABCDEF
281dd8900  40 ef 8c 08 01 00 00 00 c0 a1 69 80 02 00 00 00  @.........i.....
281dd8910  80 cf b8 83 02 00 00 00 80 74 90 83 02 00 00 00  .........t......
281dd8920  50 bd b8 83 02 00 00 00 00 66 7c 81 02 00 00 00  P........f|.....
281dd8930  e0 fb b9 83 02 00 00 00 10 f4 28 81 02 00 00 00  ..........(.....
281dd8940  b0 bd b8 83 02 00 00 00 40 ac 90 83 02 00 00 00  ........@.......
281dd8950  e0 bd b8 83 02 00 00 00 d0 40 29 80 02 00 00 00  .........@).....
281dd8960  79 ab aa e5 a1 01 00 00 00 7b 45 0a 01 00 00 00  y........{E.....
281dd8970  a0 c2 67 83 02 00 00 00 23 18 1d f6 72 98 c3 66  ..g.....#...r..f
281dd8980  7c 1a 7b 05 01 00 00 00 d4 20 cd 0a 01 00 00 00  |.{...... ......
281dd8990  00 00 00 00 00 00 00 00 a0 c2 67 83 02 00 00 00  ..........g.....
281dd89a0  00 00 00 00 00 00 00 00 00 00 00 00 00 00 00 00  ................
281dd89b0  d0 2a 78 09 01 00 00 00 00 00 00 00 00 00 00 00  .*x.............
281dd89c0  19 18 aa e5 a1 01 00 00 8c 07 00 00 01 00 00 00  ................
281dd89d0  4b 2f 53 79 73 74 65 6d 2f 4c 69 62 72 61 72 79  K/System/Library
281dd89e0  2f 50 72 69 76 61 74 65 46 72 61 6d 65 77 6f 72  /PrivateFramewor
281dd89f0  6b 73 2f 43 6f 72 65 52 65 63 6f 67 6e 69 74 69  ks/CoreRecogniti
281dd8a00  6f 6e 2e 66 72 61 6d 65 77 6f 72 6b 2f 43 6f 72  on.framework/Cor
281dd8a10  65 52 65 63 6f 67 6e 69 74 69 6f 6e 00 00 00 00  eRecognition....
281dd8a20  19 18 aa e5 a1 01 00 00 8c 07 00 00 01 00 00 00  ................
281dd8a30  41 68 74 74 70 73 3a 2f 2f 77 77 77 2e 6f 63 65  Ahttps://www.oce
281dd8a40  61 6e 65 6e 67 69 6e 65 2e 63 6f 6d 2f 6d 6f 62  anengine.com/mob
281dd8a50  69 6c 65 2f 72 65 73 6f 75 72 63 65 2f 64 6f 75  ile/resource/dou
281dd8a60  79 69 6e 3f 73 6f 75 72 63 65 3d 64 6f 75 61 70  yin?source=douap
281dd8a70  70 31 00 00 00 00 00 00 00 00 00 00 00 00 00 00  p1..............
281dd8a80  80 8a 39 96 cf 45 00 00 fb 07 60 00 00 00 00 00  ..9..E....`.....
281dd8a90  21 d0 01 60 00 01 00 08 ef be ad de 00 00 00 00  !..`............
281dd8aa0  00 00 00 00 00 00 00 00 00 00 00 00 00 00 00 00  ................
281dd8ab0  ef be ad de 00 00 00 00 00 00 00 00 00 00 00 00  ................
281dd8ac0  04 00 00 00 00 00 00 00 07 00 00 00 00 00 00 00  ................
281dd8ad0  8a 00 00 00 00 00 00 00 00 00 00 00 00 00 00 00  ................
281dd8ae0  19 18 aa e5 a1 01 00 00 8c 07 00 00 01 00 00 00  ................
281dd8af0  47 68 74 74 70 3a 2f 2f 73 66 31 2d 74 74 63 64  Ghttp://sf1-ttcd
281dd8b00  6e 2d 74 6f 73 2e 70 73 74 61 74 70 2e 63 6f 6d  n-tos.pstatp.com
281dd8b10  2f 6f 62 6a 2f 74 74 66 65 2f 41 6e 64 72 6f 69  /obj/ttfe/Androi
281dd8b20  64 2f 69 63 6f 6e 5f 6c 69 61 6e 78 69 61 6e 5f  d/icon_lianxian_
281dd8b30  66 65 65 64 2e 70 6e 67 00 00 00 00 00 00 00 00  feed.png........
281dd8b40  71 33 aa e5 a1 01 00 00 09 00 00 00 00 00 00 00  q3..............
281dd8b50  c0 87 2d 82 02 00 00 00 00 88 2d 82 02 00 00 00  ..-.......-.....
281dd8b60  40 88 2d 82 02 00 00 00 80 88 2d 82 02 00 00 00  @.-.......-.....
281dd8b70  c0 88 2d 82 02 00 00 00 00 89 2d 82 02 00 00 00  ..-.......-.....
281dd8b80  40 89 2d 82 02 00 00 00 80 89 2d 82 02 00 00 00  @.-.......-.....
281dd8b90  c0 89 2d 82 02 00 00 00 00 00 00 00 00 00 00 00  ..-.............
281dd8ba0  19 18 aa e5 a1 01 00 00 90 07 00 00 01 00 00 00  ................
281dd8bb0  1e 00 00 00 00 00 00 00 6e 78 a4 8b 0e 54 0c ff  ........nx...T..
281dd8bc0  06 5c 0d 4e 8d 51 3a 4e 60 4f a8 63 50 83 f9 5b  .\.N.Q:N`O.cP..[
281dd8bd0  b9 65 84 76 5c 4f c1 54 0c ff 60 4f ef 53 e5 4e  .e.v\O.T..`O.S.N
281dd8be0  28 57 f9 5b b9 65 3b 4e 75 98 8f 96 f6 65 62 60  (W.[.e;Nu....eb`
281dd8bf0  0d 59 02 30 00 00 00 00 00 00 00 00 00 00 00 00  .Y.0............
281dd8c00  19 18 aa e5 a1 01 00 00 8c 07 00 00 01 00 00 00  ................
281dd8c10  40 68 74 74 70 73 3a 2f 2f 70 62 33 2e 70 73 74  @https://pb3.pst
281dd8c20  61 74 70 2e 63 6f 6d 2f 6f 62 6a 2f 64 6f 75 79  atp.com/obj/douy
281dd8c30  69 6e 2d 61 64 6d 69 6e 2d 6f 62 6a 2f 70 6e 65  in-admin-obj/pne
281dd8c40  75 6d 6f 6e 69 61 5f 6d 61 70 5f 76 32 2e 70 6e  umonia_map_v2.pn
281dd8c50  67 00 00 00 00 00 00 00 00 00 00 00 00 00 00 00  g...............
281dd8c60  00 00 00 00 00 00 00 00 00 00 01 00 00 00 00 00  ................
281dd8c70  05 00 00 00 00 00 00 00 00 00 00 00 00 00 00 00  ................
281dd8c80  00 00 01 00 00 00 00 00 05 00 00 00 00 00 00 00  ................
281dd8c90  01 00 00 00 00 00 00 00 00 c1 01 00 00 00 00 00  ................
281dd8ca0  f0 3e 11 0f 01 00 00 00 40 c0 5d 1e 01 00 00 00  .>......@.].....
281dd8cb0  00 c1 5d 1e 01 00 00 00 00 00 00 00 00 00 00 00  ..].............
281dd8cc0  2f 53 79 73 74 65 6d 2f 4c 69 62 72 61 72 79 2f  /System/Library/
281dd8cd0  50 72 69 76 61 74 65 46 72 61 6d 65 77 6f 72 6b  PrivateFramework
281dd8ce0  73 2f 47 50 55 43 6f 6d 70 69 6c 65 72 2e 66 72  s/GPUCompiler.fr
281dd8cf0  61 6d 65 77 6f 72 6b 2f 4c 69 62 72 61 72 69 65  amework/Librarie

,	Aweme!0x3e70e1c this.args1 0x1714949c0 0x1714949c0

,	Aweme!0x3e70e1c this.args2 0x1714949b0 0x1714949b0

,	Aweme!0x3e70e1c this.args3 0x1714949a0 0x1714949a0

,	Aweme!0x3e70e1c this.args4 0x1a7 0x1a7

,	Aweme!0x3e70e1c this.args0 onLeave 0x281dd8900             0  1  2  3  4  5  6  7  8  9  A  B  C  D  E  F  0123456789ABCDEF
281dd8900  40 ef 8c 08 01 00 00 00 c0 a1 69 80 02 00 00 00  @.........i.....
281dd8910  80 cf b8 83 02 00 00 00 80 74 90 83 02 00 00 00  .........t......
281dd8920  50 bd b8 83 02 00 00 00 00 66 7c 81 02 00 00 00  P........f|.....
281dd8930  e0 fb b9 83 02 00 00 00 10 f4 28 81 02 00 00 00  ..........(.....
281dd8940  b0 bd b8 83 02 00 00 00 40 ac 90 83 02 00 00 00  ........@.......
281dd8950  e0 bd b8 83 02 00 00 00 d0 40 29 80 02 00 00 00  .........@).....
281dd8960  79 ab aa e5 a1 01 00 00 00 7b 45 0a 01 00 00 00  y........{E.....
281dd8970  a0 c2 67 83 02 00 00 00 23 18 1d f6 72 98 c3 66  ..g.....#...r..f
281dd8980  7c 1a 7b 05 01 00 00 00 d4 20 cd 0a 01 00 00 00  |.{...... ......
281dd8990  00 00 00 00 00 00 00 00 a0 c2 67 83 02 00 00 00  ..........g.....
281dd89a0  00 00 00 00 00 00 00 00 00 00 00 00 00 00 00 00  ................
281dd89b0  d0 2a 78 09 01 00 00 00 00 00 00 00 00 00 00 00  .*x.............
281dd89c0  19 18 aa e5 a1 01 00 00 8c 07 00 00 01 00 00 00  ................
281dd89d0  4b 2f 53 79 73 74 65 6d 2f 4c 69 62 72 61 72 79  K/System/Library
281dd89e0  2f 50 72 69 76 61 74 65 46 72 61 6d 65 77 6f 72  /PrivateFramewor
281dd89f0  6b 73 2f 43 6f 72 65 52 65 63 6f 67 6e 69 74 69  ks/CoreRecogniti
281dd8a00  6f 6e 2e 66 72 61 6d 65 77 6f 72 6b 2f 43 6f 72  on.framework/Cor
281dd8a10  65 52 65 63 6f 67 6e 69 74 69 6f 6e 00 00 00 00  eRecognition....
281dd8a20  19 18 aa e5 a1 01 00 00 8c 07 00 00 01 00 00 00  ................
281dd8a30  41 68 74 74 70 73 3a 2f 2f 77 77 77 2e 6f 63 65  Ahttps://www.oce
281dd8a40  61 6e 65 6e 67 69 6e 65 2e 63 6f 6d 2f 6d 6f 62  anengine.com/mob
281dd8a50  69 6c 65 2f 72 65 73 6f 75 72 63 65 2f 64 6f 75  ile/resource/dou
281dd8a60  79 69 6e 3f 73 6f 75 72 63 65 3d 64 6f 75 61 70  yin?source=douap
281dd8a70  70 31 00 00 00 00 00 00 00 00 00 00 00 00 00 00  p1..............
281dd8a80  80 8a 39 96 cf 45 00 00 fb 07 60 00 00 00 00 00  ..9..E....`.....
281dd8a90  21 d0 01 60 00 01 00 08 ef be ad de 00 00 00 00  !..`............
281dd8aa0  00 00 00 00 00 00 00 00 00 00 00 00 00 00 00 00  ................
281dd8ab0  ef be ad de 00 00 00 00 00 00 00 00 00 00 00 00  ................
281dd8ac0  04 00 00 00 00 00 00 00 07 00 00 00 00 00 00 00  ................
281dd8ad0  8a 00 00 00 00 00 00 00 00 00 00 00 00 00 00 00  ................
281dd8ae0  19 18 aa e5 a1 01 00 00 8c 07 00 00 01 00 00 00  ................
281dd8af0  47 68 74 74 70 3a 2f 2f 73 66 31 2d 74 74 63 64  Ghttp://sf1-ttcd
281dd8b00  6e 2d 74 6f 73 2e 70 73 74 61 74 70 2e 63 6f 6d  n-tos.pstatp.com
281dd8b10  2f 6f 62 6a 2f 74 74 66 65 2f 41 6e 64 72 6f 69  /obj/ttfe/Androi
281dd8b20  64 2f 69 63 6f 6e 5f 6c 69 61 6e 78 69 61 6e 5f  d/icon_lianxian_
281dd8b30  66 65 65 64 2e 70 6e 67 00 00 00 00 00 00 00 00  feed.png........
281dd8b40  71 33 aa e5 a1 01 00 00 09 00 00 00 00 00 00 00  q3..............
281dd8b50  c0 87 2d 82 02 00 00 00 00 88 2d 82 02 00 00 00  ..-.......-.....
281dd8b60  40 88 2d 82 02 00 00 00 80 88 2d 82 02 00 00 00  @.-.......-.....
281dd8b70  c0 88 2d 82 02 00 00 00 00 89 2d 82 02 00 00 00  ..-.......-.....
281dd8b80  40 89 2d 82 02 00 00 00 80 89 2d 82 02 00 00 00  @.-.......-.....
281dd8b90  c0 89 2d 82 02 00 00 00 00 00 00 00 00 00 00 00  ..-.............
281dd8ba0  19 18 aa e5 a1 01 00 00 90 07 00 00 01 00 00 00  ................
281dd8bb0  1e 00 00 00 00 00 00 00 6e 78 a4 8b 0e 54 0c ff  ........nx...T..
281dd8bc0  06 5c 0d 4e 8d 51 3a 4e 60 4f a8 63 50 83 f9 5b  .\.N.Q:N`O.cP..[
281dd8bd0  b9 65 84 76 5c 4f c1 54 0c ff 60 4f ef 53 e5 4e  .e.v\O.T..`O.S.N
281dd8be0  28 57 f9 5b b9 65 3b 4e 75 98 8f 96 f6 65 62 60  (W.[.e;Nu....eb`
281dd8bf0  0d 59 02 30 00 00 00 00 00 00 00 00 00 00 00 00  .Y.0............
281dd8c00  19 18 aa e5 a1 01 00 00 8c 07 00 00 01 00 00 00  ................
281dd8c10  40 68 74 74 70 73 3a 2f 2f 70 62 33 2e 70 73 74  @https://pb3.pst
281dd8c20  61 74 70 2e 63 6f 6d 2f 6f 62 6a 2f 64 6f 75 79  atp.com/obj/douy
281dd8c30  69 6e 2d 61 64 6d 69 6e 2d 6f 62 6a 2f 70 6e 65  in-admin-obj/pne
281dd8c40  75 6d 6f 6e 69 61 5f 6d 61 70 5f 76 32 2e 70 6e  umonia_map_v2.pn
281dd8c50  67 00 00 00 00 00 00 00 00 00 00 00 00 00 00 00  g...............
281dd8c60  00 00 00 00 00 00 00 00 00 00 01 00 00 00 00 00  ................
281dd8c70  05 00 00 00 00 00 00 00 00 00 00 00 00 00 00 00  ................
281dd8c80  00 00 01 00 00 00 00 00 05 00 00 00 00 00 00 00  ................
281dd8c90  01 00 00 00 00 00 00 00 00 c1 01 00 00 00 00 00  ................
281dd8ca0  f0 3e 11 0f 01 00 00 00 40 c0 5d 1e 01 00 00 00  .>......@.].....
281dd8cb0  00 c1 5d 1e 01 00 00 00 00 00 00 00 00 00 00 00  ..].............
281dd8cc0  2f 53 79 73 74 65 6d 2f 4c 69 62 72 61 72 79 2f  /System/Library/
281dd8cd0  50 72 69 76 61 74 65 46 72 61 6d 65 77 6f 72 6b  PrivateFramework
281dd8ce0  73 2f 47 50 55 43 6f 6d 70 69 6c 65 72 2e 66 72  s/GPUCompiler.fr
281dd8cf0  61 6d 65 77 6f 72 6b 2f 4c 69 62 72 61 72 69 65  amework/Librarie

,	Aweme!0x3e70e1c this.args1 onLeave 0x1714949c0 0x1714949c0

,	Aweme!0x3e70e1c this.args2 onLeave 0x1714949b0 0x1714949b0

,	Aweme!0x3e70e1c this.args3 onLeave 0x1714949a0 0x1714949a0

,	Aweme!0x3e70e1c this.args4 onLeave 0x1a7 0x1a7

,retval onLeave: 0x281dd8900             0  1  2  3  4  5  6  7  8  9  A  B  C  D  E  F  0123456789ABCDEF
281dd8900  40 ef 8c 08 01 00 00 00 c0 a1 69 80 02 00 00 00  @.........i.....
281dd8910  80 cf b8 83 02 00 00 00 80 74 90 83 02 00 00 00  .........t......
281dd8920  50 bd b8 83 02 00 00 00 00 66 7c 81 02 00 00 00  P........f|.....
281dd8930  e0 fb b9 83 02 00 00 00 10 f4 28 81 02 00 00 00  ..........(.....
281dd8940  b0 bd b8 83 02 00 00 00 40 ac 90 83 02 00 00 00  ........@.......
281dd8950  e0 bd b8 83 02 00 00 00 d0 40 29 80 02 00 00 00  .........@).....
281dd8960  79 ab aa e5 a1 01 00 00 00 7b 45 0a 01 00 00 00  y........{E.....
281dd8970  a0 c2 67 83 02 00 00 00 23 18 1d f6 72 98 c3 66  ..g.....#...r..f
281dd8980  7c 1a 7b 05 01 00 00 00 d4 20 cd 0a 01 00 00 00  |.{...... ......
281dd8990  00 00 00 00 00 00 00 00 a0 c2 67 83 02 00 00 00  ..........g.....
281dd89a0  00 00 00 00 00 00 00 00 00 00 00 00 00 00 00 00  ................
281dd89b0  d0 2a 78 09 01 00 00 00 00 00 00 00 00 00 00 00  .*x.............
281dd89c0  19 18 aa e5 a1 01 00 00 8c 07 00 00 01 00 00 00  ................
281dd89d0  4b 2f 53 79 73 74 65 6d 2f 4c 69 62 72 61 72 79  K/System/Library
281dd89e0  2f 50 72 69 76 61 74 65 46 72 61 6d 65 77 6f 72  /PrivateFramewor
281dd89f0  6b 73 2f 43 6f 72 65 52 65 63 6f 67 6e 69 74 69  ks/CoreRecogniti
281dd8a00  6f 6e 2e 66 72 61 6d 65 77 6f 72 6b 2f 43 6f 72  on.framework/Cor
281dd8a10  65 52 65 63 6f 67 6e 69 74 69 6f 6e 00 00 00 00  eRecognition....
281dd8a20  19 18 aa e5 a1 01 00 00 8c 07 00 00 01 00 00 00  ................
281dd8a30  41 68 74 74 70 73 3a 2f 2f 77 77 77 2e 6f 63 65  Ahttps://www.oce
281dd8a40  61 6e 65 6e 67 69 6e 65 2e 63 6f 6d 2f 6d 6f 62  anengine.com/mob
281dd8a50  69 6c 65 2f 72 65 73 6f 75 72 63 65 2f 64 6f 75  ile/resource/dou
281dd8a60  79 69 6e 3f 73 6f 75 72 63 65 3d 64 6f 75 61 70  yin?source=douap
281dd8a70  70 31 00 00 00 00 00 00 00 00 00 00 00 00 00 00  p1..............
281dd8a80  80 8a 39 96 cf 45 00 00 fb 07 60 00 00 00 00 00  ..9..E....`.....
281dd8a90  21 d0 01 60 00 01 00 08 ef be ad de 00 00 00 00  !..`............
281dd8aa0  00 00 00 00 00 00 00 00 00 00 00 00 00 00 00 00  ................
281dd8ab0  ef be ad de 00 00 00 00 00 00 00 00 00 00 00 00  ................
281dd8ac0  04 00 00 00 00 00 00 00 07 00 00 00 00 00 00 00  ................
281dd8ad0  8a 00 00 00 00 00 00 00 00 00 00 00 00 00 00 00  ................
281dd8ae0  19 18 aa e5 a1 01 00 00 8c 07 00 00 01 00 00 00  ................
281dd8af0  47 68 74 74 70 3a 2f 2f 73 66 31 2d 74 74 63 64  Ghttp://sf1-ttcd
281dd8b00  6e 2d 74 6f 73 2e 70 73 74 61 74 70 2e 63 6f 6d  n-tos.pstatp.com
281dd8b10  2f 6f 62 6a 2f 74 74 66 65 2f 41 6e 64 72 6f 69  /obj/ttfe/Androi
281dd8b20  64 2f 69 63 6f 6e 5f 6c 69 61 6e 78 69 61 6e 5f  d/icon_lianxian_
281dd8b30  66 65 65 64 2e 70 6e 67 00 00 00 00 00 00 00 00  feed.png........
281dd8b40  71 33 aa e5 a1 01 00 00 09 00 00 00 00 00 00 00  q3..............
281dd8b50  c0 87 2d 82 02 00 00 00 00 88 2d 82 02 00 00 00  ..-.......-.....
281dd8b60  40 88 2d 82 02 00 00 00 80 88 2d 82 02 00 00 00  @.-.......-.....
281dd8b70  c0 88 2d 82 02 00 00 00 00 89 2d 82 02 00 00 00  ..-.......-.....
281dd8b80  40 89 2d 82 02 00 00 00 80 89 2d 82 02 00 00 00  @.-.......-.....
281dd8b90  c0 89 2d 82 02 00 00 00 00 00 00 00 00 00 00 00  ..-.............
281dd8ba0  19 18 aa e5 a1 01 00 00 90 07 00 00 01 00 00 00  ................
281dd8bb0  1e 00 00 00 00 00 00 00 6e 78 a4 8b 0e 54 0c ff  ........nx...T..
281dd8bc0  06 5c 0d 4e 8d 51 3a 4e 60 4f a8 63 50 83 f9 5b  .\.N.Q:N`O.cP..[
281dd8bd0  b9 65 84 76 5c 4f c1 54 0c ff 60 4f ef 53 e5 4e  .e.v\O.T..`O.S.N
281dd8be0  28 57 f9 5b b9 65 3b 4e 75 98 8f 96 f6 65 62 60  (W.[.e;Nu....eb`
281dd8bf0  0d 59 02 30 00 00 00 00 00 00 00 00 00 00 00 00  .Y.0............
281dd8c00  19 18 aa e5 a1 01 00 00 8c 07 00 00 01 00 00 00  ................
281dd8c10  40 68 74 74 70 73 3a 2f 2f 70 62 33 2e 70 73 74  @https://pb3.pst
281dd8c20  61 74 70 2e 63 6f 6d 2f 6f 62 6a 2f 64 6f 75 79  atp.com/obj/douy
281dd8c30  69 6e 2d 61 64 6d 69 6e 2d 6f 62 6a 2f 70 6e 65  in-admin-obj/pne
281dd8c40  75 6d 6f 6e 69 61 5f 6d 61 70 5f 76 32 2e 70 6e  umonia_map_v2.pn
281dd8c50  67 00 00 00 00 00 00 00 00 00 00 00 00 00 00 00  g...............
281dd8c60  00 00 00 00 00 00 00 00 00 00 01 00 00 00 00 00  ................
281dd8c70  05 00 00 00 00 00 00 00 00 00 00 00 00 00 00 00  ................
281dd8c80  00 00 01 00 00 00 00 00 05 00 00 00 00 00 00 00  ................
281dd8c90  01 00 00 00 00 00 00 00 00 c1 01 00 00 00 00 00  ................
281dd8ca0  f0 3e 11 0f 01 00 00 00 40 c0 5d 1e 01 00 00 00  .>......@.].....
281dd8cb0  00 c1 5d 1e 01 00 00 00 00 00 00 00 00 00 00 00  ..].............
281dd8cc0  2f 53 79 73 74 65 6d 2f 4c 69 62 72 61 72 79 2f  /System/Library/
281dd8cd0  50 72 69 76 61 74 65 46 72 61 6d 65 77 6f 72 6b  PrivateFramework
281dd8ce0  73 2f 47 50 55 43 6f 6d 70 69 6c 65 72 2e 66 72  s/GPUCompiler.fr
281dd8cf0  61 6d 65 77 6f 72 6b 2f 4c 69 62 72 61 72 69 65  amework/Librarie

call Aweme!0x3e70e1c
,	Aweme!0x3e70e1c this.args0 0x10b945fe0             0  1  2  3  4  5  6  7  8  9  A  B  C  D  E  F  0123456789ABCDEF
10b945fe0  6e 56 69 65 77 22 00 40 22 41 57 45 50 4f 49 48  nView".@"AWEPOIH
10b945ff0  6f 74 65 6c 54 69 74 6c 65 56 69 65 77 22 00 40  otelTitleView".@
10b946000  22 41 57 45 50 4f 49 48 6f 74 65 6c 50 6f 6c 69  "AWEPOIHotelPoli
10b946010  63 79 43 65 6c 6c 56 69 65 77 22 00 40 22 41 57  cyCellView".@"AW
10b946020  45 50 4f 49 53 75 70 70 6c 69 65 72 44 65 74 61  EPOISupplierDeta
10b946030  69 6c 52 65 73 70 6f 6e 73 65 22 00 40 22 41 57  ilResponse".@"AW
10b946040  45 50 4f 49 48 6f 74 65 6c 46 61 63 69 6c 69 74  EPOIHotelFacilit
10b946050  79 42 6f 74 74 6f 6d 56 69 65 77 22 00 42 32 34  yBottomView".B24
10b946060  40 30 3a 38 40 22 43 41 4b 41 6c 62 75 6d 56 69  @0:8@"CAKAlbumVi
10b946070  65 77 43 6f 6e 74 72 6f 6c 6c 65 72 22 31 36 00  ewController"16.
10b946080  64 32 34 40 30 3a 38 40 22 43 41 4b 41 6c 62 75  d24@0:8@"CAKAlbu
10b946090  6d 56 69 65 77 43 6f 6e 74 72 6f 6c 6c 65 72 22  mViewController"
10b9460a0  31 36 00 40 22 43 41 4b 41 6c 62 75 6d 4e 61 76  16.@"CAKAlbumNav
10b9460b0  69 67 61 74 69 6f 6e 56 69 65 77 43 6f 6e 66 69  igationViewConfi
10b9460c0  67 22 32 34 40 30 3a 38 40 22 43 41 4b 41 6c 62  g"24@0:8@"CAKAlb
10b9460d0  75 6d 56 69 65 77 43 6f 6e 74 72 6f 6c 6c 65 72  umViewController
10b9460e0  22 31 36 00 40 22 43 41 4b 41 6c 62 75 6d 4c 69  "16.@"CAKAlbumLi
10b9460f0  73 74 56 69 65 77 43 6f 6e 66 69 67 22 32 34 40  stViewConfig"24@
10b946100  30 3a 38 40 22 43 41 4b 41 6c 62 75 6d 56 69 65  0:8@"CAKAlbumVie
10b946110  77 43 6f 6e 74 72 6f 6c 6c 65 72 22 31 36 00 40  wController"16.@
10b946120  22 43 41 4b 41 6c 62 75 6d 42 6f 74 74 6f 6d 56  "CAKAlbumBottomV
10b946130  69 65 77 43 6f 6e 66 69 67 22 32 34 40 30 3a 38  iewConfig"24@0:8
10b946140  40 22 43 41 4b 41 6c 62 75 6d 56 69 65 77 43 6f  @"CAKAlbumViewCo
10b946150  6e 74 72 6f 6c 6c 65 72 22 31 36 00 40 22 43 41  ntroller"16.@"CA
10b946160  4b 41 6c 62 75 6d 53 65 6c 65 63 74 65 64 41 73  KAlbumSelectedAs
10b946170  73 65 74 73 56 69 65 77 43 6f 6e 66 69 67 22 32  setsViewConfig"2
10b946180  34 40 30 3a 38 40 22 43 41 4b 41 6c 62 75 6d 56  4@0:8@"CAKAlbumV
10b946190  69 65 77 43 6f 6e 74 72 6f 6c 6c 65 72 22 31 36  iewController"16
10b9461a0  00 40 22 55 49 56 69 65 77 3c 43 41 4b 41 6c 62  .@"UIView<CAKAlb
10b9461b0  75 6d 4e 61 76 69 67 61 74 69 6f 6e 56 69 65 77  umNavigationView
10b9461c0  50 72 6f 74 6f 63 6f 6c 3e 22 32 34 40 30 3a 38  Protocol>"24@0:8
10b9461d0  40 22 43 41 4b 41 6c 62 75 6d 56 69 65 77 43 6f  @"CAKAlbumViewCo
10b9461e0  6e 74 72 6f 6c 6c 65 72 22 31 36 00 40 22 55 49  ntroller"16.@"UI
10b9461f0  56 69 65 77 3c 43 41 4b 41 6c 62 75 6d 42 6f 74  View<CAKAlbumBot
10b946200  74 6f 6d 56 69 65 77 50 72 6f 74 6f 63 6f 6c 3e  tomViewProtocol>
10b946210  22 32 34 40 30 3a 38 40 22 43 41 4b 41 6c 62 75  "24@0:8@"CAKAlbu
10b946220  6d 56 69 65 77 43 6f 6e 74 72 6f 6c 6c 65 72 22  mViewController"
10b946230  31 36 00 40 22 55 49 56 69 65 77 3c 43 41 4b 53  16.@"UIView<CAKS
10b946240  65 6c 65 63 74 65 64 41 73 73 65 74 73 56 69 65  electedAssetsVie
10b946250  77 50 72 6f 74 6f 63 6f 6c 3e 22 32 34 40 30 3a  wProtocol>"24@0:
10b946260  38 40 22 43 41 4b 41 6c 62 75 6d 56 69 65 77 43  8@"CAKAlbumViewC
10b946270  6f 6e 74 72 6f 6c 6c 65 72 22 31 36 00 40 22 55  ontroller"16.@"U
10b946280  49 56 69 65 77 3c 43 41 4b 41 6c 62 75 6d 52 65  IView<CAKAlbumRe
10b946290  71 75 65 73 74 41 63 63 65 73 73 56 69 65 77 50  questAccessViewP
10b9462a0  72 6f 74 6f 63 6f 6c 3e 22 32 34 40 30 3a 38 40  rotocol>"24@0:8@
10b9462b0  22 43 41 4b 41 6c 62 75 6d 56 69 65 77 43 6f 6e  "CAKAlbumViewCon
10b9462c0  74 72 6f 6c 6c 65 72 22 31 36 00 40 22 4e 53 41  troller"16.@"NSA
10b9462d0  72 72 61 79 22 32 34 40 30 3a 38 40 22 43 41 4b  rray"24@0:8@"CAK
10b9462e0  41 6c 62 75 6d 56 69 65 77 43 6f 6e 74 72 6f 6c  AlbumViewControl
10b9462f0  6c 65 72 22 31 36 00 76 32 34 40 30 3a 38 40 22  ler"16.v24@0:8@"
10b946300  43 41 4b 41 6c 62 75 6d 56 69 65 77 43 6f 6e 74  CAKAlbumViewCont
10b946310  72 6f 6c 6c 65 72 22 31 36 00 76 32 34 40 30 3a  roller"16.v24@0:
10b946320  38 40 22 55 49 56 69 65 77 43 6f 6e 74 72 6f 6c  8@"UIViewControl
10b946330  6c 65 72 3c 43 41 4b 41 6c 62 75 6d 4c 69 73 74  ler<CAKAlbumList
10b946340  56 69 65 77 43 6f 6e 74 72 6f 6c 6c 65 72 50 72  ViewControllerPr
10b946350  6f 74 6f 63 6f 6c 3e 22 31 36 00 76 34 30 40 30  otocol>"16.v40@0
10b946360  3a 38 40 22 43 41 4b 41 6c 62 75 6d 56 69 65 77  :8@"CAKAlbumView
10b946370  43 6f 6e 74 72 6f 6c 6c 65 72 22 31 36 40 22 43  Controller"16@"C
10b946380  41 4b 41 6c 62 75 6d 41 73 73 65 74 4d 6f 64 65  AKAlbumAssetMode
10b946390  6c 22 32 34 71 33 32 00 42 33 32 40 30 3a 38 40  l"24q32.B32@0:8@
10b9463a0  22 43 41 4b 41 6c 62 75 6d 56 69 65 77 43 6f 6e  "CAKAlbumViewCon
10b9463b0  74 72 6f 6c 6c 65 72 22 31 36 40 22 43 41 4b 41  troller"16@"CAKA
10b9463c0  6c 62 75 6d 41 73 73 65 74 4d 6f 64 65 6c 22 32  lbumAssetModel"2
10b9463d0  34 00 76 34 30 40 30 3a 38 40 22 43 41 4b 41 6c  4.v40@0:8@"CAKAl

,	Aweme!0x3e70e1c this.args1 0x10c2dfc70             0  1  2  3  4  5  6  7  8  9  A  B  C  D  E  F  0123456789ABCDEF
10c2dfc70  d6 fe 2f 02 6a 66 5e 86 85 f0 85 c6 04 28 af b8  ../.jf^......(..
10c2dfc80  e4 89 2d a9 21 e5 7e c2 57 38 4d aa b1 e1 fc df  ..-.!.~.W8M.....
10c2dfc90  9b 1f 25 a7 55 33 aa 94 58 34 8b 98 82 8e b5 15  ..%.U3..X4......
10c2dfca0  02 fd 06 c2 61 3e f2 35 55 b3 60 fd 62 0b fe 73  ....a>.5U.`.b..s
10c2dfcb0  76 67 90 df c7 24 ee 4f 46 d7 e2 30 ca 20 6f e2  vg...$.OF..0. o.
10c2dfcc0  8f b0 78 dc 4b 2f a4 e8 67 21 af 01 05 c2 7f ee  ..x.K/..g!......
10c2dfcd0  da 27 2b 1b 48 ce bf 5e 28 7f 0b 40 8a 06 ce 06  .'+.H..^(..@....
10c2dfce0  b1 26 9b 60 f6 c2 ed 8b 53 0c aa 00 89 73 5f c0  .&.`....S....s_.
10c2dfcf0  4b 4d b3 cb e0 96 ad 49 7c d1 eb 95 f7 2e df 6f  KM.....I|......o
10c2dfd00  4f ce 22 bc 26 1d 15 be b3 57 09 4e 4b f9 77 9a  O.".&....W.NK.w.
10c2dfd10  4f 9d f4 d2 a7 10 02 22 c7 98 59 01 68 92 bc 3f  O......"..Y.h..?
10c2dfd20  89 f8 d6 4b b2 24 58 db 42 ae aa 6f a8 0f d2 62  ...K.$X.B..o...b
10c2dfd30  25 6c a2 c0 70 69 05 27 9b 42 94 c6 4d c6 8e 07  %l..pi.'.B..M...
10c2dfd40  4c 23 05 12 24 7f 31 19 3c 77 62 8c 71 68 28 fa  L#..$.1.<wb.qh(.
10c2dfd50  ee e6 c6 dd eb c3 20 05 89 d0 25 49 0e c4 07 28  ...... ...%I...(
10c2dfd60  84 7b a7 4d 1e f1 c5 fd 7d 5d 93 53 03 c0 ac ff  .{.M....}].S....
10c2dfd70  b2 f4 d9 0a 77 ac 7f fd f0 ba d7 76 8a 60 ee 40  ....w......v.`.@
10c2dfd80  23 1b 45 8d c3 aa 66 e7 ed c8 8e ea 3f 4f 61 90  #.E...f.....?Oa.
10c2dfd90  c6 75 10 0c c5 42 c1 c7 f8 98 b1 61 28 50 e7 88  .u...B.....a(P..
10c2dfda0  65 34 de bb ae 2f 78 4b 22 be b8 06 8a b7 38 b0  e4.../xK".....8.
10c2dfdb0  ee e4 54 c3 fe 17 24 e4 b9 6e e6 1d 7a 23 60 ab  ..T...$..n..z#`.
10c2dfdc0  f3 ab c9 ac 85 f8 51 ab 4a 1c 2a f1 39 6e 48 5e  ......Q.J.*.9nH^
10c2dfdd0  e1 13 4b bd e9 c5 cf 49 24 71 cd f0 a2 0d 2f 08  ..K....I$q..../.
10c2dfde0  f1 0d b3 a3 e8 52 1f c0 c5 db 14 83 d1 06 9d f9  .....R..........
10c2dfdf0  0e af e3 60 97 c0 2a 24 15 eb b0 03 5a 2e 46 2a  ...`..*$....Z.F*
10c2dfe00  75 da 7a 3e cb e3 0d 99 3c 35 e6 4d c8 ed 82 84  u.z>....<5.M....
10c2dfe10  f6 21 97 61 a1 8e 89 92 8d 26 9f b3 a4 9d 2a 2c  .!.a.....&....*,
10c2dfe20  a3 50 37 5b 86 3b 7b 48 7f c8 b2 56 25 c8 b8 8b  .P7[.;{H...V%...
10c2dfe30  4e 41 d9 c8 6e 32 d9 2f 48 34 1a b2 8e 44 5d 98  NA..n2./H4...D].
10c2dfe40  0b 07 26 ee 74 50 9f 81 1d 2a 9c 2d 40 fc c7 16  ..&.tP...*.-@...
10c2dfe50  00 68 7d af 03 fa e4 cb 40 fb 3f 0b 3f c9 63 34  .h}.....@.?.?.c4
10c2dfe60  3f 4c d5 5f c0 2e a5 77 f1 75 69 19 6b 38 f6 f4  ?L._...w.ui.k8..
10c2dfe70  5e 51 c2 ed 4f d5 89 6b c7 75 60 e4 38 ed 08 c5  ^Q..O..k.u`.8...
10c2dfe80  13 a3 94 e5 0f 7c c8 82 a6 f7 76 a2 ab db 99 d5  .....|....v.....
10c2dfe90  95 e2 c0 7f 88 cb 1e b0 a7 38 ae d9 49 8a e0 f5  .........8..I...
10c2dfea0  09 2e 5d 42 f8 85 b7 c2 ac 15 89 1b 71 73 0a 61  ..]B........qs.a
10c2dfeb0  e9 a9 6d c4 a1 b0 61 fb 91 64 7f b2 6b a5 22 71  ..m...a..d..k."q
10c2dfec0  b6 6c 5c 92 e1 14 e1 bc c4 12 68 3b 46 5a 3c 63  .l\.......h;FZ<c
10c2dfed0  f8 e2 0e c6 43 5c be 91 f9 c4 3b 3c 70 99 66 cb  ....C\....;<p.f.
10c2dfee0  5b 5c ac f8 48 5c 5d 2c 72 53 2c 1d 3a 3b 53 89  [\..H\],rS,.:;S.
10c2dfef0  cb 70 98 f6 c9 a9 47 1d 32 76 9a 5d be 4c 6f fb  .p....G.2v.].Lo.
10c2dff00  a4 2e 84 ea 15 0e d6 2a dc 93 06 c3 5a 6c 29 7d  .......*....Zl)}
10c2dff10  c0 8b 20 56 18 8e c2 72 16 0b 67 13 43 b2 32 6c  .. V...r..g.C.2l
10c2dff20  8b ba 1b c1 4b 25 3a 51 ce 43 7e 03 c6 ba 92 6a  ....K%:Q.C~....j
10c2dff30  dc 34 08 b9 a8 09 19 a4 2f d8 5a 46 37 54 c1 37  .4....../.ZF7T.7
10c2dff40  95 09 2b c9 50 89 ff ad c3 07 c5 66 9c a2 f2 41  ..+.P......f...A
10c2dff50  a3 b8 93 45 84 c3 e2 67 c2 1c b0 84 53 02 0c a7  ...E...g....S...
10c2dff60  36 a6 cc c0 7f ab 7c 68 b1 32 6f a7 b5 bb ae a0  6.....|h.2o.....
10c2dff70  3b 70 94 97 15 4c b7 b8 83 2b e2 01 a0 ff 9e bb  ;p...L...+......
10c2dff80  75 dc 43 33 8b d3 5a 20 3b 3d b3 01 6c 23 b6 b9  u.C3..Z ;=..l#..
10c2dff90  33 de 75 4c 2e f1 35 4a eb 1d da 9e 40 ac ab 04  3.uL..5J....@...
10c2dffa0  21 3b a2 4b 75 39 2f d9 fa e8 b2 f2 b5 93 a9 3e  !;.Ku9/........>
10c2dffb0  d6 f5 c1 cb 8a 92 0a b6 ec 3b 14 d8 2a aa a2 ab  .........;..*...
10c2dffc0  f9 f8 9f c3 b6 3b d4 6f 6c 02 59 68 3a 45 49 80  .....;.ol.Yh:EI.
10c2dffd0  b7 c3 1a 6c f0 1e 16 e2 71 13 fa 20 1b 0d 88 5c  ...l....q.. ...\
10c2dffe0  5b 68 23 65 21 9b 06 82 1f ba 21 93 f0 f6 22 cb  [h#e!.....!...".
10c2dfff0  c6 5e 96 1f d9 d4 90 10 7d 4e e9 57 99 b2 88 3b  .^......}N.W...;
10c2e0000  e2 be 96 48 b9 2b 63 04 17 2a 3b 54 e7 79 43 da  ...H.+c..*;T.yC.
10c2e0010  ff ba 63 56 ee d7 cd 89 21 8b 6d 0c e7 8d c9 aa  ..cV....!.m.....
10c2e0020  74 9e 59 ec 10 9a 0e 6d ff 11 da 9a 07 2c ea d5  t.Y....m.....,..
10c2e0030  3a 3c 34 d6 f0 b7 0e 21 aa c1 ae bc 9c 7c 0f 8a  :<4....!.....|..
10c2e0040  c7 5f 36 cb ba d0 29 0c db 43 72 c5 0b 3b 1e b2  ._6...)..Cr..;..
10c2e0050  a7 81 e7 83 d9 24 20 f5 52 e7 42 cb 84 aa 7c 68  .....$ .R.B...|h
10c2e0060  7f 45 a2 f1 8a 33 cf 80 9d 34 e7 14 4f 04 4f 66  .E...3...4..O.Of

,	Aweme!0x3e70e1c this.args2 0x1714949b0 0x1714949b0

,	Aweme!0x3e70e1c this.args3 0x1714949a0 0x1714949a0

,	Aweme!0x3e70e1c this.args4 0x1a7 0x1a7

,	Aweme!0x3e70e1c this.args0 onLeave 0x10b945fe0             0  1  2  3  4  5  6  7  8  9  A  B  C  D  E  F  0123456789ABCDEF
10b945fe0  6e 56 69 65 77 22 00 40 22 41 57 45 50 4f 49 48  nView".@"AWEPOIH
10b945ff0  6f 74 65 6c 54 69 74 6c 65 56 69 65 77 22 00 40  otelTitleView".@
10b946000  22 41 57 45 50 4f 49 48 6f 74 65 6c 50 6f 6c 69  "AWEPOIHotelPoli
10b946010  63 79 43 65 6c 6c 56 69 65 77 22 00 40 22 41 57  cyCellView".@"AW
10b946020  45 50 4f 49 53 75 70 70 6c 69 65 72 44 65 74 61  EPOISupplierDeta
10b946030  69 6c 52 65 73 70 6f 6e 73 65 22 00 40 22 41 57  ilResponse".@"AW
10b946040  45 50 4f 49 48 6f 74 65 6c 46 61 63 69 6c 69 74  EPOIHotelFacilit
10b946050  79 42 6f 74 74 6f 6d 56 69 65 77 22 00 42 32 34  yBottomView".B24
10b946060  40 30 3a 38 40 22 43 41 4b 41 6c 62 75 6d 56 69  @0:8@"CAKAlbumVi
10b946070  65 77 43 6f 6e 74 72 6f 6c 6c 65 72 22 31 36 00  ewController"16.
10b946080  64 32 34 40 30 3a 38 40 22 43 41 4b 41 6c 62 75  d24@0:8@"CAKAlbu
10b946090  6d 56 69 65 77 43 6f 6e 74 72 6f 6c 6c 65 72 22  mViewController"
10b9460a0  31 36 00 40 22 43 41 4b 41 6c 62 75 6d 4e 61 76  16.@"CAKAlbumNav
10b9460b0  69 67 61 74 69 6f 6e 56 69 65 77 43 6f 6e 66 69  igationViewConfi
10b9460c0  67 22 32 34 40 30 3a 38 40 22 43 41 4b 41 6c 62  g"24@0:8@"CAKAlb
10b9460d0  75 6d 56 69 65 77 43 6f 6e 74 72 6f 6c 6c 65 72  umViewController
10b9460e0  22 31 36 00 40 22 43 41 4b 41 6c 62 75 6d 4c 69  "16.@"CAKAlbumLi
10b9460f0  73 74 56 69 65 77 43 6f 6e 66 69 67 22 32 34 40  stViewConfig"24@
10b946100  30 3a 38 40 22 43 41 4b 41 6c 62 75 6d 56 69 65  0:8@"CAKAlbumVie
10b946110  77 43 6f 6e 74 72 6f 6c 6c 65 72 22 31 36 00 40  wController"16.@
10b946120  22 43 41 4b 41 6c 62 75 6d 42 6f 74 74 6f 6d 56  "CAKAlbumBottomV
10b946130  69 65 77 43 6f 6e 66 69 67 22 32 34 40 30 3a 38  iewConfig"24@0:8
10b946140  40 22 43 41 4b 41 6c 62 75 6d 56 69 65 77 43 6f  @"CAKAlbumViewCo
10b946150  6e 74 72 6f 6c 6c 65 72 22 31 36 00 40 22 43 41  ntroller"16.@"CA
10b946160  4b 41 6c 62 75 6d 53 65 6c 65 63 74 65 64 41 73  KAlbumSelectedAs
10b946170  73 65 74 73 56 69 65 77 43 6f 6e 66 69 67 22 32  setsViewConfig"2
10b946180  34 40 30 3a 38 40 22 43 41 4b 41 6c 62 75 6d 56  4@0:8@"CAKAlbumV
10b946190  69 65 77 43 6f 6e 74 72 6f 6c 6c 65 72 22 31 36  iewController"16
10b9461a0  00 40 22 55 49 56 69 65 77 3c 43 41 4b 41 6c 62  .@"UIView<CAKAlb
10b9461b0  75 6d 4e 61 76 69 67 61 74 69 6f 6e 56 69 65 77  umNavigationView
10b9461c0  50 72 6f 74 6f 63 6f 6c 3e 22 32 34 40 30 3a 38  Protocol>"24@0:8
10b9461d0  40 22 43 41 4b 41 6c 62 75 6d 56 69 65 77 43 6f  @"CAKAlbumViewCo
10b9461e0  6e 74 72 6f 6c 6c 65 72 22 31 36 00 40 22 55 49  ntroller"16.@"UI
10b9461f0  56 69 65 77 3c 43 41 4b 41 6c 62 75 6d 42 6f 74  View<CAKAlbumBot
10b946200  74 6f 6d 56 69 65 77 50 72 6f 74 6f 63 6f 6c 3e  tomViewProtocol>
10b946210  22 32 34 40 30 3a 38 40 22 43 41 4b 41 6c 62 75  "24@0:8@"CAKAlbu
10b946220  6d 56 69 65 77 43 6f 6e 74 72 6f 6c 6c 65 72 22  mViewController"
10b946230  31 36 00 40 22 55 49 56 69 65 77 3c 43 41 4b 53  16.@"UIView<CAKS
10b946240  65 6c 65 63 74 65 64 41 73 73 65 74 73 56 69 65  electedAssetsVie
10b946250  77 50 72 6f 74 6f 63 6f 6c 3e 22 32 34 40 30 3a  wProtocol>"24@0:
10b946260  38 40 22 43 41 4b 41 6c 62 75 6d 56 69 65 77 43  8@"CAKAlbumViewC
10b946270  6f 6e 74 72 6f 6c 6c 65 72 22 31 36 00 40 22 55  ontroller"16.@"U
10b946280  49 56 69 65 77 3c 43 41 4b 41 6c 62 75 6d 52 65  IView<CAKAlbumRe
10b946290  71 75 65 73 74 41 63 63 65 73 73 56 69 65 77 50  questAccessViewP
10b9462a0  72 6f 74 6f 63 6f 6c 3e 22 32 34 40 30 3a 38 40  rotocol>"24@0:8@
10b9462b0  22 43 41 4b 41 6c 62 75 6d 56 69 65 77 43 6f 6e  "CAKAlbumViewCon
10b9462c0  74 72 6f 6c 6c 65 72 22 31 36 00 40 22 4e 53 41  troller"16.@"NSA
10b9462d0  72 72 61 79 22 32 34 40 30 3a 38 40 22 43 41 4b  rray"24@0:8@"CAK
10b9462e0  41 6c 62 75 6d 56 69 65 77 43 6f 6e 74 72 6f 6c  AlbumViewControl
10b9462f0  6c 65 72 22 31 36 00 76 32 34 40 30 3a 38 40 22  ler"16.v24@0:8@"
10b946300  43 41 4b 41 6c 62 75 6d 56 69 65 77 43 6f 6e 74  CAKAlbumViewCont
10b946310  72 6f 6c 6c 65 72 22 31 36 00 76 32 34 40 30 3a  roller"16.v24@0:
10b946320  38 40 22 55 49 56 69 65 77 43 6f 6e 74 72 6f 6c  8@"UIViewControl
10b946330  6c 65 72 3c 43 41 4b 41 6c 62 75 6d 4c 69 73 74  ler<CAKAlbumList
10b946340  56 69 65 77 43 6f 6e 74 72 6f 6c 6c 65 72 50 72  ViewControllerPr
10b946350  6f 74 6f 63 6f 6c 3e 22 31 36 00 76 34 30 40 30  otocol>"16.v40@0
10b946360  3a 38 40 22 43 41 4b 41 6c 62 75 6d 56 69 65 77  :8@"CAKAlbumView
10b946370  43 6f 6e 74 72 6f 6c 6c 65 72 22 31 36 40 22 43  Controller"16@"C
10b946380  41 4b 41 6c 62 75 6d 41 73 73 65 74 4d 6f 64 65  AKAlbumAssetMode
10b946390  6c 22 32 34 71 33 32 00 42 33 32 40 30 3a 38 40  l"24q32.B32@0:8@
10b9463a0  22 43 41 4b 41 6c 62 75 6d 56 69 65 77 43 6f 6e  "CAKAlbumViewCon
10b9463b0  74 72 6f 6c 6c 65 72 22 31 36 40 22 43 41 4b 41  troller"16@"CAKA
10b9463c0  6c 62 75 6d 41 73 73 65 74 4d 6f 64 65 6c 22 32  lbumAssetModel"2
10b9463d0  34 00 76 34 30 40 30 3a 38 40 22 43 41 4b 41 6c  4.v40@0:8@"CAKAl

,	Aweme!0x3e70e1c this.args1 onLeave 0x10c2dfc70             0  1  2  3  4  5  6  7  8  9  A  B  C  D  E  F  0123456789ABCDEF
10c2dfc70  d6 fe 2f 02 6a 66 5e 86 85 f0 85 c6 04 28 af b8  ../.jf^......(..
10c2dfc80  e4 89 2d a9 21 e5 7e c2 57 38 4d aa b1 e1 fc df  ..-.!.~.W8M.....
10c2dfc90  9b 1f 25 a7 55 33 aa 94 58 34 8b 98 82 8e b5 15  ..%.U3..X4......
10c2dfca0  02 fd 06 c2 61 3e f2 35 55 b3 60 fd 62 0b fe 73  ....a>.5U.`.b..s
10c2dfcb0  76 67 90 df c7 24 ee 4f 46 d7 e2 30 ca 20 6f e2  vg...$.OF..0. o.
10c2dfcc0  8f b0 78 dc 4b 2f a4 e8 67 21 af 01 05 c2 7f ee  ..x.K/..g!......
10c2dfcd0  da 27 2b 1b 48 ce bf 5e 28 7f 0b 40 8a 06 ce 06  .'+.H..^(..@....
10c2dfce0  b1 26 9b 60 f6 c2 ed 8b 53 0c aa 00 89 73 5f c0  .&.`....S....s_.
10c2dfcf0  4b 4d b3 cb e0 96 ad 49 7c d1 eb 95 f7 2e df 6f  KM.....I|......o
10c2dfd00  4f ce 22 bc 26 1d 15 be b3 57 09 4e 4b f9 77 9a  O.".&....W.NK.w.
10c2dfd10  4f 9d f4 d2 a7 10 02 22 c7 98 59 01 68 92 bc 3f  O......"..Y.h..?
10c2dfd20  89 f8 d6 4b b2 24 58 db 42 ae aa 6f a8 0f d2 62  ...K.$X.B..o...b
10c2dfd30  25 6c a2 c0 70 69 05 27 9b 42 94 c6 4d c6 8e 07  %l..pi.'.B..M...
10c2dfd40  4c 23 05 12 24 7f 31 19 3c 77 62 8c 71 68 28 fa  L#..$.1.<wb.qh(.
10c2dfd50  ee e6 c6 dd eb c3 20 05 89 d0 25 49 0e c4 07 28  ...... ...%I...(
10c2dfd60  84 7b a7 4d 1e f1 c5 fd 7d 5d 93 53 03 c0 ac ff  .{.M....}].S....
10c2dfd70  b2 f4 d9 0a 77 ac 7f fd f0 ba d7 76 8a 60 ee 40  ....w......v.`.@
10c2dfd80  23 1b 45 8d c3 aa 66 e7 ed c8 8e ea 3f 4f 61 90  #.E...f.....?Oa.
10c2dfd90  c6 75 10 0c c5 42 c1 c7 f8 98 b1 61 28 50 e7 88  .u...B.....a(P..
10c2dfda0  65 34 de bb ae 2f 78 4b 22 be b8 06 8a b7 38 b0  e4.../xK".....8.
10c2dfdb0  ee e4 54 c3 fe 17 24 e4 b9 6e e6 1d 7a 23 60 ab  ..T...$..n..z#`.
10c2dfdc0  f3 ab c9 ac 85 f8 51 ab 4a 1c 2a f1 39 6e 48 5e  ......Q.J.*.9nH^
10c2dfdd0  e1 13 4b bd e9 c5 cf 49 24 71 cd f0 a2 0d 2f 08  ..K....I$q..../.
10c2dfde0  f1 0d b3 a3 e8 52 1f c0 c5 db 14 83 d1 06 9d f9  .....R..........
10c2dfdf0  0e af e3 60 97 c0 2a 24 15 eb b0 03 5a 2e 46 2a  ...`..*$....Z.F*
10c2dfe00  75 da 7a 3e cb e3 0d 99 3c 35 e6 4d c8 ed 82 84  u.z>....<5.M....
10c2dfe10  f6 21 97 61 a1 8e 89 92 8d 26 9f b3 a4 9d 2a 2c  .!.a.....&....*,
10c2dfe20  a3 50 37 5b 86 3b 7b 48 7f c8 b2 56 25 c8 b8 8b  .P7[.;{H...V%...
10c2dfe30  4e 41 d9 c8 6e 32 d9 2f 48 34 1a b2 8e 44 5d 98  NA..n2./H4...D].
10c2dfe40  0b 07 26 ee 74 50 9f 81 1d 2a 9c 2d 40 fc c7 16  ..&.tP...*.-@...
10c2dfe50  00 68 7d af 03 fa e4 cb 40 fb 3f 0b 3f c9 63 34  .h}.....@.?.?.c4
10c2dfe60  3f 4c d5 5f c0 2e a5 77 f1 75 69 19 6b 38 f6 f4  ?L._...w.ui.k8..
10c2dfe70  5e 51 c2 ed 4f d5 89 6b c7 75 60 e4 38 ed 08 c5  ^Q..O..k.u`.8...
10c2dfe80  13 a3 94 e5 0f 7c c8 82 a6 f7 76 a2 ab db 99 d5  .....|....v.....
10c2dfe90  95 e2 c0 7f 88 cb 1e b0 a7 38 ae d9 49 8a e0 f5  .........8..I...
10c2dfea0  09 2e 5d 42 f8 85 b7 c2 ac 15 89 1b 71 73 0a 61  ..]B........qs.a
10c2dfeb0  e9 a9 6d c4 a1 b0 61 fb 91 64 7f b2 6b a5 22 71  ..m...a..d..k."q
10c2dfec0  b6 6c 5c 92 e1 14 e1 bc c4 12 68 3b 46 5a 3c 63  .l\.......h;FZ<c
10c2dfed0  f8 e2 0e c6 43 5c be 91 f9 c4 3b 3c 70 99 66 cb  ....C\....;<p.f.
10c2dfee0  5b 5c ac f8 48 5c 5d 2c 72 53 2c 1d 3a 3b 53 89  [\..H\],rS,.:;S.
10c2dfef0  cb 70 98 f6 c9 a9 47 1d 32 76 9a 5d be 4c 6f fb  .p....G.2v.].Lo.
10c2dff00  a4 2e 84 ea 15 0e d6 2a dc 93 06 c3 5a 6c 29 7d  .......*....Zl)}
10c2dff10  c0 8b 20 56 18 8e c2 72 16 0b 67 13 43 b2 32 6c  .. V...r..g.C.2l
10c2dff20  8b ba 1b c1 4b 25 3a 51 ce 43 7e 03 c6 ba 92 6a  ....K%:Q.C~....j
10c2dff30  dc 34 08 b9 a8 09 19 a4 2f d8 5a 46 37 54 c1 37  .4....../.ZF7T.7
10c2dff40  95 09 2b c9 50 89 ff ad c3 07 c5 66 9c a2 f2 41  ..+.P......f...A
10c2dff50  a3 b8 93 45 84 c3 e2 67 c2 1c b0 84 53 02 0c a7  ...E...g....S...
10c2dff60  36 a6 cc c0 7f ab 7c 68 b1 32 6f a7 b5 bb ae a0  6.....|h.2o.....
10c2dff70  3b 70 94 97 15 4c b7 b8 83 2b e2 01 a0 ff 9e bb  ;p...L...+......
10c2dff80  75 dc 43 33 8b d3 5a 20 3b 3d b3 01 6c 23 b6 b9  u.C3..Z ;=..l#..
10c2dff90  33 de 75 4c 2e f1 35 4a eb 1d da 9e 40 ac ab 04  3.uL..5J....@...
10c2dffa0  21 3b a2 4b 75 39 2f d9 fa e8 b2 f2 b5 93 a9 3e  !;.Ku9/........>
10c2dffb0  d6 f5 c1 cb 8a 92 0a b6 ec 3b 14 d8 2a aa a2 ab  .........;..*...
10c2dffc0  f9 f8 9f c3 b6 3b d4 6f 6c 02 59 68 3a 45 49 80  .....;.ol.Yh:EI.
10c2dffd0  b7 c3 1a 6c f0 1e 16 e2 71 13 fa 20 1b 0d 88 5c  ...l....q.. ...\
10c2dffe0  5b 68 23 65 21 9b 06 82 1f ba 21 93 f0 f6 22 cb  [h#e!.....!...".
10c2dfff0  c6 5e 96 1f d9 d4 90 10 7d 4e e9 57 99 b2 88 3b  .^......}N.W...;
10c2e0000  e2 be 96 48 b9 2b 63 04 17 2a 3b 54 e7 79 43 da  ...H.+c..*;T.yC.
10c2e0010  ff ba 63 56 ee d7 cd 89 21 8b 6d 0c e7 8d c9 aa  ..cV....!.m.....
10c2e0020  74 9e 59 ec 10 9a 0e 6d ff 11 da 9a 07 2c ea d5  t.Y....m.....,..
10c2e0030  3a 3c 34 d6 f0 b7 0e 21 aa c1 ae bc 9c 7c 0f 8a  :<4....!.....|..
10c2e0040  c7 5f 36 cb ba d0 29 0c db 43 72 c5 0b 3b 1e b2  ._6...)..Cr..;..
10c2e0050  a7 81 e7 83 d9 24 20 f5 52 e7 42 cb 84 aa 7c 68  .....$ .R.B...|h
10c2e0060  7f 45 a2 f1 8a 33 cf 80 9d 34 e7 14 4f 04 4f 66  .E...3...4..O.Of

,	Aweme!0x3e70e1c this.args2 onLeave 0x1714949b0 0x1714949b0

,	Aweme!0x3e70e1c this.args3 onLeave 0x1714949a0 0x1714949a0

,	Aweme!0x3e70e1c this.args4 onLeave 0x1a7 0x1a7

,retval onLeave: 0x10b945fe0             0  1  2  3  4  5  6  7  8  9  A  B  C  D  E  F  0123456789ABCDEF
10b945fe0  6e 56 69 65 77 22 00 40 22 41 57 45 50 4f 49 48  nView".@"AWEPOIH
10b945ff0  6f 74 65 6c 54 69 74 6c 65 56 69 65 77 22 00 40  otelTitleView".@
10b946000  22 41 57 45 50 4f 49 48 6f 74 65 6c 50 6f 6c 69  "AWEPOIHotelPoli
10b946010  63 79 43 65 6c 6c 56 69 65 77 22 00 40 22 41 57  cyCellView".@"AW
10b946020  45 50 4f 49 53 75 70 70 6c 69 65 72 44 65 74 61  EPOISupplierDeta
10b946030  69 6c 52 65 73 70 6f 6e 73 65 22 00 40 22 41 57  ilResponse".@"AW
10b946040  45 50 4f 49 48 6f 74 65 6c 46 61 63 69 6c 69 74  EPOIHotelFacilit
10b946050  79 42 6f 74 74 6f 6d 56 69 65 77 22 00 42 32 34  yBottomView".B24
10b946060  40 30 3a 38 40 22 43 41 4b 41 6c 62 75 6d 56 69  @0:8@"CAKAlbumVi
10b946070  65 77 43 6f 6e 74 72 6f 6c 6c 65 72 22 31 36 00  ewController"16.
10b946080  64 32 34 40 30 3a 38 40 22 43 41 4b 41 6c 62 75  d24@0:8@"CAKAlbu
10b946090  6d 56 69 65 77 43 6f 6e 74 72 6f 6c 6c 65 72 22  mViewController"
10b9460a0  31 36 00 40 22 43 41 4b 41 6c 62 75 6d 4e 61 76  16.@"CAKAlbumNav
10b9460b0  69 67 61 74 69 6f 6e 56 69 65 77 43 6f 6e 66 69  igationViewConfi
10b9460c0  67 22 32 34 40 30 3a 38 40 22 43 41 4b 41 6c 62  g"24@0:8@"CAKAlb
10b9460d0  75 6d 56 69 65 77 43 6f 6e 74 72 6f 6c 6c 65 72  umViewController
10b9460e0  22 31 36 00 40 22 43 41 4b 41 6c 62 75 6d 4c 69  "16.@"CAKAlbumLi
10b9460f0  73 74 56 69 65 77 43 6f 6e 66 69 67 22 32 34 40  stViewConfig"24@
10b946100  30 3a 38 40 22 43 41 4b 41 6c 62 75 6d 56 69 65  0:8@"CAKAlbumVie
10b946110  77 43 6f 6e 74 72 6f 6c 6c 65 72 22 31 36 00 40  wController"16.@
10b946120  22 43 41 4b 41 6c 62 75 6d 42 6f 74 74 6f 6d 56  "CAKAlbumBottomV
10b946130  69 65 77 43 6f 6e 66 69 67 22 32 34 40 30 3a 38  iewConfig"24@0:8
10b946140  40 22 43 41 4b 41 6c 62 75 6d 56 69 65 77 43 6f  @"CAKAlbumViewCo
10b946150  6e 74 72 6f 6c 6c 65 72 22 31 36 00 40 22 43 41  ntroller"16.@"CA
10b946160  4b 41 6c 62 75 6d 53 65 6c 65 63 74 65 64 41 73  KAlbumSelectedAs
10b946170  73 65 74 73 56 69 65 77 43 6f 6e 66 69 67 22 32  setsViewConfig"2
10b946180  34 40 30 3a 38 40 22 43 41 4b 41 6c 62 75 6d 56  4@0:8@"CAKAlbumV
10b946190  69 65 77 43 6f 6e 74 72 6f 6c 6c 65 72 22 31 36  iewController"16
10b9461a0  00 40 22 55 49 56 69 65 77 3c 43 41 4b 41 6c 62  .@"UIView<CAKAlb
10b9461b0  75 6d 4e 61 76 69 67 61 74 69 6f 6e 56 69 65 77  umNavigationView
10b9461c0  50 72 6f 74 6f 63 6f 6c 3e 22 32 34 40 30 3a 38  Protocol>"24@0:8
10b9461d0  40 22 43 41 4b 41 6c 62 75 6d 56 69 65 77 43 6f  @"CAKAlbumViewCo
10b9461e0  6e 74 72 6f 6c 6c 65 72 22 31 36 00 40 22 55 49  ntroller"16.@"UI
10b9461f0  56 69 65 77 3c 43 41 4b 41 6c 62 75 6d 42 6f 74  View<CAKAlbumBot
10b946200  74 6f 6d 56 69 65 77 50 72 6f 74 6f 63 6f 6c 3e  tomViewProtocol>
10b946210  22 32 34 40 30 3a 38 40 22 43 41 4b 41 6c 62 75  "24@0:8@"CAKAlbu
10b946220  6d 56 69 65 77 43 6f 6e 74 72 6f 6c 6c 65 72 22  mViewController"
10b946230  31 36 00 40 22 55 49 56 69 65 77 3c 43 41 4b 53  16.@"UIView<CAKS
10b946240  65 6c 65 63 74 65 64 41 73 73 65 74 73 56 69 65  electedAssetsVie
10b946250  77 50 72 6f 74 6f 63 6f 6c 3e 22 32 34 40 30 3a  wProtocol>"24@0:
10b946260  38 40 22 43 41 4b 41 6c 62 75 6d 56 69 65 77 43  8@"CAKAlbumViewC
10b946270  6f 6e 74 72 6f 6c 6c 65 72 22 31 36 00 40 22 55  ontroller"16.@"U
10b946280  49 56 69 65 77 3c 43 41 4b 41 6c 62 75 6d 52 65  IView<CAKAlbumRe
10b946290  71 75 65 73 74 41 63 63 65 73 73 56 69 65 77 50  questAccessViewP
10b9462a0  72 6f 74 6f 63 6f 6c 3e 22 32 34 40 30 3a 38 40  rotocol>"24@0:8@
10b9462b0  22 43 41 4b 41 6c 62 75 6d 56 69 65 77 43 6f 6e  "CAKAlbumViewCon
10b9462c0  74 72 6f 6c 6c 65 72 22 31 36 00 40 22 4e 53 41  troller"16.@"NSA
10b9462d0  72 72 61 79 22 32 34 40 30 3a 38 40 22 43 41 4b  rray"24@0:8@"CAK
10b9462e0  41 6c 62 75 6d 56 69 65 77 43 6f 6e 74 72 6f 6c  AlbumViewControl
10b9462f0  6c 65 72 22 31 36 00 76 32 34 40 30 3a 38 40 22  ler"16.v24@0:8@"
10b946300  43 41 4b 41 6c 62 75 6d 56 69 65 77 43 6f 6e 74  CAKAlbumViewCont
10b946310  72 6f 6c 6c 65 72 22 31 36 00 76 32 34 40 30 3a  roller"16.v24@0:
10b946320  38 40 22 55 49 56 69 65 77 43 6f 6e 74 72 6f 6c  8@"UIViewControl
10b946330  6c 65 72 3c 43 41 4b 41 6c 62 75 6d 4c 69 73 74  ler<CAKAlbumList
10b946340  56 69 65 77 43 6f 6e 74 72 6f 6c 6c 65 72 50 72  ViewControllerPr
10b946350  6f 74 6f 63 6f 6c 3e 22 31 36 00 76 34 30 40 30  otocol>"16.v40@0
10b946360  3a 38 40 22 43 41 4b 41 6c 62 75 6d 56 69 65 77  :8@"CAKAlbumView
10b946370  43 6f 6e 74 72 6f 6c 6c 65 72 22 31 36 40 22 43  Controller"16@"C
10b946380  41 4b 41 6c 62 75 6d 41 73 73 65 74 4d 6f 64 65  AKAlbumAssetMode
10b946390  6c 22 32 34 71 33 32 00 42 33 32 40 30 3a 38 40  l"24q32.B32@0:8@
10b9463a0  22 43 41 4b 41 6c 62 75 6d 56 69 65 77 43 6f 6e  "CAKAlbumViewCon
10b9463b0  74 72 6f 6c 6c 65 72 22 31 36 40 22 43 41 4b 41  troller"16@"CAKA
10b9463c0  6c 62 75 6d 41 73 73 65 74 4d 6f 64 65 6c 22 32  lbumAssetModel"2
10b9463d0  34 00 76 34 30 40 30 3a 38 40 22 43 41 4b 41 6c  4.v40@0:8@"CAKAl

[end signal]{
    "X-Argus" = "zgTAF9//mcYTENQKlJjxY2jAyqA3VRGz1JH/Hkuoty+mvphKtJA7EHBr58z9BR1OniXYMTsDq6364lCkvAa3+gY2Yj232Y/lorcAdD0KEVThywf3eoMHAvX/0Fq4JhPtKdKmUH+voB6pSzOFehyMJr9TY87OMIWaVTQ+8LnS1lvk3dEbKJPcn25W3X4k7y3+RQ9/UkMTfe0yHDce8wSDzzZ8kl6YA3puCweodup7O7TKFg==";
    "X-Gorgon" = 8404009e0000bff075d8f079506959ac333464d316f4ee6f685f;
    "X-Khronos" = 1618201440;
    "X-Ladon" = "TtGMHOO/yNJCNAf0dseB4h5ccn5JwmI92q7+U1r6mMVnTLZ9";
    "X-Tyhon" = "AWGKx0nExJUN3orHBsXYgxyLiogH2c6SSYuKhmY=";
}
Aweme!0x3e7cf08 2
Aweme!0x3e57ef4 18
Aweme!0x3e86920 5
Aweme!0x3ed9fc0 1
Aweme!0x775e78c 238
Aweme!0x3e712dc 3
Aweme!0x3ed3358 3
Aweme!0x3ed31e4 258
Aweme!0x775e390 3
Aweme!0x3ede618 2
Aweme!0x3edded8 1
Aweme!0x3ecef8c 1
Aweme!0x3e90ed4 1
Aweme!0x3e713f4 1
Aweme!0x3ecabc0 5
Aweme!0x3ecb9e4 7
Aweme!0x3eca820 4
Aweme!0x3ea1d50 1
Aweme!0x3e51f40 3
Aweme!0x3e5e594 1
Aweme!0x775c5d8 32
Aweme!0x3e714b0 1
Aweme!0x3e70ba0 10
Aweme!0x3e868c8 5
Aweme!0x3e5e8d8 1
Aweme!0x3e4f5ec 2
Aweme!0x3e70b44 9
Aweme!0x3e6057c 2
Aweme!0x3e67810 56
Aweme!0x3e51918 7
Aweme!0x3ea1ac8 1
Aweme!0x3e71284 1
Aweme!0x3e61858 1
Aweme!0x3eac818 1
Aweme!0x3ecb134 1
Aweme!0x3e8c880 4
Aweme!0x3ecfd58 1
Aweme!0x3e711cc 2
Aweme!0x3ecaf64 1
Aweme!0x3eda368 1
Aweme!0x3ecf3ec 2
Aweme!0x3e523fc 7
Aweme!0x3e7ce58 4
Aweme!0x3eca540 4
Aweme!0x3ecf504 1
Aweme!0x3e872f4 2
Aweme!0x3ea6180 1
Aweme!0x3ed7104 4
Aweme!0x3ed32a8 3
Aweme!0x3ed3304 1
Aweme!0x3e5205c 11
Aweme!0x3ea0f90 1
Aweme!0x3e870c8 2
Aweme!0x3e51fa4 3
Aweme!0x3ee4520 2
Aweme!0x3eda3c8 3
Aweme!0x3eda028 1
Aweme!0x3ea8d04 7
Aweme!0x3e710b8 2
Aweme!0x3e5e93c 2
Aweme!0x3e712e8 2
Aweme!0x3ea7e84 1
Aweme!0x3eac8d8 1
Aweme!0x3e618bc 2
Aweme!0x3e7128c 6
Aweme!0x775e39c 7
Aweme!0x3e86de4 1
Aweme!0x3e70d1c 2
Aweme!0x3e71400 1
Aweme!0x775b534 2
Aweme!0x3ecaa58 11
Aweme!0x3e70920 1
Aweme!0x3ed9eb8 4
Aweme!0x3e713a4 1
Aweme!0x775e7f8 1
Aweme!0x3ea12d8 1
Aweme!0x3e67b00 2
Aweme!0x3eca9a0 1
Aweme!0x3e58b58 236
Aweme!0x3e5c5b8 1
Aweme!0x3e7111c 2
Aweme!0x3e520c0 3
Aweme!0x3e70d7c 2
Aweme!0x3e93da8 2
Aweme!0x3e70980 29
Aweme!0x3e70af4 21
Aweme!0x3e4e71c 4
Aweme!0x3e8c7d4 2
Aweme!0x3ecfd64 1
Aweme!0x3eda5fc 1
Aweme!0x3ea8d0c 395
Aweme!0x3eca9a4 4
Aweme!0x3ed31f8 2
Aweme!0x3ed3028 814
Aweme!0x3eca604 3
Aweme!0x3ee49e0 1
Aweme!0x3ecb1fc 1
Aweme!0x3e71464 1
Aweme!0x3e71294 2
Aweme!0x3ecb02c 2
Aweme!0x3ea7a90 8
Aweme!0x3e67bc0 2
Aweme!0x3e5c8a4 1
Aweme!0x3e87300 4
Aweme!0x775e348 7
Aweme!0x3ea0a88 1
Aweme!0x3ed32b4 2
Aweme!0x3e86dec 1
Aweme!0x3e4e1b0 5
Aweme!0x3e5bd68 4
Aweme!0x3ea1680 3
Aweme!0x3e716f0 7
Aweme!0x3e5c61c 2
Aweme!0x3e70c10 3
Aweme!0x3e84b20 1
Aweme!0x775e7a4 238
Aweme!0x3ede85c 3
Aweme!0x3ea61ec 21
Aweme!0x775e918 1
Aweme!0x3ea1228 1
Aweme!0x775cb00 1
Aweme!0x3e808c8 1
Aweme!0x3e6047c 1
Aweme!0x3e713b0 3
Aweme!0x3ea8c54 6
Aweme!0x775e804 4
Aweme!0x3ed325c 5
Aweme!0x3e71698 10
Aweme!0x3e853d8 30
Aweme!0x3e85208 9
Aweme!0x3e712f8 1
Aweme!0x3e7bed4 1
Aweme!0x3e71128 1
Aweme!0x3ea61f0 2
Aweme!0x3e7129c 1
Aweme!0x3e86df4 9
Aweme!0x3ea2ad4 2
Aweme!0x3e70b5c 20
Aweme!0x3e71240 2
Aweme!0x3e4e728 2
Aweme!0x3e51534 7
Aweme!0x3ed9ec8 3
Aweme!0x3e70c74 1
Aweme!0x3ea1858 37
Aweme!0x3ecf460 1
Aweme!0x3ecb260 6
Aweme!0x3ecc428 1
Aweme!0x3edb1a4 1
Aweme!0x3e83398 1
Aweme!0x3e70d30 1
Aweme!0x3ed9d58 5
Aweme!0x3e5cbf4 1
Aweme!0x3e872b0 10
Aweme!0x3e711e8 1
Aweme!0x3ea8ba8 55
Aweme!0x3eda3e0 4
Aweme!0x3ec92dc 1
Aweme!0x3ed3264 257
Aweme!0x3e8a230 1
Aweme!0x3e7118c 2
Aweme!0x3ea8d1c 1
Aweme!0x3e87254 7
Aweme!0x3e617bc 1
Aweme!0x3ea1630 2
Aweme!0x3e71300 1
Aweme!0x3ea8cc0 3
Aweme!0x3e86fcc 4
Aweme!0x3ed3150 41
Aweme!0x3e87d94 2
Aweme!0x3eca8a0 1
Aweme!0x3edb264 1
Aweme!0x3e4e730 2
Aweme!0x3e8a290 1
Aweme!0x3ed32c4 2
Aweme!0x3ecaa14 5
Aweme!0x3ee1390 1
Aweme!0x3e7019c 1
Aweme!0x3e52134 5
Aweme!0x3e713bc 1
Aweme!0x3e70140 1
Aweme!0x3e70d94 1
Aweme!0x3e58b14 236
Aweme!0x3e67890 4
Aweme!0x3ed31b0 1
Aweme!0x3e7141c 1
Aweme!0x3e7124c 5
Aweme!0x3e86f74 1
Aweme!0x3e84dbc 1
Aweme!0x3ea8bb0 69
Aweme!0x3e4de24 9
Aweme!0x3e708e0 1
Aweme!0x3edb20c 2
Aweme!0x3e8c790 2
Aweme!0x3e70fc4 4
Aweme!0x3e88764 1
Aweme!0x3e87200 1
Aweme!0x775e078 9
Aweme!0x3ea1b4c 1
Aweme!0x3e868f0 5
Aweme!0x3ea197c 28
Aweme!0x3ecd59c 2
Aweme!0x3e86fd4 4
Aweme!0x3e52080 14
Aweme!0x3ead4f0 1
Aweme!0x3ed4bd0 1
Aweme!0x3e71080 2
Aweme!0x3ea1a94 1
Aweme!0x3e70b10 12
Aweme!0x3ecaa78 1
Aweme!0x3eda21c 2
Aweme!0x3ed7070 2
Aweme!0x3ed9e7c 3
Aweme!0x3e90e48 1
Aweme!0x3e71368 2
Aweme!0x3ea7994 4
Aweme!0x3ecb2d0 57
Aweme!0x3e520e0 14
Aweme!0x3eb1c60 1
Aweme!0x3e70bcc 1
Aweme!0x3ecaca8 1
Aweme!0x775c5a8 7
Aweme!0x3ea03c0 1
Aweme!0x3e5c520 2
Aweme!0x3edad5c 2
Aweme!0x3e8a128 1
Aweme!0x3ee7920 4
Aweme!0x3ed72a0 1
Aweme!0x3ec9348 2
Aweme!0x3ea1188 1
Aweme!0x3e5d118 1
Aweme!0x3e71028 1
Aweme!0x3ea169c 2
Aweme!0x3e926f4 1
Aweme!0x3ecb278 1
Aweme!0x3e67728 3
Aweme!0x3e70f70 2
Aweme!0x3e92868 1
Aweme!0x3e86fdc 1
Aweme!0x3ea1928 1
Aweme!0x3e71428 1
Aweme!0x3e90f08 1
Aweme!0x3ed69f0 1
Aweme!0x3eca340 6
Aweme!0x3e4e740 4
Aweme!0x3e711fc 1
Aweme!0x775d148 23
Aweme!0x3ecb164 1
Aweme!0x3e8a244 1
Aweme!0x3e70fd0 4
Aweme!0x3ecb9bc 3
Aweme!0x3e61204 2
Aweme!0x3ea8cd4 3
Aweme!0x775e084 6
Aweme!0x3e4dd78 1
Aweme!0x3e71488 1
Aweme!0x3e5cc68 2
Aweme!0x3e70d48 2
Aweme!0x3ea03c8 9
Aweme!0x3e5208c 5
Aweme!0x3e57394 1
Aweme!0x3ecb1c4 1
Aweme!0x3ea1c70 1
Aweme!0x3ea7c28 5
Aweme!0x3e624e0 2
Aweme!0x3eda3f8 3
Aweme!0x3e70550 3
Aweme!0x3e71374 2
Aweme!0x3e928cc 2
Aweme!0x3eb31d0 4
Aweme!0x3e71318 3
Aweme!0x3e520ec 6
Aweme!0x3e70da8 5
Aweme!0x3e70bd8 3
Aweme!0x3e5c1e8 1
Aweme!0x3e7ce8c 4
Aweme!0x3ea8c7c 2
Aweme!0x3e71430 3
Aweme!0x3ecac58 52
Aweme!0x775dfd0 38
Aweme!0x3ed32dc 257
Aweme!0x3e84a30 1
Aweme!0x3ee5718 6
Aweme!0x3e8c7a4 2
Aweme!0x775e828 9
Aweme!0x3ecb9c4 4
Aweme!0x3ecda08 1
Aweme!0x3ea0828 7
Aweme!0x3ea164c 1
Aweme!0x3e9a300 2
Aweme!0x3e7114c 1
Aweme!0x3e5cb58 2
Aweme!0x3e70f7c 1
Aweme!0x3ed3224 256
Aweme!0x3e86ad4 2
Aweme!0x3ecc730 1
Aweme!0x3ea1764 1
Aweme!0x3ead334 1
Aweme!0x3e68100 1
Aweme!0x3e58a74 472
Aweme!0x775e888 1
Aweme!0x3ecf140 1
Aweme!0x3ed67d0 6
Aweme!0x3ed30b4 4
Aweme!0x3e711ac 3
Aweme!0x3ed9e90 5
Aweme!0x775c7e8 395
Aweme!0x3e87048 2
Aweme!0x3e70db0 21
Aweme!0x3e51f24 5
Aweme!0x3eca7a8 4
Aweme!0x775e090 3
Aweme!0x3e70100 2
Aweme!0x3e93d80 8
Aweme!0x3ede65c 1
Aweme!0x3ee4b84 8
Aweme!0x3e523dc 2
Aweme!0x3ea8c28 4
Aweme!0x3e70b28 12
Aweme!0x3ea170c 9
Aweme!0x3e8a13c 1
Aweme!0x3ecec30 19
Aweme!0x3ecda6c 2
Aweme!0x3ecc8a8 1
Aweme!0x775d328 2
Aweme!0x3ecf828 1
Aweme!0x3e71268 1
Aweme!0x3ecb118 3
Aweme!0x3ee5894 2
Aweme!0x3e4e698 2
Aweme!0x3ea1998 1
Aweme!0x3e86adc 1
Aweme!0x3edb340 2
Aweme!0x3e71668 9
Aweme!0x3ed9ddc 8
Aweme!0x3ed4a78 1
Aweme!0x3e67854 1
Aweme!0x3eda120 1
Aweme!0x3e87334 5
Aweme!0x3ed3344 1
Aweme!0x3e58964 1
Aweme!0x3e90ec0 1
Aweme!0x3ea16b4 45
Aweme!0x3e516d4 7
Aweme!0x3edacbc 1
Aweme!0x775e834 2
Aweme!0x3e51f88 10
Aweme!0x3e89ce8 1
Aweme!0x3eda408 2
Aweme!0x3ed328c 2
Aweme!0x3e71328 1
Aweme!0x3edb174 1
Aweme!0x3e86ff4 2
Aweme!0x3ecc90c 2
Aweme!0x775ec90 6
Aweme!0x3e67688 3
Aweme!0x3e71440 1
Aweme!0x3e71270 3
Aweme!0x3e52044 3
Aweme!0x3ee4790 1
Aweme!0x3ecf88c 2
Aweme!0x3e872dc 5
Aweme!0x775e720 6
Aweme!0x3e70ca4 2
Aweme!0x3ed7260 1
Aweme!0x3e5c824 2
Aweme!0x3ecb9d4 1
Aweme!0x775c7f4 38
Aweme!0x3e70dbc 1
Aweme!0x3e86ae4 1
Aweme!0x3e714a0 2
Aweme!0x3ecaaf8 1
Aweme!0x3e709c0 30
Aweme!0x3e523e8 2
Aweme!0x3ecfc30 1
Aweme!0x3e84c14 1
Aweme!0x3e71218 3
Aweme!0x3ecb180 19
Aweme!0x3e86ba0 3
Aweme!0x3ea6110 2
Aweme!0x3e70e1c 2
Aweme!0x3ed3238 6
Aweme!0x775e7e0 2
Aweme!0x3e70f90 2
Aweme!0x3ea1b74 10
Aweme!0x3ee5674 4
Aweme!0x3e51ed8 14
Aweme!0x3e5de48 2
Aweme!0x3eac354 1
Aweme!0x3e71448 1
Aweme!0x3ecb1e0 1
Aweme!0x3eaea20 11
Aweme!0x3ed32f4 2
Aweme!0x3e56530 1
Aweme!0x3e4e1f0 9
Aweme!0x3ecb9dc 7
Aweme!0x3ea1664 1
Aweme!0x3e885c0 1
Aweme!0x3ed3010 516
Aweme!0x3e70f38 3
Aweme!0x3e67c04 1
Aweme!0x3e67a34 1
Aweme!0x3e7cea8 2
Aweme!0x3e523f0 5
Aweme!0x3ea7e18 52
Aweme!0x3e71108 1
Aweme!0x3ea3c78 1
Aweme!0x3eca930 14
Aweme!0x3e60518 1
Aweme!0x3ecafb8 1
Aweme!0x3e84a4c 1
Aweme!0x3ecb188 2
Aweme!0x3e70d08 2
Aweme!0x3ead464 1
Aweme!0x3ed30cc 2
Aweme!0x3ed9ea8 5
Aweme!0x3e711c4 2
Aweme!0x3ecb2a0 24
Aweme!0x3ed7210 1
Aweme!0x3ed3240 1
On receive  16384
Error happenError: unable to find module containing 0x12189025c
Error happenError: unable to find module containing 0x121812984
Error happenError: unable to find module containing 0x121812994
call: Aweme!0x3ecb52c Aweme!0x775e390@DYLD-STUB$$objc_retain
call: Foundation!0x715c libobjc.A.dylib!0x47e8@object_getClass
call: Foundation!0x71cc CoreFoundation!0xaae2c@_CFNonObjCRetain
call: Aweme!0x3ecb538 Aweme!0x775e390@DYLD-STUB$$objc_retain
call: Aweme!0x3ecb554 Aweme!0x775e348@DYLD-STUB$$objc_msgSend
call: Foundation!0x40150 libobjc.A.dylib!0x2080@objc_msgSend
call: Foundation!0x732c libobjc.A.dylib!0x47e8@object_getClass
call: Foundation!0x40180 CoreFoundation!0xf2138@CFURLCopyAbsoluteURL
call: CoreFoundation!0xf2164 CoreFoundation!0xabff8@CFGetAllocator
call: CoreFoundation!0xf2234 CoreFoundation!0x2af0@CFRetain
call: Foundation!0x4018c CoreFoundation!0xf1b04@CFURLGetString
call: Foundation!0x40190 libobjc.A.dylib!0x20010@objc_retain
call: CoreFoundation!0x6bec CoreFoundation!0xaae2c@_CFNonObjCRetain
call: Foundation!0x40194 libobjc.A.dylib!0x20080@objc_autorelease
call: Foundation!0x401a0 CoreFoundation!0x2694@CFRelease
call: Aweme!0x3ecb558 Aweme!0x3ecb9c4@0x3ecb9c4
call: CoreFoundation!0x6bec CoreFoundation!0xaae2c@_CFNonObjCRetain
call: Aweme!0x3ecb570 Aweme!0x775e348@DYLD-STUB$$objc_msgSend
call: Aweme!0x3ecb58c Aweme!0x3ecb9dc@0x3ecb9dc
call: libc++abi.dylib!0xee0 libc++abi.dylib!0x10e54@DYLD-STUB$$malloc
call: libsystem_malloc.dylib!0x10160 libsystem_malloc.dylib!0xf6b8@malloc_zone_malloc
call: libsystem_malloc.dylib!0xf750 libsystem_malloc.dylib!0x11d64@default_zone_malloc
call: libsystem_malloc.dylib!0xecc libsystem_malloc.dylib!0xf20@nanov2_allocate$VARIANT$mp
call: libsystem_malloc.dylib!0xf98 libsystem_malloc.dylib!0x1b18@nanov2_allocate_from_block$VARIANT$mp
call: Aweme!0x3ecb598 Aweme!0x775e39c@DYLD-STUB$$objc_retainAutorelease
call: libobjc.A.dylib!0x218c4 libobjc.A.dylib!0x20010@objc_retain
call: CoreFoundation!0x6bec CoreFoundation!0xaae2c@_CFNonObjCRetain
call: Aweme!0x3ecb5a4 Aweme!0x3ecb9e4@0x3ecb9e4
call: CoreFoundation!0x6980 CoreFoundation!0xc7c40@__CFStringMtbl
call: CoreFoundation!0x69b4 CoreFoundation!0xcf3e4@CFStringGetCStringPtr
call: Aweme!0x3ecb5b0 Aweme!0x3eca930@0x3eca930
call: Aweme!0x3eca8d4 Aweme!0x3ecb180@0x3ecb180
call: Aweme!0x3eca8e8 Aweme!0x775dfd0@DYLD-STUB$$malloc
call: libsystem_malloc.dylib!0x10160 libsystem_malloc.dylib!0xf6b8@malloc_zone_malloc
call: libsystem_malloc.dylib!0xf750 libsystem_malloc.dylib!0x11d64@default_zone_malloc
call: libsystem_malloc.dylib!0x6224 libsystem_malloc.dylib!0x17638@tiny_malloc_should_clear
call: libsystem_malloc.dylib!0x176d0 libsystem_platform.dylib!0x8cf8@DYLD-STUB$$os_unfair_lock_lock_with_options
call: libsystem_malloc.dylib!0x17714 libsystem_malloc.dylib!0x1902c@tiny_malloc_from_free_list
call: libsystem_malloc.dylib!0x19270 libsystem_malloc.dylib!0x17ca8@set_tiny_meta_header_in_use
call: libsystem_malloc.dylib!0x17a4c libsystem_platform.dylib!0x8d1c@DYLD-STUB$$os_unfair_lock_unlock
call: Aweme!0x3eca8f4 Aweme!0x3ecb2a0@0x3ecb2a0
call: Aweme!0x3ecb5bc Aweme!0x3eca340@0x3eca340
call: Aweme!0x3eca35c Aweme!0x3e58b14@0x3e58b14
call: Aweme!0x3e58af4 Aweme!0x3e58a74@0x3e58a74
call: Aweme!0x3e58afc Aweme!0x775e78c@DYLD-STUB$$pthread_mutex_lock
call: Aweme!0x3eca368 Aweme!0x775c5d8@DYLD-STUB$$operator new(unsigned long)
call: libc++abi.dylib!0xee0 libc++abi.dylib!0x10e54@DYLD-STUB$$malloc
call: libsystem_malloc.dylib!0x10160 libsystem_malloc.dylib!0xf6b8@malloc_zone_malloc
call: libsystem_malloc.dylib!0xf750 libsystem_malloc.dylib!0x11d64@default_zone_malloc
call: libsystem_malloc.dylib!0xecc libsystem_malloc.dylib!0xf20@nanov2_allocate$VARIANT$mp
call: libsystem_malloc.dylib!0xf98 libsystem_malloc.dylib!0x1b18@nanov2_allocate_from_block$VARIANT$mp
call: Aweme!0x3eca37c Aweme!0x3e58b58@0x3e58b58
call: Aweme!0x3e58b3c Aweme!0x3e58a74@0x3e58a74
call: Aweme!0x3e58b44 Aweme!0x775e7a4@DYLD-STUB$$pthread_mutex_unlock
call: Aweme!0x3ecb5c4 Aweme!0x3e86ba0@0x3e86ba0
call: Aweme!0x3e86bb0 Aweme!0x3e87334@0x3e87334
call: libc++abi.dylib!0xee0 libc++abi.dylib!0x10e54@DYLD-STUB$$malloc
call: libsystem_malloc.dylib!0x10160 libsystem_malloc.dylib!0xf6b8@malloc_zone_malloc
call: libsystem_malloc.dylib!0xf750 libsystem_malloc.dylib!0x11d64@default_zone_malloc
call: libsystem_malloc.dylib!0xecc libsystem_malloc.dylib!0xf20@nanov2_allocate$VARIANT$mp
call: libsystem_malloc.dylib!0xf98 libsystem_malloc.dylib!0x1b18@nanov2_allocate_from_block$VARIANT$mp
call: Aweme!0x3e86bd8 Aweme!0x3e868f0@0x3e868f0
call: Aweme!0x3e86908 Aweme!0x3e87254@0x3e87254
call: Aweme!0x3e8690c Aweme!0x3ed9d58@0x3ed9d58
call: Aweme!0x3ed9d74 Aweme!0x3ea61ec@0x3ea61ec
call: libsystem_malloc.dylib!0x10160 libsystem_malloc.dylib!0xf6b8@malloc_zone_malloc
call: libsystem_malloc.dylib!0xf750 libsystem_malloc.dylib!0x11d64@default_zone_malloc
call: libsystem_malloc.dylib!0xecc libsystem_malloc.dylib!0xf20@nanov2_allocate$VARIANT$mp
call: libsystem_malloc.dylib!0xf98 libsystem_malloc.dylib!0x1b18@nanov2_allocate_from_block$VARIANT$mp
call: libsystem_malloc.dylib!0xff4 libsystem_platform.dylib!0x8cf8@DYLD-STUB$$os_unfair_lock_lock_with_options
call: libsystem_malloc.dylib!0x1008 libsystem_malloc.dylib!0x1b18@nanov2_allocate_from_block$VARIANT$mp
call: libsystem_malloc.dylib!0x1030 libsystem_malloc.dylib!0x1d18@nanov2_find_block_and_allocate$VARIANT$mp
call: libsystem_malloc.dylib!0x21a8 libsystem_malloc.dylib!0x1b18@nanov2_allocate_from_block$VARIANT$mp
call: libsystem_malloc.dylib!0x103c libsystem_platform.dylib!0x8d1c@DYLD-STUB$$os_unfair_lock_unlock
call: Aweme!0x3ed9d80 Aweme!0x3e516d4@0x3e516d4
call: Aweme!0x3e516e0 Aweme!0x3e520e0@0x3e520e0
call: Aweme!0x3e516e4 Aweme!0x3e51ed8@0x3e51ed8
call: Aweme!0x3e51ee4 Aweme!0x3ea61ec@0x3ea61ec
call: libsystem_malloc.dylib!0x10160 libsystem_malloc.dylib!0xf6b8@malloc_zone_malloc
call: libsystem_malloc.dylib!0xf750 libsystem_malloc.dylib!0x11d64@default_zone_malloc
call: libsystem_malloc.dylib!0xecc libsystem_malloc.dylib!0xf20@nanov2_allocate$VARIANT$mp
call: libsystem_malloc.dylib!0xf98 libsystem_malloc.dylib!0x1b18@nanov2_allocate_from_block$VARIANT$mp
call: Aweme!0x3ed9d84 Aweme!0x3e523f0@0x3e523f0
call: Aweme!0x3e86bdc Aweme!0x3e872dc@0x3e872dc
call: Aweme!0x3e808e4 Aweme!0x3e58b14@0x3e58b14
call: Aweme!0x3e58af4 Aweme!0x3e58a74@0x3e58a74
call: Aweme!0x3e58afc Aweme!0x775e78c@DYLD-STUB$$pthread_mutex_lock
call: Aweme!0x3e808f0 Aweme!0x775c5d8@DYLD-STUB$$operator new(unsigned long)
call: libc++abi.dylib!0xee0 libc++abi.dylib!0x10e54@DYLD-STUB$$malloc
call: libsystem_malloc.dylib!0x10160 libsystem_malloc.dylib!0xf6b8@malloc_zone_malloc
call: libsystem_malloc.dylib!0xf750 libsystem_malloc.dylib!0x11d64@default_zone_malloc
call: libsystem_malloc.dylib!0xecc libsystem_malloc.dylib!0xf20@nanov2_allocate$VARIANT$mp
call: libsystem_malloc.dylib!0xf98 libsystem_malloc.dylib!0x1b18@nanov2_allocate_from_block$VARIANT$mp
call: Aweme!0x3e80904 Aweme!0x3e58b58@0x3e58b58
call: Aweme!0x3e58b3c Aweme!0x3e58a74@0x3e58a74
call: Aweme!0x3e58b44 Aweme!0x775e7a4@DYLD-STUB$$pthread_mutex_unlock
call: Aweme!0x3ecb5e8 Aweme!0x775e390@DYLD-STUB$$objc_retain
call: Aweme!0x3ecb608 Aweme!0x775e348@DYLD-STUB$$objc_msgSend
call: Aweme!0x3ecb64c Aweme!0x3e5bd68@0x3e5bd68
call: Aweme!0x3e5bd80 Aweme!0x3e58b14@0x3e58b14
call: Aweme!0x3e58af4 Aweme!0x3e58a74@0x3e58a74
call: Aweme!0x3e58afc Aweme!0x775e78c@DYLD-STUB$$pthread_mutex_lock
call: Aweme!0x3e5bd8c Aweme!0x3e58b58@0x3e58b58
call: Aweme!0x3e58b3c Aweme!0x3e58a74@0x3e58a74
call: Aweme!0x3e58b44 Aweme!0x775e7a4@DYLD-STUB$$pthread_mutex_unlock
call: Aweme!0x3ecb654 Aweme!0x3ecb9dc@0x3ecb9dc
call: libc++abi.dylib!0xee0 libc++abi.dylib!0x10e54@DYLD-STUB$$malloc
call: libsystem_malloc.dylib!0x10160 libsystem_malloc.dylib!0xf6b8@malloc_zone_malloc
call: libsystem_malloc.dylib!0xf750 libsystem_malloc.dylib!0x11d64@default_zone_malloc
call: libsystem_malloc.dylib!0xecc libsystem_malloc.dylib!0xf20@nanov2_allocate$VARIANT$mp
call: libsystem_malloc.dylib!0xf98 libsystem_malloc.dylib!0x1b18@nanov2_allocate_from_block$VARIANT$mp
call: Aweme!0x3ecb660 Aweme!0x775e39c@DYLD-STUB$$objc_retainAutorelease
call: libobjc.A.dylib!0x218c4 libobjc.A.dylib!0x20010@objc_retain
call: CoreFoundation!0x6bec CoreFoundation!0xaae2c@_CFNonObjCRetain
call: Aweme!0x3ecb668 Aweme!0x3ecb9e4@0x3ecb9e4
call: CoreFoundation!0x6980 CoreFoundation!0xc7c40@__CFStringMtbl
call: CoreFoundation!0x69b4 CoreFoundation!0xcf3e4@CFStringGetCStringPtr
call: Aweme!0x3ecb674 Aweme!0x3eca930@0x3eca930
call: Aweme!0x3eca8d4 Aweme!0x3ecb180@0x3ecb180
call: Aweme!0x3eca8e8 Aweme!0x775dfd0@DYLD-STUB$$malloc
call: libsystem_malloc.dylib!0x10160 libsystem_malloc.dylib!0xf6b8@malloc_zone_malloc
call: libsystem_malloc.dylib!0xf750 libsystem_malloc.dylib!0x11d64@default_zone_malloc
call: libsystem_malloc.dylib!0xecc libsystem_malloc.dylib!0xf20@nanov2_allocate$VARIANT$mp
call: libsystem_malloc.dylib!0xf98 libsystem_malloc.dylib!0x1b18@nanov2_allocate_from_block$VARIANT$mp
call: Aweme!0x3eca8f4 Aweme!0x3ecb2a0@0x3ecb2a0
call: Aweme!0x3ecb678 Aweme!0x3ecb9dc@0x3ecb9dc
call: libc++abi.dylib!0xee0 libc++abi.dylib!0x10e54@DYLD-STUB$$malloc
call: libsystem_malloc.dylib!0x10160 libsystem_malloc.dylib!0xf6b8@malloc_zone_malloc
call: libsystem_malloc.dylib!0xf750 libsystem_malloc.dylib!0x11d64@default_zone_malloc
call: libsystem_malloc.dylib!0xecc libsystem_malloc.dylib!0xf20@nanov2_allocate$VARIANT$mp
call: libsystem_malloc.dylib!0xf98 libsystem_malloc.dylib!0x1b18@nanov2_allocate_from_block$VARIANT$mp
call: Aweme!0x3ecb68c Aweme!0x775e348@DYLD-STUB$$objc_msgSend
call: CoreFoundation!0x463c libobjc.A.dylib!0x2080@objc_msgSend
call: CoreFoundation!0x4680 libobjc.A.dylib!0x2080@objc_msgSend
call: CoreFoundation!0x4228 CoreFoundation!0x2b6c@_CFStringEqual
call: CoreFoundation!0x4680 libobjc.A.dylib!0x2080@objc_msgSend
call: CoreFoundation!0x4228 CoreFoundation!0x2b6c@_CFStringEqual
call: Aweme!0x3ecb690 Aweme!0x3ecb9c4@0x3ecb9c4
call: CoreFoundation!0x6bec CoreFoundation!0xaae2c@_CFNonObjCRetain
call: Aweme!0x3ecb694 Aweme!0x775e39c@DYLD-STUB$$objc_retainAutorelease
call: libobjc.A.dylib!0x218c4 libobjc.A.dylib!0x20010@objc_retain
call: CoreFoundation!0x6bec CoreFoundation!0xaae2c@_CFNonObjCRetain
call: Aweme!0x3ecb69c Aweme!0x3ecb9e4@0x3ecb9e4
call: CoreFoundation!0x6980 CoreFoundation!0xc7c40@__CFStringMtbl
call: CoreFoundation!0x69b4 CoreFoundation!0xcf3e4@CFStringGetCStringPtr
call: Aweme!0x3ecb6a8 Aweme!0x3eca930@0x3eca930
call: Aweme!0x3eca8d4 Aweme!0x3ecb180@0x3ecb180
call: Aweme!0x3eca8e8 Aweme!0x775dfd0@DYLD-STUB$$malloc
call: libsystem_malloc.dylib!0x10160 libsystem_malloc.dylib!0xf6b8@malloc_zone_malloc
call: libsystem_malloc.dylib!0xf750 libsystem_malloc.dylib!0x11d64@default_zone_malloc
call: libsystem_malloc.dylib!0x6224 libsystem_malloc.dylib!0x17638@tiny_malloc_should_clear
call: libsystem_malloc.dylib!0x176d0 libsystem_platform.dylib!0x8cf8@DYLD-STUB$$os_unfair_lock_lock_with_options
call: libsystem_malloc.dylib!0x17714 libsystem_malloc.dylib!0x1902c@tiny_malloc_from_free_list
call: libsystem_malloc.dylib!0x19270 libsystem_malloc.dylib!0x17ca8@set_tiny_meta_header_in_use
call: libsystem_malloc.dylib!0x17a4c libsystem_platform.dylib!0x8d1c@DYLD-STUB$$os_unfair_lock_unlock
call: Aweme!0x3eca8f4 Aweme!0x3ecb2a0@0x3ecb2a0
call: Aweme!0x3ecb6b8 Aweme!0x3e86920@0x3e86920
call: Aweme!0x3e8694c Aweme!0x3ed9ea8@0x3ed9ea8
call: Aweme!0x3e51e10 Aweme!0x3e52080@0x3e52080
call: Aweme!0x3e8695c Aweme!0x3ed9ddc@0x3ed9ddc
call: Aweme!0x3e86970 Aweme!0x3e51f88@0x3e51f88
call: Aweme!0x3e86980 Aweme!0x3e868c8@0x3e868c8
call: Aweme!0x3e868e0 Aweme!0x775c5d8@DYLD-STUB$$operator new(unsigned long)
call: libc++abi.dylib!0xee0 libc++abi.dylib!0x10e54@DYLD-STUB$$malloc
call: libsystem_malloc.dylib!0x10160 libsystem_malloc.dylib!0xf6b8@malloc_zone_malloc
call: libsystem_malloc.dylib!0xf750 libsystem_malloc.dylib!0x11d64@default_zone_malloc
call: libsystem_malloc.dylib!0xecc libsystem_malloc.dylib!0xf20@nanov2_allocate$VARIANT$mp
call: libsystem_malloc.dylib!0xf98 libsystem_malloc.dylib!0x1b18@nanov2_allocate_from_block$VARIANT$mp
call: Aweme!0x3e86990 Aweme!0x3ed9e90@0x3ed9e90
call: Aweme!0x3e51884 Aweme!0x3e52080@0x3e52080
call: Aweme!0x3e518e8 Aweme!0x3e51918@0x3e51918
call: Aweme!0x3e519a0 Aweme!0x3e51ed8@0x3e51ed8
call: Aweme!0x3e51ee4 Aweme!0x3ea61ec@0x3ea61ec
call: libsystem_malloc.dylib!0x10160 libsystem_malloc.dylib!0xf6b8@malloc_zone_malloc
call: libsystem_malloc.dylib!0xf750 libsystem_malloc.dylib!0x11d64@default_zone_malloc
call: libsystem_malloc.dylib!0xecc libsystem_malloc.dylib!0xf20@nanov2_allocate$VARIANT$mp
call: libsystem_malloc.dylib!0xf98 libsystem_malloc.dylib!0x1b18@nanov2_allocate_from_block$VARIANT$mp
call: Aweme!0x3e519f0 Aweme!0x3e51534@0x3e51534
call: Aweme!0x3e51544 Aweme!0x3e520e0@0x3e520e0
call: Aweme!0x3e518f4 Aweme!0x3e716f0@0x3e716f0
call: Aweme!0x3ecb6bc Aweme!0x3ecb9bc@0x3ecb9bc
call: Aweme!0x3ecb64c Aweme!0x3e5bd68@0x3e5bd68
call: Aweme!0x3e5bd80 Aweme!0x3e58b14@0x3e58b14
call: Aweme!0x3e58af4 Aweme!0x3e58a74@0x3e58a74
call: Aweme!0x3e58afc Aweme!0x775e78c@DYLD-STUB$$pthread_mutex_lock
call: Aweme!0x3e5bd8c Aweme!0x3e58b58@0x3e58b58
call: Aweme!0x3e58b3c Aweme!0x3e58a74@0x3e58a74
call: Aweme!0x3e58b44 Aweme!0x775e7a4@DYLD-STUB$$pthread_mutex_unlock
call: Aweme!0x3ecb654 Aweme!0x3ecb9dc@0x3ecb9dc
call: libc++abi.dylib!0xee0 libc++abi.dylib!0x10e54@DYLD-STUB$$malloc
call: libsystem_malloc.dylib!0x10160 libsystem_malloc.dylib!0xf6b8@malloc_zone_malloc
call: libsystem_malloc.dylib!0xf750 libsystem_malloc.dylib!0x11d64@default_zone_malloc
call: libsystem_malloc.dylib!0xecc libsystem_malloc.dylib!0xf20@nanov2_allocate$VARIANT$mp
call: libsystem_malloc.dylib!0xf98 libsystem_malloc.dylib!0x1b18@nanov2_allocate_from_block$VARIANT$mp
call: Aweme!0x3ecb660 Aweme!0x775e39c@DYLD-STUB$$objc_retainAutorelease
call: libobjc.A.dylib!0x218c4 libobjc.A.dylib!0x20010@objc_retain
call: CoreFoundation!0x6bec CoreFoundation!0xaae2c@_CFNonObjCRetain
call: Aweme!0x3ecb668 Aweme!0x3ecb9e4@0x3ecb9e4
call: CoreFoundation!0x6980 CoreFoundation!0xc7c40@__CFStringMtbl
call: CoreFoundation!0x69b4 CoreFoundation!0xcf3e4@CFStringGetCStringPtr
call: Aweme!0x3ecb674 Aweme!0x3eca930@0x3eca930
call: Aweme!0x3eca8d4 Aweme!0x3ecb180@0x3ecb180
call: Aweme!0x3eca8e8 Aweme!0x775dfd0@DYLD-STUB$$malloc
call: libsystem_malloc.dylib!0x10160 libsystem_malloc.dylib!0xf6b8@malloc_zone_malloc
call: libsystem_malloc.dylib!0xf750 libsystem_malloc.dylib!0x11d64@default_zone_malloc
call: libsystem_malloc.dylib!0xecc libsystem_malloc.dylib!0xf20@nanov2_allocate$VARIANT$mp
