AwemeModuleBase:0x1062434f0
arg1 https://search3-search-lf.amemv.com/aweme/v1/search/item/?caid1=0803bffc8815b9f02c08f48f95c1008c&tma_jssdk_version=2.1.0.2&minor_status=0&ac=WIFI&appTheme=dark&is_vcd=1&keyword=%E7%8E%8B%E4%B8%80%E5%8D%9A&video_cover_shrink=372_496&enter_from=homepage_hot&sort_type=0&backtrace=M7U2PfbCPC7qlX46ow2D73foIbuD7zG%2BTODCT48wHI74oC1dlQVm4omXMt%2BkHUSKjMf5EJvWyjt3jVKDb%2FBylQ%3D%3D&count=12&is_filter_search=0&user_avatar_shrink=64_64&source=video_search&query_correct_type=1&rs_word_count=5&offset=0&search_source=normal_search&publish_time=0&hot_search=0&aid=1128&app_name=aweme&app_version=14.8.0&build_number=148013&cdid=FEDA96DE-E849-4E15-99C9-66CD61F50ADD&channel=App%20Store&device_id=4169787388733342&device_platform=iphone&device_type=iPhone9,1&idfa=322127EF-8E4E-48E9-98E0-99ACBDC85525&iid=2955926580500413&js_sdk_version=1.99.0.3&mcc_mnc=&openudid=a4cb7b4ade7c5e8e6c90cf8f892aafe6c64c73d1&os_api=18&os_version=13.3.1&screen_width=750&version_code=14.8.0&vid=25AD3C98-7CA5-4B2E-9B39-9BAEFC31BBD2
arg2 {
    "User-Agent" = "Aweme 14.8.0 rv:148013 (iPhone; iOS 13.3.1; zh_CN) Cronet";
    "x-common-params-v2" = "aid=1128&app_name=aweme&app_version=14.8.0&build_number=148013&cdid=FEDA96DE-E849-4E15-99C9-66CD61F50ADD&channel=App%20Store&device_id=4169787388733342&device_platform=iphone&device_type=iPhone9,1&idfa=322127EF-8E4E-48E9-98E0-99ACBDC85525&iid=2955926580500413&js_sdk_version=1.99.0.3&mcc_mnc=&openudid=a4cb7b4ade7c5e8e6c90cf8f892aafe6c64c73d1&os_api=18&os_version=13.3.1&screen_width=750&version_code=14.8.0&vid=25AD3C98-7CA5-4B2E-9B39-9BAEFC31BBD2";
    "x-tt-token" = "003c4774314c4f83d0177a0ae886f5a6f50056cb8fc53fa60c3b0bf88596c762fc922f46798e27276d911e99fde0203a46a8df6837c3279998eaaccf63df5e59c34fb9458bd8d9b17fd1ecf392c2a6fc08649f8411f4295761fc95f3fe46affde27ce-1.0.1";
}
call Aweme!0x3eda21c
,	Aweme!0x3eda21c this.args0 0x2836057c0             0  1  2  3  4  5  6  7  8  9  A  B  C  D  E  F  0123456789ABCDEF
2836057c0  08 76 f1 09 01 00 00 00 e0 b7 b3 83 02 00 00 00  .v..............
2836057d0  10 0d 51 83 02 00 00 00 10 de c6 80 02 00 00 00  ..Q.............
2836057e0  49 15 aa e5 a1 61 00 00 38 a8 19 0a 01 00 00 00  I....a..8.......
2836057f0  18 92 f8 da 01 00 00 00 00 00 00 00 00 00 00 00  ................
283605800  a3 7d b0 e5 a1 01 00 00 01 00 00 00 52 59 41 4c  .}..........RYAL
283605810  c0 89 e1 0f 01 00 00 00 00 00 00 00 00 00 00 00  ................
283605820  64 6f 75 4c 61 6e 64 6c 6f 72 64 49 6e 66 6f 4a  douLandlordInfoJ
283605830  53 4f 4e 54 72 61 6e 73 66 6f 72 6d 65 72 00 00  SONTransformer..
283605840  91 18 aa e5 a1 01 00 00 85 16 00 00 01 00 00 00  ................
283605850  00 00 00 20 85 eb e1 3f 00 00 00 00 00 00 00 00  ... ...?........
283605860  41 31 aa e5 a1 01 00 00 d0 b5 b0 83 02 00 00 00  A1..............
283605870  03 00 00 80 02 00 00 04 00 00 00 00 00 00 00 00  ................
283605880  49 15 aa e5 a1 01 00 00 80 7b cf 82 02 00 00 00  I........{......
283605890  f8 71 f8 da 01 00 00 00 00 00 00 00 00 00 00 00  .q..............
2836058a0  19 18 aa e5 a1 01 00 00 8c 07 00 00 01 00 00 00  ................
2836058b0  0d 73 65 74 54 69 6e 74 43 6f 6c 6f 72 3a 00 00  .setTintColor:..
2836058c0  70 6f 69 49 44 4a 53 4f 4e 54 72 61 6e 73 66 6f  poiIDJSONTransfo
2836058d0  72 6d 65 72 00 00 00 00 00 00 00 00 00 00 00 00  rmer............
2836058e0  41 31 aa e5 a1 01 00 00 e0 6b b0 83 02 00 00 00  A1.......k......
2836058f0  05 00 00 00 02 00 00 04 c0 e4 56 83 02 00 00 00  ..........V.....
283605900  00 df 67 83 02 00 00 00 24 db f4 4d 60 78 e5 46  ..g.....$..M`x.F
283605910  80 86 09 10 01 00 00 00 d0 23 b3 83 02 00 00 00  .........#......
283605920  41 31 aa e5 a1 41 00 00 00 cd c6 80 02 00 00 00  A1...A..........
283605930  0f 00 00 00 07 00 00 0c 00 00 00 00 00 00 00 00  ................
283605940  41 31 aa e5 a1 01 00 00 00 b6 b0 83 02 00 00 00  A1..............
283605950  02 00 00 80 01 00 00 04 00 00 00 00 00 00 00 00  ................
283605960  41 31 aa e5 a1 01 00 00 20 77 b0 83 02 00 00 00  A1...... w......
283605970  05 00 00 00 02 00 00 04 00 00 00 00 00 00 00 00  ................
283605980  9d 6a b3 0b a1 01 00 00 c2 88 78 f0 c4 77 79 b9  .j........x..wy.
283605990  12 ed 7e f2 c4 77 79 b9 00 00 00 00 00 00 00 00  ..~..wy.........
2836059a0  63 61 63 68 65 41 6e 63 68 6f 72 49 6e 66 6f 4a  cacheAnchorInfoJ
2836059b0  53 4f 4e 54 72 61 6e 73 66 6f 72 6d 65 72 00 00  SONTransformer..
2836059c0  41 31 aa e5 a1 01 00 00 f0 76 b0 83 02 00 00 00  A1.......v......
2836059d0  05 00 00 00 02 00 00 04 00 00 00 00 00 00 00 00  ................
2836059e0  41 31 aa e5 a1 01 00 00 e0 31 cb 81 02 00 00 00  A1.......1......
2836059f0  07 00 00 80 03 00 00 08 70 e0 56 83 02 00 00 00  ........p.V.....
283605a00  70 6f 69 54 79 70 65 4e 61 6d 65 4a 53 4f 4e 54  poiTypeNameJSONT
283605a10  72 61 6e 73 66 6f 72 6d 65 72 00 00 00 00 00 00  ransformer......
283605a20  20 5a 48 c7 41 fe 00 00 c5 01 61 00 00 00 00 00   ZH.A.....a.....
283605a30  00 00 00 00 00 00 00 00 00 00 00 00 00 00 00 00  ................
283605a40  77 69 74 68 52 65 63 6f 6d 6d 65 6e 64 54 61 67  withRecommendTag
283605a50  4a 53 4f 4e 54 72 61 6e 73 66 6f 72 6d 65 72 00  JSONTransformer.
283605a60  41 31 aa e5 a1 01 00 00 d0 b2 b0 83 02 00 00 00  A1..............
283605a70  03 00 00 80 02 00 00 04 00 00 00 00 00 00 00 00  ................
283605a80  70 6f 69 4e 61 6d 65 4a 53 4f 4e 54 72 61 6e 73  poiNameJSONTrans
283605a90  66 6f 72 6d 65 72 00 00 00 00 00 00 00 00 00 00  former..........
283605aa0  41 31 aa e5 a1 01 00 00 60 76 b0 83 02 00 00 00  A1......`v......
283605ab0  05 00 00 00 02 00 00 04 00 00 00 00 00 00 00 00  ................
283605ac0  19 18 aa e5 a1 01 00 00 8c 07 00 00 01 00 00 00  ................
283605ad0  0d 73 65 74 54 69 6e 74 43 6f 6c 6f 72 3a 00 00  .setTintColor:..
283605ae0  69 73 41 64 6d 69 6e 41 72 65 61 4a 53 4f 4e 54  isAdminAreaJSONT
283605af0  72 61 6e 73 66 6f 72 6d 65 72 00 00 00 00 00 00  ransformer......
283605b00  6d 61 70 54 68 75 6d 62 6e 61 69 6c 4a 53 4f 4e  mapThumbnailJSON
283605b10  54 72 61 6e 73 66 6f 72 6d 65 72 00 00 00 00 00  Transformer.....
283605b20  b1 ad ba a7 00 00 00 00 00 00 00 00 00 00 00 00  ................
283605b30  00 00 00 00 00 00 00 00 00 00 00 00 00 00 00 00  ................
283605b40  70 6f 69 53 75 62 74 69 74 6c 65 4a 53 4f 4e 54  poiSubtitleJSONT
283605b50  72 61 6e 73 66 6f 72 6d 65 72 00 00 00 00 00 00  ransformer......
283605b60  80 7d 3a 81 02 00 00 00 00 00 00 00 00 00 00 00  .}:.............
283605b70  00 00 00 00 00 00 00 00 00 00 00 00 00 00 00 00  ................
283605b80  73 70 75 43 61 72 64 4c 79 6e 78 55 72 6c 4a 53  spuCardLynxUrlJS
283605b90  4f 4e 54 72 61 6e 73 66 6f 72 6d 65 72 00 00 00  ONTransformer...
283605ba0  a0 be 66 83 02 00 00 00 81 2a 67 46 c6 e7 67 a1  ..f......*gF..g.
283605bb0  00 28 2e 10 01 00 00 00 d0 3c a7 da 01 00 00 00  .(.......<......

,	Aweme!0x3eda21c this.args1 0x0 0x0

,	Aweme!0x3eda21c this.args2 0x120a8 0x120a8

,	Aweme!0x3eda21c this.args3 0x19ce510e0             0  1  2  3  4  5  6  7  8  9  A  B  C  D  E  F  0123456789ABCDEF
19ce510e0  f6 57 bd a9 f4 4f 01 a9 fd 7b 02 a9 fd 83 00 91  .W...O...{......
19ce510f0  f4 03 02 aa f3 03 01 aa f5 03 00 aa 21 02 00 b4  ............!...
19ce51100  68 fe 5d d3 1f 51 00 f1 c1 01 00 54 08 01 8e 52  h.]..Q.....T...R
19ce51110  a8 6a 68 38 68 02 18 37 9f 0e 40 f2 88 fe 44 d3  .jh8h..7..@...D.
19ce51120  08 05 88 1a 02 05 00 51 e0 03 15 aa e1 03 13 aa  .......Q........
19ce51130  fd 7b 42 a9 f4 4f 41 a9 f6 57 c3 a8 0e 00 00 14  .{B..OA..W......
19ce51140  a0 16 78 f9 03 3c 40 f9 e1 03 13 aa e2 03 14 aa  ..x..<@.........
19ce51150  fd 7b 42 a9 f4 4f 41 a9 f6 57 c3 a8 60 00 1f d6  .{B..OA..W..`...
19ce51160  a1 0a 80 52 e0 03 13 aa e2 03 14 aa f1 9b 00 94  ...R............
19ce51170  ea ff ff 17 fa 67 bb a9 f8 5f 01 a9 f6 57 02 a9  .....g..._...W..
19ce51180  f4 4f 03 a9 fd 7b 04 a9 fd 03 01 91 f4 03 02 aa  .O...{..........
19ce51190  f3 03 00 aa 35 c4 72 92 28 94 66 92 09 0c 78 f9  ....5.r.(.f...x.
19ce511a0  28 01 08 ca 29 7c 4e d3 2a 64 0e 53 29 2d 06 53  (...)|N.*d.S)-.S
19ce511b0  49 15 1a 33 16 49 29 8b c9 00 00 d0 29 81 25 91  I..3.I).....).%.
19ce511c0  c8 02 40 b9 38 59 62 b8 09 07 00 51 2a 00 15 4b  ..@.8Yb....Q*..K
19ce511d0  4b 6c 1c 53 6b 41 00 11 4a 0d cb 1a 4a 05 00 11  Kl.SkA..J...J...
19ce511e0  4a 29 00 12 6b ff 80 52 ac ff 80 52 0d 29 00 12  J)..k..R...R.)..
19ce511f0  0f 01 20 11 ee 25 15 12 10 01 01 12 11 01 48 11  .. ..%........H.
19ce51200  31 26 0b 12 0e 02 0e 2a ce 01 11 2a bf f1 1f 71  1&.....*...*...q
19ce51210  a0 01 00 54 ef 51 0b 53 ff 01 09 6b 41 01 00 54  ...T.Q.S...kA..T
19ce51220  1f 01 00 71 6d b1 8c 1a d9 01 0d 2a cd 7e 5f 88  ...qm......*.~_.
19ce51230  bf 01 08 6b 21 02 00 54 d9 7e 0d 88 8d ff ff 35  ...k!..T.~.....5
19ce51240  11 00 00 14 59 01 0e 2a bf f1 1f 71 6d 01 8d 1a  ....Y..*...qm...
19ce51250  2d 10 00 79 6d 12 78 f9 ad 01 01 ca 2d 00 00 f9  -..ym.x.....-...
19ce51260  cd 7e 5f 88 bf 01 08 6b 81 00 00 54 d9 fe 0d 88  .~_....k...T....
19ce51270  8d ff ff 35 14 00 00 14 5f 3f 03 d5 e8 03 0d aa  ...5...._?......
19ce51280  db ff ff 17 49 62 24 90 29 e9 43 b9 c9 01 00 35  ....Ib$.).C....5
19ce51290  a8 01 f8 37 08 0b 8e 52 77 02 08 8b a1 00 a0 52  ...7...Rw......R
19ce512a0  e0 03 17 aa 95 9e 00 94 e3 03 14 aa e0 03 13 aa  ................
19ce512b0  e1 03 16 aa e2 03 15 aa c3 01 00 94 e0 03 17 aa  ................
19ce512c0  97 9e 00 94 f9 01 f8 37 e8 03 00 32 14 21 d4 1a  .......7...2.!..
19ce512d0  88 00 8e 52 75 02 08 8b a8 02 40 79 88 02 08 0a  ...Ru.....@y....
19ce512e0  29 53 0b 53 20 01 62 1e 1f 01 00 71 01 03 62 1e  )S.S .b....q..b.
19ce512f0  02 10 6d 1e 21 08 62 1e 22 14 60 1e e9 00 00 54  ..m.!.b.".`....T
19ce51300  fd 7b 44 a9 f4 4f 43 a9 f6 57 42 a9 f8 5f 41 a9  .{D..OC..WB.._A.
19ce51310  fa 67 c5 a8 c0 03 5f d6 73 1e 40 91 a1 00 a0 52  .g...._.s.@....R
19ce51320  e0 03 13 aa 75 9e 00 94 a8 02 40 79 08 01 34 0a  ....u.....@y..4.
19ce51330  a8 02 00 79 e0 03 13 aa fd 7b 44 a9 f4 4f 43 a9  ...y.....{D..OC.
19ce51340  f6 57 42 a9 f8 5f 41 a9 fa 67 c5 a8 74 9e 00 14  .WB.._A..g..t...
19ce51350  ff c3 00 d1 f4 4f 01 a9 fd 7b 02 a9 fd 83 00 91  .....O...{......
19ce51360  f3 03 01 aa f4 03 00 aa e1 02 00 b4 68 fe 5d d3  ............h.].
19ce51370  1f 51 00 f1 81 02 00 54 02 00 80 52 e0 03 14 aa  .Q.....T...R....
19ce51380  e1 03 13 aa 8a fe ff 97 e0 01 00 b4 e8 03 00 aa  ................
19ce51390  09 01 8e 52 89 6a 69 38 49 02 18 37 1f 0d 40 f2  ...R.ji8I..7..@.
19ce513a0  08 fd 44 d3 08 05 88 1a 02 05 00 51 e0 03 14 aa  ..D........Q....
19ce513b0  e1 03 13 aa fd 7b 42 a9 f4 4f 41 a9 ff c3 00 91  .....{B..OA.....
19ce513c0  6d ff ff 17 80 16 78 f9 02 18 40 f9 e1 03 13 aa  m.....x...@.....
19ce513d0  fd 7b 42 a9 f4 4f 41 a9 ff c3 00 91 40 00 1f d6  .{B..OA.....@...
19ce513e0  a1 0a 80 52 e0 03 13 aa e8 07 00 f9 e2 03 08 aa  ...R............
19ce513f0  50 9b 00 94 e8 07 40 f9 e9 ff ff 17 f4 4f be a9  P.....@......O..
19ce51400  fd 7b 01 a9 fd 43 00 91 f3 03 02 aa f4 03 00 aa  .{...C..........
19ce51410  3f 04 00 f1 40 02 00 54 28 7c d3 9b ff 03 08 eb  ?...@..T(|......
19ce51420  21 01 00 54 33 7c 13 9b 48 de 1e b0 08 d1 43 f9  !..T3|..H.....C.
19ce51430  08 01 40 f9 09 00 80 92 28 05 08 ca 7f 02 08 eb  ..@.....(.......
19ce51440  e9 00 00 54 c0 be 03 94 e8 03 00 aa 00 00 80 d2  ...T............
19ce51450  e9 07 1e 32 09 01 00 b9 0c 00 00 14 7f 02 04 f1  ...2............
19ce51460  a8 01 00 54 68 3e 00 91 08 ed 7c 92 7f 46 00 f1  ...Th>....|..F..
19ce51470  e9 03 1c 32 21 31 88 9a e2 03 00 32 e0 03 14 aa  ...2!1.....2....
19ce51480  a8 fe ff 97 80 00 00 b4 fd 7b 41 a9 f4 4f c2 a8  .........{A..O..
19ce51490  c0 03 5f d6 80 16 78 f9 03 10 40 f9 e1 03 00 32  .._...x...@....2
19ce514a0  e2 03 13 aa fd 7b 41 a9 f4 4f c2 a8 60 00 1f d6  .....{A..O..`...
19ce514b0  f8 5f bc a9 f6 57 01 a9 f4 4f 02 a9 fd 7b 03 a9  ._...W...O...{..
19ce514c0  fd c3 00 91 f5 03 02 aa f4 03 00 aa c1 01 00 b4  ................
19ce514d0  f3 03 01 aa 02 00 80 52 e0 03 14 aa 34 fe ff 97  .......R....4...

,	Aweme!0x3eda21c this.args4 0x6f 0x6f

,	Aweme!0x3eda21c this.args0 onLeave 0x2836057c0             0  1  2  3  4  5  6  7  8  9  A  B  C  D  E  F  0123456789ABCDEF
2836057c0  08 76 f1 09 01 00 00 00 e0 b7 b3 83 02 00 00 00  .v..............
2836057d0  10 0d 51 83 02 00 00 00 10 de c6 80 02 00 00 00  ..Q.............
2836057e0  49 15 aa e5 a1 61 00 00 38 a8 19 0a 01 00 00 00  I....a..8.......
2836057f0  18 92 f8 da 01 00 00 00 00 00 00 00 00 00 00 00  ................
283605800  a3 7d b0 e5 a1 01 00 00 01 00 00 00 52 59 41 4c  .}..........RYAL
283605810  c0 89 e1 0f 01 00 00 00 00 00 00 00 00 00 00 00  ................
283605820  64 6f 75 4c 61 6e 64 6c 6f 72 64 49 6e 66 6f 4a  douLandlordInfoJ
283605830  53 4f 4e 54 72 61 6e 73 66 6f 72 6d 65 72 00 00  SONTransformer..
283605840  91 18 aa e5 a1 01 00 00 85 16 00 00 01 00 00 00  ................
283605850  00 00 00 20 85 eb e1 3f 00 00 00 00 00 00 00 00  ... ...?........
283605860  41 31 aa e5 a1 01 00 00 d0 b5 b0 83 02 00 00 00  A1..............
283605870  03 00 00 80 02 00 00 04 00 00 00 00 00 00 00 00  ................
283605880  49 15 aa e5 a1 01 00 00 80 7b cf 82 02 00 00 00  I........{......
283605890  f8 71 f8 da 01 00 00 00 00 00 00 00 00 00 00 00  .q..............
2836058a0  19 18 aa e5 a1 01 00 00 8c 07 00 00 01 00 00 00  ................
2836058b0  0d 73 65 74 54 69 6e 74 43 6f 6c 6f 72 3a 00 00  .setTintColor:..
2836058c0  70 6f 69 49 44 4a 53 4f 4e 54 72 61 6e 73 66 6f  poiIDJSONTransfo
2836058d0  72 6d 65 72 00 00 00 00 00 00 00 00 00 00 00 00  rmer............
2836058e0  41 31 aa e5 a1 01 00 00 e0 6b b0 83 02 00 00 00  A1.......k......
2836058f0  05 00 00 00 02 00 00 04 c0 e4 56 83 02 00 00 00  ..........V.....
283605900  00 df 67 83 02 00 00 00 24 db f4 4d 60 78 e5 46  ..g.....$..M`x.F
283605910  80 86 09 10 01 00 00 00 d0 23 b3 83 02 00 00 00  .........#......
283605920  41 31 aa e5 a1 41 00 00 00 cd c6 80 02 00 00 00  A1...A..........
283605930  0f 00 00 00 07 00 00 0c 00 00 00 00 00 00 00 00  ................
283605940  41 31 aa e5 a1 01 00 00 00 b6 b0 83 02 00 00 00  A1..............
283605950  02 00 00 80 01 00 00 04 00 00 00 00 00 00 00 00  ................
283605960  41 31 aa e5 a1 01 00 00 20 77 b0 83 02 00 00 00  A1...... w......
283605970  05 00 00 00 02 00 00 04 00 00 00 00 00 00 00 00  ................
283605980  9d 6a b3 0b a1 01 00 00 c2 88 78 f0 c4 77 79 b9  .j........x..wy.
283605990  12 ed 7e f2 c4 77 79 b9 00 00 00 00 00 00 00 00  ..~..wy.........
2836059a0  63 61 63 68 65 41 6e 63 68 6f 72 49 6e 66 6f 4a  cacheAnchorInfoJ
2836059b0  53 4f 4e 54 72 61 6e 73 66 6f 72 6d 65 72 00 00  SONTransformer..
2836059c0  41 31 aa e5 a1 01 00 00 f0 76 b0 83 02 00 00 00  A1.......v......
2836059d0  05 00 00 00 02 00 00 04 00 00 00 00 00 00 00 00  ................
2836059e0  41 31 aa e5 a1 01 00 00 e0 31 cb 81 02 00 00 00  A1.......1......
2836059f0  07 00 00 80 03 00 00 08 70 e0 56 83 02 00 00 00  ........p.V.....
283605a00  70 6f 69 54 79 70 65 4e 61 6d 65 4a 53 4f 4e 54  poiTypeNameJSONT
283605a10  72 61 6e 73 66 6f 72 6d 65 72 00 00 00 00 00 00  ransformer......
283605a20  20 5a 48 c7 41 fe 00 00 c5 01 61 00 00 00 00 00   ZH.A.....a.....
283605a30  00 00 00 00 00 00 00 00 00 00 00 00 00 00 00 00  ................
283605a40  77 69 74 68 52 65 63 6f 6d 6d 65 6e 64 54 61 67  withRecommendTag
283605a50  4a 53 4f 4e 54 72 61 6e 73 66 6f 72 6d 65 72 00  JSONTransformer.
283605a60  41 31 aa e5 a1 01 00 00 d0 b2 b0 83 02 00 00 00  A1..............
283605a70  03 00 00 80 02 00 00 04 00 00 00 00 00 00 00 00  ................
283605a80  70 6f 69 4e 61 6d 65 4a 53 4f 4e 54 72 61 6e 73  poiNameJSONTrans
283605a90  66 6f 72 6d 65 72 00 00 00 00 00 00 00 00 00 00  former..........
283605aa0  41 31 aa e5 a1 01 00 00 60 76 b0 83 02 00 00 00  A1......`v......
283605ab0  05 00 00 00 02 00 00 04 00 00 00 00 00 00 00 00  ................
283605ac0  19 18 aa e5 a1 01 00 00 8c 07 00 00 01 00 00 00  ................
283605ad0  0d 73 65 74 54 69 6e 74 43 6f 6c 6f 72 3a 00 00  .setTintColor:..
283605ae0  69 73 41 64 6d 69 6e 41 72 65 61 4a 53 4f 4e 54  isAdminAreaJSONT
283605af0  72 61 6e 73 66 6f 72 6d 65 72 00 00 00 00 00 00  ransformer......
283605b00  6d 61 70 54 68 75 6d 62 6e 61 69 6c 4a 53 4f 4e  mapThumbnailJSON
283605b10  54 72 61 6e 73 66 6f 72 6d 65 72 00 00 00 00 00  Transformer.....
283605b20  b1 ad ba a7 00 00 00 00 00 00 00 00 00 00 00 00  ................
283605b30  00 00 00 00 00 00 00 00 00 00 00 00 00 00 00 00  ................
283605b40  70 6f 69 53 75 62 74 69 74 6c 65 4a 53 4f 4e 54  poiSubtitleJSONT
283605b50  72 61 6e 73 66 6f 72 6d 65 72 00 00 00 00 00 00  ransformer......
283605b60  80 7d 3a 81 02 00 00 00 00 00 00 00 00 00 00 00  .}:.............
283605b70  00 00 00 00 00 00 00 00 00 00 00 00 00 00 00 00  ................
283605b80  73 70 75 43 61 72 64 4c 79 6e 78 55 72 6c 4a 53  spuCardLynxUrlJS
283605b90  4f 4e 54 72 61 6e 73 66 6f 72 6d 65 72 00 00 00  ONTransformer...
283605ba0  a0 be 66 83 02 00 00 00 81 2a 67 46 c6 e7 67 a1  ..f......*gF..g.
283605bb0  00 28 2e 10 01 00 00 00 d0 3c a7 da 01 00 00 00  .(.......<......

,	Aweme!0x3eda21c this.args1 onLeave 0x0 0x0

,	Aweme!0x3eda21c this.args2 onLeave 0x120a8 0x120a8

,	Aweme!0x3eda21c this.args3 onLeave 0x19ce510e0             0  1  2  3  4  5  6  7  8  9  A  B  C  D  E  F  0123456789ABCDEF
19ce510e0  f6 57 bd a9 f4 4f 01 a9 fd 7b 02 a9 fd 83 00 91  .W...O...{......
19ce510f0  f4 03 02 aa f3 03 01 aa f5 03 00 aa 21 02 00 b4  ............!...
19ce51100  68 fe 5d d3 1f 51 00 f1 c1 01 00 54 08 01 8e 52  h.]..Q.....T...R
19ce51110  a8 6a 68 38 68 02 18 37 9f 0e 40 f2 88 fe 44 d3  .jh8h..7..@...D.
19ce51120  08 05 88 1a 02 05 00 51 e0 03 15 aa e1 03 13 aa  .......Q........
19ce51130  fd 7b 42 a9 f4 4f 41 a9 f6 57 c3 a8 0e 00 00 14  .{B..OA..W......
19ce51140  a0 16 78 f9 03 3c 40 f9 e1 03 13 aa e2 03 14 aa  ..x..<@.........
19ce51150  fd 7b 42 a9 f4 4f 41 a9 f6 57 c3 a8 60 00 1f d6  .{B..OA..W..`...
19ce51160  a1 0a 80 52 e0 03 13 aa e2 03 14 aa f1 9b 00 94  ...R............
19ce51170  ea ff ff 17 fa 67 bb a9 f8 5f 01 a9 f6 57 02 a9  .....g..._...W..
19ce51180  f4 4f 03 a9 fd 7b 04 a9 fd 03 01 91 f4 03 02 aa  .O...{..........
19ce51190  f3 03 00 aa 35 c4 72 92 28 94 66 92 09 0c 78 f9  ....5.r.(.f...x.
19ce511a0  28 01 08 ca 29 7c 4e d3 2a 64 0e 53 29 2d 06 53  (...)|N.*d.S)-.S
19ce511b0  49 15 1a 33 16 49 29 8b c9 00 00 d0 29 81 25 91  I..3.I).....).%.
19ce511c0  c8 02 40 b9 38 59 62 b8 09 07 00 51 2a 00 15 4b  ..@.8Yb....Q*..K
19ce511d0  4b 6c 1c 53 6b 41 00 11 4a 0d cb 1a 4a 05 00 11  Kl.SkA..J...J...
19ce511e0  4a 29 00 12 6b ff 80 52 ac ff 80 52 0d 29 00 12  J)..k..R...R.)..
19ce511f0  0f 01 20 11 ee 25 15 12 10 01 01 12 11 01 48 11  .. ..%........H.
19ce51200  31 26 0b 12 0e 02 0e 2a ce 01 11 2a bf f1 1f 71  1&.....*...*...q
19ce51210  a0 01 00 54 ef 51 0b 53 ff 01 09 6b 41 01 00 54  ...T.Q.S...kA..T
19ce51220  1f 01 00 71 6d b1 8c 1a d9 01 0d 2a cd 7e 5f 88  ...qm......*.~_.
19ce51230  bf 01 08 6b 21 02 00 54 d9 7e 0d 88 8d ff ff 35  ...k!..T.~.....5
19ce51240  11 00 00 14 59 01 0e 2a bf f1 1f 71 6d 01 8d 1a  ....Y..*...qm...
19ce51250  2d 10 00 79 6d 12 78 f9 ad 01 01 ca 2d 00 00 f9  -..ym.x.....-...
19ce51260  cd 7e 5f 88 bf 01 08 6b 81 00 00 54 d9 fe 0d 88  .~_....k...T....
19ce51270  8d ff ff 35 14 00 00 14 5f 3f 03 d5 e8 03 0d aa  ...5...._?......
19ce51280  db ff ff 17 49 62 24 90 29 e9 43 b9 c9 01 00 35  ....Ib$.).C....5
19ce51290  a8 01 f8 37 08 0b 8e 52 77 02 08 8b a1 00 a0 52  ...7...Rw......R
19ce512a0  e0 03 17 aa 95 9e 00 94 e3 03 14 aa e0 03 13 aa  ................
19ce512b0  e1 03 16 aa e2 03 15 aa c3 01 00 94 e0 03 17 aa  ................
19ce512c0  97 9e 00 94 f9 01 f8 37 e8 03 00 32 14 21 d4 1a  .......7...2.!..
19ce512d0  88 00 8e 52 75 02 08 8b a8 02 40 79 88 02 08 0a  ...Ru.....@y....
19ce512e0  29 53 0b 53 20 01 62 1e 1f 01 00 71 01 03 62 1e  )S.S .b....q..b.
19ce512f0  02 10 6d 1e 21 08 62 1e 22 14 60 1e e9 00 00 54  ..m.!.b.".`....T
19ce51300  fd 7b 44 a9 f4 4f 43 a9 f6 57 42 a9 f8 5f 41 a9  .{D..OC..WB.._A.
19ce51310  fa 67 c5 a8 c0 03 5f d6 73 1e 40 91 a1 00 a0 52  .g...._.s.@....R
19ce51320  e0 03 13 aa 75 9e 00 94 a8 02 40 79 08 01 34 0a  ....u.....@y..4.
19ce51330  a8 02 00 79 e0 03 13 aa fd 7b 44 a9 f4 4f 43 a9  ...y.....{D..OC.
19ce51340  f6 57 42 a9 f8 5f 41 a9 fa 67 c5 a8 74 9e 00 14  .WB.._A..g..t...
19ce51350  ff c3 00 d1 f4 4f 01 a9 fd 7b 02 a9 fd 83 00 91  .....O...{......
19ce51360  f3 03 01 aa f4 03 00 aa e1 02 00 b4 68 fe 5d d3  ............h.].
19ce51370  1f 51 00 f1 81 02 00 54 02 00 80 52 e0 03 14 aa  .Q.....T...R....
19ce51380  e1 03 13 aa 8a fe ff 97 e0 01 00 b4 e8 03 00 aa  ................
19ce51390  09 01 8e 52 89 6a 69 38 49 02 18 37 1f 0d 40 f2  ...R.ji8I..7..@.
19ce513a0  08 fd 44 d3 08 05 88 1a 02 05 00 51 e0 03 14 aa  ..D........Q....
19ce513b0  e1 03 13 aa fd 7b 42 a9 f4 4f 41 a9 ff c3 00 91  .....{B..OA.....
19ce513c0  6d ff ff 17 80 16 78 f9 02 18 40 f9 e1 03 13 aa  m.....x...@.....
19ce513d0  fd 7b 42 a9 f4 4f 41 a9 ff c3 00 91 40 00 1f d6  .{B..OA.....@...
19ce513e0  a1 0a 80 52 e0 03 13 aa e8 07 00 f9 e2 03 08 aa  ...R............
19ce513f0  50 9b 00 94 e8 07 40 f9 e9 ff ff 17 f4 4f be a9  P.....@......O..
19ce51400  fd 7b 01 a9 fd 43 00 91 f3 03 02 aa f4 03 00 aa  .{...C..........
19ce51410  3f 04 00 f1 40 02 00 54 28 7c d3 9b ff 03 08 eb  ?...@..T(|......
19ce51420  21 01 00 54 33 7c 13 9b 48 de 1e b0 08 d1 43 f9  !..T3|..H.....C.
19ce51430  08 01 40 f9 09 00 80 92 28 05 08 ca 7f 02 08 eb  ..@.....(.......
19ce51440  e9 00 00 54 c0 be 03 94 e8 03 00 aa 00 00 80 d2  ...T............
19ce51450  e9 07 1e 32 09 01 00 b9 0c 00 00 14 7f 02 04 f1  ...2............
19ce51460  a8 01 00 54 68 3e 00 91 08 ed 7c 92 7f 46 00 f1  ...Th>....|..F..
19ce51470  e9 03 1c 32 21 31 88 9a e2 03 00 32 e0 03 14 aa  ...2!1.....2....
19ce51480  a8 fe ff 97 80 00 00 b4 fd 7b 41 a9 f4 4f c2 a8  .........{A..O..
19ce51490  c0 03 5f d6 80 16 78 f9 03 10 40 f9 e1 03 00 32  .._...x...@....2
19ce514a0  e2 03 13 aa fd 7b 41 a9 f4 4f c2 a8 60 00 1f d6  .....{A..O..`...
19ce514b0  f8 5f bc a9 f6 57 01 a9 f4 4f 02 a9 fd 7b 03 a9  ._...W...O...{..
19ce514c0  fd c3 00 91 f5 03 02 aa f4 03 00 aa c1 01 00 b4  ................
19ce514d0  f3 03 01 aa 02 00 80 52 e0 03 14 aa 34 fe ff 97  .......R....4...

,	Aweme!0x3eda21c this.args4 onLeave 0x6f 0x6f

,retval onLeave: 0x16fe52db8 0x16fe52db8

call Aweme!0x3eda21c
,	Aweme!0x3eda21c this.args0 0x2836057c0             0  1  2  3  4  5  6  7  8  9  A  B  C  D  E  F  0123456789ABCDEF
2836057c0  08 76 f1 09 01 00 00 00 e0 b7 b3 83 02 00 00 00  .v..............
2836057d0  10 0d 51 83 02 00 00 00 10 de c6 80 02 00 00 00  ..Q.............
2836057e0  49 15 aa e5 a1 61 00 00 38 a8 19 0a 01 00 00 00  I....a..8.......
2836057f0  18 92 f8 da 01 00 00 00 00 00 00 00 00 00 00 00  ................
283605800  a3 7d b0 e5 a1 01 00 00 01 00 00 00 52 59 41 4c  .}..........RYAL
283605810  c0 89 e1 0f 01 00 00 00 00 00 00 00 00 00 00 00  ................
283605820  64 6f 75 4c 61 6e 64 6c 6f 72 64 49 6e 66 6f 4a  douLandlordInfoJ
283605830  53 4f 4e 54 72 61 6e 73 66 6f 72 6d 65 72 00 00  SONTransformer..
283605840  91 18 aa e5 a1 01 00 00 85 16 00 00 01 00 00 00  ................
283605850  00 00 00 20 85 eb e1 3f 00 00 00 00 00 00 00 00  ... ...?........
283605860  41 31 aa e5 a1 01 00 00 d0 b5 b0 83 02 00 00 00  A1..............
283605870  03 00 00 80 02 00 00 04 00 00 00 00 00 00 00 00  ................
283605880  49 15 aa e5 a1 01 00 00 80 7b cf 82 02 00 00 00  I........{......
283605890  f8 71 f8 da 01 00 00 00 00 00 00 00 00 00 00 00  .q..............
2836058a0  19 18 aa e5 a1 01 00 00 8c 07 00 00 01 00 00 00  ................
2836058b0  0d 73 65 74 54 69 6e 74 43 6f 6c 6f 72 3a 00 00  .setTintColor:..
2836058c0  70 6f 69 49 44 4a 53 4f 4e 54 72 61 6e 73 66 6f  poiIDJSONTransfo
2836058d0  72 6d 65 72 00 00 00 00 00 00 00 00 00 00 00 00  rmer............
2836058e0  41 31 aa e5 a1 01 00 00 e0 6b b0 83 02 00 00 00  A1.......k......
2836058f0  05 00 00 00 02 00 00 04 c0 e4 56 83 02 00 00 00  ..........V.....
283605900  00 df 67 83 02 00 00 00 24 db f4 4d 60 78 e5 46  ..g.....$..M`x.F
283605910  80 86 09 10 01 00 00 00 d0 23 b3 83 02 00 00 00  .........#......
283605920  41 31 aa e5 a1 41 00 00 00 cd c6 80 02 00 00 00  A1...A..........
283605930  0f 00 00 00 07 00 00 0c 00 00 00 00 00 00 00 00  ................
283605940  41 31 aa e5 a1 01 00 00 00 b6 b0 83 02 00 00 00  A1..............
283605950  02 00 00 80 01 00 00 04 00 00 00 00 00 00 00 00  ................
283605960  41 31 aa e5 a1 01 00 00 20 77 b0 83 02 00 00 00  A1...... w......
283605970  05 00 00 00 02 00 00 04 00 00 00 00 00 00 00 00  ................
283605980  9d 6a b3 0b a1 01 00 00 c2 88 78 f0 c4 77 79 b9  .j........x..wy.
283605990  12 ed 7e f2 c4 77 79 b9 00 00 00 00 00 00 00 00  ..~..wy.........
2836059a0  63 61 63 68 65 41 6e 63 68 6f 72 49 6e 66 6f 4a  cacheAnchorInfoJ
2836059b0  53 4f 4e 54 72 61 6e 73 66 6f 72 6d 65 72 00 00  SONTransformer..
2836059c0  41 31 aa e5 a1 01 00 00 f0 76 b0 83 02 00 00 00  A1.......v......
2836059d0  05 00 00 00 02 00 00 04 00 00 00 00 00 00 00 00  ................
2836059e0  41 31 aa e5 a1 01 00 00 e0 31 cb 81 02 00 00 00  A1.......1......
2836059f0  07 00 00 80 03 00 00 08 70 e0 56 83 02 00 00 00  ........p.V.....
283605a00  70 6f 69 54 79 70 65 4e 61 6d 65 4a 53 4f 4e 54  poiTypeNameJSONT
283605a10  72 61 6e 73 66 6f 72 6d 65 72 00 00 00 00 00 00  ransformer......
283605a20  20 5a 48 c7 41 fe 00 00 c5 01 61 00 00 00 00 00   ZH.A.....a.....
283605a30  00 00 00 00 00 00 00 00 00 00 00 00 00 00 00 00  ................
283605a40  77 69 74 68 52 65 63 6f 6d 6d 65 6e 64 54 61 67  withRecommendTag
283605a50  4a 53 4f 4e 54 72 61 6e 73 66 6f 72 6d 65 72 00  JSONTransformer.
283605a60  41 31 aa e5 a1 01 00 00 d0 b2 b0 83 02 00 00 00  A1..............
283605a70  03 00 00 80 02 00 00 04 00 00 00 00 00 00 00 00  ................
283605a80  70 6f 69 4e 61 6d 65 4a 53 4f 4e 54 72 61 6e 73  poiNameJSONTrans
283605a90  66 6f 72 6d 65 72 00 00 00 00 00 00 00 00 00 00  former..........
283605aa0  41 31 aa e5 a1 01 00 00 60 76 b0 83 02 00 00 00  A1......`v......
283605ab0  05 00 00 00 02 00 00 04 00 00 00 00 00 00 00 00  ................
283605ac0  19 18 aa e5 a1 01 00 00 8c 07 00 00 01 00 00 00  ................
283605ad0  0d 73 65 74 54 69 6e 74 43 6f 6c 6f 72 3a 00 00  .setTintColor:..
283605ae0  69 73 41 64 6d 69 6e 41 72 65 61 4a 53 4f 4e 54  isAdminAreaJSONT
283605af0  72 61 6e 73 66 6f 72 6d 65 72 00 00 00 00 00 00  ransformer......
283605b00  6d 61 70 54 68 75 6d 62 6e 61 69 6c 4a 53 4f 4e  mapThumbnailJSON
283605b10  54 72 61 6e 73 66 6f 72 6d 65 72 00 00 00 00 00  Transformer.....
283605b20  b1 ad ba a7 00 00 00 00 00 00 00 00 00 00 00 00  ................
283605b30  00 00 00 00 00 00 00 00 00 00 00 00 00 00 00 00  ................
283605b40  70 6f 69 53 75 62 74 69 74 6c 65 4a 53 4f 4e 54  poiSubtitleJSONT
283605b50  72 61 6e 73 66 6f 72 6d 65 72 00 00 00 00 00 00  ransformer......
283605b60  80 7d 3a 81 02 00 00 00 00 00 00 00 00 00 00 00  .}:.............
283605b70  00 00 00 00 00 00 00 00 00 00 00 00 00 00 00 00  ................
283605b80  73 70 75 43 61 72 64 4c 79 6e 78 55 72 6c 4a 53  spuCardLynxUrlJS
283605b90  4f 4e 54 72 61 6e 73 66 6f 72 6d 65 72 00 00 00  ONTransformer...
283605ba0  a0 be 66 83 02 00 00 00 81 2a 67 46 c6 e7 67 a1  ..f......*gF..g.
283605bb0  00 28 2e 10 01 00 00 00 d0 3c a7 da 01 00 00 00  .(.......<......

,	Aweme!0x3eda21c this.args1 0x0 0x0

,	Aweme!0x3eda21c this.args2 0x120a8 0x120a8

,	Aweme!0x3eda21c this.args3 0x19ce510e0             0  1  2  3  4  5  6  7  8  9  A  B  C  D  E  F  0123456789ABCDEF
19ce510e0  f6 57 bd a9 f4 4f 01 a9 fd 7b 02 a9 fd 83 00 91  .W...O...{......
19ce510f0  f4 03 02 aa f3 03 01 aa f5 03 00 aa 21 02 00 b4  ............!...
19ce51100  68 fe 5d d3 1f 51 00 f1 c1 01 00 54 08 01 8e 52  h.]..Q.....T...R
19ce51110  a8 6a 68 38 68 02 18 37 9f 0e 40 f2 88 fe 44 d3  .jh8h..7..@...D.
19ce51120  08 05 88 1a 02 05 00 51 e0 03 15 aa e1 03 13 aa  .......Q........
19ce51130  fd 7b 42 a9 f4 4f 41 a9 f6 57 c3 a8 0e 00 00 14  .{B..OA..W......
19ce51140  a0 16 78 f9 03 3c 40 f9 e1 03 13 aa e2 03 14 aa  ..x..<@.........
19ce51150  fd 7b 42 a9 f4 4f 41 a9 f6 57 c3 a8 60 00 1f d6  .{B..OA..W..`...
19ce51160  a1 0a 80 52 e0 03 13 aa e2 03 14 aa f1 9b 00 94  ...R............
19ce51170  ea ff ff 17 fa 67 bb a9 f8 5f 01 a9 f6 57 02 a9  .....g..._...W..
19ce51180  f4 4f 03 a9 fd 7b 04 a9 fd 03 01 91 f4 03 02 aa  .O...{..........
19ce51190  f3 03 00 aa 35 c4 72 92 28 94 66 92 09 0c 78 f9  ....5.r.(.f...x.
19ce511a0  28 01 08 ca 29 7c 4e d3 2a 64 0e 53 29 2d 06 53  (...)|N.*d.S)-.S
19ce511b0  49 15 1a 33 16 49 29 8b c9 00 00 d0 29 81 25 91  I..3.I).....).%.
19ce511c0  c8 02 40 b9 38 59 62 b8 09 07 00 51 2a 00 15 4b  ..@.8Yb....Q*..K
19ce511d0  4b 6c 1c 53 6b 41 00 11 4a 0d cb 1a 4a 05 00 11  Kl.SkA..J...J...
19ce511e0  4a 29 00 12 6b ff 80 52 ac ff 80 52 0d 29 00 12  J)..k..R...R.)..
19ce511f0  0f 01 20 11 ee 25 15 12 10 01 01 12 11 01 48 11  .. ..%........H.
19ce51200  31 26 0b 12 0e 02 0e 2a ce 01 11 2a bf f1 1f 71  1&.....*...*...q
19ce51210  a0 01 00 54 ef 51 0b 53 ff 01 09 6b 41 01 00 54  ...T.Q.S...kA..T
19ce51220  1f 01 00 71 6d b1 8c 1a d9 01 0d 2a cd 7e 5f 88  ...qm......*.~_.
19ce51230  bf 01 08 6b 21 02 00 54 d9 7e 0d 88 8d ff ff 35  ...k!..T.~.....5
19ce51240  11 00 00 14 59 01 0e 2a bf f1 1f 71 6d 01 8d 1a  ....Y..*...qm...
19ce51250  2d 10 00 79 6d 12 78 f9 ad 01 01 ca 2d 00 00 f9  -..ym.x.....-...
19ce51260  cd 7e 5f 88 bf 01 08 6b 81 00 00 54 d9 fe 0d 88  .~_....k...T....
19ce51270  8d ff ff 35 14 00 00 14 5f 3f 03 d5 e8 03 0d aa  ...5...._?......
19ce51280  db ff ff 17 49 62 24 90 29 e9 43 b9 c9 01 00 35  ....Ib$.).C....5
19ce51290  a8 01 f8 37 08 0b 8e 52 77 02 08 8b a1 00 a0 52  ...7...Rw......R
19ce512a0  e0 03 17 aa 95 9e 00 94 e3 03 14 aa e0 03 13 aa  ................
19ce512b0  e1 03 16 aa e2 03 15 aa c3 01 00 94 e0 03 17 aa  ................
19ce512c0  97 9e 00 94 f9 01 f8 37 e8 03 00 32 14 21 d4 1a  .......7...2.!..
19ce512d0  88 00 8e 52 75 02 08 8b a8 02 40 79 88 02 08 0a  ...Ru.....@y....
19ce512e0  29 53 0b 53 20 01 62 1e 1f 01 00 71 01 03 62 1e  )S.S .b....q..b.
19ce512f0  02 10 6d 1e 21 08 62 1e 22 14 60 1e e9 00 00 54  ..m.!.b.".`....T
19ce51300  fd 7b 44 a9 f4 4f 43 a9 f6 57 42 a9 f8 5f 41 a9  .{D..OC..WB.._A.
19ce51310  fa 67 c5 a8 c0 03 5f d6 73 1e 40 91 a1 00 a0 52  .g...._.s.@....R
19ce51320  e0 03 13 aa 75 9e 00 94 a8 02 40 79 08 01 34 0a  ....u.....@y..4.
19ce51330  a8 02 00 79 e0 03 13 aa fd 7b 44 a9 f4 4f 43 a9  ...y.....{D..OC.
19ce51340  f6 57 42 a9 f8 5f 41 a9 fa 67 c5 a8 74 9e 00 14  .WB.._A..g..t...
19ce51350  ff c3 00 d1 f4 4f 01 a9 fd 7b 02 a9 fd 83 00 91  .....O...{......
19ce51360  f3 03 01 aa f4 03 00 aa e1 02 00 b4 68 fe 5d d3  ............h.].
19ce51370  1f 51 00 f1 81 02 00 54 02 00 80 52 e0 03 14 aa  .Q.....T...R....
19ce51380  e1 03 13 aa 8a fe ff 97 e0 01 00 b4 e8 03 00 aa  ................
19ce51390  09 01 8e 52 89 6a 69 38 49 02 18 37 1f 0d 40 f2  ...R.ji8I..7..@.
19ce513a0  08 fd 44 d3 08 05 88 1a 02 05 00 51 e0 03 14 aa  ..D........Q....
19ce513b0  e1 03 13 aa fd 7b 42 a9 f4 4f 41 a9 ff c3 00 91  .....{B..OA.....
19ce513c0  6d ff ff 17 80 16 78 f9 02 18 40 f9 e1 03 13 aa  m.....x...@.....
19ce513d0  fd 7b 42 a9 f4 4f 41 a9 ff c3 00 91 40 00 1f d6  .{B..OA.....@...
19ce513e0  a1 0a 80 52 e0 03 13 aa e8 07 00 f9 e2 03 08 aa  ...R............
19ce513f0  50 9b 00 94 e8 07 40 f9 e9 ff ff 17 f4 4f be a9  P.....@......O..
19ce51400  fd 7b 01 a9 fd 43 00 91 f3 03 02 aa f4 03 00 aa  .{...C..........
19ce51410  3f 04 00 f1 40 02 00 54 28 7c d3 9b ff 03 08 eb  ?...@..T(|......
19ce51420  21 01 00 54 33 7c 13 9b 48 de 1e b0 08 d1 43 f9  !..T3|..H.....C.
19ce51430  08 01 40 f9 09 00 80 92 28 05 08 ca 7f 02 08 eb  ..@.....(.......
19ce51440  e9 00 00 54 c0 be 03 94 e8 03 00 aa 00 00 80 d2  ...T............
19ce51450  e9 07 1e 32 09 01 00 b9 0c 00 00 14 7f 02 04 f1  ...2............
19ce51460  a8 01 00 54 68 3e 00 91 08 ed 7c 92 7f 46 00 f1  ...Th>....|..F..
19ce51470  e9 03 1c 32 21 31 88 9a e2 03 00 32 e0 03 14 aa  ...2!1.....2....
19ce51480  a8 fe ff 97 80 00 00 b4 fd 7b 41 a9 f4 4f c2 a8  .........{A..O..
19ce51490  c0 03 5f d6 80 16 78 f9 03 10 40 f9 e1 03 00 32  .._...x...@....2
19ce514a0  e2 03 13 aa fd 7b 41 a9 f4 4f c2 a8 60 00 1f d6  .....{A..O..`...
19ce514b0  f8 5f bc a9 f6 57 01 a9 f4 4f 02 a9 fd 7b 03 a9  ._...W...O...{..
19ce514c0  fd c3 00 91 f5 03 02 aa f4 03 00 aa c1 01 00 b4  ................
19ce514d0  f3 03 01 aa 02 00 80 52 e0 03 14 aa 34 fe ff 97  .......R....4...

,	Aweme!0x3eda21c this.args4 0x6f 0x6f

,	Aweme!0x3eda21c this.args0 onLeave 0x2836057c0             0  1  2  3  4  5  6  7  8  9  A  B  C  D  E  F  0123456789ABCDEF
2836057c0  08 76 f1 09 01 00 00 00 e0 b7 b3 83 02 00 00 00  .v..............
2836057d0  10 0d 51 83 02 00 00 00 10 de c6 80 02 00 00 00  ..Q.............
2836057e0  49 15 aa e5 a1 61 00 00 38 a8 19 0a 01 00 00 00  I....a..8.......
2836057f0  18 92 f8 da 01 00 00 00 00 00 00 00 00 00 00 00  ................
283605800  a3 7d b0 e5 a1 01 00 00 01 00 00 00 52 59 41 4c  .}..........RYAL
283605810  c0 89 e1 0f 01 00 00 00 00 00 00 00 00 00 00 00  ................
283605820  64 6f 75 4c 61 6e 64 6c 6f 72 64 49 6e 66 6f 4a  douLandlordInfoJ
283605830  53 4f 4e 54 72 61 6e 73 66 6f 72 6d 65 72 00 00  SONTransformer..
283605840  91 18 aa e5 a1 01 00 00 85 16 00 00 01 00 00 00  ................
283605850  00 00 00 20 85 eb e1 3f 00 00 00 00 00 00 00 00  ... ...?........
283605860  41 31 aa e5 a1 01 00 00 d0 b5 b0 83 02 00 00 00  A1..............
283605870  03 00 00 80 02 00 00 04 00 00 00 00 00 00 00 00  ................
283605880  49 15 aa e5 a1 01 00 00 80 7b cf 82 02 00 00 00  I........{......
283605890  f8 71 f8 da 01 00 00 00 00 00 00 00 00 00 00 00  .q..............
2836058a0  19 18 aa e5 a1 01 00 00 8c 07 00 00 01 00 00 00  ................
2836058b0  0d 73 65 74 54 69 6e 74 43 6f 6c 6f 72 3a 00 00  .setTintColor:..
2836058c0  70 6f 69 49 44 4a 53 4f 4e 54 72 61 6e 73 66 6f  poiIDJSONTransfo
2836058d0  72 6d 65 72 00 00 00 00 00 00 00 00 00 00 00 00  rmer............
2836058e0  41 31 aa e5 a1 01 00 00 e0 6b b0 83 02 00 00 00  A1.......k......
2836058f0  05 00 00 00 02 00 00 04 c0 e4 56 83 02 00 00 00  ..........V.....
283605900  00 df 67 83 02 00 00 00 24 db f4 4d 60 78 e5 46  ..g.....$..M`x.F
283605910  80 86 09 10 01 00 00 00 d0 23 b3 83 02 00 00 00  .........#......
283605920  41 31 aa e5 a1 41 00 00 00 cd c6 80 02 00 00 00  A1...A..........
283605930  0f 00 00 00 07 00 00 0c 00 00 00 00 00 00 00 00  ................
283605940  41 31 aa e5 a1 01 00 00 00 b6 b0 83 02 00 00 00  A1..............
283605950  02 00 00 80 01 00 00 04 00 00 00 00 00 00 00 00  ................
283605960  41 31 aa e5 a1 01 00 00 20 77 b0 83 02 00 00 00  A1...... w......
283605970  05 00 00 00 02 00 00 04 00 00 00 00 00 00 00 00  ................
283605980  9d 6a b3 0b a1 01 00 00 c2 88 78 f0 c4 77 79 b9  .j........x..wy.
283605990  12 ed 7e f2 c4 77 79 b9 00 00 00 00 00 00 00 00  ..~..wy.........
2836059a0  63 61 63 68 65 41 6e 63 68 6f 72 49 6e 66 6f 4a  cacheAnchorInfoJ
2836059b0  53 4f 4e 54 72 61 6e 73 66 6f 72 6d 65 72 00 00  SONTransformer..
2836059c0  41 31 aa e5 a1 01 00 00 f0 76 b0 83 02 00 00 00  A1.......v......
2836059d0  05 00 00 00 02 00 00 04 00 00 00 00 00 00 00 00  ................
2836059e0  41 31 aa e5 a1 01 00 00 e0 31 cb 81 02 00 00 00  A1.......1......
2836059f0  07 00 00 80 03 00 00 08 70 e0 56 83 02 00 00 00  ........p.V.....
283605a00  70 6f 69 54 79 70 65 4e 61 6d 65 4a 53 4f 4e 54  poiTypeNameJSONT
283605a10  72 61 6e 73 66 6f 72 6d 65 72 00 00 00 00 00 00  ransformer......
283605a20  20 5a 48 c7 41 fe 00 00 c5 01 61 00 00 00 00 00   ZH.A.....a.....
283605a30  00 00 00 00 00 00 00 00 00 00 00 00 00 00 00 00  ................
283605a40  77 69 74 68 52 65 63 6f 6d 6d 65 6e 64 54 61 67  withRecommendTag
283605a50  4a 53 4f 4e 54 72 61 6e 73 66 6f 72 6d 65 72 00  JSONTransformer.
283605a60  41 31 aa e5 a1 01 00 00 d0 b2 b0 83 02 00 00 00  A1..............
283605a70  03 00 00 80 02 00 00 04 00 00 00 00 00 00 00 00  ................
283605a80  70 6f 69 4e 61 6d 65 4a 53 4f 4e 54 72 61 6e 73  poiNameJSONTrans
283605a90  66 6f 72 6d 65 72 00 00 00 00 00 00 00 00 00 00  former..........
283605aa0  41 31 aa e5 a1 01 00 00 60 76 b0 83 02 00 00 00  A1......`v......
283605ab0  05 00 00 00 02 00 00 04 00 00 00 00 00 00 00 00  ................
283605ac0  19 18 aa e5 a1 01 00 00 8c 07 00 00 01 00 00 00  ................
283605ad0  0d 73 65 74 54 69 6e 74 43 6f 6c 6f 72 3a 00 00  .setTintColor:..
283605ae0  69 73 41 64 6d 69 6e 41 72 65 61 4a 53 4f 4e 54  isAdminAreaJSONT
283605af0  72 61 6e 73 66 6f 72 6d 65 72 00 00 00 00 00 00  ransformer......
283605b00  6d 61 70 54 68 75 6d 62 6e 61 69 6c 4a 53 4f 4e  mapThumbnailJSON
283605b10  54 72 61 6e 73 66 6f 72 6d 65 72 00 00 00 00 00  Transformer.....
283605b20  b1 ad ba a7 00 00 00 00 00 00 00 00 00 00 00 00  ................
283605b30  00 00 00 00 00 00 00 00 00 00 00 00 00 00 00 00  ................
283605b40  70 6f 69 53 75 62 74 69 74 6c 65 4a 53 4f 4e 54  poiSubtitleJSONT
283605b50  72 61 6e 73 66 6f 72 6d 65 72 00 00 00 00 00 00  ransformer......
283605b60  80 7d 3a 81 02 00 00 00 00 00 00 00 00 00 00 00  .}:.............
283605b70  00 00 00 00 00 00 00 00 00 00 00 00 00 00 00 00  ................
283605b80  73 70 75 43 61 72 64 4c 79 6e 78 55 72 6c 4a 53  spuCardLynxUrlJS
283605b90  4f 4e 54 72 61 6e 73 66 6f 72 6d 65 72 00 00 00  ONTransformer...
283605ba0  a0 be 66 83 02 00 00 00 81 2a 67 46 c6 e7 67 a1  ..f......*gF..g.
283605bb0  00 28 2e 10 01 00 00 00 d0 3c a7 da 01 00 00 00  .(.......<......

,	Aweme!0x3eda21c this.args1 onLeave 0x0 0x0

,	Aweme!0x3eda21c this.args2 onLeave 0x120a8 0x120a8

,	Aweme!0x3eda21c this.args3 onLeave 0x19ce510e0             0  1  2  3  4  5  6  7  8  9  A  B  C  D  E  F  0123456789ABCDEF
19ce510e0  f6 57 bd a9 f4 4f 01 a9 fd 7b 02 a9 fd 83 00 91  .W...O...{......
19ce510f0  f4 03 02 aa f3 03 01 aa f5 03 00 aa 21 02 00 b4  ............!...
19ce51100  68 fe 5d d3 1f 51 00 f1 c1 01 00 54 08 01 8e 52  h.]..Q.....T...R
19ce51110  a8 6a 68 38 68 02 18 37 9f 0e 40 f2 88 fe 44 d3  .jh8h..7..@...D.
19ce51120  08 05 88 1a 02 05 00 51 e0 03 15 aa e1 03 13 aa  .......Q........
19ce51130  fd 7b 42 a9 f4 4f 41 a9 f6 57 c3 a8 0e 00 00 14  .{B..OA..W......
19ce51140  a0 16 78 f9 03 3c 40 f9 e1 03 13 aa e2 03 14 aa  ..x..<@.........
19ce51150  fd 7b 42 a9 f4 4f 41 a9 f6 57 c3 a8 60 00 1f d6  .{B..OA..W..`...
19ce51160  a1 0a 80 52 e0 03 13 aa e2 03 14 aa f1 9b 00 94  ...R............
19ce51170  ea ff ff 17 fa 67 bb a9 f8 5f 01 a9 f6 57 02 a9  .....g..._...W..
19ce51180  f4 4f 03 a9 fd 7b 04 a9 fd 03 01 91 f4 03 02 aa  .O...{..........
19ce51190  f3 03 00 aa 35 c4 72 92 28 94 66 92 09 0c 78 f9  ....5.r.(.f...x.
19ce511a0  28 01 08 ca 29 7c 4e d3 2a 64 0e 53 29 2d 06 53  (...)|N.*d.S)-.S
19ce511b0  49 15 1a 33 16 49 29 8b c9 00 00 d0 29 81 25 91  I..3.I).....).%.
19ce511c0  c8 02 40 b9 38 59 62 b8 09 07 00 51 2a 00 15 4b  ..@.8Yb....Q*..K
19ce511d0  4b 6c 1c 53 6b 41 00 11 4a 0d cb 1a 4a 05 00 11  Kl.SkA..J...J...
19ce511e0  4a 29 00 12 6b ff 80 52 ac ff 80 52 0d 29 00 12  J)..k..R...R.)..
19ce511f0  0f 01 20 11 ee 25 15 12 10 01 01 12 11 01 48 11  .. ..%........H.
19ce51200  31 26 0b 12 0e 02 0e 2a ce 01 11 2a bf f1 1f 71  1&.....*...*...q
19ce51210  a0 01 00 54 ef 51 0b 53 ff 01 09 6b 41 01 00 54  ...T.Q.S...kA..T
19ce51220  1f 01 00 71 6d b1 8c 1a d9 01 0d 2a cd 7e 5f 88  ...qm......*.~_.
19ce51230  bf 01 08 6b 21 02 00 54 d9 7e 0d 88 8d ff ff 35  ...k!..T.~.....5
19ce51240  11 00 00 14 59 01 0e 2a bf f1 1f 71 6d 01 8d 1a  ....Y..*...qm...
19ce51250  2d 10 00 79 6d 12 78 f9 ad 01 01 ca 2d 00 00 f9  -..ym.x.....-...
19ce51260  cd 7e 5f 88 bf 01 08 6b 81 00 00 54 d9 fe 0d 88  .~_....k...T....
19ce51270  8d ff ff 35 14 00 00 14 5f 3f 03 d5 e8 03 0d aa  ...5...._?......
19ce51280  db ff ff 17 49 62 24 90 29 e9 43 b9 c9 01 00 35  ....Ib$.).C....5
19ce51290  a8 01 f8 37 08 0b 8e 52 77 02 08 8b a1 00 a0 52  ...7...Rw......R
19ce512a0  e0 03 17 aa 95 9e 00 94 e3 03 14 aa e0 03 13 aa  ................
19ce512b0  e1 03 16 aa e2 03 15 aa c3 01 00 94 e0 03 17 aa  ................
19ce512c0  97 9e 00 94 f9 01 f8 37 e8 03 00 32 14 21 d4 1a  .......7...2.!..
19ce512d0  88 00 8e 52 75 02 08 8b a8 02 40 79 88 02 08 0a  ...Ru.....@y....
19ce512e0  29 53 0b 53 20 01 62 1e 1f 01 00 71 01 03 62 1e  )S.S .b....q..b.
19ce512f0  02 10 6d 1e 21 08 62 1e 22 14 60 1e e9 00 00 54  ..m.!.b.".`....T
19ce51300  fd 7b 44 a9 f4 4f 43 a9 f6 57 42 a9 f8 5f 41 a9  .{D..OC..WB.._A.
19ce51310  fa 67 c5 a8 c0 03 5f d6 73 1e 40 91 a1 00 a0 52  .g...._.s.@....R
19ce51320  e0 03 13 aa 75 9e 00 94 a8 02 40 79 08 01 34 0a  ....u.....@y..4.
19ce51330  a8 02 00 79 e0 03 13 aa fd 7b 44 a9 f4 4f 43 a9  ...y.....{D..OC.
19ce51340  f6 57 42 a9 f8 5f 41 a9 fa 67 c5 a8 74 9e 00 14  .WB.._A..g..t...
19ce51350  ff c3 00 d1 f4 4f 01 a9 fd 7b 02 a9 fd 83 00 91  .....O...{......
19ce51360  f3 03 01 aa f4 03 00 aa e1 02 00 b4 68 fe 5d d3  ............h.].
19ce51370  1f 51 00 f1 81 02 00 54 02 00 80 52 e0 03 14 aa  .Q.....T...R....
19ce51380  e1 03 13 aa 8a fe ff 97 e0 01 00 b4 e8 03 00 aa  ................
19ce51390  09 01 8e 52 89 6a 69 38 49 02 18 37 1f 0d 40 f2  ...R.ji8I..7..@.
19ce513a0  08 fd 44 d3 08 05 88 1a 02 05 00 51 e0 03 14 aa  ..D........Q....
19ce513b0  e1 03 13 aa fd 7b 42 a9 f4 4f 41 a9 ff c3 00 91  .....{B..OA.....
19ce513c0  6d ff ff 17 80 16 78 f9 02 18 40 f9 e1 03 13 aa  m.....x...@.....
19ce513d0  fd 7b 42 a9 f4 4f 41 a9 ff c3 00 91 40 00 1f d6  .{B..OA.....@...
19ce513e0  a1 0a 80 52 e0 03 13 aa e8 07 00 f9 e2 03 08 aa  ...R............
19ce513f0  50 9b 00 94 e8 07 40 f9 e9 ff ff 17 f4 4f be a9  P.....@......O..
19ce51400  fd 7b 01 a9 fd 43 00 91 f3 03 02 aa f4 03 00 aa  .{...C..........
19ce51410  3f 04 00 f1 40 02 00 54 28 7c d3 9b ff 03 08 eb  ?...@..T(|......
19ce51420  21 01 00 54 33 7c 13 9b 48 de 1e b0 08 d1 43 f9  !..T3|..H.....C.
19ce51430  08 01 40 f9 09 00 80 92 28 05 08 ca 7f 02 08 eb  ..@.....(.......
19ce51440  e9 00 00 54 c0 be 03 94 e8 03 00 aa 00 00 80 d2  ...T............
19ce51450  e9 07 1e 32 09 01 00 b9 0c 00 00 14 7f 02 04 f1  ...2............
19ce51460  a8 01 00 54 68 3e 00 91 08 ed 7c 92 7f 46 00 f1  ...Th>....|..F..
19ce51470  e9 03 1c 32 21 31 88 9a e2 03 00 32 e0 03 14 aa  ...2!1.....2....
19ce51480  a8 fe ff 97 80 00 00 b4 fd 7b 41 a9 f4 4f c2 a8  .........{A..O..
19ce51490  c0 03 5f d6 80 16 78 f9 03 10 40 f9 e1 03 00 32  .._...x...@....2
19ce514a0  e2 03 13 aa fd 7b 41 a9 f4 4f c2 a8 60 00 1f d6  .....{A..O..`...
19ce514b0  f8 5f bc a9 f6 57 01 a9 f4 4f 02 a9 fd 7b 03 a9  ._...W...O...{..
19ce514c0  fd c3 00 91 f5 03 02 aa f4 03 00 aa c1 01 00 b4  ................
19ce514d0  f3 03 01 aa 02 00 80 52 e0 03 14 aa 34 fe ff 97  .......R....4...

,	Aweme!0x3eda21c this.args4 onLeave 0x6f 0x6f

,retval onLeave: 0x16fe52de8 0x16fe52de8

[end signal]{
    "X-Argus" = "yA0cZWlbfwM6LzqT1kQ2IerP7gTXKe3oO4eoL4az9/vWKFombWTQcGjpshYMiuTFRzNi7tglPY3FYgnjjp7RX9FSYbiXltyYG3780CZ0H6v73tImaqMZCf4J80bj9TMUiW0/nRVSau7oCXBmABT0UrcEU4/82CtI8KFQOz/rdf9kHZjF8AQrNoesLmRJzNqW5sr1xa5OaJjVC+TIJJrsfkQJZtYfyI2BKlTWim5Pq2l6CQ==";
    "X-Gorgon" = 8404a0a600002f6783e78bf4e738e21db0b21d306c980b1d6c8f;
    "X-Khronos" = 1618201440;
    "X-Ladon" = "6exaT5dZeK0a+aMOC4A11ecRwfUR6kdgiTRA0Ps3Kw9Y/rgU";
    "X-Tyhon" = "d1qKKVIaxHsWAIopHRvYbQdVimYcB858UlWKst0=";
}
Aweme!0x3e4e740 4
Aweme!0x3ecb164 1
Aweme!0x3e711fc 1
Aweme!0x775d148 23
Aweme!0x3e8a244 1
Aweme!0x3e70fd0 4
Aweme!0x3ecb9bc 3
Aweme!0x3e61204 2
Aweme!0x3ea8cd4 3
Aweme!0x775e084 6
Aweme!0x3e4dd78 1
Aweme!0x3e71488 1
Aweme!0x3e5208c 5
Aweme!0x3e70d48 2
Aweme!0x3e5cc68 2
Aweme!0x3ea03c8 9
Aweme!0x3e624e0 2
Aweme!0x3e57394 1
Aweme!0x3ecb1c4 1
Aweme!0x3ea1c70 1
Aweme!0x3ea7c28 5
Aweme!0x3eda3f8 3
Aweme!0x3e70550 3
Aweme!0x3e71374 2
Aweme!0x3e928cc 2
Aweme!0x3eb31d0 4
Aweme!0x3e520ec 6
Aweme!0x3e70da8 5
Aweme!0x3e70bd8 3
Aweme!0x3e71318 3
Aweme!0x3e5c1e8 1
Aweme!0x3e7ce8c 4
Aweme!0x3ea8c7c 2
Aweme!0x3e71430 3
Aweme!0x3ecac58 52
Aweme!0x775dfd0 38
Aweme!0x3ed32dc 257
Aweme!0x3e84a30 1
Aweme!0x3ecda08 1
Aweme!0x3ee5718 6
Aweme!0x3e8c7a4 2
Aweme!0x775e828 9
Aweme!0x3ecb9c4 4
Aweme!0x3e5cb58 2
Aweme!0x3ea164c 1
Aweme!0x3e9a300 2
Aweme!0x3e70f7c 1
Aweme!0x3e86ad4 2
Aweme!0x3ea0828 7
Aweme!0x3e7114c 1
Aweme!0x3ed3224 256
Aweme!0x3ecc730 1
Aweme!0x3ea1764 1
Aweme!0x3ead334 1
Aweme!0x3e68100 1
Aweme!0x3e58a74 472
Aweme!0x775e888 1
Aweme!0x3ecf140 1
Aweme!0x3ed67d0 6
Aweme!0x3ed30b4 4
Aweme!0x3ed9e90 5
Aweme!0x3e711ac 3
Aweme!0x775c7e8 414
Aweme!0x3e87048 2
Aweme!0x775e090 3
Aweme!0x3eca7a8 4
Aweme!0x3e51f24 5
Aweme!0x3e70100 2
Aweme!0x3e93d80 8
Aweme!0x3ede65c 1
Aweme!0x3ee4b84 8
Aweme!0x3e70db0 21
Aweme!0x3e523dc 2
Aweme!0x3ea8c28 4
Aweme!0x3e70b28 12
Aweme!0x3ea170c 9
Aweme!0x3e8a13c 1
Aweme!0x3ecda6c 2
Aweme!0x3ecc8a8 1
Aweme!0x775d328 2
Aweme!0x3ecf828 1
Aweme!0x3e71268 1
Aweme!0x3ecb118 3
Aweme!0x3ee5894 2
Aweme!0x3ecec30 19
Aweme!0x3e4e698 2
Aweme!0x3ea1998 1
Aweme!0x3e86adc 1
Aweme!0x3edb340 2
Aweme!0x3e58964 1
Aweme!0x3e71668 9
Aweme!0x3ed9ddc 8
Aweme!0x3ed4a78 1
Aweme!0x3e67854 1
Aweme!0x3eda120 1
Aweme!0x3e87334 5
Aweme!0x3ed3344 1
Aweme!0x3e90ec0 1
Aweme!0x3eda408 2
Aweme!0x3ea16b4 45
Aweme!0x775e834 2
Aweme!0x3e516d4 7
Aweme!0x3edacbc 1
Aweme!0x3e51f88 10
Aweme!0x3e89ce8 1
Aweme!0x3ed328c 2
Aweme!0x3e71328 1
Aweme!0x3edb174 1
Aweme!0x3e86ff4 2
Aweme!0x3ecc90c 2
Aweme!0x775ec90 6
Aweme!0x3e67688 3
Aweme!0x775e720 6
Aweme!0x3e71440 1
Aweme!0x3e71270 3
Aweme!0x3e52044 3
Aweme!0x3ee4790 1
Aweme!0x3ecf88c 2
Aweme!0x3e872dc 5
Aweme!0x3e70ca4 2
Aweme!0x3ed7260 1
Aweme!0x3e5c824 2
Aweme!0x3ecb9d4 1
Aweme!0x775c7f4 38
Aweme!0x3e70dbc 1
Aweme!0x3e86ae4 1
Aweme!0x3e714a0 2
Aweme!0x3ecaaf8 1
Aweme!0x3e709c0 30
Aweme!0x3e523e8 2
Aweme!0x3ecfc30 1
Aweme!0x3e84c14 1
Aweme!0x3ecb180 19
Aweme!0x3e71218 3
Aweme!0x3e86ba0 3
Aweme!0x3ea6110 2
Aweme!0x3e70e1c 2
Aweme!0x3ed3238 6
Aweme!0x775e7e0 2
Aweme!0x3e70f90 2
Aweme!0x3ea1b74 10
Aweme!0x3ee5674 4
Aweme!0x3e5de48 2
Aweme!0x3e51ed8 14
Aweme!0x3eac354 1
Aweme!0x3e71448 1
Aweme!0x3ecb1e0 1
Aweme!0x3eaea20 11
Aweme!0x3e70d08 2
Aweme!0x3ed32f4 2
Aweme!0x3e56530 1
Aweme!0x3e4e1f0 9
Aweme!0x3ecb9dc 7
Aweme!0x3ea1664 1
Aweme!0x3e885c0 1
Aweme!0x3ed3010 516
Aweme!0x3e71108 1
Aweme!0x3e7cea8 2
Aweme!0x3eca930 14
Aweme!0x3e67a34 1
Aweme!0x3e67c04 1
Aweme!0x3e70f38 3
Aweme!0x3e523f0 5
Aweme!0x3ea7e18 52
Aweme!0x3ea3c78 1
Aweme!0x3e84a4c 1
Aweme!0x3e60518 1
Aweme!0x3ecb188 2
Aweme!0x3ecafb8 1
Aweme!0x3ead464 1
Aweme!0x3ed9ea8 5
Aweme!0x3e711c4 2
Aweme!0x3ecb2a0 24
Aweme!0x3ed7210 1
Aweme!0x3ed30cc 3
Aweme!0x3ed3240 1
Aweme!0x3e7cf08 2
Aweme!0x3e57ef4 18
Aweme!0x3e86920 5
Aweme!0x3ed9fc0 1
Aweme!0x3e712dc 3
Aweme!0x775e78c 238
Aweme!0x3ed31e4 258
Aweme!0x3ed3358 3
Aweme!0x775e390 3
Aweme!0x3ede618 2
Aweme!0x3edded8 1
Aweme!0x3ecef8c 1
Aweme!0x3e90ed4 1
Aweme!0x3e713f4 1
Aweme!0x3ecabc0 5
Aweme!0x3ecb9e4 7
Aweme!0x3eca820 4
Aweme!0x3ea1d50 1
Aweme!0x3e51f40 3
Aweme!0x3e714b0 1
Aweme!0x775c5d8 32
Aweme!0x3e5e594 1
Aweme!0x3e70ba0 10
Aweme!0x3e868c8 5
Aweme!0x3e5e8d8 1
Aweme!0x3e71284 1
Aweme!0x3e4f5ec 2
Aweme!0x3ea1ac8 1
Aweme!0x3e70b44 9
Aweme!0x3e6057c 2
Aweme!0x3e51918 7
Aweme!0x3e67810 56
Aweme!0x3e61858 1
Aweme!0x3e8c880 4
Aweme!0x3eac818 1
Aweme!0x3ecb134 1
Aweme!0x3ecaf64 1
Aweme!0x3ecfd58 1
Aweme!0x3e711cc 2
Aweme!0x3eda368 1
Aweme!0x3ecf3ec 2
Aweme!0x3e523fc 7
Aweme!0x3e710b8 2
Aweme!0x3e5205c 11
Aweme!0x3e7ce58 4
Aweme!0x3eca540 4
Aweme!0x3ecf504 1
Aweme!0x3ed7104 4
Aweme!0x3e872f4 2
Aweme!0x3ea6180 1
Aweme!0x3ed32a8 3
Aweme!0x3ed3304 1
Aweme!0x3e870c8 2
Aweme!0x3e51fa4 3
Aweme!0x3ea0f90 1
Aweme!0x3ee4520 2
Aweme!0x3eda3c8 3
Aweme!0x3eda028 1
Aweme!0x3ea8d04 7
Aweme!0x3e5e93c 2
Aweme!0x3e712e8 2
Aweme!0x3ea7e84 1
Aweme!0x3eac8d8 1
Aweme!0x3e618bc 2
Aweme!0x3e7128c 6
Aweme!0x775e39c 7
Aweme!0x3e86de4 1
Aweme!0x3e71400 1
Aweme!0x775b534 2
Aweme!0x3ecaa58 11
Aweme!0x3e70d1c 2
Aweme!0x3e70920 1
Aweme!0x3ed9eb8 4
Aweme!0x3e713a4 1
Aweme!0x3e67b00 2
Aweme!0x3ea12d8 1
Aweme!0x775e7f8 1
Aweme!0x3eca9a0 1
Aweme!0x3e58b58 236
Aweme!0x3e5c5b8 1
Aweme!0x3e7111c 2
Aweme!0x3e520c0 3
Aweme!0x3e70d7c 2
Aweme!0x3e93da8 2
Aweme!0x3e70980 29
Aweme!0x3e70af4 21
Aweme!0x3e8c7d4 2
Aweme!0x3e4e71c 4
Aweme!0x3ecfd64 1
Aweme!0x3eda5fc 1
Aweme!0x3ea8d0c 414
Aweme!0x3eca9a4 4
Aweme!0x3eca604 3
Aweme!0x3ed31f8 2
Aweme!0x3ed3028 814
Aweme!0x3ee49e0 1
Aweme!0x3ecb1fc 1
Aweme!0x3ecb02c 2
Aweme!0x3e86dec 1
Aweme!0x3e71294 2
Aweme!0x3e67bc0 2
Aweme!0x3e71464 1
Aweme!0x3e5c8a4 1
Aweme!0x3e87300 4
Aweme!0x3ea7a90 8
Aweme!0x775e348 7
Aweme!0x3ea0a88 1
Aweme!0x3ed32b4 2
Aweme!0x3ea8c54 6
Aweme!0x3e4e1b0 5
Aweme!0x3e5bd68 4
Aweme!0x3ea1680 3
Aweme!0x3e716f0 7
Aweme!0x3e5c61c 2
Aweme!0x3e70c10 3
Aweme!0x3e84b20 1
Aweme!0x775e7a4 238
Aweme!0x3ede85c 3
Aweme!0x775cb00 1
Aweme!0x775e918 1
Aweme!0x3ea1228 1
Aweme!0x3ea61ec 21
Aweme!0x3e808c8 1
Aweme!0x3e6047c 1
Aweme!0x3e713b0 3
Aweme!0x3ed325c 5
Aweme!0x775e804 4
Aweme!0x3e71698 10
Aweme!0x3ecb260 6
Aweme!0x3e85208 9
Aweme!0x3e71128 1
Aweme!0x3e7bed4 1
Aweme!0x3e712f8 1
Aweme!0x3ea61f0 2
Aweme!0x3e853d8 30
Aweme!0x3e7129c 1
Aweme!0x3e86df4 9
Aweme!0x3e70b5c 20
Aweme!0x3e71240 2
Aweme!0x3ea2ad4 2
Aweme!0x3e4e728 2
Aweme!0x3ed9ec8 3
Aweme!0x3e51534 7
Aweme!0x3e70c74 1
Aweme!0x3ea1858 37
Aweme!0x3ecf460 1
Aweme!0x3ecc428 1
Aweme!0x3edb1a4 1
Aweme!0x3e83398 1
Aweme!0x3e70d30 1
Aweme!0x3ed9d58 5
Aweme!0x3e5cbf4 1
Aweme!0x3e872b0 10
Aweme!0x3e711e8 1
Aweme!0x3ea8ba8 55
Aweme!0x3eda3e0 4
Aweme!0x3ec92dc 1
Aweme!0x3e87254 7
Aweme!0x3e8a230 1
Aweme!0x3ea8d1c 1
Aweme!0x3ea1630 2
Aweme!0x3e7118c 2
Aweme!0x3ed3264 257
Aweme!0x3e71300 1
Aweme!0x3ea8cc0 3
Aweme!0x3e617bc 1
Aweme!0x3e86fcc 4
Aweme!0x3ed3150 41
Aweme!0x3e87d94 2
Aweme!0x3eca8a0 1
Aweme!0x3edb264 1
Aweme!0x3e4e730 2
Aweme!0x3e8a290 1
Aweme!0x3ed32c4 2
Aweme!0x3ecaa14 5
Aweme!0x3ee1390 1
Aweme!0x3e7019c 1
Aweme!0x3e52134 5
Aweme!0x3e713bc 1
Aweme!0x3e70140 1
Aweme!0x3e70d94 1
Aweme!0x3e58b14 236
Aweme!0x3e67890 4
Aweme!0x3ed31b0 1
Aweme!0x3e7141c 1
Aweme!0x3e7124c 5
Aweme!0x3e86f74 1
Aweme!0x3e84dbc 1
Aweme!0x3ea8bb0 69
Aweme!0x3e4de24 9
Aweme!0x3e708e0 1
Aweme!0x3edb20c 2
Aweme!0x3e8c790 2
Aweme!0x3e70fc4 4
Aweme!0x3e88764 1
Aweme!0x3e87200 1
Aweme!0x775e078 9
Aweme!0x3ea197c 28
Aweme!0x3e868f0 5
Aweme!0x3ea1b4c 1
Aweme!0x3e86fd4 4
Aweme!0x3e52080 14
Aweme!0x3ead4f0 1
Aweme!0x3ed4bd0 1
Aweme!0x3e71080 2
Aweme!0x3ea1a94 1
Aweme!0x3e70b10 12
Aweme!0x3ecaa78 1
Aweme!0x3ecd59c 2
Aweme!0x3eda21c 2
Aweme!0x3ed7070 2
Aweme!0x3e71368 2
Aweme!0x3ed9e7c 3
Aweme!0x3e90e48 1
Aweme!0x3ea7994 4
Aweme!0x3e520e0 14
Aweme!0x3e70bcc 1
Aweme!0x3eb1c60 1
Aweme!0x775c5a8 7
Aweme!0x3ecb2d0 57
Aweme!0x3ecaca8 1
Aweme!0x3ea03c0 1
Aweme!0x3e5c520 2
Aweme!0x3edad5c 2
Aweme!0x3ec9348 2
Aweme!0x3ed72a0 1
Aweme!0x3ea1188 1
Aweme!0x3e5d118 1
Aweme!0x3e71028 1
Aweme!0x3ea169c 2
Aweme!0x3e926f4 1
Aweme!0x3ecb278 1
Aweme!0x3e67728 3
Aweme!0x3e8a128 1
Aweme!0x3e70f70 2
Aweme!0x3ee7920 4
Aweme!0x3e92868 1
Aweme!0x3e86fdc 1
Aweme!0x3ea1928 1
Aweme!0x3e71428 1
Aweme!0x3e90f08 1
Aweme!0x3ed69f0 1
Aweme!0x3eca340 6
On receive  16384
Error happenError: unable to find module containing 0x122eb025c
Error happenError: unable to find module containing 0x122e32984
Error happenError: unable to find module containing 0x122e32994
call: Aweme!0x3ecb52c Aweme!0x775e390@DYLD-STUB$$objc_retain
call: Foundation!0x715c libobjc.A.dylib!0x47e8@object_getClass
call: Foundation!0x71cc CoreFoundation!0xaae2c@_CFNonObjCRetain
call: Aweme!0x3ecb538 Aweme!0x775e390@DYLD-STUB$$objc_retain
call: Aweme!0x3ecb554 Aweme!0x775e348@DYLD-STUB$$objc_msgSend
call: Foundation!0x40150 libobjc.A.dylib!0x2080@objc_msgSend
call: Foundation!0x732c libobjc.A.dylib!0x47e8@object_getClass
call: Foundation!0x40180 CoreFoundation!0xf2138@CFURLCopyAbsoluteURL
call: CoreFoundation!0xf2164 CoreFoundation!0xabff8@CFGetAllocator
call: CoreFoundation!0xf2234 CoreFoundation!0x2af0@CFRetain
call: Foundation!0x4018c CoreFoundation!0xf1b04@CFURLGetString
call: Foundation!0x40190 libobjc.A.dylib!0x20010@objc_retain
call: CoreFoundation!0x6bec CoreFoundation!0xaae2c@_CFNonObjCRetain
call: Foundation!0x40194 libobjc.A.dylib!0x20080@objc_autorelease
call: Foundation!0x401a0 CoreFoundation!0x2694@CFRelease
call: Aweme!0x3ecb558 Aweme!0x3ecb9c4@0x3ecb9c4
call: CoreFoundation!0x6bec CoreFoundation!0xaae2c@_CFNonObjCRetain
call: Aweme!0x3ecb570 Aweme!0x775e348@DYLD-STUB$$objc_msgSend
call: Aweme!0x3ecb58c Aweme!0x3ecb9dc@0x3ecb9dc
call: libc++abi.dylib!0xee0 libc++abi.dylib!0x10e54@DYLD-STUB$$malloc
call: libsystem_malloc.dylib!0x10160 libsystem_malloc.dylib!0xf6b8@malloc_zone_malloc
call: libsystem_malloc.dylib!0xf750 libsystem_malloc.dylib!0x11d64@default_zone_malloc
call: libsystem_malloc.dylib!0xecc libsystem_malloc.dylib!0xf20@nanov2_allocate$VARIANT$mp
call: libsystem_malloc.dylib!0xf98 libsystem_malloc.dylib!0x1b18@nanov2_allocate_from_block$VARIANT$mp
call: Aweme!0x3ecb598 Aweme!0x775e39c@DYLD-STUB$$objc_retainAutorelease
call: libobjc.A.dylib!0x218c4 libobjc.A.dylib!0x20010@objc_retain
call: CoreFoundation!0x6bec CoreFoundation!0xaae2c@_CFNonObjCRetain
call: Aweme!0x3ecb5a4 Aweme!0x3ecb9e4@0x3ecb9e4
call: CoreFoundation!0x6980 CoreFoundation!0xc7c40@__CFStringMtbl
call: CoreFoundation!0x69b4 CoreFoundation!0xcf3e4@CFStringGetCStringPtr
call: Aweme!0x3ecb5b0 Aweme!0x3eca930@0x3eca930
call: Aweme!0x3eca8d4 Aweme!0x3ecb180@0x3ecb180
call: Aweme!0x3eca8e8 Aweme!0x775dfd0@DYLD-STUB$$malloc
call: libsystem_malloc.dylib!0x10160 libsystem_malloc.dylib!0xf6b8@malloc_zone_malloc
call: libsystem_malloc.dylib!0xf750 libsystem_malloc.dylib!0x11d64@default_zone_malloc
call: libsystem_malloc.dylib!0x6224 libsystem_malloc.dylib!0x17638@tiny_malloc_should_clear
call: libsystem_malloc.dylib!0x176d0 libsystem_platform.dylib!0x8cf8@DYLD-STUB$$os_unfair_lock_lock_with_options
call: libsystem_malloc.dylib!0x17714 libsystem_malloc.dylib!0x1902c@tiny_malloc_from_free_list
call: libsystem_malloc.dylib!0x19270 libsystem_malloc.dylib!0x17ca8@set_tiny_meta_header_in_use
