AwemeModuleBase:0x1063374f0
arg1 https://search3-search-lf.amemv.com/aweme/v1/search/item/?caid1=0803bffc8815b9f02c08f48f95c1008c&tma_jssdk_version=2.1.0.2&minor_status=0&ac=WIFI&appTheme=dark&is_vcd=1&keyword=%E7%8E%8B%E4%B8%80%E5%8D%9A&video_cover_shrink=372_496&enter_from=homepage_hot&sort_type=0&backtrace=M7U2PfbCPC7qlX46ow2D73foIbuD7zG%2BTODCT48wHI74oC1dlQVm4omXMt%2BkHUSKjMf5EJvWyjt3jVKDb%2FBylQ%3D%3D&count=12&is_filter_search=0&user_avatar_shrink=64_64&source=video_search&query_correct_type=1&rs_word_count=5&offset=0&search_source=normal_search&publish_time=0&hot_search=0&aid=1128&app_name=aweme&app_version=14.8.0&build_number=148013&cdid=FEDA96DE-E849-4E15-99C9-66CD61F50ADD&channel=App%20Store&device_id=4169787388733342&device_platform=iphone&device_type=iPhone9,1&idfa=322127EF-8E4E-48E9-98E0-99ACBDC85525&iid=2955926580500413&js_sdk_version=1.99.0.3&mcc_mnc=&openudid=a4cb7b4ade7c5e8e6c90cf8f892aafe6c64c73d1&os_api=18&os_version=13.3.1&screen_width=750&version_code=14.8.0&vid=25AD3C98-7CA5-4B2E-9B39-9BAEFC31BBD2
arg2 {
    "User-Agent" = "Aweme 14.8.0 rv:148013 (iPhone; iOS 13.3.1; zh_CN) Cronet";
    "x-common-params-v2" = "aid=1128&app_name=aweme&app_version=14.8.0&build_number=148013&cdid=FEDA96DE-E849-4E15-99C9-66CD61F50ADD&channel=App%20Store&device_id=4169787388733342&device_platform=iphone&device_type=iPhone9,1&idfa=322127EF-8E4E-48E9-98E0-99ACBDC85525&iid=2955926580500413&js_sdk_version=1.99.0.3&mcc_mnc=&openudid=a4cb7b4ade7c5e8e6c90cf8f892aafe6c64c73d1&os_api=18&os_version=13.3.1&screen_width=750&version_code=14.8.0&vid=25AD3C98-7CA5-4B2E-9B39-9BAEFC31BBD2";
    "x-tt-token" = "003c4774314c4f83d0177a0ae886f5a6f50056cb8fc53fa60c3b0bf88596c762fc922f46798e27276d911e99fde0203a46a8df6837c3279998eaaccf63df5e59c34fb9458bd8d9b17fd1ecf392c2a6fc08649f8411f4295761fc95f3fe46affde27ce-1.0.1";
}
call Aweme!0x3e90ed4
,	Aweme!0x3e90ed4 this.args0 0x16ff04948 0x16ff04948

,	Aweme!0x3e90ed4 this.args1 0x283d0ef40             0  1  2  3  4  5  6  7  8  9  A  B  C  D  E  F  0123456789ABCDEF
283d0ef40  01 00 00 00 00 00 00 00 d0 e9 d0 83 02 00 00 00  ................
283d0ef50  00 00 00 00 00 00 00 00 00 00 00 00 00 00 00 00  ................
283d0ef60  30 98 d1 80 02 00 00 00 ca 1f 00 00 ca ff ef 00  0...............
283d0ef70  71 33 aa e5 a1 01 00 00 03 00 00 00 00 00 00 00  q3..............
283d0ef80  73 a8 11 5d ce bc 8b b8 73 a8 11 5d ce bc 8b b8  s..]....s..]....
283d0ef90  73 a8 11 5d ce bc 8b b8 00 00 00 00 00 00 00 00  s..]............
283d0efa0  71 33 aa e5 a1 01 00 00 03 00 00 00 00 00 00 00  q3..............
283d0efb0  33 ae 11 5d ce bc 8b b8 33 ae 11 5d ce bc 8b b8  3..]....3..]....
283d0efc0  33 ae 11 5d ce bc 8b b8 00 00 00 00 00 00 00 00  3..]............
283d0efd0  3d b7 ac 0b a1 01 00 00 8c 78 8d 0b 00 00 00 00  =........x......
283d0efe0  a0 50 ab 81 02 00 00 00 d0 f2 d0 83 02 00 00 00  .P..............
283d0eff0  80 de 90 82 02 00 00 00 00 00 00 00 00 00 00 00  ................
283d0f000  71 33 aa e5 a1 01 00 00 04 00 00 00 00 00 00 00  q3..............
283d0f010  63 a8 11 5d ce bc 8b b8 63 a8 11 5d ce bc 8b b8  c..]....c..]....
283d0f020  63 a8 11 5d ce bc 8b b8 63 a8 11 5d ce bc 8b b8  c..]....c..]....
283d0f030  71 33 aa e5 a1 01 00 00 04 00 00 00 00 00 00 00  q3..............
283d0f040  60 50 00 83 02 00 00 00 80 50 00 83 02 00 00 00  `P.......P......
283d0f050  a0 50 00 83 02 00 00 00 63 a8 11 5d ce bc 8b b8  .P......c..]....
283d0f060  e5 7e 07 2b 98 ba 8b a8 f0 98 a4 da 01 00 00 00  .~.+............
283d0f070  29 a4 d3 ed df f7 cb a8 e0 4d 01 83 02 00 00 00  )........M......
283d0f080  90 5d a5 da 01 00 00 00 20 52 01 83 02 00 00 00  .]...... R......
283d0f090  71 33 aa e5 a1 01 00 00 03 00 00 00 00 00 00 00  q3..............
283d0f0a0  73 a8 11 5d ce bc 8b b8 73 a8 11 5d ce bc 8b b8  s..]....s..]....
283d0f0b0  73 a8 11 5d ce bc 8b b8 00 00 00 00 00 00 00 00  s..]............
283d0f0c0  00 00 00 00 00 00 00 00 f0 98 a4 da 01 00 00 00  ................
283d0f0d0  29 a4 d3 ed df f7 cb a8 00 00 00 00 00 00 00 00  )...............
283d0f0e0  90 5d a5 da 01 00 00 00 c0 5a 01 83 02 00 00 00  .].......Z......
283d0f0f0  c9 7d b0 e5 a1 01 00 00 c0 a4 00 13 01 00 00 00  .}..............
283d0f100  02 00 00 00 00 00 00 00 08 00 00 00 00 00 00 00  ................
283d0f110  02 00 00 00 00 00 00 00 00 00 00 00 00 00 00 00  ................
283d0f120  71 33 aa e5 a1 01 00 00 03 00 00 00 00 00 00 00  q3..............
283d0f130  40 52 00 83 02 00 00 00 73 a8 11 5d ce bc 8b b8  @R......s..]....
283d0f140  73 a8 11 5d ce bc 8b b8 00 00 00 00 00 00 00 00  s..]............
283d0f150  71 33 aa e5 a1 01 00 00 03 00 00 00 00 00 00 00  q3..............
283d0f160  73 a8 11 5d ce bc 8b b8 73 a8 11 5d ce bc 8b b8  s..]....s..]....
283d0f170  73 a8 11 5d ce bc 8b b8 00 00 00 00 00 00 00 00  s..]............
283d0f180  71 33 aa e5 a1 01 00 00 03 00 00 00 00 00 00 00  q3..............
283d0f190  33 ae 11 5d ce bc 8b b8 33 ae 11 5d ce bc 8b b8  3..]....3..]....
283d0f1a0  33 ae 11 5d ce bc 8b b8 00 00 00 00 00 00 00 00  3..]............
283d0f1b0  71 33 aa e5 a1 01 00 00 04 00 00 00 00 00 00 00  q3..............
283d0f1c0  63 a8 11 5d ce bc 8b b8 63 a8 11 5d ce bc 8b b8  c..]....c..]....
283d0f1d0  63 a8 11 5d ce bc 8b b8 63 a8 11 5d ce bc 8b b8  c..]....c..]....
283d0f1e0  71 33 aa e5 a1 01 00 00 04 00 00 00 00 00 00 00  q3..............
283d0f1f0  a0 55 00 83 02 00 00 00 c0 55 00 83 02 00 00 00  .U.......U......
283d0f200  e0 55 00 83 02 00 00 00 63 a8 11 5d ce bc 8b b8  .U......c..]....
283d0f210  19 18 aa e5 a1 01 00 00 90 07 00 00 01 00 00 00  ................
283d0f220  05 00 00 00 00 00 00 00 5b 00 42 6c b1 62 b1 62  ........[.Bl.b.b
283d0f230  5d 00 00 00 00 00 00 00 00 00 00 00 00 00 00 00  ]...............
283d0f240  71 33 aa e5 a1 01 00 00 03 00 00 00 00 00 00 00  q3..............
283d0f250  93 a9 11 5d ce bc 8b b8 93 a9 11 5d ce bc 8b b8  ...].......]....
283d0f260  73 a8 11 5d ce bc 8b b8 00 00 00 00 00 00 00 00  s..]............
283d0f270  71 33 aa e5 a1 01 00 00 03 00 00 00 00 00 00 00  q3..............
283d0f280  73 a8 11 5d ce bc 8b b8 73 a8 11 5d ce bc 8b b8  s..]....s..]....
283d0f290  73 a8 11 5d ce bc 8b b8 00 00 00 00 00 00 00 00  s..]............
283d0f2a0  71 33 aa e5 a1 01 00 00 03 00 00 00 00 00 00 00  q3..............
283d0f2b0  33 ae 11 5d ce bc 8b b8 33 ae 11 5d ce bc 8b b8  3..]....3..]....
283d0f2c0  33 ae 11 5d ce bc 8b b8 00 00 00 00 00 00 00 00  3..]............
283d0f2d0  71 33 aa e5 a1 01 00 00 04 00 00 00 00 00 00 00  q3..............
283d0f2e0  a0 50 ab 81 02 00 00 00 10 51 ab 81 02 00 00 00  .P.......Q......
283d0f2f0  80 51 ab 81 02 00 00 00 f0 51 ab 81 02 00 00 00  .Q.......Q......
283d0f300  71 33 aa e5 a1 01 00 00 04 00 00 00 00 00 00 00  q3..............
283d0f310  a0 5b 00 83 02 00 00 00 c0 5b 00 83 02 00 00 00  .[.......[......
283d0f320  e0 5b 00 83 02 00 00 00 63 a8 11 5d ce bc 8b b8  .[......c..]....
283d0f330  71 33 aa e5 a1 01 00 00 04 00 00 00 00 00 00 00  q3..............

,	Aweme!0x3e90ed4 this.args2 0x1 0x1

,	Aweme!0x3e90ed4 this.args3 0x280d19830             0  1  2  3  4  5  6  7  8  9  A  B  C  D  E  F  0123456789ABCDEF
280d19830  00 2d 00 0a 01 00 00 00 4b 4c 57 52 00 00 00 00  .-......KLWR....
280d19840  00 00 00 00 02 00 00 80 20 00 00 00 4b 4c 57 52  ........ ...KLWR
280d19850  0c 7a 03 00 00 00 00 00 ff ff ff ff ff ff ff ff  .z..............
280d19860  83 a0 00 00 01 a0 00 00 00 9f 00 00 ff ff ff ff  ................
280d19870  ff ff ff ff ff ff ff ff c7 67 2e 7f fd ff ff ff  .........g......
280d19880  00 00 00 00 00 00 00 00 00 00 00 00 00 00 00 00  ................
280d19890  00 00 00 00 00 00 00 00 00 00 00 00 00 00 00 00  ................
280d198a0  00 00 00 00 00 00 00 00 00 00 00 00 00 00 00 00  ................
280d198b0  00 00 00 00 00 00 00 00 00 00 00 00 00 00 00 00  ................
280d198c0  00 00 00 00 00 00 00 00 00 00 00 00 00 00 00 00  ................
280d198d0  00 00 00 00 00 00 00 00 00 00 00 00 00 00 00 00  ................
280d198e0  00 00 00 00 00 00 00 00 00 00 00 00 00 00 00 00  ................
280d198f0  00 00 00 00 00 00 00 00 00 00 00 00 4b 4c 57 52  ............KLWR
280d19900  a8 4d cf 78 00 00 00 00 10 86 40 d5 01 00 00 00  .M.x......@.....
280d19910  00 00 00 00 00 00 00 00 00 00 00 00 00 00 00 00  ................
280d19920  ac 65 ff 78 00 00 00 00 34 82 40 d5 01 00 00 00  .e.x....4.@.....
280d19930  98 4d cf 78 00 00 00 00 03 86 40 d5 01 00 00 00  .M.x......@.....
280d19940  ec 4d cf 78 00 00 00 00 54 59 40 d5 01 00 00 00  .M.x....TY@.....
280d19950  1c dc e1 78 00 00 00 00 c5 85 40 d5 01 00 00 00  ...x......@.....
280d19960  00 00 00 00 00 00 00 00 00 00 00 00 00 00 00 00  ................
280d19970  00 00 00 00 00 00 00 00 00 00 00 00 00 00 00 00  ................
280d19980  00 00 00 00 00 00 00 00 00 00 00 00 00 00 00 00  ................
280d19990  00 00 00 00 00 00 00 00 00 00 00 00 00 00 00 00  ................
280d199a0  40 4c cf 78 00 00 00 00 9c 55 40 d5 01 00 00 00  @L.x.....U@.....
280d199b0  a4 41 cf 78 00 00 00 00 4b 57 40 d5 01 00 00 00  .A.x....KW@.....
280d199c0  e0 63 ff 78 00 00 00 00 9d 58 40 d5 01 00 00 00  .c.x.....X@.....
280d199d0  c0 4d cf 78 00 00 00 00 4d 59 40 d5 01 00 00 00  .M.x....MY@.....
280d199e0  b4 0b ee 78 00 00 00 00 3e 57 40 d5 01 00 00 00  ...x....>W@.....
280d199f0  00 00 00 00 00 00 00 00 00 00 00 00 00 00 00 00  ................
280d19a00  00 00 00 00 00 00 00 00 00 00 00 00 00 00 00 00  ................
280d19a10  08 e3 5f 97 00 00 00 00 11 56 40 d5 01 00 00 00  .._......V@.....
280d19a20  bc f4 71 a8 00 00 00 00 f2 11 7d d5 01 00 00 00  ..q.......}.....
280d19a30  dc 77 09 a8 00 00 00 00 93 5a 40 d5 01 00 00 00  .w.......Z@.....
280d19a40  58 e3 5f 97 00 00 00 00 d9 5a 40 d5 01 00 00 00  X._......Z@.....
280d19a50  50 cd 0b a8 00 00 00 00 07 05 7d d5 01 00 00 00  P.........}.....
280d19a60  4c ca 0b a8 00 00 00 00 77 51 65 d5 01 00 00 00  L.......wQe.....
280d19a70  60 3d 9c 0d 00 00 00 00 07 a9 56 d5 01 00 00 00  `=........V.....
280d19a80  14 77 09 a8 00 00 00 00 29 f0 7c d5 01 00 00 00  .w......).|.....
280d19a90  bc cc 0b a8 00 00 00 00 d9 d8 7c d5 01 00 00 00  ..........|.....
280d19aa0  00 00 00 00 00 00 00 00 00 00 00 00 00 00 00 00  ................
280d19ab0  00 00 00 00 00 00 00 00 00 00 00 00 00 00 00 00  ................
280d19ac0  a0 cf 0b a8 00 00 00 00 5c 5a 40 d5 01 00 00 00  ........\Z@.....
280d19ad0  00 00 00 00 00 00 00 00 00 00 00 00 00 00 00 00  ................
280d19ae0  14 e5 5f 97 00 00 00 00 9e 5b 40 d5 01 00 00 00  .._......[@.....
280d19af0  00 00 00 00 00 00 00 00 00 00 00 00 00 00 00 00  ................
280d19b00  e0 1d 33 83 02 00 00 00 00 00 00 00 00 00 00 00  ..3.............
280d19b10  00 00 00 00 00 00 00 00 00 42 05 04 00 00 00 00  .........B......
280d19b20  60 29 33 83 02 00 00 00 00 00 00 00 00 00 00 00  `)3.............
280d19b30  00 00 00 00 00 00 00 00 00 42 05 04 00 00 00 00  .........B......
280d19b40  a0 21 33 83 02 00 00 00 00 00 00 00 00 00 00 00  .!3.............
280d19b50  00 00 00 00 00 00 00 00 00 42 05 04 00 00 00 00  .........B......
280d19b60  a0 bf 12 83 02 00 00 00 00 00 00 00 00 00 00 00  ................
280d19b70  00 00 00 00 00 00 00 00 00 44 01 04 00 00 00 00  .........D......
280d19b80  30 26 33 83 02 00 00 00 00 00 00 00 00 00 00 00  0&3.............
280d19b90  00 00 00 00 00 00 00 00 00 42 05 04 00 00 00 00  .........B......
280d19ba0  00 00 00 00 00 00 00 00 00 00 00 00 00 00 00 00  ................
280d19bb0  00 00 00 00 00 00 00 00 00 00 00 00 00 00 00 00  ................
280d19bc0  00 00 00 00 00 00 00 00 00 00 00 00 00 00 00 00  ................
280d19bd0  00 00 00 00 00 00 00 00 00 00 00 00 00 00 00 00  ................
280d19be0  00 00 00 00 00 00 00 00 00 00 00 00 00 00 00 00  ................
280d19bf0  00 00 00 00 00 00 00 00 00 00 00 00 00 00 00 00  ................
280d19c00  00 9c c9 0c 25 61 00 00 fb 07 0a d6 01 00 00 00  ....%a..........
280d19c10  c8 40 04 0c 00 00 00 00 58 db 09 d6 01 00 00 00  .@......X.......
280d19c20  74 8f 54 97 00 00 00 00 72 59 40 d5 01 00 00 00  t.T.....rY@.....

,	Aweme!0x3e90ed4 this.args4 0x28331487c             0  1  2  3  4  5  6  7  8  9  A  B  C  D  E  F  0123456789ABCDEF
28331487c  65 00 80 ba 00 00 00 00 00 00 00 00 00 00 00 00  e...............
28331488c  00 00 00 00 fc ff ff 26 00 00 00 00 00 00 00 00  .......&........
28331489c  00 00 00 00 00 00 00 00 00 00 00 00 fc ff 7f 75  ...............u
2833148ac  fc ff 1f 4d 00 00 00 00 00 00 00 00 00 00 00 00  ...M............
2833148bc  00 00 00 00 e2 10 64 71 0b 49 a0 47 00 00 00 00  ......dq.I.G....
2833148cc  11 1b 85 65 00 00 00 00 00 00 00 00 00 00 00 00  ...e............
2833148dc  00 00 00 00 00 00 00 00 00 00 00 00 00 00 00 00  ................
2833148ec  00 00 00 00 00 00 00 00 fc ff 3f 3d fc ff 5f 7e  ..........?=.._~
2833148fc  fc ff 1f 1c fc ff df 0c 00 00 00 00 00 00 00 00  ................
28331490c  4c b8 e0 7d 35 08 20 7e 00 00 00 00 00 00 00 00  L..}5. ~........
28331491c  00 00 00 00 fc ff 3f 09 00 00 00 00 fc ff df 09  ......?.........
28331492c  00 00 00 00 00 00 00 00 21 10 c0 5e 00 00 00 00  ........!..^....
28331493c  00 00 00 00 00 00 00 00 00 00 00 00 fc ff 3f 2e  ..............?.
28331494c  00 00 00 00 00 00 00 00 fc ff 1f 37 00 00 00 00  ...........7....
28331495c  00 00 00 00 00 00 00 00 00 00 00 00 fc ff 5f 4f  .............._O
28331496c  00 00 00 00 00 00 00 00 00 00 00 00 00 00 00 00  ................
28331497c  fc ff 5f 3a 00 00 00 00 00 00 00 00 00 00 00 00  .._:............
28331498c  00 00 00 00 fc ff 9f 2b 00 00 00 00 00 00 00 00  .......+........
28331499c  00 00 00 00 00 00 00 00 00 00 00 00 fc ff ff 0c  ................
2833149ac  fc ff 9f 46 00 00 00 00 00 00 00 00 00 00 00 00  ...F............
2833149bc  00 00 00 00 0f 41 a9 ad fc ff ff 10 00 00 00 00  .....A..........
2833149cc  c1 2b 23 77 00 00 00 00 00 00 00 00 00 00 00 00  .+#w............
2833149dc  00 00 00 00 00 00 00 00 00 00 00 00 00 00 00 00  ................
2833149ec  00 00 00 00 00 00 00 00 4a 20 e1 7c fc ff 1f 28  ........J .|...(
2833149fc  2c 01 00 73 0a 30 20 43 00 00 00 00 00 00 00 00  ,..s.0 C........
283314a0c  47 28 e1 f8 3d 88 c0 b0 00 00 00 00 00 00 00 00  G(..=...........
283314a1c  00 00 00 00 fc ff 7f 09 00 00 00 00 10 38 c0 7e  .............8.~
283314a2c  00 00 00 00 00 00 00 00 22 30 a0 32 00 00 00 00  ........"0.2....
283314a3c  00 00 00 00 00 00 00 00 00 00 00 00 68 08 40 25  ............h.@%
283314a4c  00 00 00 00 00 00 00 00 a1 00 60 44 00 00 00 00  ..........`D....
283314a5c  00 00 00 00 00 00 00 00 00 00 00 00 8e 00 a0 6a  ...............j
283314a6c  00 00 00 00 00 00 00 00 00 00 00 00 00 00 00 00  ................
283314a7c  3f 08 e0 6a 00 00 00 00 00 00 00 00 00 00 00 00  ?..j............
283314a8c  00 00 00 00 fc ff 5f 37 00 00 00 00 00 00 00 00  ......_7........
283314a9c  00 00 00 00 00 00 00 00 00 00 00 00 fc ff 1f 20  ............... 
283314aac  fc ff 1f 56 00 00 00 00 00 00 00 00 00 00 00 00  ...V............
283314abc  00 00 00 00 bd d9 80 05 31 88 40 07 00 00 00 00  ........1.@.....
283314acc  81 5b 42 1f 00 00 00 00 00 00 00 00 00 00 00 00  .[B.............
283314adc  00 00 00 00 00 00 00 00 00 00 00 00 00 00 00 00  ................
283314aec  00 00 00 00 00 00 00 00 1f f1 a0 7d fc ff 7f 5a  ...........}...Z
283314afc  fc ff ff 2e fc ff df 0c 00 00 00 00 00 00 00 00  ................
283314b0c  5a b0 80 a2 45 20 20 36 00 00 00 00 00 00 00 00  Z...E  6........
283314b1c  00 00 00 00 fc ff 3f 0d 00 00 00 00 fc ff df 09  ......?.........
283314b2c  00 00 00 00 00 00 00 00 17 08 e0 21 00 00 00 00  ...........!....
283314b3c  00 00 00 00 00 00 00 00 00 00 00 00 32 00 80 33  ............2..3
283314b4c  00 00 00 00 00 00 00 00 fc ff df 2f 00 00 00 00  .........../....
283314b5c  00 00 00 00 00 00 00 00 00 00 00 00 fc ff 9f 2a  ...............*
283314b6c  00 00 00 00 00 00 00 00 00 00 00 00 00 00 00 00  ................
283314b7c  fc ff bf 7c 00 00 00 00 00 00 00 00 00 00 00 00  ...|............
283314b8c  00 00 00 00 fc ff 9f 27 00 00 00 00 00 00 00 00  .......'........
283314b9c  00 00 00 00 00 00 00 00 00 00 00 00 fc ff 5f 5f  ..............__
283314bac  fc ff 9f 77 00 00 00 00 00 00 00 00 00 00 00 00  ...w............
283314bbc  00 00 00 00 53 09 a3 14 30 00 a0 11 00 00 00 00  ....S...0.......
283314bcc  81 30 41 7c 00 00 00 00 00 00 00 00 00 00 00 00  .0A|............
283314bdc  00 00 00 00 00 00 00 00 00 00 00 00 00 00 00 00  ................
283314bec  00 00 00 00 00 00 00 00 31 69 81 0e fc ff 5f 4c  ........1i...._L
283314bfc  fc ff 3f 5b fc ff ff 20 00 00 00 00 00 00 00 00  ..?[... ........
283314c0c  06 20 80 75 53 08 20 3d 00 00 00 00 ff 07 80 17  . .uS. =........
283314c1c  00 00 00 00 fc ff 5f 2c 00 00 00 00 fc ff 7f 50  ......_,.......P
283314c2c  00 00 00 00 00 00 00 00 28 20 e0 6a 00 00 00 00  ........( .j....
283314c3c  00 00 00 00 00 00 00 00 00 00 00 00 fc ff df 1d  ................
283314c4c  00 00 00 00 00 00 00 00 fc ff 5f 55 00 00 00 00  .........._U....
283314c5c  00 00 00 00 00 00 00 00 00 00 00 00 fc ff 7f 18  ................
283314c6c  00 00 00 00 00 00 00 00 00 00 00 00 00 00 00 00  ................

,	Aweme!0x3e90ed4 this.args0 onLeave 0x16ff04948 0x16ff04948

,	Aweme!0x3e90ed4 this.args1 onLeave 0x283d0ef40             0  1  2  3  4  5  6  7  8  9  A  B  C  D  E  F  0123456789ABCDEF
283d0ef40  01 00 00 00 00 00 00 00 d0 e9 d0 83 02 00 00 00  ................
283d0ef50  00 00 00 00 00 00 00 00 00 00 00 00 00 00 00 00  ................
283d0ef60  30 98 d1 80 02 00 00 00 ca 1f 00 00 ca ff ef 00  0...............
283d0ef70  71 33 aa e5 a1 01 00 00 03 00 00 00 00 00 00 00  q3..............
283d0ef80  73 a8 11 5d ce bc 8b b8 73 a8 11 5d ce bc 8b b8  s..]....s..]....
283d0ef90  73 a8 11 5d ce bc 8b b8 00 00 00 00 00 00 00 00  s..]............
283d0efa0  71 33 aa e5 a1 01 00 00 03 00 00 00 00 00 00 00  q3..............
283d0efb0  33 ae 11 5d ce bc 8b b8 33 ae 11 5d ce bc 8b b8  3..]....3..]....
283d0efc0  33 ae 11 5d ce bc 8b b8 00 00 00 00 00 00 00 00  3..]............
283d0efd0  3d b7 ac 0b a1 01 00 00 8c 78 8d 0b 00 00 00 00  =........x......
283d0efe0  a0 50 ab 81 02 00 00 00 d0 f2 d0 83 02 00 00 00  .P..............
283d0eff0  80 de 90 82 02 00 00 00 00 00 00 00 00 00 00 00  ................
283d0f000  71 33 aa e5 a1 01 00 00 04 00 00 00 00 00 00 00  q3..............
283d0f010  63 a8 11 5d ce bc 8b b8 63 a8 11 5d ce bc 8b b8  c..]....c..]....
283d0f020  63 a8 11 5d ce bc 8b b8 63 a8 11 5d ce bc 8b b8  c..]....c..]....
283d0f030  71 33 aa e5 a1 01 00 00 04 00 00 00 00 00 00 00  q3..............
283d0f040  60 50 00 83 02 00 00 00 80 50 00 83 02 00 00 00  `P.......P......
283d0f050  a0 50 00 83 02 00 00 00 63 a8 11 5d ce bc 8b b8  .P......c..]....
283d0f060  e5 7e 07 2b 98 ba 8b a8 f0 98 a4 da 01 00 00 00  .~.+............
283d0f070  29 a4 d3 ed df f7 cb a8 e0 4d 01 83 02 00 00 00  )........M......
283d0f080  90 5d a5 da 01 00 00 00 20 52 01 83 02 00 00 00  .]...... R......
283d0f090  71 33 aa e5 a1 01 00 00 03 00 00 00 00 00 00 00  q3..............
283d0f0a0  73 a8 11 5d ce bc 8b b8 73 a8 11 5d ce bc 8b b8  s..]....s..]....
283d0f0b0  73 a8 11 5d ce bc 8b b8 00 00 00 00 00 00 00 00  s..]............
283d0f0c0  00 00 00 00 00 00 00 00 f0 98 a4 da 01 00 00 00  ................
283d0f0d0  29 a4 d3 ed df f7 cb a8 00 00 00 00 00 00 00 00  )...............
283d0f0e0  90 5d a5 da 01 00 00 00 c0 5a 01 83 02 00 00 00  .].......Z......
283d0f0f0  c9 7d b0 e5 a1 01 00 00 c0 a4 00 13 01 00 00 00  .}..............
283d0f100  02 00 00 00 00 00 00 00 08 00 00 00 00 00 00 00  ................
283d0f110  02 00 00 00 00 00 00 00 00 00 00 00 00 00 00 00  ................
283d0f120  71 33 aa e5 a1 01 00 00 03 00 00 00 00 00 00 00  q3..............
283d0f130  40 52 00 83 02 00 00 00 73 a8 11 5d ce bc 8b b8  @R......s..]....
283d0f140  73 a8 11 5d ce bc 8b b8 00 00 00 00 00 00 00 00  s..]............
283d0f150  71 33 aa e5 a1 01 00 00 03 00 00 00 00 00 00 00  q3..............
283d0f160  73 a8 11 5d ce bc 8b b8 73 a8 11 5d ce bc 8b b8  s..]....s..]....
283d0f170  73 a8 11 5d ce bc 8b b8 00 00 00 00 00 00 00 00  s..]............
283d0f180  71 33 aa e5 a1 01 00 00 03 00 00 00 00 00 00 00  q3..............
283d0f190  33 ae 11 5d ce bc 8b b8 33 ae 11 5d ce bc 8b b8  3..]....3..]....
283d0f1a0  33 ae 11 5d ce bc 8b b8 00 00 00 00 00 00 00 00  3..]............
283d0f1b0  71 33 aa e5 a1 01 00 00 04 00 00 00 00 00 00 00  q3..............
283d0f1c0  63 a8 11 5d ce bc 8b b8 63 a8 11 5d ce bc 8b b8  c..]....c..]....
283d0f1d0  63 a8 11 5d ce bc 8b b8 63 a8 11 5d ce bc 8b b8  c..]....c..]....
283d0f1e0  71 33 aa e5 a1 01 00 00 04 00 00 00 00 00 00 00  q3..............
283d0f1f0  a0 55 00 83 02 00 00 00 c0 55 00 83 02 00 00 00  .U.......U......
283d0f200  e0 55 00 83 02 00 00 00 63 a8 11 5d ce bc 8b b8  .U......c..]....
283d0f210  19 18 aa e5 a1 01 00 00 90 07 00 00 01 00 00 00  ................
283d0f220  05 00 00 00 00 00 00 00 5b 00 42 6c b1 62 b1 62  ........[.Bl.b.b
283d0f230  5d 00 00 00 00 00 00 00 00 00 00 00 00 00 00 00  ]...............
283d0f240  71 33 aa e5 a1 01 00 00 03 00 00 00 00 00 00 00  q3..............
283d0f250  93 a9 11 5d ce bc 8b b8 93 a9 11 5d ce bc 8b b8  ...].......]....
283d0f260  73 a8 11 5d ce bc 8b b8 00 00 00 00 00 00 00 00  s..]............
283d0f270  71 33 aa e5 a1 01 00 00 03 00 00 00 00 00 00 00  q3..............
283d0f280  73 a8 11 5d ce bc 8b b8 73 a8 11 5d ce bc 8b b8  s..]....s..]....
283d0f290  73 a8 11 5d ce bc 8b b8 00 00 00 00 00 00 00 00  s..]............
283d0f2a0  71 33 aa e5 a1 01 00 00 03 00 00 00 00 00 00 00  q3..............
283d0f2b0  33 ae 11 5d ce bc 8b b8 33 ae 11 5d ce bc 8b b8  3..]....3..]....
283d0f2c0  33 ae 11 5d ce bc 8b b8 00 00 00 00 00 00 00 00  3..]............
283d0f2d0  71 33 aa e5 a1 01 00 00 04 00 00 00 00 00 00 00  q3..............
283d0f2e0  a0 50 ab 81 02 00 00 00 10 51 ab 81 02 00 00 00  .P.......Q......
283d0f2f0  80 51 ab 81 02 00 00 00 f0 51 ab 81 02 00 00 00  .Q.......Q......
283d0f300  71 33 aa e5 a1 01 00 00 04 00 00 00 00 00 00 00  q3..............
283d0f310  a0 5b 00 83 02 00 00 00 c0 5b 00 83 02 00 00 00  .[.......[......
283d0f320  e0 5b 00 83 02 00 00 00 63 a8 11 5d ce bc 8b b8  .[......c..]....
283d0f330  71 33 aa e5 a1 01 00 00 04 00 00 00 00 00 00 00  q3..............

,	Aweme!0x3e90ed4 this.args2 onLeave 0x1 0x1

,	Aweme!0x3e90ed4 this.args3 onLeave 0x280d19830             0  1  2  3  4  5  6  7  8  9  A  B  C  D  E  F  0123456789ABCDEF
280d19830  00 2d 00 0a 01 00 00 00 4b 4c 57 52 00 00 00 00  .-......KLWR....
280d19840  00 00 00 00 02 00 00 80 20 00 00 00 4b 4c 57 52  ........ ...KLWR
280d19850  0c 7a 03 00 00 00 00 00 ff ff ff ff ff ff ff ff  .z..............
280d19860  83 a0 00 00 01 a0 00 00 00 9f 00 00 ff ff ff ff  ................
280d19870  ff ff ff ff ff ff ff ff c7 67 2e 7f fd ff ff ff  .........g......
280d19880  00 00 00 00 00 00 00 00 00 00 00 00 00 00 00 00  ................
280d19890  00 00 00 00 00 00 00 00 00 00 00 00 00 00 00 00  ................
280d198a0  00 00 00 00 00 00 00 00 00 00 00 00 00 00 00 00  ................
280d198b0  00 00 00 00 00 00 00 00 00 00 00 00 00 00 00 00  ................
280d198c0  00 00 00 00 00 00 00 00 00 00 00 00 00 00 00 00  ................
280d198d0  00 00 00 00 00 00 00 00 00 00 00 00 00 00 00 00  ................
280d198e0  00 00 00 00 00 00 00 00 00 00 00 00 00 00 00 00  ................
280d198f0  00 00 00 00 00 00 00 00 00 00 00 00 4b 4c 57 52  ............KLWR
280d19900  a8 4d cf 78 00 00 00 00 10 86 40 d5 01 00 00 00  .M.x......@.....
280d19910  00 00 00 00 00 00 00 00 00 00 00 00 00 00 00 00  ................
280d19920  ac 65 ff 78 00 00 00 00 34 82 40 d5 01 00 00 00  .e.x....4.@.....
280d19930  98 4d cf 78 00 00 00 00 03 86 40 d5 01 00 00 00  .M.x......@.....
280d19940  ec 4d cf 78 00 00 00 00 54 59 40 d5 01 00 00 00  .M.x....TY@.....
280d19950  1c dc e1 78 00 00 00 00 c5 85 40 d5 01 00 00 00  ...x......@.....
280d19960  00 00 00 00 00 00 00 00 00 00 00 00 00 00 00 00  ................
280d19970  00 00 00 00 00 00 00 00 00 00 00 00 00 00 00 00  ................
280d19980  00 00 00 00 00 00 00 00 00 00 00 00 00 00 00 00  ................
280d19990  00 00 00 00 00 00 00 00 00 00 00 00 00 00 00 00  ................
280d199a0  40 4c cf 78 00 00 00 00 9c 55 40 d5 01 00 00 00  @L.x.....U@.....
280d199b0  a4 41 cf 78 00 00 00 00 4b 57 40 d5 01 00 00 00  .A.x....KW@.....
280d199c0  e0 63 ff 78 00 00 00 00 9d 58 40 d5 01 00 00 00  .c.x.....X@.....
280d199d0  c0 4d cf 78 00 00 00 00 4d 59 40 d5 01 00 00 00  .M.x....MY@.....
280d199e0  b4 0b ee 78 00 00 00 00 3e 57 40 d5 01 00 00 00  ...x....>W@.....
280d199f0  00 00 00 00 00 00 00 00 00 00 00 00 00 00 00 00  ................
280d19a00  00 00 00 00 00 00 00 00 00 00 00 00 00 00 00 00  ................
280d19a10  08 e3 5f 97 00 00 00 00 11 56 40 d5 01 00 00 00  .._......V@.....
280d19a20  bc f4 71 a8 00 00 00 00 f2 11 7d d5 01 00 00 00  ..q.......}.....
280d19a30  dc 77 09 a8 00 00 00 00 93 5a 40 d5 01 00 00 00  .w.......Z@.....
280d19a40  58 e3 5f 97 00 00 00 00 d9 5a 40 d5 01 00 00 00  X._......Z@.....
280d19a50  50 cd 0b a8 00 00 00 00 07 05 7d d5 01 00 00 00  P.........}.....
280d19a60  4c ca 0b a8 00 00 00 00 77 51 65 d5 01 00 00 00  L.......wQe.....
280d19a70  60 3d 9c 0d 00 00 00 00 07 a9 56 d5 01 00 00 00  `=........V.....
280d19a80  14 77 09 a8 00 00 00 00 29 f0 7c d5 01 00 00 00  .w......).|.....
280d19a90  bc cc 0b a8 00 00 00 00 d9 d8 7c d5 01 00 00 00  ..........|.....
280d19aa0  00 00 00 00 00 00 00 00 00 00 00 00 00 00 00 00  ................
280d19ab0  00 00 00 00 00 00 00 00 00 00 00 00 00 00 00 00  ................
280d19ac0  a0 cf 0b a8 00 00 00 00 5c 5a 40 d5 01 00 00 00  ........\Z@.....
280d19ad0  00 00 00 00 00 00 00 00 00 00 00 00 00 00 00 00  ................
280d19ae0  14 e5 5f 97 00 00 00 00 9e 5b 40 d5 01 00 00 00  .._......[@.....
280d19af0  00 00 00 00 00 00 00 00 00 00 00 00 00 00 00 00  ................
280d19b00  e0 1d 33 83 02 00 00 00 00 00 00 00 00 00 00 00  ..3.............
280d19b10  00 00 00 00 00 00 00 00 00 42 05 04 00 00 00 00  .........B......
280d19b20  60 29 33 83 02 00 00 00 00 00 00 00 00 00 00 00  `)3.............
280d19b30  00 00 00 00 00 00 00 00 00 42 05 04 00 00 00 00  .........B......
280d19b40  a0 21 33 83 02 00 00 00 00 00 00 00 00 00 00 00  .!3.............
280d19b50  00 00 00 00 00 00 00 00 00 42 05 04 00 00 00 00  .........B......
280d19b60  a0 bf 12 83 02 00 00 00 00 00 00 00 00 00 00 00  ................
280d19b70  00 00 00 00 00 00 00 00 00 44 01 04 00 00 00 00  .........D......
280d19b80  30 26 33 83 02 00 00 00 00 00 00 00 00 00 00 00  0&3.............
280d19b90  00 00 00 00 00 00 00 00 00 42 05 04 00 00 00 00  .........B......
280d19ba0  00 00 00 00 00 00 00 00 00 00 00 00 00 00 00 00  ................
280d19bb0  00 00 00 00 00 00 00 00 00 00 00 00 00 00 00 00  ................
280d19bc0  00 00 00 00 00 00 00 00 00 00 00 00 00 00 00 00  ................
280d19bd0  00 00 00 00 00 00 00 00 00 00 00 00 00 00 00 00  ................
280d19be0  00 00 00 00 00 00 00 00 00 00 00 00 00 00 00 00  ................
280d19bf0  00 00 00 00 00 00 00 00 00 00 00 00 00 00 00 00  ................
280d19c00  00 9c c9 0c 25 61 00 00 fb 07 0a d6 01 00 00 00  ....%a..........
280d19c10  c8 40 04 0c 00 00 00 00 58 db 09 d6 01 00 00 00  .@......X.......
280d19c20  74 8f 54 97 00 00 00 00 72 59 40 d5 01 00 00 00  t.T.....rY@.....

,	Aweme!0x3e90ed4 this.args4 onLeave 0x28331487c             0  1  2  3  4  5  6  7  8  9  A  B  C  D  E  F  0123456789ABCDEF
28331487c  65 00 80 ba 00 00 00 00 00 00 00 00 00 00 00 00  e...............
28331488c  00 00 00 00 fc ff ff 26 00 00 00 00 00 00 00 00  .......&........
28331489c  00 00 00 00 00 00 00 00 00 00 00 00 fc ff 7f 75  ...............u
2833148ac  fc ff 1f 4d 00 00 00 00 00 00 00 00 00 00 00 00  ...M............
2833148bc  00 00 00 00 e2 10 64 71 0b 49 a0 47 00 00 00 00  ......dq.I.G....
2833148cc  11 1b 85 65 00 00 00 00 00 00 00 00 00 00 00 00  ...e............
2833148dc  00 00 00 00 00 00 00 00 00 00 00 00 00 00 00 00  ................
2833148ec  00 00 00 00 00 00 00 00 fc ff 3f 3d fc ff 5f 7e  ..........?=.._~
2833148fc  fc ff 1f 1c fc ff df 0c 00 00 00 00 00 00 00 00  ................
28331490c  4c b8 e0 7d 35 08 20 7e 00 00 00 00 00 00 00 00  L..}5. ~........
28331491c  00 00 00 00 fc ff 3f 09 00 00 00 00 fc ff df 09  ......?.........
28331492c  00 00 00 00 00 00 00 00 21 10 c0 5e 00 00 00 00  ........!..^....
28331493c  00 00 00 00 00 00 00 00 00 00 00 00 fc ff 3f 2e  ..............?.
28331494c  00 00 00 00 00 00 00 00 fc ff 1f 37 00 00 00 00  ...........7....
28331495c  00 00 00 00 00 00 00 00 00 00 00 00 fc ff 5f 4f  .............._O
28331496c  00 00 00 00 00 00 00 00 00 00 00 00 00 00 00 00  ................
28331497c  fc ff 5f 3a 00 00 00 00 00 00 00 00 00 00 00 00  .._:............
28331498c  00 00 00 00 fc ff 9f 2b 00 00 00 00 00 00 00 00  .......+........
28331499c  00 00 00 00 00 00 00 00 00 00 00 00 fc ff ff 0c  ................
2833149ac  fc ff 9f 46 00 00 00 00 00 00 00 00 00 00 00 00  ...F............
2833149bc  00 00 00 00 0f 41 a9 ad fc ff ff 10 00 00 00 00  .....A..........
2833149cc  c1 2b 23 77 00 00 00 00 00 00 00 00 00 00 00 00  .+#w............
2833149dc  00 00 00 00 00 00 00 00 00 00 00 00 00 00 00 00  ................
2833149ec  00 00 00 00 00 00 00 00 4a 20 e1 7c fc ff 1f 28  ........J .|...(
2833149fc  2c 01 00 73 0a 30 20 43 00 00 00 00 00 00 00 00  ,..s.0 C........
283314a0c  47 28 e1 f8 3d 88 c0 b0 00 00 00 00 00 00 00 00  G(..=...........
283314a1c  00 00 00 00 fc ff 7f 09 00 00 00 00 10 38 c0 7e  .............8.~
283314a2c  00 00 00 00 00 00 00 00 22 30 a0 32 00 00 00 00  ........"0.2....
283314a3c  00 00 00 00 00 00 00 00 00 00 00 00 68 08 40 25  ............h.@%
283314a4c  00 00 00 00 00 00 00 00 a1 00 60 44 00 00 00 00  ..........`D....
283314a5c  00 00 00 00 00 00 00 00 00 00 00 00 8e 00 a0 6a  ...............j
283314a6c  00 00 00 00 00 00 00 00 00 00 00 00 00 00 00 00  ................
283314a7c  3f 08 e0 6a 00 00 00 00 00 00 00 00 00 00 00 00  ?..j............
283314a8c  00 00 00 00 fc ff 5f 37 00 00 00 00 00 00 00 00  ......_7........
283314a9c  00 00 00 00 00 00 00 00 00 00 00 00 fc ff 1f 20  ............... 
283314aac  fc ff 1f 56 00 00 00 00 00 00 00 00 00 00 00 00  ...V............
283314abc  00 00 00 00 bd d9 80 05 31 88 40 07 00 00 00 00  ........1.@.....
283314acc  81 5b 42 1f 00 00 00 00 00 00 00 00 00 00 00 00  .[B.............
283314adc  00 00 00 00 00 00 00 00 00 00 00 00 00 00 00 00  ................
283314aec  00 00 00 00 00 00 00 00 1f f1 a0 7d fc ff 7f 5a  ...........}...Z
283314afc  fc ff ff 2e fc ff df 0c 00 00 00 00 00 00 00 00  ................
283314b0c  5a b0 80 a2 45 20 20 36 00 00 00 00 00 00 00 00  Z...E  6........
283314b1c  00 00 00 00 fc ff 3f 0d 00 00 00 00 fc ff df 09  ......?.........
283314b2c  00 00 00 00 00 00 00 00 17 08 e0 21 00 00 00 00  ...........!....
283314b3c  00 00 00 00 00 00 00 00 00 00 00 00 32 00 80 33  ............2..3
283314b4c  00 00 00 00 00 00 00 00 fc ff df 2f 00 00 00 00  .........../....
283314b5c  00 00 00 00 00 00 00 00 00 00 00 00 fc ff 9f 2a  ...............*
283314b6c  00 00 00 00 00 00 00 00 00 00 00 00 00 00 00 00  ................
283314b7c  fc ff bf 7c 00 00 00 00 00 00 00 00 00 00 00 00  ...|............
283314b8c  00 00 00 00 fc ff 9f 27 00 00 00 00 00 00 00 00  .......'........
283314b9c  00 00 00 00 00 00 00 00 00 00 00 00 fc ff 5f 5f  ..............__
283314bac  fc ff 9f 77 00 00 00 00 00 00 00 00 00 00 00 00  ...w............
283314bbc  00 00 00 00 53 09 a3 14 30 00 a0 11 00 00 00 00  ....S...0.......
283314bcc  81 30 41 7c 00 00 00 00 00 00 00 00 00 00 00 00  .0A|............
283314bdc  00 00 00 00 00 00 00 00 00 00 00 00 00 00 00 00  ................
283314bec  00 00 00 00 00 00 00 00 31 69 81 0e fc ff 5f 4c  ........1i...._L
283314bfc  fc ff 3f 5b fc ff ff 20 00 00 00 00 00 00 00 00  ..?[... ........
283314c0c  06 20 80 75 53 08 20 3d 00 00 00 00 ff 07 80 17  . .uS. =........
283314c1c  00 00 00 00 fc ff 5f 2c 00 00 00 00 fc ff 7f 50  ......_,.......P
283314c2c  00 00 00 00 00 00 00 00 28 20 e0 6a 00 00 00 00  ........( .j....
283314c3c  00 00 00 00 00 00 00 00 00 00 00 00 fc ff df 1d  ................
283314c4c  00 00 00 00 00 00 00 00 fc ff 5f 55 00 00 00 00  .........._U....
283314c5c  00 00 00 00 00 00 00 00 00 00 00 00 fc ff 7f 18  ................
283314c6c  00 00 00 00 00 00 00 00 00 00 00 00 00 00 00 00  ................

,retval onLeave: 0x283309140             0  1  2  3  4  5  6  7  8  9  A  B  C  D  E  F  0123456789ABCDEF
283309140  2e 00 00 00 00 00 00 00 10 01 30 83 02 00 00 00  ..........0.....
283309150  ec 03 00 00 00 00 00 00 10 7b e1 80 02 00 00 00  .........{......
283309160  00 44 d0 80 02 00 00 00 00 00 00 00 00 00 00 00  .D..............
283309170  00 00 00 00 00 00 00 00 08 01 00 00 00 00 00 00  ................
283309180  00 7b 19 83 02 00 00 00 a0 91 30 83 02 00 00 00  .{........0.....
283309190  01 00 00 00 00 00 00 00 00 00 00 00 00 00 00 00  ................
2833091a0  01 00 00 00 00 00 00 00 00 00 00 00 00 00 00 00  ................
2833091b0  00 00 00 00 00 00 00 00 1d 01 6e 00 00 00 00 00  ..........n.....
2833091c0  01 00 00 00 00 00 00 00 87 00 00 83 02 00 00 00  ................
2833091d0  40 7b 19 83 02 00 00 00 30 92 30 83 02 00 00 00  @{......0.0.....
2833091e0  60 7b 19 83 02 00 00 00 00 00 00 00 00 00 00 00  `{..............
2833091f0  01 00 00 00 00 00 00 00 00 00 00 00 00 00 00 00  ................
283309200  50 31 00 0a 01 00 00 00 00 00 00 00 00 00 00 00  P1..............
283309210  80 31 00 0a 01 00 00 00 00 00 00 00 00 00 00 00  .1..............
283309220  78 49 00 0a 01 00 00 00 00 00 00 00 00 00 00 00  xI..............
283309230  01 00 00 00 00 00 00 00 00 00 00 00 00 00 00 00  ................
283309240  00 00 00 00 00 00 00 00 82 01 e7 83 02 00 00 00  ................
283309250  42 31 36 40 30 3a 38 00 36 01 00 00 00 00 00 00  B16@0:8.6.......
283309260  50 24 a3 81 02 00 00 00 3c 01 19 83 02 00 00 00  P$......<.......
283309270  00 00 00 00 00 00 00 00 12 01 00 00 00 00 00 00  ................
283309280  00 00 00 00 00 00 00 00 00 01 6e 00 02 00 00 00  ..........n.....
283309290  42 31 36 40 30 3a 38 00 70 01 00 00 00 00 00 00  B16@0:8.p.......
2833092a0  00 00 00 00 00 00 00 00 a4 00 e7 83 02 00 00 00  ................
2833092b0  00 00 00 00 00 00 00 00 25 01 b9 0f 01 00 00 00  ........%.......
2833092c0  00 00 00 00 00 00 00 00 b5 02 43 80 02 00 00 00  ..........C.....
2833092d0  6d 00 6f 00 62 00 69 00 6c 00 65 00 00 00 00 00  m.o.b.i.l.e.....
2833092e0  00 00 00 00 00 00 00 00 29 01 19 83 02 00 00 00  ........).......
2833092f0  00 00 00 00 00 00 00 00 fb 07 00 00 00 00 00 00  ................
283309300  01 00 00 00 00 00 00 00 14 01 00 1a 00 00 00 00  ................
283309310  80 00 b5 0f 01 00 00 00 50 cc 30 83 02 00 00 00  ........P.0.....
283309320  61 1b aa e5 a1 21 00 00 c0 4d 02 80 02 00 00 00  a....!...M......
283309330  00 00 00 00 00 00 00 00 b5 02 00 00 45 4b 41 57  ............EKAW
283309340  44 44 44 44 00 00 00 00 00 00 00 00 00 00 00 00  DDDD............
283309350  40 31 36 40 30 3a 38 00 63 00 00 00 00 00 00 00  @16@0:8.c.......
283309360  00 00 00 00 00 00 00 00 75 01 00 00 00 00 00 00  ........u.......
283309370  1d 36 b7 0b a1 01 00 00 20 93 30 83 02 00 00 00  .6...... .0.....
283309380  40 f5 e0 83 02 00 00 00 00 00 00 00 00 00 00 00  @...............
283309390  23 31 36 40 30 3a 38 00 c8 01 00 00 00 00 00 00  #16@0:8.........
2833093a0  00 00 00 00 00 00 00 00 e6 00 00 83 02 00 00 00  ................
2833093b0  bd 80 b3 0b a1 01 00 00 00 b3 06 0a 01 00 00 00  ................
2833093c0  00 00 00 00 00 00 00 00 9a 03 00 00 00 00 00 00  ................
2833093d0  3d fb ad e5 a1 01 00 00 00 a2 b9 0f 01 00 00 00  =...............
2833093e0  00 00 00 00 00 00 00 00 4a 03 ba 0f 01 00 00 00  ........J.......
2833093f0  61 1b aa e5 a1 21 00 00 20 4d 02 80 02 00 00 00  a....!.. M......
283309400  50 28 24 81 02 00 00 00 00 00 00 00 00 00 00 00  P($.............
283309410  01 00 00 00 00 00 00 00 58 01 b4 82 02 00 00 00  ........X.......
283309420  00 00 78 14 01 00 00 00 42 01 00 00 00 00 00 00  ..x.....B.......
283309430  61 1b aa e5 a1 21 00 00 80 4c 02 80 02 00 00 00  a....!...L......
283309440  1d 36 b7 0b a1 01 00 00 f0 93 30 83 02 00 00 00  .6........0.....
283309450  90 4f e7 83 02 00 00 00 00 00 00 00 00 00 00 00  .O..............
283309460  70 4b e7 83 02 00 00 00 00 00 00 00 00 00 00 00  pK..............
283309470  20 84 e0 83 02 00 00 00 00 00 00 00 00 00 00 00   ...............
283309480  30 4f e7 83 02 00 00 00 00 00 00 00 00 00 00 00  0O..............
283309490  00 7c a3 da 01 00 00 00 00 00 00 00 00 00 00 00  .|..............
2833094a0  d0 4e e7 83 02 00 00 00 00 00 00 00 00 00 00 00  .N..............
2833094b0  01 00 00 00 00 00 00 00 9d 01 00 00 00 00 00 00  ................
2833094c0  55 00 49 00 41 00 70 00 70 00 00 00 45 4b 41 57  U.I.A.p.p...EKAW
2833094d0  55 00 49 00 41 00 70 00 70 00 06 1b 99 8b 8c a8  U.I.A.p.p.......
2833094e0  01 00 00 00 01 00 00 00 fb 07 00 00 00 00 00 00  ................
2833094f0  01 00 00 00 01 00 00 00 fb 07 00 00 00 00 00 00  ................
283309500  01 00 00 00 01 00 00 00 fb 07 00 00 00 00 00 00  ................
283309510  01 00 00 00 01 00 00 00 fb 07 00 00 00 00 00 00  ................
283309520  89 0b ac e5 a1 01 00 00 00 00 00 00 00 00 00 00  ................
283309530  cd 01 b4 0b a1 05 00 00 c0 21 1e 83 02 00 00 00  .........!......

[end signal]{
    "X-Argus" = "kHGkbHsTZi5rTlwyzH0NY/uwJd/olFQMCJbn5W18N8efoxOxxhnBZ3JQrhIrtjOuDD8/AzfGPZIXwhMAmo/G3pK5Q91R+DzY/ldRMNzPmYd/j1hqd2gEVFkUvwBqGPInM5djX7mUk6xvKjbnOwlNNPHwk7e68KDjbs0dRrtsRUZojbMscZ5A3zb+2N+weVMER3rbmhPsG/p/EeNKOQVcNYU51esoWnRCS3QnuMFmmqTaeg==";
    "X-Gorgon" = 8404405d0000cc4b0c6d6dc311045ad873b8ba4d39d3a88e0c5c;
    "X-Khronos" = 1618201440;
    "X-Ladon" = "+UBAMqZoS5HfdQppbonz8jeqy0OeJGXB+MOLxXM/rGdjDQUc";
    "X-Tyhon" = "aRjJYSwChzNoGMlhYwObJXlNyS5iH400LE3JNbU=";
}
Aweme!0x3e5e594 1
Aweme!0x775c5d8 32
Aweme!0x3e70ba0 10
Aweme!0x3e5e8d8 1
Aweme!0x3e4f5ec 2
Aweme!0x3e868c8 5
Aweme!0x3ea1ac8 1
Aweme!0x3e70b44 9
Aweme!0x3e67810 56
Aweme!0x3e51918 7
Aweme!0x3e61858 1
Aweme!0x3e714b0 1
Aweme!0x3eac818 1
Aweme!0x3ecb134 1
Aweme!0x3e8c880 4
Aweme!0x3e6057c 2
Aweme!0x3ecfd58 1
Aweme!0x3ecaf64 1
Aweme!0x3e71284 1
Aweme!0x3e711cc 2
Aweme!0x3eda368 1
Aweme!0x3ecf3ec 2
Aweme!0x3e523fc 7
Aweme!0x3e710b8 2
Aweme!0x3e5205c 11
Aweme!0x3eca540 4
Aweme!0x3ea6180 1
Aweme!0x3ed7104 4
Aweme!0x3e872f4 2
Aweme!0x3e7ce58 4
Aweme!0x3ed32a8 3
Aweme!0x3ea0f90 1
Aweme!0x3e870c8 2
Aweme!0x3e51fa4 3
Aweme!0x3ed3304 1
Aweme!0x3eda3c8 3
Aweme!0x3eda028 1
Aweme!0x3ecf504 1
Aweme!0x3ea8d04 7
Aweme!0x3e5e93c 2
Aweme!0x3e712e8 2
Aweme!0x3ea7e84 1
Aweme!0x3ee4520 2
Aweme!0x3eac8d8 1
Aweme!0x3e618bc 2
Aweme!0x3e7128c 6
Aweme!0x775e39c 7
Aweme!0x3e86de4 1
Aweme!0x3e70d1c 2
Aweme!0x775b534 2
Aweme!0x3ecaa58 11
Aweme!0x3e70920 1
Aweme!0x3ed9eb8 4
Aweme!0x3e713a4 1
Aweme!0x3e67b00 2
Aweme!0x3e71400 1
Aweme!0x3ea12d8 1
Aweme!0x775e7f8 1
Aweme!0x3eca9a0 1
Aweme!0x3e58b58 236
Aweme!0x3e5c5b8 1
Aweme!0x3e7111c 2
Aweme!0x3e520c0 3
Aweme!0x3e93da8 2
Aweme!0x3e70d7c 2
Aweme!0x3e70980 29
Aweme!0x3e70af4 21
Aweme!0x3eda5fc 1
Aweme!0x3e8c7d4 2
Aweme!0x3e4e71c 4
Aweme!0x3ecfd64 1
Aweme!0x3ea8d0c 407
Aweme!0x3eca9a4 4
Aweme!0x3eca604 3
Aweme!0x3ed31f8 2
Aweme!0x3ed3028 814
Aweme!0x3ee49e0 1
Aweme!0x3ecb1fc 1
Aweme!0x3e71464 1
Aweme!0x3e71294 2
Aweme!0x3e86dec 1
Aweme!0x3ea7a90 8
Aweme!0x3e67bc0 2
Aweme!0x3ecb02c 2
Aweme!0x3e5c8a4 1
Aweme!0x3e87300 4
Aweme!0x775e348 7
Aweme!0x3ea0a88 1
Aweme!0x3ed32b4 2
Aweme!0x3e4e1b0 5
Aweme!0x3e5bd68 4
Aweme!0x3ea1680 3
Aweme!0x3e716f0 7
Aweme!0x3e5c61c 2
Aweme!0x3e70c10 3
Aweme!0x3e84b20 1
Aweme!0x775e7a4 238
Aweme!0x3ede85c 3
Aweme!0x775cb00 1
Aweme!0x775e918 1
Aweme!0x3ea1228 1
Aweme!0x3ea61ec 21
Aweme!0x3ea8c54 6
Aweme!0x3e808c8 1
Aweme!0x3e6047c 1
Aweme!0x3e713b0 3
Aweme!0x3ed325c 5
Aweme!0x775e804 4
Aweme!0x3e71698 10
Aweme!0x3e853d8 30
Aweme!0x3e712f8 1
Aweme!0x3e71128 1
Aweme!0x3e7bed4 1
Aweme!0x3e85208 9
Aweme!0x3ecb260 6
Aweme!0x3ea61f0 2
Aweme!0x3e7129c 1
Aweme!0x3e86df4 9
Aweme!0x3e70b5c 20
Aweme!0x3ea2ad4 2
Aweme!0x3e71240 2
Aweme!0x3e4e728 2
Aweme!0x3e51534 7
Aweme!0x3e70c74 1
Aweme!0x3ea1858 37
Aweme!0x3ed9ec8 3
Aweme!0x3ecf460 1
Aweme!0x3ecc428 1
Aweme!0x3edb1a4 1
Aweme!0x3e83398 1
Aweme!0x3e70d30 1
Aweme!0x3ed9d58 5
Aweme!0x3e5cbf4 1
Aweme!0x3e872b0 10
Aweme!0x3e711e8 1
Aweme!0x3ea8ba8 55
Aweme!0x3e8a230 1
Aweme!0x3e87254 7
Aweme!0x3e7118c 2
Aweme!0x3eda3e0 4
Aweme!0x3ec92dc 1
Aweme!0x3ea8d1c 1
Aweme!0x3ea1630 2
Aweme!0x3ed3264 257
Aweme!0x3e71300 1
Aweme!0x3ea8cc0 3
Aweme!0x3e617bc 1
Aweme!0x3e86fcc 4
Aweme!0x3ed3150 41
Aweme!0x3e87d94 2
Aweme!0x3eca8a0 1
Aweme!0x3edb264 1
Aweme!0x3e4e730 2
Aweme!0x3e8a290 1
Aweme!0x3ed32c4 2
Aweme!0x3ecaa14 5
Aweme!0x3ee1390 1
Aweme!0x3e7019c 1
Aweme!0x3e52134 5
Aweme!0x3e713bc 1
Aweme!0x3e70140 1
Aweme!0x3e70d94 1
Aweme!0x3e58b14 236
Aweme!0x3e67890 4
Aweme!0x3ed31b0 1
Aweme!0x3e7141c 1
Aweme!0x3e7124c 5
Aweme!0x3e86f74 1
Aweme!0x3e84dbc 1
Aweme!0x3ea8bb0 69
Aweme!0x3e4de24 9
Aweme!0x3e708e0 1
Aweme!0x3edb20c 2
Aweme!0x3e8c790 2
Aweme!0x3e70fc4 4
Aweme!0x3e88764 1
Aweme!0x3e87200 1
Aweme!0x3ea1b4c 1
Aweme!0x3ea197c 28
Aweme!0x3e868f0 5
Aweme!0x775e078 9
Aweme!0x3ecd59c 2
Aweme!0x3e86fd4 4
Aweme!0x3e52080 14
Aweme!0x3ead4f0 1
Aweme!0x3ed4bd0 1
Aweme!0x3e71080 2
Aweme!0x3ea1a94 1
Aweme!0x3e70b10 12
Aweme!0x3ecaa78 1
Aweme!0x3eda21c 2
Aweme!0x3ed7070 2
Aweme!0x3ed9e7c 3
Aweme!0x3e90e48 1
Aweme!0x3e71368 2
Aweme!0x3ea7994 4
Aweme!0x3ecb2d0 57
Aweme!0x3e520e0 14
Aweme!0x3eb1c60 1
Aweme!0x3e70bcc 1
Aweme!0x775c5a8 7
Aweme!0x3ecaca8 1
Aweme!0x3ea03c0 1
Aweme!0x3e5c520 2
Aweme!0x3edad5c 2
Aweme!0x3e8a128 1
Aweme!0x3ee7920 4
Aweme!0x3ec9348 2
Aweme!0x3ed72a0 1
Aweme!0x3ea1188 1
Aweme!0x3e5d118 1
Aweme!0x3e71028 1
Aweme!0x3ea169c 2
Aweme!0x3e926f4 1
Aweme!0x3ecb278 1
Aweme!0x3e67728 3
Aweme!0x3e70f70 2
Aweme!0x3e92868 1
Aweme!0x3e86fdc 1
Aweme!0x3ea1928 1
Aweme!0x3e71428 1
Aweme!0x3e90f08 1
Aweme!0x3ed69f0 1
Aweme!0x3eca340 6
Aweme!0x3e4e740 4
Aweme!0x3ecb164 1
Aweme!0x3e711fc 1
Aweme!0x775d148 23
Aweme!0x3e8a244 1
Aweme!0x3ecb9bc 3
Aweme!0x3e70fd0 4
Aweme!0x3e61204 2
Aweme!0x3ea8cd4 3
Aweme!0x775e084 6
Aweme!0x3e4dd78 1
Aweme!0x3e71488 1
Aweme!0x3e5208c 5
Aweme!0x3e70d48 2
Aweme!0x3e5cc68 2
Aweme!0x3ea03c8 9
Aweme!0x3e624e0 2
Aweme!0x3e57394 1
Aweme!0x3ecb1c4 1
Aweme!0x3ea1c70 1
Aweme!0x3ea7c28 5
Aweme!0x3eda3f8 3
Aweme!0x3e71374 2
Aweme!0x3e928cc 2
Aweme!0x3eb31d0 4
Aweme!0x3e70550 3
Aweme!0x3e71318 3
Aweme!0x3e520ec 6
Aweme!0x3e70bd8 3
Aweme!0x3e70da8 5
Aweme!0x3e5c1e8 1
Aweme!0x3e7ce8c 4
Aweme!0x3ea8c7c 2
Aweme!0x3e71430 3
Aweme!0x3ecac58 52
Aweme!0x775dfd0 38
Aweme!0x3e84a30 1
Aweme!0x3ed32dc 257
Aweme!0x3ecda08 1
Aweme!0x3ee5718 6
Aweme!0x3e8c7a4 2
Aweme!0x775e828 9
Aweme!0x3ecb9c4 4
Aweme!0x3ea164c 1
Aweme!0x3ed3224 256
Aweme!0x3ea0828 7
Aweme!0x3e9a300 2
Aweme!0x3e7114c 1
Aweme!0x3e5cb58 2
Aweme!0x3e70f7c 1
Aweme!0x3e86ad4 2
Aweme!0x3ecc730 1
Aweme!0x3ea1764 1
Aweme!0x3ead334 1
Aweme!0x3e68100 1
Aweme!0x3e58a74 472
Aweme!0x775e888 1
Aweme!0x3ecf140 1
Aweme!0x3ed67d0 6
Aweme!0x3ed9e90 5
Aweme!0x3e711ac 3
Aweme!0x3ed30b4 4
Aweme!0x775c7e8 407
Aweme!0x3e87048 2
Aweme!0x3e51f24 5
Aweme!0x3e70db0 21
Aweme!0x3eca7a8 4
Aweme!0x775e090 3
Aweme!0x3e70100 2
Aweme!0x3e93d80 8
Aweme!0x3ede65c 1
Aweme!0x3ee4b84 8
Aweme!0x3e523dc 2
Aweme!0x3e8a13c 1
Aweme!0x3ea8c28 4
Aweme!0x3e70b28 12
Aweme!0x3ea170c 9
Aweme!0x3ecec30 19
Aweme!0x3ecda6c 2
Aweme!0x3ecc8a8 1
Aweme!0x775d328 2
Aweme!0x3ecf828 1
Aweme!0x3e71268 1
Aweme!0x3ecb118 3
Aweme!0x3ee5894 2
Aweme!0x3e4e698 2
Aweme!0x3e86adc 1
Aweme!0x3ea1998 1
Aweme!0x3edb340 2
Aweme!0x3e71668 9
Aweme!0x3ed9ddc 8
Aweme!0x3ed4a78 1
Aweme!0x3e58964 1
Aweme!0x3e67854 1
Aweme!0x3eda120 1
Aweme!0x3e87334 5
Aweme!0x3ed3344 1
Aweme!0x3e90ec0 1
Aweme!0x3eda408 2
Aweme!0x3e516d4 7
Aweme!0x3ea16b4 45
Aweme!0x775e834 2
Aweme!0x3e51f88 10
Aweme!0x3edacbc 1
Aweme!0x3e89ce8 1
Aweme!0x3ed328c 2
Aweme!0x3e71328 1
Aweme!0x3edb174 1
Aweme!0x3e86ff4 2
Aweme!0x3ecc90c 2
Aweme!0x775ec90 6
Aweme!0x3e71440 1
Aweme!0x3e71270 3
Aweme!0x3e52044 3
Aweme!0x3ee4790 1
Aweme!0x3e67688 3
Aweme!0x775e720 6
Aweme!0x3e872dc 5
Aweme!0x3ecf88c 2
Aweme!0x3e70ca4 2
Aweme!0x3e5c824 2
Aweme!0x3ed7260 1
Aweme!0x3ecb9d4 1
Aweme!0x775c7f4 38
Aweme!0x3e70dbc 1
Aweme!0x3e86ae4 1
Aweme!0x3e714a0 2
Aweme!0x3ecaaf8 1
Aweme!0x3e709c0 30
Aweme!0x3e523e8 2
Aweme!0x3ecfc30 1
Aweme!0x3e84c14 1
Aweme!0x3ecb180 19
Aweme!0x3e71218 3
Aweme!0x3e86ba0 3
Aweme!0x3ea6110 2
Aweme!0x3e70e1c 2
Aweme!0x3ed3238 6
Aweme!0x775e7e0 2
Aweme!0x3e70f90 2
Aweme!0x3ea1b74 10
Aweme!0x3ee5674 4
Aweme!0x3e51ed8 14
Aweme!0x3e5de48 2
Aweme!0x3eac354 1
Aweme!0x3e71448 1
Aweme!0x3ecb1e0 1
Aweme!0x3eaea20 11
Aweme!0x3e70d08 2
Aweme!0x3ed32f4 2
Aweme!0x3e56530 1
Aweme!0x3e4e1f0 9
Aweme!0x3ecb9dc 7
Aweme!0x3ea1664 1
Aweme!0x3e885c0 1
Aweme!0x3ed3010 516
Aweme!0x3e71108 1
Aweme!0x3e70f38 3
Aweme!0x3eca930 14
Aweme!0x3e67c04 1
Aweme!0x3e67a34 1
Aweme!0x3e7cea8 2
Aweme!0x3e523f0 5
Aweme!0x3ea3c78 1
Aweme!0x3e84a4c 1
Aweme!0x3e60518 1
Aweme!0x3ea7e18 52
Aweme!0x3ecafb8 1
Aweme!0x3ead464 1
Aweme!0x3ed30cc 2
Aweme!0x3ed9ea8 5
Aweme!0x3e711c4 2
Aweme!0x3ecb2a0 24
Aweme!0x3ed7210 1
Aweme!0x3e7cf08 2
Aweme!0x3e57ef4 18
Aweme!0x3e86920 5
Aweme!0x3ed31e4 258
Aweme!0x775e78c 238
Aweme!0x3ed3240 1
Aweme!0x3e712dc 3
Aweme!0x3ecb188 2
Aweme!0x775e390 3
Aweme!0x3ede618 2
Aweme!0x3ed9fc0 1
Aweme!0x3ed3358 3
Aweme!0x3edded8 1
Aweme!0x3ecef8c 1
Aweme!0x3e90ed4 1
Aweme!0x3e713f4 1
Aweme!0x3ecabc0 5
Aweme!0x3ecb9e4 7
Aweme!0x3eca820 4
Aweme!0x3ea1d50 1
Aweme!0x3e51f40 3
On receive  16384
Error happenError: unable to find module containing 0x122f9425c
Error happenError: unable to find module containing 0x122f16984
Error happenError: unable to find module containing 0x122f16994
call: Aweme!0x3ecb52c Aweme!0x775e390@DYLD-STUB$$objc_retain
call: Foundation!0x715c libobjc.A.dylib!0x47e8@object_getClass
call: Foundation!0x71cc CoreFoundation!0xaae2c@_CFNonObjCRetain
call: Aweme!0x3ecb538 Aweme!0x775e390@DYLD-STUB$$objc_retain
call: Aweme!0x3ecb554 Aweme!0x775e348@DYLD-STUB$$objc_msgSend
call: Foundation!0x40150 libobjc.A.dylib!0x2080@objc_msgSend
call: Foundation!0x732c libobjc.A.dylib!0x47e8@object_getClass
call: Foundation!0x40180 CoreFoundation!0xf2138@CFURLCopyAbsoluteURL
call: CoreFoundation!0xf2164 CoreFoundation!0xabff8@CFGetAllocator
call: CoreFoundation!0xf2234 CoreFoundation!0x2af0@CFRetain
call: Foundation!0x4018c CoreFoundation!0xf1b04@CFURLGetString
call: Foundation!0x40190 libobjc.A.dylib!0x20010@objc_retain
call: CoreFoundation!0x6bec CoreFoundation!0xaae2c@_CFNonObjCRetain
call: Foundation!0x40194 libobjc.A.dylib!0x20080@objc_autorelease
call: Foundation!0x401a0 CoreFoundation!0x2694@CFRelease
call: Aweme!0x3ecb558 Aweme!0x3ecb9c4@0x3ecb9c4
call: CoreFoundation!0x6bec CoreFoundation!0xaae2c@_CFNonObjCRetain
call: Aweme!0x3ecb570 Aweme!0x775e348@DYLD-STUB$$objc_msgSend
call: Aweme!0x3ecb58c Aweme!0x3ecb9dc@0x3ecb9dc
call: libc++abi.dylib!0xee0 libc++abi.dylib!0x10e54@DYLD-STUB$$malloc
call: libsystem_malloc.dylib!0x10160 libsystem_malloc.dylib!0xf6b8@malloc_zone_malloc
call: libsystem_malloc.dylib!0xf750 libsystem_malloc.dylib!0x11d64@default_zone_malloc
call: libsystem_malloc.dylib!0xecc libsystem_malloc.dylib!0xf20@nanov2_allocate$VARIANT$mp
call: libsystem_malloc.dylib!0xf98 libsystem_malloc.dylib!0x1b18@nanov2_allocate_from_block$VARIANT$mp
call: Aweme!0x3ecb598 Aweme!0x775e39c@DYLD-STUB$$objc_retainAutorelease
call: libobjc.A.dylib!0x218c4 libobjc.A.dylib!0x20010@objc_retain
call: CoreFoundation!0x6bec CoreFoundation!0xaae2c@_CFNonObjCRetain
call: Aweme!0x3ecb5a4 Aweme!0x3ecb9e4@0x3ecb9e4
call: CoreFoundation!0x6980 CoreFoundation!0xc7c40@__CFStringMtbl
call: CoreFoundation!0x69b4 CoreFoundation!0xcf3e4@CFStringGetCStringPtr
call: Aweme!0x3ecb5b0 Aweme!0x3eca930@0x3eca930
call: Aweme!0x3eca8d4 Aweme!0x3ecb180@0x3ecb180
call: Aweme!0x3eca8e8 Aweme!0x775dfd0@DYLD-STUB$$malloc
call: libsystem_malloc.dylib!0x10160 libsystem_malloc.dylib!0xf6b8@malloc_zone_malloc
call: libsystem_malloc.dylib!0xf750 libsystem_malloc.dylib!0x11d64@default_zone_malloc
call: libsystem_malloc.dylib!0x6224 libsystem_malloc.dylib!0x17638@tiny_malloc_should_clear
call: libsystem_malloc.dylib!0x176d0 libsystem_platform.dylib!0x8cf8@DYLD-STUB$$os_unfair_lock_lock_with_options
call: libsystem_malloc.dylib!0x17714 libsystem_malloc.dylib!0x1902c@tiny_malloc_from_free_list
call: libsystem_malloc.dylib!0x19270 libsystem_malloc.dylib!0x17ca8@set_tiny_meta_header_in_use
call: libsystem_malloc.dylib!0x17a4c libsystem_platform.dylib!0x8d1c@DYLD-STUB$$os_unfair_lock_unlock
call: Aweme!0x3eca8f4 Aweme!0x3ecb2a0@0x3ecb2a0
call: Aweme!0x3ecb5bc Aweme!0x3eca340@0x3eca340
call: Aweme!0x3eca35c Aweme!0x3e58b14@0x3e58b14
call: Aweme!0x3e58af4 Aweme!0x3e58a74@0x3e58a74
call: Aweme!0x3e58afc Aweme!0x775e78c@DYLD-STUB$$pthread_mutex_lock
call: Aweme!0x3eca368 Aweme!0x775c5d8@DYLD-STUB$$operator new(unsigned long)
call: libc++abi.dylib!0xee0 libc++abi.dylib!0x10e54@DYLD-STUB$$malloc
call: libsystem_malloc.dylib!0x10160 libsystem_malloc.dylib!0xf6b8@malloc_zone_malloc
call: libsystem_malloc.dylib!0xf750 libsystem_malloc.dylib!0x11d64@default_zone_malloc
call: libsystem_malloc.dylib!0xecc libsystem_malloc.dylib!0xf20@nanov2_allocate$VARIANT$mp
call: libsystem_malloc.dylib!0xf98 libsystem_malloc.dylib!0x1b18@nanov2_allocate_from_block$VARIANT$mp
call: Aweme!0x3eca37c Aweme!0x3e58b58@0x3e58b58
call: Aweme!0x3e58b3c Aweme!0x3e58a74@0x3e58a74
call: Aweme!0x3e58b44 Aweme!0x775e7a4@DYLD-STUB$$pthread_mutex_unlock
call: Aweme!0x3ecb5c4 Aweme!0x3e86ba0@0x3e86ba0
call: Aweme!0x3e86bb0 Aweme!0x3e87334@0x3e87334
call: libc++abi.dylib!0xee0 libc++abi.dylib!0x10e54@DYLD-STUB$$malloc
call: libsystem_malloc.dylib!0x10160 libsystem_malloc.dylib!0xf6b8@malloc_zone_malloc
call: libsystem_malloc.dylib!0xf750 libsystem_malloc.dylib!0x11d64@default_zone_malloc
call: libsystem_malloc.dylib!0xecc libsystem_malloc.dylib!0xf20@nanov2_allocate$VARIANT$mp
call: libsystem_malloc.dylib!0xf98 libsystem_malloc.dylib!0x1b18@nanov2_allocate_from_block$VARIANT$mp
call: Aweme!0x3e86bd8 Aweme!0x3e868f0@0x3e868f0
call: Aweme!0x3e86908 Aweme!0x3e87254@0x3e87254
call: Aweme!0x3e8690c Aweme!0x3ed9d58@0x3ed9d58
call: Aweme!0x3ed9d74 Aweme!0x3ea61ec@0x3ea61ec
call: libsystem_malloc.dylib!0x10160 libsystem_malloc.dylib!0xf6b8@malloc_zone_malloc
call: libsystem_malloc.dylib!0xf750 libsystem_malloc.dylib!0x11d64@default_zone_malloc
call: libsystem_malloc.dylib!0xecc libsystem_malloc.dylib!0xf20@nanov2_allocate$VARIANT$mp
call: libsystem_malloc.dylib!0xf98 libsystem_malloc.dylib!0x1b18@nanov2_allocate_from_block$VARIANT$mp
call: Aweme!0x3ed9d80 Aweme!0x3e516d4@0x3e516d4
call: Aweme!0x3e516e0 Aweme!0x3e520e0@0x3e520e0
call: Aweme!0x3e516e4 Aweme!0x3e51ed8@0x3e51ed8
call: Aweme!0x3e51ee4 Aweme!0x3ea61ec@0x3ea61ec
call: libsystem_malloc.dylib!0x10160 libsystem_malloc.dylib!0xf6b8@malloc_zone_malloc
call: libsystem_malloc.dylib!0xf750 libsystem_malloc.dylib!0x11d64@default_zone_malloc
call: libsystem_malloc.dylib!0xecc libsystem_malloc.dylib!0xf20@nanov2_allocate$VARIANT$mp
call: libsystem_malloc.dylib!0xf98 libsystem_malloc.dylib!0x1b18@nanov2_allocate_from_block$VARIANT$mp
call: Aweme!0x3ed9d84 Aweme!0x3e523f0@0x3e523f0
call: Aweme!0x3e86bdc Aweme!0x3e872dc@0x3e872dc
call: Aweme!0x3e808e4 Aweme!0x3e58b14@0x3e58b14
call: Aweme!0x3e58af4 Aweme!0x3e58a74@0x3e58a74
call: Aweme!0x3e58afc Aweme!0x775e78c@DYLD-STUB$$pthread_mutex_lock
call: Aweme!0x3e808f0 Aweme!0x775c5d8@DYLD-STUB$$operator new(unsigned long)
call: libc++abi.dylib!0xee0 libc++abi.dylib!0x10e54@DYLD-STUB$$malloc
call: libsystem_malloc.dylib!0x10160 libsystem_malloc.dylib!0xf6b8@malloc_zone_malloc
call: libsystem_malloc.dylib!0xf750 libsystem_malloc.dylib!0x11d64@default_zone_malloc
call: libsystem_malloc.dylib!0xecc libsystem_malloc.dylib!0xf20@nanov2_allocate$VARIANT$mp
call: libsystem_malloc.dylib!0xf98 libsystem_malloc.dylib!0x1b18@nanov2_allocate_from_block$VARIANT$mp
call: Aweme!0x3e80904 Aweme!0x3e58b58@0x3e58b58
call: Aweme!0x3e58b3c Aweme!0x3e58a74@0x3e58a74
call: Aweme!0x3e58b44 Aweme!0x775e7a4@DYLD-STUB$$pthread_mutex_unlock
call: Aweme!0x3ecb5e8 Aweme!0x775e390@DYLD-STUB$$objc_retain
call: Aweme!0x3ecb608 Aweme!0x775e348@DYLD-STUB$$objc_msgSend
call: Aweme!0x3ecb64c Aweme!0x3e5bd68@0x3e5bd68
call: Aweme!0x3e5bd80 Aweme!0x3e58b14@0x3e58b14
call: Aweme!0x3e58af4 Aweme!0x3e58a74@0x3e58a74
call: Aweme!0x3e58afc Aweme!0x775e78c@DYLD-STUB$$pthread_mutex_lock
call: Aweme!0x3e5bd8c Aweme!0x3e58b58@0x3e58b58
call: Aweme!0x3e58b3c Aweme!0x3e58a74@0x3e58a74
call: Aweme!0x3e58b44 Aweme!0x775e7a4@DYLD-STUB$$pthread_mutex_unlock
call: Aweme!0x3ecb654 Aweme!0x3ecb9dc@0x3ecb9dc
call: libc++abi.dylib!0xee0 libc++abi.dylib!0x10e54@DYLD-STUB$$malloc
call: libsystem_malloc.dylib!0x10160 libsystem_malloc.dylib!0xf6b8@malloc_zone_malloc
call: libsystem_malloc.dylib!0xf750 libsystem_malloc.dylib!0x11d64@default_zone_malloc
call: libsystem_malloc.dylib!0xecc libsystem_malloc.dylib!0xf20@nanov2_allocate$VARIANT$mp
call: libsystem_malloc.dylib!0xf98 libsystem_malloc.dylib!0x1b18@nanov2_allocate_from_block$VARIANT$mp
call: Aweme!0x3ecb660 Aweme!0x775e39c@DYLD-STUB$$objc_retainAutorelease
call: libobjc.A.dylib!0x218c4 libobjc.A.dylib!0x20010@objc_retain
call: CoreFoundation!0x6bec CoreFoundation!0xaae2c@_CFNonObjCRetain
call: Aweme!0x3ecb668 Aweme!0x3ecb9e4@0x3ecb9e4
call: CoreFoundation!0x6980 CoreFoundation!0xc7c40@__CFStringMtbl
call: CoreFoundation!0x69b4 CoreFoundation!0xcf3e4@CFStringGetCStringPtr
call: Aweme!0x3ecb674 Aweme!0x3eca930@0x3eca930
call: Aweme!0x3eca8d4 Aweme!0x3ecb180@0x3ecb180
call: Aweme!0x3eca8e8 Aweme!0x775dfd0@DYLD-STUB$$malloc
call: libsystem_malloc.dylib!0x10160 libsystem_malloc.dylib!0xf6b8@malloc_zone_malloc
call: libsystem_malloc.dylib!0xf750 libsystem_malloc.dylib!0x11d64@default_zone_malloc
call: libsystem_malloc.dylib!0xecc libsystem_malloc.dylib!0xf20@nanov2_allocate$VARIANT$mp
call: libsystem_malloc.dylib!0xf98 libsystem_malloc.dylib!0x1b18@nanov2_allocate_from_block$VARIANT$mp
call: Aweme!0x3eca8f4 Aweme!0x3ecb2a0@0x3ecb2a0
call: Aweme!0x3ecb678 Aweme!0x3ecb9dc@0x3ecb9dc
call: libc++abi.dylib!0xee0 libc++abi.dylib!0x10e54@DYLD-STUB$$malloc
call: libsystem_malloc.dylib!0x10160 libsystem_malloc.dylib!0xf6b8@malloc_zone_malloc
call: libsystem_malloc.dylib!0xf750 libsystem_malloc.dylib!0x11d64@default_zone_malloc
call: libsystem_malloc.dylib!0xecc libsystem_malloc.dylib!0xf20@nanov2_allocate$VARIANT$mp
call: libsystem_malloc.dylib!0xf98 libsystem_malloc.dylib!0x1b18@nanov2_allocate_from_block$VARIANT$mp
call: Aweme!0x3ecb68c Aweme!0x775e348@DYLD-STUB$$objc_msgSend
call: CoreFoundation!0x463c libobjc.A.dylib!0x2080@objc_msgSend
call: CoreFoundation!0x4680 libobjc.A.dylib!0x2080@objc_msgSend
call: CoreFoundation!0x4228 CoreFoundation!0x2b6c@_CFStringEqual
call: CoreFoundation!0x4680 libobjc.A.dylib!0x2080@objc_msgSend
call: CoreFoundation!0x4228 CoreFoundation!0x2b6c@_CFStringEqual
call: Aweme!0x3ecb690 Aweme!0x3ecb9c4@0x3ecb9c4
call: CoreFoundation!0x6bec CoreFoundation!0xaae2c@_CFNonObjCRetain
call: Aweme!0x3ecb694 Aweme!0x775e39c@DYLD-STUB$$objc_retainAutorelease
call: libobjc.A.dylib!0x218c4 libobjc.A.dylib!0x20010@objc_retain
call: CoreFoundation!0x6bec CoreFoundation!0xaae2c@_CFNonObjCRetain
call: Aweme!0x3ecb69c Aweme!0x3ecb9e4@0x3ecb9e4
call: CoreFoundation!0x6980 CoreFoundation!0xc7c40@__CFStringMtbl
call: CoreFoundation!0x69b4 CoreFoundation!0xcf3e4@CFStringGetCStringPtr
call: Aweme!0x3ecb6a8 Aweme!0x3eca930@0x3eca930
call: Aweme!0x3eca8d4 Aweme!0x3ecb180@0x3ecb180
call: Aweme!0x3eca8e8 Aweme!0x775dfd0@DYLD-STUB$$malloc
call: libsystem_malloc.dylib!0x10160 libsystem_malloc.dylib!0xf6b8@malloc_zone_malloc
call: libsystem_malloc.dylib!0xf750 libsystem_malloc.dylib!0x11d64@default_zone_malloc
call: libsystem_malloc.dylib!0x6224 libsystem_malloc.dylib!0x17638@tiny_malloc_should_clear
call: libsystem_malloc.dylib!0x176d0 libsystem_platform.dylib!0x8cf8@DYLD-STUB$$os_unfair_lock_lock_with_options
call: libsystem_malloc.dylib!0x17714 libsystem_malloc.dylib!0x1902c@tiny_malloc_from_free_list
call: libsystem_malloc.dylib!0x19688 libsystem_malloc.dylib!0x15fc8@tiny_free_list_add_ptr
call: libsystem_malloc.dylib!0x19270 libsystem_malloc.dylib!0x17ca8@set_tiny_meta_header_in_use
call: libsystem_malloc.dylib!0x17a4c libsystem_platform.dylib!0x8d1c@DYLD-STUB$$os_unfair_lock_unlock
call: Aweme!0x3eca8f4 Aweme!0x3ecb2a0@0x3ecb2a0
call: Aweme!0x3ecb6b8 Aweme!0x3e86920@0x3e86920
call: Aweme!0x3e8694c Aweme!0x3ed9ea8@0x3ed9ea8
call: Aweme!0x3e51e10 Aweme!0x3e52080@0x3e52080
call: Aweme!0x3e8695c Aweme!0x3ed9ddc@0x3ed9ddc
call: Aweme!0x3e86970 Aweme!0x3e51f88@0x3e51f88
call: Aweme!0x3e86980 Aweme!0x3e868c8@0x3e868c8
call: Aweme!0x3e868e0 Aweme!0x775c5d8@DYLD-STUB$$operator new(unsigned long)
call: libc++abi.dylib!0xee0 libc++abi.dylib!0x10e54@DYLD-STUB$$malloc
call: libsystem_malloc.dylib!0x10160 libsystem_malloc.dylib!0xf6b8@malloc_zone_malloc
call: libsystem_malloc.dylib!0xf750 libsystem_malloc.dylib!0x11d64@default_zone_malloc
call: libsystem_malloc.dylib!0xecc libsystem_malloc.dylib!0xf20@nanov2_allocate$VARIANT$mp
call: libsystem_malloc.dylib!0xf98 libsystem_malloc.dylib!0x1b18@nanov2_allocate_from_block$VARIANT$mp
call: Aweme!0x3e86990 Aweme!0x3ed9e90@0x3ed9e90
call: Aweme!0x3e51884 Aweme!0x3e52080@0x3e52080
call: Aweme!0x3e518e8 Aweme!0x3e51918@0x3e51918
call: Aweme!0x3e519a0 Aweme!0x3e51ed8@0x3e51ed8
call: Aweme!0x3e51ee4 Aweme!0x3ea61ec@0x3ea61ec
call: libsystem_malloc.dylib!0x10160 libsystem_malloc.dylib!0xf6b8@malloc_zone_malloc
call: libsystem_malloc.dylib!0xf750 libsystem_malloc.dylib!0x11d64@default_zone_malloc
call: libsystem_malloc.dylib!0xecc libsystem_malloc.dylib!0xf20@nanov2_allocate$VARIANT$mp
call: libsystem_malloc.dylib!0xf98 libsystem_malloc.dylib!0x1b18@nanov2_allocate_from_block$VARIANT$mp
call: Aweme!0x3e519f0 Aweme!0x3e51534@0x3e51534
call: Aweme!0x3e51544 Aweme!0x3e520e0@0x3e520e0
call: Aweme!0x3e518f4 Aweme!0x3e716f0@0x3e716f0
call: Aweme!0x3ecb6bc Aweme!0x3ecb9bc@0x3ecb9bc
call: Aweme!0x3ecb64c Aweme!0x3e5bd68@0x3e5bd68
call: Aweme!0x3e5bd80 Aweme!0x3e58b14@0x3e58b14
call: Aweme!0x3e58af4 Aweme!0x3e58a74@0x3e58a74
call: Aweme!0x3e58afc Aweme!0x775e78c@DYLD-STUB$$pthread_mutex_lock
call: Aweme!0x3e5bd8c Aweme!0x3e58b58@0x3e58b58
call: Aweme!0x3e58b3c Aweme!0x3e58a74@0x3e58a74
call: Aweme!0x3e58b44 Aweme!0x775e7a4@DYLD-STUB$$pthread_mutex_unlock
call: Aweme!0x3ecb654 Aweme!0x3ecb9dc@0x3ecb9dc
call: libc++abi.dylib!0xee0 libc++abi.dylib!0x10e54@DYLD-STUB$$malloc
call: libsystem_malloc.dylib!0x10160 libsystem_malloc.dylib!0xf6b8@malloc_zone_malloc
call: libsystem_malloc.dylib!0xf750 libsystem_malloc.dylib!0x11d64@default_zone_malloc
call: libsystem_malloc.dylib!0xecc libsystem_malloc.dylib!0xf20@nanov2_allocate$VARIANT$mp
call: libsystem_malloc.dylib!0xf98 libsystem_malloc.dylib!0x1b18@nanov2_allocate_from_block$VARIANT$mp
call: Aweme!0x3ecb660 Aweme!0x775e39c@DYLD-STUB$$objc_retainAutorelease
call: libobjc.A.dylib!0x218c4 libobjc.A.dylib!0x20010@objc_retain
call: CoreFoundation!0x6bec CoreFoundation!0xaae2c@_CFNonObjCRetain
call: Aweme!0x3ecb668 Aweme!0x3ecb9e4@0x3ecb9e4
call: CoreFoundation!0x6980 CoreFoundation!0xc7c40@__CFStringMtbl
call: CoreFoundation!0x69b4 CoreFoundation!0xcf3e4@CFStringGetCStringPtr
call: Aweme!0x3ecb674 Aweme!0x3eca930@0x3eca930
call: Aweme!0x3eca8d4 Aweme!0x3ecb180@0x3ecb180
call: Aweme!0x3eca8e8 Aweme!0x775dfd0@DYLD-STUB$$malloc
call: libsystem_malloc.dylib!0x10160 libsystem_malloc.dylib!0xf6b8@malloc_zone_malloc
call: libsystem_malloc.dylib!0xf750 libsystem_malloc.dylib!0x11d64@default_zone_malloc
call: libsystem_malloc.dylib!0xecc libsystem_malloc.dylib!0xf20@nanov2_allocate$VARIANT$mp
call: libsystem_malloc.dylib!0xf98 libsystem_malloc.dylib!0x1b18@nanov2_allocate_from_block$VARIANT$mp
call: Aweme!0x3eca8f4 Aweme!0x3ecb2a0@0x3ecb2a0
call: Aweme!0x3ecb678 Aweme!0x3ecb9dc@0x3ecb9dc
call: libc++abi.dylib!0xee0 libc++abi.dylib!0x10e54@DYLD-STUB$$malloc
call: libsystem_malloc.dylib!0x10160 libsystem_malloc.dylib!0xf6b8@malloc_zone_malloc
call: libsystem_malloc.dylib!0xf750 libsystem_malloc.dylib!0x11d64@default_zone_malloc
call: libsystem_malloc.dylib!0xecc libsystem_malloc.dylib!0xf20@nanov2_allocate$VARIANT$mp
call: libsystem_malloc.dylib!0xf98 libsystem_malloc.dylib!0x1b18@nanov2_allocate_from_block$VARIANT$mp
call: Aweme!0x3ecb68c Aweme!0x775e348@DYLD-STUB$$objc_msgSend
call: CoreFoundation!0x463c libobjc.A.dylib!0x2080@objc_msgSend
call: Aweme!0x3ecb690 Aweme!0x3ecb9c4@0x3ecb9c4
call: CoreFoundation!0x6bec CoreFoundation!0xaae2c@_CFNonObjCRetain
call: Aweme!0x3ecb694 Aweme!0x775e39c@DYLD-STUB$$objc_retainAutorelease
call: libobjc.A.dylib!0x218c4 libobjc.A.dylib!0x20010@objc_retain
call: CoreFoundation!0x6bec CoreFoundation!0xaae2c@_CFNonObjCRetain
call: Aweme!0x3ecb69c Aweme!0x3ecb9e4@0x3ecb9e4
