AwemeModuleBase:0x106def4f0
arg1 https://search3-search-lf.amemv.com/aweme/v1/search/item/?caid1=0803bffc8815b9f02c08f48f95c1008c&tma_jssdk_version=2.1.0.2&minor_status=0&ac=WIFI&appTheme=dark&is_vcd=1&keyword=%E7%8E%8B%E4%B8%80%E5%8D%9A&video_cover_shrink=372_496&enter_from=homepage_hot&sort_type=0&backtrace=M7U2PfbCPC7qlX46ow2D73foIbuD7zG%2BTODCT48wHI74oC1dlQVm4omXMt%2BkHUSKjMf5EJvWyjt3jVKDb%2FBylQ%3D%3D&count=12&is_filter_search=0&user_avatar_shrink=64_64&source=video_search&query_correct_type=1&rs_word_count=5&offset=0&search_source=normal_search&publish_time=0&hot_search=0&aid=1128&app_name=aweme&app_version=14.8.0&build_number=148013&cdid=FEDA96DE-E849-4E15-99C9-66CD61F50ADD&channel=App%20Store&device_id=4169787388733342&device_platform=iphone&device_type=iPhone9,1&idfa=322127EF-8E4E-48E9-98E0-99ACBDC85525&iid=2955926580500413&js_sdk_version=1.99.0.3&mcc_mnc=&openudid=a4cb7b4ade7c5e8e6c90cf8f892aafe6c64c73d1&os_api=18&os_version=13.3.1&screen_width=750&version_code=14.8.0&vid=25AD3C98-7CA5-4B2E-9B39-9BAEFC31BBD2
arg2 {
    "User-Agent" = "Aweme 14.8.0 rv:148013 (iPhone; iOS 13.3.1; zh_CN) Cronet";
    "x-common-params-v2" = "aid=1128&app_name=aweme&app_version=14.8.0&build_number=148013&cdid=FEDA96DE-E849-4E15-99C9-66CD61F50ADD&channel=App%20Store&device_id=4169787388733342&device_platform=iphone&device_type=iPhone9,1&idfa=322127EF-8E4E-48E9-98E0-99ACBDC85525&iid=2955926580500413&js_sdk_version=1.99.0.3&mcc_mnc=&openudid=a4cb7b4ade7c5e8e6c90cf8f892aafe6c64c73d1&os_api=18&os_version=13.3.1&screen_width=750&version_code=14.8.0&vid=25AD3C98-7CA5-4B2E-9B39-9BAEFC31BBD2";
    "x-tt-token" = "003c4774314c4f83d0177a0ae886f5a6f50056cb8fc53fa60c3b0bf88596c762fc922f46798e27276d911e99fde0203a46a8df6837c3279998eaaccf63df5e59c34fb9458bd8d9b17fd1ecf392c2a6fc08649f8411f4295761fc95f3fe46affde27ce-1.0.1";
}
call Aweme!0x3e71368
,	Aweme!0x3e71368 this.args0 0x16f2a8aa0 0x16f2a8aa0

,	Aweme!0x3e71368 this.args1 0x10ca0a6dd             0  1  2  3  4  5  6  7  8  9  A  B  C  D  E  F  0123456789ABCDEF
10ca0a6dd  00 00 00 01 00 00 00 73 65 73 73 69 6f 6e 69 64  .......sessionid
10ca0a6ed  3d 00 00 01 00 00 00 20 09 0b 0c 0d 0a 00 00 01  =...... ........
10ca0a6fd  00 00 00 43 4f 4f 4b 49 45 00 00 01 00 00 00 58  ...COOKIE......X
10ca0a70d  2d 53 53 2d 53 54 55 42 00 00 00 01 00 00 00 00  -SS-STUB........
10ca0a71d  00 00 00 68 22 ac 0a 01 00 00 00 01 00 00 00 00  ...h"...........
10ca0a72d  00 00 00 80 89 56 80 02 00 00 00 68 22 ac 0a 01  .....V.....h"...
10ca0a73d  00 00 00 10 00 00 00 0f 00 00 00 90 89 56 80 02  .............V..
10ca0a74d  00 00 00 68 22 ac 0a 01 00 00 00 0a 00 00 00 09  ...h"...........
10ca0a75d  00 00 00 a0 89 56 80 02 00 00 00 00 00 00 00 00  .....V..........
10ca0a76d  00 00 00 68 22 ac 0a 01 00 00 00 01 00 00 00 00  ...h"...........
10ca0a77d  00 00 00 b0 89 56 80 02 00 00 00 00 00 00 00 00  .....V..........
10ca0a78d  00 00 00 00 00 00 00 00 00 00 00 00 00 00 00 00  ................
10ca0a79d  00 00 00 00 00 00 00 00 00 00 00 00 00 00 00 00  ................
10ca0a7ad  00 00 00 00 00 00 00 00 00 00 00 00 00 00 00 00  ................
10ca0a7bd  00 00 00 00 00 00 00 00 00 00 00 00 00 00 00 00  ................
10ca0a7cd  00 00 00 00 00 00 00 00 00 00 00 00 00 00 00 00  ................
10ca0a7dd  00 00 00 00 00 00 00 00 00 00 00 00 00 00 00 00  ................
10ca0a7ed  00 00 00 00 00 00 00 00 00 00 00 00 00 00 00 00  ................
10ca0a7fd  00 00 00 00 00 00 00 00 00 00 00 00 00 00 00 00  ................
10ca0a80d  00 00 00 00 00 00 00 00 00 00 00 00 00 00 00 00  ................
10ca0a81d  00 00 00 00 00 00 00 00 00 00 00 00 00 00 00 00  ................
10ca0a82d  00 00 00 00 00 00 00 00 00 00 00 00 00 00 00 00  ................
10ca0a83d  00 00 00 00 00 00 00 00 00 00 00 00 00 00 00 00  ................
10ca0a84d  00 00 00 00 00 00 00 00 00 00 00 00 00 00 00 00  ................
10ca0a85d  00 00 00 00 00 00 00 00 00 00 00 00 00 00 00 00  ................
10ca0a86d  00 00 00 00 00 00 00 00 00 00 00 00 00 00 00 00  ................
10ca0a87d  00 00 00 00 00 00 00 00 00 00 00 00 00 00 00 00  ................
10ca0a88d  00 00 00 00 00 00 00 00 00 00 00 00 00 00 00 00  ................
10ca0a89d  00 00 00 00 00 00 00 00 00 00 00 00 00 00 00 00  ................
10ca0a8ad  00 00 00 00 00 00 00 00 00 00 00 00 00 00 00 00  ................
10ca0a8bd  00 00 00 00 00 00 00 00 00 00 00 00 00 00 00 00  ................
10ca0a8cd  00 00 00 00 00 00 00 00 00 00 00 00 00 00 00 00  ................
10ca0a8dd  00 00 00 00 00 00 00 00 00 00 00 00 00 00 00 00  ................
10ca0a8ed  00 00 00 00 00 00 00 00 00 00 00 00 00 00 00 00  ................
10ca0a8fd  00 00 00 00 00 00 00 00 00 00 00 00 00 00 00 00  ................
10ca0a90d  00 00 00 68 22 ac 0a 01 00 00 00 01 00 00 00 00  ...h"...........
10ca0a91d  00 00 00 50 8c 56 80 02 00 00 00 00 00 00 00 00  ...P.V..........
10ca0a92d  00 00 00 4e 65 74 77 6f 72 6b 43 61 63 68 65 54  ...NetworkCacheT
10ca0a93d  68 72 65 61 64 2d 25 64 2d 74 69 64 3a 25 75 00  hread-%d-tid:%u.
10ca0a94d  00 00 00 01 00 00 00 00 00 00 00 01 00 00 00 00  ................
10ca0a95d  00 00 00 2f 55 73 65 72 73 2f 6d 65 74 61 73 65  .../Users/metase
10ca0a96d  63 2f 44 65 73 6b 74 6f 70 2f 62 75 69 6c 64 73  c/Desktop/builds
10ca0a97d  2f 63 31 33 32 64 34 35 38 2f 30 2f 6d 6f 62 69  /c132d458/0/mobi
10ca0a98d  6c 65 73 65 63 2f 70 72 6f 64 75 63 74 5f 53 65  lesec/product_Se
10ca0a99d  63 53 44 4b 5f 6d 6c 2f 6d 73 73 64 6b 5f 62 61  cSDK_ml/mssdk_ba
10ca0a9ad  73 65 2f 4d 65 74 61 53 65 63 53 44 4b 69 4f 53  se/MetaSecSDKiOS
10ca0a9bd  2f 4d 65 74 61 53 65 63 53 44 4b 69 4f 53 2f 4d  /MetaSecSDKiOS/M
10ca0a9cd  53 43 6f 6e 66 69 67 2e 6d 00 00 01 00 00 00 3c  SConfig.m......<
10ca0a9dd  55 6e 6b 6e 6f 77 6e 20 46 69 6c 65 3e 00 00 01  Unknown File>...
10ca0a9ed  00 00 00 4d 65 74 61 53 65 63 3a 61 70 70 49 44  ...MetaSec:appID
10ca0a9fd  20 6d 75 73 74 20 62 65 20 61 20 6b 69 6e 64 20   must be a kind 
10ca0aa0d  6f 66 20 4e 53 53 74 72 69 6e 67 20 61 6e 64 20  of NSString and 
10ca0aa1d  63 61 6e 27 74 20 62 65 20 6e 69 6c 20 6f 72 20  can't be nil or 
10ca0aa2d  65 6d 70 74 79 21 00 01 00 00 00 00 00 00 00 00  empty!..........
10ca0aa3d  00 00 00 4d 65 74 61 53 65 63 3a 6c 69 63 65 6e  ...MetaSec:licen
10ca0aa4d  73 65 53 74 72 20 6d 75 73 74 20 62 65 20 61 20  seStr must be a 
10ca0aa5d  6b 69 6e 64 20 6f 66 20 4e 53 53 74 72 69 6e 67  kind of NSString
10ca0aa6d  20 61 6e 64 20 63 61 6e 27 74 20 62 65 20 6e 69   and can't be ni
10ca0aa7d  6c 20 6f 72 20 65 6d 70 74 79 21 00 00 00 00 01  l or empty!.....
10ca0aa8d  00 00 00 00 00 00 00 00 00 00 00 00 00 00 00 00  ................
10ca0aa9d  00 00 00 00 00 00 00 00 00 00 00 00 00 00 00 00  ................
10ca0aaad  00 00 00 00 00 00 00 00 00 00 00 00 00 00 00 00  ................
10ca0aabd  00 00 00 00 00 00 00 00 00 00 00 00 00 00 00 00  ................
10ca0aacd  00 00 00 00 00 00 00 00 00 00 00 00 00 00 00 00  ................

,	Aweme!0x3e71368 this.args2 0x0 0x0

,	Aweme!0x3e71368 this.args3 0x280522d25             0  1  2  3  4  5  6  7  8  9  A  B  C  D  E  F  0123456789ABCDEF
280522d25  00 00 00 f0 02 b8 0a 01 00 00 00 00 03 03 03 03  ................
280522d35  03 03 04 97 00 c8 81 02 00 00 00 4c 52 46 43 4c  ...........LRFCL
280522d45  52 46 43 00 00 00 00 00 00 00 00 50 2d be f2 07  RFC........P-...
280522d55  e3 00 00 ea 02 00 00 00 00 00 00 60 2d be f2 07  ...........`-...
280522d65  e3 00 00 03 03 00 00 00 00 00 00 61 1b aa e5 a1  ...........a....
280522d75  01 00 00 40 a8 7a 80 02 00 00 00 07 d4 80 11 01  ...@.z..........
280522d85  00 00 00 03 00 00 00 00 00 00 00 02 00 00 00 00  ................
280522d95  00 00 00 26 01 00 00 00 00 00 00 a0 2d be f2 07  ...&........-...
280522da5  e3 00 00 19 03 00 00 00 00 00 00 02 00 00 00 01  ................
280522db5  00 00 00 ef 02 b9 0a 01 00 00 00 00 00 00 00 01  ................
280522dc5  00 00 00 00 00 00 00 00 00 00 00 00 03 03 03 03  ................
280522dd5  03 03 03 03 03 04 00 00 00 00 00 02 00 00 00 01  ................
280522de5  00 00 00 eb 02 f4 81 02 00 00 00 f0 29 59 21 01  ............)Y!.
280522df5  00 00 00 00 00 00 00 00 00 00 00 00 01 00 00 00  ................
280522e05  00 00 00 00 00 00 00 00 00 00 00 a0 89 4d 10 01  .............M..
280522e15  00 00 00 20 1d 59 21 01 00 00 00 d0 db 48 10 01  ... .Y!......H..
280522e25  00 00 00 80 82 37 22 01 00 00 00 30 f0 58 21 01  .....7"....0.X!.
280522e35  00 00 00 d0 03 59 21 01 00 00 00 00 03 03 03 03  .....Y!.........
280522e45  03 03 04 bc 01 00 00 00 00 00 00 02 00 00 00 00  ................
280522e55  00 00 00 06 03 00 00 00 00 00 00 00 03 03 03 03  ................
280522e65  03 03 04 97 01 62 83 02 00 00 00 ea d4 80 11 01  .....b..........
280522e75  00 00 00 1d 00 00 00 00 00 00 00 80 2e be f2 07  ................
280522e85  e3 00 00 bf 01 00 00 00 00 00 00 90 2e be f2 07  ................
280522e95  e3 00 00 fa 02 00 00 00 00 00 00 01 00 00 00 00  ................
280522ea5  00 00 00 4c 02 00 00 00 00 00 00 01 00 00 00 00  ...L............
280522eb5  00 00 00 1d 01 00 00 45 4b 41 57 00 01 00 00 00  .......EKAW.....
280522ec5  00 00 00 00 00 00 00 00 00 00 00 00 01 00 00 00  ................
280522ed5  00 00 00 00 00 00 00 00 00 00 00 01 00 00 00 00  ................
280522ee5  00 00 00 46 00 00 00 00 00 00 00 f0 2e be f2 07  ...F............
280522ef5  e3 00 00 bc 01 f7 81 02 00 00 00 00 01 00 00 00  ................
280522f05  00 00 00 00 00 00 00 00 00 00 00 e0 01 3c 82 02  .............<..
280522f15  00 00 00 40 02 3c 82 02 00 00 00 00 00 00 00 01  ...@.<..........
280522f25  00 00 00 00 00 00 00 00 00 00 00 79 d8 aa e5 a1  ...........y....
280522f35  01 00 00 20 21 49 82 02 00 00 00 40 2f be f2 07  ... !I.....@/...
280522f45  e3 00 00 d6 02 c9 81 02 00 00 00 00 00 00 00 01  ................
280522f55  00 01 00 00 00 00 00 00 00 00 00 34 d6 80 11 01  ...........4....
280522f65  00 00 00 18 00 00 00 00 00 00 00 00 00 00 00 00  ................
280522f75  00 00 00 48 15 59 21 01 00 00 00 01 00 00 00 01  ...H.Y!.........
280522f85  00 00 00 e6 02 00 0a 01 00 00 00 90 2f be f2 07  ............/...
280522f95  e3 00 00 e9 02 86 6d 01 00 00 00 00 00 00 00 01  ......m.........
280522fa5  00 00 00 00 00 00 00 00 00 00 00 00 13 f6 81 02  ................
280522fb5  00 00 00 00 00 00 00 00 00 00 00 61 1b aa e5 a1  ...........a....
280522fc5  01 00 00 46 12 ec b4 53 3f b2 bf 00 00 00 00 01  ...F...S?.......
280522fd5  00 00 00 00 00 00 00 00 00 00 00 85 a6 74 e3 a1  .............t..
280522fe5  01 00 00 00 08 9a 10 01 00 00 00 00 01 00 00 00  ................
280522ff5  00 00 00 00 00 00 00 00 00 00 00 5f d6 80 11 01  ..........._....
280523005  00 00 00 1d 00 00 00 00 00 00 00 10 30 be f2 07  ............0...
280523015  e3 00 00 d7 02 00 00 00 00 00 00 20 30 be f2 07  ........... 0...
280523025  e3 00 00 0c 03 32 38 00 00 00 00 22 78 2d 74 74  .....28...."x-tt
280523035  2d 74 6f 6b 65 6e 22 00 00 00 00 00 01 00 00 00  -token".........
280523045  00 00 00 00 00 00 00 00 00 00 00 01 00 00 00 00  ................
280523055  00 00 00 07 03 7a 80 02 00 00 00 02 00 00 00 01  .....z..........
280523065  00 00 00 b4 01 00 00 00 00 00 00 70 30 be f2 07  ...........p0...
280523075  e3 00 00 98 00 7a 80 02 00 00 00 80 30 be f2 07  .....z......0...
280523085  e3 00 00 45 00 00 00 00 00 00 00 00 03 03 03 03  ...E............
280523095  03 03 04 bc 01 f7 81 02 00 00 00 a0 30 be f2 07  ............0...
2805230a5  e3 00 00 0e 03 00 00 00 00 00 00 b0 30 be f2 07  ............0...
2805230b5  e3 00 00 0b 03 00 00 00 00 00 00 c0 30 be f2 07  ............0...
2805230c5  e3 00 00 02 03 00 00 00 00 00 00 d0 30 be f2 07  ............0...
2805230d5  e3 00 00 0f 03 00 00 00 00 00 00 e0 30 be f2 07  ............0...
2805230e5  e3 00 00 10 03 00 00 00 00 00 00 f0 30 be f2 07  ............0...
2805230f5  e3 00 00 11 03 00 00 00 00 00 00 00 31 be f2 07  ............1...
280523105  e3 00 00 12 03 00 00 00 00 00 00 10 31 be f2 07  ............1...
280523115  e3 00 00 1a 03 00 00 00 00 00 00 20 31 be f2 07  ........... 1...

,	Aweme!0x3e71368 this.args4 0x0 0x0

,	Aweme!0x3e71368 this.args0 onLeave 0x16f2a8aa0 0x16f2a8aa0

,	Aweme!0x3e71368 this.args1 onLeave 0x10ca0a6dd             0  1  2  3  4  5  6  7  8  9  A  B  C  D  E  F  0123456789ABCDEF
10ca0a6dd  00 00 00 01 00 00 00 73 65 73 73 69 6f 6e 69 64  .......sessionid
10ca0a6ed  3d 00 00 01 00 00 00 20 09 0b 0c 0d 0a 00 00 01  =...... ........
10ca0a6fd  00 00 00 43 4f 4f 4b 49 45 00 00 01 00 00 00 58  ...COOKIE......X
10ca0a70d  2d 53 53 2d 53 54 55 42 00 00 00 01 00 00 00 00  -SS-STUB........
10ca0a71d  00 00 00 68 22 ac 0a 01 00 00 00 01 00 00 00 00  ...h"...........
10ca0a72d  00 00 00 80 89 56 80 02 00 00 00 68 22 ac 0a 01  .....V.....h"...
10ca0a73d  00 00 00 10 00 00 00 0f 00 00 00 90 89 56 80 02  .............V..
10ca0a74d  00 00 00 68 22 ac 0a 01 00 00 00 0a 00 00 00 09  ...h"...........
10ca0a75d  00 00 00 a0 89 56 80 02 00 00 00 00 00 00 00 00  .....V..........
10ca0a76d  00 00 00 68 22 ac 0a 01 00 00 00 01 00 00 00 00  ...h"...........
10ca0a77d  00 00 00 b0 89 56 80 02 00 00 00 00 00 00 00 00  .....V..........
10ca0a78d  00 00 00 00 00 00 00 00 00 00 00 00 00 00 00 00  ................
10ca0a79d  00 00 00 00 00 00 00 00 00 00 00 00 00 00 00 00  ................
10ca0a7ad  00 00 00 00 00 00 00 00 00 00 00 00 00 00 00 00  ................
10ca0a7bd  00 00 00 00 00 00 00 00 00 00 00 00 00 00 00 00  ................
10ca0a7cd  00 00 00 00 00 00 00 00 00 00 00 00 00 00 00 00  ................
10ca0a7dd  00 00 00 00 00 00 00 00 00 00 00 00 00 00 00 00  ................
10ca0a7ed  00 00 00 00 00 00 00 00 00 00 00 00 00 00 00 00  ................
10ca0a7fd  00 00 00 00 00 00 00 00 00 00 00 00 00 00 00 00  ................
10ca0a80d  00 00 00 00 00 00 00 00 00 00 00 00 00 00 00 00  ................
10ca0a81d  00 00 00 00 00 00 00 00 00 00 00 00 00 00 00 00  ................
10ca0a82d  00 00 00 00 00 00 00 00 00 00 00 00 00 00 00 00  ................
10ca0a83d  00 00 00 00 00 00 00 00 00 00 00 00 00 00 00 00  ................
10ca0a84d  00 00 00 00 00 00 00 00 00 00 00 00 00 00 00 00  ................
10ca0a85d  00 00 00 00 00 00 00 00 00 00 00 00 00 00 00 00  ................
10ca0a86d  00 00 00 00 00 00 00 00 00 00 00 00 00 00 00 00  ................
10ca0a87d  00 00 00 00 00 00 00 00 00 00 00 00 00 00 00 00  ................
10ca0a88d  00 00 00 00 00 00 00 00 00 00 00 00 00 00 00 00  ................
10ca0a89d  00 00 00 00 00 00 00 00 00 00 00 00 00 00 00 00  ................
10ca0a8ad  00 00 00 00 00 00 00 00 00 00 00 00 00 00 00 00  ................
10ca0a8bd  00 00 00 00 00 00 00 00 00 00 00 00 00 00 00 00  ................
10ca0a8cd  00 00 00 00 00 00 00 00 00 00 00 00 00 00 00 00  ................
10ca0a8dd  00 00 00 00 00 00 00 00 00 00 00 00 00 00 00 00  ................
10ca0a8ed  00 00 00 00 00 00 00 00 00 00 00 00 00 00 00 00  ................
10ca0a8fd  00 00 00 00 00 00 00 00 00 00 00 00 00 00 00 00  ................
10ca0a90d  00 00 00 68 22 ac 0a 01 00 00 00 01 00 00 00 00  ...h"...........
10ca0a91d  00 00 00 50 8c 56 80 02 00 00 00 00 00 00 00 00  ...P.V..........
10ca0a92d  00 00 00 4e 65 74 77 6f 72 6b 43 61 63 68 65 54  ...NetworkCacheT
10ca0a93d  68 72 65 61 64 2d 25 64 2d 74 69 64 3a 25 75 00  hread-%d-tid:%u.
10ca0a94d  00 00 00 01 00 00 00 00 00 00 00 01 00 00 00 00  ................
10ca0a95d  00 00 00 2f 55 73 65 72 73 2f 6d 65 74 61 73 65  .../Users/metase
10ca0a96d  63 2f 44 65 73 6b 74 6f 70 2f 62 75 69 6c 64 73  c/Desktop/builds
10ca0a97d  2f 63 31 33 32 64 34 35 38 2f 30 2f 6d 6f 62 69  /c132d458/0/mobi
10ca0a98d  6c 65 73 65 63 2f 70 72 6f 64 75 63 74 5f 53 65  lesec/product_Se
10ca0a99d  63 53 44 4b 5f 6d 6c 2f 6d 73 73 64 6b 5f 62 61  cSDK_ml/mssdk_ba
10ca0a9ad  73 65 2f 4d 65 74 61 53 65 63 53 44 4b 69 4f 53  se/MetaSecSDKiOS
10ca0a9bd  2f 4d 65 74 61 53 65 63 53 44 4b 69 4f 53 2f 4d  /MetaSecSDKiOS/M
10ca0a9cd  53 43 6f 6e 66 69 67 2e 6d 00 00 01 00 00 00 3c  SConfig.m......<
10ca0a9dd  55 6e 6b 6e 6f 77 6e 20 46 69 6c 65 3e 00 00 01  Unknown File>...
10ca0a9ed  00 00 00 4d 65 74 61 53 65 63 3a 61 70 70 49 44  ...MetaSec:appID
10ca0a9fd  20 6d 75 73 74 20 62 65 20 61 20 6b 69 6e 64 20   must be a kind 
10ca0aa0d  6f 66 20 4e 53 53 74 72 69 6e 67 20 61 6e 64 20  of NSString and 
10ca0aa1d  63 61 6e 27 74 20 62 65 20 6e 69 6c 20 6f 72 20  can't be nil or 
10ca0aa2d  65 6d 70 74 79 21 00 01 00 00 00 00 00 00 00 00  empty!..........
10ca0aa3d  00 00 00 4d 65 74 61 53 65 63 3a 6c 69 63 65 6e  ...MetaSec:licen
10ca0aa4d  73 65 53 74 72 20 6d 75 73 74 20 62 65 20 61 20  seStr must be a 
10ca0aa5d  6b 69 6e 64 20 6f 66 20 4e 53 53 74 72 69 6e 67  kind of NSString
10ca0aa6d  20 61 6e 64 20 63 61 6e 27 74 20 62 65 20 6e 69   and can't be ni
10ca0aa7d  6c 20 6f 72 20 65 6d 70 74 79 21 00 00 00 00 01  l or empty!.....
10ca0aa8d  00 00 00 00 00 00 00 00 00 00 00 00 00 00 00 00  ................
10ca0aa9d  00 00 00 00 00 00 00 00 00 00 00 00 00 00 00 00  ................
10ca0aaad  00 00 00 00 00 00 00 00 00 00 00 00 00 00 00 00  ................
10ca0aabd  00 00 00 00 00 00 00 00 00 00 00 00 00 00 00 00  ................
10ca0aacd  00 00 00 00 00 00 00 00 00 00 00 00 00 00 00 00  ................

,	Aweme!0x3e71368 this.args2 onLeave 0x0 0x0

,	Aweme!0x3e71368 this.args3 onLeave 0x280522d25             0  1  2  3  4  5  6  7  8  9  A  B  C  D  E  F  0123456789ABCDEF
280522d25  00 00 00 f0 02 b8 0a 01 00 00 00 00 03 03 03 03  ................
280522d35  03 03 04 97 00 c8 81 02 00 00 00 4c 52 46 43 4c  ...........LRFCL
280522d45  52 46 43 00 00 00 00 00 00 00 00 50 2d be f2 07  RFC........P-...
280522d55  e3 00 00 ea 02 00 00 00 00 00 00 60 2d be f2 07  ...........`-...
280522d65  e3 00 00 03 03 00 00 00 00 00 00 61 1b aa e5 a1  ...........a....
280522d75  01 00 00 40 a8 7a 80 02 00 00 00 07 d4 80 11 01  ...@.z..........
280522d85  00 00 00 03 00 00 00 00 00 00 00 02 00 00 00 00  ................
280522d95  00 00 00 26 01 00 00 00 00 00 00 a0 2d be f2 07  ...&........-...
280522da5  e3 00 00 19 03 00 00 00 00 00 00 02 00 00 00 01  ................
280522db5  00 00 00 ef 02 b9 0a 01 00 00 00 00 00 00 00 01  ................
280522dc5  00 00 00 00 00 00 00 00 00 00 00 00 03 03 03 03  ................
280522dd5  03 03 03 03 03 04 00 00 00 00 00 02 00 00 00 01  ................
280522de5  00 00 00 eb 02 f4 81 02 00 00 00 f0 29 59 21 01  ............)Y!.
280522df5  00 00 00 00 00 00 00 00 00 00 00 00 01 00 00 00  ................
280522e05  00 00 00 00 00 00 00 00 00 00 00 a0 89 4d 10 01  .............M..
280522e15  00 00 00 20 1d 59 21 01 00 00 00 d0 db 48 10 01  ... .Y!......H..
280522e25  00 00 00 80 82 37 22 01 00 00 00 30 f0 58 21 01  .....7"....0.X!.
280522e35  00 00 00 d0 03 59 21 01 00 00 00 00 03 03 03 03  .....Y!.........
280522e45  03 03 04 bc 01 00 00 00 00 00 00 02 00 00 00 00  ................
280522e55  00 00 00 06 03 00 00 00 00 00 00 00 03 03 03 03  ................
280522e65  03 03 04 97 01 62 83 02 00 00 00 ea d4 80 11 01  .....b..........
280522e75  00 00 00 1d 00 00 00 00 00 00 00 80 2e be f2 07  ................
280522e85  e3 00 00 bf 01 00 00 00 00 00 00 90 2e be f2 07  ................
280522e95  e3 00 00 fa 02 00 00 00 00 00 00 01 00 00 00 00  ................
280522ea5  00 00 00 4c 02 00 00 00 00 00 00 01 00 00 00 00  ...L............
280522eb5  00 00 00 1d 01 00 00 45 4b 41 57 00 01 00 00 00  .......EKAW.....
280522ec5  00 00 00 00 00 00 00 00 00 00 00 00 01 00 00 00  ................
280522ed5  00 00 00 00 00 00 00 00 00 00 00 01 00 00 00 00  ................
280522ee5  00 00 00 46 00 00 00 00 00 00 00 f0 2e be f2 07  ...F............
280522ef5  e3 00 00 bc 01 f7 81 02 00 00 00 00 01 00 00 00  ................
280522f05  00 00 00 00 00 00 00 00 00 00 00 e0 01 3c 82 02  .............<..
280522f15  00 00 00 40 02 3c 82 02 00 00 00 00 00 00 00 01  ...@.<..........
280522f25  00 00 00 00 00 00 00 00 00 00 00 79 d8 aa e5 a1  ...........y....
280522f35  01 00 00 20 21 49 82 02 00 00 00 40 2f be f2 07  ... !I.....@/...
280522f45  e3 00 00 d6 02 c9 81 02 00 00 00 00 00 00 00 01  ................
280522f55  00 01 00 00 00 00 00 00 00 00 00 34 d6 80 11 01  ...........4....
280522f65  00 00 00 18 00 00 00 00 00 00 00 00 00 00 00 00  ................
280522f75  00 00 00 48 15 59 21 01 00 00 00 01 00 00 00 01  ...H.Y!.........
280522f85  00 00 00 e6 02 00 0a 01 00 00 00 90 2f be f2 07  ............/...
280522f95  e3 00 00 e9 02 86 6d 01 00 00 00 00 00 00 00 01  ......m.........
280522fa5  00 00 00 00 00 00 00 00 00 00 00 00 13 f6 81 02  ................
280522fb5  00 00 00 00 00 00 00 00 00 00 00 61 1b aa e5 a1  ...........a....
280522fc5  01 00 00 46 12 ec b4 53 3f b2 bf 00 00 00 00 01  ...F...S?.......
280522fd5  00 00 00 00 00 00 00 00 00 00 00 85 a6 74 e3 a1  .............t..
280522fe5  01 00 00 00 08 9a 10 01 00 00 00 00 01 00 00 00  ................
280522ff5  00 00 00 00 00 00 00 00 00 00 00 5f d6 80 11 01  ..........._....
280523005  00 00 00 1d 00 00 00 00 00 00 00 10 30 be f2 07  ............0...
280523015  e3 00 00 d7 02 00 00 00 00 00 00 20 30 be f2 07  ........... 0...
280523025  e3 00 00 0c 03 32 38 00 00 00 00 22 78 2d 74 74  .....28...."x-tt
280523035  2d 74 6f 6b 65 6e 22 00 00 00 00 00 01 00 00 00  -token".........
280523045  00 00 00 00 00 00 00 00 00 00 00 01 00 00 00 00  ................
280523055  00 00 00 07 03 7a 80 02 00 00 00 02 00 00 00 01  .....z..........
280523065  00 00 00 b4 01 00 00 00 00 00 00 70 30 be f2 07  ...........p0...
280523075  e3 00 00 98 00 7a 80 02 00 00 00 80 30 be f2 07  .....z......0...
280523085  e3 00 00 45 00 00 00 00 00 00 00 00 03 03 03 03  ...E............
280523095  03 03 04 bc 01 f7 81 02 00 00 00 a0 30 be f2 07  ............0...
2805230a5  e3 00 00 0e 03 00 00 00 00 00 00 b0 30 be f2 07  ............0...
2805230b5  e3 00 00 0b 03 00 00 00 00 00 00 c0 30 be f2 07  ............0...
2805230c5  e3 00 00 02 03 00 00 00 00 00 00 d0 30 be f2 07  ............0...
2805230d5  e3 00 00 0f 03 00 00 00 00 00 00 e0 30 be f2 07  ............0...
2805230e5  e3 00 00 10 03 00 00 00 00 00 00 f0 30 be f2 07  ............0...
2805230f5  e3 00 00 11 03 00 00 00 00 00 00 00 31 be f2 07  ............1...
280523105  e3 00 00 12 03 00 00 00 00 00 00 10 31 be f2 07  ............1...
280523115  e3 00 00 1a 03 00 00 00 00 00 00 20 31 be f2 07  ........... 1...

,	Aweme!0x3e71368 this.args4 onLeave 0x0 0x0

,retval onLeave: 0x283b50e00             0  1  2  3  4  5  6  7  8  9  A  B  C  D  E  F  0123456789ABCDEF
283b50e00  98 d0 ab 0a 01 00 00 00 00 ca ab 0a 01 00 00 00  ................
283b50e10  a4 be d7 06 01 00 00 00 94 ae da 06 01 00 00 00  ................
283b50e20  f4 be d7 06 01 00 00 00 10 e0 86 80 02 00 00 00  ................
283b50e30  00 ad ab 0a 01 00 00 00 4b 4c 57 52 00 00 00 00  ........KLWR....
283b50e40  00 00 00 00 00 00 00 80 20 00 00 00 4b 4c 57 52  ........ ...KLWR
283b50e50  00 00 00 00 00 00 00 00 ff ff ff ff ff ff ff ff  ................
283b50e60  c0 a7 00 00 01 a7 00 00 00 a7 00 00 ff ff ff ff  ................
283b50e70  ff ff ff ff ff ff ff ff c7 f1 4a 7c fd ff ff ff  ..........J|....
283b50e80  00 00 00 00 00 00 00 00 00 00 00 00 00 00 00 00  ................
283b50e90  00 00 00 00 00 00 00 00 00 00 00 00 00 00 00 00  ................
283b50ea0  00 00 00 00 00 00 00 00 00 00 00 00 00 00 00 00  ................
283b50eb0  14 ba 9f 0e 00 00 00 00 4b e0 bc 0c 01 00 00 00  ........K.......
283b50ec0  00 00 00 00 00 00 00 00 00 00 00 00 00 00 00 00  ................
283b50ed0  cc b8 9f 0e 00 00 00 00 9d e0 bc 0c 01 00 00 00  ................
283b50ee0  18 50 9f 0e 00 00 00 00 ae cf bc 0c 01 00 00 00  .P..............
283b50ef0  f4 ba 9f 0e 00 00 00 00 6f e0 bc 0c 4b 4c 57 52  ........o...KLWR
283b50f00  00 00 00 00 00 00 00 00 90 3b 87 7f fd ff ff ff  .........;......
283b50f10  f8 31 87 7f fd ff ff ff b0 39 87 7f fd ff ff ff  .1.......9......
283b50f20  98 3b 87 7f fd ff ff ff f0 fa ce 7d fd ff ff ff  .;.........}....
283b50f30  00 00 00 00 00 00 00 00 b8 39 87 7f fd ff ff ff  .........9......
283b50f40  00 00 00 00 00 00 00 00 28 cc 4c 7f fd ff ff ff  ........(.L.....
283b50f50  00 00 00 00 00 00 00 00 00 00 00 00 00 00 00 00  ................
283b50f60  f0 31 87 7f fd ff ff ff 00 00 00 00 00 00 00 00  .1..............
283b50f70  d8 2f 87 7f fd ff ff ff 00 00 00 00 00 00 00 00  ./..............
283b50f80  00 00 00 00 00 00 00 00 00 00 00 00 00 00 00 00  ................
283b50f90  00 00 00 00 00 00 00 00 00 00 00 00 00 00 00 00  ................
283b50fa0  d0 2f 87 7f fd ff ff ff 00 00 00 00 00 00 00 00  ./..............
283b50fb0  80 02 64 ef fe ff ff ff 00 00 00 00 00 00 00 00  ..d.............
283b50fc0  00 00 00 00 00 00 00 00 00 00 00 00 00 00 00 00  ................
283b50fd0  00 00 00 00 00 00 00 00 50 fb ce 7d fd ff ff ff  ........P..}....
283b50fe0  00 00 00 00 00 00 00 00 78 76 49 7f fd ff ff ff  ........xvI.....
283b50ff0  00 00 00 00 00 00 00 00 00 00 00 00 00 00 00 00  ................
283b51000  c0 5e 57 80 02 00 00 00 00 00 00 00 00 00 00 00  .^W.............
283b51010  00 00 00 00 00 00 00 00 00 42 05 04 00 00 00 00  .........B......
283b51020  b0 5e 57 80 02 00 00 00 00 00 00 00 00 00 00 00  .^W.............
283b51030  00 00 00 00 00 00 00 00 00 42 05 04 00 00 00 00  .........B......
283b51040  a0 5e 57 80 02 00 00 00 00 00 00 00 00 00 00 00  .^W.............
283b51050  00 00 00 00 00 00 00 00 00 42 05 04 00 00 00 00  .........B......
283b51060  60 1e 7e 80 02 00 00 00 00 00 00 00 00 00 00 00  `.~.............
283b51070  00 00 00 00 00 00 00 00 00 44 01 04 00 00 00 00  .........D......
283b51080  90 5e 57 80 02 00 00 00 00 00 00 00 00 00 00 00  .^W.............
283b51090  00 00 00 00 00 00 00 00 00 42 05 04 00 00 00 00  .........B......
283b510a0  00 00 00 00 00 00 00 00 00 00 00 00 00 00 00 00  ................
283b510b0  00 00 00 00 00 00 00 00 00 00 00 00 00 00 00 00  ................
283b510c0  00 00 00 00 00 00 00 00 00 00 00 00 00 00 00 00  ................
283b510d0  00 00 00 00 00 00 00 00 00 00 00 00 00 00 00 00  ................
283b510e0  00 00 00 00 00 00 00 00 00 00 00 00 00 00 00 00  ................
283b510f0  00 00 00 00 00 00 00 00 00 00 00 00 00 00 00 00  ................
283b51100  20 5e 57 80 02 00 00 00 00 00 00 00 00 00 00 00   ^W.............
283b51110  00 00 00 00 00 00 00 00 00 42 05 04 00 00 00 00  .........B......
283b51120  40 5e 57 80 02 00 00 00 00 00 00 00 00 00 00 00  @^W.............
283b51130  00 00 00 00 00 00 00 00 00 42 05 04 00 00 00 00  .........B......
283b51140  30 5e 57 80 02 00 00 00 00 00 00 00 00 00 00 00  0^W.............
283b51150  00 00 00 00 00 00 00 00 00 42 05 04 00 00 00 00  .........B......
283b51160  40 1e 7e 80 02 00 00 00 00 00 00 00 00 00 00 00  @.~.............
283b51170  00 00 00 00 00 00 00 00 00 44 01 04 00 00 00 00  .........D......
283b51180  80 5e 57 80 02 00 00 00 00 00 00 00 00 00 00 00  .^W.............
283b51190  00 00 00 00 00 00 00 00 00 42 05 04 00 00 00 00  .........B......
283b511a0  00 00 00 00 00 00 00 00 00 00 00 00 00 00 00 00  ................
283b511b0  00 00 00 00 00 00 00 00 00 00 00 00 00 00 00 00  ................
283b511c0  00 00 00 00 00 00 00 00 00 00 00 00 00 00 00 00  ................
283b511d0  00 00 00 00 00 00 00 00 00 00 00 00 00 00 00 00  ................
283b511e0  00 00 00 00 00 00 00 00 00 00 00 00 00 00 00 00  ................
283b511f0  00 00 00 00 00 00 00 00 00 00 00 00 00 00 00 00  ................

call Aweme!0x3e71368
,	Aweme!0x3e71368 this.args0 0x280725300             0  1  2  3  4  5  6  7  8  9  A  B  C  D  E  F  0123456789ABCDEF
280725300  68 22 ac 0a 01 00 00 00 08 00 00 00 00 00 00 00  h"..............
280725310  10 61 52 80 02 00 00 00 00 00 00 00 00 00 00 00  .aR.............
280725320  68 22 ac 0a 01 00 00 00 0b 00 00 00 0a 00 00 00  h"..............
280725330  90 6a 52 80 02 00 00 00 63 6f 6d 00 01 00 00 00  .jR.....com.....
280725340  41 1c 70 0c a1 01 00 00 e9 00 00 00 00 00 00 00  A.p.............
280725350  38 37 90 cf 5b 65 ab 40 00 00 00 00 00 00 00 00  87..[e.@........
280725360  15 1a 70 0c a1 01 00 00 a0 53 72 80 02 00 00 00  ..p......Sr.....
280725370  c0 4d 72 80 02 00 00 00 00 00 00 00 00 00 00 00  .Mr.............
280725380  41 1c 70 0c a1 01 00 00 ec 00 00 00 00 00 00 00  A.p.............
280725390  ef 6c de a0 9a 6a 9a 40 00 00 00 00 00 00 00 00  .l...j.@........
2807253a0  41 1c 70 0c a1 01 00 00 f2 00 00 00 00 00 00 00  A.p.............
2807253b0  b8 66 61 3d 88 ed 9d 40 00 00 00 00 00 00 00 00  .fa=...@........
2807253c0  41 1c 70 0c a1 01 00 00 2b 01 00 00 00 00 00 00  A.p.....+.......
2807253d0  4e eb be d6 6c 64 8e 40 00 00 00 00 00 00 00 00  N...ld.@........
2807253e0  18 00 00 00 00 00 00 00 01 00 00 00 06 00 00 00  ................
2807253f0  18 42 36 22 01 00 00 00 d8 d3 9d 0a 01 00 00 00  .B6"............
280725400  00 00 00 00 00 00 00 00 00 97 b6 83 02 00 00 00  ................
280725410  00 00 00 00 00 00 00 00 00 00 00 00 00 00 00 00  ................
280725420  20 54 9e f2 07 e3 00 00 86 00 60 00 00 00 00 00   T........`.....
280725430  00 00 00 23 dd d2 43 40 00 00 00 00 00 00 00 00  ...#..C@........
280725440  68 22 ac 0a 01 00 00 00 0b 00 00 00 0a 00 00 00  h"..............
280725450  00 52 52 80 02 00 00 00 00 00 00 00 00 00 00 00  .RR.............
280725460  77 65 62 63 61 73 74 35 2d 63 6f 72 65 2d 63 2d  webcast5-core-c-
280725470  68 6c 2e 61 6d 65 6d 76 2e 63 6f 6d 00 00 00 00  hl.amemv.com....
280725480  41 1c 70 0c a1 01 00 00 e3 00 00 00 00 00 00 00  A.p.............
280725490  f8 93 72 00 aa 76 8d 40 00 00 00 00 00 00 00 00  ..r..v.@........
2807254a0  15 1a 70 0c a1 01 00 00 00 50 72 80 02 00 00 00  ..p......Pr.....
2807254b0  c0 52 72 80 02 00 00 00 00 00 00 00 00 00 00 00  .Rr.............
2807254c0  15 1a 70 0c a1 01 00 00 40 53 72 80 02 00 00 00  ..p.....@Sr.....
2807254d0  e0 51 72 80 02 00 00 00 00 00 00 00 00 00 00 00  .Qr.............
2807254e0  19 18 aa e5 a1 01 00 00 a8 07 00 00 01 00 00 00  ................
2807254f0  a0 4c 72 80 02 00 00 00 14 00 00 00 00 00 00 00  .Lr.............
280725500  19 18 aa e5 a1 01 00 00 90 07 00 00 01 00 00 00  ................
280725510  04 00 00 00 00 00 00 00 1b 52 fa 5e fe 94 a5 63  .........R.^...c
280725520  02 00 00 00 00 00 00 00 80 5f 72 80 02 00 00 00  ........._r.....
280725530  18 38 6d dc 01 00 00 00 00 00 00 00 00 00 00 00  .8m.............
280725540  72 65 6d 6f 76 65 43 6f 6e 74 65 6e 74 4f 66 66  removeContentOff
280725550  73 65 74 3a 00 00 00 00 40 36 74 80 02 00 00 00  set:....@6t.....
280725560  41 1c 70 0c a1 01 00 00 e9 00 00 00 00 00 00 00  A.p.............
280725570  c3 d4 32 29 eb 03 9c 40 00 00 00 00 00 00 00 00  ..2)...@........
280725580  71 33 aa e5 a1 01 00 00 02 00 00 00 00 00 00 00  q3..............
280725590  20 ab 37 82 02 00 00 00 a0 bb 37 82 02 00 00 00   .7.......7.....
2807255a0  19 18 aa e5 a1 01 00 00 8c 07 00 00 01 00 00 00  ................
2807255b0  0e 6f 6e 65 50 68 6f 74 6f 56 69 64 65 6f 73 00  .onePhotoVideos.
2807255c0  18 00 00 00 00 00 00 00 68 69 52 80 02 00 00 00  ........hiR.....
2807255d0  01 00 00 00 01 00 00 00 00 00 00 00 01 00 00 00  ................
2807255e0  3d 14 62 0c a1 01 00 00 00 00 00 00 00 00 00 00  =.b.............
2807255f0  f0 09 98 80 02 00 00 00 e0 2b 98 80 02 00 00 00  .........+......
280725600  71 33 aa e5 a1 01 00 00 02 00 00 00 00 00 00 00  q3..............
280725610  f8 91 5a dc 01 00 00 00 18 92 5a dc 01 00 00 00  ..Z.......Z.....
280725620  71 33 aa e5 a1 01 00 00 02 00 00 00 00 00 00 00  q3..............
280725630  40 fb 36 82 02 00 00 00 c0 ed 36 82 02 00 00 00  @.6.......6.....
280725640  61 6e 63 68 6f 72 42 75 73 69 6e 65 73 73 54 79  anchorBusinessTy
280725650  70 65 00 49 4e 54 45 47 45 52 00 00 00 00 00 00  pe.INTEGER......
280725660  51 fc ad e5 a1 01 00 00 02 00 00 00 52 59 41 4c  Q...........RYAL
280725670  d0 ec 20 11 01 00 00 00 00 00 00 00 00 00 00 00  .. .............
280725680  41 31 aa e5 a1 01 00 00 e0 b1 98 80 02 00 00 00  A1..............
280725690  03 00 00 80 01 00 00 04 00 00 00 00 00 00 00 00  ................
2807256a0  6d 69 73 73 69 6f 6e 49 6e 66 6f 00 42 4c 4f 42  missionInfo.BLOB
2807256b0  00 46 72 61 6d 65 77 6f 72 6b 73 00 00 00 00 00  .Frameworks.....
2807256c0  73 6f 75 72 63 65 50 6f 69 4c 6f 6e 67 69 74 75  sourcePoiLongitu
2807256d0  64 65 00 52 45 41 4c 00 00 00 00 00 00 00 00 00  de.REAL.........
2807256e0  70 61 73 73 69 76 65 41 6e 63 68 6f 72 00 49 4e  passiveAnchor.IN
2807256f0  54 45 47 45 52 00 2e 63 6f 6d 00 6f 6d 00 00 00  TEGER..com.om...

,	Aweme!0x3e71368 this.args1 0xe307f2be6110 0xe307f2be6110

,	Aweme!0x3e71368 this.args2 0x0 0x0

,	Aweme!0x3e71368 this.args3 0x19ce510e0             0  1  2  3  4  5  6  7  8  9  A  B  C  D  E  F  0123456789ABCDEF
19ce510e0  f6 57 bd a9 f4 4f 01 a9 fd 7b 02 a9 fd 83 00 91  .W...O...{......
19ce510f0  f4 03 02 aa f3 03 01 aa f5 03 00 aa 21 02 00 b4  ............!...
19ce51100  68 fe 5d d3 1f 51 00 f1 c1 01 00 54 08 01 8e 52  h.]..Q.....T...R
19ce51110  a8 6a 68 38 68 02 18 37 9f 0e 40 f2 88 fe 44 d3  .jh8h..7..@...D.
19ce51120  08 05 88 1a 02 05 00 51 e0 03 15 aa e1 03 13 aa  .......Q........
19ce51130  fd 7b 42 a9 f4 4f 41 a9 f6 57 c3 a8 0e 00 00 14  .{B..OA..W......
19ce51140  a0 16 78 f9 03 3c 40 f9 e1 03 13 aa e2 03 14 aa  ..x..<@.........
19ce51150  fd 7b 42 a9 f4 4f 41 a9 f6 57 c3 a8 60 00 1f d6  .{B..OA..W..`...
19ce51160  a1 0a 80 52 e0 03 13 aa e2 03 14 aa f1 9b 00 94  ...R............
19ce51170  ea ff ff 17 fa 67 bb a9 f8 5f 01 a9 f6 57 02 a9  .....g..._...W..
19ce51180  f4 4f 03 a9 fd 7b 04 a9 fd 03 01 91 f4 03 02 aa  .O...{..........
19ce51190  f3 03 00 aa 35 c4 72 92 28 94 66 92 09 0c 78 f9  ....5.r.(.f...x.
19ce511a0  28 01 08 ca 29 7c 4e d3 2a 64 0e 53 29 2d 06 53  (...)|N.*d.S)-.S
19ce511b0  49 15 1a 33 16 49 29 8b c9 00 00 d0 29 81 25 91  I..3.I).....).%.
19ce511c0  c8 02 40 b9 38 59 62 b8 09 07 00 51 2a 00 15 4b  ..@.8Yb....Q*..K
19ce511d0  4b 6c 1c 53 6b 41 00 11 4a 0d cb 1a 4a 05 00 11  Kl.SkA..J...J...
19ce511e0  4a 29 00 12 6b ff 80 52 ac ff 80 52 0d 29 00 12  J)..k..R...R.)..
19ce511f0  0f 01 20 11 ee 25 15 12 10 01 01 12 11 01 48 11  .. ..%........H.
19ce51200  31 26 0b 12 0e 02 0e 2a ce 01 11 2a bf f1 1f 71  1&.....*...*...q
19ce51210  a0 01 00 54 ef 51 0b 53 ff 01 09 6b 41 01 00 54  ...T.Q.S...kA..T
19ce51220  1f 01 00 71 6d b1 8c 1a d9 01 0d 2a cd 7e 5f 88  ...qm......*.~_.
19ce51230  bf 01 08 6b 21 02 00 54 d9 7e 0d 88 8d ff ff 35  ...k!..T.~.....5
19ce51240  11 00 00 14 59 01 0e 2a bf f1 1f 71 6d 01 8d 1a  ....Y..*...qm...
19ce51250  2d 10 00 79 6d 12 78 f9 ad 01 01 ca 2d 00 00 f9  -..ym.x.....-...
19ce51260  cd 7e 5f 88 bf 01 08 6b 81 00 00 54 d9 fe 0d 88  .~_....k...T....
19ce51270  8d ff ff 35 14 00 00 14 5f 3f 03 d5 e8 03 0d aa  ...5...._?......
19ce51280  db ff ff 17 49 62 24 90 29 e9 43 b9 c9 01 00 35  ....Ib$.).C....5
19ce51290  a8 01 f8 37 08 0b 8e 52 77 02 08 8b a1 00 a0 52  ...7...Rw......R
19ce512a0  e0 03 17 aa 95 9e 00 94 e3 03 14 aa e0 03 13 aa  ................
19ce512b0  e1 03 16 aa e2 03 15 aa c3 01 00 94 e0 03 17 aa  ................
19ce512c0  97 9e 00 94 f9 01 f8 37 e8 03 00 32 14 21 d4 1a  .......7...2.!..
19ce512d0  88 00 8e 52 75 02 08 8b a8 02 40 79 88 02 08 0a  ...Ru.....@y....
19ce512e0  29 53 0b 53 20 01 62 1e 1f 01 00 71 01 03 62 1e  )S.S .b....q..b.
19ce512f0  02 10 6d 1e 21 08 62 1e 22 14 60 1e e9 00 00 54  ..m.!.b.".`....T
19ce51300  fd 7b 44 a9 f4 4f 43 a9 f6 57 42 a9 f8 5f 41 a9  .{D..OC..WB.._A.
19ce51310  fa 67 c5 a8 c0 03 5f d6 73 1e 40 91 a1 00 a0 52  .g...._.s.@....R
19ce51320  e0 03 13 aa 75 9e 00 94 a8 02 40 79 08 01 34 0a  ....u.....@y..4.
19ce51330  a8 02 00 79 e0 03 13 aa fd 7b 44 a9 f4 4f 43 a9  ...y.....{D..OC.
19ce51340  f6 57 42 a9 f8 5f 41 a9 fa 67 c5 a8 74 9e 00 14  .WB.._A..g..t...
19ce51350  ff c3 00 d1 f4 4f 01 a9 fd 7b 02 a9 fd 83 00 91  .....O...{......
19ce51360  f3 03 01 aa f4 03 00 aa e1 02 00 b4 68 fe 5d d3  ............h.].
19ce51370  1f 51 00 f1 81 02 00 54 02 00 80 52 e0 03 14 aa  .Q.....T...R....
19ce51380  e1 03 13 aa 8a fe ff 97 e0 01 00 b4 e8 03 00 aa  ................
19ce51390  09 01 8e 52 89 6a 69 38 49 02 18 37 1f 0d 40 f2  ...R.ji8I..7..@.
19ce513a0  08 fd 44 d3 08 05 88 1a 02 05 00 51 e0 03 14 aa  ..D........Q....
19ce513b0  e1 03 13 aa fd 7b 42 a9 f4 4f 41 a9 ff c3 00 91  .....{B..OA.....
19ce513c0  6d ff ff 17 80 16 78 f9 02 18 40 f9 e1 03 13 aa  m.....x...@.....
19ce513d0  fd 7b 42 a9 f4 4f 41 a9 ff c3 00 91 40 00 1f d6  .{B..OA.....@...
19ce513e0  a1 0a 80 52 e0 03 13 aa e8 07 00 f9 e2 03 08 aa  ...R............
19ce513f0  50 9b 00 94 e8 07 40 f9 e9 ff ff 17 f4 4f be a9  P.....@......O..
19ce51400  fd 7b 01 a9 fd 43 00 91 f3 03 02 aa f4 03 00 aa  .{...C..........
19ce51410  3f 04 00 f1 40 02 00 54 28 7c d3 9b ff 03 08 eb  ?...@..T(|......
19ce51420  21 01 00 54 33 7c 13 9b 48 de 1e b0 08 d1 43 f9  !..T3|..H.....C.
19ce51430  08 01 40 f9 09 00 80 92 28 05 08 ca 7f 02 08 eb  ..@.....(.......
19ce51440  e9 00 00 54 c0 be 03 94 e8 03 00 aa 00 00 80 d2  ...T............
19ce51450  e9 07 1e 32 09 01 00 b9 0c 00 00 14 7f 02 04 f1  ...2............
19ce51460  a8 01 00 54 68 3e 00 91 08 ed 7c 92 7f 46 00 f1  ...Th>....|..F..
19ce51470  e9 03 1c 32 21 31 88 9a e2 03 00 32 e0 03 14 aa  ...2!1.....2....
19ce51480  a8 fe ff 97 80 00 00 b4 fd 7b 41 a9 f4 4f c2 a8  .........{A..O..
19ce51490  c0 03 5f d6 80 16 78 f9 03 10 40 f9 e1 03 00 32  .._...x...@....2
19ce514a0  e2 03 13 aa fd 7b 41 a9 f4 4f c2 a8 60 00 1f d6  .....{A..O..`...
19ce514b0  f8 5f bc a9 f6 57 01 a9 f4 4f 02 a9 fd 7b 03 a9  ._...W...O...{..
19ce514c0  fd c3 00 91 f5 03 02 aa f4 03 00 aa c1 01 00 b4  ................
19ce514d0  f3 03 01 aa 02 00 80 52 e0 03 14 aa 34 fe ff 97  .......R....4...

,	Aweme!0x3e71368 this.args4 0x0 0x0

,	Aweme!0x3e71368 this.args0 onLeave 0x280725300             0  1  2  3  4  5  6  7  8  9  A  B  C  D  E  F  0123456789ABCDEF
280725300  68 22 ac 0a 01 00 00 00 08 00 00 00 00 00 00 00  h"..............
280725310  10 61 52 80 02 00 00 00 00 00 00 00 00 00 00 00  .aR.............
280725320  68 22 ac 0a 01 00 00 00 0b 00 00 00 0a 00 00 00  h"..............
280725330  90 6a 52 80 02 00 00 00 63 6f 6d 00 01 00 00 00  .jR.....com.....
280725340  41 1c 70 0c a1 01 00 00 e9 00 00 00 00 00 00 00  A.p.............
280725350  38 37 90 cf 5b 65 ab 40 00 00 00 00 00 00 00 00  87..[e.@........
280725360  15 1a 70 0c a1 01 00 00 a0 53 72 80 02 00 00 00  ..p......Sr.....
280725370  c0 4d 72 80 02 00 00 00 00 00 00 00 00 00 00 00  .Mr.............
280725380  41 1c 70 0c a1 01 00 00 ec 00 00 00 00 00 00 00  A.p.............
280725390  ef 6c de a0 9a 6a 9a 40 00 00 00 00 00 00 00 00  .l...j.@........
2807253a0  41 1c 70 0c a1 01 00 00 f2 00 00 00 00 00 00 00  A.p.............
2807253b0  b8 66 61 3d 88 ed 9d 40 00 00 00 00 00 00 00 00  .fa=...@........
2807253c0  41 1c 70 0c a1 01 00 00 2b 01 00 00 00 00 00 00  A.p.....+.......
2807253d0  4e eb be d6 6c 64 8e 40 00 00 00 00 00 00 00 00  N...ld.@........
2807253e0  18 00 00 00 00 00 00 00 01 00 00 00 06 00 00 00  ................
2807253f0  18 42 36 22 01 00 00 00 d8 d3 9d 0a 01 00 00 00  .B6"............
280725400  00 00 00 00 00 00 00 00 00 97 b6 83 02 00 00 00  ................
280725410  00 00 00 00 00 00 00 00 00 00 00 00 00 00 00 00  ................
280725420  20 54 9e f2 07 e3 00 00 86 00 60 00 00 00 00 00   T........`.....
280725430  00 00 00 23 dd d2 43 40 00 00 00 00 00 00 00 00  ...#..C@........
280725440  68 22 ac 0a 01 00 00 00 0b 00 00 00 0a 00 00 00  h"..............
280725450  00 52 52 80 02 00 00 00 00 00 00 00 00 00 00 00  .RR.............
280725460  77 65 62 63 61 73 74 35 2d 63 6f 72 65 2d 63 2d  webcast5-core-c-
280725470  68 6c 2e 61 6d 65 6d 76 2e 63 6f 6d 00 00 00 00  hl.amemv.com....
280725480  41 1c 70 0c a1 01 00 00 e3 00 00 00 00 00 00 00  A.p.............
280725490  f8 93 72 00 aa 76 8d 40 00 00 00 00 00 00 00 00  ..r..v.@........
2807254a0  15 1a 70 0c a1 01 00 00 00 50 72 80 02 00 00 00  ..p......Pr.....
2807254b0  c0 52 72 80 02 00 00 00 00 00 00 00 00 00 00 00  .Rr.............
2807254c0  15 1a 70 0c a1 01 00 00 40 53 72 80 02 00 00 00  ..p.....@Sr.....
2807254d0  e0 51 72 80 02 00 00 00 00 00 00 00 00 00 00 00  .Qr.............
2807254e0  19 18 aa e5 a1 01 00 00 a8 07 00 00 01 00 00 00  ................
2807254f0  a0 4c 72 80 02 00 00 00 14 00 00 00 00 00 00 00  .Lr.............
280725500  19 18 aa e5 a1 01 00 00 90 07 00 00 01 00 00 00  ................
280725510  04 00 00 00 00 00 00 00 1b 52 fa 5e fe 94 a5 63  .........R.^...c
280725520  02 00 00 00 00 00 00 00 80 5f 72 80 02 00 00 00  ........._r.....
280725530  18 38 6d dc 01 00 00 00 00 00 00 00 00 00 00 00  .8m.............
280725540  72 65 6d 6f 76 65 43 6f 6e 74 65 6e 74 4f 66 66  removeContentOff
280725550  73 65 74 3a 00 00 00 00 40 36 74 80 02 00 00 00  set:....@6t.....
280725560  41 1c 70 0c a1 01 00 00 e9 00 00 00 00 00 00 00  A.p.............
280725570  c3 d4 32 29 eb 03 9c 40 00 00 00 00 00 00 00 00  ..2)...@........
280725580  71 33 aa e5 a1 01 00 00 02 00 00 00 00 00 00 00  q3..............
280725590  20 ab 37 82 02 00 00 00 a0 bb 37 82 02 00 00 00   .7.......7.....
2807255a0  19 18 aa e5 a1 01 00 00 8c 07 00 00 01 00 00 00  ................
2807255b0  0e 6f 6e 65 50 68 6f 74 6f 56 69 64 65 6f 73 00  .onePhotoVideos.
2807255c0  18 00 00 00 00 00 00 00 68 69 52 80 02 00 00 00  ........hiR.....
2807255d0  01 00 00 00 01 00 00 00 00 00 00 00 01 00 00 00  ................
2807255e0  3d 14 62 0c a1 01 00 00 00 00 00 00 00 00 00 00  =.b.............
2807255f0  f0 09 98 80 02 00 00 00 e0 2b 98 80 02 00 00 00  .........+......
280725600  71 33 aa e5 a1 01 00 00 02 00 00 00 00 00 00 00  q3..............
280725610  f8 91 5a dc 01 00 00 00 18 92 5a dc 01 00 00 00  ..Z.......Z.....
280725620  71 33 aa e5 a1 01 00 00 02 00 00 00 00 00 00 00  q3..............
280725630  40 fb 36 82 02 00 00 00 c0 ed 36 82 02 00 00 00  @.6.......6.....
280725640  61 6e 63 68 6f 72 42 75 73 69 6e 65 73 73 54 79  anchorBusinessTy
280725650  70 65 00 49 4e 54 45 47 45 52 00 00 00 00 00 00  pe.INTEGER......
280725660  51 fc ad e5 a1 01 00 00 02 00 00 00 52 59 41 4c  Q...........RYAL
280725670  d0 ec 20 11 01 00 00 00 00 00 00 00 00 00 00 00  .. .............
280725680  41 31 aa e5 a1 01 00 00 e0 b1 98 80 02 00 00 00  A1..............
280725690  03 00 00 80 01 00 00 04 00 00 00 00 00 00 00 00  ................
2807256a0  6d 69 73 73 69 6f 6e 49 6e 66 6f 00 42 4c 4f 42  missionInfo.BLOB
2807256b0  00 46 72 61 6d 65 77 6f 72 6b 73 00 00 00 00 00  .Frameworks.....
2807256c0  73 6f 75 72 63 65 50 6f 69 4c 6f 6e 67 69 74 75  sourcePoiLongitu
2807256d0  64 65 00 52 45 41 4c 00 00 00 00 00 00 00 00 00  de.REAL.........
2807256e0  70 61 73 73 69 76 65 41 6e 63 68 6f 72 00 49 4e  passiveAnchor.IN
2807256f0  54 45 47 45 52 00 2e 63 6f 6d 00 6f 6d 00 00 00  TEGER..com.om...

,	Aweme!0x3e71368 this.args1 onLeave 0xe307f2be6110 0xe307f2be6110

,	Aweme!0x3e71368 this.args2 onLeave 0x0 0x0

,	Aweme!0x3e71368 this.args3 onLeave 0x19ce510e0             0  1  2  3  4  5  6  7  8  9  A  B  C  D  E  F  0123456789ABCDEF
19ce510e0  f6 57 bd a9 f4 4f 01 a9 fd 7b 02 a9 fd 83 00 91  .W...O...{......
19ce510f0  f4 03 02 aa f3 03 01 aa f5 03 00 aa 21 02 00 b4  ............!...
19ce51100  68 fe 5d d3 1f 51 00 f1 c1 01 00 54 08 01 8e 52  h.]..Q.....T...R
19ce51110  a8 6a 68 38 68 02 18 37 9f 0e 40 f2 88 fe 44 d3  .jh8h..7..@...D.
19ce51120  08 05 88 1a 02 05 00 51 e0 03 15 aa e1 03 13 aa  .......Q........
19ce51130  fd 7b 42 a9 f4 4f 41 a9 f6 57 c3 a8 0e 00 00 14  .{B..OA..W......
19ce51140  a0 16 78 f9 03 3c 40 f9 e1 03 13 aa e2 03 14 aa  ..x..<@.........
19ce51150  fd 7b 42 a9 f4 4f 41 a9 f6 57 c3 a8 60 00 1f d6  .{B..OA..W..`...
19ce51160  a1 0a 80 52 e0 03 13 aa e2 03 14 aa f1 9b 00 94  ...R............
19ce51170  ea ff ff 17 fa 67 bb a9 f8 5f 01 a9 f6 57 02 a9  .....g..._...W..
19ce51180  f4 4f 03 a9 fd 7b 04 a9 fd 03 01 91 f4 03 02 aa  .O...{..........
19ce51190  f3 03 00 aa 35 c4 72 92 28 94 66 92 09 0c 78 f9  ....5.r.(.f...x.
19ce511a0  28 01 08 ca 29 7c 4e d3 2a 64 0e 53 29 2d 06 53  (...)|N.*d.S)-.S
19ce511b0  49 15 1a 33 16 49 29 8b c9 00 00 d0 29 81 25 91  I..3.I).....).%.
19ce511c0  c8 02 40 b9 38 59 62 b8 09 07 00 51 2a 00 15 4b  ..@.8Yb....Q*..K
19ce511d0  4b 6c 1c 53 6b 41 00 11 4a 0d cb 1a 4a 05 00 11  Kl.SkA..J...J...
19ce511e0  4a 29 00 12 6b ff 80 52 ac ff 80 52 0d 29 00 12  J)..k..R...R.)..
19ce511f0  0f 01 20 11 ee 25 15 12 10 01 01 12 11 01 48 11  .. ..%........H.
19ce51200  31 26 0b 12 0e 02 0e 2a ce 01 11 2a bf f1 1f 71  1&.....*...*...q
19ce51210  a0 01 00 54 ef 51 0b 53 ff 01 09 6b 41 01 00 54  ...T.Q.S...kA..T
19ce51220  1f 01 00 71 6d b1 8c 1a d9 01 0d 2a cd 7e 5f 88  ...qm......*.~_.
19ce51230  bf 01 08 6b 21 02 00 54 d9 7e 0d 88 8d ff ff 35  ...k!..T.~.....5
19ce51240  11 00 00 14 59 01 0e 2a bf f1 1f 71 6d 01 8d 1a  ....Y..*...qm...
19ce51250  2d 10 00 79 6d 12 78 f9 ad 01 01 ca 2d 00 00 f9  -..ym.x.....-...
19ce51260  cd 7e 5f 88 bf 01 08 6b 81 00 00 54 d9 fe 0d 88  .~_....k...T....
19ce51270  8d ff ff 35 14 00 00 14 5f 3f 03 d5 e8 03 0d aa  ...5...._?......
19ce51280  db ff ff 17 49 62 24 90 29 e9 43 b9 c9 01 00 35  ....Ib$.).C....5
19ce51290  a8 01 f8 37 08 0b 8e 52 77 02 08 8b a1 00 a0 52  ...7...Rw......R
19ce512a0  e0 03 17 aa 95 9e 00 94 e3 03 14 aa e0 03 13 aa  ................
19ce512b0  e1 03 16 aa e2 03 15 aa c3 01 00 94 e0 03 17 aa  ................
19ce512c0  97 9e 00 94 f9 01 f8 37 e8 03 00 32 14 21 d4 1a  .......7...2.!..
19ce512d0  88 00 8e 52 75 02 08 8b a8 02 40 79 88 02 08 0a  ...Ru.....@y....
19ce512e0  29 53 0b 53 20 01 62 1e 1f 01 00 71 01 03 62 1e  )S.S .b....q..b.
19ce512f0  02 10 6d 1e 21 08 62 1e 22 14 60 1e e9 00 00 54  ..m.!.b.".`....T
19ce51300  fd 7b 44 a9 f4 4f 43 a9 f6 57 42 a9 f8 5f 41 a9  .{D..OC..WB.._A.
19ce51310  fa 67 c5 a8 c0 03 5f d6 73 1e 40 91 a1 00 a0 52  .g...._.s.@....R
19ce51320  e0 03 13 aa 75 9e 00 94 a8 02 40 79 08 01 34 0a  ....u.....@y..4.
19ce51330  a8 02 00 79 e0 03 13 aa fd 7b 44 a9 f4 4f 43 a9  ...y.....{D..OC.
19ce51340  f6 57 42 a9 f8 5f 41 a9 fa 67 c5 a8 74 9e 00 14  .WB.._A..g..t...
19ce51350  ff c3 00 d1 f4 4f 01 a9 fd 7b 02 a9 fd 83 00 91  .....O...{......
19ce51360  f3 03 01 aa f4 03 00 aa e1 02 00 b4 68 fe 5d d3  ............h.].
19ce51370  1f 51 00 f1 81 02 00 54 02 00 80 52 e0 03 14 aa  .Q.....T...R....
19ce51380  e1 03 13 aa 8a fe ff 97 e0 01 00 b4 e8 03 00 aa  ................
19ce51390  09 01 8e 52 89 6a 69 38 49 02 18 37 1f 0d 40 f2  ...R.ji8I..7..@.
19ce513a0  08 fd 44 d3 08 05 88 1a 02 05 00 51 e0 03 14 aa  ..D........Q....
19ce513b0  e1 03 13 aa fd 7b 42 a9 f4 4f 41 a9 ff c3 00 91  .....{B..OA.....
19ce513c0  6d ff ff 17 80 16 78 f9 02 18 40 f9 e1 03 13 aa  m.....x...@.....
19ce513d0  fd 7b 42 a9 f4 4f 41 a9 ff c3 00 91 40 00 1f d6  .{B..OA.....@...
19ce513e0  a1 0a 80 52 e0 03 13 aa e8 07 00 f9 e2 03 08 aa  ...R............
19ce513f0  50 9b 00 94 e8 07 40 f9 e9 ff ff 17 f4 4f be a9  P.....@......O..
19ce51400  fd 7b 01 a9 fd 43 00 91 f3 03 02 aa f4 03 00 aa  .{...C..........
19ce51410  3f 04 00 f1 40 02 00 54 28 7c d3 9b ff 03 08 eb  ?...@..T(|......
19ce51420  21 01 00 54 33 7c 13 9b 48 de 1e b0 08 d1 43 f9  !..T3|..H.....C.
19ce51430  08 01 40 f9 09 00 80 92 28 05 08 ca 7f 02 08 eb  ..@.....(.......
19ce51440  e9 00 00 54 c0 be 03 94 e8 03 00 aa 00 00 80 d2  ...T............
19ce51450  e9 07 1e 32 09 01 00 b9 0c 00 00 14 7f 02 04 f1  ...2............
19ce51460  a8 01 00 54 68 3e 00 91 08 ed 7c 92 7f 46 00 f1  ...Th>....|..F..
19ce51470  e9 03 1c 32 21 31 88 9a e2 03 00 32 e0 03 14 aa  ...2!1.....2....
19ce51480  a8 fe ff 97 80 00 00 b4 fd 7b 41 a9 f4 4f c2 a8  .........{A..O..
19ce51490  c0 03 5f d6 80 16 78 f9 03 10 40 f9 e1 03 00 32  .._...x...@....2
19ce514a0  e2 03 13 aa fd 7b 41 a9 f4 4f c2 a8 60 00 1f d6  .....{A..O..`...
19ce514b0  f8 5f bc a9 f6 57 01 a9 f4 4f 02 a9 fd 7b 03 a9  ._...W...O...{..
19ce514c0  fd c3 00 91 f5 03 02 aa f4 03 00 aa c1 01 00 b4  ................
19ce514d0  f3 03 01 aa 02 00 80 52 e0 03 14 aa 34 fe ff 97  .......R....4...

,	Aweme!0x3e71368 this.args4 onLeave 0x0 0x0

,retval onLeave: 0x16f2a8a10 0x16f2a8a10

[end signal]{
    "X-Argus" = "20TCWW8d4Vvqszpid4DlmlCr9srjshJ2BnavXc6/x+e9EQL631T+7TueEA1EXUJI0ZdTVx9Wg6csNyb2CLhSeLlE61OufB6Fm1oByuTTjugp5pTem982CR7YVbdx0l5dPSYqEt15r4CiRRAPjmb6oyeoiHz9655zqQMV6HrfQq/qQyrQmMRUEOos4XIsczJiIlJWTwhVVHJmxUNXKlSPbB+T26/wCEyJj1PSlDvQr/Eyqg==";
    "X-Gorgon" = 8404405c000086d2ffb2d7282b97f7a9e127f80a35f3356fbaa1;
    "X-Khronos" = 1618201440;
    "X-Ladon" = "/zLKI929k4HmK9p9Xhy56hiyxAWMAZfKFtMPo6WwBhEm9FZ0";
    "X-Tyhon" = "2i9xUujNPwCs13FSp8wjFr2CcR2m0DUH6IJxtBU=";
}
Aweme!0x3e6047c 1
Aweme!0x3e713b0 3
Aweme!0x3ed325c 5
Aweme!0x775e804 4
Aweme!0x3e71698 10
Aweme!0x3ecb260 6
Aweme!0x3e712f8 1
Aweme!0x3e7bed4 1
Aweme!0x3e71128 1
Aweme!0x3e853d8 30
Aweme!0x3e85208 9
Aweme!0x3ea61f0 2
Aweme!0x3e7129c 1
Aweme!0x3e86df4 9
Aweme!0x3ea2ad4 2
Aweme!0x3e70b5c 20
Aweme!0x3e71240 2
Aweme!0x3e4e728 2
Aweme!0x3e51534 7
Aweme!0x3ed9ec8 3
Aweme!0x3e70c74 1
Aweme!0x3ea1858 37
Aweme!0x3ecf460 1
Aweme!0x3ecc428 1
Aweme!0x3edb1a4 1
Aweme!0x3e83398 1
Aweme!0x3e70d30 1
Aweme!0x3ed9d58 5
Aweme!0x3e5cbf4 1
Aweme!0x3e872b0 10
Aweme!0x3e711e8 1
Aweme!0x3ea8ba8 55
Aweme!0x3eda3e0 4
Aweme!0x3ec92dc 1
Aweme!0x3ed3264 257
Aweme!0x3e8a230 1
Aweme!0x3e87254 7
Aweme!0x3e7118c 2
Aweme!0x3ea8d1c 1
Aweme!0x3e617bc 1
Aweme!0x3ea1630 2
Aweme!0x3e71300 1
Aweme!0x3ea8cc0 3
Aweme!0x3e86fcc 4
Aweme!0x3ed3150 41
Aweme!0x3e87d94 2
Aweme!0x3eca8a0 1
Aweme!0x3edb264 1
Aweme!0x3e4e730 2
Aweme!0x3e8a290 1
Aweme!0x3ed32c4 2
Aweme!0x3ecaa14 5
Aweme!0x3ee1390 1
Aweme!0x3e7019c 1
Aweme!0x3e52134 5
Aweme!0x3e713bc 1
Aweme!0x3e70140 1
Aweme!0x3e70d94 1
Aweme!0x3e58b14 236
Aweme!0x3e67890 4
Aweme!0x3ed31b0 1
Aweme!0x3e7141c 1
Aweme!0x3e86f74 1
Aweme!0x3e84dbc 1
Aweme!0x3e7124c 5
Aweme!0x3ea8bb0 69
Aweme!0x3e4de24 9
Aweme!0x3e708e0 1
Aweme!0x3edb20c 2
Aweme!0x3e8c790 2
Aweme!0x3e70fc4 4
Aweme!0x3e88764 1
Aweme!0x3e87200 1
Aweme!0x775e078 9
Aweme!0x3ea197c 28
Aweme!0x3e868f0 5
Aweme!0x3ea1b4c 1
Aweme!0x3ecd59c 2
Aweme!0x3e86fd4 4
Aweme!0x3e52080 14
Aweme!0x3ead4f0 1
Aweme!0x3ed4bd0 1
Aweme!0x3ea1a94 1
Aweme!0x3e70b10 12
Aweme!0x3ecaa78 1
Aweme!0x3e71080 2
Aweme!0x3eda21c 2
Aweme!0x3ed7070 2
Aweme!0x3ed9e7c 3
Aweme!0x3e71368 2
Aweme!0x3e90e48 1
Aweme!0x3ea7994 4
Aweme!0x3ecb2d0 57
Aweme!0x3e520e0 14
Aweme!0x3eb1c60 1
Aweme!0x3e70bcc 1
Aweme!0x775c5a8 7
Aweme!0x3ecaca8 1
Aweme!0x3ea03c0 1
Aweme!0x3e5c520 2
Aweme!0x3edad5c 2
Aweme!0x3e8a128 1
Aweme!0x3ee7920 4
Aweme!0x3ed72a0 1
Aweme!0x3ec9348 2
Aweme!0x3ea1188 1
Aweme!0x3e5d118 1
Aweme!0x3e71028 1
Aweme!0x3ea169c 2
Aweme!0x3e926f4 1
Aweme!0x3ecb278 1
Aweme!0x3e67728 3
Aweme!0x3e70f70 2
Aweme!0x3e92868 1
Aweme!0x3e86fdc 1
Aweme!0x3ea1928 1
Aweme!0x3e71428 1
Aweme!0x3e90f08 1
Aweme!0x3ed69f0 1
Aweme!0x3eca340 6
Aweme!0x3e4e740 4
Aweme!0x3e711fc 1
Aweme!0x3ecb164 1
Aweme!0x775d148 23
Aweme!0x3e8a244 1
Aweme!0x3e70fd0 4
Aweme!0x3ecb9bc 3
Aweme!0x3e61204 2
Aweme!0x3ea8cd4 3
Aweme!0x775e084 6
Aweme!0x3e4dd78 1
Aweme!0x3e71488 1
Aweme!0x3e5208c 5
Aweme!0x3e70d48 2
Aweme!0x3e5cc68 2
Aweme!0x3ea03c8 9
Aweme!0x3e57394 1
Aweme!0x3ecb1c4 1
Aweme!0x3ea1c70 1
Aweme!0x3ea7c28 5
Aweme!0x3e624e0 2
Aweme!0x3eda3f8 3
Aweme!0x3e70550 3
Aweme!0x3e71374 2
Aweme!0x3e928cc 2
Aweme!0x3eb31d0 4
Aweme!0x3e71318 3
Aweme!0x3e520ec 6
Aweme!0x3e70da8 5
Aweme!0x3e70bd8 3
Aweme!0x3e5c1e8 1
Aweme!0x3e7ce8c 4
Aweme!0x3ea8c7c 2
Aweme!0x3e71430 3
Aweme!0x3ecac58 52
Aweme!0x775dfd0 38
Aweme!0x3e84a30 1
Aweme!0x3ed32dc 257
Aweme!0x3ecda08 1
Aweme!0x3ee5718 6
Aweme!0x775e828 9
Aweme!0x3ecb9c4 4
Aweme!0x3e5cb58 2
Aweme!0x3ea164c 1
Aweme!0x3e8c7a4 2
Aweme!0x3ea0828 7
Aweme!0x3e9a300 2
Aweme!0x3e7114c 1
Aweme!0x3e70f7c 1
Aweme!0x3e86ad4 2
Aweme!0x3ed3224 256
Aweme!0x3ecc730 1
Aweme!0x3ea1764 1
Aweme!0x3ead334 1
Aweme!0x3e68100 1
Aweme!0x3e58a74 472
Aweme!0x775e888 1
Aweme!0x3ecf140 1
Aweme!0x3ed67d0 6
Aweme!0x3ed30b4 4
Aweme!0x3ed9e90 5
Aweme!0x3e711ac 3
Aweme!0x775c7e8 402
Aweme!0x3e87048 2
Aweme!0x775e090 3
Aweme!0x3e51f24 5
Aweme!0x3eca7a8 4
Aweme!0x3e70db0 21
Aweme!0x3e70100 2
Aweme!0x3e93d80 8
Aweme!0x3ede65c 1
Aweme!0x3ee4b84 8
Aweme!0x3e523dc 2
Aweme!0x3e8a13c 1
Aweme!0x3ea8c28 4
Aweme!0x3ecc8a8 1
Aweme!0x3e70b28 12
Aweme!0x3ea170c 9
Aweme!0x3ecec30 19
Aweme!0x3ecda6c 2
Aweme!0x775d328 2
Aweme!0x3ecf828 1
Aweme!0x3e71268 1
Aweme!0x3ecb118 3
Aweme!0x3ee5894 2
Aweme!0x3e4e698 2
Aweme!0x3e86adc 1
Aweme!0x3ea1998 1
Aweme!0x3e58964 1
Aweme!0x3e71668 9
Aweme!0x3edb340 2
Aweme!0x3ed4a78 1
Aweme!0x3ed9ddc 8
Aweme!0x3e67854 1
Aweme!0x3eda120 1
Aweme!0x3e87334 5
Aweme!0x3ed3344 1
Aweme!0x3e90ec0 1
Aweme!0x3ea16b4 45
Aweme!0x3eda408 2
Aweme!0x3e516d4 7
Aweme!0x3edacbc 1
Aweme!0x3e51f88 10
Aweme!0x3e89ce8 1
Aweme!0x3ed328c 2
Aweme!0x3e71328 1
Aweme!0x775e834 2
Aweme!0x3edb174 1
Aweme!0x3e86ff4 2
Aweme!0x3ecc90c 2
Aweme!0x775ec90 6
Aweme!0x3e67688 3
Aweme!0x775e720 6
Aweme!0x3e71270 3
Aweme!0x3e52044 3
Aweme!0x3e71440 1
Aweme!0x3ee4790 1
Aweme!0x3e872dc 5
Aweme!0x3ecf88c 2
Aweme!0x3e70ca4 2
Aweme!0x3e5c824 2
Aweme!0x3ed7260 1
Aweme!0x3ecb9d4 1
Aweme!0x775c7f4 38
Aweme!0x3e70dbc 1
Aweme!0x3e86ae4 1
Aweme!0x3e714a0 2
Aweme!0x3ecaaf8 1
Aweme!0x3e709c0 30
Aweme!0x3e523e8 2
Aweme!0x3ecfc30 1
Aweme!0x3e84c14 1
Aweme!0x3ecb180 19
Aweme!0x3e71218 3
Aweme!0x3e86ba0 3
Aweme!0x3ea6110 2
Aweme!0x3e70e1c 2
Aweme!0x775e7e0 2
Aweme!0x3e70f90 2
Aweme!0x3ea1b74 10
Aweme!0x3ed3238 6
Aweme!0x3ee5674 4
Aweme!0x3e51ed8 14
Aweme!0x3e5de48 2
Aweme!0x3e71448 1
Aweme!0x3eac354 1
Aweme!0x3eaea20 11
Aweme!0x3e70d08 2
Aweme!0x3ed32f4 2
Aweme!0x3e56530 1
Aweme!0x3e4e1f0 9
Aweme!0x3ecb1e0 1
Aweme!0x3ecb9dc 7
Aweme!0x3ea1664 1
Aweme!0x3e885c0 1
Aweme!0x3ed3010 516
Aweme!0x3e71108 1
Aweme!0x3e7cea8 2
Aweme!0x3eca930 14
Aweme!0x3e67c04 1
Aweme!0x3e67a34 1
Aweme!0x3e523f0 5
Aweme!0x3ea7e18 52
Aweme!0x3ea3c78 1
Aweme!0x3e84a4c 1
Aweme!0x3e60518 1
Aweme!0x3ecafb8 1
Aweme!0x3ecb188 2
Aweme!0x3e70f38 3
Aweme!0x3ead464 1
Aweme!0x3ed30cc 3
Aweme!0x3ed9ea8 5
Aweme!0x3e711c4 2
Aweme!0x3ecb2a0 24
Aweme!0x3ed7210 1
Aweme!0x3ed3240 1
Aweme!0x3e7cf08 2
Aweme!0x3e57ef4 18
Aweme!0x3e86920 5
Aweme!0x3ed31e4 258
Aweme!0x3ed9fc0 1
Aweme!0x3e712dc 3
Aweme!0x775e78c 238
Aweme!0x3ed3358 3
Aweme!0x3ede618 2
Aweme!0x775e390 3
Aweme!0x3edded8 1
Aweme!0x3ecef8c 1
Aweme!0x3e90ed4 1
Aweme!0x3e713f4 1
Aweme!0x3ecabc0 5
Aweme!0x3ecb9e4 7
Aweme!0x3eca820 4
Aweme!0x3ea1d50 1
Aweme!0x3e51f40 3
Aweme!0x3e714b0 1
Aweme!0x3e5e594 1
Aweme!0x775c5d8 32
Aweme!0x3e6057c 2
Aweme!0x3e70ba0 10
Aweme!0x3e868c8 5
Aweme!0x3e5e8d8 1
Aweme!0x3e4f5ec 2
Aweme!0x3e71284 1
Aweme!0x3e8c880 4
Aweme!0x3ea1ac8 1
Aweme!0x3e70b44 9
Aweme!0x3e51918 7
Aweme!0x3e67810 56
Aweme!0x3e61858 1
Aweme!0x3eac818 1
Aweme!0x3ecb134 1
Aweme!0x3ecaf64 1
Aweme!0x3ecfd58 1
Aweme!0x3e711cc 2
Aweme!0x3eda368 1
Aweme!0x3ecf3ec 2
Aweme!0x3e523fc 7
Aweme!0x3e7ce58 4
Aweme!0x3eca540 4
Aweme!0x3ed7104 4
Aweme!0x3e872f4 2
Aweme!0x3ea6180 1
Aweme!0x3ecf504 1
Aweme!0x3e5205c 11
Aweme!0x3ed32a8 3
Aweme!0x3ed3304 1
Aweme!0x3e870c8 2
Aweme!0x3ea0f90 1
Aweme!0x3e51fa4 3
Aweme!0x3ee4520 2
Aweme!0x3eda3c8 3
Aweme!0x3eda028 1
Aweme!0x3ea8d04 7
Aweme!0x3e710b8 2
Aweme!0x3e5e93c 2
Aweme!0x3e712e8 2
Aweme!0x3ea7e84 1
Aweme!0x3eac8d8 1
Aweme!0x3e618bc 2
Aweme!0x3e7128c 6
Aweme!0x775e39c 7
Aweme!0x3e86de4 1
Aweme!0x3e70d1c 2
Aweme!0x3e71400 1
Aweme!0x775b534 2
Aweme!0x3ecaa58 11
Aweme!0x3e70920 1
Aweme!0x3ed9eb8 4
Aweme!0x3e713a4 1
Aweme!0x3e67b00 2
Aweme!0x775e7f8 1
Aweme!0x3ea12d8 1
Aweme!0x3eca9a0 1
Aweme!0x3e58b58 236
Aweme!0x3e5c5b8 1
Aweme!0x3e7111c 2
Aweme!0x3e520c0 3
Aweme!0x3e70d7c 2
Aweme!0x3e93da8 2
Aweme!0x3e70980 29
Aweme!0x3e70af4 21
Aweme!0x3e8c7d4 2
Aweme!0x3eda5fc 1
Aweme!0x3e4e71c 4
Aweme!0x3ecfd64 1
Aweme!0x3eca9a4 4
Aweme!0x3eca604 3
Aweme!0x3ed31f8 2
Aweme!0x3ed3028 814
Aweme!0x3ee49e0 1
Aweme!0x3ecb1fc 1
Aweme!0x3e71464 1
Aweme!0x3e71294 2
Aweme!0x3e86dec 1
Aweme!0x3ea7a90 8
Aweme!0x3e67bc0 2
Aweme!0x3e5c8a4 1
Aweme!0x3e87300 4
Aweme!0x3ecb02c 2
Aweme!0x775e348 7
Aweme!0x3ea0a88 1
Aweme!0x3ed32b4 2
Aweme!0x3ea8c54 6
Aweme!0x3e4e1b0 5
Aweme!0x3e5bd68 4
Aweme!0x3e716f0 7
Aweme!0x3ea1680 3
Aweme!0x3e70c10 3
Aweme!0x3e5c61c 2
Aweme!0x3e84b20 1
Aweme!0x775e7a4 238
Aweme!0x3ede85c 3
Aweme!0x775cb00 1
Aweme!0x775e918 1
Aweme!0x3ea61ec 21
Aweme!0x3ea1228 1
Aweme!0x3e808c8 1
Aweme!0x3ea8d0c 402
On receive  16384
Error happenError: unable to find module containing 0x12393c25c
Error happenError: unable to find module containing 0x1238be984
Error happenError: unable to find module containing 0x1238be994
call: Aweme!0x3ecb52c Aweme!0x775e390@DYLD-STUB$$objc_retain
