AwemeModuleBase:0x104acb4f0
arg1 https://search3-search-lf.amemv.com/aweme/v1/search/item/?caid1=0803bffc8815b9f02c08f48f95c1008c&tma_jssdk_version=2.1.0.2&minor_status=0&ac=WIFI&appTheme=dark&is_vcd=1&keyword=%E7%8E%8B%E4%B8%80%E5%8D%9A&video_cover_shrink=372_496&enter_from=homepage_hot&sort_type=0&backtrace=M7U2PfbCPC7qlX46ow2D73foIbuD7zG%2BTODCT48wHI74oC1dlQVm4omXMt%2BkHUSKjMf5EJvWyjt3jVKDb%2FBylQ%3D%3D&count=12&is_filter_search=0&user_avatar_shrink=64_64&source=video_search&query_correct_type=1&rs_word_count=5&offset=0&search_source=normal_search&publish_time=0&hot_search=0&aid=1128&app_name=aweme&app_version=14.8.0&build_number=148013&cdid=FEDA96DE-E849-4E15-99C9-66CD61F50ADD&channel=App%20Store&device_id=4169787388733342&device_platform=iphone&device_type=iPhone9,1&idfa=322127EF-8E4E-48E9-98E0-99ACBDC85525&iid=2955926580500413&js_sdk_version=1.99.0.3&mcc_mnc=&openudid=a4cb7b4ade7c5e8e6c90cf8f892aafe6c64c73d1&os_api=18&os_version=13.3.1&screen_width=750&version_code=14.8.0&vid=25AD3C98-7CA5-4B2E-9B39-9BAEFC31BBD2
arg2 {
    "User-Agent" = "Aweme 14.8.0 rv:148013 (iPhone; iOS 13.3.1; zh_CN) Cronet";
    "x-common-params-v2" = "aid=1128&app_name=aweme&app_version=14.8.0&build_number=148013&cdid=FEDA96DE-E849-4E15-99C9-66CD61F50ADD&channel=App%20Store&device_id=4169787388733342&device_platform=iphone&device_type=iPhone9,1&idfa=322127EF-8E4E-48E9-98E0-99ACBDC85525&iid=2955926580500413&js_sdk_version=1.99.0.3&mcc_mnc=&openudid=a4cb7b4ade7c5e8e6c90cf8f892aafe6c64c73d1&os_api=18&os_version=13.3.1&screen_width=750&version_code=14.8.0&vid=25AD3C98-7CA5-4B2E-9B39-9BAEFC31BBD2";
    "x-tt-token" = "003c4774314c4f83d0177a0ae886f5a6f50056cb8fc53fa60c3b0bf88596c762fc922f46798e27276d911e99fde0203a46a8df6837c3279998eaaccf63df5e59c34fb9458bd8d9b17fd1ecf392c2a6fc08649f8411f4295761fc95f3fe46affde27ce-1.0.1";
}
call Aweme!0x3e70d30
,	Aweme!0x3e70d30 this.args0 0x282634ee0             0  1  2  3  4  5  6  7  8  9  A  B  C  D  E  F  0123456789ABCDEF
282634ee0  f0 8a 79 08 01 00 00 00 d0 af 21 83 02 00 00 00  ..y.......!.....
282634ef0  90 cf f0 80 02 00 00 00 d0 db f0 80 02 00 00 00  ................
282634f00  60 e2 f0 80 02 00 00 00 a0 31 d9 80 02 00 00 00  `........1......
282634f10  10 ca f0 80 02 00 00 00 00 00 00 00 00 00 00 00  ................
282634f20  00 00 00 00 00 00 00 00 a0 8e 63 83 02 00 00 00  ..........c.....
282634f30  e0 91 63 83 02 00 00 00 00 0d 35 82 02 00 00 00  ..c.......5.....
282634f40  d0 55 f0 80 02 00 00 00 36 30 3e 2c 20 00 00 00  .U......60>, ...
282634f50  e1 e8 aa e5 a1 01 00 00 00 00 00 00 00 00 00 00  ................
282634f60  00 00 00 00 00 00 00 00 00 00 00 00 00 00 00 00  ................
282634f70  00 00 00 00 00 00 00 00 5a 54 55 4d 00 00 00 00  ........ZTUM....
282634f80  00 00 00 00 a0 20 00 00 00 00 00 00 5a 54 55 4d  ..... ......ZTUM
282634f90  00 00 00 00 00 00 00 00 00 00 00 00 00 00 00 00  ................
282634fa0  ff ff ff ff ff ff ff ff 87 b0 9c 7d fd ff ff ff  ...........}....
282634fb0  5a 54 55 4d 5a 54 55 4d 00 00 00 00 00 00 00 00  ZTUMZTUM........
282634fc0  2f 76 61 72 2f 6d 6f 62 69 6c 65 2f 43 6f 6e 74  /var/mobile/Cont
282634fd0  61 69 6e 65 72 73 2f 44 61 74 61 2f 41 70 70 6c  ainers/Data/Appl
282634fe0  69 63 61 74 69 6f 6e 2f 42 33 45 36 31 41 33 46  ication/B3E61A3F
282634ff0  2d 43 39 38 35 2d 34 30 30 45 2d 42 34 46 34 2d  -C985-400E-B4F4-
282635000  39 36 35 33 30 39 30 39 42 31 44 32 2f 4c 69 62  96530909B1D2/Lib
282635010  72 61 72 79 2f 43 61 63 68 65 73 2f 63 72 6f 6e  rary/Caches/cron
282635020  65 74 2f 64 69 73 6b 5f 63 61 63 68 65 00 00 00  et/disk_cache...
282635030  20 0a 2f 80 02 00 00 00 00 00 00 00 00 00 00 00   ./.............
282635040  2b 0a 2f 80 02 00 00 00 10 27 15 0f 01 00 00 00  +./......'......
282635050  20 be 67 82 02 00 00 00 03 01 00 00 01 00 00 20   .g............ 
282635060  e8 26 15 0f 01 00 00 00 88 c0 20 00 00 00 00 00  .&........ .....
282635070  70 af 25 0e 01 00 00 00 00 00 00 00 00 00 00 00  p.%.............
282635080  20 13 63 82 02 00 00 00 00 c6 63 82 02 00 00 00   .c.......c.....
282635090  00 00 00 00 00 00 00 00 75 db 62 06 c7 ad af fa  ........u.b.....
2826350a0  2d 7a 3a 0a a1 65 00 00 00 00 00 00 00 00 00 00  -z:..e..........
2826350b0  00 01 00 00 00 00 00 00 18 a8 80 08 01 00 00 00  ................
2826350c0  38 a8 80 08 01 00 00 00 00 00 00 00 00 00 00 00  8...............
2826350d0  10 d2 f0 80 02 00 00 00 00 00 00 00 00 00 00 00  ................
2826350e0  f0 55 f0 83 02 00 00 00 60 94 d2 80 02 00 00 00  .U......`.......
2826350f0  00 f8 d2 80 02 00 00 00 f8 a7 80 08 01 00 00 00  ................
282635100  00 00 00 00 00 00 00 00 00 00 00 00 00 00 00 00  ................
282635110  00 00 00 00 00 00 00 00 88 00 72 81 02 00 00 00  ..........r.....
282635120  01 00 00 00 09 01 00 00 04 00 00 04 ff ff ff ff  ................
282635130  00 00 00 00 ff ff ff ff ff ff ff ff 03 0d 00 00  ................
282635140  00 82 31 82 02 00 00 00 50 0a 36 80 02 00 00 00  ..1.....P.6.....
282635150  09 01 00 00 00 00 00 00 00 00 00 00 00 00 00 00  ................
282635160  00 00 00 00 00 00 00 00 00 00 00 00 00 00 00 00  ................
282635170  00 00 00 00 00 00 00 00 80 00 72 81 02 00 00 00  ..........r.....
282635180  00 da 8e 0e 01 00 00 00 70 80 13 0e 01 00 00 00  ........p.......
282635190  00 00 00 00 00 00 00 00 00 00 00 00 00 00 00 00  ................
2826351a0  00 00 00 00 00 7f 00 00 02 00 ea 03 e9 01 dd 0f  ................
2826351b0  e9 01 00 00 00 10 00 00 00 10 00 00 00 00 00 00  ................
2826351c0  09 00 00 00 00 00 00 00 80 3e 35 82 02 00 00 00  .........>5.....
2826351d0  18 d9 a2 03 01 00 00 00 00 00 00 00 00 00 00 00  ................
2826351e0  00 00 00 00 00 00 00 00 04 90 8e 0e 01 00 00 00  ................
2826351f0  39 1b aa e5 a1 01 00 00 80 37 00 00 03 00 00 00  9........7......
282635200  a6 09 b2 85 b7 ef a8 fa 00 ed 8e 81 02 00 00 00  ................
282635210  00 00 00 00 00 00 00 00 58 54 55 4d 00 00 00 00  ........XTUM....
282635220  00 00 00 00 a4 20 00 00 00 00 00 00 58 54 55 4d  ..... ......XTUM
282635230  00 00 00 00 00 00 00 00 00 00 00 00 00 00 00 00  ................
282635240  ff ff ff ff ff ff ff ff e7 ad 9c 7d fd ff ff ff  ...........}....
282635250  58 54 55 4d 58 54 55 4d 00 00 00 00 00 00 00 00  XTUMXTUM........
282635260  02 00 00 01 00 00 00 00 14 9f 81 00 00 00 00 00  ................
282635270  01 00 00 00 01 00 00 00 01 00 00 00 00 00 00 00  ................
282635280  90 97 63 83 02 00 00 00 01 00 00 00 00 00 00 00  ..c.............
282635290  00 00 00 00 00 00 00 00 c0 96 63 82 02 00 00 00  ..........c.....
2826352a0  90 54 63 82 02 00 00 00 00 00 00 00 00 00 00 00  .Tc.............
2826352b0  00 00 00 00 00 00 00 00 00 00 00 00 00 00 00 00  ................
2826352c0  30 bc 21 80 02 00 00 00 38 d8 a3 da 01 00 00 00  0.!.....8.......
2826352d0  00 9a 8d 0e 01 00 00 00 30 9b 13 0e 01 00 00 00  ........0.......

,	Aweme!0x3e70d30 this.args1 0x0 0x0

,	Aweme!0x3e70d30 this.args2 0x120a8 0x120a8

,	Aweme!0x3e70d30 this.args3 0x280f5dba8             0  1  2  3  4  5  6  7  8  9  A  B  C  D  E  F  0123456789ABCDEF
280f5dba8  00 01 00 00 00 00 00 00 b0 db 04 1d 6d bb 00 00  ............m...
280f5dbb8  b0 01 00 00 00 00 00 00 01 00 00 00 00 00 00 00  ................
280f5dbc8  00 00 00 00 00 00 00 00 00 00 00 00 01 00 00 00  ................
280f5dbd8  00 00 00 00 00 00 00 00 00 00 00 00 00 00 00 00  ................
280f5dbe8  12 00 00 00 00 00 00 00 f0 db 04 1d 6d bb 00 00  ............m...
280f5dbf8  bc 01 00 00 00 00 00 00 00 dc 04 1d 6d bb 00 00  ............m...
280f5dc08  2a 01 00 00 00 00 00 00 10 dc 04 1d 6d bb 00 00  *...........m...
280f5dc18  2f 01 00 00 00 00 00 00 00 00 00 00 01 00 00 00  /...............
280f5dc28  00 00 00 00 00 00 00 00 61 1b aa e5 a1 01 00 00  ........a.......
280f5dc38  f0 8e 44 b0 53 eb a8 ea 40 dc 04 1d 6d bb 00 00  ..D.S...@...m...
280f5dc48  ca 01 6f 67 22 00 00 00 50 dc 04 1d 6d bb 00 00  ..og"...P...m...
280f5dc58  8e 01 8b 08 01 00 00 00 60 dc 04 1d 6d bb 00 00  ........`...m...
280f5dc68  12 00 00 00 00 00 00 00 70 dc 04 1d 6d bb 00 00  ........p...m...
280f5dc78  e2 01 6e 81 02 00 00 00 02 00 00 00 00 00 00 00  ..n.............
280f5dc88  01 00 6c 81 02 00 00 00 90 dc 04 1d 6d bb 00 00  ..l.........m...
280f5dc98  f1 01 67 65 22 00 00 00 a0 dc 04 1d 6d bb 00 00  ..ge".......m...
280f5dca8  cd 01 00 00 00 64 22 00 b0 dc 04 1d 6d bb 00 00  .....d".....m...
280f5dcb8  e5 01 15 80 02 00 00 00 c0 dc 04 1d 6d bb 00 00  ............m...
280f5dcc8  ec 01 32 38 00 00 00 00 d0 dc 04 1d 6d bb 00 00  ..28........m...
280f5dcd8  94 01 af 79 00 00 00 00 e0 dc 04 1d 6d bb 00 00  ...y........m...
280f5dce8  d3 01 af 08 01 00 00 00 f0 dc 04 1d 6d bb 00 00  ............m...
280f5dcf8  d9 01 00 80 02 00 00 00 00 00 00 00 01 00 00 00  ................
280f5dd08  00 00 00 00 00 00 00 00 10 dd 04 1d 6d bb 00 00  ............m...
280f5dd18  ce 01 c1 80 02 00 00 00 20 dd 04 1d 6d bb 00 00  ........ ...m...
280f5dd28  90 01 af 08 01 00 00 00 30 dd 04 1d 6d bb 00 00  ........0...m...
280f5dd38  b2 01 00 00 00 00 00 00 40 dd 04 1d 6d bb 00 00  ........@...m...
280f5dd48  c2 01 00 00 00 00 00 00 01 00 00 00 00 00 00 00  ................
280f5dd58  62 01 c1 80 02 00 00 00 4c 52 46 43 4c 52 46 43  b.......LRFCLRFC
280f5dd68  00 00 00 00 00 00 00 00 70 dd 04 1d 6d bb 00 00  ........p...m...
280f5dd78  cb 01 00 79 22 00 00 00 80 dd 04 1d 6d bb 00 00  ...y".......m...
280f5dd88  d2 01 68 22 00 00 00 00 90 dd 04 1d 6d bb 00 00  ..h"........m...
280f5dd98  44 01 8b 08 01 00 00 00 a0 dd 04 1d 6d bb 00 00  D...........m...
280f5dda8  b9 01 00 00 00 00 00 00 00 00 00 00 00 00 00 00  ................
280f5ddb8  46 01 50 81 02 00 00 00 01 00 00 00 01 00 00 00  F.P.............
280f5ddc8  b9 01 00 00 02 00 00 00 d0 dd 04 1d 6d bb 00 00  ............m...
280f5ddd8  86 01 c1 80 02 00 00 00 61 1b aa e5 a1 01 00 00  ........a.......
280f5dde8  d0 8e 44 b0 53 eb a8 ea f0 dd 04 1d 6d bb 00 00  ..D.S.......m...
280f5ddf8  e1 01 75 72 6c 22 00 00 00 de 04 1d 6d bb 00 00  ..url"......m...
280f5de08  d8 01 22 00 00 00 00 00 10 de 04 1d 6d bb 00 00  ..".........m...
280f5de18  e0 01 22 00 00 00 00 00 02 00 00 00 01 00 00 00  ..".............
280f5de28  4e 01 c1 80 02 00 00 00 30 de 04 1d 6d bb 00 00  N.......0...m...
280f5de38  a8 01 00 00 00 00 00 00 40 de 04 1d 6d bb 00 00  ........@...m...
280f5de48  c8 01 00 72 6c 22 00 00 00 00 00 00 00 00 00 00  ...rl"..........
280f5de58  46 00 00 00 00 00 00 00 00 00 00 00 00 00 00 00  F...............
280f5de68  b2 01 50 81 02 00 00 00 70 de 04 1d 6d bb 00 00  ..P.....p...m...
280f5de78  ea 01 00 00 00 00 00 00 80 de 04 1d 6d bb 00 00  ............m...
280f5de88  e8 01 00 00 00 00 00 00 90 de 04 1d 6d bb 00 00  ............m...
280f5de98  f2 01 61 6d 65 22 00 00 a0 de 04 1d 6d bb 00 00  ..ame"......m...
280f5dea8  ef 01 61 6d 65 22 00 00 b0 de 04 1d 6d bb 00 00  ..ame"......m...
280f5deb8  f0 01 00 80 02 00 00 00 c0 de 04 1d 6d bb 00 00  ............m...
280f5dec8  e9 01 61 6d 65 22 00 00 d0 de 04 1d 6d bb 00 00  ..ame"......m...
280f5ded8  ed 01 00 00 00 00 00 00 e0 de 04 1d 6d bb 00 00  ............m...
280f5dee8  ee 01 00 00 00 00 00 00 f0 de 04 1d 6d bb 00 00  ............m...
280f5def8  eb 01 6c 69 73 74 22 00 00 df 04 1d 6d bb 00 00  ..list".....m...
280f5df08  cc 01 6e 74 22 00 00 00 10 df 04 1d 6d bb 00 00  ..nt".......m...
280f5df18  f3 01 78 22 00 00 00 00 20 df 04 1d 6d bb 00 00  ..x".... ...m...
280f5df28  f4 01 00 00 00 00 00 00 30 df 04 1d 6d bb 00 00  ........0...m...
280f5df38  f5 01 61 6d 65 22 00 00 40 df 04 1d 6d bb 00 00  ..ame"..@...m...
280f5df48  f6 01 78 22 00 00 00 00 50 df 04 1d 6d bb 00 00  ..x"....P...m...
280f5df58  f7 01 00 00 00 00 00 00 60 df 04 1d 6d bb 00 00  ........`...m...
280f5df68  f8 01 61 6d 65 22 00 00 70 df 04 1d 6d bb 00 00  ..ame"..p...m...
280f5df78  f9 01 00 00 00 00 00 00 80 df 04 1d 6d bb 00 00  ............m...
280f5df88  fa 01 00 00 00 00 00 00 90 df 04 1d 6d bb 00 00  ............m...
280f5df98  fb 01 61 6d 65 22 00 00 a0 df 04 1d 6d bb 00 00  ..ame"......m...

,	Aweme!0x3e70d30 this.args4 0x6f 0x6f

,	Aweme!0x3e70d30 this.args0 onLeave 0x282634ee0             0  1  2  3  4  5  6  7  8  9  A  B  C  D  E  F  0123456789ABCDEF
282634ee0  f0 8a 79 08 01 00 00 00 d0 af 21 83 02 00 00 00  ..y.......!.....
282634ef0  90 cf f0 80 02 00 00 00 d0 db f0 80 02 00 00 00  ................
282634f00  60 e2 f0 80 02 00 00 00 a0 31 d9 80 02 00 00 00  `........1......
282634f10  10 ca f0 80 02 00 00 00 00 00 00 00 00 00 00 00  ................
282634f20  00 00 00 00 00 00 00 00 a0 8e 63 83 02 00 00 00  ..........c.....
282634f30  e0 91 63 83 02 00 00 00 00 0d 35 82 02 00 00 00  ..c.......5.....
282634f40  d0 55 f0 80 02 00 00 00 36 30 3e 2c 20 00 00 00  .U......60>, ...
282634f50  e1 e8 aa e5 a1 01 00 00 00 00 00 00 00 00 00 00  ................
282634f60  00 00 00 00 00 00 00 00 00 00 00 00 00 00 00 00  ................
282634f70  00 00 00 00 00 00 00 00 5a 54 55 4d 00 00 00 00  ........ZTUM....
282634f80  00 00 00 00 a0 20 00 00 00 00 00 00 5a 54 55 4d  ..... ......ZTUM
282634f90  00 00 00 00 00 00 00 00 00 00 00 00 00 00 00 00  ................
282634fa0  ff ff ff ff ff ff ff ff 87 b0 9c 7d fd ff ff ff  ...........}....
282634fb0  5a 54 55 4d 5a 54 55 4d 00 00 00 00 00 00 00 00  ZTUMZTUM........
282634fc0  2f 76 61 72 2f 6d 6f 62 69 6c 65 2f 43 6f 6e 74  /var/mobile/Cont
282634fd0  61 69 6e 65 72 73 2f 44 61 74 61 2f 41 70 70 6c  ainers/Data/Appl
282634fe0  69 63 61 74 69 6f 6e 2f 42 33 45 36 31 41 33 46  ication/B3E61A3F
282634ff0  2d 43 39 38 35 2d 34 30 30 45 2d 42 34 46 34 2d  -C985-400E-B4F4-
282635000  39 36 35 33 30 39 30 39 42 31 44 32 2f 4c 69 62  96530909B1D2/Lib
282635010  72 61 72 79 2f 43 61 63 68 65 73 2f 63 72 6f 6e  rary/Caches/cron
282635020  65 74 2f 64 69 73 6b 5f 63 61 63 68 65 00 00 00  et/disk_cache...
282635030  20 0a 2f 80 02 00 00 00 00 00 00 00 00 00 00 00   ./.............
282635040  2b 0a 2f 80 02 00 00 00 10 27 15 0f 01 00 00 00  +./......'......
282635050  20 be 67 82 02 00 00 00 03 01 00 00 01 00 00 20   .g............ 
282635060  e8 26 15 0f 01 00 00 00 88 c0 20 00 00 00 00 00  .&........ .....
282635070  70 af 25 0e 01 00 00 00 00 00 00 00 00 00 00 00  p.%.............
282635080  20 13 63 82 02 00 00 00 00 c6 63 82 02 00 00 00   .c.......c.....
282635090  00 00 00 00 00 00 00 00 75 db 62 06 c7 ad af fa  ........u.b.....
2826350a0  2d 7a 3a 0a a1 65 00 00 00 00 00 00 00 00 00 00  -z:..e..........
2826350b0  00 01 00 00 00 00 00 00 18 a8 80 08 01 00 00 00  ................
2826350c0  38 a8 80 08 01 00 00 00 00 00 00 00 00 00 00 00  8...............
2826350d0  10 d2 f0 80 02 00 00 00 00 00 00 00 00 00 00 00  ................
2826350e0  f0 55 f0 83 02 00 00 00 60 94 d2 80 02 00 00 00  .U......`.......
2826350f0  00 f8 d2 80 02 00 00 00 f8 a7 80 08 01 00 00 00  ................
282635100  00 00 00 00 00 00 00 00 00 00 00 00 00 00 00 00  ................
282635110  00 00 00 00 00 00 00 00 88 00 72 81 02 00 00 00  ..........r.....
282635120  01 00 00 00 09 01 00 00 04 00 00 04 ff ff ff ff  ................
282635130  00 00 00 00 ff ff ff ff ff ff ff ff 03 0d 00 00  ................
282635140  00 82 31 82 02 00 00 00 50 0a 36 80 02 00 00 00  ..1.....P.6.....
282635150  09 01 00 00 00 00 00 00 00 00 00 00 00 00 00 00  ................
282635160  00 00 00 00 00 00 00 00 00 00 00 00 00 00 00 00  ................
282635170  00 00 00 00 00 00 00 00 80 00 72 81 02 00 00 00  ..........r.....
282635180  00 da 8e 0e 01 00 00 00 70 80 13 0e 01 00 00 00  ........p.......
282635190  00 00 00 00 00 00 00 00 00 00 00 00 00 00 00 00  ................
2826351a0  00 00 00 00 00 7f 00 00 02 00 ea 03 e9 01 dd 0f  ................
2826351b0  e9 01 00 00 00 10 00 00 00 10 00 00 00 00 00 00  ................
2826351c0  09 00 00 00 00 00 00 00 80 3e 35 82 02 00 00 00  .........>5.....
2826351d0  18 d9 a2 03 01 00 00 00 00 00 00 00 00 00 00 00  ................
2826351e0  00 00 00 00 00 00 00 00 04 90 8e 0e 01 00 00 00  ................
2826351f0  39 1b aa e5 a1 01 00 00 80 37 00 00 03 00 00 00  9........7......
282635200  a6 09 b2 85 b7 ef a8 fa 00 ed 8e 81 02 00 00 00  ................
282635210  00 00 00 00 00 00 00 00 58 54 55 4d 00 00 00 00  ........XTUM....
282635220  00 00 00 00 a4 20 00 00 00 00 00 00 58 54 55 4d  ..... ......XTUM
282635230  00 00 00 00 00 00 00 00 00 00 00 00 00 00 00 00  ................
282635240  ff ff ff ff ff ff ff ff e7 ad 9c 7d fd ff ff ff  ...........}....
282635250  58 54 55 4d 58 54 55 4d 00 00 00 00 00 00 00 00  XTUMXTUM........
282635260  02 00 00 01 00 00 00 00 14 9f 81 00 00 00 00 00  ................
282635270  01 00 00 00 01 00 00 00 01 00 00 00 00 00 00 00  ................
282635280  90 97 63 83 02 00 00 00 01 00 00 00 00 00 00 00  ..c.............
282635290  00 00 00 00 00 00 00 00 c0 96 63 82 02 00 00 00  ..........c.....
2826352a0  90 54 63 82 02 00 00 00 00 00 00 00 00 00 00 00  .Tc.............
2826352b0  00 00 00 00 00 00 00 00 00 00 00 00 00 00 00 00  ................
2826352c0  30 bc 21 80 02 00 00 00 38 d8 a3 da 01 00 00 00  0.!.....8.......
2826352d0  00 9a 8d 0e 01 00 00 00 30 9b 13 0e 01 00 00 00  ........0.......

,	Aweme!0x3e70d30 this.args1 onLeave 0x0 0x0

,	Aweme!0x3e70d30 this.args2 onLeave 0x120a8 0x120a8

,	Aweme!0x3e70d30 this.args3 onLeave 0x280f5dba8             0  1  2  3  4  5  6  7  8  9  A  B  C  D  E  F  0123456789ABCDEF
280f5dba8  00 01 00 00 00 00 00 00 b0 db 04 1d 6d bb 00 00  ............m...
280f5dbb8  b0 01 00 00 00 00 00 00 01 00 00 00 00 00 00 00  ................
280f5dbc8  00 00 00 00 00 00 00 00 00 00 00 00 01 00 00 00  ................
280f5dbd8  00 00 00 00 00 00 00 00 00 00 00 00 00 00 00 00  ................
280f5dbe8  12 00 00 00 00 00 00 00 f0 db 04 1d 6d bb 00 00  ............m...
280f5dbf8  bc 01 00 00 00 00 00 00 00 dc 04 1d 6d bb 00 00  ............m...
280f5dc08  2a 01 00 00 00 00 00 00 10 dc 04 1d 6d bb 00 00  *...........m...
280f5dc18  2f 01 00 00 00 00 00 00 00 00 00 00 01 00 00 00  /...............
280f5dc28  00 00 00 00 00 00 00 00 61 1b aa e5 a1 01 00 00  ........a.......
280f5dc38  f0 8e 44 b0 53 eb a8 ea 40 dc 04 1d 6d bb 00 00  ..D.S...@...m...
280f5dc48  ca 01 6f 67 22 00 00 00 50 dc 04 1d 6d bb 00 00  ..og"...P...m...
280f5dc58  8e 01 8b 08 01 00 00 00 60 dc 04 1d 6d bb 00 00  ........`...m...
280f5dc68  12 00 00 00 00 00 00 00 70 dc 04 1d 6d bb 00 00  ........p...m...
280f5dc78  e2 01 6e 81 02 00 00 00 02 00 00 00 00 00 00 00  ..n.............
280f5dc88  01 00 6c 81 02 00 00 00 90 dc 04 1d 6d bb 00 00  ..l.........m...
280f5dc98  f1 01 67 65 22 00 00 00 a0 dc 04 1d 6d bb 00 00  ..ge".......m...
280f5dca8  cd 01 00 00 00 64 22 00 b0 dc 04 1d 6d bb 00 00  .....d".....m...
280f5dcb8  e5 01 15 80 02 00 00 00 c0 dc 04 1d 6d bb 00 00  ............m...
280f5dcc8  ec 01 32 38 00 00 00 00 d0 dc 04 1d 6d bb 00 00  ..28........m...
280f5dcd8  94 01 af 79 00 00 00 00 e0 dc 04 1d 6d bb 00 00  ...y........m...
280f5dce8  d3 01 af 08 01 00 00 00 f0 dc 04 1d 6d bb 00 00  ............m...
280f5dcf8  d9 01 00 80 02 00 00 00 00 00 00 00 01 00 00 00  ................
280f5dd08  00 00 00 00 00 00 00 00 10 dd 04 1d 6d bb 00 00  ............m...
280f5dd18  ce 01 c1 80 02 00 00 00 20 dd 04 1d 6d bb 00 00  ........ ...m...
280f5dd28  90 01 af 08 01 00 00 00 30 dd 04 1d 6d bb 00 00  ........0...m...
280f5dd38  b2 01 00 00 00 00 00 00 40 dd 04 1d 6d bb 00 00  ........@...m...
280f5dd48  c2 01 00 00 00 00 00 00 01 00 00 00 00 00 00 00  ................
280f5dd58  62 01 c1 80 02 00 00 00 4c 52 46 43 4c 52 46 43  b.......LRFCLRFC
280f5dd68  00 00 00 00 00 00 00 00 70 dd 04 1d 6d bb 00 00  ........p...m...
280f5dd78  cb 01 00 79 22 00 00 00 80 dd 04 1d 6d bb 00 00  ...y".......m...
280f5dd88  d2 01 68 22 00 00 00 00 90 dd 04 1d 6d bb 00 00  ..h"........m...
280f5dd98  44 01 8b 08 01 00 00 00 a0 dd 04 1d 6d bb 00 00  D...........m...
280f5dda8  b9 01 00 00 00 00 00 00 00 00 00 00 00 00 00 00  ................
280f5ddb8  46 01 50 81 02 00 00 00 01 00 00 00 01 00 00 00  F.P.............
280f5ddc8  b9 01 00 00 02 00 00 00 d0 dd 04 1d 6d bb 00 00  ............m...
280f5ddd8  86 01 c1 80 02 00 00 00 61 1b aa e5 a1 01 00 00  ........a.......
280f5dde8  d0 8e 44 b0 53 eb a8 ea f0 dd 04 1d 6d bb 00 00  ..D.S.......m...
280f5ddf8  e1 01 75 72 6c 22 00 00 00 de 04 1d 6d bb 00 00  ..url"......m...
280f5de08  d8 01 22 00 00 00 00 00 10 de 04 1d 6d bb 00 00  ..".........m...
280f5de18  e0 01 22 00 00 00 00 00 02 00 00 00 01 00 00 00  ..".............
280f5de28  4e 01 c1 80 02 00 00 00 30 de 04 1d 6d bb 00 00  N.......0...m...
280f5de38  a8 01 00 00 00 00 00 00 40 de 04 1d 6d bb 00 00  ........@...m...
280f5de48  c8 01 00 72 6c 22 00 00 00 00 00 00 00 00 00 00  ...rl"..........
280f5de58  46 00 00 00 00 00 00 00 00 00 00 00 00 00 00 00  F...............
280f5de68  b2 01 50 81 02 00 00 00 70 de 04 1d 6d bb 00 00  ..P.....p...m...
280f5de78  ea 01 00 00 00 00 00 00 80 de 04 1d 6d bb 00 00  ............m...
280f5de88  e8 01 00 00 00 00 00 00 90 de 04 1d 6d bb 00 00  ............m...
280f5de98  f2 01 61 6d 65 22 00 00 a0 de 04 1d 6d bb 00 00  ..ame"......m...
280f5dea8  ef 01 61 6d 65 22 00 00 b0 de 04 1d 6d bb 00 00  ..ame"......m...
280f5deb8  f0 01 00 80 02 00 00 00 c0 de 04 1d 6d bb 00 00  ............m...
280f5dec8  e9 01 61 6d 65 22 00 00 d0 de 04 1d 6d bb 00 00  ..ame"......m...
280f5ded8  ed 01 00 00 00 00 00 00 e0 de 04 1d 6d bb 00 00  ............m...
280f5dee8  ee 01 00 00 00 00 00 00 f0 de 04 1d 6d bb 00 00  ............m...
280f5def8  eb 01 6c 69 73 74 22 00 00 df 04 1d 6d bb 00 00  ..list".....m...
280f5df08  cc 01 6e 74 22 00 00 00 10 df 04 1d 6d bb 00 00  ..nt".......m...
280f5df18  f3 01 78 22 00 00 00 00 20 df 04 1d 6d bb 00 00  ..x".... ...m...
280f5df28  f4 01 00 00 00 00 00 00 30 df 04 1d 6d bb 00 00  ........0...m...
280f5df38  f5 01 61 6d 65 22 00 00 40 df 04 1d 6d bb 00 00  ..ame"..@...m...
280f5df48  f6 01 78 22 00 00 00 00 50 df 04 1d 6d bb 00 00  ..x"....P...m...
280f5df58  f7 01 00 00 00 00 00 00 60 df 04 1d 6d bb 00 00  ........`...m...
280f5df68  f8 01 61 6d 65 22 00 00 70 df 04 1d 6d bb 00 00  ..ame"..p...m...
280f5df78  f9 01 00 00 00 00 00 00 80 df 04 1d 6d bb 00 00  ............m...
280f5df88  fa 01 00 00 00 00 00 00 90 df 04 1d 6d bb 00 00  ............m...
280f5df98  fb 01 61 6d 65 22 00 00 a0 df 04 1d 6d bb 00 00  ..ame"......m...

,	Aweme!0x3e70d30 this.args4 onLeave 0x6f 0x6f

,retval onLeave: 0x282634ee0             0  1  2  3  4  5  6  7  8  9  A  B  C  D  E  F  0123456789ABCDEF
282634ee0  f0 8a 79 08 01 00 00 00 d0 af 21 83 02 00 00 00  ..y.......!.....
282634ef0  90 cf f0 80 02 00 00 00 d0 db f0 80 02 00 00 00  ................
282634f00  60 e2 f0 80 02 00 00 00 a0 31 d9 80 02 00 00 00  `........1......
282634f10  10 ca f0 80 02 00 00 00 00 00 00 00 00 00 00 00  ................
282634f20  00 00 00 00 00 00 00 00 a0 8e 63 83 02 00 00 00  ..........c.....
282634f30  e0 91 63 83 02 00 00 00 00 0d 35 82 02 00 00 00  ..c.......5.....
282634f40  d0 55 f0 80 02 00 00 00 36 30 3e 2c 20 00 00 00  .U......60>, ...
282634f50  e1 e8 aa e5 a1 01 00 00 00 00 00 00 00 00 00 00  ................
282634f60  00 00 00 00 00 00 00 00 00 00 00 00 00 00 00 00  ................
282634f70  00 00 00 00 00 00 00 00 5a 54 55 4d 00 00 00 00  ........ZTUM....
282634f80  00 00 00 00 a0 20 00 00 00 00 00 00 5a 54 55 4d  ..... ......ZTUM
282634f90  00 00 00 00 00 00 00 00 00 00 00 00 00 00 00 00  ................
282634fa0  ff ff ff ff ff ff ff ff 87 b0 9c 7d fd ff ff ff  ...........}....
282634fb0  5a 54 55 4d 5a 54 55 4d 00 00 00 00 00 00 00 00  ZTUMZTUM........
282634fc0  2f 76 61 72 2f 6d 6f 62 69 6c 65 2f 43 6f 6e 74  /var/mobile/Cont
282634fd0  61 69 6e 65 72 73 2f 44 61 74 61 2f 41 70 70 6c  ainers/Data/Appl
282634fe0  69 63 61 74 69 6f 6e 2f 42 33 45 36 31 41 33 46  ication/B3E61A3F
282634ff0  2d 43 39 38 35 2d 34 30 30 45 2d 42 34 46 34 2d  -C985-400E-B4F4-
282635000  39 36 35 33 30 39 30 39 42 31 44 32 2f 4c 69 62  96530909B1D2/Lib
282635010  72 61 72 79 2f 43 61 63 68 65 73 2f 63 72 6f 6e  rary/Caches/cron
282635020  65 74 2f 64 69 73 6b 5f 63 61 63 68 65 00 00 00  et/disk_cache...
282635030  20 0a 2f 80 02 00 00 00 00 00 00 00 00 00 00 00   ./.............
282635040  2b 0a 2f 80 02 00 00 00 10 27 15 0f 01 00 00 00  +./......'......
282635050  20 be 67 82 02 00 00 00 03 01 00 00 01 00 00 20   .g............ 
282635060  e8 26 15 0f 01 00 00 00 88 c0 20 00 00 00 00 00  .&........ .....
282635070  70 af 25 0e 01 00 00 00 00 00 00 00 00 00 00 00  p.%.............
282635080  20 13 63 82 02 00 00 00 00 c6 63 82 02 00 00 00   .c.......c.....
282635090  00 00 00 00 00 00 00 00 75 db 62 06 c7 ad af fa  ........u.b.....
2826350a0  2d 7a 3a 0a a1 65 00 00 00 00 00 00 00 00 00 00  -z:..e..........
2826350b0  00 01 00 00 00 00 00 00 18 a8 80 08 01 00 00 00  ................
2826350c0  38 a8 80 08 01 00 00 00 00 00 00 00 00 00 00 00  8...............
2826350d0  10 d2 f0 80 02 00 00 00 00 00 00 00 00 00 00 00  ................
2826350e0  f0 55 f0 83 02 00 00 00 60 94 d2 80 02 00 00 00  .U......`.......
2826350f0  00 f8 d2 80 02 00 00 00 f8 a7 80 08 01 00 00 00  ................
282635100  00 00 00 00 00 00 00 00 00 00 00 00 00 00 00 00  ................
282635110  00 00 00 00 00 00 00 00 88 00 72 81 02 00 00 00  ..........r.....
282635120  01 00 00 00 09 01 00 00 04 00 00 04 ff ff ff ff  ................
282635130  00 00 00 00 ff ff ff ff ff ff ff ff 03 0d 00 00  ................
282635140  00 82 31 82 02 00 00 00 50 0a 36 80 02 00 00 00  ..1.....P.6.....
282635150  09 01 00 00 00 00 00 00 00 00 00 00 00 00 00 00  ................
282635160  00 00 00 00 00 00 00 00 00 00 00 00 00 00 00 00  ................
282635170  00 00 00 00 00 00 00 00 80 00 72 81 02 00 00 00  ..........r.....
282635180  00 da 8e 0e 01 00 00 00 70 80 13 0e 01 00 00 00  ........p.......
282635190  00 00 00 00 00 00 00 00 00 00 00 00 00 00 00 00  ................
2826351a0  00 00 00 00 00 7f 00 00 02 00 ea 03 e9 01 dd 0f  ................
2826351b0  e9 01 00 00 00 10 00 00 00 10 00 00 00 00 00 00  ................
2826351c0  09 00 00 00 00 00 00 00 80 3e 35 82 02 00 00 00  .........>5.....
2826351d0  18 d9 a2 03 01 00 00 00 00 00 00 00 00 00 00 00  ................
2826351e0  00 00 00 00 00 00 00 00 04 90 8e 0e 01 00 00 00  ................
2826351f0  39 1b aa e5 a1 01 00 00 80 37 00 00 03 00 00 00  9........7......
282635200  a6 09 b2 85 b7 ef a8 fa 00 ed 8e 81 02 00 00 00  ................
282635210  00 00 00 00 00 00 00 00 58 54 55 4d 00 00 00 00  ........XTUM....
282635220  00 00 00 00 a4 20 00 00 00 00 00 00 58 54 55 4d  ..... ......XTUM
282635230  00 00 00 00 00 00 00 00 00 00 00 00 00 00 00 00  ................
282635240  ff ff ff ff ff ff ff ff e7 ad 9c 7d fd ff ff ff  ...........}....
282635250  58 54 55 4d 58 54 55 4d 00 00 00 00 00 00 00 00  XTUMXTUM........
282635260  02 00 00 01 00 00 00 00 14 9f 81 00 00 00 00 00  ................
282635270  01 00 00 00 01 00 00 00 01 00 00 00 00 00 00 00  ................
282635280  90 97 63 83 02 00 00 00 01 00 00 00 00 00 00 00  ..c.............
282635290  00 00 00 00 00 00 00 00 c0 96 63 82 02 00 00 00  ..........c.....
2826352a0  90 54 63 82 02 00 00 00 00 00 00 00 00 00 00 00  .Tc.............
2826352b0  00 00 00 00 00 00 00 00 00 00 00 00 00 00 00 00  ................
2826352c0  30 bc 21 80 02 00 00 00 38 d8 a3 da 01 00 00 00  0.!.....8.......
2826352d0  00 9a 8d 0e 01 00 00 00 30 9b 13 0e 01 00 00 00  ........0.......

call Aweme!0x3e70d30
,	Aweme!0x3e70d30 this.args0 0x1 0x1

,	Aweme!0x3e70d30 this.args1 0x16e 0x16e

,	Aweme!0x3e70d30 this.args2 0x175 0x175

,	Aweme!0x3e70d30 this.args3 0x7 0x7

,	Aweme!0x3e70d30 this.args4 0x3a 0x3a

,	Aweme!0x3e70d30 this.args0 onLeave 0x1 0x1

,	Aweme!0x3e70d30 this.args1 onLeave 0x16e 0x16e

,	Aweme!0x3e70d30 this.args2 onLeave 0x175 0x175

,	Aweme!0x3e70d30 this.args3 onLeave 0x7 0x7

,	Aweme!0x3e70d30 this.args4 onLeave 0x3a 0x3a

,retval onLeave: 0x1 0x1

[end signal]{
    "X-Argus" = "L0Z6e/Yk+LbDCit1XCy1SmBzg7Ghq70fTkPINRNv5b6yMdiDMO3kG/JlILNrNld5WbABd/jfxLjgtQ8n21OUgsdTvVF30llHhbuoxmClck7J/jwGn2inKIelhccN34vQmW0gXAH4tjadOWCB1anbyuIkYZI8Hajcp/0OBlT95GBJW7akd0HusyCSs+VDiyKrhyrAdDGTUL9AP+ctDyD7veF1/aW1hO4v27fRhlhXDJxsmg==";
    "X-Gorgon" = 840400e40000d902cccd5c941f529a0e5cc1acb69ebcee934e0b;
    "X-Khronos" = 1618201440;
    "X-Ladon" = YnRxSV0FE87ayrmnS4lqEAdjmN5bvaj0hWmzJN0DRuuMsWNC;
    "X-Tyhon" = "jzfsJ0zdonUIx+wnA9y+YxmS7GgCwKhyTJLsmfM=";
}
Aweme!0x3e70c74 1
Aweme!0x3ea1858 37
Aweme!0x3ecf460 1
Aweme!0x3ecc428 1
Aweme!0x3edb1a4 1
Aweme!0x3e83398 1
Aweme!0x3e70d30 1
Aweme!0x3ed9d58 5
Aweme!0x3e5cbf4 1
Aweme!0x3e872b0 10
Aweme!0x3e711e8 1
Aweme!0x3ea8ba8 55
Aweme!0x3eda3e0 4
Aweme!0x3ec92dc 1
Aweme!0x3ed3264 257
Aweme!0x3e87254 7
Aweme!0x3e8a230 1
Aweme!0x3e7118c 2
Aweme!0x3ea8d1c 1
Aweme!0x3e617bc 1
Aweme!0x3ea1630 2
Aweme!0x3e71300 1
Aweme!0x3ea8cc0 3
Aweme!0x3e86fcc 4
Aweme!0x3ed3150 41
Aweme!0x3e87d94 2
Aweme!0x3eca8a0 1
Aweme!0x3edb264 1
Aweme!0x3e4e730 2
Aweme!0x3ecaa14 5
Aweme!0x3ed32c4 2
Aweme!0x3ee1390 1
Aweme!0x3e7019c 1
Aweme!0x3e52134 5
Aweme!0x3e8a290 1
Aweme!0x3e70140 1
Aweme!0x3e67890 4
Aweme!0x3ed31b0 1
Aweme!0x3e713bc 1
Aweme!0x3e58b14 236
Aweme!0x3e70d94 1
Aweme!0x3e7141c 1
Aweme!0x3e7124c 5
Aweme!0x3e86f74 1
Aweme!0x3e84dbc 1
Aweme!0x3ea8bb0 69
Aweme!0x3e4de24 9
Aweme!0x3e708e0 1
Aweme!0x3edb20c 2
Aweme!0x3e8c790 2
Aweme!0x3e70fc4 4
Aweme!0x3e88764 1
Aweme!0x3e87200 1
Aweme!0x775e078 9
Aweme!0x3ea197c 28
Aweme!0x3e868f0 5
Aweme!0x3ecd59c 2
Aweme!0x3e86fd4 4
Aweme!0x3e52080 14
Aweme!0x3ea1b4c 1
Aweme!0x3ead4f0 1
Aweme!0x3ed4bd0 1
Aweme!0x3e71080 2
Aweme!0x3ea1a94 1
Aweme!0x3e70b10 12
Aweme!0x3ecaa78 1
Aweme!0x3eda21c 2
Aweme!0x3ed7070 2
Aweme!0x3e71368 2
Aweme!0x3ed9e7c 3
Aweme!0x3e90e48 1
Aweme!0x3ea7994 4
Aweme!0x3ecb2d0 57
Aweme!0x3e520e0 14
Aweme!0x3eb1c60 1
Aweme!0x3e70bcc 1
Aweme!0x775c5a8 7
Aweme!0x3ecaca8 1
Aweme!0x3ea03c0 1
Aweme!0x3e5c520 2
Aweme!0x3edad5c 2
Aweme!0x3ee7920 4
Aweme!0x3e8a128 1
Aweme!0x3ec9348 2
Aweme!0x3ea1188 1
Aweme!0x3ed72a0 1
Aweme!0x3e5d118 1
Aweme!0x3e71028 1
Aweme!0x3ea169c 2
Aweme!0x3e926f4 1
Aweme!0x3ecb278 1
Aweme!0x3e67728 3
Aweme!0x3e70f70 2
Aweme!0x3e92868 1
Aweme!0x3e86fdc 1
Aweme!0x3ea1928 1
Aweme!0x3e71428 1
Aweme!0x3e90f08 1
Aweme!0x3ed69f0 1
Aweme!0x3eca340 6
Aweme!0x3e4e740 4
Aweme!0x3e711fc 1
Aweme!0x775d148 23
Aweme!0x3e8a244 1
Aweme!0x3e70fd0 4
Aweme!0x3ecb9bc 3
Aweme!0x3ecb164 1
Aweme!0x3ea8cd4 3
Aweme!0x775e084 6
Aweme!0x3e4dd78 1
Aweme!0x3e61204 2
Aweme!0x3e71488 1
Aweme!0x3e5208c 5
Aweme!0x3e70d48 2
Aweme!0x3e5cc68 2
Aweme!0x3ea03c8 9
Aweme!0x3e57394 1
Aweme!0x3ecb1c4 1
Aweme!0x3ea1c70 1
Aweme!0x3ea7c28 5
Aweme!0x3e624e0 2
Aweme!0x3eda3f8 3
Aweme!0x3e70550 3
Aweme!0x3e71374 2
Aweme!0x3e928cc 2
Aweme!0x3eb31d0 4
Aweme!0x3e71318 3
Aweme!0x3e520ec 6
Aweme!0x3e70da8 5
Aweme!0x3e70bd8 3
Aweme!0x3e5c1e8 1
Aweme!0x3e7ce8c 4
Aweme!0x3e71430 3
Aweme!0x3ecac58 52
Aweme!0x775dfd0 38
Aweme!0x3ed32dc 257
Aweme!0x3e84a30 1
Aweme!0x3ea8c7c 2
Aweme!0x3ecda08 1
Aweme!0x3ee5718 6
Aweme!0x775e828 9
Aweme!0x3e8c7a4 2
Aweme!0x3ecb9c4 4
Aweme!0x3e5cb58 2
Aweme!0x3ea164c 1
Aweme!0x3e9a300 2
Aweme!0x3e7114c 1
Aweme!0x3e70f7c 1
Aweme!0x3e86ad4 2
Aweme!0x3ea0828 7
Aweme!0x3ed3224 256
Aweme!0x3ecc730 1
Aweme!0x3ea1764 1
Aweme!0x3ead334 1
Aweme!0x3e68100 1
Aweme!0x3e58a74 472
Aweme!0x775e888 1
Aweme!0x3ecf140 1
Aweme!0x3ed67d0 6
Aweme!0x3ed30b4 4
Aweme!0x3e711ac 3
Aweme!0x775c7e8 394
Aweme!0x3e87048 2
Aweme!0x3e51f24 5
Aweme!0x3e70db0 21
Aweme!0x3eca7a8 4
Aweme!0x3ed9e90 5
Aweme!0x775e090 3
Aweme!0x3e70100 2
Aweme!0x3ede65c 1
Aweme!0x3e93d80 8
Aweme!0x3ee4b84 8
Aweme!0x3e523dc 2
Aweme!0x3e8a13c 1
Aweme!0x3ea8c28 4
Aweme!0x3ecc8a8 1
Aweme!0x3e70b28 12
Aweme!0x3ea170c 9
Aweme!0x3e71268 1
Aweme!0x3ecda6c 2
Aweme!0x775d328 2
Aweme!0x3ecec30 19
Aweme!0x3ecf828 1
Aweme!0x3ecb118 3
Aweme!0x3ee5894 2
Aweme!0x3e4e698 2
Aweme!0x3ea1998 1
Aweme!0x3e86adc 1
Aweme!0x3e58964 1
Aweme!0x3edb340 2
Aweme!0x3e71668 9
Aweme!0x3ed9ddc 8
Aweme!0x3ed4a78 1
Aweme!0x3e67854 1
Aweme!0x3eda120 1
Aweme!0x3e87334 5
Aweme!0x3ed3344 1
Aweme!0x3e90ec0 1
Aweme!0x3eda408 2
Aweme!0x3ea16b4 45
Aweme!0x775e834 2
Aweme!0x3e516d4 7
Aweme!0x3edacbc 1
Aweme!0x3e51f88 10
Aweme!0x3e89ce8 1
Aweme!0x3ed328c 2
Aweme!0x3e71328 1
Aweme!0x3edb174 1
Aweme!0x3e86ff4 2
Aweme!0x3ecc90c 2
Aweme!0x775ec90 6
Aweme!0x3e67688 3
Aweme!0x775e720 6
Aweme!0x3e71270 3
Aweme!0x3e52044 3
Aweme!0x3ee4790 1
Aweme!0x3ecf88c 2
Aweme!0x3e71440 1
Aweme!0x3e872dc 5
Aweme!0x3e70ca4 2
Aweme!0x3ed7260 1
Aweme!0x3e5c824 2
Aweme!0x3ecb9d4 1
Aweme!0x775c7f4 38
Aweme!0x3e70dbc 1
Aweme!0x3e86ae4 1
Aweme!0x3e714a0 2
Aweme!0x3ecaaf8 1
Aweme!0x3e709c0 30
Aweme!0x3e523e8 2
Aweme!0x3ecfc30 1
Aweme!0x3e84c14 1
Aweme!0x3ecb180 19
Aweme!0x3e71218 3
Aweme!0x3e86ba0 3
Aweme!0x3ea6110 2
Aweme!0x3e70e1c 2
Aweme!0x775e7e0 2
Aweme!0x3e70f90 2
Aweme!0x3ea1b74 10
Aweme!0x3ed3238 6
Aweme!0x3ee5674 4
Aweme!0x3e5de48 2
Aweme!0x3e51ed8 14
Aweme!0x3eac354 1
Aweme!0x3e71448 1
Aweme!0x3eaea20 11
Aweme!0x3ed32f4 2
Aweme!0x3e56530 1
Aweme!0x3e70d08 2
Aweme!0x3e4e1f0 9
Aweme!0x3ecb1e0 1
Aweme!0x3ecb9dc 7
Aweme!0x3ea1664 1
Aweme!0x3e885c0 1
Aweme!0x3ed3010 516
Aweme!0x3e71108 1
Aweme!0x3e70f38 3
Aweme!0x3eca930 14
Aweme!0x3e67c04 1
Aweme!0x3e67a34 1
Aweme!0x3e7cea8 2
Aweme!0x3e523f0 5
Aweme!0x3ea7e18 52
Aweme!0x3ea3c78 1
Aweme!0x3e60518 1
Aweme!0x3e84a4c 1
Aweme!0x3ecafb8 1
Aweme!0x3ecb188 2
Aweme!0x3ead464 1
Aweme!0x3ed30cc 2
Aweme!0x3ed9ea8 5
Aweme!0x3e711c4 2
Aweme!0x3ecb2a0 24
Aweme!0x3ed7210 1
Aweme!0x3e7cf08 2
Aweme!0x3e57ef4 18
Aweme!0x3ed3240 1
Aweme!0x3e86920 5
Aweme!0x3ed31e4 258
Aweme!0x775e78c 238
Aweme!0x3e712dc 3
Aweme!0x3ed9fc0 1
Aweme!0x3ed3358 3
Aweme!0x775e390 3
Aweme!0x3ede618 2
Aweme!0x3edded8 1
Aweme!0x3e90ed4 1
Aweme!0x3ecef8c 1
Aweme!0x3e713f4 1
Aweme!0x3ecabc0 5
Aweme!0x3ecb9e4 7
Aweme!0x3eca820 4
Aweme!0x3ea1d50 1
Aweme!0x3e51f40 3
Aweme!0x3e714b0 1
Aweme!0x775c5d8 32
Aweme!0x3e5e594 1
Aweme!0x3e70ba0 10
Aweme!0x3e868c8 5
Aweme!0x3e5e8d8 1
Aweme!0x3e4f5ec 2
Aweme!0x3e71284 1
Aweme!0x3ea1ac8 1
Aweme!0x3e70b44 9
Aweme!0x3e6057c 2
Aweme!0x3e8c880 4
Aweme!0x3e51918 7
Aweme!0x3eac818 1
Aweme!0x3e67810 56
Aweme!0x3ecb134 1
Aweme!0x3ecfd58 1
Aweme!0x3e711cc 2
Aweme!0x3ecaf64 1
Aweme!0x3e61858 1
Aweme!0x3eda368 1
Aweme!0x3ecf3ec 2
Aweme!0x3e523fc 7
Aweme!0x3e710b8 2
Aweme!0x3e5205c 11
Aweme!0x3eca540 4
Aweme!0x3ea6180 1
Aweme!0x3e872f4 2
Aweme!0x3ed7104 4
Aweme!0x3ecf504 1
Aweme!0x3e7ce58 4
Aweme!0x3ed32a8 3
Aweme!0x3ed3304 1
Aweme!0x3e870c8 2
Aweme!0x3ea0f90 1
Aweme!0x3e51fa4 3
Aweme!0x3ee4520 2
Aweme!0x3eda3c8 3
Aweme!0x3eda028 1
Aweme!0x3ea8d04 7
Aweme!0x3e5e93c 2
Aweme!0x3e712e8 2
Aweme!0x3ea7e84 1
Aweme!0x3eac8d8 1
Aweme!0x3e618bc 2
Aweme!0x3e7128c 6
Aweme!0x775e39c 7
Aweme!0x3e86de4 1
Aweme!0x3e70d1c 2
Aweme!0x3e71400 1
Aweme!0x775b534 2
Aweme!0x3ecaa58 11
Aweme!0x3e70920 1
Aweme!0x3ed9eb8 4
Aweme!0x3e713a4 1
Aweme!0x3e67b00 2
Aweme!0x3ea12d8 1
Aweme!0x775e7f8 1
Aweme!0x3eca9a0 1
Aweme!0x3e58b58 236
Aweme!0x3e5c5b8 1
Aweme!0x3e520c0 3
Aweme!0x3e70d7c 2
Aweme!0x3e7111c 2
Aweme!0x3e93da8 2
Aweme!0x3e70980 29
Aweme!0x3e70af4 21
Aweme!0x3eda5fc 1
Aweme!0x3e8c7d4 2
Aweme!0x3e4e71c 4
Aweme!0x3ecfd64 1
Aweme!0x3eca9a4 4
Aweme!0x3eca604 3
Aweme!0x3ed31f8 2
Aweme!0x3ed3028 814
Aweme!0x3ee49e0 1
Aweme!0x3ea8d0c 393
Aweme!0x3ecb1fc 1
Aweme!0x3ecb02c 2
Aweme!0x3e71294 2
Aweme!0x3e86dec 1
Aweme!0x3ea7a90 8
Aweme!0x3e67bc0 2
Aweme!0x3e71464 1
Aweme!0x3e5c8a4 1
Aweme!0x3e87300 4
Aweme!0x775e348 7
Aweme!0x3ea0a88 1
Aweme!0x3ed32b4 2
Aweme!0x3ea8c54 6
Aweme!0x3e4e1b0 5
Aweme!0x3e5bd68 4
Aweme!0x3ea1680 3
Aweme!0x3e716f0 7
Aweme!0x3e5c61c 2
Aweme!0x3e70c10 3
Aweme!0x3e84b20 1
Aweme!0x775e7a4 238
Aweme!0x3ede85c 3
Aweme!0x775cb00 1
Aweme!0x3ea1228 1
Aweme!0x3ea61ec 21
Aweme!0x775e918 1
Aweme!0x3e808c8 1
Aweme!0x3e6047c 1
Aweme!0x3e713b0 3
Aweme!0x775e804 4
Aweme!0x3ecb260 6
Aweme!0x3e85208 9
Aweme!0x3e7bed4 1
Aweme!0x3e712f8 1
Aweme!0x3e71128 1
Aweme!0x3e853d8 30
Aweme!0x3ea61f0 2
Aweme!0x3ed325c 5
Aweme!0x3e86df4 9
Aweme!0x3ea2ad4 2
Aweme!0x3e70b5c 20
Aweme!0x3e7129c 1
Aweme!0x3e71240 2
Aweme!0x3e71698 10
Aweme!0x3e4e728 2
Aweme!0x3e51534 7
Aweme!0x3ed9ec8 3
On receive  16384
Error happenError: unable to find module containing 0x1218a025c
Error happenError: unable to find module containing 0x121822984
Error happenError: unable to find module containing 0x121822994
call: Aweme!0x3ecb52c Aweme!0x775e390@DYLD-STUB$$objc_retain
call: Foundation!0x715c libobjc.A.dylib!0x47e8@object_getClass
call: Foundation!0x71cc CoreFoundation!0xaae2c@_CFNonObjCRetain
call: Aweme!0x3ecb538 Aweme!0x775e390@DYLD-STUB$$objc_retain
call: Aweme!0x3ecb554 Aweme!0x775e348@DYLD-STUB$$objc_msgSend
call: Foundation!0x40150 libobjc.A.dylib!0x2080@objc_msgSend
call: Foundation!0x732c libobjc.A.dylib!0x47e8@object_getClass
call: Foundation!0x40180 CoreFoundation!0xf2138@CFURLCopyAbsoluteURL
call: CoreFoundation!0xf2164 CoreFoundation!0xabff8@CFGetAllocator
call: CoreFoundation!0xf2234 CoreFoundation!0x2af0@CFRetain
call: Foundation!0x4018c CoreFoundation!0xf1b04@CFURLGetString
call: Foundation!0x40190 libobjc.A.dylib!0x20010@objc_retain
call: CoreFoundation!0x6bec CoreFoundation!0xaae2c@_CFNonObjCRetain
call: Foundation!0x40194 libobjc.A.dylib!0x20080@objc_autorelease
call: Foundation!0x401a0 CoreFoundation!0x2694@CFRelease
call: Aweme!0x3ecb558 Aweme!0x3ecb9c4@0x3ecb9c4
call: CoreFoundation!0x6bec CoreFoundation!0xaae2c@_CFNonObjCRetain
call: Aweme!0x3ecb570 Aweme!0x775e348@DYLD-STUB$$objc_msgSend
call: Aweme!0x3ecb58c Aweme!0x3ecb9dc@0x3ecb9dc
call: libc++abi.dylib!0xee0 libc++abi.dylib!0x10e54@DYLD-STUB$$malloc
call: libsystem_malloc.dylib!0x10160 libsystem_malloc.dylib!0xf6b8@malloc_zone_malloc
call: libsystem_malloc.dylib!0xf750 libsystem_malloc.dylib!0x11d64@default_zone_malloc
call: libsystem_malloc.dylib!0xecc libsystem_malloc.dylib!0xf20@nanov2_allocate$VARIANT$mp
call: libsystem_malloc.dylib!0xf98 libsystem_malloc.dylib!0x1b18@nanov2_allocate_from_block$VARIANT$mp
call: Aweme!0x3ecb598 Aweme!0x775e39c@DYLD-STUB$$objc_retainAutorelease
call: libobjc.A.dylib!0x218c4 libobjc.A.dylib!0x20010@objc_retain
call: CoreFoundation!0x6bec CoreFoundation!0xaae2c@_CFNonObjCRetain
call: Aweme!0x3ecb5a4 Aweme!0x3ecb9e4@0x3ecb9e4
call: CoreFoundation!0x6980 CoreFoundation!0xc7c40@__CFStringMtbl
call: CoreFoundation!0x69b4 CoreFoundation!0xcf3e4@CFStringGetCStringPtr
call: Aweme!0x3ecb5b0 Aweme!0x3eca930@0x3eca930
call: Aweme!0x3eca8d4 Aweme!0x3ecb180@0x3ecb180
call: Aweme!0x3eca8e8 Aweme!0x775dfd0@DYLD-STUB$$malloc
call: libsystem_malloc.dylib!0x10160 libsystem_malloc.dylib!0xf6b8@malloc_zone_malloc
call: libsystem_malloc.dylib!0xf750 libsystem_malloc.dylib!0x11d64@default_zone_malloc
call: libsystem_malloc.dylib!0x6224 libsystem_malloc.dylib!0x17638@tiny_malloc_should_clear
call: libsystem_malloc.dylib!0x176d0 libsystem_platform.dylib!0x8cf8@DYLD-STUB$$os_unfair_lock_lock_with_options
call: libsystem_malloc.dylib!0x17714 libsystem_malloc.dylib!0x1902c@tiny_malloc_from_free_list
call: libsystem_malloc.dylib!0x19688 libsystem_malloc.dylib!0x15fc8@tiny_free_list_add_ptr
call: libsystem_malloc.dylib!0x19270 libsystem_malloc.dylib!0x17ca8@set_tiny_meta_header_in_use
call: libsystem_malloc.dylib!0x17a4c libsystem_platform.dylib!0x8d1c@DYLD-STUB$$os_unfair_lock_unlock
call: Aweme!0x3eca8f4 Aweme!0x3ecb2a0@0x3ecb2a0
call: Aweme!0x3ecb5bc Aweme!0x3eca340@0x3eca340
call: Aweme!0x3eca35c Aweme!0x3e58b14@0x3e58b14
call: Aweme!0x3e58af4 Aweme!0x3e58a74@0x3e58a74
call: Aweme!0x3e58afc Aweme!0x775e78c@DYLD-STUB$$pthread_mutex_lock
call: Aweme!0x3eca368 Aweme!0x775c5d8@DYLD-STUB$$operator new(unsigned long)
call: libc++abi.dylib!0xee0 libc++abi.dylib!0x10e54@DYLD-STUB$$malloc
call: libsystem_malloc.dylib!0x10160 libsystem_malloc.dylib!0xf6b8@malloc_zone_malloc
call: libsystem_malloc.dylib!0xf750 libsystem_malloc.dylib!0x11d64@default_zone_malloc
call: libsystem_malloc.dylib!0xecc libsystem_malloc.dylib!0xf20@nanov2_allocate$VARIANT$mp
call: libsystem_malloc.dylib!0xf98 libsystem_malloc.dylib!0x1b18@nanov2_allocate_from_block$VARIANT$mp
call: Aweme!0x3eca37c Aweme!0x3e58b58@0x3e58b58
call: Aweme!0x3e58b3c Aweme!0x3e58a74@0x3e58a74
call: Aweme!0x3e58b44 Aweme!0x775e7a4@DYLD-STUB$$pthread_mutex_unlock
call: Aweme!0x3ecb5c4 Aweme!0x3e86ba0@0x3e86ba0
call: Aweme!0x3e86bb0 Aweme!0x3e87334@0x3e87334
call: libc++abi.dylib!0xee0 libc++abi.dylib!0x10e54@DYLD-STUB$$malloc
call: libsystem_malloc.dylib!0x10160 libsystem_malloc.dylib!0xf6b8@malloc_zone_malloc
call: libsystem_malloc.dylib!0xf750 libsystem_malloc.dylib!0x11d64@default_zone_malloc
call: libsystem_malloc.dylib!0xecc libsystem_malloc.dylib!0xf20@nanov2_allocate$VARIANT$mp
call: libsystem_malloc.dylib!0xf98 libsystem_malloc.dylib!0x1b18@nanov2_allocate_from_block$VARIANT$mp
call: Aweme!0x3e86bd8 Aweme!0x3e868f0@0x3e868f0
call: Aweme!0x3e86908 Aweme!0x3e87254@0x3e87254
call: Aweme!0x3e8690c Aweme!0x3ed9d58@0x3ed9d58
call: Aweme!0x3ed9d74 Aweme!0x3ea61ec@0x3ea61ec
call: libsystem_malloc.dylib!0x10160 libsystem_malloc.dylib!0xf6b8@malloc_zone_malloc
call: libsystem_malloc.dylib!0xf750 libsystem_malloc.dylib!0x11d64@default_zone_malloc
call: libsystem_malloc.dylib!0xecc libsystem_malloc.dylib!0xf20@nanov2_allocate$VARIANT$mp
call: libsystem_malloc.dylib!0xf98 libsystem_malloc.dylib!0x1b18@nanov2_allocate_from_block$VARIANT$mp
call: Aweme!0x3ed9d80 Aweme!0x3e516d4@0x3e516d4
call: Aweme!0x3e516e0 Aweme!0x3e520e0@0x3e520e0
call: Aweme!0x3e516e4 Aweme!0x3e51ed8@0x3e51ed8
call: Aweme!0x3e51ee4 Aweme!0x3ea61ec@0x3ea61ec
call: libsystem_malloc.dylib!0x10160 libsystem_malloc.dylib!0xf6b8@malloc_zone_malloc
call: libsystem_malloc.dylib!0xf750 libsystem_malloc.dylib!0x11d64@default_zone_malloc
call: libsystem_malloc.dylib!0xecc libsystem_malloc.dylib!0xf20@nanov2_allocate$VARIANT$mp
call: libsystem_malloc.dylib!0xf98 libsystem_malloc.dylib!0x1b18@nanov2_allocate_from_block$VARIANT$mp
call: Aweme!0x3ed9d84 Aweme!0x3e523f0@0x3e523f0
call: Aweme!0x3e86bdc Aweme!0x3e872dc@0x3e872dc
call: Aweme!0x3e808e4 Aweme!0x3e58b14@0x3e58b14
call: Aweme!0x3e58af4 Aweme!0x3e58a74@0x3e58a74
call: Aweme!0x3e58afc Aweme!0x775e78c@DYLD-STUB$$pthread_mutex_lock
call: Aweme!0x3e808f0 Aweme!0x775c5d8@DYLD-STUB$$operator new(unsigned long)
call: libc++abi.dylib!0xee0 libc++abi.dylib!0x10e54@DYLD-STUB$$malloc
call: libsystem_malloc.dylib!0x10160 libsystem_malloc.dylib!0xf6b8@malloc_zone_malloc
call: libsystem_malloc.dylib!0xf750 libsystem_malloc.dylib!0x11d64@default_zone_malloc
call: libsystem_malloc.dylib!0xecc libsystem_malloc.dylib!0xf20@nanov2_allocate$VARIANT$mp
call: libsystem_malloc.dylib!0xf98 libsystem_malloc.dylib!0x1b18@nanov2_allocate_from_block$VARIANT$mp
call: Aweme!0x3e80904 Aweme!0x3e58b58@0x3e58b58
call: Aweme!0x3e58b3c Aweme!0x3e58a74@0x3e58a74
call: Aweme!0x3e58b44 Aweme!0x775e7a4@DYLD-STUB$$pthread_mutex_unlock
call: Aweme!0x3ecb5e8 Aweme!0x775e390@DYLD-STUB$$objc_retain
call: Aweme!0x3ecb608 Aweme!0x775e348@DYLD-STUB$$objc_msgSend
call: Aweme!0x3ecb64c Aweme!0x3e5bd68@0x3e5bd68
call: Aweme!0x3e5bd80 Aweme!0x3e58b14@0x3e58b14
call: Aweme!0x3e58af4 Aweme!0x3e58a74@0x3e58a74
call: Aweme!0x3e58afc Aweme!0x775e78c@DYLD-STUB$$pthread_mutex_lock
call: Aweme!0x3e5bd8c Aweme!0x3e58b58@0x3e58b58
call: Aweme!0x3e58b3c Aweme!0x3e58a74@0x3e58a74
call: Aweme!0x3e58b44 Aweme!0x775e7a4@DYLD-STUB$$pthread_mutex_unlock
call: Aweme!0x3ecb654 Aweme!0x3ecb9dc@0x3ecb9dc
call: libc++abi.dylib!0xee0 libc++abi.dylib!0x10e54@DYLD-STUB$$malloc
call: libsystem_malloc.dylib!0x10160 libsystem_malloc.dylib!0xf6b8@malloc_zone_malloc
call: libsystem_malloc.dylib!0xf750 libsystem_malloc.dylib!0x11d64@default_zone_malloc
call: libsystem_malloc.dylib!0xecc libsystem_malloc.dylib!0xf20@nanov2_allocate$VARIANT$mp
call: libsystem_malloc.dylib!0xf98 libsystem_malloc.dylib!0x1b18@nanov2_allocate_from_block$VARIANT$mp
call: Aweme!0x3ecb660 Aweme!0x775e39c@DYLD-STUB$$objc_retainAutorelease
call: libobjc.A.dylib!0x218c4 libobjc.A.dylib!0x20010@objc_retain
call: CoreFoundation!0x6bec CoreFoundation!0xaae2c@_CFNonObjCRetain
call: Aweme!0x3ecb668 Aweme!0x3ecb9e4@0x3ecb9e4
call: CoreFoundation!0x6980 CoreFoundation!0xc7c40@__CFStringMtbl
call: CoreFoundation!0x69b4 CoreFoundation!0xcf3e4@CFStringGetCStringPtr
call: Aweme!0x3ecb674 Aweme!0x3eca930@0x3eca930
call: Aweme!0x3eca8d4 Aweme!0x3ecb180@0x3ecb180
call: Aweme!0x3eca8e8 Aweme!0x775dfd0@DYLD-STUB$$malloc
call: libsystem_malloc.dylib!0x10160 libsystem_malloc.dylib!0xf6b8@malloc_zone_malloc
call: libsystem_malloc.dylib!0xf750 libsystem_malloc.dylib!0x11d64@default_zone_malloc
call: libsystem_malloc.dylib!0xecc libsystem_malloc.dylib!0xf20@nanov2_allocate$VARIANT$mp
call: libsystem_malloc.dylib!0xf98 libsystem_malloc.dylib!0x1b18@nanov2_allocate_from_block$VARIANT$mp
call: Aweme!0x3eca8f4 Aweme!0x3ecb2a0@0x3ecb2a0
call: Aweme!0x3ecb678 Aweme!0x3ecb9dc@0x3ecb9dc
call: libc++abi.dylib!0xee0 libc++abi.dylib!0x10e54@DYLD-STUB$$malloc
call: libsystem_malloc.dylib!0x10160 libsystem_malloc.dylib!0xf6b8@malloc_zone_malloc
call: libsystem_malloc.dylib!0xf750 libsystem_malloc.dylib!0x11d64@default_zone_malloc
call: libsystem_malloc.dylib!0xecc libsystem_malloc.dylib!0xf20@nanov2_allocate$VARIANT$mp
call: libsystem_malloc.dylib!0xf98 libsystem_malloc.dylib!0x1b18@nanov2_allocate_from_block$VARIANT$mp
call: Aweme!0x3ecb68c Aweme!0x775e348@DYLD-STUB$$objc_msgSend
call: CoreFoundation!0x463c libobjc.A.dylib!0x2080@objc_msgSend
call: CoreFoundation!0x4680 libobjc.A.dylib!0x2080@objc_msgSend
call: CoreFoundation!0x4228 CoreFoundation!0x2b6c@_CFStringEqual
call: CoreFoundation!0x4680 libobjc.A.dylib!0x2080@objc_msgSend
call: CoreFoundation!0x4228 CoreFoundation!0x2b6c@_CFStringEqual
call: Aweme!0x3ecb690 Aweme!0x3ecb9c4@0x3ecb9c4
call: CoreFoundation!0x6bec CoreFoundation!0xaae2c@_CFNonObjCRetain
call: Aweme!0x3ecb694 Aweme!0x775e39c@DYLD-STUB$$objc_retainAutorelease
call: libobjc.A.dylib!0x218c4 libobjc.A.dylib!0x20010@objc_retain
call: CoreFoundation!0x6bec CoreFoundation!0xaae2c@_CFNonObjCRetain
call: Aweme!0x3ecb69c Aweme!0x3ecb9e4@0x3ecb9e4
call: CoreFoundation!0x6980 CoreFoundation!0xc7c40@__CFStringMtbl
call: CoreFoundation!0x69b4 CoreFoundation!0xcf3e4@CFStringGetCStringPtr
call: Aweme!0x3ecb6a8 Aweme!0x3eca930@0x3eca930
call: Aweme!0x3eca8d4 Aweme!0x3ecb180@0x3ecb180
call: Aweme!0x3eca8e8 Aweme!0x775dfd0@DYLD-STUB$$malloc
call: libsystem_malloc.dylib!0x10160 libsystem_malloc.dylib!0xf6b8@malloc_zone_malloc
call: libsystem_malloc.dylib!0xf750 libsystem_malloc.dylib!0x11d64@default_zone_malloc
call: libsystem_malloc.dylib!0x6224 libsystem_malloc.dylib!0x17638@tiny_malloc_should_clear
call: libsystem_malloc.dylib!0x176d0 libsystem_platform.dylib!0x8cf8@DYLD-STUB$$os_unfair_lock_lock_with_options
call: libsystem_malloc.dylib!0x17714 libsystem_malloc.dylib!0x1902c@tiny_malloc_from_free_list
call: libsystem_malloc.dylib!0x19688 libsystem_malloc.dylib!0x15fc8@tiny_free_list_add_ptr
call: libsystem_malloc.dylib!0x19270 libsystem_malloc.dylib!0x17ca8@set_tiny_meta_header_in_use
call: libsystem_malloc.dylib!0x17a4c libsystem_platform.dylib!0x8d1c@DYLD-STUB$$os_unfair_lock_unlock
call: Aweme!0x3eca8f4 Aweme!0x3ecb2a0@0x3ecb2a0
call: Aweme!0x3ecb6b8 Aweme!0x3e86920@0x3e86920
call: Aweme!0x3e8694c Aweme!0x3ed9ea8@0x3ed9ea8
call: Aweme!0x3e51e10 Aweme!0x3e52080@0x3e52080
call: Aweme!0x3e8695c Aweme!0x3ed9ddc@0x3ed9ddc
call: Aweme!0x3e86970 Aweme!0x3e51f88@0x3e51f88
call: Aweme!0x3e86980 Aweme!0x3e868c8@0x3e868c8
call: Aweme!0x3e868e0 Aweme!0x775c5d8@DYLD-STUB$$operator new(unsigned long)
call: libc++abi.dylib!0xee0 libc++abi.dylib!0x10e54@DYLD-STUB$$malloc
call: libsystem_malloc.dylib!0x10160 libsystem_malloc.dylib!0xf6b8@malloc_zone_malloc
call: libsystem_malloc.dylib!0xf750 libsystem_malloc.dylib!0x11d64@default_zone_malloc
call: libsystem_malloc.dylib!0xecc libsystem_malloc.dylib!0xf20@nanov2_allocate$VARIANT$mp
call: libsystem_malloc.dylib!0xf98 libsystem_malloc.dylib!0x1b18@nanov2_allocate_from_block$VARIANT$mp
call: Aweme!0x3e86990 Aweme!0x3ed9e90@0x3ed9e90
call: Aweme!0x3e51884 Aweme!0x3e52080@0x3e52080
call: Aweme!0x3e518e8 Aweme!0x3e51918@0x3e51918
call: Aweme!0x3e519a0 Aweme!0x3e51ed8@0x3e51ed8
call: Aweme!0x3e51ee4 Aweme!0x3ea61ec@0x3ea61ec
call: libsystem_malloc.dylib!0x10160 libsystem_malloc.dylib!0xf6b8@malloc_zone_malloc
call: libsystem_malloc.dylib!0xf750 libsystem_malloc.dylib!0x11d64@default_zone_malloc
call: libsystem_malloc.dylib!0xecc libsystem_malloc.dylib!0xf20@nanov2_allocate$VARIANT$mp
call: libsystem_malloc.dylib!0xf98 libsystem_malloc.dylib!0x1b18@nanov2_allocate_from_block$VARIANT$mp
call: Aweme!0x3e519f0 Aweme!0x3e51534@0x3e51534
call: Aweme!0x3e51544 Aweme!0x3e520e0@0x3e520e0
call: Aweme!0x3e518f4 Aweme!0x3e716f0@0x3e716f0
call: Aweme!0x3ecb6bc Aweme!0x3ecb9bc@0x3ecb9bc
call: Aweme!0x3ecb64c Aweme!0x3e5bd68@0x3e5bd68
call: Aweme!0x3e5bd80 Aweme!0x3e58b14@0x3e58b14
call: Aweme!0x3e58af4 Aweme!0x3e58a74@0x3e58a74
call: Aweme!0x3e58afc Aweme!0x775e78c@DYLD-STUB$$pthread_mutex_lock
call: Aweme!0x3e5bd8c Aweme!0x3e58b58@0x3e58b58
call: Aweme!0x3e58b3c Aweme!0x3e58a74@0x3e58a74
call: Aweme!0x3e58b44 Aweme!0x775e7a4@DYLD-STUB$$pthread_mutex_unlock
call: Aweme!0x3ecb654 Aweme!0x3ecb9dc@0x3ecb9dc
call: libc++abi.dylib!0xee0 libc++abi.dylib!0x10e54@DYLD-STUB$$malloc
call: libsystem_malloc.dylib!0x10160 libsystem_malloc.dylib!0xf6b8@malloc_zone_malloc
call: libsystem_malloc.dylib!0xf750 libsystem_malloc.dylib!0x11d64@default_zone_malloc
call: libsystem_malloc.dylib!0xecc libsystem_malloc.dylib!0xf20@nanov2_allocate$VARIANT$mp
call: libsystem_malloc.dylib!0xf98 libsystem_malloc.dylib!0x1b18@nanov2_allocate_from_block$VARIANT$mp
call: Aweme!0x3ecb660 Aweme!0x775e39c@DYLD-STUB$$objc_retainAutorelease
call: libobjc.A.dylib!0x218c4 libobjc.A.dylib!0x20010@objc_retain
call: CoreFoundation!0x6bec CoreFoundation!0xaae2c@_CFNonObjCRetain
call: Aweme!0x3ecb668 Aweme!0x3ecb9e4@0x3ecb9e4
call: CoreFoundation!0x6980 CoreFoundation!0xc7c40@__CFStringMtbl
call: CoreFoundation!0x69b4 CoreFoundation!0xcf3e4@CFStringGetCStringPtr
call: Aweme!0x3ecb674 Aweme!0x3eca930@0x3eca930
call: Aweme!0x3eca8d4 Aweme!0x3ecb180@0x3ecb180
call: Aweme!0x3eca8e8 Aweme!0x775dfd0@DYLD-STUB$$malloc
call: libsystem_malloc.dylib!0x10160 libsystem_malloc.dylib!0xf6b8@malloc_zone_malloc
call: libsystem_malloc.dylib!0xf750 libsystem_malloc.dylib!0x11d64@default_zone_malloc
call: libsystem_malloc.dylib!0xecc libsystem_malloc.dylib!0xf20@nanov2_allocate$VARIANT$mp
call: libsystem_malloc.dylib!0xf98 libsystem_malloc.dylib!0x1b18@nanov2_allocate_from_block$VARIANT$mp
call: Aweme!0x3eca8f4 Aweme!0x3ecb2a0@0x3ecb2a0
call: Aweme!0x3ecb678 Aweme!0x3ecb9dc@0x3ecb9dc
call: libc++abi.dylib!0xee0 libc++abi.dylib!0x10e54@DYLD-STUB$$malloc
call: libsystem_malloc.dylib!0x10160 libsystem_malloc.dylib!0xf6b8@malloc_zone_malloc
call: libsystem_malloc.dylib!0xf750 libsystem_malloc.dylib!0x11d64@default_zone_malloc
call: libsystem_malloc.dylib!0xecc libsystem_malloc.dylib!0xf20@nanov2_allocate$VARIANT$mp
call: libsystem_malloc.dylib!0xf98 libsystem_malloc.dylib!0x1b18@nanov2_allocate_from_block$VARIANT$mp
call: Aweme!0x3ecb68c Aweme!0x775e348@DYLD-STUB$$objc_msgSend
call: CoreFoundation!0x463c libobjc.A.dylib!0x2080@objc_msgSend
call: Aweme!0x3ecb690 Aweme!0x3ecb9c4@0x3ecb9c4
call: CoreFoundation!0x6bec CoreFoundation!0xaae2c@_CFNonObjCRetain
call: Aweme!0x3ecb694 Aweme!0x775e39c@DYLD-STUB$$objc_retainAutorelease
call: libobjc.A.dylib!0x218c4 libobjc.A.dylib!0x20010@objc_retain
call: CoreFoundation!0x6bec CoreFoundation!0xaae2c@_CFNonObjCRetain
call: Aweme!0x3ecb69c Aweme!0x3ecb9e4@0x3ecb9e4
call: CoreFoundation!0x6980 CoreFoundation!0xc7c40@__CFStringMtbl
call: CoreFoundation!0x69b4 CoreFoundation!0xcf3e4@CFStringGetCStringPtr
call: Aweme!0x3ecb6a8 Aweme!0x3eca930@0x3eca930
call: Aweme!0x3eca8d4 Aweme!0x3ecb180@0x3ecb180
call: Aweme!0x3eca8e8 Aweme!0x775dfd0@DYLD-STUB$$malloc
call: libsystem_malloc.dylib!0x10160 libsystem_malloc.dylib!0xf6b8@malloc_zone_malloc
call: libsystem_malloc.dylib!0xf750 libsystem_malloc.dylib!0x11d64@default_zone_malloc
call: libsystem_malloc.dylib!0xecc libsystem_malloc.dylib!0xf20@nanov2_allocate$VARIANT$mp
call: libsystem_malloc.dylib!0xf98 libsystem_malloc.dylib!0x1b18@nanov2_allocate_from_block$VARIANT$mp
call: Aweme!0x3eca8f4 Aweme!0x3ecb2a0@0x3ecb2a0
call: Aweme!0x3ecb6b8 Aweme!0x3e86920@0x3e86920
call: Aweme!0x3e8694c Aweme!0x3ed9ea8@0x3ed9ea8
call: Aweme!0x3e51de4 Aweme!0x3e5208c@0x3e5208c
call: Aweme!0x3e51dec Aweme!0x3e57ef4@0x3e57ef4
call: Aweme!0x3e51e10 Aweme!0x3e52080@0x3e52080
call: Aweme!0x3e8695c Aweme!0x3ed9ddc@0x3ed9ddc
call: Aweme!0x3e86970 Aweme!0x3e51f88@0x3e51f88
call: Aweme!0x3e86980 Aweme!0x3e868c8@0x3e868c8
call: Aweme!0x3e868e0 Aweme!0x775c5d8@DYLD-STUB$$operator new(unsigned long)
call: libc++abi.dylib!0xee0 libc++abi.dylib!0x10e54@DYLD-STUB$$malloc
call: libsystem_malloc.dylib!0x10160 libsystem_malloc.dylib!0xf6b8@malloc_zone_malloc
call: libsystem_malloc.dylib!0xf750 libsystem_malloc.dylib!0x11d64@default_zone_malloc
call: libsystem_malloc.dylib!0xecc libsystem_malloc.dylib!0xf20@nanov2_allocate$VARIANT$mp
call: libsystem_malloc.dylib!0xf98 libsystem_malloc.dylib!0x1b18@nanov2_allocate_from_block$VARIANT$mp
call: Aweme!0x3e86990 Aweme!0x3ed9e90@0x3ed9e90
call: Aweme!0x3e51828 Aweme!0x3e52134@0x3e52134
call: Aweme!0x3e51838 Aweme!0x3e5205c@0x3e5205c
call: Aweme!0x3e51844 Aweme!0x3e57ef4@0x3e57ef4
call: Aweme!0x3e518a8 Aweme!0x3e5205c@0x3e5205c
call: Aweme!0x3e518b4 Aweme!0x3e52134@0x3e52134
call: Aweme!0x3e518c0 Aweme!0x3e57ef4@0x3e57ef4
call: Aweme!0x3e518e8 Aweme!0x3e51918@0x3e51918
call: Aweme!0x3e5195c Aweme!0x3e523fc@0x3e523fc
call: Aweme!0x3e51970 Aweme!0x3e523fc@0x3e523fc
call: Aweme!0x3e51974 Aweme!0x3e52044@0x3e52044
call: Aweme!0x3e5197c Aweme!0x3e51ed8@0x3e51ed8
call: Aweme!0x3e51ee4 Aweme!0x3ea61ec@0x3ea61ec
call: libsystem_malloc.dylib!0x10160 libsystem_malloc.dylib!0xf6b8@malloc_zone_malloc
call: libsystem_malloc.dylib!0xf750 libsystem_malloc.dylib!0x11d64@default_zone_malloc
call: libsystem_malloc.dylib!0xecc libsystem_malloc.dylib!0xf20@nanov2_allocate$VARIANT$mp
call: libsystem_malloc.dylib!0xf98 libsystem_malloc.dylib!0x1b18@nanov2_allocate_from_block$VARIANT$mp
call: Aweme!0x3e519f0 Aweme!0x3e51534@0x3e51534
call: Aweme!0x3e51544 Aweme!0x3e520e0@0x3e520e0
call: Aweme!0x3e518f4 Aweme!0x3e716f0@0x3e716f0
call: Aweme!0x3ecb6bc Aweme!0x3ecb9bc@0x3ecb9bc
call: Aweme!0x3ecb64c Aweme!0x3e5bd68@0x3e5bd68
call: Aweme!0x3e5bd80 Aweme!0x3e58b14@0x3e58b14
call: Aweme!0x3e58af4 Aweme!0x3e58a74@0x3e58a74
call: Aweme!0x3e58afc Aweme!0x775e78c@DYLD-STUB$$pthread_mutex_lock
call: Aweme!0x3e5bd8c Aweme!0x3e58b58@0x3e58b58
call: Aweme!0x3e58b3c Aweme!0x3e58a74@0x3e58a74
call: Aweme!0x3e58b44 Aweme!0x775e7a4@DYLD-STUB$$pthread_mutex_unlock
call: Aweme!0x3ecb654 Aweme!0x3ecb9dc@0x3ecb9dc
call: libc++abi.dylib!0xee0 libc++abi.dylib!0x10e54@DYLD-STUB$$malloc
call: libsystem_malloc.dylib!0x10160 libsystem_malloc.dylib!0xf6b8@malloc_zone_malloc
call: libsystem_malloc.dylib!0xf750 libsystem_malloc.dylib!0x11d64@default_zone_malloc
call: libsystem_malloc.dylib!0xecc libsystem_malloc.dylib!0xf20@nanov2_allocate$VARIANT$mp
call: libsystem_malloc.dylib!0xf98 libsystem_malloc.dylib!0x1b18@nanov2_allocate_from_block$VARIANT$mp
call: Aweme!0x3ecb660 Aweme!0x775e39c@DYLD-STUB$$objc_retainAutorelease
call: libobjc.A.dylib!0x218c4 libobjc.A.dylib!0x20010@objc_retain
call: CoreFoundation!0x6bec CoreFoundation!0xaae2c@_CFNonObjCRetain
call: Aweme!0x3ecb668 Aweme!0x3ecb9e4@0x3ecb9e4
call: CoreFoundation!0x6980 CoreFoundation!0xc7c40@__CFStringMtbl
call: CoreFoundation!0x69b4 CoreFoundation!0xcf3e4@CFStringGetCStringPtr
call: Aweme!0x3ecb674 Aweme!0x3eca930@0x3eca930
call: Aweme!0x3eca8d4 Aweme!0x3ecb180@0x3ecb180
call: Aweme!0x3eca8e8 Aweme!0x775dfd0@DYLD-STUB$$malloc
call: libsystem_malloc.dylib!0x10160 libsystem_malloc.dylib!0xf6b8@malloc_zone_malloc
call: libsystem_malloc.dylib!0xf750 libsystem_malloc.dylib!0x11d64@default_zone_malloc
call: libsystem_malloc.dylib!0xecc libsystem_malloc.dylib!0xf20@nanov2_allocate$VARIANT$mp
call: libsystem_malloc.dylib!0xf98 libsystem_malloc.dylib!0x1b18@nanov2_allocate_from_block$VARIANT$mp
call: Aweme!0x3eca8f4 Aweme!0x3ecb2a0@0x3ecb2a0
call: Aweme!0x3ecb678 Aweme!0x3ecb9dc@0x3ecb9dc
call: libc++abi.dylib!0xee0 libc++abi.dylib!0x10e54@DYLD-STUB$$malloc
call: libsystem_malloc.dylib!0x10160 libsystem_malloc.dylib!0xf6b8@malloc_zone_malloc
call: libsystem_malloc.dylib!0xf750 libsystem_malloc.dylib!0x11d64@default_zone_malloc
call: libsystem_malloc.dylib!0xecc libsystem_malloc.dylib!0xf20@nanov2_allocate$VARIANT$mp
call: libsystem_malloc.dylib!0xf98 libsystem_malloc.dylib!0x1b18@nanov2_allocate_from_block$VARIANT$mp
call: Aweme!0x3ecb68c Aweme!0x775e348@DYLD-STUB$$objc_msgSend
call: CoreFoundation!0x463c libobjc.A.dylib!0x2080@objc_msgSend
call: Aweme!0x3ecb690 Aweme!0x3ecb9c4@0x3ecb9c4
call: CoreFoundation!0x6bec CoreFoundation!0xaae2c@_CFNonObjCRetain
call: Aweme!0x3ecb694 Aweme!0x775e39c@DYLD-STUB$$objc_retainAutorelease
call: libobjc.A.dylib!0x218c4 libobjc.A.dylib!0x20010@objc_retain
call: CoreFoundation!0x6bec CoreFoundation!0xaae2c@_CFNonObjCRetain
call: Aweme!0x3ecb69c Aweme!0x3ecb9e4@0x3ecb9e4
call: CoreFoundation!0x6980 CoreFoundation!0xc7c40@__CFStringMtbl
call: CoreFoundation!0x69b4 CoreFoundation!0xcf3e4@CFStringGetCStringPtr
call: Aweme!0x3ecb6a8 Aweme!0x3eca930@0x3eca930
call: Aweme!0x3eca8d4 Aweme!0x3ecb180@0x3ecb180
call: Aweme!0x3eca8e8 Aweme!0x775dfd0@DYLD-STUB$$malloc
call: libsystem_malloc.dylib!0x10160 libsystem_malloc.dylib!0xf6b8@malloc_zone_malloc
call: libsystem_malloc.dylib!0xf750 libsystem_malloc.dylib!0x11d64@default_zone_malloc
call: libsystem_malloc.dylib!0xecc libsystem_malloc.dylib!0xf20@nanov2_allocate$VARIANT$mp
call: libsystem_malloc.dylib!0xf98 libsystem_malloc.dylib!0x1b18@nanov2_allocate_from_block$VARIANT$mp
call: Aweme!0x3eca8f4 Aweme!0x3ecb2a0@0x3ecb2a0
call: Aweme!0x3ecb6b8 Aweme!0x3e86920@0x3e86920
call: Aweme!0x3e8694c Aweme!0x3ed9ea8@0x3ed9ea8
call: Aweme!0x3e51de4 Aweme!0x3e5208c@0x3e5208c
call: Aweme!0x3e51dec Aweme!0x3e57ef4@0x3e57ef4
call: Aweme!0x3e51e10 Aweme!0x3e52080@0x3e52080
call: Aweme!0x3e51e30 Aweme!0x3e523fc@0x3e523fc
call: Aweme!0x3e51e3c Aweme!0x3e57ef4@0x3e57ef4
call: Aweme!0x3e8695c Aweme!0x3ed9ddc@0x3ed9ddc
call: Aweme!0x3e86970 Aweme!0x3e51f88@0x3e51f88
call: Aweme!0x3e86980 Aweme!0x3e868c8@0x3e868c8
call: Aweme!0x3e868e0 Aweme!0x775c5d8@DYLD-STUB$$operator new(unsigned long)
call: libc++abi.dylib!0xee0 libc++abi.dylib!0x10e54@DYLD-STUB$$malloc
call: libsystem_malloc.dylib!0x10160 libsystem_malloc.dylib!0xf6b8@malloc_zone_malloc
call: libsystem_malloc.dylib!0xf750 libsystem_malloc.dylib!0x11d64@default_zone_malloc
call: libsystem_malloc.dylib!0xecc libsystem_malloc.dylib!0xf20@nanov2_allocate$VARIANT$mp
call: libsystem_malloc.dylib!0xf98 libsystem_malloc.dylib!0x1b18@nanov2_allocate_from_block$VARIANT$mp
call: Aweme!0x3e86990 Aweme!0x3ed9e90@0x3ed9e90
call: Aweme!0x3e51828 Aweme!0x3e52134@0x3e52134
call: Aweme!0x3e51838 Aweme!0x3e5205c@0x3e5205c
call: Aweme!0x3e51844 Aweme!0x3e57ef4@0x3e57ef4
call: Aweme!0x3e51884 Aweme!0x3e52080@0x3e52080
call: Aweme!0x3e518e8 Aweme!0x3e51918@0x3e51918
call: Aweme!0x3e5195c Aweme!0x3e523fc@0x3e523fc
call: Aweme!0x3e51970 Aweme!0x3e523fc@0x3e523fc
call: Aweme!0x3e51974 Aweme!0x3e52044@0x3e52044
call: Aweme!0x3e519a0 Aweme!0x3e51ed8@0x3e51ed8
call: Aweme!0x3e51ee4 Aweme!0x3ea61ec@0x3ea61ec
call: libsystem_malloc.dylib!0x10160 libsystem_malloc.dylib!0xf6b8@malloc_zone_malloc
call: libsystem_malloc.dylib!0xf750 libsystem_malloc.dylib!0x11d64@default_zone_malloc
call: libsystem_malloc.dylib!0xecc libsystem_malloc.dylib!0xf20@nanov2_allocate$VARIANT$mp
call: libsystem_malloc.dylib!0xf98 libsystem_malloc.dylib!0x1b18@nanov2_allocate_from_block$VARIANT$mp
call: Aweme!0x3e519f0 Aweme!0x3e51534@0x3e51534
call: Aweme!0x3e51544 Aweme!0x3e520e0@0x3e520e0
call: Aweme!0x3e518f4 Aweme!0x3e716f0@0x3e716f0
call: Aweme!0x3ecb6bc Aweme!0x3ecb9bc@0x3ecb9bc
call: Aweme!0x3ecb6e0 Aweme!0x775e348@DYLD-STUB$$objc_msgSend
call: Aweme!0x3ecb6ec Aweme!0x3ecb9d4@0x3ecb9d4
call: Aweme!0x3ecb700 Aweme!0x3ed67d0@0x3ed67d0
call: Aweme!0x3ed67ec Aweme!0x3e58b14@0x3e58b14
call: Aweme!0x3e58af4 Aweme!0x3e58a74@0x3e58a74
call: Aweme!0x3e58afc Aweme!0x775e78c@DYLD-STUB$$pthread_mutex_lock
call: Aweme!0x3ed6814 Aweme!0x3e58b58@0x3e58b58
call: Aweme!0x3e58b3c Aweme!0x3e58a74@0x3e58a74
call: Aweme!0x3e58b44 Aweme!0x775e7a4@DYLD-STUB$$pthread_mutex_unlock
call: Aweme!0x3ecb70c Aweme!0x3eca540@0x3eca540
call: Aweme!0x3eca55c Aweme!0x3e58b14@0x3e58b14
call: Aweme!0x3e58af4 Aweme!0x3e58a74@0x3e58a74
call: Aweme!0x3e58afc Aweme!0x775e78c@DYLD-STUB$$pthread_mutex_lock
call: Aweme!0x3eca584 Aweme!0x3e58b58@0x3e58b58
call: Aweme!0x3e58b3c Aweme!0x3e58a74@0x3e58a74
call: Aweme!0x3e58b44 Aweme!0x775e7a4@DYLD-STUB$$pthread_mutex_unlock
call: Aweme!0x3ecb724 Aweme!0x3ec92dc@0x3ec92dc
call: Aweme!0x3ec9320 Aweme!0x775e804@DYLD-STUB$$pthread_rwlock_rdlock
call: Aweme!0x3ec933c Aweme!0x3ec9348@0x3ec9348
call: Aweme!0x3ec9374 Aweme!0x3ec9348@0x3ec9348
call: Aweme!0x3ec939c Aweme!0x3e808c8@0x3e808c8
call: Aweme!0x3e808e4 Aweme!0x3e58b14@0x3e58b14
call: Aweme!0x3e58af4 Aweme!0x3e58a74@0x3e58a74
call: Aweme!0x3e58afc Aweme!0x775e78c@DYLD-STUB$$pthread_mutex_lock
call: Aweme!0x3e808f0 Aweme!0x775c5d8@DYLD-STUB$$operator new(unsigned long)
call: libc++abi.dylib!0xee0 libc++abi.dylib!0x10e54@DYLD-STUB$$malloc
call: libsystem_malloc.dylib!0x10160 libsystem_malloc.dylib!0xf6b8@malloc_zone_malloc
call: libsystem_malloc.dylib!0xf750 libsystem_malloc.dylib!0x11d64@default_zone_malloc
call: libsystem_malloc.dylib!0xecc libsystem_malloc.dylib!0xf20@nanov2_allocate$VARIANT$mp
call: libsystem_malloc.dylib!0xf98 libsystem_malloc.dylib!0x1b18@nanov2_allocate_from_block$VARIANT$mp
call: Aweme!0x3e80904 Aweme!0x3e58b58@0x3e58b58
call: Aweme!0x3e58b3c Aweme!0x3e58a74@0x3e58a74
call: Aweme!0x3e58b44 Aweme!0x775e7a4@DYLD-STUB$$pthread_mutex_unlock
call: Aweme!0x3ec93a4 Aweme!0x3eca604@0x3eca604
call: Aweme!0x3ec91ec Aweme!0x3e58b14@0x3e58b14
call: Aweme!0x3e58af4 Aweme!0x3e58a74@0x3e58a74
call: Aweme!0x3e58afc Aweme!0x775e78c@DYLD-STUB$$pthread_mutex_lock
call: Aweme!0x3ec91f8 Aweme!0x3e58b58@0x3e58b58
call: Aweme!0x3e58b3c Aweme!0x3e58a74@0x3e58a74
call: Aweme!0x3e58b44 Aweme!0x775e7a4@DYLD-STUB$$pthread_mutex_unlock
call: Aweme!0x3ec93a8 Aweme!0x3e86fd4@0x3e86fd4
call: Aweme!0x3ec93b0 Aweme!0x3eca604@0x3eca604
