AwemeModuleBase:0x106a1b4f0
arg1 https://search3-search-lf.amemv.com/aweme/v1/search/item/?caid1=0803bffc8815b9f02c08f48f95c1008c&tma_jssdk_version=2.1.0.2&minor_status=0&ac=WIFI&appTheme=dark&is_vcd=1&keyword=%E7%8E%8B%E4%B8%80%E5%8D%9A&video_cover_shrink=372_496&enter_from=homepage_hot&sort_type=0&backtrace=M7U2PfbCPC7qlX46ow2D73foIbuD7zG%2BTODCT48wHI74oC1dlQVm4omXMt%2BkHUSKjMf5EJvWyjt3jVKDb%2FBylQ%3D%3D&count=12&is_filter_search=0&user_avatar_shrink=64_64&source=video_search&query_correct_type=1&rs_word_count=5&offset=0&search_source=normal_search&publish_time=0&hot_search=0&aid=1128&app_name=aweme&app_version=14.8.0&build_number=148013&cdid=FEDA96DE-E849-4E15-99C9-66CD61F50ADD&channel=App%20Store&device_id=4169787388733342&device_platform=iphone&device_type=iPhone9,1&idfa=322127EF-8E4E-48E9-98E0-99ACBDC85525&iid=2955926580500413&js_sdk_version=1.99.0.3&mcc_mnc=&openudid=a4cb7b4ade7c5e8e6c90cf8f892aafe6c64c73d1&os_api=18&os_version=13.3.1&screen_width=750&version_code=14.8.0&vid=25AD3C98-7CA5-4B2E-9B39-9BAEFC31BBD2
arg2 {
    "User-Agent" = "Aweme 14.8.0 rv:148013 (iPhone; iOS 13.3.1; zh_CN) Cronet";
    "x-common-params-v2" = "aid=1128&app_name=aweme&app_version=14.8.0&build_number=148013&cdid=FEDA96DE-E849-4E15-99C9-66CD61F50ADD&channel=App%20Store&device_id=4169787388733342&device_platform=iphone&device_type=iPhone9,1&idfa=322127EF-8E4E-48E9-98E0-99ACBDC85525&iid=2955926580500413&js_sdk_version=1.99.0.3&mcc_mnc=&openudid=a4cb7b4ade7c5e8e6c90cf8f892aafe6c64c73d1&os_api=18&os_version=13.3.1&screen_width=750&version_code=14.8.0&vid=25AD3C98-7CA5-4B2E-9B39-9BAEFC31BBD2";
    "x-tt-token" = "003c4774314c4f83d0177a0ae886f5a6f50056cb8fc53fa60c3b0bf88596c762fc922f46798e27276d911e99fde0203a46a8df6837c3279998eaaccf63df5e59c34fb9458bd8d9b17fd1ecf392c2a6fc08649f8411f4295761fc95f3fe46affde27ce-1.0.1";
}
call Aweme!0x3e7141c
,	Aweme!0x3e7141c this.args0 0x1b5 0x1b5

,	Aweme!0x3e7141c this.args1 0x84 0x84

,	Aweme!0x3e7141c this.args2 0x79 0x79

,	Aweme!0x3e7141c this.args3 0x117 0x117

,	Aweme!0x3e7141c this.args4 0x1 0x1

,	Aweme!0x3e7141c this.args0 onLeave 0x1b5 0x1b5

,	Aweme!0x3e7141c this.args1 onLeave 0x84 0x84

,	Aweme!0x3e7141c this.args2 onLeave 0x79 0x79

,	Aweme!0x3e7141c this.args3 onLeave 0x117 0x117

,	Aweme!0x3e7141c this.args4 onLeave 0x1 0x1

,retval onLeave: 0x1b5 0x1b5

call Aweme!0x3e7141c
,	Aweme!0x3e7141c this.args0 0x153 0x153

,	Aweme!0x3e7141c this.args1 0x168 0x168

,	Aweme!0x3e7141c this.args2 0x51 0x51

,	Aweme!0x3e7141c this.args3 0x1a1 0x1a1

,	Aweme!0x3e7141c this.args4 0x19 0x19

,	Aweme!0x3e7141c this.args0 onLeave 0x153 0x153

,	Aweme!0x3e7141c this.args1 onLeave 0x168 0x168

,	Aweme!0x3e7141c this.args2 onLeave 0x51 0x51

,	Aweme!0x3e7141c this.args3 onLeave 0x1a1 0x1a1

,	Aweme!0x3e7141c this.args4 onLeave 0x19 0x19

,retval onLeave: 0x153 0x153

[end signal]{
    "X-Argus" = "592lyQiW1BCnVSpt3AUpBQchM1IYdBrX0kZOzS5Xa+lF4JeEeJC/+YPlOuB3rWkUmQpItV2RjyD8UWFSwEvJdhsyIuvasJhbsvjq/J+IlL5mwCUQN5KL4tH9B2P2cs8/Yj9fP/RYRG0lJkIBq9stI0UPSOI5WbCPjOI/Us82nM353tbGbHfMFPsh/rL1ED05nFU/ObuRtTyc2bVYeQBn9F68OZAXQM8IkwJ/Wc1to3YXa+8rm80hebPmTouSs9u/Qy4=";
    "X-Gorgon" = 8404e03e8000692e866a6b54b747132beea3ce6bde753bf3e3c5;
    "X-Khronos" = 1618201440;
    "X-Ladon" = "NZRSXU3Kt4UW7UpS8EAS0vixxCnyAx/7FBfb4hWVvmZ+8ZfF";
    "X-Tyhon" = "gFiN1G8JoNgXJ4+NNy688ilYtewYMIWIPz+acFM=";
}
Aweme!0x3ead464 1
Aweme!0x3ed30cc 2
Aweme!0x3ed9ea8 5
Aweme!0x3e711c4 2
Aweme!0x3ed7210 1
Aweme!0x3e7cf08 4
Aweme!0x3e57ef4 18
Aweme!0x3e86920 5
Aweme!0x775e78c 255
Aweme!0x3ed9fc0 1
Aweme!0x3e712dc 3
Aweme!0x3ecb2a0 23
Aweme!0x3ed3358 3
Aweme!0x775e390 3
Aweme!0x3ede618 2
Aweme!0x3edded8 1
Aweme!0x3ecef8c 1
Aweme!0x3e90ed4 1
Aweme!0x3e713f4 1
Aweme!0x3ed3240 1
Aweme!0x3ed31e4 258
Aweme!0x3ecabc0 5
Aweme!0x3ecb9e4 7
Aweme!0x3eca820 4
Aweme!0x3e8a210 1
Aweme!0x3ea1d50 1
Aweme!0x3e51f40 3
Aweme!0x775c5d8 35
Aweme!0x3e714b0 1
Aweme!0x3e70ba0 11
Aweme!0x3e868c8 5
Aweme!0x3e5e8d8 1
Aweme!0x3e71110 1
Aweme!0x3e71284 1
Aweme!0x3e4f5ec 2
Aweme!0x3ea1ac8 1
Aweme!0x3e70b44 8
Aweme!0x3e5e594 1
Aweme!0x3e51918 8
Aweme!0x3e67810 57
Aweme!0x3e61858 1
Aweme!0x3e6057c 2
Aweme!0x3eac818 1
Aweme!0x3ecb134 1
Aweme!0x3e8c880 4
Aweme!0x3e8a0a0 1
Aweme!0x3ecfd58 1
Aweme!0x3ecaf64 1
Aweme!0x3e711cc 2
Aweme!0x3eda368 1
Aweme!0x3ecf3ec 2
Aweme!0x3e523fc 7
Aweme!0x3e7ce58 4
Aweme!0x3e5205c 11
Aweme!0x3e710b8 2
Aweme!0x3eca540 4
Aweme!0x3ecf504 1
Aweme!0x3ed7104 4
Aweme!0x3e872f4 2
Aweme!0x3ea6180 1
Aweme!0x3ed3304 1
Aweme!0x3ed32a8 3
Aweme!0x3e870c8 2
Aweme!0x3ea0f90 1
Aweme!0x3e51fa4 6
Aweme!0x3e70c60 1
Aweme!0x3ee4520 2
Aweme!0x3eda3c8 4
Aweme!0x3eda028 1
Aweme!0x3ea8d04 7
Aweme!0x3e5e93c 2
Aweme!0x3e712e8 2
Aweme!0x3eac8d8 1
Aweme!0x3e618bc 2
Aweme!0x3ea7e84 1
Aweme!0x3e7128c 6
Aweme!0x775e39c 7
Aweme!0x3e86de4 1
Aweme!0x3e70d1c 2
Aweme!0x3e71400 1
Aweme!0x775b534 2
Aweme!0x3ecaa58 11
Aweme!0x3e70920 1
Aweme!0x3ed9eb8 4
Aweme!0x3e713a4 1
Aweme!0x3e67b00 2
Aweme!0x775e7f8 1
Aweme!0x3ea12d8 1
Aweme!0x3eca9a0 3
Aweme!0x3e58b58 253
Aweme!0x3e5c5b8 1
Aweme!0x3e7111c 2
Aweme!0x3e520c0 3
Aweme!0x3e70d7c 2
Aweme!0x3e93da8 2
Aweme!0x3e70980 29
Aweme!0x3e8a108 1
Aweme!0x3e70af4 21
Aweme!0x3eda5fc 1
Aweme!0x3e8c7d4 2
Aweme!0x3e4e71c 4
Aweme!0x3ecfd64 1
Aweme!0x3ea8d0c 293
Aweme!0x3eca9a4 4
Aweme!0x3eca604 3
Aweme!0x3ed31f8 2
Aweme!0x3ed3028 814
Aweme!0x3ee49e0 1
Aweme!0x3ecb1fc 1
Aweme!0x3e71464 1
Aweme!0x3e71294 2
Aweme!0x3ecb02c 2
Aweme!0x3ea7a90 8
Aweme!0x3e67bc0 2
Aweme!0x3e86dec 1
Aweme!0x3e5c8a4 1
Aweme!0x3e87300 4
Aweme!0x775e348 7
Aweme!0x3ea0a88 1
Aweme!0x3ed32b4 2
Aweme!0x3ea8c54 6
Aweme!0x3e4e1b0 6
Aweme!0x3e5bd68 4
Aweme!0x3ea1680 3
Aweme!0x3e716f0 8
Aweme!0x3e5c61c 2
Aweme!0x3e70c10 3
Aweme!0x3e84b20 1
Aweme!0x775e7a4 255
Aweme!0x3ede85c 3
Aweme!0x775cb00 1
Aweme!0x775e918 1
Aweme!0x3ea1228 1
Aweme!0x3ea61ec 22
Aweme!0x3e808c8 1
Aweme!0x3e6047c 1
Aweme!0x3e711e0 1
Aweme!0x3e713b0 3
Aweme!0x3ed325c 5
Aweme!0x775e804 4
Aweme!0x3e71698 10
Aweme!0x3e853d8 30
Aweme!0x3e712f8 1
Aweme!0x3e71128 1
Aweme!0x3e7bed4 1
Aweme!0x3e85208 9
Aweme!0x3ecb260 6
Aweme!0x3ea61f0 2
Aweme!0x3e86df4 9
Aweme!0x3ea2ad4 2
Aweme!0x3e70b5c 21
Aweme!0x3e7129c 1
Aweme!0x3e71240 2
Aweme!0x3e4e728 3
Aweme!0x3ed9ec8 3
Aweme!0x3e51534 8
Aweme!0x3e70c74 1
Aweme!0x3ea1858 37
Aweme!0x3ecf460 1
Aweme!0x3ecc428 1
Aweme!0x3edb1a4 1
Aweme!0x3e83398 1
Aweme!0x3e70d30 1
Aweme!0x3ed9d58 5
Aweme!0x3e5cbf4 1
Aweme!0x3e872b0 13
Aweme!0x3e711e8 1
Aweme!0x3ea8ba8 55
Aweme!0x3eda3e0 7
Aweme!0x3ec92dc 1
Aweme!0x3e8a230 2
Aweme!0x3e87254 7
Aweme!0x3e7118c 2
Aweme!0x3ea8d1c 1
Aweme!0x3ea1630 2
Aweme!0x3e71300 1
Aweme!0x3e8a060 3
Aweme!0x3ea8cc0 3
Aweme!0x3ed3264 257
Aweme!0x3e86fcc 4
Aweme!0x3ed3150 41
Aweme!0x3e617bc 1
Aweme!0x3e87d94 2
Aweme!0x3eca8a0 1
Aweme!0x3edb264 1
Aweme!0x3e4e730 2
Aweme!0x3e8a290 2
Aweme!0x3ed32c4 2
Aweme!0x3ecaa14 6
Aweme!0x3ee1390 1
Aweme!0x3e7019c 1
Aweme!0x3e52134 5
Aweme!0x3e8a1d8 1
Aweme!0x3e70140 1
Aweme!0x3e88020 1
Aweme!0x3e70d94 1
Aweme!0x3e58b14 253
Aweme!0x3e67890 4
Aweme!0x3ed31b0 1
Aweme!0x3e713bc 1
Aweme!0x3e7141c 1
Aweme!0x3e7124c 5
Aweme!0x3e86f74 1
Aweme!0x3e84dbc 1
Aweme!0x3e8a120 1
Aweme!0x3ea8bb0 69
Aweme!0x3e4de24 10
Aweme!0x3e708e0 1
Aweme!0x3edb20c 2
Aweme!0x3e70fc4 4
Aweme!0x3e88764 1
Aweme!0x3eda3e8 3
Aweme!0x3e87200 1
Aweme!0x3ea1b4c 1
Aweme!0x3e868f0 5
Aweme!0x775e078 11
Aweme!0x3ea197c 28
Aweme!0x3ecd59c 2
Aweme!0x3e8c790 2
Aweme!0x3e86fd4 4
Aweme!0x3e52080 15
Aweme!0x3ead4f0 1
Aweme!0x3ed4bd0 2
Aweme!0x3e71080 2
Aweme!0x3ea1a94 1
Aweme!0x3e70b10 12
Aweme!0x3ecaa78 1
Aweme!0x3eda21c 2
Aweme!0x3ed7070 2
Aweme!0x3ed9e7c 3
Aweme!0x3e90e48 1
Aweme!0x3e71368 2
Aweme!0x3ea7994 4
Aweme!0x3ecb2d0 57
Aweme!0x3e520e0 15
Aweme!0x3eb1c60 1
Aweme!0x3e70bcc 1
Aweme!0x775c5a8 9
Aweme!0x3ecaca8 1
Aweme!0x3ea03c0 1
Aweme!0x3e5c520 2
Aweme!0x3edad5c 2
Aweme!0x3e8a128 3
Aweme!0x3ec9348 2
Aweme!0x3ed72a0 1
Aweme!0x3ea1188 1
Aweme!0x3e8a0cc 2
Aweme!0x3e5d118 1
Aweme!0x3e71028 1
Aweme!0x3ee7920 4
Aweme!0x3ea169c 2
Aweme!0x3e926f4 1
Aweme!0x3ecb278 1
Aweme!0x3e67728 3
Aweme!0x3e70f70 2
Aweme!0x3e92868 1
Aweme!0x3e8a188 1
Aweme!0x3e86fdc 4
Aweme!0x3ea1928 1
Aweme!0x3e71428 1
Aweme!0x3e90f08 1
Aweme!0x3ed69f0 1
Aweme!0x3eca340 6
Aweme!0x3e4e740 4
Aweme!0x3ecb164 1
Aweme!0x3e711fc 1
Aweme!0x775d148 24
Aweme!0x3e8a244 3
Aweme!0x3e70fd0 4
Aweme!0x3ecb9bc 3
Aweme!0x3e61204 2
Aweme!0x3ea8cd4 3
Aweme!0x3e4dd78 2
Aweme!0x775e084 6
Aweme!0x3e71488 1
Aweme!0x3e5208c 5
Aweme!0x3e70d48 2
Aweme!0x3e5cc68 2
Aweme!0x3ea03c8 9
Aweme!0x3e57394 1
Aweme!0x3ea1c70 1
Aweme!0x3ea7c28 5
Aweme!0x3ecb1c4 1
Aweme!0x3e624e0 2
Aweme!0x3eda3f8 6
Aweme!0x3e70550 3
Aweme!0x3e71374 2
Aweme!0x3e8a078 1
Aweme!0x3e928cc 2
Aweme!0x3eb31d0 4
Aweme!0x3e71318 3
Aweme!0x3e520ec 6
Aweme!0x3e70da8 5
Aweme!0x3e70bd8 3
Aweme!0x3e5c1e8 1
Aweme!0x3ea8c7c 2
Aweme!0x3e7ce8c 6
Aweme!0x3e71430 3
Aweme!0x3ecac58 52
Aweme!0x775dfd0 39
Aweme!0x3e84a30 1
Aweme!0x3ed32dc 257
Aweme!0x3ecda08 1
Aweme!0x3e8c7a4 2
Aweme!0x3ee5718 6
Aweme!0x775e828 10
Aweme!0x3ecb9c4 4
Aweme!0x3e5cb58 2
Aweme!0x3ea164c 1
Aweme!0x3ed3224 256
Aweme!0x3e9a300 5
Aweme!0x3e7114c 1
Aweme!0x3ea0828 8
Aweme!0x3e86ad4 2
Aweme!0x3e71490 1
Aweme!0x3e70f7c 1
Aweme!0x3ea1764 1
Aweme!0x3ead334 1
Aweme!0x3e68100 1
Aweme!0x3e58a74 506
Aweme!0x775e888 1
Aweme!0x3ecf140 1
Aweme!0x3ecc730 1
Aweme!0x3ed67d0 7
Aweme!0x3ed30b4 4
Aweme!0x3ed9e90 5
Aweme!0x3e711ac 3
Aweme!0x775c7e8 294
Aweme!0x3e87048 2
Aweme!0x3e70db0 21
Aweme!0x3eca7a8 4
Aweme!0x775e090 3
Aweme!0x3e70100 2
Aweme!0x3e93d80 8
Aweme!0x3ede65c 1
Aweme!0x3ee4b84 8
Aweme!0x3e523dc 2
Aweme!0x3e8a13c 3
Aweme!0x3ea8c28 4
Aweme!0x3e70b28 12
Aweme!0x3ea170c 9
Aweme!0x3e51f24 5
Aweme!0x3ecec30 19
Aweme!0x3ecda6c 2
Aweme!0x3ecc8a8 1
Aweme!0x775d328 2
Aweme!0x3ecf828 1
Aweme!0x3e71268 1
Aweme!0x3ecb118 3
Aweme!0x3ee5894 2
Aweme!0x3e4e698 2
Aweme!0x3ea1998 1
Aweme!0x3e86adc 1
Aweme!0x3edb340 2
Aweme!0x3e71668 9
Aweme!0x3ed9ddc 8
Aweme!0x3ed4a78 1
Aweme!0x3e58964 1
Aweme!0x3e67854 1
Aweme!0x3eda2f0 2
Aweme!0x3eda120 1
Aweme!0x3e87334 5
Aweme!0x3ed3344 1
Aweme!0x3e90ec0 1
Aweme!0x3eda408 3
Aweme!0x3ea16b4 45
Aweme!0x3e516d4 7
Aweme!0x775e834 2
Aweme!0x3edacbc 1
Aweme!0x3e51f88 10
Aweme!0x3e89ce8 1
Aweme!0x3eda3ac 2
Aweme!0x3ed328c 2
Aweme!0x3e71328 1
Aweme!0x3edb174 1
Aweme!0x3e86ff4 3
Aweme!0x3ecc90c 2
Aweme!0x775ec90 6
Aweme!0x3e67688 3
Aweme!0x3e71440 1
Aweme!0x3e71270 3
Aweme!0x3e52044 3
Aweme!0x3ee4790 1
Aweme!0x3ecf88c 2
Aweme!0x3e872dc 5
Aweme!0x775e720 6
Aweme!0x3e70ca4 2
Aweme!0x3ed7260 1
Aweme!0x3e5c824 2
Aweme!0x3ecb9d4 1
Aweme!0x775c7f4 38
Aweme!0x3e70dbc 1
Aweme!0x3e86ae4 1
Aweme!0x3e714a0 2
Aweme!0x3ecaaf8 1
Aweme!0x3e709c0 30
Aweme!0x3e523e8 2
Aweme!0x3ecfc30 1
Aweme!0x3e84c14 1
Aweme!0x3ecb180 18
Aweme!0x3e71218 3
Aweme!0x3e86ba0 3
Aweme!0x3ea6110 2
Aweme!0x3e70e1c 2
Aweme!0x3ed3238 6
Aweme!0x775e7e0 2
Aweme!0x3e70f90 2
Aweme!0x3ea1b74 10
Aweme!0x3ee5674 4
Aweme!0x3e51ed8 15
Aweme!0x3eac354 1
Aweme!0x3e71448 1
Aweme!0x3e5de48 2
Aweme!0x3eaea20 11
Aweme!0x3ed32f4 2
Aweme!0x3e56530 1
Aweme!0x3e4e1f0 12
Aweme!0x3ecb9dc 7
Aweme!0x3ea1664 1
Aweme!0x3eda1e8 2
Aweme!0x3e885c0 2
Aweme!0x3e70d08 2
Aweme!0x3ed3010 516
Aweme!0x3e71108 1
Aweme!0x3e70f38 3
Aweme!0x3eca930 13
Aweme!0x3e67c04 1
Aweme!0x3e67a34 1
Aweme!0x3e8a208 1
Aweme!0x3e7cea8 2
Aweme!0x3e523f0 5
Aweme!0x3ea7e18 52
Aweme!0x3ea3c78 1
Aweme!0x3e84a4c 1
Aweme!0x3e60518 1
Aweme!0x3ecb188 2
Aweme!0x3ecafb8 1
Aweme!0x3ecb1e0 1
On receive  16384
Error happenError: unable to find module containing 0x12366025c
Error happenError: unable to find module containing 0x1235e2984
Error happenError: unable to find module containing 0x1235e2994
call: Aweme!0x3ecb52c Aweme!0x775e390@DYLD-STUB$$objc_retain
call: Foundation!0x715c libobjc.A.dylib!0x47e8@object_getClass
call: Foundation!0x71cc CoreFoundation!0xaae2c@_CFNonObjCRetain
call: Aweme!0x3ecb538 Aweme!0x775e390@DYLD-STUB$$objc_retain
call: Aweme!0x3ecb554 Aweme!0x775e348@DYLD-STUB$$objc_msgSend
call: Foundation!0x40150 libobjc.A.dylib!0x2080@objc_msgSend
call: Foundation!0x732c libobjc.A.dylib!0x47e8@object_getClass
call: Foundation!0x40180 CoreFoundation!0xf2138@CFURLCopyAbsoluteURL
call: CoreFoundation!0xf2164 CoreFoundation!0xabff8@CFGetAllocator
call: CoreFoundation!0xf2234 CoreFoundation!0x2af0@CFRetain
call: Foundation!0x4018c CoreFoundation!0xf1b04@CFURLGetString
call: Foundation!0x40190 libobjc.A.dylib!0x20010@objc_retain
call: CoreFoundation!0x6bec CoreFoundation!0xaae2c@_CFNonObjCRetain
call: Foundation!0x40194 libobjc.A.dylib!0x20080@objc_autorelease
call: Foundation!0x401a0 CoreFoundation!0x2694@CFRelease
call: Aweme!0x3ecb558 Aweme!0x3ecb9c4@0x3ecb9c4
call: CoreFoundation!0x6bec CoreFoundation!0xaae2c@_CFNonObjCRetain
call: Aweme!0x3ecb570 Aweme!0x775e348@DYLD-STUB$$objc_msgSend
call: Aweme!0x3ecb58c Aweme!0x3ecb9dc@0x3ecb9dc
call: libc++abi.dylib!0xee0 libc++abi.dylib!0x10e54@DYLD-STUB$$malloc
call: libsystem_malloc.dylib!0x10160 libsystem_malloc.dylib!0xf6b8@malloc_zone_malloc
call: libsystem_malloc.dylib!0xf750 libsystem_malloc.dylib!0x11d64@default_zone_malloc
call: libsystem_malloc.dylib!0xecc libsystem_malloc.dylib!0xf20@nanov2_allocate$VARIANT$mp
call: libsystem_malloc.dylib!0xf98 libsystem_malloc.dylib!0x1b18@nanov2_allocate_from_block$VARIANT$mp
call: Aweme!0x3ecb598 Aweme!0x775e39c@DYLD-STUB$$objc_retainAutorelease
call: libobjc.A.dylib!0x218c4 libobjc.A.dylib!0x20010@objc_retain
call: CoreFoundation!0x6bec CoreFoundation!0xaae2c@_CFNonObjCRetain
call: Aweme!0x3ecb5a4 Aweme!0x3ecb9e4@0x3ecb9e4
call: CoreFoundation!0x6980 CoreFoundation!0xc7c40@__CFStringMtbl
call: CoreFoundation!0x69b4 CoreFoundation!0xcf3e4@CFStringGetCStringPtr
call: Aweme!0x3ecb5b0 Aweme!0x3eca930@0x3eca930
call: Aweme!0x3eca8d4 Aweme!0x3ecb180@0x3ecb180
call: Aweme!0x3eca8e8 Aweme!0x775dfd0@DYLD-STUB$$malloc
call: libsystem_malloc.dylib!0x10160 libsystem_malloc.dylib!0xf6b8@malloc_zone_malloc
call: libsystem_malloc.dylib!0xf750 libsystem_malloc.dylib!0x11d64@default_zone_malloc
call: libsystem_malloc.dylib!0x6224 libsystem_malloc.dylib!0x17638@tiny_malloc_should_clear
call: libsystem_malloc.dylib!0x176d0 libsystem_platform.dylib!0x8cf8@DYLD-STUB$$os_unfair_lock_lock_with_options
call: libsystem_malloc.dylib!0x17714 libsystem_malloc.dylib!0x1902c@tiny_malloc_from_free_list
call: libsystem_malloc.dylib!0x19688 libsystem_malloc.dylib!0x15fc8@tiny_free_list_add_ptr
call: libsystem_malloc.dylib!0x19270 libsystem_malloc.dylib!0x17ca8@set_tiny_meta_header_in_use
call: libsystem_malloc.dylib!0x17a4c libsystem_platform.dylib!0x8d1c@DYLD-STUB$$os_unfair_lock_unlock
call: Aweme!0x3eca8f4 Aweme!0x3ecb2a0@0x3ecb2a0
call: Aweme!0x3ecb5bc Aweme!0x3eca340@0x3eca340
call: Aweme!0x3eca35c Aweme!0x3e58b14@0x3e58b14
call: Aweme!0x3e58af4 Aweme!0x3e58a74@0x3e58a74
call: Aweme!0x3e58afc Aweme!0x775e78c@DYLD-STUB$$pthread_mutex_lock
call: Aweme!0x3eca368 Aweme!0x775c5d8@DYLD-STUB$$operator new(unsigned long)
call: libc++abi.dylib!0xee0 libc++abi.dylib!0x10e54@DYLD-STUB$$malloc
call: libsystem_malloc.dylib!0x10160 libsystem_malloc.dylib!0xf6b8@malloc_zone_malloc
call: libsystem_malloc.dylib!0xf750 libsystem_malloc.dylib!0x11d64@default_zone_malloc
call: libsystem_malloc.dylib!0xecc libsystem_malloc.dylib!0xf20@nanov2_allocate$VARIANT$mp
call: libsystem_malloc.dylib!0xf98 libsystem_malloc.dylib!0x1b18@nanov2_allocate_from_block$VARIANT$mp
call: Aweme!0x3eca37c Aweme!0x3e58b58@0x3e58b58
call: Aweme!0x3e58b3c Aweme!0x3e58a74@0x3e58a74
call: Aweme!0x3e58b44 Aweme!0x775e7a4@DYLD-STUB$$pthread_mutex_unlock
call: Aweme!0x3ecb5c4 Aweme!0x3e86ba0@0x3e86ba0
call: Aweme!0x3e86bb0 Aweme!0x3e87334@0x3e87334
call: libc++abi.dylib!0xee0 libc++abi.dylib!0x10e54@DYLD-STUB$$malloc
call: libsystem_malloc.dylib!0x10160 libsystem_malloc.dylib!0xf6b8@malloc_zone_malloc
call: libsystem_malloc.dylib!0xf750 libsystem_malloc.dylib!0x11d64@default_zone_malloc
call: libsystem_malloc.dylib!0xecc libsystem_malloc.dylib!0xf20@nanov2_allocate$VARIANT$mp
call: libsystem_malloc.dylib!0xf98 libsystem_malloc.dylib!0x1b18@nanov2_allocate_from_block$VARIANT$mp
call: libsystem_malloc.dylib!0xff4 libsystem_platform.dylib!0x8cf8@DYLD-STUB$$os_unfair_lock_lock_with_options
call: libsystem_malloc.dylib!0x1008 libsystem_malloc.dylib!0x1b18@nanov2_allocate_from_block$VARIANT$mp
call: libsystem_malloc.dylib!0x1030 libsystem_malloc.dylib!0x1d18@nanov2_find_block_and_allocate$VARIANT$mp
call: libsystem_malloc.dylib!0x21a8 libsystem_malloc.dylib!0x1b18@nanov2_allocate_from_block$VARIANT$mp
call: libsystem_malloc.dylib!0x103c libsystem_platform.dylib!0x8d1c@DYLD-STUB$$os_unfair_lock_unlock
call: Aweme!0x3e86bd8 Aweme!0x3e868f0@0x3e868f0
call: Aweme!0x3e86908 Aweme!0x3e87254@0x3e87254
call: Aweme!0x3e8690c Aweme!0x3ed9d58@0x3ed9d58
call: Aweme!0x3ed9d74 Aweme!0x3ea61ec@0x3ea61ec
call: libsystem_malloc.dylib!0x10160 libsystem_malloc.dylib!0xf6b8@malloc_zone_malloc
call: libsystem_malloc.dylib!0xf750 libsystem_malloc.dylib!0x11d64@default_zone_malloc
call: libsystem_malloc.dylib!0xecc libsystem_malloc.dylib!0xf20@nanov2_allocate$VARIANT$mp
call: libsystem_malloc.dylib!0xf98 libsystem_malloc.dylib!0x1b18@nanov2_allocate_from_block$VARIANT$mp
call: Aweme!0x3ed9d80 Aweme!0x3e516d4@0x3e516d4
