AwemeModuleBase:0x10671b4f0
arg1 https://search3-search-lf.amemv.com/aweme/v1/search/item/?caid1=0803bffc8815b9f02c08f48f95c1008c&tma_jssdk_version=2.1.0.2&minor_status=0&ac=WIFI&appTheme=dark&is_vcd=1&keyword=%E7%8E%8B%E4%B8%80%E5%8D%9A&video_cover_shrink=372_496&enter_from=homepage_hot&sort_type=0&backtrace=M7U2PfbCPC7qlX46ow2D73foIbuD7zG%2BTODCT48wHI74oC1dlQVm4omXMt%2BkHUSKjMf5EJvWyjt3jVKDb%2FBylQ%3D%3D&count=12&is_filter_search=0&user_avatar_shrink=64_64&source=video_search&query_correct_type=1&rs_word_count=5&offset=0&search_source=normal_search&publish_time=0&hot_search=0&aid=1128&app_name=aweme&app_version=14.8.0&build_number=148013&cdid=FEDA96DE-E849-4E15-99C9-66CD61F50ADD&channel=App%20Store&device_id=4169787388733342&device_platform=iphone&device_type=iPhone9,1&idfa=322127EF-8E4E-48E9-98E0-99ACBDC85525&iid=2955926580500413&js_sdk_version=1.99.0.3&mcc_mnc=&openudid=a4cb7b4ade7c5e8e6c90cf8f892aafe6c64c73d1&os_api=18&os_version=13.3.1&screen_width=750&version_code=14.8.0&vid=25AD3C98-7CA5-4B2E-9B39-9BAEFC31BBD2
arg2 {
    "User-Agent" = "Aweme 14.8.0 rv:148013 (iPhone; iOS 13.3.1; zh_CN) Cronet";
    "x-common-params-v2" = "aid=1128&app_name=aweme&app_version=14.8.0&build_number=148013&cdid=FEDA96DE-E849-4E15-99C9-66CD61F50ADD&channel=App%20Store&device_id=4169787388733342&device_platform=iphone&device_type=iPhone9,1&idfa=322127EF-8E4E-48E9-98E0-99ACBDC85525&iid=2955926580500413&js_sdk_version=1.99.0.3&mcc_mnc=&openudid=a4cb7b4ade7c5e8e6c90cf8f892aafe6c64c73d1&os_api=18&os_version=13.3.1&screen_width=750&version_code=14.8.0&vid=25AD3C98-7CA5-4B2E-9B39-9BAEFC31BBD2";
    "x-tt-token" = "003c4774314c4f83d0177a0ae886f5a6f50056cb8fc53fa60c3b0bf88596c762fc922f46798e27276d911e99fde0203a46a8df6837c3279998eaaccf63df5e59c34fb9458bd8d9b17fd1ecf392c2a6fc08649f8411f4295761fc95f3fe46affde27ce-1.0.1";
}
call Aweme!0x3e7cea8
,	Aweme!0x3e7cea8 this.args0 0x16f862da8 0x16f862da8

,	Aweme!0x3e7cea8 this.args1 0x0 0x0

,	Aweme!0x3e7cea8 this.args2 0x120a8 0x120a8

,	Aweme!0x3e7cea8 this.args3 0x19ce510e0             0  1  2  3  4  5  6  7  8  9  A  B  C  D  E  F  0123456789ABCDEF
19ce510e0  f6 57 bd a9 f4 4f 01 a9 fd 7b 02 a9 fd 83 00 91  .W...O...{......
19ce510f0  f4 03 02 aa f3 03 01 aa f5 03 00 aa 21 02 00 b4  ............!...
19ce51100  68 fe 5d d3 1f 51 00 f1 c1 01 00 54 08 01 8e 52  h.]..Q.....T...R
19ce51110  a8 6a 68 38 68 02 18 37 9f 0e 40 f2 88 fe 44 d3  .jh8h..7..@...D.
19ce51120  08 05 88 1a 02 05 00 51 e0 03 15 aa e1 03 13 aa  .......Q........
19ce51130  fd 7b 42 a9 f4 4f 41 a9 f6 57 c3 a8 0e 00 00 14  .{B..OA..W......
19ce51140  a0 16 78 f9 03 3c 40 f9 e1 03 13 aa e2 03 14 aa  ..x..<@.........
19ce51150  fd 7b 42 a9 f4 4f 41 a9 f6 57 c3 a8 60 00 1f d6  .{B..OA..W..`...
19ce51160  a1 0a 80 52 e0 03 13 aa e2 03 14 aa f1 9b 00 94  ...R............
19ce51170  ea ff ff 17 fa 67 bb a9 f8 5f 01 a9 f6 57 02 a9  .....g..._...W..
19ce51180  f4 4f 03 a9 fd 7b 04 a9 fd 03 01 91 f4 03 02 aa  .O...{..........
19ce51190  f3 03 00 aa 35 c4 72 92 28 94 66 92 09 0c 78 f9  ....5.r.(.f...x.
19ce511a0  28 01 08 ca 29 7c 4e d3 2a 64 0e 53 29 2d 06 53  (...)|N.*d.S)-.S
19ce511b0  49 15 1a 33 16 49 29 8b c9 00 00 d0 29 81 25 91  I..3.I).....).%.
19ce511c0  c8 02 40 b9 38 59 62 b8 09 07 00 51 2a 00 15 4b  ..@.8Yb....Q*..K
19ce511d0  4b 6c 1c 53 6b 41 00 11 4a 0d cb 1a 4a 05 00 11  Kl.SkA..J...J...
19ce511e0  4a 29 00 12 6b ff 80 52 ac ff 80 52 0d 29 00 12  J)..k..R...R.)..
19ce511f0  0f 01 20 11 ee 25 15 12 10 01 01 12 11 01 48 11  .. ..%........H.
19ce51200  31 26 0b 12 0e 02 0e 2a ce 01 11 2a bf f1 1f 71  1&.....*...*...q
19ce51210  a0 01 00 54 ef 51 0b 53 ff 01 09 6b 41 01 00 54  ...T.Q.S...kA..T
19ce51220  1f 01 00 71 6d b1 8c 1a d9 01 0d 2a cd 7e 5f 88  ...qm......*.~_.
19ce51230  bf 01 08 6b 21 02 00 54 d9 7e 0d 88 8d ff ff 35  ...k!..T.~.....5
19ce51240  11 00 00 14 59 01 0e 2a bf f1 1f 71 6d 01 8d 1a  ....Y..*...qm...
19ce51250  2d 10 00 79 6d 12 78 f9 ad 01 01 ca 2d 00 00 f9  -..ym.x.....-...
19ce51260  cd 7e 5f 88 bf 01 08 6b 81 00 00 54 d9 fe 0d 88  .~_....k...T....
19ce51270  8d ff ff 35 14 00 00 14 5f 3f 03 d5 e8 03 0d aa  ...5...._?......
19ce51280  db ff ff 17 49 62 24 90 29 e9 43 b9 c9 01 00 35  ....Ib$.).C....5
19ce51290  a8 01 f8 37 08 0b 8e 52 77 02 08 8b a1 00 a0 52  ...7...Rw......R
19ce512a0  e0 03 17 aa 95 9e 00 94 e3 03 14 aa e0 03 13 aa  ................
19ce512b0  e1 03 16 aa e2 03 15 aa c3 01 00 94 e0 03 17 aa  ................
19ce512c0  97 9e 00 94 f9 01 f8 37 e8 03 00 32 14 21 d4 1a  .......7...2.!..
19ce512d0  88 00 8e 52 75 02 08 8b a8 02 40 79 88 02 08 0a  ...Ru.....@y....
19ce512e0  29 53 0b 53 20 01 62 1e 1f 01 00 71 01 03 62 1e  )S.S .b....q..b.
19ce512f0  02 10 6d 1e 21 08 62 1e 22 14 60 1e e9 00 00 54  ..m.!.b.".`....T
19ce51300  fd 7b 44 a9 f4 4f 43 a9 f6 57 42 a9 f8 5f 41 a9  .{D..OC..WB.._A.
19ce51310  fa 67 c5 a8 c0 03 5f d6 73 1e 40 91 a1 00 a0 52  .g...._.s.@....R
19ce51320  e0 03 13 aa 75 9e 00 94 a8 02 40 79 08 01 34 0a  ....u.....@y..4.
19ce51330  a8 02 00 79 e0 03 13 aa fd 7b 44 a9 f4 4f 43 a9  ...y.....{D..OC.
19ce51340  f6 57 42 a9 f8 5f 41 a9 fa 67 c5 a8 74 9e 00 14  .WB.._A..g..t...
19ce51350  ff c3 00 d1 f4 4f 01 a9 fd 7b 02 a9 fd 83 00 91  .....O...{......
19ce51360  f3 03 01 aa f4 03 00 aa e1 02 00 b4 68 fe 5d d3  ............h.].
19ce51370  1f 51 00 f1 81 02 00 54 02 00 80 52 e0 03 14 aa  .Q.....T...R....
19ce51380  e1 03 13 aa 8a fe ff 97 e0 01 00 b4 e8 03 00 aa  ................
19ce51390  09 01 8e 52 89 6a 69 38 49 02 18 37 1f 0d 40 f2  ...R.ji8I..7..@.
19ce513a0  08 fd 44 d3 08 05 88 1a 02 05 00 51 e0 03 14 aa  ..D........Q....
19ce513b0  e1 03 13 aa fd 7b 42 a9 f4 4f 41 a9 ff c3 00 91  .....{B..OA.....
19ce513c0  6d ff ff 17 80 16 78 f9 02 18 40 f9 e1 03 13 aa  m.....x...@.....
19ce513d0  fd 7b 42 a9 f4 4f 41 a9 ff c3 00 91 40 00 1f d6  .{B..OA.....@...
19ce513e0  a1 0a 80 52 e0 03 13 aa e8 07 00 f9 e2 03 08 aa  ...R............
19ce513f0  50 9b 00 94 e8 07 40 f9 e9 ff ff 17 f4 4f be a9  P.....@......O..
19ce51400  fd 7b 01 a9 fd 43 00 91 f3 03 02 aa f4 03 00 aa  .{...C..........
19ce51410  3f 04 00 f1 40 02 00 54 28 7c d3 9b ff 03 08 eb  ?...@..T(|......
19ce51420  21 01 00 54 33 7c 13 9b 48 de 1e b0 08 d1 43 f9  !..T3|..H.....C.
19ce51430  08 01 40 f9 09 00 80 92 28 05 08 ca 7f 02 08 eb  ..@.....(.......
19ce51440  e9 00 00 54 c0 be 03 94 e8 03 00 aa 00 00 80 d2  ...T............
19ce51450  e9 07 1e 32 09 01 00 b9 0c 00 00 14 7f 02 04 f1  ...2............
19ce51460  a8 01 00 54 68 3e 00 91 08 ed 7c 92 7f 46 00 f1  ...Th>....|..F..
19ce51470  e9 03 1c 32 21 31 88 9a e2 03 00 32 e0 03 14 aa  ...2!1.....2....
19ce51480  a8 fe ff 97 80 00 00 b4 fd 7b 41 a9 f4 4f c2 a8  .........{A..O..
19ce51490  c0 03 5f d6 80 16 78 f9 03 10 40 f9 e1 03 00 32  .._...x...@....2
19ce514a0  e2 03 13 aa fd 7b 41 a9 f4 4f c2 a8 60 00 1f d6  .....{A..O..`...
19ce514b0  f8 5f bc a9 f6 57 01 a9 f4 4f 02 a9 fd 7b 03 a9  ._...W...O...{..
19ce514c0  fd c3 00 91 f5 03 02 aa f4 03 00 aa c1 01 00 b4  ................
19ce514d0  f3 03 01 aa 02 00 80 52 e0 03 14 aa 34 fe ff 97  .......R....4...

,	Aweme!0x3e7cea8 this.args4 0x1 0x1

,	Aweme!0x3e7cea8 this.args0 onLeave 0x16f862da8 0x16f862da8

,	Aweme!0x3e7cea8 this.args1 onLeave 0x0 0x0

,	Aweme!0x3e7cea8 this.args2 onLeave 0x120a8 0x120a8

,	Aweme!0x3e7cea8 this.args3 onLeave 0x19ce510e0             0  1  2  3  4  5  6  7  8  9  A  B  C  D  E  F  0123456789ABCDEF
19ce510e0  f6 57 bd a9 f4 4f 01 a9 fd 7b 02 a9 fd 83 00 91  .W...O...{......
19ce510f0  f4 03 02 aa f3 03 01 aa f5 03 00 aa 21 02 00 b4  ............!...
19ce51100  68 fe 5d d3 1f 51 00 f1 c1 01 00 54 08 01 8e 52  h.]..Q.....T...R
19ce51110  a8 6a 68 38 68 02 18 37 9f 0e 40 f2 88 fe 44 d3  .jh8h..7..@...D.
19ce51120  08 05 88 1a 02 05 00 51 e0 03 15 aa e1 03 13 aa  .......Q........
19ce51130  fd 7b 42 a9 f4 4f 41 a9 f6 57 c3 a8 0e 00 00 14  .{B..OA..W......
19ce51140  a0 16 78 f9 03 3c 40 f9 e1 03 13 aa e2 03 14 aa  ..x..<@.........
19ce51150  fd 7b 42 a9 f4 4f 41 a9 f6 57 c3 a8 60 00 1f d6  .{B..OA..W..`...
19ce51160  a1 0a 80 52 e0 03 13 aa e2 03 14 aa f1 9b 00 94  ...R............
19ce51170  ea ff ff 17 fa 67 bb a9 f8 5f 01 a9 f6 57 02 a9  .....g..._...W..
19ce51180  f4 4f 03 a9 fd 7b 04 a9 fd 03 01 91 f4 03 02 aa  .O...{..........
19ce51190  f3 03 00 aa 35 c4 72 92 28 94 66 92 09 0c 78 f9  ....5.r.(.f...x.
19ce511a0  28 01 08 ca 29 7c 4e d3 2a 64 0e 53 29 2d 06 53  (...)|N.*d.S)-.S
19ce511b0  49 15 1a 33 16 49 29 8b c9 00 00 d0 29 81 25 91  I..3.I).....).%.
19ce511c0  c8 02 40 b9 38 59 62 b8 09 07 00 51 2a 00 15 4b  ..@.8Yb....Q*..K
19ce511d0  4b 6c 1c 53 6b 41 00 11 4a 0d cb 1a 4a 05 00 11  Kl.SkA..J...J...
19ce511e0  4a 29 00 12 6b ff 80 52 ac ff 80 52 0d 29 00 12  J)..k..R...R.)..
19ce511f0  0f 01 20 11 ee 25 15 12 10 01 01 12 11 01 48 11  .. ..%........H.
19ce51200  31 26 0b 12 0e 02 0e 2a ce 01 11 2a bf f1 1f 71  1&.....*...*...q
19ce51210  a0 01 00 54 ef 51 0b 53 ff 01 09 6b 41 01 00 54  ...T.Q.S...kA..T
19ce51220  1f 01 00 71 6d b1 8c 1a d9 01 0d 2a cd 7e 5f 88  ...qm......*.~_.
19ce51230  bf 01 08 6b 21 02 00 54 d9 7e 0d 88 8d ff ff 35  ...k!..T.~.....5
19ce51240  11 00 00 14 59 01 0e 2a bf f1 1f 71 6d 01 8d 1a  ....Y..*...qm...
19ce51250  2d 10 00 79 6d 12 78 f9 ad 01 01 ca 2d 00 00 f9  -..ym.x.....-...
19ce51260  cd 7e 5f 88 bf 01 08 6b 81 00 00 54 d9 fe 0d 88  .~_....k...T....
19ce51270  8d ff ff 35 14 00 00 14 5f 3f 03 d5 e8 03 0d aa  ...5...._?......
19ce51280  db ff ff 17 49 62 24 90 29 e9 43 b9 c9 01 00 35  ....Ib$.).C....5
19ce51290  a8 01 f8 37 08 0b 8e 52 77 02 08 8b a1 00 a0 52  ...7...Rw......R
19ce512a0  e0 03 17 aa 95 9e 00 94 e3 03 14 aa e0 03 13 aa  ................
19ce512b0  e1 03 16 aa e2 03 15 aa c3 01 00 94 e0 03 17 aa  ................
19ce512c0  97 9e 00 94 f9 01 f8 37 e8 03 00 32 14 21 d4 1a  .......7...2.!..
19ce512d0  88 00 8e 52 75 02 08 8b a8 02 40 79 88 02 08 0a  ...Ru.....@y....
19ce512e0  29 53 0b 53 20 01 62 1e 1f 01 00 71 01 03 62 1e  )S.S .b....q..b.
19ce512f0  02 10 6d 1e 21 08 62 1e 22 14 60 1e e9 00 00 54  ..m.!.b.".`....T
19ce51300  fd 7b 44 a9 f4 4f 43 a9 f6 57 42 a9 f8 5f 41 a9  .{D..OC..WB.._A.
19ce51310  fa 67 c5 a8 c0 03 5f d6 73 1e 40 91 a1 00 a0 52  .g...._.s.@....R
19ce51320  e0 03 13 aa 75 9e 00 94 a8 02 40 79 08 01 34 0a  ....u.....@y..4.
19ce51330  a8 02 00 79 e0 03 13 aa fd 7b 44 a9 f4 4f 43 a9  ...y.....{D..OC.
19ce51340  f6 57 42 a9 f8 5f 41 a9 fa 67 c5 a8 74 9e 00 14  .WB.._A..g..t...
19ce51350  ff c3 00 d1 f4 4f 01 a9 fd 7b 02 a9 fd 83 00 91  .....O...{......
19ce51360  f3 03 01 aa f4 03 00 aa e1 02 00 b4 68 fe 5d d3  ............h.].
19ce51370  1f 51 00 f1 81 02 00 54 02 00 80 52 e0 03 14 aa  .Q.....T...R....
19ce51380  e1 03 13 aa 8a fe ff 97 e0 01 00 b4 e8 03 00 aa  ................
19ce51390  09 01 8e 52 89 6a 69 38 49 02 18 37 1f 0d 40 f2  ...R.ji8I..7..@.
19ce513a0  08 fd 44 d3 08 05 88 1a 02 05 00 51 e0 03 14 aa  ..D........Q....
19ce513b0  e1 03 13 aa fd 7b 42 a9 f4 4f 41 a9 ff c3 00 91  .....{B..OA.....
19ce513c0  6d ff ff 17 80 16 78 f9 02 18 40 f9 e1 03 13 aa  m.....x...@.....
19ce513d0  fd 7b 42 a9 f4 4f 41 a9 ff c3 00 91 40 00 1f d6  .{B..OA.....@...
19ce513e0  a1 0a 80 52 e0 03 13 aa e8 07 00 f9 e2 03 08 aa  ...R............
19ce513f0  50 9b 00 94 e8 07 40 f9 e9 ff ff 17 f4 4f be a9  P.....@......O..
19ce51400  fd 7b 01 a9 fd 43 00 91 f3 03 02 aa f4 03 00 aa  .{...C..........
19ce51410  3f 04 00 f1 40 02 00 54 28 7c d3 9b ff 03 08 eb  ?...@..T(|......
19ce51420  21 01 00 54 33 7c 13 9b 48 de 1e b0 08 d1 43 f9  !..T3|..H.....C.
19ce51430  08 01 40 f9 09 00 80 92 28 05 08 ca 7f 02 08 eb  ..@.....(.......
19ce51440  e9 00 00 54 c0 be 03 94 e8 03 00 aa 00 00 80 d2  ...T............
19ce51450  e9 07 1e 32 09 01 00 b9 0c 00 00 14 7f 02 04 f1  ...2............
19ce51460  a8 01 00 54 68 3e 00 91 08 ed 7c 92 7f 46 00 f1  ...Th>....|..F..
19ce51470  e9 03 1c 32 21 31 88 9a e2 03 00 32 e0 03 14 aa  ...2!1.....2....
19ce51480  a8 fe ff 97 80 00 00 b4 fd 7b 41 a9 f4 4f c2 a8  .........{A..O..
19ce51490  c0 03 5f d6 80 16 78 f9 03 10 40 f9 e1 03 00 32  .._...x...@....2
19ce514a0  e2 03 13 aa fd 7b 41 a9 f4 4f c2 a8 60 00 1f d6  .....{A..O..`...
19ce514b0  f8 5f bc a9 f6 57 01 a9 f4 4f 02 a9 fd 7b 03 a9  ._...W...O...{..
19ce514c0  fd c3 00 91 f5 03 02 aa f4 03 00 aa c1 01 00 b4  ................
19ce514d0  f3 03 01 aa 02 00 80 52 e0 03 14 aa 34 fe ff 97  .......R....4...

,	Aweme!0x3e7cea8 this.args4 onLeave 0x1 0x1

,retval onLeave: 0x16f862da8 0x16f862da8

call Aweme!0x3e7cea8
,	Aweme!0x3e7cea8 this.args0 0x16f862dd8 0x16f862dd8

,	Aweme!0x3e7cea8 this.args1 0x0 0x0

,	Aweme!0x3e7cea8 this.args2 0x120a8 0x120a8

,	Aweme!0x3e7cea8 this.args3 0x19ce510e0             0  1  2  3  4  5  6  7  8  9  A  B  C  D  E  F  0123456789ABCDEF
19ce510e0  f6 57 bd a9 f4 4f 01 a9 fd 7b 02 a9 fd 83 00 91  .W...O...{......
19ce510f0  f4 03 02 aa f3 03 01 aa f5 03 00 aa 21 02 00 b4  ............!...
19ce51100  68 fe 5d d3 1f 51 00 f1 c1 01 00 54 08 01 8e 52  h.]..Q.....T...R
19ce51110  a8 6a 68 38 68 02 18 37 9f 0e 40 f2 88 fe 44 d3  .jh8h..7..@...D.
19ce51120  08 05 88 1a 02 05 00 51 e0 03 15 aa e1 03 13 aa  .......Q........
19ce51130  fd 7b 42 a9 f4 4f 41 a9 f6 57 c3 a8 0e 00 00 14  .{B..OA..W......
19ce51140  a0 16 78 f9 03 3c 40 f9 e1 03 13 aa e2 03 14 aa  ..x..<@.........
19ce51150  fd 7b 42 a9 f4 4f 41 a9 f6 57 c3 a8 60 00 1f d6  .{B..OA..W..`...
19ce51160  a1 0a 80 52 e0 03 13 aa e2 03 14 aa f1 9b 00 94  ...R............
19ce51170  ea ff ff 17 fa 67 bb a9 f8 5f 01 a9 f6 57 02 a9  .....g..._...W..
19ce51180  f4 4f 03 a9 fd 7b 04 a9 fd 03 01 91 f4 03 02 aa  .O...{..........
19ce51190  f3 03 00 aa 35 c4 72 92 28 94 66 92 09 0c 78 f9  ....5.r.(.f...x.
19ce511a0  28 01 08 ca 29 7c 4e d3 2a 64 0e 53 29 2d 06 53  (...)|N.*d.S)-.S
19ce511b0  49 15 1a 33 16 49 29 8b c9 00 00 d0 29 81 25 91  I..3.I).....).%.
19ce511c0  c8 02 40 b9 38 59 62 b8 09 07 00 51 2a 00 15 4b  ..@.8Yb....Q*..K
19ce511d0  4b 6c 1c 53 6b 41 00 11 4a 0d cb 1a 4a 05 00 11  Kl.SkA..J...J...
19ce511e0  4a 29 00 12 6b ff 80 52 ac ff 80 52 0d 29 00 12  J)..k..R...R.)..
19ce511f0  0f 01 20 11 ee 25 15 12 10 01 01 12 11 01 48 11  .. ..%........H.
19ce51200  31 26 0b 12 0e 02 0e 2a ce 01 11 2a bf f1 1f 71  1&.....*...*...q
19ce51210  a0 01 00 54 ef 51 0b 53 ff 01 09 6b 41 01 00 54  ...T.Q.S...kA..T
19ce51220  1f 01 00 71 6d b1 8c 1a d9 01 0d 2a cd 7e 5f 88  ...qm......*.~_.
19ce51230  bf 01 08 6b 21 02 00 54 d9 7e 0d 88 8d ff ff 35  ...k!..T.~.....5
19ce51240  11 00 00 14 59 01 0e 2a bf f1 1f 71 6d 01 8d 1a  ....Y..*...qm...
19ce51250  2d 10 00 79 6d 12 78 f9 ad 01 01 ca 2d 00 00 f9  -..ym.x.....-...
19ce51260  cd 7e 5f 88 bf 01 08 6b 81 00 00 54 d9 fe 0d 88  .~_....k...T....
19ce51270  8d ff ff 35 14 00 00 14 5f 3f 03 d5 e8 03 0d aa  ...5...._?......
19ce51280  db ff ff 17 49 62 24 90 29 e9 43 b9 c9 01 00 35  ....Ib$.).C....5
19ce51290  a8 01 f8 37 08 0b 8e 52 77 02 08 8b a1 00 a0 52  ...7...Rw......R
19ce512a0  e0 03 17 aa 95 9e 00 94 e3 03 14 aa e0 03 13 aa  ................
19ce512b0  e1 03 16 aa e2 03 15 aa c3 01 00 94 e0 03 17 aa  ................
19ce512c0  97 9e 00 94 f9 01 f8 37 e8 03 00 32 14 21 d4 1a  .......7...2.!..
19ce512d0  88 00 8e 52 75 02 08 8b a8 02 40 79 88 02 08 0a  ...Ru.....@y....
19ce512e0  29 53 0b 53 20 01 62 1e 1f 01 00 71 01 03 62 1e  )S.S .b....q..b.
19ce512f0  02 10 6d 1e 21 08 62 1e 22 14 60 1e e9 00 00 54  ..m.!.b.".`....T
19ce51300  fd 7b 44 a9 f4 4f 43 a9 f6 57 42 a9 f8 5f 41 a9  .{D..OC..WB.._A.
19ce51310  fa 67 c5 a8 c0 03 5f d6 73 1e 40 91 a1 00 a0 52  .g...._.s.@....R
19ce51320  e0 03 13 aa 75 9e 00 94 a8 02 40 79 08 01 34 0a  ....u.....@y..4.
19ce51330  a8 02 00 79 e0 03 13 aa fd 7b 44 a9 f4 4f 43 a9  ...y.....{D..OC.
19ce51340  f6 57 42 a9 f8 5f 41 a9 fa 67 c5 a8 74 9e 00 14  .WB.._A..g..t...
19ce51350  ff c3 00 d1 f4 4f 01 a9 fd 7b 02 a9 fd 83 00 91  .....O...{......
19ce51360  f3 03 01 aa f4 03 00 aa e1 02 00 b4 68 fe 5d d3  ............h.].
19ce51370  1f 51 00 f1 81 02 00 54 02 00 80 52 e0 03 14 aa  .Q.....T...R....
19ce51380  e1 03 13 aa 8a fe ff 97 e0 01 00 b4 e8 03 00 aa  ................
19ce51390  09 01 8e 52 89 6a 69 38 49 02 18 37 1f 0d 40 f2  ...R.ji8I..7..@.
19ce513a0  08 fd 44 d3 08 05 88 1a 02 05 00 51 e0 03 14 aa  ..D........Q....
19ce513b0  e1 03 13 aa fd 7b 42 a9 f4 4f 41 a9 ff c3 00 91  .....{B..OA.....
19ce513c0  6d ff ff 17 80 16 78 f9 02 18 40 f9 e1 03 13 aa  m.....x...@.....
19ce513d0  fd 7b 42 a9 f4 4f 41 a9 ff c3 00 91 40 00 1f d6  .{B..OA.....@...
19ce513e0  a1 0a 80 52 e0 03 13 aa e8 07 00 f9 e2 03 08 aa  ...R............
19ce513f0  50 9b 00 94 e8 07 40 f9 e9 ff ff 17 f4 4f be a9  P.....@......O..
19ce51400  fd 7b 01 a9 fd 43 00 91 f3 03 02 aa f4 03 00 aa  .{...C..........
19ce51410  3f 04 00 f1 40 02 00 54 28 7c d3 9b ff 03 08 eb  ?...@..T(|......
19ce51420  21 01 00 54 33 7c 13 9b 48 de 1e b0 08 d1 43 f9  !..T3|..H.....C.
19ce51430  08 01 40 f9 09 00 80 92 28 05 08 ca 7f 02 08 eb  ..@.....(.......
19ce51440  e9 00 00 54 c0 be 03 94 e8 03 00 aa 00 00 80 d2  ...T............
19ce51450  e9 07 1e 32 09 01 00 b9 0c 00 00 14 7f 02 04 f1  ...2............
19ce51460  a8 01 00 54 68 3e 00 91 08 ed 7c 92 7f 46 00 f1  ...Th>....|..F..
19ce51470  e9 03 1c 32 21 31 88 9a e2 03 00 32 e0 03 14 aa  ...2!1.....2....
19ce51480  a8 fe ff 97 80 00 00 b4 fd 7b 41 a9 f4 4f c2 a8  .........{A..O..
19ce51490  c0 03 5f d6 80 16 78 f9 03 10 40 f9 e1 03 00 32  .._...x...@....2
19ce514a0  e2 03 13 aa fd 7b 41 a9 f4 4f c2 a8 60 00 1f d6  .....{A..O..`...
19ce514b0  f8 5f bc a9 f6 57 01 a9 f4 4f 02 a9 fd 7b 03 a9  ._...W...O...{..
19ce514c0  fd c3 00 91 f5 03 02 aa f4 03 00 aa c1 01 00 b4  ................
19ce514d0  f3 03 01 aa 02 00 80 52 e0 03 14 aa 34 fe ff 97  .......R....4...

,	Aweme!0x3e7cea8 this.args4 0x1 0x1

,	Aweme!0x3e7cea8 this.args0 onLeave 0x16f862dd8 0x16f862dd8

,	Aweme!0x3e7cea8 this.args1 onLeave 0x0 0x0

,	Aweme!0x3e7cea8 this.args2 onLeave 0x120a8 0x120a8

,	Aweme!0x3e7cea8 this.args3 onLeave 0x19ce510e0             0  1  2  3  4  5  6  7  8  9  A  B  C  D  E  F  0123456789ABCDEF
19ce510e0  f6 57 bd a9 f4 4f 01 a9 fd 7b 02 a9 fd 83 00 91  .W...O...{......
19ce510f0  f4 03 02 aa f3 03 01 aa f5 03 00 aa 21 02 00 b4  ............!...
19ce51100  68 fe 5d d3 1f 51 00 f1 c1 01 00 54 08 01 8e 52  h.]..Q.....T...R
19ce51110  a8 6a 68 38 68 02 18 37 9f 0e 40 f2 88 fe 44 d3  .jh8h..7..@...D.
19ce51120  08 05 88 1a 02 05 00 51 e0 03 15 aa e1 03 13 aa  .......Q........
19ce51130  fd 7b 42 a9 f4 4f 41 a9 f6 57 c3 a8 0e 00 00 14  .{B..OA..W......
19ce51140  a0 16 78 f9 03 3c 40 f9 e1 03 13 aa e2 03 14 aa  ..x..<@.........
19ce51150  fd 7b 42 a9 f4 4f 41 a9 f6 57 c3 a8 60 00 1f d6  .{B..OA..W..`...
19ce51160  a1 0a 80 52 e0 03 13 aa e2 03 14 aa f1 9b 00 94  ...R............
19ce51170  ea ff ff 17 fa 67 bb a9 f8 5f 01 a9 f6 57 02 a9  .....g..._...W..
19ce51180  f4 4f 03 a9 fd 7b 04 a9 fd 03 01 91 f4 03 02 aa  .O...{..........
19ce51190  f3 03 00 aa 35 c4 72 92 28 94 66 92 09 0c 78 f9  ....5.r.(.f...x.
19ce511a0  28 01 08 ca 29 7c 4e d3 2a 64 0e 53 29 2d 06 53  (...)|N.*d.S)-.S
19ce511b0  49 15 1a 33 16 49 29 8b c9 00 00 d0 29 81 25 91  I..3.I).....).%.
19ce511c0  c8 02 40 b9 38 59 62 b8 09 07 00 51 2a 00 15 4b  ..@.8Yb....Q*..K
19ce511d0  4b 6c 1c 53 6b 41 00 11 4a 0d cb 1a 4a 05 00 11  Kl.SkA..J...J...
19ce511e0  4a 29 00 12 6b ff 80 52 ac ff 80 52 0d 29 00 12  J)..k..R...R.)..
19ce511f0  0f 01 20 11 ee 25 15 12 10 01 01 12 11 01 48 11  .. ..%........H.
19ce51200  31 26 0b 12 0e 02 0e 2a ce 01 11 2a bf f1 1f 71  1&.....*...*...q
19ce51210  a0 01 00 54 ef 51 0b 53 ff 01 09 6b 41 01 00 54  ...T.Q.S...kA..T
19ce51220  1f 01 00 71 6d b1 8c 1a d9 01 0d 2a cd 7e 5f 88  ...qm......*.~_.
19ce51230  bf 01 08 6b 21 02 00 54 d9 7e 0d 88 8d ff ff 35  ...k!..T.~.....5
19ce51240  11 00 00 14 59 01 0e 2a bf f1 1f 71 6d 01 8d 1a  ....Y..*...qm...
19ce51250  2d 10 00 79 6d 12 78 f9 ad 01 01 ca 2d 00 00 f9  -..ym.x.....-...
19ce51260  cd 7e 5f 88 bf 01 08 6b 81 00 00 54 d9 fe 0d 88  .~_....k...T....
19ce51270  8d ff ff 35 14 00 00 14 5f 3f 03 d5 e8 03 0d aa  ...5...._?......
19ce51280  db ff ff 17 49 62 24 90 29 e9 43 b9 c9 01 00 35  ....Ib$.).C....5
19ce51290  a8 01 f8 37 08 0b 8e 52 77 02 08 8b a1 00 a0 52  ...7...Rw......R
19ce512a0  e0 03 17 aa 95 9e 00 94 e3 03 14 aa e0 03 13 aa  ................
19ce512b0  e1 03 16 aa e2 03 15 aa c3 01 00 94 e0 03 17 aa  ................
19ce512c0  97 9e 00 94 f9 01 f8 37 e8 03 00 32 14 21 d4 1a  .......7...2.!..
19ce512d0  88 00 8e 52 75 02 08 8b a8 02 40 79 88 02 08 0a  ...Ru.....@y....
19ce512e0  29 53 0b 53 20 01 62 1e 1f 01 00 71 01 03 62 1e  )S.S .b....q..b.
19ce512f0  02 10 6d 1e 21 08 62 1e 22 14 60 1e e9 00 00 54  ..m.!.b.".`....T
19ce51300  fd 7b 44 a9 f4 4f 43 a9 f6 57 42 a9 f8 5f 41 a9  .{D..OC..WB.._A.
19ce51310  fa 67 c5 a8 c0 03 5f d6 73 1e 40 91 a1 00 a0 52  .g...._.s.@....R
19ce51320  e0 03 13 aa 75 9e 00 94 a8 02 40 79 08 01 34 0a  ....u.....@y..4.
19ce51330  a8 02 00 79 e0 03 13 aa fd 7b 44 a9 f4 4f 43 a9  ...y.....{D..OC.
19ce51340  f6 57 42 a9 f8 5f 41 a9 fa 67 c5 a8 74 9e 00 14  .WB.._A..g..t...
19ce51350  ff c3 00 d1 f4 4f 01 a9 fd 7b 02 a9 fd 83 00 91  .....O...{......
19ce51360  f3 03 01 aa f4 03 00 aa e1 02 00 b4 68 fe 5d d3  ............h.].
19ce51370  1f 51 00 f1 81 02 00 54 02 00 80 52 e0 03 14 aa  .Q.....T...R....
19ce51380  e1 03 13 aa 8a fe ff 97 e0 01 00 b4 e8 03 00 aa  ................
19ce51390  09 01 8e 52 89 6a 69 38 49 02 18 37 1f 0d 40 f2  ...R.ji8I..7..@.
19ce513a0  08 fd 44 d3 08 05 88 1a 02 05 00 51 e0 03 14 aa  ..D........Q....
19ce513b0  e1 03 13 aa fd 7b 42 a9 f4 4f 41 a9 ff c3 00 91  .....{B..OA.....
19ce513c0  6d ff ff 17 80 16 78 f9 02 18 40 f9 e1 03 13 aa  m.....x...@.....
19ce513d0  fd 7b 42 a9 f4 4f 41 a9 ff c3 00 91 40 00 1f d6  .{B..OA.....@...
19ce513e0  a1 0a 80 52 e0 03 13 aa e8 07 00 f9 e2 03 08 aa  ...R............
19ce513f0  50 9b 00 94 e8 07 40 f9 e9 ff ff 17 f4 4f be a9  P.....@......O..
19ce51400  fd 7b 01 a9 fd 43 00 91 f3 03 02 aa f4 03 00 aa  .{...C..........
19ce51410  3f 04 00 f1 40 02 00 54 28 7c d3 9b ff 03 08 eb  ?...@..T(|......
19ce51420  21 01 00 54 33 7c 13 9b 48 de 1e b0 08 d1 43 f9  !..T3|..H.....C.
19ce51430  08 01 40 f9 09 00 80 92 28 05 08 ca 7f 02 08 eb  ..@.....(.......
19ce51440  e9 00 00 54 c0 be 03 94 e8 03 00 aa 00 00 80 d2  ...T............
19ce51450  e9 07 1e 32 09 01 00 b9 0c 00 00 14 7f 02 04 f1  ...2............
19ce51460  a8 01 00 54 68 3e 00 91 08 ed 7c 92 7f 46 00 f1  ...Th>....|..F..
19ce51470  e9 03 1c 32 21 31 88 9a e2 03 00 32 e0 03 14 aa  ...2!1.....2....
19ce51480  a8 fe ff 97 80 00 00 b4 fd 7b 41 a9 f4 4f c2 a8  .........{A..O..
19ce51490  c0 03 5f d6 80 16 78 f9 03 10 40 f9 e1 03 00 32  .._...x...@....2
19ce514a0  e2 03 13 aa fd 7b 41 a9 f4 4f c2 a8 60 00 1f d6  .....{A..O..`...
19ce514b0  f8 5f bc a9 f6 57 01 a9 f4 4f 02 a9 fd 7b 03 a9  ._...W...O...{..
19ce514c0  fd c3 00 91 f5 03 02 aa f4 03 00 aa c1 01 00 b4  ................
19ce514d0  f3 03 01 aa 02 00 80 52 e0 03 14 aa 34 fe ff 97  .......R....4...

,	Aweme!0x3e7cea8 this.args4 onLeave 0x1 0x1

,retval onLeave: 0x16f862dd8 0x16f862dd8

[end signal]{
    "X-Argus" = "zC8utN0Fb28WwrUGy45kwNhUoryP/JtLAahxziKSPDTyh8oNlhBq+Oa97WE+/Y07VfWb1PjDl34DDlIDZr8tIMDp6arL/ik9GTtykkio/1TXPEglox3rVxIe4i52gX9rPNBgX+GdI9TdNwVwOt2QI6lV8ilCxvFxPIqUfGEwJBt9IZQrUi7UTeBl9VbDmoDCAnf4I94cdTkR9JNpV2Xhqf4Rt7nzuVkEi4BT1OQcMUQRsQ==";
    "X-Gorgon" = 8404a0b2000087a24eb18facebe63b9b5f504810dfee5a9578fb;
    "X-Khronos" = 1618201440;
    "X-Ladon" = "y46RGQZh3LiXqr0Lbk4NGul/yHvgCKUmjJBDNK1RspIYNIOw";
    "X-Tyhon" = "NSOQIDcI3nJzEpAgeAnCZGJHkG95FdR1N0eQir4=";
}
Aweme!0x3e808c8 1
Aweme!0x3e6047c 1
Aweme!0x3e713b0 3
Aweme!0x3ed325c 5
Aweme!0x775e804 4
Aweme!0x3ecb260 6
Aweme!0x3e853d8 30
Aweme!0x3e85208 9
Aweme!0x3e71128 1
Aweme!0x3e7bed4 1
Aweme!0x3e712f8 1
Aweme!0x3e71698 10
Aweme!0x3ea61f0 2
Aweme!0x3e7129c 1
Aweme!0x3e86df4 9
Aweme!0x3e70b5c 20
Aweme!0x3ea2ad4 2
Aweme!0x3e71240 2
Aweme!0x3e4e728 2
Aweme!0x3ed9ec8 3
Aweme!0x3e51534 7
Aweme!0x3e70c74 1
Aweme!0x3ecf460 1
Aweme!0x3ea1858 37
Aweme!0x3ecc428 1
Aweme!0x3edb1a4 1
Aweme!0x3e83398 1
Aweme!0x3e70d30 1
Aweme!0x3ed9d58 5
Aweme!0x3e5cbf4 1
Aweme!0x3e872b0 10
Aweme!0x3e711e8 1
Aweme!0x3ea8ba8 55
Aweme!0x3eda3e0 4
Aweme!0x3e7118c 2
Aweme!0x3e8a230 1
Aweme!0x3ec92dc 1
Aweme!0x3ea8d1c 1
Aweme!0x3ea1630 2
Aweme!0x3e71300 1
Aweme!0x3e87254 7
Aweme!0x3ea8cc0 3
Aweme!0x3ed3264 257
Aweme!0x3e86fcc 4
Aweme!0x3ed3150 41
Aweme!0x3e617bc 1
Aweme!0x3e87d94 2
Aweme!0x3eca8a0 1
Aweme!0x3edb264 1
Aweme!0x3e4e730 2
Aweme!0x3e8a290 1
Aweme!0x3ed32c4 2
Aweme!0x3ecaa14 5
Aweme!0x3ee1390 1
Aweme!0x3e7019c 1
Aweme!0x3e52134 5
Aweme!0x3e713bc 1
Aweme!0x3e70140 1
Aweme!0x3e70d94 1
Aweme!0x3e58b14 236
Aweme!0x3e67890 4
Aweme!0x3ed31b0 1
Aweme!0x3e7141c 1
Aweme!0x3e7124c 5
Aweme!0x3e86f74 1
Aweme!0x3e84dbc 1
Aweme!0x3ea8bb0 69
Aweme!0x3e4de24 9
Aweme!0x3e708e0 1
Aweme!0x3edb20c 2
Aweme!0x3e8c790 2
Aweme!0x3e70fc4 4
Aweme!0x3e88764 1
Aweme!0x3e87200 1
Aweme!0x775e078 9
Aweme!0x3ea197c 28
Aweme!0x3e868f0 5
Aweme!0x3ea1b4c 1
Aweme!0x3ecd59c 2
Aweme!0x3e52080 14
Aweme!0x3e86fd4 4
Aweme!0x3ead4f0 1
Aweme!0x3ed4bd0 1
Aweme!0x3ea1a94 1
Aweme!0x3e70b10 12
Aweme!0x3ecaa78 1
Aweme!0x3e71080 2
Aweme!0x3eda21c 2
Aweme!0x3ed7070 2
Aweme!0x3e71368 2
Aweme!0x3ed9e7c 3
Aweme!0x3e90e48 1
Aweme!0x3ea7994 4
Aweme!0x3ecb2d0 57
Aweme!0x3e520e0 14
Aweme!0x3eb1c60 1
Aweme!0x3e70bcc 1
Aweme!0x775c5a8 7
Aweme!0x3ecaca8 1
Aweme!0x3ea03c0 1
Aweme!0x3edad5c 2
Aweme!0x3e8a128 1
Aweme!0x3e5c520 2
Aweme!0x3ee7920 4
Aweme!0x3ec9348 2
Aweme!0x3ed72a0 1
Aweme!0x3ea1188 1
Aweme!0x3e5d118 1
Aweme!0x3e71028 1
Aweme!0x3ea169c 2
Aweme!0x3e926f4 1
Aweme!0x3ecb278 1
Aweme!0x3e70f70 2
Aweme!0x3e67728 3
Aweme!0x3e92868 1
Aweme!0x3e86fdc 1
Aweme!0x3ea1928 1
Aweme!0x3e71428 1
Aweme!0x3e90f08 1
Aweme!0x3ed69f0 1
Aweme!0x3eca340 6
Aweme!0x3e4e740 4
Aweme!0x3e711fc 1
Aweme!0x3ecb164 1
Aweme!0x775d148 23
Aweme!0x3e8a244 1
Aweme!0x3e70fd0 4
Aweme!0x3ecb9bc 3
Aweme!0x3ea8cd4 3
Aweme!0x3e4dd78 1
Aweme!0x3e61204 2
Aweme!0x3e71488 1
Aweme!0x775e084 6
Aweme!0x3e5208c 5
Aweme!0x3e70d48 2
Aweme!0x3e5cc68 2
Aweme!0x3ea03c8 9
Aweme!0x3e57394 1
Aweme!0x3ea1c70 1
Aweme!0x3ea7c28 5
Aweme!0x3ecb1c4 1
Aweme!0x3e624e0 2
Aweme!0x3eda3f8 3
Aweme!0x3e70550 3
Aweme!0x3e71374 2
Aweme!0x3e928cc 2
Aweme!0x3eb31d0 4
Aweme!0x3e71318 3
Aweme!0x3e520ec 6
Aweme!0x3e70da8 5
Aweme!0x3e70bd8 3
Aweme!0x3e5c1e8 1
Aweme!0x3ea8c7c 2
Aweme!0x3e7ce8c 4
Aweme!0x3e71430 3
Aweme!0x3ecac58 52
Aweme!0x775dfd0 38
Aweme!0x3ed32dc 257
Aweme!0x3ecda08 1
Aweme!0x3ee5718 6
Aweme!0x3e8c7a4 2
Aweme!0x775e828 9
Aweme!0x3e84a30 1
Aweme!0x3ecb9c4 4
Aweme!0x3e5cb58 2
Aweme!0x3ea164c 1
Aweme!0x3e9a300 2
Aweme!0x3e7114c 1
Aweme!0x3ea0828 7
Aweme!0x3e70f7c 1
Aweme!0x3e86ad4 2
Aweme!0x3ed3224 256
Aweme!0x3ecc730 1
Aweme!0x3ea1764 1
Aweme!0x3ead334 1
Aweme!0x3e68100 1
Aweme!0x3e58a74 472
Aweme!0x775e888 1
Aweme!0x3ecf140 1
Aweme!0x3ed67d0 6
Aweme!0x3ed30b4 4
Aweme!0x3ed9e90 5
Aweme!0x3e711ac 3
Aweme!0x775c7e8 398
Aweme!0x3e87048 2
Aweme!0x775e090 3
Aweme!0x3eca7a8 4
Aweme!0x3e51f24 5
Aweme!0x3e70db0 21
Aweme!0x3e70100 2
Aweme!0x3e93d80 8
Aweme!0x3ede65c 1
Aweme!0x3ee4b84 8
Aweme!0x3e523dc 2
Aweme!0x3ea8c28 4
Aweme!0x3e70b28 12
Aweme!0x3ea170c 9
Aweme!0x3ecec30 19
Aweme!0x3ecda6c 2
Aweme!0x775d328 2
Aweme!0x3ecf828 1
Aweme!0x3ecc8a8 1
Aweme!0x3e8a13c 1
Aweme!0x3ecb118 3
Aweme!0x3ee5894 2
Aweme!0x3e71268 1
Aweme!0x3e4e698 2
Aweme!0x3e86adc 1
Aweme!0x3e58964 1
Aweme!0x3e71668 9
Aweme!0x3ed9ddc 8
Aweme!0x3ea1998 1
Aweme!0x3ed4a78 1
Aweme!0x3edb340 2
Aweme!0x3e67854 1
Aweme!0x3eda120 1
Aweme!0x3e87334 5
Aweme!0x3ed3344 1
Aweme!0x3e90ec0 1
Aweme!0x3ea16b4 45
Aweme!0x3eda408 2
Aweme!0x775e834 2
Aweme!0x3e516d4 7
Aweme!0x3edacbc 1
Aweme!0x3e51f88 10
Aweme!0x3e89ce8 1
Aweme!0x3ed328c 2
Aweme!0x3e71328 1
Aweme!0x3edb174 1
Aweme!0x3e86ff4 2
Aweme!0x3ecc90c 2
Aweme!0x775ec90 6
Aweme!0x3e67688 3
Aweme!0x775e720 6
Aweme!0x3e71440 1
Aweme!0x3e71270 3
Aweme!0x3e52044 3
Aweme!0x3ee4790 1
Aweme!0x3ecf88c 2
Aweme!0x3e872dc 5
Aweme!0x3e70ca4 2
Aweme!0x3ed7260 1
Aweme!0x3e5c824 2
Aweme!0x3ecb9d4 1
Aweme!0x775c7f4 38
Aweme!0x3e70dbc 1
Aweme!0x3e86ae4 1
Aweme!0x3e714a0 2
Aweme!0x3ecaaf8 1
Aweme!0x3e709c0 30
Aweme!0x3e523e8 2
Aweme!0x3ecfc30 1
Aweme!0x3e84c14 1
Aweme!0x3ecb180 19
Aweme!0x3e71218 3
Aweme!0x3e86ba0 3
Aweme!0x3ea6110 2
Aweme!0x3e70e1c 2
Aweme!0x775e7e0 2
Aweme!0x3ed3238 6
Aweme!0x3e70f90 2
Aweme!0x3ea1b74 10
Aweme!0x3ee5674 4
Aweme!0x3e5de48 2
Aweme!0x3e51ed8 14
Aweme!0x3eac354 1
Aweme!0x3e71448 1
Aweme!0x3ecb1e0 1
Aweme!0x3eaea20 11
Aweme!0x3e70d08 2
Aweme!0x3ed32f4 2
Aweme!0x3e56530 1
Aweme!0x3e4e1f0 9
Aweme!0x3ecb9dc 7
Aweme!0x3ea1664 1
Aweme!0x3e885c0 1
Aweme!0x3ed3010 516
Aweme!0x3e71108 1
Aweme!0x3e70f38 3
Aweme!0x3e7cea8 2
Aweme!0x3eca930 14
Aweme!0x3e67a34 1
Aweme!0x3e67c04 1
Aweme!0x3e60518 1
Aweme!0x3e523f0 5
Aweme!0x3ea3c78 1
Aweme!0x3e84a4c 1
Aweme!0x3ecafb8 1
Aweme!0x3ecb188 2
Aweme!0x3ea7e18 52
Aweme!0x3ead464 1
Aweme!0x3ed30cc 2
Aweme!0x3ed9ea8 5
Aweme!0x3e711c4 2
Aweme!0x3ecb2a0 24
Aweme!0x3ed7210 1
Aweme!0x3ed3240 1
Aweme!0x3e7cf08 2
Aweme!0x3e57ef4 18
Aweme!0x3e86920 5
Aweme!0x3ed31e4 258
Aweme!0x3ed9fc0 1
Aweme!0x3e712dc 3
Aweme!0x775e78c 238
Aweme!0x3ed3358 3
Aweme!0x775e390 3
Aweme!0x3ede618 2
Aweme!0x3edded8 1
Aweme!0x3ecef8c 1
Aweme!0x3e90ed4 1
Aweme!0x3e713f4 1
Aweme!0x3ecabc0 5
Aweme!0x3ecb9e4 7
Aweme!0x3eca820 4
Aweme!0x3ea1d50 1
Aweme!0x3e51f40 3
Aweme!0x3e714b0 1
Aweme!0x775c5d8 32
Aweme!0x3e5e594 1
Aweme!0x3e70ba0 10
Aweme!0x3e868c8 5
Aweme!0x3e5e8d8 1
Aweme!0x3e4f5ec 2
Aweme!0x3e71284 1
Aweme!0x3e8c880 4
Aweme!0x3ea1ac8 1
Aweme!0x3e70b44 9
Aweme!0x3e6057c 2
Aweme!0x3e51918 7
Aweme!0x3e67810 56
Aweme!0x3e61858 1
Aweme!0x3eac818 1
Aweme!0x3ecb134 1
Aweme!0x3ecfd58 1
Aweme!0x3e711cc 2
Aweme!0x3ecaf64 1
Aweme!0x3eda368 1
Aweme!0x3ecf3ec 2
Aweme!0x3e523fc 7
Aweme!0x3e710b8 2
Aweme!0x3e5205c 11
Aweme!0x3e7ce58 4
Aweme!0x3eca540 4
Aweme!0x3ecf504 1
Aweme!0x3ed7104 4
Aweme!0x3ea6180 1
Aweme!0x3e872f4 2
Aweme!0x3ed3304 1
Aweme!0x3ed32a8 3
Aweme!0x3e870c8 2
Aweme!0x3ea0f90 1
Aweme!0x3e51fa4 3
Aweme!0x3ee4520 2
Aweme!0x3eda3c8 3
Aweme!0x3eda028 1
Aweme!0x3ea8d04 7
Aweme!0x3e5e93c 2
Aweme!0x3e712e8 2
Aweme!0x3ea7e84 1
Aweme!0x3eac8d8 1
Aweme!0x3e618bc 2
Aweme!0x3e7128c 6
Aweme!0x775e39c 7
Aweme!0x3e86de4 1
Aweme!0x3e70d1c 2
Aweme!0x3e71400 1
Aweme!0x775b534 2
Aweme!0x3ecaa58 11
Aweme!0x3e70920 1
Aweme!0x3ed9eb8 4
Aweme!0x3e713a4 1
Aweme!0x3e67b00 2
Aweme!0x3ea12d8 1
Aweme!0x775e7f8 1
Aweme!0x3eca9a0 1
Aweme!0x3e58b58 236
Aweme!0x3e5c5b8 1
Aweme!0x3e7111c 2
Aweme!0x3e93da8 2
Aweme!0x3e520c0 3
Aweme!0x3e70d7c 2
Aweme!0x3e70980 29
Aweme!0x3eda5fc 1
Aweme!0x3e70af4 21
Aweme!0x3e8c7d4 2
Aweme!0x3e4e71c 4
Aweme!0x3ecfd64 1
Aweme!0x3ea8d0c 398
Aweme!0x3eca9a4 4
Aweme!0x3eca604 3
Aweme!0x3ed31f8 2
Aweme!0x3ee49e0 1
Aweme!0x3ed3028 814
Aweme!0x3ecb02c 2
Aweme!0x3e71464 1
Aweme!0x3e71294 2
Aweme!0x3e86dec 1
Aweme!0x3e67bc0 2
Aweme!0x3ea8c54 6
Aweme!0x3e5c8a4 1
Aweme!0x3e87300 4
Aweme!0x775e348 7
Aweme!0x3ea0a88 1
Aweme!0x3ed32b4 2
Aweme!0x3e4e1b0 5
Aweme!0x3e5bd68 4
Aweme!0x3ea1680 3
Aweme!0x3e716f0 7
Aweme!0x3e5c61c 2
Aweme!0x3ecb1fc 1
Aweme!0x3e70c10 3
Aweme!0x3ea7a90 8
Aweme!0x775e7a4 238
Aweme!0x3e84b20 1
Aweme!0x3ede85c 3
Aweme!0x775cb00 1
Aweme!0x775e918 1
Aweme!0x3ea1228 1
Aweme!0x3ea61ec 21
On receive  16384
Error happenError: unable to find module containing 0x12321c25c
Error happenError: unable to find module containing 0x12319e984
Error happenError: unable to find module containing 0x12319e994
call: Aweme!0x3ecb52c Aweme!0x775e390@DYLD-STUB$$objc_retain
call: Foundation!0x715c libobjc.A.dylib!0x47e8@object_getClass
call: Foundation!0x71cc CoreFoundation!0xaae2c@_CFNonObjCRetain
call: Aweme!0x3ecb538 Aweme!0x775e390@DYLD-STUB$$objc_retain
call: Aweme!0x3ecb554 Aweme!0x775e348@DYLD-STUB$$objc_msgSend
call: Foundation!0x40150 libobjc.A.dylib!0x2080@objc_msgSend
call: Foundation!0x732c libobjc.A.dylib!0x47e8@object_getClass
call: Foundation!0x40180 CoreFoundation!0xf2138@CFURLCopyAbsoluteURL
call: CoreFoundation!0xf2164 CoreFoundation!0xabff8@CFGetAllocator
call: CoreFoundation!0xf2234 CoreFoundation!0x2af0@CFRetain
call: Foundation!0x4018c CoreFoundation!0xf1b04@CFURLGetString
call: Foundation!0x40190 libobjc.A.dylib!0x20010@objc_retain
call: CoreFoundation!0x6bec CoreFoundation!0xaae2c@_CFNonObjCRetain
call: Foundation!0x40194 libobjc.A.dylib!0x20080@objc_autorelease
call: Foundation!0x401a0 CoreFoundation!0x2694@CFRelease
call: Aweme!0x3ecb558 Aweme!0x3ecb9c4@0x3ecb9c4
call: CoreFoundation!0x6bec CoreFoundation!0xaae2c@_CFNonObjCRetain
call: Aweme!0x3ecb570 Aweme!0x775e348@DYLD-STUB$$objc_msgSend
call: Aweme!0x3ecb58c Aweme!0x3ecb9dc@0x3ecb9dc
call: libc++abi.dylib!0xee0 libc++abi.dylib!0x10e54@DYLD-STUB$$malloc
call: libsystem_malloc.dylib!0x10160 libsystem_malloc.dylib!0xf6b8@malloc_zone_malloc
call: libsystem_malloc.dylib!0xf750 libsystem_malloc.dylib!0x11d64@default_zone_malloc
call: libsystem_malloc.dylib!0xecc libsystem_malloc.dylib!0xf20@nanov2_allocate$VARIANT$mp
call: libsystem_malloc.dylib!0xf98 libsystem_malloc.dylib!0x1b18@nanov2_allocate_from_block$VARIANT$mp
call: Aweme!0x3ecb598 Aweme!0x775e39c@DYLD-STUB$$objc_retainAutorelease
call: libobjc.A.dylib!0x218c4 libobjc.A.dylib!0x20010@objc_retain
call: CoreFoundation!0x6bec CoreFoundation!0xaae2c@_CFNonObjCRetain
call: Aweme!0x3ecb5a4 Aweme!0x3ecb9e4@0x3ecb9e4
call: CoreFoundation!0x6980 CoreFoundation!0xc7c40@__CFStringMtbl
call: CoreFoundation!0x69b4 CoreFoundation!0xcf3e4@CFStringGetCStringPtr
call: Aweme!0x3ecb5b0 Aweme!0x3eca930@0x3eca930
call: Aweme!0x3eca8d4 Aweme!0x3ecb180@0x3ecb180
call: Aweme!0x3eca8e8 Aweme!0x775dfd0@DYLD-STUB$$malloc
call: libsystem_malloc.dylib!0x10160 libsystem_malloc.dylib!0xf6b8@malloc_zone_malloc
call: libsystem_malloc.dylib!0xf750 libsystem_malloc.dylib!0x11d64@default_zone_malloc
call: libsystem_malloc.dylib!0x6224 libsystem_malloc.dylib!0x17638@tiny_malloc_should_clear
call: libsystem_malloc.dylib!0x176d0 libsystem_platform.dylib!0x8cf8@DYLD-STUB$$os_unfair_lock_lock_with_options
call: libsystem_malloc.dylib!0x17714 libsystem_malloc.dylib!0x1902c@tiny_malloc_from_free_list
call: libsystem_malloc.dylib!0x19688 libsystem_malloc.dylib!0x15fc8@tiny_free_list_add_ptr
call: libsystem_malloc.dylib!0x19270 libsystem_malloc.dylib!0x17ca8@set_tiny_meta_header_in_use
call: libsystem_malloc.dylib!0x17a4c libsystem_platform.dylib!0x8d1c@DYLD-STUB$$os_unfair_lock_unlock
call: Aweme!0x3eca8f4 Aweme!0x3ecb2a0@0x3ecb2a0
call: Aweme!0x3ecb5bc Aweme!0x3eca340@0x3eca340
call: Aweme!0x3eca35c Aweme!0x3e58b14@0x3e58b14
call: Aweme!0x3e58af4 Aweme!0x3e58a74@0x3e58a74
call: Aweme!0x3e58afc Aweme!0x775e78c@DYLD-STUB$$pthread_mutex_lock
call: Aweme!0x3eca368 Aweme!0x775c5d8@DYLD-STUB$$operator new(unsigned long)
call: libc++abi.dylib!0xee0 libc++abi.dylib!0x10e54@DYLD-STUB$$malloc
call: libsystem_malloc.dylib!0x10160 libsystem_malloc.dylib!0xf6b8@malloc_zone_malloc
call: libsystem_malloc.dylib!0xf750 libsystem_malloc.dylib!0x11d64@default_zone_malloc
call: libsystem_malloc.dylib!0xecc libsystem_malloc.dylib!0xf20@nanov2_allocate$VARIANT$mp
call: libsystem_malloc.dylib!0xf98 libsystem_malloc.dylib!0x1b18@nanov2_allocate_from_block$VARIANT$mp
call: Aweme!0x3eca37c Aweme!0x3e58b58@0x3e58b58
call: Aweme!0x3e58b3c Aweme!0x3e58a74@0x3e58a74
call: Aweme!0x3e58b44 Aweme!0x775e7a4@DYLD-STUB$$pthread_mutex_unlock
call: Aweme!0x3ecb5c4 Aweme!0x3e86ba0@0x3e86ba0
call: Aweme!0x3e86bb0 Aweme!0x3e87334@0x3e87334
call: libc++abi.dylib!0xee0 libc++abi.dylib!0x10e54@DYLD-STUB$$malloc
call: libsystem_malloc.dylib!0x10160 libsystem_malloc.dylib!0xf6b8@malloc_zone_malloc
call: libsystem_malloc.dylib!0xf750 libsystem_malloc.dylib!0x11d64@default_zone_malloc
call: libsystem_malloc.dylib!0xecc libsystem_malloc.dylib!0xf20@nanov2_allocate$VARIANT$mp
call: libsystem_malloc.dylib!0xf98 libsystem_malloc.dylib!0x1b18@nanov2_allocate_from_block$VARIANT$mp
call: Aweme!0x3e86bd8 Aweme!0x3e868f0@0x3e868f0
call: Aweme!0x3e86908 Aweme!0x3e87254@0x3e87254
call: Aweme!0x3e8690c Aweme!0x3ed9d58@0x3ed9d58
call: Aweme!0x3ed9d74 Aweme!0x3ea61ec@0x3ea61ec
call: libsystem_malloc.dylib!0x10160 libsystem_malloc.dylib!0xf6b8@malloc_zone_malloc
call: libsystem_malloc.dylib!0xf750 libsystem_malloc.dylib!0x11d64@default_zone_malloc
call: libsystem_malloc.dylib!0xecc libsystem_malloc.dylib!0xf20@nanov2_allocate$VARIANT$mp
call: libsystem_malloc.dylib!0xf98 libsystem_malloc.dylib!0x1b18@nanov2_allocate_from_block$VARIANT$mp
call: Aweme!0x3ed9d80 Aweme!0x3e516d4@0x3e516d4
call: Aweme!0x3e516e0 Aweme!0x3e520e0@0x3e520e0
call: Aweme!0x3e516e4 Aweme!0x3e51ed8@0x3e51ed8
call: Aweme!0x3e51ee4 Aweme!0x3ea61ec@0x3ea61ec
call: libsystem_malloc.dylib!0x10160 libsystem_malloc.dylib!0xf6b8@malloc_zone_malloc
call: libsystem_malloc.dylib!0xf750 libsystem_malloc.dylib!0x11d64@default_zone_malloc
call: libsystem_malloc.dylib!0xecc libsystem_malloc.dylib!0xf20@nanov2_allocate$VARIANT$mp
call: libsystem_malloc.dylib!0xf98 libsystem_malloc.dylib!0x1b18@nanov2_allocate_from_block$VARIANT$mp
call: Aweme!0x3ed9d84 Aweme!0x3e523f0@0x3e523f0
call: Aweme!0x3e86bdc Aweme!0x3e872dc@0x3e872dc
call: Aweme!0x3e808e4 Aweme!0x3e58b14@0x3e58b14
call: Aweme!0x3e58af4 Aweme!0x3e58a74@0x3e58a74
call: Aweme!0x3e58afc Aweme!0x775e78c@DYLD-STUB$$pthread_mutex_lock
call: Aweme!0x3e808f0 Aweme!0x775c5d8@DYLD-STUB$$operator new(unsigned long)
call: libc++abi.dylib!0xee0 libc++abi.dylib!0x10e54@DYLD-STUB$$malloc
call: libsystem_malloc.dylib!0x10160 libsystem_malloc.dylib!0xf6b8@malloc_zone_malloc
call: libsystem_malloc.dylib!0xf750 libsystem_malloc.dylib!0x11d64@default_zone_malloc
call: libsystem_malloc.dylib!0xecc libsystem_malloc.dylib!0xf20@nanov2_allocate$VARIANT$mp
call: libsystem_malloc.dylib!0xf98 libsystem_malloc.dylib!0x1b18@nanov2_allocate_from_block$VARIANT$mp
call: Aweme!0x3e80904 Aweme!0x3e58b58@0x3e58b58
call: Aweme!0x3e58b3c Aweme!0x3e58a74@0x3e58a74
call: Aweme!0x3e58b44 Aweme!0x775e7a4@DYLD-STUB$$pthread_mutex_unlock
call: Aweme!0x3ecb5e8 Aweme!0x775e390@DYLD-STUB$$objc_retain
call: Aweme!0x3ecb608 Aweme!0x775e348@DYLD-STUB$$objc_msgSend
call: Aweme!0x3ecb64c Aweme!0x3e5bd68@0x3e5bd68
call: Aweme!0x3e5bd80 Aweme!0x3e58b14@0x3e58b14
call: Aweme!0x3e58af4 Aweme!0x3e58a74@0x3e58a74
call: Aweme!0x3e58afc Aweme!0x775e78c@DYLD-STUB$$pthread_mutex_lock
call: Aweme!0x3e5bd8c Aweme!0x3e58b58@0x3e58b58
call: Aweme!0x3e58b3c Aweme!0x3e58a74@0x3e58a74
call: Aweme!0x3e58b44 Aweme!0x775e7a4@DYLD-STUB$$pthread_mutex_unlock
call: Aweme!0x3ecb654 Aweme!0x3ecb9dc@0x3ecb9dc
call: libc++abi.dylib!0xee0 libc++abi.dylib!0x10e54@DYLD-STUB$$malloc
call: libsystem_malloc.dylib!0x10160 libsystem_malloc.dylib!0xf6b8@malloc_zone_malloc
call: libsystem_malloc.dylib!0xf750 libsystem_malloc.dylib!0x11d64@default_zone_malloc
call: libsystem_malloc.dylib!0xecc libsystem_malloc.dylib!0xf20@nanov2_allocate$VARIANT$mp
call: libsystem_malloc.dylib!0xf98 libsystem_malloc.dylib!0x1b18@nanov2_allocate_from_block$VARIANT$mp
call: Aweme!0x3ecb660 Aweme!0x775e39c@DYLD-STUB$$objc_retainAutorelease
call: libobjc.A.dylib!0x218c4 libobjc.A.dylib!0x20010@objc_retain
call: CoreFoundation!0x6bec CoreFoundation!0xaae2c@_CFNonObjCRetain
call: Aweme!0x3ecb668 Aweme!0x3ecb9e4@0x3ecb9e4
call: CoreFoundation!0x6980 CoreFoundation!0xc7c40@__CFStringMtbl
call: CoreFoundation!0x69b4 CoreFoundation!0xcf3e4@CFStringGetCStringPtr
call: Aweme!0x3ecb674 Aweme!0x3eca930@0x3eca930
call: Aweme!0x3eca8d4 Aweme!0x3ecb180@0x3ecb180
call: Aweme!0x3eca8e8 Aweme!0x775dfd0@DYLD-STUB$$malloc
call: libsystem_malloc.dylib!0x10160 libsystem_malloc.dylib!0xf6b8@malloc_zone_malloc
call: libsystem_malloc.dylib!0xf750 libsystem_malloc.dylib!0x11d64@default_zone_malloc
call: libsystem_malloc.dylib!0xecc libsystem_malloc.dylib!0xf20@nanov2_allocate$VARIANT$mp
call: libsystem_malloc.dylib!0xf98 libsystem_malloc.dylib!0x1b18@nanov2_allocate_from_block$VARIANT$mp
call: Aweme!0x3eca8f4 Aweme!0x3ecb2a0@0x3ecb2a0
call: Aweme!0x3ecb678 Aweme!0x3ecb9dc@0x3ecb9dc
call: libc++abi.dylib!0xee0 libc++abi.dylib!0x10e54@DYLD-STUB$$malloc
call: libsystem_malloc.dylib!0x10160 libsystem_malloc.dylib!0xf6b8@malloc_zone_malloc
call: libsystem_malloc.dylib!0xf750 libsystem_malloc.dylib!0x11d64@default_zone_malloc
call: libsystem_malloc.dylib!0xecc libsystem_malloc.dylib!0xf20@nanov2_allocate$VARIANT$mp
call: libsystem_malloc.dylib!0xf98 libsystem_malloc.dylib!0x1b18@nanov2_allocate_from_block$VARIANT$mp
call: Aweme!0x3ecb68c Aweme!0x775e348@DYLD-STUB$$objc_msgSend
call: CoreFoundation!0x463c libobjc.A.dylib!0x2080@objc_msgSend
call: CoreFoundation!0x4680 libobjc.A.dylib!0x2080@objc_msgSend
call: CoreFoundation!0x4228 CoreFoundation!0x2b6c@_CFStringEqual
call: CoreFoundation!0x4680 libobjc.A.dylib!0x2080@objc_msgSend
call: CoreFoundation!0x4228 CoreFoundation!0x2b6c@_CFStringEqual
call: Aweme!0x3ecb690 Aweme!0x3ecb9c4@0x3ecb9c4
call: CoreFoundation!0x6bec CoreFoundation!0xaae2c@_CFNonObjCRetain
call: Aweme!0x3ecb694 Aweme!0x775e39c@DYLD-STUB$$objc_retainAutorelease
call: libobjc.A.dylib!0x218c4 libobjc.A.dylib!0x20010@objc_retain
call: CoreFoundation!0x6bec CoreFoundation!0xaae2c@_CFNonObjCRetain
call: Aweme!0x3ecb69c Aweme!0x3ecb9e4@0x3ecb9e4
call: CoreFoundation!0x6980 CoreFoundation!0xc7c40@__CFStringMtbl
call: CoreFoundation!0x69b4 CoreFoundation!0xcf3e4@CFStringGetCStringPtr
call: Aweme!0x3ecb6a8 Aweme!0x3eca930@0x3eca930
call: Aweme!0x3eca8d4 Aweme!0x3ecb180@0x3ecb180
call: Aweme!0x3eca8e8 Aweme!0x775dfd0@DYLD-STUB$$malloc
call: libsystem_malloc.dylib!0x10160 libsystem_malloc.dylib!0xf6b8@malloc_zone_malloc
call: libsystem_malloc.dylib!0xf750 libsystem_malloc.dylib!0x11d64@default_zone_malloc
call: libsystem_malloc.dylib!0x6224 libsystem_malloc.dylib!0x17638@tiny_malloc_should_clear
call: libsystem_malloc.dylib!0x176d0 libsystem_platform.dylib!0x8cf8@DYLD-STUB$$os_unfair_lock_lock_with_options
call: libsystem_malloc.dylib!0x17714 libsystem_malloc.dylib!0x1902c@tiny_malloc_from_free_list
call: libsystem_malloc.dylib!0x19688 libsystem_malloc.dylib!0x15fc8@tiny_free_list_add_ptr
call: libsystem_malloc.dylib!0x19270 libsystem_malloc.dylib!0x17ca8@set_tiny_meta_header_in_use
call: libsystem_malloc.dylib!0x17a4c libsystem_platform.dylib!0x8d1c@DYLD-STUB$$os_unfair_lock_unlock
call: Aweme!0x3eca8f4 Aweme!0x3ecb2a0@0x3ecb2a0
call: Aweme!0x3ecb6b8 Aweme!0x3e86920@0x3e86920
call: Aweme!0x3e8694c Aweme!0x3ed9ea8@0x3ed9ea8
call: Aweme!0x3e51e10 Aweme!0x3e52080@0x3e52080
call: Aweme!0x3e8695c Aweme!0x3ed9ddc@0x3ed9ddc
call: Aweme!0x3e86970 Aweme!0x3e51f88@0x3e51f88
call: Aweme!0x3e86980 Aweme!0x3e868c8@0x3e868c8
call: Aweme!0x3e868e0 Aweme!0x775c5d8@DYLD-STUB$$operator new(unsigned long)
call: libc++abi.dylib!0xee0 libc++abi.dylib!0x10e54@DYLD-STUB$$malloc
call: libsystem_malloc.dylib!0x10160 libsystem_malloc.dylib!0xf6b8@malloc_zone_malloc
call: libsystem_malloc.dylib!0xf750 libsystem_malloc.dylib!0x11d64@default_zone_malloc
call: libsystem_malloc.dylib!0xecc libsystem_malloc.dylib!0xf20@nanov2_allocate$VARIANT$mp
call: libsystem_malloc.dylib!0xf98 libsystem_malloc.dylib!0x1b18@nanov2_allocate_from_block$VARIANT$mp
call: Aweme!0x3e86990 Aweme!0x3ed9e90@0x3ed9e90
call: Aweme!0x3e51884 Aweme!0x3e52080@0x3e52080
call: Aweme!0x3e518e8 Aweme!0x3e51918@0x3e51918
call: Aweme!0x3e519a0 Aweme!0x3e51ed8@0x3e51ed8
call: Aweme!0x3e51ee4 Aweme!0x3ea61ec@0x3ea61ec
call: libsystem_malloc.dylib!0x10160 libsystem_malloc.dylib!0xf6b8@malloc_zone_malloc
call: libsystem_malloc.dylib!0xf750 libsystem_malloc.dylib!0x11d64@default_zone_malloc
call: libsystem_malloc.dylib!0xecc libsystem_malloc.dylib!0xf20@nanov2_allocate$VARIANT$mp
call: libsystem_malloc.dylib!0xf98 libsystem_malloc.dylib!0x1b18@nanov2_allocate_from_block$VARIANT$mp
call: libsystem_malloc.dylib!0xff4 libsystem_platform.dylib!0x8cf8@DYLD-STUB$$os_unfair_lock_lock_with_options
call: libsystem_malloc.dylib!0x1008 libsystem_malloc.dylib!0x1b18@nanov2_allocate_from_block$VARIANT$mp
call: libsystem_malloc.dylib!0x1030 libsystem_malloc.dylib!0x1d18@nanov2_find_block_and_allocate$VARIANT$mp
call: libsystem_malloc.dylib!0x21a8 libsystem_malloc.dylib!0x1b18@nanov2_allocate_from_block$VARIANT$mp
call: libsystem_malloc.dylib!0x103c libsystem_platform.dylib!0x8d1c@DYLD-STUB$$os_unfair_lock_unlock
call: Aweme!0x3e519f0 Aweme!0x3e51534@0x3e51534
call: Aweme!0x3e51544 Aweme!0x3e520e0@0x3e520e0
call: Aweme!0x3e518f4 Aweme!0x3e716f0@0x3e716f0
call: Aweme!0x3ecb6bc Aweme!0x3ecb9bc@0x3ecb9bc
call: Aweme!0x3ecb64c Aweme!0x3e5bd68@0x3e5bd68
call: Aweme!0x3e5bd80 Aweme!0x3e58b14@0x3e58b14
call: Aweme!0x3e58af4 Aweme!0x3e58a74@0x3e58a74
call: Aweme!0x3e58afc Aweme!0x775e78c@DYLD-STUB$$pthread_mutex_lock
call: Aweme!0x3e5bd8c Aweme!0x3e58b58@0x3e58b58
call: Aweme!0x3e58b3c Aweme!0x3e58a74@0x3e58a74
call: Aweme!0x3e58b44 Aweme!0x775e7a4@DYLD-STUB$$pthread_mutex_unlock
call: Aweme!0x3ecb654 Aweme!0x3ecb9dc@0x3ecb9dc
call: libc++abi.dylib!0xee0 libc++abi.dylib!0x10e54@DYLD-STUB$$malloc
call: libsystem_malloc.dylib!0x10160 libsystem_malloc.dylib!0xf6b8@malloc_zone_malloc
call: libsystem_malloc.dylib!0xf750 libsystem_malloc.dylib!0x11d64@default_zone_malloc
call: libsystem_malloc.dylib!0xecc libsystem_malloc.dylib!0xf20@nanov2_allocate$VARIANT$mp
call: libsystem_malloc.dylib!0xf98 libsystem_malloc.dylib!0x1b18@nanov2_allocate_from_block$VARIANT$mp
call: Aweme!0x3ecb660 Aweme!0x775e39c@DYLD-STUB$$objc_retainAutorelease
call: libobjc.A.dylib!0x218c4 libobjc.A.dylib!0x20010@objc_retain
call: CoreFoundation!0x6bec CoreFoundation!0xaae2c@_CFNonObjCRetain
call: Aweme!0x3ecb668 Aweme!0x3ecb9e4@0x3ecb9e4
call: CoreFoundation!0x6980 CoreFoundation!0xc7c40@__CFStringMtbl
call: CoreFoundation!0x69b4 CoreFoundation!0xcf3e4@CFStringGetCStringPtr
call: Aweme!0x3ecb674 Aweme!0x3eca930@0x3eca930
call: Aweme!0x3eca8d4 Aweme!0x3ecb180@0x3ecb180
call: Aweme!0x3eca8e8 Aweme!0x775dfd0@DYLD-STUB$$malloc
call: libsystem_malloc.dylib!0x10160 libsystem_malloc.dylib!0xf6b8@malloc_zone_malloc
call: libsystem_malloc.dylib!0xf750 libsystem_malloc.dylib!0x11d64@default_zone_malloc
call: libsystem_malloc.dylib!0xecc libsystem_malloc.dylib!0xf20@nanov2_allocate$VARIANT$mp
call: libsystem_malloc.dylib!0xf98 libsystem_malloc.dylib!0x1b18@nanov2_allocate_from_block$VARIANT$mp
call: Aweme!0x3eca8f4 Aweme!0x3ecb2a0@0x3ecb2a0
call: Aweme!0x3ecb678 Aweme!0x3ecb9dc@0x3ecb9dc
call: libc++abi.dylib!0xee0 libc++abi.dylib!0x10e54@DYLD-STUB$$malloc
call: libsystem_malloc.dylib!0x10160 libsystem_malloc.dylib!0xf6b8@malloc_zone_malloc
call: libsystem_malloc.dylib!0xf750 libsystem_malloc.dylib!0x11d64@default_zone_malloc
call: libsystem_malloc.dylib!0xecc libsystem_malloc.dylib!0xf20@nanov2_allocate$VARIANT$mp
call: libsystem_malloc.dylib!0xf98 libsystem_malloc.dylib!0x1b18@nanov2_allocate_from_block$VARIANT$mp
call: Aweme!0x3ecb68c Aweme!0x775e348@DYLD-STUB$$objc_msgSend
call: CoreFoundation!0x463c libobjc.A.dylib!0x2080@objc_msgSend
call: Aweme!0x3ecb690 Aweme!0x3ecb9c4@0x3ecb9c4
call: CoreFoundation!0x6bec CoreFoundation!0xaae2c@_CFNonObjCRetain
call: Aweme!0x3ecb694 Aweme!0x775e39c@DYLD-STUB$$objc_retainAutorelease
call: libobjc.A.dylib!0x218c4 libobjc.A.dylib!0x20010@objc_retain
call: CoreFoundation!0x6bec CoreFoundation!0xaae2c@_CFNonObjCRetain
call: Aweme!0x3ecb69c Aweme!0x3ecb9e4@0x3ecb9e4
call: CoreFoundation!0x6980 CoreFoundation!0xc7c40@__CFStringMtbl
call: CoreFoundation!0x69b4 CoreFoundation!0xcf3e4@CFStringGetCStringPtr
call: Aweme!0x3ecb6a8 Aweme!0x3eca930@0x3eca930
call: Aweme!0x3eca8d4 Aweme!0x3ecb180@0x3ecb180
call: Aweme!0x3eca8e8 Aweme!0x775dfd0@DYLD-STUB$$malloc
call: libsystem_malloc.dylib!0x10160 libsystem_malloc.dylib!0xf6b8@malloc_zone_malloc
call: libsystem_malloc.dylib!0xf750 libsystem_malloc.dylib!0x11d64@default_zone_malloc
call: libsystem_malloc.dylib!0xecc libsystem_malloc.dylib!0xf20@nanov2_allocate$VARIANT$mp
call: libsystem_malloc.dylib!0xf98 libsystem_malloc.dylib!0x1b18@nanov2_allocate_from_block$VARIANT$mp
call: Aweme!0x3eca8f4 Aweme!0x3ecb2a0@0x3ecb2a0
call: Aweme!0x3ecb6b8 Aweme!0x3e86920@0x3e86920
call: Aweme!0x3e8694c Aweme!0x3ed9ea8@0x3ed9ea8
call: Aweme!0x3e51de4 Aweme!0x3e5208c@0x3e5208c
call: Aweme!0x3e51dec Aweme!0x3e57ef4@0x3e57ef4
call: Aweme!0x3e51e10 Aweme!0x3e52080@0x3e52080
call: Aweme!0x3e8695c Aweme!0x3ed9ddc@0x3ed9ddc
call: Aweme!0x3e86970 Aweme!0x3e51f88@0x3e51f88
call: Aweme!0x3e86980 Aweme!0x3e868c8@0x3e868c8
call: Aweme!0x3e868e0 Aweme!0x775c5d8@DYLD-STUB$$operator new(unsigned long)
call: libc++abi.dylib!0xee0 libc++abi.dylib!0x10e54@DYLD-STUB$$malloc
call: libsystem_malloc.dylib!0x10160 libsystem_malloc.dylib!0xf6b8@malloc_zone_malloc
call: libsystem_malloc.dylib!0xf750 libsystem_malloc.dylib!0x11d64@default_zone_malloc
call: libsystem_malloc.dylib!0xecc libsystem_malloc.dylib!0xf20@nanov2_allocate$VARIANT$mp
call: libsystem_malloc.dylib!0xf98 libsystem_malloc.dylib!0x1b18@nanov2_allocate_from_block$VARIANT$mp
call: Aweme!0x3e86990 Aweme!0x3ed9e90@0x3ed9e90
call: Aweme!0x3e51828 Aweme!0x3e52134@0x3e52134
call: Aweme!0x3e51838 Aweme!0x3e5205c@0x3e5205c
call: Aweme!0x3e51844 Aweme!0x3e57ef4@0x3e57ef4
call: Aweme!0x3e518a8 Aweme!0x3e5205c@0x3e5205c
call: Aweme!0x3e518b4 Aweme!0x3e52134@0x3e52134
call: Aweme!0x3e518c0 Aweme!0x3e57ef4@0x3e57ef4
call: Aweme!0x3e518e8 Aweme!0x3e51918@0x3e51918
call: Aweme!0x3e5195c Aweme!0x3e523fc@0x3e523fc
call: Aweme!0x3e51970 Aweme!0x3e523fc@0x3e523fc
call: Aweme!0x3e51974 Aweme!0x3e52044@0x3e52044
call: Aweme!0x3e5197c Aweme!0x3e51ed8@0x3e51ed8
call: Aweme!0x3e51ee4 Aweme!0x3ea61ec@0x3ea61ec
call: libsystem_malloc.dylib!0x10160 libsystem_malloc.dylib!0xf6b8@malloc_zone_malloc
call: libsystem_malloc.dylib!0xf750 libsystem_malloc.dylib!0x11d64@default_zone_malloc
call: libsystem_malloc.dylib!0xecc libsystem_malloc.dylib!0xf20@nanov2_allocate$VARIANT$mp
call: libsystem_malloc.dylib!0xf98 libsystem_malloc.dylib!0x1b18@nanov2_allocate_from_block$VARIANT$mp
call: libsystem_malloc.dylib!0xff4 libsystem_platform.dylib!0x8cf8@DYLD-STUB$$os_unfair_lock_lock_with_options
call: libsystem_malloc.dylib!0x1008 libsystem_malloc.dylib!0x1b18@nanov2_allocate_from_block$VARIANT$mp
call: libsystem_malloc.dylib!0x1030 libsystem_malloc.dylib!0x1d18@nanov2_find_block_and_allocate$VARIANT$mp
call: libsystem_malloc.dylib!0x21a8 libsystem_malloc.dylib!0x1b18@nanov2_allocate_from_block$VARIANT$mp
call: libsystem_malloc.dylib!0x103c libsystem_platform.dylib!0x8d1c@DYLD-STUB$$os_unfair_lock_unlock
call: Aweme!0x3e519f0 Aweme!0x3e51534@0x3e51534
call: Aweme!0x3e51544 Aweme!0x3e520e0@0x3e520e0
call: Aweme!0x3e518f4 Aweme!0x3e716f0@0x3e716f0
call: Aweme!0x3ecb6bc Aweme!0x3ecb9bc@0x3ecb9bc
call: Aweme!0x3ecb64c Aweme!0x3e5bd68@0x3e5bd68
call: Aweme!0x3e5bd80 Aweme!0x3e58b14@0x3e58b14
call: Aweme!0x3e58af4 Aweme!0x3e58a74@0x3e58a74
call: Aweme!0x3e58afc Aweme!0x775e78c@DYLD-STUB$$pthread_mutex_lock
call: Aweme!0x3e5bd8c Aweme!0x3e58b58@0x3e58b58
call: Aweme!0x3e58b3c Aweme!0x3e58a74@0x3e58a74
call: Aweme!0x3e58b44 Aweme!0x775e7a4@DYLD-STUB$$pthread_mutex_unlock
call: Aweme!0x3ecb654 Aweme!0x3ecb9dc@0x3ecb9dc
call: libc++abi.dylib!0xee0 libc++abi.dylib!0x10e54@DYLD-STUB$$malloc
call: libsystem_malloc.dylib!0x10160 libsystem_malloc.dylib!0xf6b8@malloc_zone_malloc
call: libsystem_malloc.dylib!0xf750 libsystem_malloc.dylib!0x11d64@default_zone_malloc
call: libsystem_malloc.dylib!0xecc libsystem_malloc.dylib!0xf20@nanov2_allocate$VARIANT$mp
call: libsystem_malloc.dylib!0xf98 libsystem_malloc.dylib!0x1b18@nanov2_allocate_from_block$VARIANT$mp
call: Aweme!0x3ecb660 Aweme!0x775e39c@DYLD-STUB$$objc_retainAutorelease
call: libobjc.A.dylib!0x218c4 libobjc.A.dylib!0x20010@objc_retain
call: CoreFoundation!0x6bec CoreFoundation!0xaae2c@_CFNonObjCRetain
call: Aweme!0x3ecb668 Aweme!0x3ecb9e4@0x3ecb9e4
call: CoreFoundation!0x6980 CoreFoundation!0xc7c40@__CFStringMtbl
call: CoreFoundation!0x69b4 CoreFoundation!0xcf3e4@CFStringGetCStringPtr
call: Aweme!0x3ecb674 Aweme!0x3eca930@0x3eca930
call: Aweme!0x3eca8d4 Aweme!0x3ecb180@0x3ecb180
call: Aweme!0x3eca8e8 Aweme!0x775dfd0@DYLD-STUB$$malloc
call: libsystem_malloc.dylib!0x10160 libsystem_malloc.dylib!0xf6b8@malloc_zone_malloc
call: libsystem_malloc.dylib!0xf750 libsystem_malloc.dylib!0x11d64@default_zone_malloc
call: libsystem_malloc.dylib!0xecc libsystem_malloc.dylib!0xf20@nanov2_allocate$VARIANT$mp
call: libsystem_malloc.dylib!0xf98 libsystem_malloc.dylib!0x1b18@nanov2_allocate_from_block$VARIANT$mp
call: Aweme!0x3eca8f4 Aweme!0x3ecb2a0@0x3ecb2a0
call: Aweme!0x3ecb678 Aweme!0x3ecb9dc@0x3ecb9dc
call: libc++abi.dylib!0xee0 libc++abi.dylib!0x10e54@DYLD-STUB$$malloc
call: libsystem_malloc.dylib!0x10160 libsystem_malloc.dylib!0xf6b8@malloc_zone_malloc
call: libsystem_malloc.dylib!0xf750 libsystem_malloc.dylib!0x11d64@default_zone_malloc
call: libsystem_malloc.dylib!0xecc libsystem_malloc.dylib!0xf20@nanov2_allocate$VARIANT$mp
call: libsystem_malloc.dylib!0xf98 libsystem_malloc.dylib!0x1b18@nanov2_allocate_from_block$VARIANT$mp
call: Aweme!0x3ecb68c Aweme!0x775e348@DYLD-STUB$$objc_msgSend
call: CoreFoundation!0x463c libobjc.A.dylib!0x2080@objc_msgSend
call: Aweme!0x3ecb690 Aweme!0x3ecb9c4@0x3ecb9c4
call: CoreFoundation!0x6bec CoreFoundation!0xaae2c@_CFNonObjCRetain
call: Aweme!0x3ecb694 Aweme!0x775e39c@DYLD-STUB$$objc_retainAutorelease
call: libobjc.A.dylib!0x218c4 libobjc.A.dylib!0x20010@objc_retain
call: CoreFoundation!0x6bec CoreFoundation!0xaae2c@_CFNonObjCRetain
call: Aweme!0x3ecb69c Aweme!0x3ecb9e4@0x3ecb9e4
call: CoreFoundation!0x6980 CoreFoundation!0xc7c40@__CFStringMtbl
call: CoreFoundation!0x69b4 CoreFoundation!0xcf3e4@CFStringGetCStringPtr
call: Aweme!0x3ecb6a8 Aweme!0x3eca930@0x3eca930
call: Aweme!0x3eca8d4 Aweme!0x3ecb180@0x3ecb180
call: Aweme!0x3eca8e8 Aweme!0x775dfd0@DYLD-STUB$$malloc
call: libsystem_malloc.dylib!0x10160 libsystem_malloc.dylib!0xf6b8@malloc_zone_malloc
call: libsystem_malloc.dylib!0xf750 libsystem_malloc.dylib!0x11d64@default_zone_malloc
call: libsystem_malloc.dylib!0xecc libsystem_malloc.dylib!0xf20@nanov2_allocate$VARIANT$mp
call: libsystem_malloc.dylib!0xf98 libsystem_malloc.dylib!0x1b18@nanov2_allocate_from_block$VARIANT$mp
call: Aweme!0x3eca8f4 Aweme!0x3ecb2a0@0x3ecb2a0
call: Aweme!0x3ecb6b8 Aweme!0x3e86920@0x3e86920
call: Aweme!0x3e8694c Aweme!0x3ed9ea8@0x3ed9ea8
call: Aweme!0x3e51de4 Aweme!0x3e5208c@0x3e5208c
call: Aweme!0x3e51dec Aweme!0x3e57ef4@0x3e57ef4
call: Aweme!0x3e51e10 Aweme!0x3e52080@0x3e52080
call: Aweme!0x3e51e30 Aweme!0x3e523fc@0x3e523fc
call: Aweme!0x3e51e3c Aweme!0x3e57ef4@0x3e57ef4
call: Aweme!0x3e8695c Aweme!0x3ed9ddc@0x3ed9ddc
call: Aweme!0x3e86970 Aweme!0x3e51f88@0x3e51f88
call: Aweme!0x3e86980 Aweme!0x3e868c8@0x3e868c8
call: Aweme!0x3e868e0 Aweme!0x775c5d8@DYLD-STUB$$operator new(unsigned long)
call: libc++abi.dylib!0xee0 libc++abi.dylib!0x10e54@DYLD-STUB$$malloc
call: libsystem_malloc.dylib!0x10160 libsystem_malloc.dylib!0xf6b8@malloc_zone_malloc
call: libsystem_malloc.dylib!0xf750 libsystem_malloc.dylib!0x11d64@default_zone_malloc
call: libsystem_malloc.dylib!0xecc libsystem_malloc.dylib!0xf20@nanov2_allocate$VARIANT$mp
call: libsystem_malloc.dylib!0xf98 libsystem_malloc.dylib!0x1b18@nanov2_allocate_from_block$VARIANT$mp
call: Aweme!0x3e86990 Aweme!0x3ed9e90@0x3ed9e90
call: Aweme!0x3e51828 Aweme!0x3e52134@0x3e52134
call: Aweme!0x3e51838 Aweme!0x3e5205c@0x3e5205c
call: Aweme!0x3e51844 Aweme!0x3e57ef4@0x3e57ef4
call: Aweme!0x3e51884 Aweme!0x3e52080@0x3e52080
call: Aweme!0x3e518e8 Aweme!0x3e51918@0x3e51918
call: Aweme!0x3e5195c Aweme!0x3e523fc@0x3e523fc
call: Aweme!0x3e51970 Aweme!0x3e523fc@0x3e523fc
call: Aweme!0x3e51974 Aweme!0x3e52044@0x3e52044
call: Aweme!0x3e519a0 Aweme!0x3e51ed8@0x3e51ed8
call: Aweme!0x3e51ee4 Aweme!0x3ea61ec@0x3ea61ec
call: libsystem_malloc.dylib!0x10160 libsystem_malloc.dylib!0xf6b8@malloc_zone_malloc
call: libsystem_malloc.dylib!0xf750 libsystem_malloc.dylib!0x11d64@default_zone_malloc
call: libsystem_malloc.dylib!0xecc libsystem_malloc.dylib!0xf20@nanov2_allocate$VARIANT$mp
call: libsystem_malloc.dylib!0xf98 libsystem_malloc.dylib!0x1b18@nanov2_allocate_from_block$VARIANT$mp
call: libsystem_malloc.dylib!0xff4 libsystem_platform.dylib!0x8cf8@DYLD-STUB$$os_unfair_lock_lock_with_options
call: libsystem_malloc.dylib!0x1008 libsystem_malloc.dylib!0x1b18@nanov2_allocate_from_block$VARIANT$mp
call: libsystem_malloc.dylib!0x1030 libsystem_malloc.dylib!0x1d18@nanov2_find_block_and_allocate$VARIANT$mp
call: libsystem_malloc.dylib!0x21a8 libsystem_malloc.dylib!0x1b18@nanov2_allocate_from_block$VARIANT$mp
call: libsystem_malloc.dylib!0x103c libsystem_platform.dylib!0x8d1c@DYLD-STUB$$os_unfair_lock_unlock
call: Aweme!0x3e519f0 Aweme!0x3e51534@0x3e51534
call: Aweme!0x3e51544 Aweme!0x3e520e0@0x3e520e0
call: Aweme!0x3e518f4 Aweme!0x3e716f0@0x3e716f0
call: Aweme!0x3ecb6bc Aweme!0x3ecb9bc@0x3ecb9bc
call: Aweme!0x3ecb6e0 Aweme!0x775e348@DYLD-STUB$$objc_msgSend
call: Aweme!0x3ecb6ec Aweme!0x3ecb9d4@0x3ecb9d4
call: Aweme!0x3ecb700 Aweme!0x3ed67d0@0x3ed67d0
call: Aweme!0x3ed67ec Aweme!0x3e58b14@0x3e58b14
call: Aweme!0x3e58af4 Aweme!0x3e58a74@0x3e58a74
call: Aweme!0x3e58afc Aweme!0x775e78c@DYLD-STUB$$pthread_mutex_lock
call: Aweme!0x3ed6814 Aweme!0x3e58b58@0x3e58b58
call: Aweme!0x3e58b3c Aweme!0x3e58a74@0x3e58a74
call: Aweme!0x3e58b44 Aweme!0x775e7a4@DYLD-STUB$$pthread_mutex_unlock
call: Aweme!0x3ecb70c Aweme!0x3eca540@0x3eca540
call: Aweme!0x3eca55c Aweme!0x3e58b14@0x3e58b14
call: Aweme!0x3e58af4 Aweme!0x3e58a74@0x3e58a74
call: Aweme!0x3e58afc Aweme!0x775e78c@DYLD-STUB$$pthread_mutex_lock
call: Aweme!0x3eca584 Aweme!0x3e58b58@0x3e58b58
call: Aweme!0x3e58b3c Aweme!0x3e58a74@0x3e58a74
call: Aweme!0x3e58b44 Aweme!0x775e7a4@DYLD-STUB$$pthread_mutex_unlock
call: Aweme!0x3ecb724 Aweme!0x3ec92dc@0x3ec92dc
call: Aweme!0x3ec9320 Aweme!0x775e804@DYLD-STUB$$pthread_rwlock_rdlock
call: Aweme!0x3ec933c Aweme!0x3ec9348@0x3ec9348
call: Aweme!0x3ec9374 Aweme!0x3ec9348@0x3ec9348
call: Aweme!0x3ec939c Aweme!0x3e808c8@0x3e808c8
call: Aweme!0x3e808e4 Aweme!0x3e58b14@0x3e58b14
call: Aweme!0x3e58af4 Aweme!0x3e58a74@0x3e58a74
call: Aweme!0x3e58afc Aweme!0x775e78c@DYLD-STUB$$pthread_mutex_lock
call: Aweme!0x3e808f0 Aweme!0x775c5d8@DYLD-STUB$$operator new(unsigned long)
call: libc++abi.dylib!0xee0 libc++abi.dylib!0x10e54@DYLD-STUB$$malloc
call: libsystem_malloc.dylib!0x10160 libsystem_malloc.dylib!0xf6b8@malloc_zone_malloc
call: libsystem_malloc.dylib!0xf750 libsystem_malloc.dylib!0x11d64@default_zone_malloc
call: libsystem_malloc.dylib!0xecc libsystem_malloc.dylib!0xf20@nanov2_allocate$VARIANT$mp
call: libsystem_malloc.dylib!0xf98 libsystem_malloc.dylib!0x1b18@nanov2_allocate_from_block$VARIANT$mp
call: Aweme!0x3e80904 Aweme!0x3e58b58@0x3e58b58
call: Aweme!0x3e58b3c Aweme!0x3e58a74@0x3e58a74
call: Aweme!0x3e58b44 Aweme!0x775e7a4@DYLD-STUB$$pthread_mutex_unlock
call: Aweme!0x3ec93a4 Aweme!0x3eca604@0x3eca604
call: Aweme!0x3ec91ec Aweme!0x3e58b14@0x3e58b14
call: Aweme!0x3e58af4 Aweme!0x3e58a74@0x3e58a74
call: Aweme!0x3e58afc Aweme!0x775e78c@DYLD-STUB$$pthread_mutex_lock
call: Aweme!0x3ec91f8 Aweme!0x3e58b58@0x3e58b58
call: Aweme!0x3e58b3c Aweme!0x3e58a74@0x3e58a74
call: Aweme!0x3e58b44 Aweme!0x775e7a4@DYLD-STUB$$pthread_mutex_unlock
call: Aweme!0x3ec93a8 Aweme!0x3e86fd4@0x3e86fd4
call: Aweme!0x3ec93b0 Aweme!0x3eca604@0x3eca604
call: Aweme!0x3ec91ec Aweme!0x3e58b14@0x3e58b14
call: Aweme!0x3e58af4 Aweme!0x3e58a74@0x3e58a74
call: Aweme!0x3e58afc Aweme!0x775e78c@DYLD-STUB$$pthread_mutex_lock
call: Aweme!0x3ec91f8 Aweme!0x3e58b58@0x3e58b58
call: Aweme!0x3e58b3c Aweme!0x3e58a74@0x3e58a74
call: Aweme!0x3e58b44 Aweme!0x775e7a4@DYLD-STUB$$pthread_mutex_unlock
call: Aweme!0x3ec93b4 Aweme!0x3e86fcc@0x3e86fcc
call: Aweme!0x3ec93c8 Aweme!0x3e51f88@0x3e51f88
call: Aweme!0x3ec93d0 Aweme!0x3eca604@0x3eca604
call: Aweme!0x3ec91ec Aweme!0x3e58b14@0x3e58b14
call: Aweme!0x3e58af4 Aweme!0x3e58a74@0x3e58a74
call: Aweme!0x3e58afc Aweme!0x775e78c@DYLD-STUB$$pthread_mutex_lock
call: Aweme!0x3ec91f8 Aweme!0x3e58b58@0x3e58b58
call: Aweme!0x3e58b3c Aweme!0x3e58a74@0x3e58a74
call: Aweme!0x3e58b44 Aweme!0x775e7a4@DYLD-STUB$$pthread_mutex_unlock
call: Aweme!0x3ec93d8 Aweme!0x3e86fdc@0x3e86fdc
call: Aweme!0x3e86fe8 Aweme!0x3e872b0@0x3e872b0
call: Aweme!0x3ec93f0 Aweme!0x3ed67d0@0x3ed67d0
call: Aweme!0x3ed67ec Aweme!0x3e58b14@0x3e58b14
call: Aweme!0x3e58af4 Aweme!0x3e58a74@0x3e58a74
call: Aweme!0x3e58afc Aweme!0x775e78c@DYLD-STUB$$pthread_mutex_lock
call: Aweme!0x3ed6814 Aweme!0x3e58b58@0x3e58b58
call: Aweme!0x3e58b3c Aweme!0x3e58a74@0x3e58a74
call: Aweme!0x3e58b44 Aweme!0x775e7a4@DYLD-STUB$$pthread_mutex_unlock
call: Aweme!0x3ec93fc Aweme!0x3eca540@0x3eca540
call: Aweme!0x3eca55c Aweme!0x3e58b14@0x3e58b14
call: Aweme!0x3e58af4 Aweme!0x3e58a74@0x3e58a74
call: Aweme!0x3e58afc Aweme!0x775e78c@DYLD-STUB$$pthread_mutex_lock
call: Aweme!0x3eca584 Aweme!0x3e58b58@0x3e58b58
call: Aweme!0x3e58b3c Aweme!0x3e58a74@0x3e58a74
call: Aweme!0x3e58b44 Aweme!0x775e7a4@DYLD-STUB$$pthread_mutex_unlock
call: Aweme!0x3ec9414 Aweme!0x3e5c1e8@0x3e5c1e8
call: Aweme!0x3e5c1ec Aweme!0x3e711ac@0x3e711ac
call: Aweme!0x3e5c220 Aweme!0x3e71318@0x3e71318
call: Aweme!0x3e5c3c0 Aweme!0x3e71318@0x3e71318
call: Aweme!0x3e5c3c8 Aweme!0x3e7118c@0x3e7118c
call: Aweme!0x3e5c3d0 Aweme!0x3e70f90@0x3e70f90
call: Aweme!0x3e5c478 Aweme!0x3e70db0@0x3e70db0
call: Aweme!0x3e5c480 Aweme!0x3e70db0@0x3e70db0
call: Aweme!0x3e5c488 Aweme!0x3e70db0@0x3e70db0
call: Aweme!0x3e5c490 Aweme!0x3e712e8@0x3e712e8
call: Aweme!0x3e5c4b4 Aweme!0x3e70db0@0x3e70db0
call: Aweme!0x3e5c4c0 Aweme!0x3e70db0@0x3e70db0
call: Aweme!0x3e5c4c8 Aweme!0x3e70db0@0x3e70db0
call: Aweme!0x3e5c4d0 Aweme!0x3e70db0@0x3e70db0
call: Aweme!0x3e5c4dc Aweme!0x3e70db0@0x3e70db0
call: Aweme!0x3e5c4e4 Aweme!0x3e70db0@0x3e70db0
call: Aweme!0x3e5c4ec Aweme!0x3e70db0@0x3e70db0
call: Aweme!0x3e5c4f4 Aweme!0x3e70db0@0x3e70db0
call: Aweme!0x3e5c514 Aweme!0x3e5c520@0x3e5c520
call: Aweme!0x3e5c54c Aweme!0x3e5c520@0x3e5c520
call: Aweme!0x3e5c56c Aweme!0x3e67688@0x3e67688
call: Aweme!0x3e5c570 Aweme!0x3e67728@0x3e67728
call: Aweme!0x3e67740 Aweme!0x3e58b14@0x3e58b14
call: Aweme!0x3e58af4 Aweme!0x3e58a74@0x3e58a74
call: Aweme!0x3e58afc Aweme!0x775e78c@DYLD-STUB$$pthread_mutex_lock
call: Aweme!0x3e6774c Aweme!0x3e58b58@0x3e58b58
call: Aweme!0x3e58b3c Aweme!0x3e58a74@0x3e58a74
call: Aweme!0x3e58b44 Aweme!0x775e7a4@DYLD-STUB$$pthread_mutex_unlock
call: Aweme!0x3e5c574 Aweme!0x3edb174@0x3edb174
call: Aweme!0x3edb194 Aweme!0x3edb1a4@0x3edb1a4
call: Aweme!0x3edb1e8 Aweme!0x3eda5fc@0x3eda5fc
call: Aweme!0x3edb200 Aweme!0x3edb20c@0x3edb20c
call: Aweme!0x3edb238 Aweme!0x3edb20c@0x3edb20c
call: Aweme!0x3e5c5a8 Aweme!0x3e5c5b8@0x3e5c5b8
call: Aweme!0x3e5c610 Aweme!0x3e5c61c@0x3e5c61c
call: Aweme!0x3e5c648 Aweme!0x3e5c61c@0x3e5c61c
call: Aweme!0x3e5c67c Aweme!0x3e70fd0@0x3e70fd0
call: Aweme!0x3e5c6d0 Aweme!0x3e71218@0x3e71218
call: Aweme!0x3e5c724 Aweme!0x3e70fc4@0x3e70fc4
call: Aweme!0x3e5c754 Aweme!0x3e93d80@0x3e93d80
call: Aweme!0x3e5c758 Aweme!0x3e67688@0x3e67688
call: Aweme!0x3e5c75c Aweme!0x3e67728@0x3e67728
call: Aweme!0x3e67740 Aweme!0x3e58b14@0x3e58b14
call: Aweme!0x3e58af4 Aweme!0x3e58a74@0x3e58a74
call: Aweme!0x3e58afc Aweme!0x775e78c@DYLD-STUB$$pthread_mutex_lock
call: Aweme!0x3e6774c Aweme!0x3e58b58@0x3e58b58
call: Aweme!0x3e58b3c Aweme!0x3e58a74@0x3e58a74
call: Aweme!0x3e58b44 Aweme!0x775e7a4@DYLD-STUB$$pthread_mutex_unlock
call: Aweme!0x3e5c760 Aweme!0x3edacbc@0x3edacbc
call: Aweme!0x3edad50 Aweme!0x3edad5c@0x3edad5c
call: Aweme!0x3edad88 Aweme!0x3edad5c@0x3edad5c
call: Aweme!0x3edadb0 Aweme!0x775b534@DYLD-STUB$$NSClassFromString
call: Foundation!0x111864 libobjc.A.dylib!0x2080@objc_msgSend
call: Foundation!0x111888 libobjc.A.dylib!0x2080@objc_msgSend
call: CoreFoundation!0x15944 CoreFoundation!0xecce0@CFStringConvertNSStringEncodingToEncoding
call: CoreFoundation!0x15998 CoreFoundation!0xcf77c@CFStringGetCString
call: CoreFoundation!0xcf8e8 CoreFoundation!0x18d1d8@DYLD-STUB$$memmove
call: Foundation!0x11189c Foundation!0x260f7c@DYLD-STUB$$strlen
call: Foundation!0x1118f0 libobjc.A.dylib!0x180f4@objc_lookUpClass
call: libobjc.A.dylib!0xd680 libobjc.A.dylib!0xc7c4@getClassExceptSomeSwift(char const*)
call: libobjc.A.dylib!0xc7d4 libobjc.A.dylib!0xc8d0@getClass_impl(char const*)
call: libobjc.A.dylib!0xc8f4 libobjc.A.dylib!0x38c0@_NXMapMember(_NXMapTable*, void const*, void**)
call: libobjc.A.dylib!0x38f0 libobjc.A.dylib!0x3494@_mapStrHash(_NXMapTable*, void const*)
call: libobjc.A.dylib!0x3924 libobjc.A.dylib!0x34f8@_mapStrIsEqual(_NXMapTable*, void const*, void const*)
call: libobjc.A.dylib!0x3528 libobjc.A.dylib!0x234d8@DYLD-STUB$$strcmp
call: Aweme!0x3e5c76c Aweme!0x3eca930@0x3eca930
call: Aweme!0x3eca8d4 Aweme!0x3ecb180@0x3ecb180
call: Aweme!0x3eca8e8 Aweme!0x775dfd0@DYLD-STUB$$malloc
call: libsystem_malloc.dylib!0x10160 libsystem_malloc.dylib!0xf6b8@malloc_zone_malloc
call: libsystem_malloc.dylib!0xf750 libsystem_malloc.dylib!0x11d64@default_zone_malloc
call: libsystem_malloc.dylib!0xecc libsystem_malloc.dylib!0xf20@nanov2_allocate$VARIANT$mp
call: libsystem_malloc.dylib!0xf98 libsystem_malloc.dylib!0x1b18@nanov2_allocate_from_block$VARIANT$mp
call: Aweme!0x3eca8f4 Aweme!0x3ecb2a0@0x3ecb2a0
call: Aweme!0x3e5c784 Aweme!0x3e57394@0x3e57394
call: Aweme!0x3e57374 Aweme!0x3e58964@0x3e58964
call: Aweme!0x3eca974 Aweme!0x775dfd0@DYLD-STUB$$malloc
call: libsystem_malloc.dylib!0x10160 libsystem_malloc.dylib!0xf6b8@malloc_zone_malloc
call: libsystem_malloc.dylib!0xf750 libsystem_malloc.dylib!0x11d64@default_zone_malloc
call: libsystem_malloc.dylib!0xecc libsystem_malloc.dylib!0xf20@nanov2_allocate$VARIANT$mp
call: libsystem_malloc.dylib!0xf98 libsystem_malloc.dylib!0x1b18@nanov2_allocate_from_block$VARIANT$mp
call: Aweme!0x3eca98c Aweme!0x775e078@DYLD-STUB$$memcpy
call: Aweme!0x3e57378 Aweme!0x3ea6110@0x3ea6110
call: Aweme!0x3ea612c Aweme!0x775d328@DYLD-STUB$$gettimeofday
call: libdy_1471Dylib.dylib!0x19a9c libsystem_c.dylib!0x10fe4@gettimeofday
call: libsystem_c.dylib!0x11010 libsystem_kernel.dylib!0x3850@__commpage_gettimeofday
call: libsystem_kernel.dylib!0x387c libsystem_kernel.dylib!0x29e0@mach_absolute_time
call: libdy_1471Dylib.dylib!0x19adc libdy_1471Dylib.dylib!0x3fee0@DYLD-STUB$$NSLog
call: Foundation!0x11c760 Foundation!0x11c6a4@_NSLogv.llvm.8911799957066696025
call: Foundation!0x11c6c0 CoreFoundation!0x137cfc@_CFAutoreleasePoolPush
call: CoreFoundation!0x137d08 libobjc.A.dylib!0x21428@objc_autoreleasePoolPush
call: Foundation!0x11c71c CoreFoundation!0x1186c4@_CFLogvEx3
call: CoreFoundation!0x118718 libsystem_trace.dylib!0x10818@os_log_shim_enabled
call: libsystem_trace.dylib!0x108a0 libdyld.dylib!0x57a4@dyld_image_header_containing_address
call: dyld!0xba38 dyld!0x52ec@dyld::addressInCache(void const*, mach_header const**, char const**, unsigned int*)
call: dyld!0xba4c dyld!0x30d4@dyld::findImageContainingAddress(void const*)
call: dyld!0xba5c dyld!0x1571c@ImageLoaderMachO::machHeader() const
call: libsystem_trace.dylib!0x108a8 libdyld.dylib!0x4c00@dyld_get_sdk_version
call: libdyld.dylib!0x109c4 libdyld.dylib!0x12db4@dyld3::log_apis(char const*, ...)
call: libdyld.dylib!0x10a28 libdyld.dylib!0x10894@dyld3::dyld_get_image_versions(mach_header const*, void (unsigned int, unsigned int, unsigned int) block_pointer)
call: libdyld.dylib!0x108b8 libdyld.dylib!0x9eac@Diagnostics::Diagnostics(bool)
call: libdyld.dylib!0x108bc libsystem_c.dylib!0x10f20@_NSGetMachExecuteHeader
call: libdyld.dylib!0x108cc libdyld.dylib!0x164b0@dyld3::MachOFile::inDyldCache() const
call: libdyld.dylib!0x10970 libdyld.dylib!0x15b48@dyld3::MachOFile::isMachO(Diagnostics&, unsigned long long) const
call: libdyld.dylib!0x15bdc libdyld.dylib!0x165d4@dyld3::MachOFile::forEachLoadCommand(Diagnostics&, void (load_command const*, bool&) block_pointer) const
call: libdyld.dylib!0x16670 libdyld.dylib!0x16840@invocation function for block in dyld3::MachOFile::isMachO(Diagnostics&, unsigned long long) const
call: libdyld.dylib!0x16670 libdyld.dylib!0x16840@invocation function for block in dyld3::MachOFile::isMachO(Diagnostics&, unsigned long long) const
call: libdyld.dylib!0x16670 libdyld.dylib!0x16840@invocation function for block in dyld3::MachOFile::isMachO(Diagnostics&, unsigned long long) const
call: libdyld.dylib!0x16670 libdyld.dylib!0x16840@invocation function for block in dyld3::MachOFile::isMachO(Diagnostics&, unsigned long long) const
call: libdyld.dylib!0x16670 libdyld.dylib!0x16840@invocation function for block in dyld3::MachOFile::isMachO(Diagnostics&, unsigned long long) const
call: libdyld.dylib!0x16670 libdyld.dylib!0x16840@invocation function for block in dyld3::MachOFile::isMachO(Diagnostics&, unsigned long long) const
call: libdyld.dylib!0x16670 libdyld.dylib!0x16840@invocation function for block in dyld3::MachOFile::isMachO(Diagnostics&, unsigned long long) const
call: libdyld.dylib!0x16670 libdyld.dylib!0x16840@invocation function for block in dyld3::MachOFile::isMachO(Diagnostics&, unsigned long long) const
call: libdyld.dylib!0x16670 libdyld.dylib!0x16840@invocation function for block in dyld3::MachOFile::isMachO(Diagnostics&, unsigned long long) const
call: libdyld.dylib!0x16670 libdyld.dylib!0x16840@invocation function for block in dyld3::MachOFile::isMachO(Diagnostics&, unsigned long long) const
call: libdyld.dylib!0x16670 libdyld.dylib!0x16840@invocation function for block in dyld3::MachOFile::isMachO(Diagnostics&, unsigned long long) const
call: libdyld.dylib!0x16670 libdyld.dylib!0x16840@invocation function for block in dyld3::MachOFile::isMachO(Diagnostics&, unsigned long long) const
call: libdyld.dylib!0x16670 libdyld.dylib!0x16840@invocation function for block in dyld3::MachOFile::isMachO(Diagnostics&, unsigned long long) const
call: libdyld.dylib!0x16670 libdyld.dylib!0x16840@invocation function for block in dyld3::MachOFile::isMachO(Diagnostics&, unsigned long long) const
call: libdyld.dylib!0x16670 libdyld.dylib!0x16840@invocation function for block in dyld3::MachOFile::isMachO(Diagnostics&, unsigned long long) const
call: libdyld.dylib!0x16670 libdyld.dylib!0x16840@invocation function for block in dyld3::MachOFile::isMachO(Diagnostics&, unsigned long long) const
call: libdyld.dylib!0x16670 libdyld.dylib!0x16840@invocation function for block in dyld3::MachOFile::isMachO(Diagnostics&, unsigned long long) const
call: libdyld.dylib!0x16670 libdyld.dylib!0x16840@invocation function for block in dyld3::MachOFile::isMachO(Diagnostics&, unsigned long long) const
call: libdyld.dylib!0x16670 libdyld.dylib!0x16840@invocation function for block in dyld3::MachOFile::isMachO(Diagnostics&, unsigned long long) const
call: libdyld.dylib!0x16670 libdyld.dylib!0x16840@invocation function for block in dyld3::MachOFile::isMachO(Diagnostics&, unsigned long long) const
call: libdyld.dylib!0x16670 libdyld.dylib!0x16840@invocation function for block in dyld3::MachOFile::isMachO(Diagnostics&, unsigned long long) const
call: libdyld.dylib!0x16670 libdyld.dylib!0x16840@invocation function for block in dyld3::MachOFile::isMachO(Diagnostics&, unsigned long long) const
call: libdyld.dylib!0x16670 libdyld.dylib!0x16840@invocation function for block in dyld3::MachOFile::isMachO(Diagnostics&, unsigned long long) const
call: libdyld.dylib!0x16670 libdyld.dylib!0x16840@invocation function for block in dyld3::MachOFile::isMachO(Diagnostics&, unsigned long long) const
call: libdyld.dylib!0x16670 libdyld.dylib!0x16840@invocation function for block in dyld3::MachOFile::isMachO(Diagnostics&, unsigned long long) const
call: libdyld.dylib!0x16670 libdyld.dylib!0x16840@invocation function for block in dyld3::MachOFile::isMachO(Diagnostics&, unsigned long long) const
call: libdyld.dylib!0x16670 libdyld.dylib!0x16840@invocation function for block in dyld3::MachOFile::isMachO(Diagnostics&, unsigned long long) const
call: libdyld.dylib!0x16670 libdyld.dylib!0x16840@invocation function for block in dyld3::MachOFile::isMachO(Diagnostics&, unsigned long long) const
call: libdyld.dylib!0x16670 libdyld.dylib!0x16840@invocation function for block in dyld3::MachOFile::isMachO(Diagnostics&, unsigned long long) const
call: libdyld.dylib!0x16670 libdyld.dylib!0x16840@invocation function for block in dyld3::MachOFile::isMachO(Diagnostics&, unsigned long long) const
call: libdyld.dylib!0x16670 libdyld.dylib!0x16840@invocation function for block in dyld3::MachOFile::isMachO(Diagnostics&, unsigned long long) const
call: libdyld.dylib!0x16670 libdyld.dylib!0x16840@invocation function for block in dyld3::MachOFile::isMachO(Diagnostics&, unsigned long long) const
call: libdyld.dylib!0x16670 libdyld.dylib!0x16840@invocation function for block in dyld3::MachOFile::isMachO(Diagnostics&, unsigned long long) const
call: libdyld.dylib!0x16670 libdyld.dylib!0x16840@invocation function for block in dyld3::MachOFile::isMachO(Diagnostics&, unsigned long long) const
call: libdyld.dylib!0x10980 libdyld.dylib!0x10e00@dyld3::dyld_get_image_versions_internal(mach_header const*, void (unsigned int, unsigned int, unsigned int) block_pointer)
call: libdyld.dylib!0x10e68 libdyld.dylib!0x16404@dyld3::MachOFile::forEachSupportedPlatform(void (dyld3::Platform, unsigned int, unsigned int) block_pointer) const
call: libdyld.dylib!0x16424 libdyld.dylib!0x9eac@Diagnostics::Diagnostics(bool)
call: libdyld.dylib!0x16464 libdyld.dylib!0x165d4@dyld3::MachOFile::forEachLoadCommand(Diagnostics&, void (load_command const*, bool&) block_pointer) const
call: libdyld.dylib!0x16670 libdyld.dylib!0x1670c@invocation function for block in dyld3::MachOFile::forEachSupportedPlatform(void (dyld3::Platform, unsigned int, unsigned int) block_pointer) const
call: libdyld.dylib!0x16670 libdyld.dylib!0x1670c@invocation function for block in dyld3::MachOFile::forEachSupportedPlatform(void (dyld3::Platform, unsigned int, unsigned int) block_pointer) const
call: libdyld.dylib!0x16670 libdyld.dylib!0x1670c@invocation function for block in dyld3::MachOFile::forEachSupportedPlatform(void (dyld3::Platform, unsigned int, unsigned int) block_pointer) const
call: libdyld.dylib!0x16670 libdyld.dylib!0x1670c@invocation function for block in dyld3::MachOFile::forEachSupportedPlatform(void (dyld3::Platform, unsigned int, unsigned int) block_pointer) const
call: libdyld.dylib!0x16670 libdyld.dylib!0x1670c@invocation function for block in dyld3::MachOFile::forEachSupportedPlatform(void (dyld3::Platform, unsigned int, unsigned int) block_pointer) const
call: libdyld.dylib!0x16670 libdyld.dylib!0x1670c@invocation function for block in dyld3::MachOFile::forEachSupportedPlatform(void (dyld3::Platform, unsigned int, unsigned int) block_pointer) const
call: libdyld.dylib!0x16670 libdyld.dylib!0x1670c@invocation function for block in dyld3::MachOFile::forEachSupportedPlatform(void (dyld3::Platform, unsigned int, unsigned int) block_pointer) const
call: libdyld.dylib!0x16670 libdyld.dylib!0x1670c@invocation function for block in dyld3::MachOFile::forEachSupportedPlatform(void (dyld3::Platform, unsigned int, unsigned int) block_pointer) const
call: libdyld.dylib!0x16670 libdyld.dylib!0x1670c@invocation function for block in dyld3::MachOFile::forEachSupportedPlatform(void (dyld3::Platform, unsigned int, unsigned int) block_pointer) const
call: libdyld.dylib!0x10a8c libdyld.dylib!0x4cf8@dyld_get_active_platform
call: libdyld.dylib!0x4d1c libdyld.dylib!0x4db0@_dyld_get_all_image_infos
call: libdyld.dylib!0x4d2c libdyld.dylib!0x4db0@_dyld_get_all_image_infos
call: libdyld.dylib!0x16670 libdyld.dylib!0x1670c@invocation function for block in dyld3::MachOFile::forEachSupportedPlatform(void (dyld3::Platform, unsigned int, unsigned int) block_pointer) const
call: libdyld.dylib!0x16670 libdyld.dylib!0x1670c@invocation function for block in dyld3::MachOFile::forEachSupportedPlatform(void (dyld3::Platform, unsigned int, unsigned int) block_pointer) const
call: libdyld.dylib!0x16670 libdyld.dylib!0x1670c@invocation function for block in dyld3::MachOFile::forEachSupportedPlatform(void (dyld3::Platform, unsigned int, unsigned int) block_pointer) const
call: libdyld.dylib!0x16670 libdyld.dylib!0x1670c@invocation function for block in dyld3::MachOFile::forEachSupportedPlatform(void (dyld3::Platform, unsigned int, unsigned int) block_pointer) const
call: libdyld.dylib!0x16670 libdyld.dylib!0x1670c@invocation function for block in dyld3::MachOFile::forEachSupportedPlatform(void (dyld3::Platform, unsigned int, unsigned int) block_pointer) const
call: libdyld.dylib!0x16670 libdyld.dylib!0x1670c@invocation function for block in dyld3::MachOFile::forEachSupportedPlatform(void (dyld3::Platform, unsigned int, unsigned int) block_pointer) const
call: libdyld.dylib!0x16670 libdyld.dylib!0x1670c@invocation function for block in dyld3::MachOFile::forEachSupportedPlatform(void (dyld3::Platform, unsigned int, unsigned int) block_pointer) const
call: libdyld.dylib!0x16670 libdyld.dylib!0x1670c@invocation function for block in dyld3::MachOFile::forEachSupportedPlatform(void (dyld3::Platform, unsigned int, unsigned int) block_pointer) const
call: libdyld.dylib!0x16670 libdyld.dylib!0x1670c@invocation function for block in dyld3::MachOFile::forEachSupportedPlatform(void (dyld3::Platform, unsigned int, unsigned int) block_pointer) const
call: libdyld.dylib!0x16670 libdyld.dylib!0x1670c@invocation function for block in dyld3::MachOFile::forEachSupportedPlatform(void (dyld3::Platform, unsigned int, unsigned int) block_pointer) const
call: libdyld.dylib!0x16670 libdyld.dylib!0x1670c@invocation function for block in dyld3::MachOFile::forEachSupportedPlatform(void (dyld3::Platform, unsigned int, unsigned int) block_pointer) const
call: libdyld.dylib!0x16670 libdyld.dylib!0x1670c@invocation function for block in dyld3::MachOFile::forEachSupportedPlatform(void (dyld3::Platform, unsigned int, unsigned int) block_pointer) const
call: libdyld.dylib!0x16670 libdyld.dylib!0x1670c@invocation function for block in dyld3::MachOFile::forEachSupportedPlatform(void (dyld3::Platform, unsigned int, unsigned int) block_pointer) const
call: libdyld.dylib!0x16670 libdyld.dylib!0x1670c@invocation function for block in dyld3::MachOFile::forEachSupportedPlatform(void (dyld3::Platform, unsigned int, unsigned int) block_pointer) const
call: libdyld.dylib!0x16670 libdyld.dylib!0x1670c@invocation function for block in dyld3::MachOFile::forEachSupportedPlatform(void (dyld3::Platform, unsigned int, unsigned int) block_pointer) const
call: libdyld.dylib!0x16670 libdyld.dylib!0x1670c@invocation function for block in dyld3::MachOFile::forEachSupportedPlatform(void (dyld3::Platform, unsigned int, unsigned int) block_pointer) const
call: libdyld.dylib!0x16670 libdyld.dylib!0x1670c@invocation function for block in dyld3::MachOFile::forEachSupportedPlatform(void (dyld3::Platform, unsigned int, unsigned int) block_pointer) const
call: libdyld.dylib!0x16670 libdyld.dylib!0x1670c@invocation function for block in dyld3::MachOFile::forEachSupportedPlatform(void (dyld3::Platform, unsigned int, unsigned int) block_pointer) const
call: libdyld.dylib!0x16670 libdyld.dylib!0x1670c@invocation function for block in dyld3::MachOFile::forEachSupportedPlatform(void (dyld3::Platform, unsigned int, unsigned int) block_pointer) const
call: libdyld.dylib!0x16670 libdyld.dylib!0x1670c@invocation function for block in dyld3::MachOFile::forEachSupportedPlatform(void (dyld3::Platform, unsigned int, unsigned int) block_pointer) const
call: libdyld.dylib!0x16670 libdyld.dylib!0x1670c@invocation function for block in dyld3::MachOFile::forEachSupportedPlatform(void (dyld3::Platform, unsigned int, unsigned int) block_pointer) const
call: libdyld.dylib!0x16670 libdyld.dylib!0x1670c@invocation function for block in dyld3::MachOFile::forEachSupportedPlatform(void (dyld3::Platform, unsigned int, unsigned int) block_pointer) const
call: libdyld.dylib!0x16670 libdyld.dylib!0x1670c@invocation function for block in dyld3::MachOFile::forEachSupportedPlatform(void (dyld3::Platform, unsigned int, unsigned int) block_pointer) const
call: libdyld.dylib!0x16670 libdyld.dylib!0x1670c@invocation function for block in dyld3::MachOFile::forEachSupportedPlatform(void (dyld3::Platform, unsigned int, unsigned int) block_pointer) const
call: libdyld.dylib!0x16670 libdyld.dylib!0x1670c@invocation function for block in dyld3::MachOFile::forEachSupportedPlatform(void (dyld3::Platform, unsigned int, unsigned int) block_pointer) const
call: libdyld.dylib!0x1646c libdyld.dylib!0x9fb0@Diagnostics::assertNoError() const
call: libdyld.dylib!0x16474 libdyld.dylib!0x9ee0@Diagnostics::~Diagnostics()
call: libdyld.dylib!0x10ea4 libsystem_blocks.dylib!0xd68@_Block_object_dispose
call: libdyld.dylib!0x10948 libdyld.dylib!0x9ee0@Diagnostics::~Diagnostics()
call: libdyld.dylib!0x10a3c libsystem_blocks.dylib!0xd68@_Block_object_dispose
call: libdyld.dylib!0x10a48 libsystem_blocks.dylib!0xd68@_Block_object_dispose
call: CoreFoundation!0x118724 CoreFoundation!0x9080c@_CFGetTSD
call: CoreFoundation!0x90760 CoreFoundation!0x907a8@__CFTSDGetTable
call: CoreFoundation!0x118740 CoreFoundation!0x90814@_CFSetTSD
call: CoreFoundation!0x90840 CoreFoundation!0x907a8@__CFTSDGetTable
call: CoreFoundation!0x118778 libsystem_trace.dylib!0x10b74@os_log_shim_with_CFString
call: libsystem_trace.dylib!0x10bc0 libobjc.A.dylib!0x2080@objc_msgSend
call: libsystem_trace.dylib!0x1095c libsystem_kernel.dylib!0x3f44@__error
call: libsystem_trace.dylib!0x10970 libsystem_trace.dylib!0xd458@os_log_type_enabled
call: libsystem_trace.dylib!0xd51c libsystem_trace.dylib!0x144f8@DYLD-STUB$$voucher_get_activity_id
call: libsystem_trace.dylib!0x1097c libdyld.dylib!0x57a4@dyld_image_header_containing_address
call: dyld!0xba38 dyld!0x52ec@dyld::addressInCache(void const*, mach_header const**, char const**, unsigned int*)
call: dyld!0xba4c dyld!0x30d4@dyld::findImageContainingAddress(void const*)
call: dyld!0xba5c dyld!0x1571c@ImageLoaderMachO::machHeader() const
call: libsystem_trace.dylib!0x109f0 libdyld.dylib!0x57a4@dyld_image_header_containing_address
call: dyld!0xba38 dyld!0x52ec@dyld::addressInCache(void const*, mach_header const**, char const**, unsigned int*)
call: dyld!0xba4c dyld!0x30d4@dyld::findImageContainingAddress(void const*)
call: dyld!0xba5c dyld!0x1571c@ImageLoaderMachO::machHeader() const
call: libsystem_trace.dylib!0x10a08 libsystem_trace.dylib!0x13fc4@DYLD-STUB$$getsegmentdata
call: libmacho.dylib!0x29a4 libmacho.dylib!0x599c@DYLD-STUB$$strcmp
call: libmacho.dylib!0x29c0 libmacho.dylib!0x59a8@DYLD-STUB$$strncmp
call: libsystem_trace.dylib!0x10a24 libsystem_trace.dylib!0x14330@DYLD-STUB$$strlen
call: libsystem_trace.dylib!0x10a70 libsystem_trace.dylib!0x8484@os_log_fmt_encode
call: libsystem_trace.dylib!0x84ec libsystem_platform.dylib!0x7ea0@_platform_strnlen
call: libsystem_trace.dylib!0x853c libsystem_trace.dylib!0x142f4@DYLD-STUB$$strchr
call: libsystem_trace.dylib!0x8630 libsystem_trace.dylib!0x7e3c@os_log_fmt_delimit
call: libsystem_trace.dylib!0x8bc4 libsystem_trace.dylib!0x140b4@DYLD-STUB$$memcpy
call: libsystem_trace.dylib!0x8bf8 libsystem_trace.dylib!0x142f4@DYLD-STUB$$strchr
call: libsystem_trace.dylib!0x10a9c libsystem_trace.dylib!0xdaa4@_os_log_impl_flatten_and_send
call: libsystem_trace.dylib!0xdad0 libsystem_pthread.dylib!0xe770@___chkstk_darwin
call: libsystem_trace.dylib!0xdc6c libsystem_trace.dylib!0x140b4@DYLD-STUB$$memcpy
call: libsystem_trace.dylib!0xe9dc libsystem_kernel.dylib!0x780@mach_continuous_time
call: libsystem_kernel.dylib!0x7b8 libsystem_kernel.dylib!0x20bc@_mach_continuous_time
call: libsystem_kernel.dylib!0x20e8 libsystem_kernel.dylib!0x29e0@mach_absolute_time
call: libsystem_trace.dylib!0xf258 libsystem_trace.dylib!0x144c8@DYLD-STUB$$voucher_activity_trace_v
call: libdispatch.dylib!0x23bb8 libdispatch.dylib!0x682ec@DYLD-STUB$$memcpy
call: libdispatch.dylib!0x23bb8 libdispatch.dylib!0x682ec@DYLD-STUB$$memcpy
call: libsystem_trace.dylib!0xf28c libsystem_trace.dylib!0x144f8@DYLD-STUB$$voucher_get_activity_id
call: CoreFoundation!0x118788 CoreFoundation!0x90814@_CFSetTSD
call: CoreFoundation!0x90840 CoreFoundation!0x907a8@__CFTSDGetTable
call: CoreFoundation!0x118790 CoreFoundation!0x118850@also_do_stderr
call: CoreFoundation!0x118878 libsystem_kernel.dylib!0x23fd8@__getpid
call: CoreFoundation!0x11888c libsystem_kernel.dylib!0x4328@proc_pidinfo
call: libsystem_kernel.dylib!0x434c libsystem_kernel.dylib!0x24b74@__proc_info
call: CoreFoundation!0x1188a8 CoreFoundation!0xaa570@__CFgetenv
call: CoreFoundation!0xaa59c CoreFoundation!0x18d91c@DYLD-STUB$$strcmp
call: CoreFoundation!0xaa59c CoreFoundation!0x18d91c@DYLD-STUB$$strcmp
call: CoreFoundation!0xaa59c CoreFoundation!0x18d91c@DYLD-STUB$$strcmp
call: CoreFoundation!0xaa59c CoreFoundation!0x18d91c@DYLD-STUB$$strcmp
call: CoreFoundation!0xaa59c CoreFoundation!0x18d91c@DYLD-STUB$$strcmp
call: CoreFoundation!0xaa59c CoreFoundation!0x18d91c@DYLD-STUB$$strcmp
call: CoreFoundation!0xaa59c CoreFoundation!0x18d91c@DYLD-STUB$$strcmp
call: CoreFoundation!0xaa59c CoreFoundation!0x18d91c@DYLD-STUB$$strcmp
call: CoreFoundation!0xaa59c CoreFoundation!0x18d91c@DYLD-STUB$$strcmp
call: CoreFoundation!0xaa59c CoreFoundation!0x18d91c@DYLD-STUB$$strcmp
call: CoreFoundation!0xaa59c CoreFoundation!0x18d91c@DYLD-STUB$$strcmp
call: CoreFoundation!0xaa59c CoreFoundation!0x18d91c@DYLD-STUB$$strcmp
call: CoreFoundation!0xaa59c CoreFoundation!0x18d91c@DYLD-STUB$$strcmp
call: CoreFoundation!0xaa59c CoreFoundation!0x18d91c@DYLD-STUB$$strcmp
call: libsystem_c.dylib!0x54a84 libsystem_platform.dylib!0x8cf8@DYLD-STUB$$os_unfair_lock_lock_with_options
call: libsystem_c.dylib!0x54a88 libsystem_c.dylib!0x10f08@_NSGetEnviron
call: libsystem_c.dylib!0x54a98 libsystem_c.dylib!0x54938@__findenv_locked
call: libsystem_c.dylib!0x54aa4 libsystem_platform.dylib!0x8d1c@DYLD-STUB$$os_unfair_lock_unlock
call: CoreFoundation!0x1188b0 CoreFoundation!0xac2c4@__CFProcessIsRestricted
call: CoreFoundation!0xac2cc libsystem_kernel.dylib!0x2694c@issetugid
call: CoreFoundation!0x11895c CoreFoundation!0xaa570@__CFgetenv
call: CoreFoundation!0xaa59c CoreFoundation!0x18d91c@DYLD-STUB$$strcmp
call: CoreFoundation!0xaa59c CoreFoundation!0x18d91c@DYLD-STUB$$strcmp
call: CoreFoundation!0xaa59c CoreFoundation!0x18d91c@DYLD-STUB$$strcmp
call: CoreFoundation!0xaa59c CoreFoundation!0x18d91c@DYLD-STUB$$strcmp
call: CoreFoundation!0xaa59c CoreFoundation!0x18d91c@DYLD-STUB$$strcmp
call: CoreFoundation!0xaa59c CoreFoundation!0x18d91c@DYLD-STUB$$strcmp
call: CoreFoundation!0xaa59c CoreFoundation!0x18d91c@DYLD-STUB$$strcmp
call: CoreFoundation!0xaa59c CoreFoundation!0x18d91c@DYLD-STUB$$strcmp
call: CoreFoundation!0xaa59c CoreFoundation!0x18d91c@DYLD-STUB$$strcmp
call: CoreFoundation!0xaa59c CoreFoundation!0x18d91c@DYLD-STUB$$strcmp
call: CoreFoundation!0xaa59c CoreFoundation!0x18d91c@DYLD-STUB$$strcmp
call: CoreFoundation!0xaa59c CoreFoundation!0x18d91c@DYLD-STUB$$strcmp
call: CoreFoundation!0xaa59c CoreFoundation!0x18d91c@DYLD-STUB$$strcmp
call: CoreFoundation!0xaa59c CoreFoundation!0x18d91c@DYLD-STUB$$strcmp
call: libsystem_c.dylib!0x54a84 libsystem_platform.dylib!0x8cf8@DYLD-STUB$$os_unfair_lock_lock_with_options
call: libsystem_c.dylib!0x54a88 libsystem_c.dylib!0x10f08@_NSGetEnviron
call: libsystem_c.dylib!0x54a98 libsystem_c.dylib!0x54938@__findenv_locked
call: libsystem_c.dylib!0x54aa4 libsystem_platform.dylib!0x8d1c@DYLD-STUB$$os_unfair_lock_unlock
call: CoreFoundation!0x1188c0 CoreFoundation!0x18ced8@DYLD-STUB$$fstat
call: CoreFoundation!0x1187b8 CoreFoundation!0x1184d0@_CFLogvEx2Predicate
call: CoreFoundation!0x118524 CoreFoundation!0x9080c@_CFGetTSD
call: CoreFoundation!0x90760 CoreFoundation!0x907a8@__CFTSDGetTable
call: CoreFoundation!0x118540 CoreFoundation!0x90814@_CFSetTSD
call: CoreFoundation!0x90840 CoreFoundation!0x907a8@__CFTSDGetTable
call: CoreFoundation!0x118568 CoreFoundation!0xcd7e4@_CFStringCreateWithFormatAndArgumentsAux2
call: CoreFoundation!0xcd838 CoreFoundation!0xca194@CFStringCreateMutable
call: CoreFoundation!0xca1dc CoreFoundation!0xaa82c@_CFRuntimeCreateInstance
call: CoreFoundation!0xaa964 CoreFoundation!0x49294@__CFAllocatorRespectsHintZeroWhenAllocating
call: CoreFoundation!0xaa978 CoreFoundation!0x48ef8@CFAllocatorAllocate
call: CoreFoundation!0x4940c CoreFoundation!0x18d154@DYLD-STUB$$malloc_default_zone
call: libsystem_malloc.dylib!0xf924 libsystem_malloc.dylib!0x11dcc@default_zone_calloc
call: libsystem_malloc.dylib!0x1480 libsystem_malloc.dylib!0xf20@nanov2_allocate$VARIANT$mp
call: libsystem_malloc.dylib!0xf98 libsystem_malloc.dylib!0x1b18@nanov2_allocate_from_block$VARIANT$mp
call: libsystem_malloc.dylib!0x1054 libsystem_platform.dylib!0x8130@_platform_memset
call: CoreFoundation!0xaaa6c libobjc.A.dylib!0x4840@object_setClass
call: CoreFoundation!0xcd878 CoreFoundation!0xca2f0@__CFStringAppendFormatCore
call: CoreFoundation!0xca320 libsystem_pthread.dylib!0xe770@___chkstk_darwin
call: CoreFoundation!0xca388 CoreFoundation!0x167f8c@_CFStringGetFormatSpecifierConfiguration
call: CoreFoundation!0x167fb4 libobjc.A.dylib!0x21398@objc_opt_respondsToSelector
call: libobjc.A.dylib!0x1a54 libobjc.A.dylib!0x2080@objc_msgSend
call: libobjc.A.dylib!0x52cc libobjc.A.dylib!0x14250@lookUpImpOrForward
call: libobjc.A.dylib!0x1428c libobjc.A.dylib!0x24c0@cache_getImp
call: CoreFoundation!0xca48c CoreFoundation!0xce774@CFStringGetLength
call: CoreFoundation!0xca82c CoreFoundation!0x9080c@_CFGetTSD
