AwemeModuleBase:0x10676b4f0
arg1 https://search3-search-lf.amemv.com/aweme/v1/search/item/?caid1=0803bffc8815b9f02c08f48f95c1008c&tma_jssdk_version=2.1.0.2&minor_status=0&ac=WIFI&appTheme=dark&is_vcd=1&keyword=%E7%8E%8B%E4%B8%80%E5%8D%9A&video_cover_shrink=372_496&enter_from=homepage_hot&sort_type=0&backtrace=M7U2PfbCPC7qlX46ow2D73foIbuD7zG%2BTODCT48wHI74oC1dlQVm4omXMt%2BkHUSKjMf5EJvWyjt3jVKDb%2FBylQ%3D%3D&count=12&is_filter_search=0&user_avatar_shrink=64_64&source=video_search&query_correct_type=1&rs_word_count=5&offset=0&search_source=normal_search&publish_time=0&hot_search=0&aid=1128&app_name=aweme&app_version=14.8.0&build_number=148013&cdid=FEDA96DE-E849-4E15-99C9-66CD61F50ADD&channel=App%20Store&device_id=4169787388733342&device_platform=iphone&device_type=iPhone9,1&idfa=322127EF-8E4E-48E9-98E0-99ACBDC85525&iid=2955926580500413&js_sdk_version=1.99.0.3&mcc_mnc=&openudid=a4cb7b4ade7c5e8e6c90cf8f892aafe6c64c73d1&os_api=18&os_version=13.3.1&screen_width=750&version_code=14.8.0&vid=25AD3C98-7CA5-4B2E-9B39-9BAEFC31BBD2
arg2 {
    "User-Agent" = "Aweme 14.8.0 rv:148013 (iPhone; iOS 13.3.1; zh_CN) Cronet";
    "x-common-params-v2" = "aid=1128&app_name=aweme&app_version=14.8.0&build_number=148013&cdid=FEDA96DE-E849-4E15-99C9-66CD61F50ADD&channel=App%20Store&device_id=4169787388733342&device_platform=iphone&device_type=iPhone9,1&idfa=322127EF-8E4E-48E9-98E0-99ACBDC85525&iid=2955926580500413&js_sdk_version=1.99.0.3&mcc_mnc=&openudid=a4cb7b4ade7c5e8e6c90cf8f892aafe6c64c73d1&os_api=18&os_version=13.3.1&screen_width=750&version_code=14.8.0&vid=25AD3C98-7CA5-4B2E-9B39-9BAEFC31BBD2";
    "x-tt-token" = "003c4774314c4f83d0177a0ae886f5a6f50056cb8fc53fa60c3b0bf88596c762fc922f46798e27276d911e99fde0203a46a8df6837c3279998eaaccf63df5e59c34fb9458bd8d9b17fd1ecf392c2a6fc08649f8411f4295761fc95f3fe46affde27ce-1.0.1";
}
call Aweme!0x3e86f74
,	Aweme!0x3e86f74 this.args0 0x28007c420             0  1  2  3  4  5  6  7  8  9  A  B  C  D  E  F  0123456789ABCDEF
28007c420  00 00 00 00 00 00 00 00 1d 01 30 34 42 46 32 33  ..........04BF23
28007c430  33 30 35 44 42 35 37 33 37 34 45 45 45 38 38 45  305DB57374EEE88E
28007c440  00 4c 46 64 64 2b 49 3d 00 00 00 00 00 00 00 00  .LFdd+I=........
28007c450  00 00 00 00 00 00 00 00 00 00 00 00 00 00 00 00  ................
28007c460  00 00 00 00 00 00 00 00 00 00 00 00 00 00 00 00  ................
28007c470  00 00 00 00 00 00 00 00 00 00 00 00 00 00 00 00  ................
28007c480  f0 f0 a9 e5 01 00 00 00 02 00 00 c1 00 00 00 00  ................
28007c490  a0 9d 52 9d 01 00 00 00 80 5f aa da 01 00 00 00  ..R......_......
28007c4a0  9f b3 29 7f fd ff ff ff 8d 11 5d d5 01 00 00 00  ..).......].....
28007c4b0  19 18 aa e5 a1 01 00 00 8c 07 00 00 01 00 00 00  ................
28007c4c0  11 42 44 44 6f 77 6e 6c 6f 61 64 4d 61 6e 61 67  .BDDownloadManag
28007c4d0  65 72 00 00 00 00 00 00 00 00 00 00 00 00 00 00  er..............
28007c4e0  19 18 aa e5 a1 01 00 00 8c 07 00 00 01 00 00 00  ................
28007c4f0  1c 4e 53 4f 70 65 72 61 74 69 6f 6e 51 75 65 75  .NSOperationQueu
28007c500  65 20 30 78 31 32 31 63 34 63 66 64 30 00 00 00  e 0x121c4cfd0...
28007c510  a9 ad aa e5 a1 c1 00 00 18 bf ed 0b 01 00 00 00  ................
28007c520  38 93 45 9d 01 00 00 00 14 87 46 9d 01 00 00 00  8.E.......F.....
28007c530  00 00 00 00 00 00 00 00 00 00 00 00 00 00 00 00  ................
28007c540  69 b1 aa e5 a1 05 00 00 88 b9 aa e5 01 00 00 00  i...............
28007c550  70 c5 07 80 02 00 00 00 00 00 00 00 00 00 00 00  p...............
28007c560  00 00 00 00 00 00 00 00 80 00 00 00 00 00 00 00  ................
28007c570  59 b2 aa e5 a1 21 00 00 10 c5 07 80 02 00 00 00  Y....!..........
28007c580  60 a6 ab da 01 00 00 00 f0 45 e2 80 02 00 00 00  `........E......
28007c590  01 00 00 00 00 00 00 00 00 00 00 00 00 00 00 00  ................
28007c5a0  a0 c5 f9 5f 5a 0c 00 00 26 00 60 00 00 00 00 00  ..._Z...&.`.....
28007c5b0  1b 6c 69 73 74 5b 5d 5b 68 65 61 64 65 72 5d 5b  .list[][header][
28007c5c0  65 76 65 6e 74 2d 63 6f 75 6e 74 5d 00 00 00 00  event-count]....
28007c5d0  59 b2 aa e5 a1 21 00 00 10 c5 07 80 02 00 00 00  Y....!..........
28007c5e0  80 a6 ab da 01 00 00 00 a0 45 e2 80 02 00 00 00  .........E......
28007c5f0  01 00 00 00 00 00 00 00 00 00 00 00 00 00 00 00  ................
28007c600  00 c6 f9 5f 5a 0c 00 00 1f 00 60 00 00 00 00 00  ..._Z.....`.....
28007c610  1c 6c 69 73 74 5b 5d 5b 68 65 61 64 65 72 5d 5b  .list[][header][
28007c620  64 69 73 70 6c 61 79 5f 6e 61 6d 65 5d 00 00 00  display_name]...
28007c630  30 c6 f9 5f 5a 0c 00 00 f8 00 60 00 00 00 00 00  0.._Z.....`.....
28007c640  13 63 68 61 6e 6e 65 6c 3d 41 70 70 25 32 30 53  .channel=App%20S
28007c650  74 6f 72 65 00 00 00 00 00 00 00 00 00 00 00 00  tore............
28007c660  60 c6 f9 5f 5a 0c 00 00 10 00 60 00 00 00 00 00  `.._Z.....`.....
28007c670  18 6c 69 73 74 5b 5d 5b 68 65 61 64 65 72 5d 5b  .list[][header][
28007c680  6c 61 6e 67 75 61 67 65 5d 00 00 00 00 00 00 00  language].......
28007c690  69 b1 aa e5 a1 05 00 00 88 b9 aa e5 01 00 00 00  i...............
28007c6a0  c0 c6 07 80 02 00 00 00 00 00 00 00 00 00 00 00  ................
28007c6b0  00 00 00 00 00 00 00 00 80 00 00 00 00 00 00 00  ................
28007c6c0  59 b2 aa e5 a1 21 00 00 10 c5 07 80 02 00 00 00  Y....!..........
28007c6d0  a0 a6 ab da 01 00 00 00 60 46 e2 80 02 00 00 00  ........`F......
28007c6e0  01 00 00 00 00 00 00 00 00 00 00 00 00 00 00 00  ................
28007c6f0  f0 c6 f9 5f 5a 0c 00 00 23 00 60 00 00 00 00 00  ..._Z...#.`.....
28007c700  1a 6c 69 73 74 5b 5d 5b 68 65 61 64 65 72 5d 5b  .list[][header][
28007c710  69 6e 73 74 61 6c 6c 5f 69 64 5d 00 00 00 00 00  install_id].....
28007c720  59 b2 aa e5 a1 21 00 00 10 c5 07 80 02 00 00 00  Y....!..........
28007c730  c0 a6 ab da 01 00 00 00 10 46 e2 80 02 00 00 00  .........F......
28007c740  01 00 00 00 00 00 00 00 00 00 00 00 00 00 00 00  ................
28007c750  9d 4d 02 0c a1 01 00 00 6a 5f 63 3e b0 dd 8f 80  .M......j_c>....
28007c760  00 00 00 00 00 00 00 00 00 89 8a 82 02 00 00 00  ................
28007c770  00 00 00 00 00 00 00 00 00 00 00 00 00 00 00 00  ................
28007c780  80 c7 f9 5f 5a 0c 00 00 e0 00 60 00 00 00 00 00  ..._Z.....`.....
28007c790  17 6c 69 73 74 5b 5d 5b 68 65 61 64 65 72 5d 5b  .list[][header][
28007c7a0  63 68 61 6e 6e 65 6c 5d 00 00 00 00 00 00 00 00  channel]........
28007c7b0  b0 c7 f9 5f 5a 0c 00 00 4d 00 60 00 00 00 00 00  ..._Z...M.`.....
28007c7c0  19 6c 69 73 74 5b 5d 5b 68 65 61 64 65 72 5d 5b  .list[][header][
28007c7d0  64 65 76 69 63 65 5f 69 64 5d 00 00 00 00 00 00  device_id]......
28007c7e0  69 b1 aa e5 a1 05 00 00 88 b9 aa e5 01 00 00 00  i...............
28007c7f0  10 c8 07 80 02 00 00 00 00 00 00 00 00 00 00 00  ................
28007c800  00 00 00 00 00 00 00 00 80 00 00 00 00 00 00 00  ................
28007c810  59 b2 aa e5 a1 21 00 00 10 c5 07 80 02 00 00 00  Y....!..........

,	Aweme!0x3e86f74 this.args1 0x16f7888d0 0x16f7888d0

,	Aweme!0x3e86f74 this.args2 0x2 0x2

,	Aweme!0x3e86f74 this.args3 0x280e247b5             0  1  2  3  4  5  6  7  8  9  A  B  C  D  E  F  0123456789ABCDEF
280e247b5  00 00 00 9b 03 00 00 45 4b 41 57 00 00 00 00 01  .......EKAW.....
280e247c5  00 00 00 00 00 00 00 00 00 00 00 00 00 00 00 00  ................
280e247d5  00 01 00 00 00 00 00 00 00 00 00 00 00 00 00 01  ................
280e247e5  00 00 00 00 00 00 00 00 00 00 00 e9 17 01 0c a1  ................
280e247f5  05 00 00 00 00 00 00 00 00 00 00 74 62 2d 39 35  ...........tb-95
280e24805  2d 39 31 00 01 01 83 02 00 00 00 02 00 00 00 00  -91.............
280e24815  00 00 00 68 32 00 00 00 00 00 00 01 00 00 00 01  ...h2...........
280e24825  00 00 00 9e 00 00 82 02 00 00 00 00 00 00 00 01  ................
280e24835  00 00 00 00 00 00 00 00 00 00 00 40 48 1c 5f 5a  ...........@H._Z
280e24845  0c 00 00 e2 01 9f 81 02 00 00 00 00 00 00 00 01  ................
280e24855  00 00 00 00 00 00 00 00 00 00 00 00 00 00 00 01  ................
280e24865  00 00 00 00 00 00 00 00 00 00 00 00 00 00 00 01  ................
280e24875  00 00 00 00 00 00 00 00 00 00 00 40 4b fe 82 02  ...........@K...
280e24885  00 00 00 90 4b fe 82 02 00 00 00 00 00 00 00 01  ....K...........
280e24895  00 00 00 00 00 00 00 00 00 00 00 80 4a 01 80 02  ............J...
280e248a5  00 00 00 00 00 00 00 00 00 00 00 00 00 00 00 01  ................
280e248b5  00 00 00 00 00 00 00 00 00 00 00 c0 48 1c 5f 5a  ............H._Z
280e248c5  0c 00 00 98 03 00 00 00 00 00 00 8d 39 03 0c a1  ............9...
280e248d5  01 00 00 38 95 74 0a 01 00 00 00 00 01 03 01 03  ...8.t..........
280e248e5  01 03 01 03 04 e2 80 02 00 00 00 20 48 d3 0f 01  ........... H...
280e248f5  00 00 00 20 bd e2 80 02 00 00 00 a0 63 d6 80 02  ... ........c...
280e24905  00 00 00 00 00 00 00 00 00 00 00 00 00 00 00 01  ................
280e24915  00 00 00 00 00 00 00 00 00 00 00 00 00 00 00 00  ................
280e24925  00 00 00 90 00 50 0a 01 00 00 00 2d 8f fe 0b a1  .....P.....-....
280e24935  01 00 00 00 8e 0f 10 01 00 00 00 00 00 00 00 01  ................
280e24945  00 00 00 00 00 00 00 00 00 00 00 07 19 a1 ef e6  ................
280e24955  b3 8f 80 00 00 00 00 00 00 00 00 5c bc 61 dd b2  ...........\.a..
280e24965  de 8f 90 6c bc 61 dd b2 de 8f 90 05 e4 71 34 3e  ...l.a.......q4>
280e24975  66 95 80 b0 f3 a4 da 01 00 00 00 61 1b aa e5 a1  f..........a....
280e24985  01 00 00 1d 5a 67 dd b2 de 8f 80 05 e4 71 34 3e  ....Zg.......q4>
280e24995  66 95 80 00 00 00 00 00 00 00 00 1d 5a 67 dd b2  f...........Zg..
280e249a5  de 8f 80 00 00 00 00 00 00 00 00 b0 f3 a4 da 01  ................
280e249b5  00 00 00 00 00 00 00 00 00 00 00 00 01 02 83 02  ................
280e249c5  00 00 00 00 00 00 00 00 00 00 00 00 00 00 00 00  ................
280e249d5  00 00 00 7b 00 43 81 02 00 00 00 00 00 00 00 01  ...{.C..........
280e249e5  00 00 00 00 00 00 00 00 00 00 00 c0 66 c5 21 01  ............f.!.
280e249f5  00 00 00 f0 48 e2 80 02 00 00 00 00 69 c5 21 01  ....H.......i.!.
280e24a05  00 00 00 f0 49 e2 80 02 00 00 00 10 6a c5 21 01  ....I.......j.!.
280e24a15  00 00 00 00 4a e2 80 02 00 00 00 20 6b c5 21 01  ....J...... k.!.
280e24a25  00 00 00 10 4a e2 80 02 00 00 00 00 00 00 00 01  ....J...........
280e24a35  00 00 00 00 00 00 00 00 00 00 00 00 00 00 00 00  ................
280e24a45  00 00 00 74 02 00 00 45 4b 41 57 55 49 41 70 70  ...t...EKAWUIApp
280e24a55  65 61 72 61 6e 63 65 41 6e 79 00 50 c7 e5 83 02  earanceAny.P....
280e24a65  00 00 00 00 00 00 00 00 00 00 00 70 4a 1c 5f 5a  ...........pJ._Z
280e24a75  0c 00 00 c1 00 6c 6f 61 64 22 00 02 00 05 00 a8  .....load"......
280e24a85  53 55 00 b5 00 87 82 02 00 00 00 89 4c b2 e5 a1  SU..........L...
280e24a95  01 00 00 00 00 00 00 00 00 00 00 04 00 00 00 00  ................
280e24aa5  00 00 00 af 01 d4 80 02 00 00 00 00 00 00 00 00  ................
280e24ab5  00 00 00 16 00 00 00 00 00 00 00 80 4a 01 80 02  ............J...
280e24ac5  00 00 00 00 00 00 00 00 00 00 00 70 94 de 0f 01  ...........p....
280e24ad5  00 00 00 00 00 00 00 00 00 00 00 19 02 76 e3 a1  .............v..
280e24ae5  05 00 00 b0 cb b3 83 02 00 00 00 01 00 00 00 01  ................
280e24af5  00 00 00 c6 00 00 00 da d4 8f 80 f0 1e 74 e3 01  .............t..
280e24b05  00 00 00 01 00 00 00 00 00 00 00 00 00 00 00 00  ................
280e24b15  00 01 00 00 00 00 00 00 00 00 00 4c 52 46 43 4c  ...........LRFCL
280e24b25  52 46 43 00 00 00 00 45 4b 41 57 40 7a d6 80 02  RFC....EKAW@z...
280e24b35  00 00 00 00 00 00 00 00 00 00 00 8d 39 03 0c a1  ............9...
280e24b45  21 00 00 38 2b 73 0a 01 00 00 00 50 4b 1c 5f 5a  !..8+s.....PK._Z
280e24b55  0c 00 00 08 00 63 6f 6e 22 00 00 61 1b aa e5 a1  .....con"..a....
280e24b65  01 00 00 80 29 7d 81 02 00 00 00 00 00 00 00 00  ....)}..........
280e24b75  00 00 00 0b 02 05 83 02 00 00 00 00 00 00 00 00  ................
280e24b85  00 01 00 00 00 00 00 00 00 00 00 1d 76 fa 0b a1  ............v...
280e24b95  01 00 00 90 59 e2 80 02 00 00 00 01 00 00 00 00  ....Y...........
280e24ba5  00 00 00 ce 01 00 00 00 00 00 00 89 4c b2 e5 a1  ............L...

,	Aweme!0x3e86f74 this.args4 0x9cdd4d65 0x9cdd4d65

,	Aweme!0x3e86f74 this.args0 onLeave 0x28007c420             0  1  2  3  4  5  6  7  8  9  A  B  C  D  E  F  0123456789ABCDEF
28007c420  68 8a 43 0a 01 00 00 00 94 7d 72 06 01 00 00 00  h.C......}r.....
28007c430  00 00 00 00 00 00 00 00 d0 31 75 06 01 00 00 00  .........1u.....
28007c440  40 f5 07 80 02 00 00 00 00 00 00 00 00 00 00 00  @...............
28007c450  00 00 00 00 00 00 00 00 00 00 00 00 00 00 00 00  ................
28007c460  00 00 00 00 00 00 00 00 00 00 00 00 00 00 00 00  ................
28007c470  00 00 00 00 00 00 00 00 00 00 00 00 00 00 00 00  ................
28007c480  f0 f0 a9 e5 01 00 00 00 02 00 00 c1 00 00 00 00  ................
28007c490  a0 9d 52 9d 01 00 00 00 80 5f aa da 01 00 00 00  ..R......_......
28007c4a0  9f b3 29 7f fd ff ff ff 8d 11 5d d5 01 00 00 00  ..).......].....
28007c4b0  19 18 aa e5 a1 01 00 00 8c 07 00 00 01 00 00 00  ................
28007c4c0  11 42 44 44 6f 77 6e 6c 6f 61 64 4d 61 6e 61 67  .BDDownloadManag
28007c4d0  65 72 00 00 00 00 00 00 00 00 00 00 00 00 00 00  er..............
28007c4e0  19 18 aa e5 a1 01 00 00 8c 07 00 00 01 00 00 00  ................
28007c4f0  1c 4e 53 4f 70 65 72 61 74 69 6f 6e 51 75 65 75  .NSOperationQueu
28007c500  65 20 30 78 31 32 31 63 34 63 66 64 30 00 00 00  e 0x121c4cfd0...
28007c510  a9 ad aa e5 a1 c1 00 00 18 bf ed 0b 01 00 00 00  ................
28007c520  38 93 45 9d 01 00 00 00 14 87 46 9d 01 00 00 00  8.E.......F.....
28007c530  00 00 00 00 00 00 00 00 00 00 00 00 00 00 00 00  ................
28007c540  69 b1 aa e5 a1 05 00 00 88 b9 aa e5 01 00 00 00  i...............
28007c550  70 c5 07 80 02 00 00 00 00 00 00 00 00 00 00 00  p...............
28007c560  00 00 00 00 00 00 00 00 80 00 00 00 00 00 00 00  ................
28007c570  59 b2 aa e5 a1 21 00 00 10 c5 07 80 02 00 00 00  Y....!..........
28007c580  60 a6 ab da 01 00 00 00 f0 45 e2 80 02 00 00 00  `........E......
28007c590  01 00 00 00 00 00 00 00 00 00 00 00 00 00 00 00  ................
28007c5a0  a0 c5 f9 5f 5a 0c 00 00 26 00 60 00 00 00 00 00  ..._Z...&.`.....
28007c5b0  1b 6c 69 73 74 5b 5d 5b 68 65 61 64 65 72 5d 5b  .list[][header][
28007c5c0  65 76 65 6e 74 2d 63 6f 75 6e 74 5d 00 00 00 00  event-count]....
28007c5d0  59 b2 aa e5 a1 21 00 00 10 c5 07 80 02 00 00 00  Y....!..........
28007c5e0  80 a6 ab da 01 00 00 00 a0 45 e2 80 02 00 00 00  .........E......
28007c5f0  01 00 00 00 00 00 00 00 00 00 00 00 00 00 00 00  ................
28007c600  00 c6 f9 5f 5a 0c 00 00 1f 00 60 00 00 00 00 00  ..._Z.....`.....
28007c610  1c 6c 69 73 74 5b 5d 5b 68 65 61 64 65 72 5d 5b  .list[][header][
28007c620  64 69 73 70 6c 61 79 5f 6e 61 6d 65 5d 00 00 00  display_name]...
28007c630  30 c6 f9 5f 5a 0c 00 00 f8 00 60 00 00 00 00 00  0.._Z.....`.....
28007c640  13 63 68 61 6e 6e 65 6c 3d 41 70 70 25 32 30 53  .channel=App%20S
28007c650  74 6f 72 65 00 00 00 00 00 00 00 00 00 00 00 00  tore............
28007c660  60 c6 f9 5f 5a 0c 00 00 10 00 60 00 00 00 00 00  `.._Z.....`.....
28007c670  18 6c 69 73 74 5b 5d 5b 68 65 61 64 65 72 5d 5b  .list[][header][
28007c680  6c 61 6e 67 75 61 67 65 5d 00 00 00 00 00 00 00  language].......
28007c690  69 b1 aa e5 a1 05 00 00 88 b9 aa e5 01 00 00 00  i...............
28007c6a0  c0 c6 07 80 02 00 00 00 00 00 00 00 00 00 00 00  ................
28007c6b0  00 00 00 00 00 00 00 00 80 00 00 00 00 00 00 00  ................
28007c6c0  59 b2 aa e5 a1 21 00 00 10 c5 07 80 02 00 00 00  Y....!..........
28007c6d0  a0 a6 ab da 01 00 00 00 60 46 e2 80 02 00 00 00  ........`F......
28007c6e0  01 00 00 00 00 00 00 00 00 00 00 00 00 00 00 00  ................
28007c6f0  f0 c6 f9 5f 5a 0c 00 00 23 00 60 00 00 00 00 00  ..._Z...#.`.....
28007c700  1a 6c 69 73 74 5b 5d 5b 68 65 61 64 65 72 5d 5b  .list[][header][
28007c710  69 6e 73 74 61 6c 6c 5f 69 64 5d 00 00 00 00 00  install_id].....
28007c720  59 b2 aa e5 a1 21 00 00 10 c5 07 80 02 00 00 00  Y....!..........
28007c730  c0 a6 ab da 01 00 00 00 10 46 e2 80 02 00 00 00  .........F......
28007c740  01 00 00 00 00 00 00 00 00 00 00 00 00 00 00 00  ................
28007c750  9d 4d 02 0c a1 01 00 00 6a 5f 63 3e b0 dd 8f 80  .M......j_c>....
28007c760  00 00 00 00 00 00 00 00 00 89 8a 82 02 00 00 00  ................
28007c770  00 00 00 00 00 00 00 00 00 00 00 00 00 00 00 00  ................
28007c780  80 c7 f9 5f 5a 0c 00 00 e0 00 60 00 00 00 00 00  ..._Z.....`.....
28007c790  17 6c 69 73 74 5b 5d 5b 68 65 61 64 65 72 5d 5b  .list[][header][
28007c7a0  63 68 61 6e 6e 65 6c 5d 00 00 00 00 00 00 00 00  channel]........
28007c7b0  b0 c7 f9 5f 5a 0c 00 00 4d 00 60 00 00 00 00 00  ..._Z...M.`.....
28007c7c0  19 6c 69 73 74 5b 5d 5b 68 65 61 64 65 72 5d 5b  .list[][header][
28007c7d0  64 65 76 69 63 65 5f 69 64 5d 00 00 00 00 00 00  device_id]......
28007c7e0  69 b1 aa e5 a1 05 00 00 88 b9 aa e5 01 00 00 00  i...............
28007c7f0  10 c8 07 80 02 00 00 00 00 00 00 00 00 00 00 00  ................
28007c800  00 00 00 00 00 00 00 00 80 00 00 00 00 00 00 00  ................
28007c810  59 b2 aa e5 a1 21 00 00 10 c5 07 80 02 00 00 00  Y....!..........

,	Aweme!0x3e86f74 this.args1 onLeave 0x16f7888d0 0x16f7888d0

,	Aweme!0x3e86f74 this.args2 onLeave 0x2 0x2

,	Aweme!0x3e86f74 this.args3 onLeave 0x280e247b5             0  1  2  3  4  5  6  7  8  9  A  B  C  D  E  F  0123456789ABCDEF
280e247b5  00 00 00 9b 03 00 00 45 4b 41 57 00 00 00 00 01  .......EKAW.....
280e247c5  00 00 00 00 00 00 00 00 00 00 00 00 00 00 00 00  ................
280e247d5  00 01 00 00 00 00 00 00 00 00 00 00 00 00 00 01  ................
280e247e5  00 00 00 00 00 00 00 00 00 00 00 e9 17 01 0c a1  ................
280e247f5  05 00 00 00 00 00 00 00 00 00 00 74 62 2d 39 35  ...........tb-95
280e24805  2d 39 31 00 01 01 83 02 00 00 00 02 00 00 00 00  -91.............
280e24815  00 00 00 68 32 00 00 00 00 00 00 01 00 00 00 01  ...h2...........
280e24825  00 00 00 9e 00 00 82 02 00 00 00 00 00 00 00 01  ................
280e24835  00 00 00 00 00 00 00 00 00 00 00 40 48 1c 5f 5a  ...........@H._Z
280e24845  0c 00 00 e2 01 9f 81 02 00 00 00 00 00 00 00 01  ................
280e24855  00 00 00 00 00 00 00 00 00 00 00 00 00 00 00 01  ................
280e24865  00 00 00 00 00 00 00 00 00 00 00 00 00 00 00 01  ................
280e24875  00 00 00 00 00 00 00 00 00 00 00 40 4b fe 82 02  ...........@K...
280e24885  00 00 00 90 4b fe 82 02 00 00 00 00 00 00 00 01  ....K...........
280e24895  00 00 00 00 00 00 00 00 00 00 00 80 4a 01 80 02  ............J...
280e248a5  00 00 00 00 00 00 00 00 00 00 00 00 00 00 00 01  ................
280e248b5  00 00 00 00 00 00 00 00 00 00 00 c0 48 1c 5f 5a  ............H._Z
280e248c5  0c 00 00 98 03 00 00 00 00 00 00 8d 39 03 0c a1  ............9...
280e248d5  01 00 00 38 95 74 0a 01 00 00 00 00 01 03 01 03  ...8.t..........
280e248e5  01 03 01 03 04 e2 80 02 00 00 00 20 48 d3 0f 01  ........... H...
280e248f5  00 00 00 20 bd e2 80 02 00 00 00 a0 63 d6 80 02  ... ........c...
280e24905  00 00 00 00 00 00 00 00 00 00 00 00 00 00 00 01  ................
280e24915  00 00 00 00 00 00 00 00 00 00 00 00 00 00 00 00  ................
280e24925  00 00 00 90 00 50 0a 01 00 00 00 2d 8f fe 0b a1  .....P.....-....
280e24935  01 00 00 00 8e 0f 10 01 00 00 00 00 00 00 00 01  ................
280e24945  00 00 00 00 00 00 00 00 00 00 00 07 19 a1 ef e6  ................
280e24955  b3 8f 80 00 00 00 00 00 00 00 00 5c bc 61 dd b2  ...........\.a..
280e24965  de 8f 90 6c bc 61 dd b2 de 8f 90 05 e4 71 34 3e  ...l.a.......q4>
280e24975  66 95 80 b0 f3 a4 da 01 00 00 00 61 1b aa e5 a1  f..........a....
280e24985  01 00 00 1d 5a 67 dd b2 de 8f 80 05 e4 71 34 3e  ....Zg.......q4>
280e24995  66 95 80 00 00 00 00 00 00 00 00 1d 5a 67 dd b2  f...........Zg..
280e249a5  de 8f 80 00 00 00 00 00 00 00 00 b0 f3 a4 da 01  ................
280e249b5  00 00 00 00 00 00 00 00 00 00 00 00 01 02 83 02  ................
280e249c5  00 00 00 00 00 00 00 00 00 00 00 00 00 00 00 00  ................
280e249d5  00 00 00 7b 00 43 81 02 00 00 00 00 00 00 00 01  ...{.C..........
280e249e5  00 00 00 00 00 00 00 00 00 00 00 c0 66 c5 21 01  ............f.!.
280e249f5  00 00 00 f0 48 e2 80 02 00 00 00 00 69 c5 21 01  ....H.......i.!.
280e24a05  00 00 00 f0 49 e2 80 02 00 00 00 10 6a c5 21 01  ....I.......j.!.
280e24a15  00 00 00 00 4a e2 80 02 00 00 00 20 6b c5 21 01  ....J...... k.!.
280e24a25  00 00 00 10 4a e2 80 02 00 00 00 00 00 00 00 01  ....J...........
280e24a35  00 00 00 00 00 00 00 00 00 00 00 00 00 00 00 00  ................
280e24a45  00 00 00 74 02 00 00 45 4b 41 57 55 49 41 70 70  ...t...EKAWUIApp
280e24a55  65 61 72 61 6e 63 65 41 6e 79 00 50 c7 e5 83 02  earanceAny.P....
280e24a65  00 00 00 00 00 00 00 00 00 00 00 70 4a 1c 5f 5a  ...........pJ._Z
280e24a75  0c 00 00 c1 00 6c 6f 61 64 22 00 02 00 05 00 a8  .....load"......
280e24a85  53 55 00 b5 00 87 82 02 00 00 00 89 4c b2 e5 a1  SU..........L...
280e24a95  01 00 00 00 00 00 00 00 00 00 00 04 00 00 00 00  ................
280e24aa5  00 00 00 af 01 d4 80 02 00 00 00 00 00 00 00 00  ................
280e24ab5  00 00 00 16 00 00 00 00 00 00 00 80 4a 01 80 02  ............J...
280e24ac5  00 00 00 00 00 00 00 00 00 00 00 70 94 de 0f 01  ...........p....
280e24ad5  00 00 00 00 00 00 00 00 00 00 00 19 02 76 e3 a1  .............v..
280e24ae5  05 00 00 b0 cb b3 83 02 00 00 00 01 00 00 00 01  ................
280e24af5  00 00 00 c6 00 00 00 da d4 8f 80 f0 1e 74 e3 01  .............t..
280e24b05  00 00 00 01 00 00 00 00 00 00 00 00 00 00 00 00  ................
280e24b15  00 01 00 00 00 00 00 00 00 00 00 4c 52 46 43 4c  ...........LRFCL
280e24b25  52 46 43 00 00 00 00 45 4b 41 57 40 7a d6 80 02  RFC....EKAW@z...
280e24b35  00 00 00 00 00 00 00 00 00 00 00 8d 39 03 0c a1  ............9...
280e24b45  21 00 00 38 2b 73 0a 01 00 00 00 50 4b 1c 5f 5a  !..8+s.....PK._Z
280e24b55  0c 00 00 08 00 63 6f 6e 22 00 00 61 1b aa e5 a1  .....con"..a....
280e24b65  01 00 00 80 29 7d 81 02 00 00 00 00 00 00 00 00  ....)}..........
280e24b75  00 00 00 0b 02 05 83 02 00 00 00 00 00 00 00 00  ................
280e24b85  00 01 00 00 00 00 00 00 00 00 00 1d 76 fa 0b a1  ............v...
280e24b95  01 00 00 90 59 e2 80 02 00 00 00 01 00 00 00 00  ....Y...........
280e24ba5  00 00 00 ce 01 00 00 00 00 00 00 89 4c b2 e5 a1  ............L...

,	Aweme!0x3e86f74 this.args4 onLeave 0x9cdd4d65 0x9cdd4d65

,retval onLeave: 0x28007c420             0  1  2  3  4  5  6  7  8  9  A  B  C  D  E  F  0123456789ABCDEF
28007c420  68 8a 43 0a 01 00 00 00 94 7d 72 06 01 00 00 00  h.C......}r.....
28007c430  00 00 00 00 00 00 00 00 d0 31 75 06 01 00 00 00  .........1u.....
28007c440  40 f5 07 80 02 00 00 00 00 00 00 00 00 00 00 00  @...............
28007c450  00 00 00 00 00 00 00 00 00 00 00 00 00 00 00 00  ................
28007c460  00 00 00 00 00 00 00 00 00 00 00 00 00 00 00 00  ................
28007c470  00 00 00 00 00 00 00 00 00 00 00 00 00 00 00 00  ................
28007c480  f0 f0 a9 e5 01 00 00 00 02 00 00 c1 00 00 00 00  ................
28007c490  a0 9d 52 9d 01 00 00 00 80 5f aa da 01 00 00 00  ..R......_......
28007c4a0  9f b3 29 7f fd ff ff ff 8d 11 5d d5 01 00 00 00  ..).......].....
28007c4b0  19 18 aa e5 a1 01 00 00 8c 07 00 00 01 00 00 00  ................
28007c4c0  11 42 44 44 6f 77 6e 6c 6f 61 64 4d 61 6e 61 67  .BDDownloadManag
28007c4d0  65 72 00 00 00 00 00 00 00 00 00 00 00 00 00 00  er..............
28007c4e0  19 18 aa e5 a1 01 00 00 8c 07 00 00 01 00 00 00  ................
28007c4f0  1c 4e 53 4f 70 65 72 61 74 69 6f 6e 51 75 65 75  .NSOperationQueu
28007c500  65 20 30 78 31 32 31 63 34 63 66 64 30 00 00 00  e 0x121c4cfd0...
28007c510  a9 ad aa e5 a1 c1 00 00 18 bf ed 0b 01 00 00 00  ................
28007c520  38 93 45 9d 01 00 00 00 14 87 46 9d 01 00 00 00  8.E.......F.....
28007c530  00 00 00 00 00 00 00 00 00 00 00 00 00 00 00 00  ................
28007c540  69 b1 aa e5 a1 05 00 00 88 b9 aa e5 01 00 00 00  i...............
28007c550  70 c5 07 80 02 00 00 00 00 00 00 00 00 00 00 00  p...............
28007c560  00 00 00 00 00 00 00 00 80 00 00 00 00 00 00 00  ................
28007c570  59 b2 aa e5 a1 21 00 00 10 c5 07 80 02 00 00 00  Y....!..........
28007c580  60 a6 ab da 01 00 00 00 f0 45 e2 80 02 00 00 00  `........E......
28007c590  01 00 00 00 00 00 00 00 00 00 00 00 00 00 00 00  ................
28007c5a0  a0 c5 f9 5f 5a 0c 00 00 26 00 60 00 00 00 00 00  ..._Z...&.`.....
28007c5b0  1b 6c 69 73 74 5b 5d 5b 68 65 61 64 65 72 5d 5b  .list[][header][
28007c5c0  65 76 65 6e 74 2d 63 6f 75 6e 74 5d 00 00 00 00  event-count]....
28007c5d0  59 b2 aa e5 a1 21 00 00 10 c5 07 80 02 00 00 00  Y....!..........
28007c5e0  80 a6 ab da 01 00 00 00 a0 45 e2 80 02 00 00 00  .........E......
28007c5f0  01 00 00 00 00 00 00 00 00 00 00 00 00 00 00 00  ................
28007c600  00 c6 f9 5f 5a 0c 00 00 1f 00 60 00 00 00 00 00  ..._Z.....`.....
28007c610  1c 6c 69 73 74 5b 5d 5b 68 65 61 64 65 72 5d 5b  .list[][header][
28007c620  64 69 73 70 6c 61 79 5f 6e 61 6d 65 5d 00 00 00  display_name]...
28007c630  30 c6 f9 5f 5a 0c 00 00 f8 00 60 00 00 00 00 00  0.._Z.....`.....
28007c640  13 63 68 61 6e 6e 65 6c 3d 41 70 70 25 32 30 53  .channel=App%20S
28007c650  74 6f 72 65 00 00 00 00 00 00 00 00 00 00 00 00  tore............
28007c660  60 c6 f9 5f 5a 0c 00 00 10 00 60 00 00 00 00 00  `.._Z.....`.....
28007c670  18 6c 69 73 74 5b 5d 5b 68 65 61 64 65 72 5d 5b  .list[][header][
28007c680  6c 61 6e 67 75 61 67 65 5d 00 00 00 00 00 00 00  language].......
28007c690  69 b1 aa e5 a1 05 00 00 88 b9 aa e5 01 00 00 00  i...............
28007c6a0  c0 c6 07 80 02 00 00 00 00 00 00 00 00 00 00 00  ................
28007c6b0  00 00 00 00 00 00 00 00 80 00 00 00 00 00 00 00  ................
28007c6c0  59 b2 aa e5 a1 21 00 00 10 c5 07 80 02 00 00 00  Y....!..........
28007c6d0  a0 a6 ab da 01 00 00 00 60 46 e2 80 02 00 00 00  ........`F......
28007c6e0  01 00 00 00 00 00 00 00 00 00 00 00 00 00 00 00  ................
28007c6f0  f0 c6 f9 5f 5a 0c 00 00 23 00 60 00 00 00 00 00  ..._Z...#.`.....
28007c700  1a 6c 69 73 74 5b 5d 5b 68 65 61 64 65 72 5d 5b  .list[][header][
28007c710  69 6e 73 74 61 6c 6c 5f 69 64 5d 00 00 00 00 00  install_id].....
28007c720  59 b2 aa e5 a1 21 00 00 10 c5 07 80 02 00 00 00  Y....!..........
28007c730  c0 a6 ab da 01 00 00 00 10 46 e2 80 02 00 00 00  .........F......
28007c740  01 00 00 00 00 00 00 00 00 00 00 00 00 00 00 00  ................
28007c750  9d 4d 02 0c a1 01 00 00 6a 5f 63 3e b0 dd 8f 80  .M......j_c>....
28007c760  00 00 00 00 00 00 00 00 00 89 8a 82 02 00 00 00  ................
28007c770  00 00 00 00 00 00 00 00 00 00 00 00 00 00 00 00  ................
28007c780  80 c7 f9 5f 5a 0c 00 00 e0 00 60 00 00 00 00 00  ..._Z.....`.....
28007c790  17 6c 69 73 74 5b 5d 5b 68 65 61 64 65 72 5d 5b  .list[][header][
28007c7a0  63 68 61 6e 6e 65 6c 5d 00 00 00 00 00 00 00 00  channel]........
28007c7b0  b0 c7 f9 5f 5a 0c 00 00 4d 00 60 00 00 00 00 00  ..._Z...M.`.....
28007c7c0  19 6c 69 73 74 5b 5d 5b 68 65 61 64 65 72 5d 5b  .list[][header][
28007c7d0  64 65 76 69 63 65 5f 69 64 5d 00 00 00 00 00 00  device_id]......
28007c7e0  69 b1 aa e5 a1 05 00 00 88 b9 aa e5 01 00 00 00  i...............
28007c7f0  10 c8 07 80 02 00 00 00 00 00 00 00 00 00 00 00  ................
28007c800  00 00 00 00 00 00 00 00 80 00 00 00 00 00 00 00  ................
28007c810  59 b2 aa e5 a1 21 00 00 10 c5 07 80 02 00 00 00  Y....!..........

call Aweme!0x3e86f74
,	Aweme!0x3e86f74 this.args0 0x28007d170             0  1  2  3  4  5  6  7  8  9  A  B  C  D  E  F  0123456789ABCDEF
28007d170  00 00 00 00 00 00 00 00 03 00 60 00 00 00 00 00  ..........`.....
28007d180  80 84 20 82 02 00 00 00 1f 00 00 00 00 00 00 00  .. .............
28007d190  80 00 00 00 00 00 00 00 80 07 00 00 00 00 00 00  ................
28007d1a0  a0 d1 f9 5f 5a 0c 00 00 8f 00 00 00 00 00 00 00  ..._Z...........
28007d1b0  00 00 00 00 00 00 00 00 00 00 00 00 00 00 00 00  ................
28007d1c0  02 00 00 00 00 00 00 00 00 00 00 00 00 00 00 00  ................
28007d1d0  00 00 00 00 00 00 00 00 f0 98 a4 da 01 00 00 00  ................
28007d1e0  16 b0 a3 6d a3 95 cf 80 00 00 00 00 00 00 00 00  ...m............
28007d1f0  90 5d a5 da 01 00 00 00 00 4b d6 80 02 00 00 00  .].......K......
28007d200  69 a2 aa e5 a1 01 00 00 02 00 00 00 00 00 00 00  i...............
28007d210  9f 0a 00 00 00 00 00 00 46 0d 00 00 00 00 00 00  ........F.......
28007d220  00 e0 21 10 01 00 00 00 00 00 00 00 00 00 00 00  ..!.............
28007d230  19 18 aa e5 a1 01 00 00 8c 07 00 00 01 00 00 00  ................
28007d240  10 62 75 6e 64 6c 65 5f 69 6e 66 6f 2e 6a 73 6f  .bundle_info.jso
28007d250  6e 00 00 00 00 00 00 00 00 00 00 00 00 00 00 00  n...............
28007d260  60 d2 f9 5f 5a 0c 00 00 93 00 60 00 00 00 00 00  `.._Z.....`.....
28007d270  1b 6c 69 73 74 5b 5d 5b 64 61 74 61 5d 5b 5d 5b  .list[][data][][
28007d280  75 70 6c 6f 61 64 5f 69 64 5d 3d 39 00 00 00 00  upload_id]=9....
28007d290  00 8a 43 0a 01 00 00 00 a4 7e 6f 06 01 00 00 00  ..C......~o.....
28007d2a0  a4 7e 6f 06 01 00 00 00 f4 7e 6f 06 01 00 00 00  .~o......~o.....
28007d2b0  a0 c2 07 80 02 00 00 00 61 6c 35 36 00 00 00 00  ........al56....
28007d2c0  c0 d2 f9 5f 5a 0c 00 00 a1 00 60 00 00 00 00 00  ..._Z.....`.....
28007d2d0  18 6c 69 73 74 5b 5d 5b 68 65 61 64 65 72 5d 5b  .list[][header][
28007d2e0  61 69 64 5d 3d 31 31 32 38 00 00 00 00 00 00 00  aid]=1128.......
28007d2f0  e1 13 aa e5 a1 01 00 00 00 00 00 00 00 00 00 00  ................
28007d300  00 45 e2 80 02 00 00 00 00 00 00 00 02 00 00 00  .E..............
28007d310  03 00 00 00 01 00 00 00 00 00 00 00 00 00 00 00  ................
28007d320  31 7a b0 e5 a1 01 00 00 5e 00 00 00 00 00 00 00  1z......^.......
28007d330  b8 04 a0 db 01 00 00 00 01 00 00 00 00 00 00 00  ................
28007d340  00 00 00 00 00 00 00 00 00 00 00 00 00 00 00 00  ................
28007d350  50 d3 f9 5f 5a 0c 00 00 96 00 60 00 00 00 00 00  P.._Z.....`.....
28007d360  1c 6c 69 73 74 5b 5d 5b 64 61 74 61 5d 5b 5d 5b  .list[][data][][
28007d370  69 6e 73 65 72 74 5f 69 64 5d 3d 39 38 00 00 00  insert_id]=98...
28007d380  a0 05 00 80 02 00 00 00 a0 f5 07 80 02 00 00 00  ................
28007d390  e0 5d d6 80 02 00 00 00 c0 40 9f 81 02 00 00 00  .].......@......
28007d3a0  08 00 00 00 00 00 00 00 c0 00 00 00 00 00 00 00  ................
28007d3b0  f0 f0 a9 e5 01 00 00 00 02 00 00 c3 00 00 00 00  ................
28007d3c0  8c b2 ee 02 01 00 00 00 08 f3 23 0a 01 00 00 00  ..........#.....
28007d3d0  20 4d fe 82 02 00 00 00 d0 23 00 80 02 00 00 00   M.......#......
28007d3e0  e0 d3 f9 5f 5a 0c 00 00 94 00 60 00 00 00 00 00  ..._Z.....`.....
28007d3f0  1a 6c 69 73 74 5b 5d 5b 68 65 61 64 65 72 5d 5b  .list[][header][
28007d400  6f 73 5f 76 65 72 73 69 6f 6e 5d 00 00 00 00 00  os_version].....
28007d410  71 33 aa e5 a1 01 00 00 04 00 00 00 00 00 00 00  q3..............
28007d420  00 45 ff 82 02 00 00 00 50 45 ff 82 02 00 00 00  .E......PE......
28007d430  f0 45 ff 82 02 00 00 00 d0 42 ff 82 02 00 00 00  .E.......B......
28007d440  e1 13 aa e5 a1 01 00 00 00 00 00 00 00 00 00 00  ................
28007d450  f0 44 e2 80 02 00 00 00 00 00 00 00 02 00 00 00  .D..............
28007d460  02 00 00 00 01 00 00 00 00 00 00 00 00 00 00 00  ................
28007d470  e1 13 aa e5 a1 01 00 00 00 00 00 00 00 00 00 00  ................
28007d480  00 00 00 00 00 00 00 00 00 00 00 00 00 00 00 00  ................
28007d490  03 00 00 00 00 00 00 00 00 00 00 00 00 00 00 00  ................
28007d4a0  31 7a b0 e5 a1 01 00 00 d9 00 00 00 00 00 00 00  1z..............
28007d4b0  f8 05 a0 db 01 00 00 00 01 00 00 00 00 00 00 00  ................
28007d4c0  30 21 34 11 01 00 00 00 00 00 00 00 00 00 00 00  0!4.............
28007d4d0  d0 d4 f9 5f 5a 0c 00 00 75 00 60 00 00 00 00 00  ..._Z...u.`.....
28007d4e0  1c 6c 69 73 74 5b 5d 5b 64 61 74 61 5d 5b 5d 5b  .list[][data][][
28007d4f0  6d 6f 64 75 6c 65 5d 3d 65 76 65 6e 74 00 00 00  module]=event...
28007d500  31 7a b0 e5 a1 01 00 00 53 00 00 00 00 00 00 00  1z......S.......
28007d510  d8 04 a0 db 01 00 00 00 01 00 00 00 00 00 00 00  ................
28007d520  00 00 00 00 00 00 00 00 00 00 00 00 00 00 00 00  ................
28007d530  30 d5 f9 5f 5a 0c 00 00 63 00 60 00 00 00 00 00  0.._Z...c.`.....
28007d540  1e 6c 69 73 74 5b 5d 5b 64 61 74 61 5d 5b 5d 5b  .list[][data][][
28007d550  73 65 71 5f 6e 6f 5f 74 79 70 65 5d 3d 32 37 00  seq_no_type]=27.
28007d560  60 d5 f9 5f 5a 0c 00 00 89 00 60 00 00 00 00 00  `.._Z.....`.....

,	Aweme!0x3e86f74 this.args1 0x16f7869e0 0x16f7869e0

,	Aweme!0x3e86f74 this.args2 0x2 0x2

,	Aweme!0x3e86f74 this.args3 0x19ce510e0             0  1  2  3  4  5  6  7  8  9  A  B  C  D  E  F  0123456789ABCDEF
19ce510e0  f6 57 bd a9 f4 4f 01 a9 fd 7b 02 a9 fd 83 00 91  .W...O...{......
19ce510f0  f4 03 02 aa f3 03 01 aa f5 03 00 aa 21 02 00 b4  ............!...
19ce51100  68 fe 5d d3 1f 51 00 f1 c1 01 00 54 08 01 8e 52  h.]..Q.....T...R
19ce51110  a8 6a 68 38 68 02 18 37 9f 0e 40 f2 88 fe 44 d3  .jh8h..7..@...D.
19ce51120  08 05 88 1a 02 05 00 51 e0 03 15 aa e1 03 13 aa  .......Q........
19ce51130  fd 7b 42 a9 f4 4f 41 a9 f6 57 c3 a8 0e 00 00 14  .{B..OA..W......
19ce51140  a0 16 78 f9 03 3c 40 f9 e1 03 13 aa e2 03 14 aa  ..x..<@.........
19ce51150  fd 7b 42 a9 f4 4f 41 a9 f6 57 c3 a8 60 00 1f d6  .{B..OA..W..`...
19ce51160  a1 0a 80 52 e0 03 13 aa e2 03 14 aa f1 9b 00 94  ...R............
19ce51170  ea ff ff 17 fa 67 bb a9 f8 5f 01 a9 f6 57 02 a9  .....g..._...W..
19ce51180  f4 4f 03 a9 fd 7b 04 a9 fd 03 01 91 f4 03 02 aa  .O...{..........
19ce51190  f3 03 00 aa 35 c4 72 92 28 94 66 92 09 0c 78 f9  ....5.r.(.f...x.
19ce511a0  28 01 08 ca 29 7c 4e d3 2a 64 0e 53 29 2d 06 53  (...)|N.*d.S)-.S
19ce511b0  49 15 1a 33 16 49 29 8b c9 00 00 d0 29 81 25 91  I..3.I).....).%.
19ce511c0  c8 02 40 b9 38 59 62 b8 09 07 00 51 2a 00 15 4b  ..@.8Yb....Q*..K
19ce511d0  4b 6c 1c 53 6b 41 00 11 4a 0d cb 1a 4a 05 00 11  Kl.SkA..J...J...
19ce511e0  4a 29 00 12 6b ff 80 52 ac ff 80 52 0d 29 00 12  J)..k..R...R.)..
19ce511f0  0f 01 20 11 ee 25 15 12 10 01 01 12 11 01 48 11  .. ..%........H.
19ce51200  31 26 0b 12 0e 02 0e 2a ce 01 11 2a bf f1 1f 71  1&.....*...*...q
19ce51210  a0 01 00 54 ef 51 0b 53 ff 01 09 6b 41 01 00 54  ...T.Q.S...kA..T
19ce51220  1f 01 00 71 6d b1 8c 1a d9 01 0d 2a cd 7e 5f 88  ...qm......*.~_.
19ce51230  bf 01 08 6b 21 02 00 54 d9 7e 0d 88 8d ff ff 35  ...k!..T.~.....5
19ce51240  11 00 00 14 59 01 0e 2a bf f1 1f 71 6d 01 8d 1a  ....Y..*...qm...
19ce51250  2d 10 00 79 6d 12 78 f9 ad 01 01 ca 2d 00 00 f9  -..ym.x.....-...
19ce51260  cd 7e 5f 88 bf 01 08 6b 81 00 00 54 d9 fe 0d 88  .~_....k...T....
19ce51270  8d ff ff 35 14 00 00 14 5f 3f 03 d5 e8 03 0d aa  ...5...._?......
19ce51280  db ff ff 17 49 62 24 90 29 e9 43 b9 c9 01 00 35  ....Ib$.).C....5
19ce51290  a8 01 f8 37 08 0b 8e 52 77 02 08 8b a1 00 a0 52  ...7...Rw......R
19ce512a0  e0 03 17 aa 95 9e 00 94 e3 03 14 aa e0 03 13 aa  ................
19ce512b0  e1 03 16 aa e2 03 15 aa c3 01 00 94 e0 03 17 aa  ................
19ce512c0  97 9e 00 94 f9 01 f8 37 e8 03 00 32 14 21 d4 1a  .......7...2.!..
19ce512d0  88 00 8e 52 75 02 08 8b a8 02 40 79 88 02 08 0a  ...Ru.....@y....
19ce512e0  29 53 0b 53 20 01 62 1e 1f 01 00 71 01 03 62 1e  )S.S .b....q..b.
19ce512f0  02 10 6d 1e 21 08 62 1e 22 14 60 1e e9 00 00 54  ..m.!.b.".`....T
19ce51300  fd 7b 44 a9 f4 4f 43 a9 f6 57 42 a9 f8 5f 41 a9  .{D..OC..WB.._A.
19ce51310  fa 67 c5 a8 c0 03 5f d6 73 1e 40 91 a1 00 a0 52  .g...._.s.@....R
19ce51320  e0 03 13 aa 75 9e 00 94 a8 02 40 79 08 01 34 0a  ....u.....@y..4.
19ce51330  a8 02 00 79 e0 03 13 aa fd 7b 44 a9 f4 4f 43 a9  ...y.....{D..OC.
19ce51340  f6 57 42 a9 f8 5f 41 a9 fa 67 c5 a8 74 9e 00 14  .WB.._A..g..t...
19ce51350  ff c3 00 d1 f4 4f 01 a9 fd 7b 02 a9 fd 83 00 91  .....O...{......
19ce51360  f3 03 01 aa f4 03 00 aa e1 02 00 b4 68 fe 5d d3  ............h.].
19ce51370  1f 51 00 f1 81 02 00 54 02 00 80 52 e0 03 14 aa  .Q.....T...R....
19ce51380  e1 03 13 aa 8a fe ff 97 e0 01 00 b4 e8 03 00 aa  ................
19ce51390  09 01 8e 52 89 6a 69 38 49 02 18 37 1f 0d 40 f2  ...R.ji8I..7..@.
19ce513a0  08 fd 44 d3 08 05 88 1a 02 05 00 51 e0 03 14 aa  ..D........Q....
19ce513b0  e1 03 13 aa fd 7b 42 a9 f4 4f 41 a9 ff c3 00 91  .....{B..OA.....
19ce513c0  6d ff ff 17 80 16 78 f9 02 18 40 f9 e1 03 13 aa  m.....x...@.....
19ce513d0  fd 7b 42 a9 f4 4f 41 a9 ff c3 00 91 40 00 1f d6  .{B..OA.....@...
19ce513e0  a1 0a 80 52 e0 03 13 aa e8 07 00 f9 e2 03 08 aa  ...R............
19ce513f0  50 9b 00 94 e8 07 40 f9 e9 ff ff 17 f4 4f be a9  P.....@......O..
19ce51400  fd 7b 01 a9 fd 43 00 91 f3 03 02 aa f4 03 00 aa  .{...C..........
19ce51410  3f 04 00 f1 40 02 00 54 28 7c d3 9b ff 03 08 eb  ?...@..T(|......
19ce51420  21 01 00 54 33 7c 13 9b 48 de 1e b0 08 d1 43 f9  !..T3|..H.....C.
19ce51430  08 01 40 f9 09 00 80 92 28 05 08 ca 7f 02 08 eb  ..@.....(.......
19ce51440  e9 00 00 54 c0 be 03 94 e8 03 00 aa 00 00 80 d2  ...T............
19ce51450  e9 07 1e 32 09 01 00 b9 0c 00 00 14 7f 02 04 f1  ...2............
19ce51460  a8 01 00 54 68 3e 00 91 08 ed 7c 92 7f 46 00 f1  ...Th>....|..F..
19ce51470  e9 03 1c 32 21 31 88 9a e2 03 00 32 e0 03 14 aa  ...2!1.....2....
19ce51480  a8 fe ff 97 80 00 00 b4 fd 7b 41 a9 f4 4f c2 a8  .........{A..O..
19ce51490  c0 03 5f d6 80 16 78 f9 03 10 40 f9 e1 03 00 32  .._...x...@....2
19ce514a0  e2 03 13 aa fd 7b 41 a9 f4 4f c2 a8 60 00 1f d6  .....{A..O..`...
19ce514b0  f8 5f bc a9 f6 57 01 a9 f4 4f 02 a9 fd 7b 03 a9  ._...W...O...{..
19ce514c0  fd c3 00 91 f5 03 02 aa f4 03 00 aa c1 01 00 b4  ................
19ce514d0  f3 03 01 aa 02 00 80 52 e0 03 14 aa 34 fe ff 97  .......R....4...

,	Aweme!0x3e86f74 this.args4 0x19cdd4d65             0  1  2  3  4  5  6  7  8  9  A  B  C  D  E  F  0123456789ABCDEF
19cdd4d65  30 31 32 33 34 35 36 37 38 39 61 62 63 64 65 66  0123456789abcdef
19cdd4d75  30 31 32 33 34 35 36 37 38 39 41 42 43 44 45 46  0123456789ABCDEF
19cdd4d85  20 20 20 20 20 20 20 20 20 20 20 20 20 20 20 20                  
19cdd4d95  30 30 30 30 30 30 30 30 30 30 30 30 30 30 30 30  0000000000000000
19cdd4da5  00 12 00 4a 00 51 05 51 05 51 05 51 05 29 00 51  ...J.Q.Q.Q.Q.).Q
19cdd4db5  05 51 05 51 05 51 05 51 05 00 00 00 00 00 00 00  .Q.Q.Q.Q........
19cdd4dc5  00 00 00 00 00 00 00 00 00 00 00 00 00 51 05 51  .............Q.Q
19cdd4dd5  05 51 05 51 05 51 05 51 05 51 05 a5 00 51 05 bc  .Q.Q.Q.Q.Q...Q..
19cdd4de5  00 51 05 a5 00 a5 00 a5 00 51 05 51 05 51 05 51  .Q.......Q.Q.Q.Q
19cdd4df5  05 10 00 51 05 51 05 51 05 51 05 51 05 51 05 ae  ...Q.Q.Q.Q.Q.Q..
19cdd4e05  00 51 05 51 05 51 05 51 05 a7 00 51 05 51 05 b1  .Q.Q.Q.Q...Q.Q..
19cdd4e15  00 51 05 51 05 51 05 51 05 51 05 a5 00 51 05 bd  .Q.Q.Q.Q.Q...Q..
19cdd4e25  00 b9 00 a5 00 a5 00 a5 00 0b 00 c0 00 07 00 51  ...............Q
19cdd4e35  05 2d 00 51 05 33 00 c3 00 a9 00 2b 00 51 05 af  .-.Q.3.....+.Q..
19cdd4e45  00 05 00 b8 00 51 05 51 05 a7 00 51 05 09 00 00  .....Q.Q...Q....
19cdd4e55  6a 27 60 11 00 00 00 02 00 57 00 6d 00 1e 01 3f  j'`......W.m...?
19cdd4e65  00 19 00 12 00 49 00 0c 00 50 00 00 47 00 47 47  .....I...P..G.GG
19cdd4e75  10 29 29 29 29 29 29 29 2d 2d 47 47 47 47 47 47  .)))))))--GGGGGG
19cdd4e85  47 26 26 26 26 26 26 47 47 47 47 47 47 47 47 47  G&&&&&&GGGGGGGGG
19cdd4e95  47 47 47 47 47 47 47 47 06 47 47 47 47 47 47 47  GGGGGGGG.GGGGGGG
19cdd4ea5  47 26 26 26 26 26 26 0a 00 01 00 02 00 03 00 04  G&&&&&&.........
19cdd4eb5  00 05 00 06 00 07 00 08 00 09 00 0a 00 0b 00 0c  ................
19cdd4ec5  00 0d 00 0e 00 0f 00 10 00 00 00 18 00 86 01 86  ................
19cdd4ed5  01 16 00 86 01 86 01 86 01 1d 00 86 01 86 01 1f  ................
19cdd4ee5  00 2e 00 00 00 5b 00 b1 00 86 01 12 00 86 01 86  .....[..........
19cdd4ef5  01 86 01 86 01 86 01 86 01 86 01 86 01 86 01 00  ................
19cdd4f05  00 00 00 86 01 86 01 86 01 86 01 86 01 d2 00 86  ................
19cdd4f15  01 44 01 52 01 f0 00 ec 00 f7 00 86 01 86 01 86  .D.R............
19cdd4f25  01 86 01 14 00 86 01 86 01 5e 01 86 01 86 01 86  .........^......
19cdd4f35  01 29 01 86 01 1c 01 86 01 86 01 6e 01 86 01 86  .).........n....
19cdd4f45  01 86 01 86 01 86 01 86 01 00 00 86 01 d2 00 86  ................
19cdd4f55  01 46 01 53 01 f0 00 ec 00 f7 00 31 00 53 01 0c  .F.S.......1.S..
19cdd4f65  00 86 01 02 00 86 01 7f 01 60 01 14 01 0e 00 86  .........`......
19cdd4f75  01 2b 01 10 00 1e 01 08 00 86 01 6b 01 86 01 0a  .+.........k....
19cdd4f85  00 00 2d 38 33 35 37 a4 20 26 23 20 26 23 00 00  ..-8357. &# &#..
19cdd4f95  00 0a 01 11 01 0c 01 0e 01 10 01 7a 01 21 27 24  ...........z.!'$
19cdd4fa5  21 27 24 00 00 00 00 9b 00 a2 00 9d 00 9f 00 a1  !'$.............
19cdd4fb5  00 0e 01 22 28 25 22 28 25 00 00 00 00 75 01 7c  ..."(%"(%....u.|
19cdd4fc5  01 77 01 79 01 7b 01 ec 01 20 23 26 20 23 26 00  .w.y.{... #& #&.
19cdd4fd5  30 31 32 33 34 35 36 37 38 39 61 62 63 64 65 66  0123456789abcdef
19cdd4fe5  30 31 32 33 34 35 36 37 38 39 41 42 43 44 45 46  0123456789ABCDEF
19cdd4ff5  00 00 00 6e 00 00 00 61 00 00 00 6e 00 00 00 00  ...n...a...n....
19cdd5005  00 00 00 4e 00 00 00 41 00 00 00 4e 00 00 00 00  ...N...A...N....
19cdd5015  00 00 00 69 00 00 00 6e 00 00 00 66 00 00 00 00  ...i...n...f....
19cdd5025  00 00 00 49 00 00 00 4e 00 00 00 46 00 00 00 00  ...I...N...F....
19cdd5035  00 00 00 28 00 00 00 6e 00 00 00 75 00 00 00 6c  ...(...n...u...l
19cdd5045  00 00 00 6c 00 00 00 29 00 00 00 00 00 00 00 20  ...l...)....... 
19cdd5055  00 00 00 20 00 00 00 20 00 00 00 20 00 00 00 20  ... ... ... ... 
19cdd5065  00 00 00 20 00 00 00 20 00 00 00 20 00 00 00 20  ... ... ... ... 
19cdd5075  00 00 00 20 00 00 00 20 00 00 00 20 00 00 00 20  ... ... ... ... 
19cdd5085  00 00 00 20 00 00 00 20 00 00 00 20 00 00 00 30  ... ... ... ...0
19cdd5095  00 00 00 30 00 00 00 30 00 00 00 30 00 00 00 30  ...0...0...0...0
19cdd50a5  00 00 00 30 00 00 00 30 00 00 00 30 00 00 00 30  ...0...0...0...0
19cdd50b5  00 00 00 30 00 00 00 30 00 00 00 30 00 00 00 30  ...0...0...0...0
19cdd50c5  00 00 00 30 00 00 00 30 00 00 00 30 00 00 00 17  ...0...0...0....
19cdd50d5  00 93 00 fe 05 fe 05 fe 05 fe 05 2f 00 fe 05 fe  .........../....
19cdd50e5  05 fe 05 fe 05 fe 05 00 00 00 00 00 00 00 00 00  ................
19cdd50f5  00 00 00 00 00 00 00 00 00 00 00 fe 05 fe 05 fe  ................
19cdd5105  05 fe 05 fe 05 fe 05 fe 05 ce 00 fe 05 f9 00 fe  ................
19cdd5115  05 ce 00 ce 00 ce 00 fe 05 fe 05 fe 05 fe 05 14  ................
19cdd5125  00 fe 05 fe 05 fe 05 fe 05 fe 05 fe 05 d8 00 fe  ................
19cdd5135  05 fe 05 fe 05 fe 05 d1 00 fe 05 fe 05 dc 00 fe  ................
19cdd5145  05 fe 05 fe 05 fe 05 fe 05 ce 00 fe 05 fa 00 f6  ................
19cdd5155  00 ce 00 ce 00 ce 00 0f 00 fe 00 09 00 fe 05 35  ...............5

,	Aweme!0x3e86f74 this.args0 onLeave 0x28007d170             0  1  2  3  4  5  6  7  8  9  A  B  C  D  E  F  0123456789ABCDEF
28007d170  68 8a 43 0a 01 00 00 00 64 9f 77 06 01 00 00 00  h.C.....d.w.....
28007d180  00 00 00 00 00 00 00 00 90 9f 77 06 01 00 00 00  ..........w.....
28007d190  60 c0 07 80 02 00 00 00 80 07 00 00 00 00 00 00  `...............
28007d1a0  a0 d1 f9 5f 5a 0c 00 00 8f 00 00 00 00 00 00 00  ..._Z...........
28007d1b0  00 00 00 00 00 00 00 00 00 00 00 00 00 00 00 00  ................
28007d1c0  02 00 00 00 00 00 00 00 00 00 00 00 00 00 00 00  ................
28007d1d0  00 00 00 00 00 00 00 00 f0 98 a4 da 01 00 00 00  ................
28007d1e0  16 b0 a3 6d a3 95 cf 80 00 00 00 00 00 00 00 00  ...m............
28007d1f0  90 5d a5 da 01 00 00 00 00 4b d6 80 02 00 00 00  .].......K......
28007d200  69 a2 aa e5 a1 01 00 00 02 00 00 00 00 00 00 00  i...............
28007d210  9f 0a 00 00 00 00 00 00 46 0d 00 00 00 00 00 00  ........F.......
28007d220  00 e0 21 10 01 00 00 00 00 00 00 00 00 00 00 00  ..!.............
28007d230  19 18 aa e5 a1 01 00 00 8c 07 00 00 01 00 00 00  ................
28007d240  10 62 75 6e 64 6c 65 5f 69 6e 66 6f 2e 6a 73 6f  .bundle_info.jso
28007d250  6e 00 00 00 00 00 00 00 00 00 00 00 00 00 00 00  n...............
28007d260  60 d2 f9 5f 5a 0c 00 00 93 00 60 00 00 00 00 00  `.._Z.....`.....
28007d270  1b 6c 69 73 74 5b 5d 5b 64 61 74 61 5d 5b 5d 5b  .list[][data][][
28007d280  75 70 6c 6f 61 64 5f 69 64 5d 3d 39 00 00 00 00  upload_id]=9....
28007d290  00 8a 43 0a 01 00 00 00 a4 7e 6f 06 01 00 00 00  ..C......~o.....
28007d2a0  a4 7e 6f 06 01 00 00 00 f4 7e 6f 06 01 00 00 00  .~o......~o.....
28007d2b0  a0 c2 07 80 02 00 00 00 61 6c 35 36 00 00 00 00  ........al56....
28007d2c0  c0 d2 f9 5f 5a 0c 00 00 a1 00 60 00 00 00 00 00  ..._Z.....`.....
28007d2d0  18 6c 69 73 74 5b 5d 5b 68 65 61 64 65 72 5d 5b  .list[][header][
28007d2e0  61 69 64 5d 3d 31 31 32 38 00 00 00 00 00 00 00  aid]=1128.......
28007d2f0  e1 13 aa e5 a1 01 00 00 00 00 00 00 00 00 00 00  ................
28007d300  00 45 e2 80 02 00 00 00 00 00 00 00 02 00 00 00  .E..............
28007d310  03 00 00 00 01 00 00 00 00 00 00 00 00 00 00 00  ................
28007d320  31 7a b0 e5 a1 01 00 00 5e 00 00 00 00 00 00 00  1z......^.......
28007d330  b8 04 a0 db 01 00 00 00 01 00 00 00 00 00 00 00  ................
28007d340  00 00 00 00 00 00 00 00 00 00 00 00 00 00 00 00  ................
28007d350  50 d3 f9 5f 5a 0c 00 00 96 00 60 00 00 00 00 00  P.._Z.....`.....
28007d360  1c 6c 69 73 74 5b 5d 5b 64 61 74 61 5d 5b 5d 5b  .list[][data][][
28007d370  69 6e 73 65 72 74 5f 69 64 5d 3d 39 38 00 00 00  insert_id]=98...
28007d380  a0 05 00 80 02 00 00 00 a0 f5 07 80 02 00 00 00  ................
28007d390  e0 5d d6 80 02 00 00 00 c0 40 9f 81 02 00 00 00  .].......@......
28007d3a0  08 00 00 00 00 00 00 00 c0 00 00 00 00 00 00 00  ................
28007d3b0  f0 f0 a9 e5 01 00 00 00 02 00 00 c3 00 00 00 00  ................
28007d3c0  8c b2 ee 02 01 00 00 00 08 f3 23 0a 01 00 00 00  ..........#.....
28007d3d0  20 4d fe 82 02 00 00 00 d0 23 00 80 02 00 00 00   M.......#......
28007d3e0  e0 d3 f9 5f 5a 0c 00 00 94 00 60 00 00 00 00 00  ..._Z.....`.....
28007d3f0  1a 6c 69 73 74 5b 5d 5b 68 65 61 64 65 72 5d 5b  .list[][header][
28007d400  6f 73 5f 76 65 72 73 69 6f 6e 5d 00 00 00 00 00  os_version].....
28007d410  71 33 aa e5 a1 01 00 00 04 00 00 00 00 00 00 00  q3..............
28007d420  00 45 ff 82 02 00 00 00 50 45 ff 82 02 00 00 00  .E......PE......
28007d430  f0 45 ff 82 02 00 00 00 d0 42 ff 82 02 00 00 00  .E.......B......
28007d440  e1 13 aa e5 a1 01 00 00 00 00 00 00 00 00 00 00  ................
28007d450  f0 44 e2 80 02 00 00 00 00 00 00 00 02 00 00 00  .D..............
28007d460  02 00 00 00 01 00 00 00 00 00 00 00 00 00 00 00  ................
28007d470  e1 13 aa e5 a1 01 00 00 00 00 00 00 00 00 00 00  ................
28007d480  00 00 00 00 00 00 00 00 00 00 00 00 00 00 00 00  ................
28007d490  03 00 00 00 00 00 00 00 00 00 00 00 00 00 00 00  ................
28007d4a0  31 7a b0 e5 a1 01 00 00 d9 00 00 00 00 00 00 00  1z..............
28007d4b0  f8 05 a0 db 01 00 00 00 01 00 00 00 00 00 00 00  ................
28007d4c0  30 21 34 11 01 00 00 00 00 00 00 00 00 00 00 00  0!4.............
28007d4d0  d0 d4 f9 5f 5a 0c 00 00 75 00 60 00 00 00 00 00  ..._Z...u.`.....
28007d4e0  1c 6c 69 73 74 5b 5d 5b 64 61 74 61 5d 5b 5d 5b  .list[][data][][
28007d4f0  6d 6f 64 75 6c 65 5d 3d 65 76 65 6e 74 00 00 00  module]=event...
28007d500  31 7a b0 e5 a1 01 00 00 53 00 00 00 00 00 00 00  1z......S.......
28007d510  d8 04 a0 db 01 00 00 00 01 00 00 00 00 00 00 00  ................
28007d520  00 00 00 00 00 00 00 00 00 00 00 00 00 00 00 00  ................
28007d530  30 d5 f9 5f 5a 0c 00 00 63 00 60 00 00 00 00 00  0.._Z...c.`.....
28007d540  1e 6c 69 73 74 5b 5d 5b 64 61 74 61 5d 5b 5d 5b  .list[][data][][
28007d550  73 65 71 5f 6e 6f 5f 74 79 70 65 5d 3d 32 37 00  seq_no_type]=27.
28007d560  60 d5 f9 5f 5a 0c 00 00 89 00 60 00 00 00 00 00  `.._Z.....`.....

,	Aweme!0x3e86f74 this.args1 onLeave 0x16f7869e0 0x16f7869e0

,	Aweme!0x3e86f74 this.args2 onLeave 0x2 0x2

,	Aweme!0x3e86f74 this.args3 onLeave 0x19ce510e0             0  1  2  3  4  5  6  7  8  9  A  B  C  D  E  F  0123456789ABCDEF
19ce510e0  f6 57 bd a9 f4 4f 01 a9 fd 7b 02 a9 fd 83 00 91  .W...O...{......
19ce510f0  f4 03 02 aa f3 03 01 aa f5 03 00 aa 21 02 00 b4  ............!...
19ce51100  68 fe 5d d3 1f 51 00 f1 c1 01 00 54 08 01 8e 52  h.]..Q.....T...R
19ce51110  a8 6a 68 38 68 02 18 37 9f 0e 40 f2 88 fe 44 d3  .jh8h..7..@...D.
19ce51120  08 05 88 1a 02 05 00 51 e0 03 15 aa e1 03 13 aa  .......Q........
19ce51130  fd 7b 42 a9 f4 4f 41 a9 f6 57 c3 a8 0e 00 00 14  .{B..OA..W......
19ce51140  a0 16 78 f9 03 3c 40 f9 e1 03 13 aa e2 03 14 aa  ..x..<@.........
19ce51150  fd 7b 42 a9 f4 4f 41 a9 f6 57 c3 a8 60 00 1f d6  .{B..OA..W..`...
19ce51160  a1 0a 80 52 e0 03 13 aa e2 03 14 aa f1 9b 00 94  ...R............
19ce51170  ea ff ff 17 fa 67 bb a9 f8 5f 01 a9 f6 57 02 a9  .....g..._...W..
19ce51180  f4 4f 03 a9 fd 7b 04 a9 fd 03 01 91 f4 03 02 aa  .O...{..........
19ce51190  f3 03 00 aa 35 c4 72 92 28 94 66 92 09 0c 78 f9  ....5.r.(.f...x.
19ce511a0  28 01 08 ca 29 7c 4e d3 2a 64 0e 53 29 2d 06 53  (...)|N.*d.S)-.S
19ce511b0  49 15 1a 33 16 49 29 8b c9 00 00 d0 29 81 25 91  I..3.I).....).%.
19ce511c0  c8 02 40 b9 38 59 62 b8 09 07 00 51 2a 00 15 4b  ..@.8Yb....Q*..K
19ce511d0  4b 6c 1c 53 6b 41 00 11 4a 0d cb 1a 4a 05 00 11  Kl.SkA..J...J...
19ce511e0  4a 29 00 12 6b ff 80 52 ac ff 80 52 0d 29 00 12  J)..k..R...R.)..
19ce511f0  0f 01 20 11 ee 25 15 12 10 01 01 12 11 01 48 11  .. ..%........H.
19ce51200  31 26 0b 12 0e 02 0e 2a ce 01 11 2a bf f1 1f 71  1&.....*...*...q
19ce51210  a0 01 00 54 ef 51 0b 53 ff 01 09 6b 41 01 00 54  ...T.Q.S...kA..T
19ce51220  1f 01 00 71 6d b1 8c 1a d9 01 0d 2a cd 7e 5f 88  ...qm......*.~_.
19ce51230  bf 01 08 6b 21 02 00 54 d9 7e 0d 88 8d ff ff 35  ...k!..T.~.....5
19ce51240  11 00 00 14 59 01 0e 2a bf f1 1f 71 6d 01 8d 1a  ....Y..*...qm...
19ce51250  2d 10 00 79 6d 12 78 f9 ad 01 01 ca 2d 00 00 f9  -..ym.x.....-...
19ce51260  cd 7e 5f 88 bf 01 08 6b 81 00 00 54 d9 fe 0d 88  .~_....k...T....
19ce51270  8d ff ff 35 14 00 00 14 5f 3f 03 d5 e8 03 0d aa  ...5...._?......
19ce51280  db ff ff 17 49 62 24 90 29 e9 43 b9 c9 01 00 35  ....Ib$.).C....5
19ce51290  a8 01 f8 37 08 0b 8e 52 77 02 08 8b a1 00 a0 52  ...7...Rw......R
19ce512a0  e0 03 17 aa 95 9e 00 94 e3 03 14 aa e0 03 13 aa  ................
19ce512b0  e1 03 16 aa e2 03 15 aa c3 01 00 94 e0 03 17 aa  ................
19ce512c0  97 9e 00 94 f9 01 f8 37 e8 03 00 32 14 21 d4 1a  .......7...2.!..
19ce512d0  88 00 8e 52 75 02 08 8b a8 02 40 79 88 02 08 0a  ...Ru.....@y....
19ce512e0  29 53 0b 53 20 01 62 1e 1f 01 00 71 01 03 62 1e  )S.S .b....q..b.
19ce512f0  02 10 6d 1e 21 08 62 1e 22 14 60 1e e9 00 00 54  ..m.!.b.".`....T
19ce51300  fd 7b 44 a9 f4 4f 43 a9 f6 57 42 a9 f8 5f 41 a9  .{D..OC..WB.._A.
19ce51310  fa 67 c5 a8 c0 03 5f d6 73 1e 40 91 a1 00 a0 52  .g...._.s.@....R
19ce51320  e0 03 13 aa 75 9e 00 94 a8 02 40 79 08 01 34 0a  ....u.....@y..4.
19ce51330  a8 02 00 79 e0 03 13 aa fd 7b 44 a9 f4 4f 43 a9  ...y.....{D..OC.
19ce51340  f6 57 42 a9 f8 5f 41 a9 fa 67 c5 a8 74 9e 00 14  .WB.._A..g..t...
19ce51350  ff c3 00 d1 f4 4f 01 a9 fd 7b 02 a9 fd 83 00 91  .....O...{......
19ce51360  f3 03 01 aa f4 03 00 aa e1 02 00 b4 68 fe 5d d3  ............h.].
19ce51370  1f 51 00 f1 81 02 00 54 02 00 80 52 e0 03 14 aa  .Q.....T...R....
19ce51380  e1 03 13 aa 8a fe ff 97 e0 01 00 b4 e8 03 00 aa  ................
19ce51390  09 01 8e 52 89 6a 69 38 49 02 18 37 1f 0d 40 f2  ...R.ji8I..7..@.
19ce513a0  08 fd 44 d3 08 05 88 1a 02 05 00 51 e0 03 14 aa  ..D........Q....
19ce513b0  e1 03 13 aa fd 7b 42 a9 f4 4f 41 a9 ff c3 00 91  .....{B..OA.....
19ce513c0  6d ff ff 17 80 16 78 f9 02 18 40 f9 e1 03 13 aa  m.....x...@.....
19ce513d0  fd 7b 42 a9 f4 4f 41 a9 ff c3 00 91 40 00 1f d6  .{B..OA.....@...
19ce513e0  a1 0a 80 52 e0 03 13 aa e8 07 00 f9 e2 03 08 aa  ...R............
19ce513f0  50 9b 00 94 e8 07 40 f9 e9 ff ff 17 f4 4f be a9  P.....@......O..
19ce51400  fd 7b 01 a9 fd 43 00 91 f3 03 02 aa f4 03 00 aa  .{...C..........
19ce51410  3f 04 00 f1 40 02 00 54 28 7c d3 9b ff 03 08 eb  ?...@..T(|......
19ce51420  21 01 00 54 33 7c 13 9b 48 de 1e b0 08 d1 43 f9  !..T3|..H.....C.
19ce51430  08 01 40 f9 09 00 80 92 28 05 08 ca 7f 02 08 eb  ..@.....(.......
19ce51440  e9 00 00 54 c0 be 03 94 e8 03 00 aa 00 00 80 d2  ...T............
19ce51450  e9 07 1e 32 09 01 00 b9 0c 00 00 14 7f 02 04 f1  ...2............
19ce51460  a8 01 00 54 68 3e 00 91 08 ed 7c 92 7f 46 00 f1  ...Th>....|..F..
19ce51470  e9 03 1c 32 21 31 88 9a e2 03 00 32 e0 03 14 aa  ...2!1.....2....
19ce51480  a8 fe ff 97 80 00 00 b4 fd 7b 41 a9 f4 4f c2 a8  .........{A..O..
19ce51490  c0 03 5f d6 80 16 78 f9 03 10 40 f9 e1 03 00 32  .._...x...@....2
19ce514a0  e2 03 13 aa fd 7b 41 a9 f4 4f c2 a8 60 00 1f d6  .....{A..O..`...
19ce514b0  f8 5f bc a9 f6 57 01 a9 f4 4f 02 a9 fd 7b 03 a9  ._...W...O...{..
19ce514c0  fd c3 00 91 f5 03 02 aa f4 03 00 aa c1 01 00 b4  ................
19ce514d0  f3 03 01 aa 02 00 80 52 e0 03 14 aa 34 fe ff 97  .......R....4...

,	Aweme!0x3e86f74 this.args4 onLeave 0x19cdd4d65             0  1  2  3  4  5  6  7  8  9  A  B  C  D  E  F  0123456789ABCDEF
19cdd4d65  30 31 32 33 34 35 36 37 38 39 61 62 63 64 65 66  0123456789abcdef
19cdd4d75  30 31 32 33 34 35 36 37 38 39 41 42 43 44 45 46  0123456789ABCDEF
19cdd4d85  20 20 20 20 20 20 20 20 20 20 20 20 20 20 20 20                  
19cdd4d95  30 30 30 30 30 30 30 30 30 30 30 30 30 30 30 30  0000000000000000
19cdd4da5  00 12 00 4a 00 51 05 51 05 51 05 51 05 29 00 51  ...J.Q.Q.Q.Q.).Q
19cdd4db5  05 51 05 51 05 51 05 51 05 00 00 00 00 00 00 00  .Q.Q.Q.Q........
19cdd4dc5  00 00 00 00 00 00 00 00 00 00 00 00 00 51 05 51  .............Q.Q
19cdd4dd5  05 51 05 51 05 51 05 51 05 51 05 a5 00 51 05 bc  .Q.Q.Q.Q.Q...Q..
19cdd4de5  00 51 05 a5 00 a5 00 a5 00 51 05 51 05 51 05 51  .Q.......Q.Q.Q.Q
19cdd4df5  05 10 00 51 05 51 05 51 05 51 05 51 05 51 05 ae  ...Q.Q.Q.Q.Q.Q..
19cdd4e05  00 51 05 51 05 51 05 51 05 a7 00 51 05 51 05 b1  .Q.Q.Q.Q...Q.Q..
19cdd4e15  00 51 05 51 05 51 05 51 05 51 05 a5 00 51 05 bd  .Q.Q.Q.Q.Q...Q..
19cdd4e25  00 b9 00 a5 00 a5 00 a5 00 0b 00 c0 00 07 00 51  ...............Q
19cdd4e35  05 2d 00 51 05 33 00 c3 00 a9 00 2b 00 51 05 af  .-.Q.3.....+.Q..
19cdd4e45  00 05 00 b8 00 51 05 51 05 a7 00 51 05 09 00 00  .....Q.Q...Q....
19cdd4e55  6a 27 60 11 00 00 00 02 00 57 00 6d 00 1e 01 3f  j'`......W.m...?
19cdd4e65  00 19 00 12 00 49 00 0c 00 50 00 00 47 00 47 47  .....I...P..G.GG
19cdd4e75  10 29 29 29 29 29 29 29 2d 2d 47 47 47 47 47 47  .)))))))--GGGGGG
19cdd4e85  47 26 26 26 26 26 26 47 47 47 47 47 47 47 47 47  G&&&&&&GGGGGGGGG
19cdd4e95  47 47 47 47 47 47 47 47 06 47 47 47 47 47 47 47  GGGGGGGG.GGGGGGG
19cdd4ea5  47 26 26 26 26 26 26 0a 00 01 00 02 00 03 00 04  G&&&&&&.........
19cdd4eb5  00 05 00 06 00 07 00 08 00 09 00 0a 00 0b 00 0c  ................
19cdd4ec5  00 0d 00 0e 00 0f 00 10 00 00 00 18 00 86 01 86  ................
19cdd4ed5  01 16 00 86 01 86 01 86 01 1d 00 86 01 86 01 1f  ................
19cdd4ee5  00 2e 00 00 00 5b 00 b1 00 86 01 12 00 86 01 86  .....[..........
19cdd4ef5  01 86 01 86 01 86 01 86 01 86 01 86 01 86 01 00  ................
19cdd4f05  00 00 00 86 01 86 01 86 01 86 01 86 01 d2 00 86  ................
19cdd4f15  01 44 01 52 01 f0 00 ec 00 f7 00 86 01 86 01 86  .D.R............
19cdd4f25  01 86 01 14 00 86 01 86 01 5e 01 86 01 86 01 86  .........^......
19cdd4f35  01 29 01 86 01 1c 01 86 01 86 01 6e 01 86 01 86  .).........n....
19cdd4f45  01 86 01 86 01 86 01 86 01 00 00 86 01 d2 00 86  ................
19cdd4f55  01 46 01 53 01 f0 00 ec 00 f7 00 31 00 53 01 0c  .F.S.......1.S..
19cdd4f65  00 86 01 02 00 86 01 7f 01 60 01 14 01 0e 00 86  .........`......
19cdd4f75  01 2b 01 10 00 1e 01 08 00 86 01 6b 01 86 01 0a  .+.........k....
19cdd4f85  00 00 2d 38 33 35 37 a4 20 26 23 20 26 23 00 00  ..-8357. &# &#..
19cdd4f95  00 0a 01 11 01 0c 01 0e 01 10 01 7a 01 21 27 24  ...........z.!'$
19cdd4fa5  21 27 24 00 00 00 00 9b 00 a2 00 9d 00 9f 00 a1  !'$.............
19cdd4fb5  00 0e 01 22 28 25 22 28 25 00 00 00 00 75 01 7c  ..."(%"(%....u.|
19cdd4fc5  01 77 01 79 01 7b 01 ec 01 20 23 26 20 23 26 00  .w.y.{... #& #&.
19cdd4fd5  30 31 32 33 34 35 36 37 38 39 61 62 63 64 65 66  0123456789abcdef
19cdd4fe5  30 31 32 33 34 35 36 37 38 39 41 42 43 44 45 46  0123456789ABCDEF
19cdd4ff5  00 00 00 6e 00 00 00 61 00 00 00 6e 00 00 00 00  ...n...a...n....
19cdd5005  00 00 00 4e 00 00 00 41 00 00 00 4e 00 00 00 00  ...N...A...N....
19cdd5015  00 00 00 69 00 00 00 6e 00 00 00 66 00 00 00 00  ...i...n...f....
19cdd5025  00 00 00 49 00 00 00 4e 00 00 00 46 00 00 00 00  ...I...N...F....
19cdd5035  00 00 00 28 00 00 00 6e 00 00 00 75 00 00 00 6c  ...(...n...u...l
19cdd5045  00 00 00 6c 00 00 00 29 00 00 00 00 00 00 00 20  ...l...)....... 
19cdd5055  00 00 00 20 00 00 00 20 00 00 00 20 00 00 00 20  ... ... ... ... 
19cdd5065  00 00 00 20 00 00 00 20 00 00 00 20 00 00 00 20  ... ... ... ... 
19cdd5075  00 00 00 20 00 00 00 20 00 00 00 20 00 00 00 20  ... ... ... ... 
19cdd5085  00 00 00 20 00 00 00 20 00 00 00 20 00 00 00 30  ... ... ... ...0
19cdd5095  00 00 00 30 00 00 00 30 00 00 00 30 00 00 00 30  ...0...0...0...0
19cdd50a5  00 00 00 30 00 00 00 30 00 00 00 30 00 00 00 30  ...0...0...0...0
19cdd50b5  00 00 00 30 00 00 00 30 00 00 00 30 00 00 00 30  ...0...0...0...0
19cdd50c5  00 00 00 30 00 00 00 30 00 00 00 30 00 00 00 17  ...0...0...0....
19cdd50d5  00 93 00 fe 05 fe 05 fe 05 fe 05 2f 00 fe 05 fe  .........../....
19cdd50e5  05 fe 05 fe 05 fe 05 00 00 00 00 00 00 00 00 00  ................
19cdd50f5  00 00 00 00 00 00 00 00 00 00 00 fe 05 fe 05 fe  ................
19cdd5105  05 fe 05 fe 05 fe 05 fe 05 ce 00 fe 05 f9 00 fe  ................
19cdd5115  05 ce 00 ce 00 ce 00 fe 05 fe 05 fe 05 fe 05 14  ................
19cdd5125  00 fe 05 fe 05 fe 05 fe 05 fe 05 fe 05 d8 00 fe  ................
19cdd5135  05 fe 05 fe 05 fe 05 d1 00 fe 05 fe 05 dc 00 fe  ................
19cdd5145  05 fe 05 fe 05 fe 05 fe 05 ce 00 fe 05 fa 00 f6  ................
19cdd5155  00 ce 00 ce 00 ce 00 0f 00 fe 00 09 00 fe 05 35  ...............5

,retval onLeave: 0x28007d170             0  1  2  3  4  5  6  7  8  9  A  B  C  D  E  F  0123456789ABCDEF
28007d170  68 8a 43 0a 01 00 00 00 64 9f 77 06 01 00 00 00  h.C.....d.w.....
28007d180  00 00 00 00 00 00 00 00 90 9f 77 06 01 00 00 00  ..........w.....
28007d190  60 c0 07 80 02 00 00 00 80 07 00 00 00 00 00 00  `...............
28007d1a0  a0 d1 f9 5f 5a 0c 00 00 8f 00 00 00 00 00 00 00  ..._Z...........
28007d1b0  00 00 00 00 00 00 00 00 00 00 00 00 00 00 00 00  ................
28007d1c0  02 00 00 00 00 00 00 00 00 00 00 00 00 00 00 00  ................
28007d1d0  00 00 00 00 00 00 00 00 f0 98 a4 da 01 00 00 00  ................
28007d1e0  16 b0 a3 6d a3 95 cf 80 00 00 00 00 00 00 00 00  ...m............
28007d1f0  90 5d a5 da 01 00 00 00 00 4b d6 80 02 00 00 00  .].......K......
28007d200  69 a2 aa e5 a1 01 00 00 02 00 00 00 00 00 00 00  i...............
28007d210  9f 0a 00 00 00 00 00 00 46 0d 00 00 00 00 00 00  ........F.......
28007d220  00 e0 21 10 01 00 00 00 00 00 00 00 00 00 00 00  ..!.............
28007d230  19 18 aa e5 a1 01 00 00 8c 07 00 00 01 00 00 00  ................
28007d240  10 62 75 6e 64 6c 65 5f 69 6e 66 6f 2e 6a 73 6f  .bundle_info.jso
28007d250  6e 00 00 00 00 00 00 00 00 00 00 00 00 00 00 00  n...............
28007d260  60 d2 f9 5f 5a 0c 00 00 93 00 60 00 00 00 00 00  `.._Z.....`.....
28007d270  1b 6c 69 73 74 5b 5d 5b 64 61 74 61 5d 5b 5d 5b  .list[][data][][
28007d280  75 70 6c 6f 61 64 5f 69 64 5d 3d 39 00 00 00 00  upload_id]=9....
28007d290  00 8a 43 0a 01 00 00 00 a4 7e 6f 06 01 00 00 00  ..C......~o.....
28007d2a0  a4 7e 6f 06 01 00 00 00 f4 7e 6f 06 01 00 00 00  .~o......~o.....
28007d2b0  a0 c2 07 80 02 00 00 00 61 6c 35 36 00 00 00 00  ........al56....
28007d2c0  c0 d2 f9 5f 5a 0c 00 00 a1 00 60 00 00 00 00 00  ..._Z.....`.....
28007d2d0  18 6c 69 73 74 5b 5d 5b 68 65 61 64 65 72 5d 5b  .list[][header][
28007d2e0  61 69 64 5d 3d 31 31 32 38 00 00 00 00 00 00 00  aid]=1128.......
28007d2f0  e1 13 aa e5 a1 01 00 00 00 00 00 00 00 00 00 00  ................
28007d300  00 45 e2 80 02 00 00 00 00 00 00 00 02 00 00 00  .E..............
28007d310  03 00 00 00 01 00 00 00 00 00 00 00 00 00 00 00  ................
28007d320  31 7a b0 e5 a1 01 00 00 5e 00 00 00 00 00 00 00  1z......^.......
28007d330  b8 04 a0 db 01 00 00 00 01 00 00 00 00 00 00 00  ................
28007d340  00 00 00 00 00 00 00 00 00 00 00 00 00 00 00 00  ................
28007d350  50 d3 f9 5f 5a 0c 00 00 96 00 60 00 00 00 00 00  P.._Z.....`.....
28007d360  1c 6c 69 73 74 5b 5d 5b 64 61 74 61 5d 5b 5d 5b  .list[][data][][
28007d370  69 6e 73 65 72 74 5f 69 64 5d 3d 39 38 00 00 00  insert_id]=98...
28007d380  a0 05 00 80 02 00 00 00 a0 f5 07 80 02 00 00 00  ................
28007d390  e0 5d d6 80 02 00 00 00 c0 40 9f 81 02 00 00 00  .].......@......
28007d3a0  08 00 00 00 00 00 00 00 c0 00 00 00 00 00 00 00  ................
28007d3b0  f0 f0 a9 e5 01 00 00 00 02 00 00 c3 00 00 00 00  ................
28007d3c0  8c b2 ee 02 01 00 00 00 08 f3 23 0a 01 00 00 00  ..........#.....
28007d3d0  20 4d fe 82 02 00 00 00 d0 23 00 80 02 00 00 00   M.......#......
28007d3e0  e0 d3 f9 5f 5a 0c 00 00 94 00 60 00 00 00 00 00  ..._Z.....`.....
28007d3f0  1a 6c 69 73 74 5b 5d 5b 68 65 61 64 65 72 5d 5b  .list[][header][
28007d400  6f 73 5f 76 65 72 73 69 6f 6e 5d 00 00 00 00 00  os_version].....
28007d410  71 33 aa e5 a1 01 00 00 04 00 00 00 00 00 00 00  q3..............
28007d420  00 45 ff 82 02 00 00 00 50 45 ff 82 02 00 00 00  .E......PE......
28007d430  f0 45 ff 82 02 00 00 00 d0 42 ff 82 02 00 00 00  .E.......B......
28007d440  e1 13 aa e5 a1 01 00 00 00 00 00 00 00 00 00 00  ................
28007d450  f0 44 e2 80 02 00 00 00 00 00 00 00 02 00 00 00  .D..............
28007d460  02 00 00 00 01 00 00 00 00 00 00 00 00 00 00 00  ................
28007d470  e1 13 aa e5 a1 01 00 00 00 00 00 00 00 00 00 00  ................
28007d480  00 00 00 00 00 00 00 00 00 00 00 00 00 00 00 00  ................
28007d490  03 00 00 00 00 00 00 00 00 00 00 00 00 00 00 00  ................
28007d4a0  31 7a b0 e5 a1 01 00 00 d9 00 00 00 00 00 00 00  1z..............
28007d4b0  f8 05 a0 db 01 00 00 00 01 00 00 00 00 00 00 00  ................
28007d4c0  30 21 34 11 01 00 00 00 00 00 00 00 00 00 00 00  0!4.............
28007d4d0  d0 d4 f9 5f 5a 0c 00 00 75 00 60 00 00 00 00 00  ..._Z...u.`.....
28007d4e0  1c 6c 69 73 74 5b 5d 5b 64 61 74 61 5d 5b 5d 5b  .list[][data][][
28007d4f0  6d 6f 64 75 6c 65 5d 3d 65 76 65 6e 74 00 00 00  module]=event...
28007d500  31 7a b0 e5 a1 01 00 00 53 00 00 00 00 00 00 00  1z......S.......
28007d510  d8 04 a0 db 01 00 00 00 01 00 00 00 00 00 00 00  ................
28007d520  00 00 00 00 00 00 00 00 00 00 00 00 00 00 00 00  ................
28007d530  30 d5 f9 5f 5a 0c 00 00 63 00 60 00 00 00 00 00  0.._Z...c.`.....
28007d540  1e 6c 69 73 74 5b 5d 5b 64 61 74 61 5d 5b 5d 5b  .list[][data][][
28007d550  73 65 71 5f 6e 6f 5f 74 79 70 65 5d 3d 32 37 00  seq_no_type]=27.
28007d560  60 d5 f9 5f 5a 0c 00 00 89 00 60 00 00 00 00 00  `.._Z.....`.....

[end signal]{
    "X-Argus" = "LxTscojyw6xaWHEDciBXImazYggW4zAJ/10M4oIzUEFZewtbh74RwbW2pB0xAk9SuNHxFmQxL0sexzvzPgqqOSA5H4X1mED3dPDESktoLN++ONdhlFktCXl78swxPtMgoUn/483CwJEHZ3lQwyJl3/ZWiHkknpzg7qcovEaXXdQ/umeulEMWuTkLQKe+N0tnzosdeHmwzM3af6Mu1tSHtVZCI8wlwWVI6iJAdzIKsJM9EV5gLRMkd0eQN8LzfFadrpY=";
    "X-Gorgon" = 840460bc8000399cbfb88da39d15a973c8521da056992840d7ab;
    "X-Khronos" = 1618201440;
    "X-Ladon" = "T+picTPdbXrHvzhglRywsEd2D2s9STghU2ulv4D6yXoNDwF6";
    "X-Tyhon" = "BRWIOZRF5DOZbZt8gH39L6d2mQCmbLF5mmiesSI=";
}
Aweme!0x3ed32f4 2
Aweme!0x3e56530 1
Aweme!0x3e4e1f0 12
Aweme!0x3ecb9dc 7
Aweme!0x3ea1664 1
Aweme!0x3eda1e8 2
Aweme!0x3e8a208 1
Aweme!0x3e885c0 2
Aweme!0x3ed3010 516
Aweme!0x3e71108 1
Aweme!0x3e70f38 3
Aweme!0x3eca930 13
Aweme!0x3e67c04 1
Aweme!0x3e67a34 1
Aweme!0x3e7cea8 2
Aweme!0x3e523f0 5
Aweme!0x3ea7e18 52
Aweme!0x3ea3c78 1
Aweme!0x3e84a4c 1
Aweme!0x3ecb188 2
Aweme!0x3ecafb8 1
Aweme!0x3e60518 1
Aweme!0x3ead464 1
Aweme!0x3ed30cc 3
Aweme!0x3ed9ea8 5
Aweme!0x3e711c4 2
Aweme!0x3ecb2a0 23
Aweme!0x3ed7210 1
Aweme!0x3e7cf08 4
Aweme!0x3e57ef4 18
Aweme!0x3e86920 5
Aweme!0x3ed31e4 258
Aweme!0x3ed9fc0 1
Aweme!0x775e78c 255
Aweme!0x3e712dc 3
Aweme!0x3ed3240 1
Aweme!0x3ed3358 3
Aweme!0x775e390 3
Aweme!0x3ede618 2
Aweme!0x3edded8 1
Aweme!0x3ecef8c 1
Aweme!0x3e90ed4 1
Aweme!0x3e713f4 1
Aweme!0x3ecabc0 5
Aweme!0x3ecb9e4 7
Aweme!0x3eca820 4
Aweme!0x3ea1d50 1
Aweme!0x3e51f40 3
Aweme!0x3e8a210 1
Aweme!0x3e5e594 1
Aweme!0x3e714b0 1
Aweme!0x775c5d8 35
Aweme!0x3e70ba0 11
Aweme!0x3e868c8 5
Aweme!0x3e5e8d8 1
Aweme!0x3e4f5ec 2
Aweme!0x3e71284 1
Aweme!0x3e71110 1
Aweme!0x3ea1ac8 1
Aweme!0x3e70b44 8
Aweme!0x3e6057c 2
Aweme!0x3e67810 57
Aweme!0x3e51918 8
Aweme!0x3e8c880 4
Aweme!0x3e61858 1
Aweme!0x3eac818 1
Aweme!0x3ecb134 1
Aweme!0x3ecaf64 1
Aweme!0x3e8a0a0 1
Aweme!0x3ecfd58 1
Aweme!0x3e711cc 2
Aweme!0x3eda368 1
Aweme!0x3ecf3ec 2
Aweme!0x3e523fc 7
Aweme!0x3e7ce58 4
Aweme!0x3e5205c 11
Aweme!0x3eca540 4
Aweme!0x3ed7104 4
Aweme!0x3e872f4 2
Aweme!0x3ea6180 1
Aweme!0x3ed3304 1
Aweme!0x3ecf504 1
Aweme!0x3ed32a8 3
Aweme!0x3ea0f90 1
Aweme!0x3e870c8 2
Aweme!0x3e51fa4 6
Aweme!0x3e70c60 1
Aweme!0x3ee4520 2
Aweme!0x3eda3c8 4
Aweme!0x3eda028 1
Aweme!0x3ea8d04 7
Aweme!0x3e710b8 2
Aweme!0x3e5e93c 2
Aweme!0x3e712e8 2
Aweme!0x3ea7e84 1
Aweme!0x3eac8d8 1
Aweme!0x3e618bc 2
Aweme!0x3e7128c 6
Aweme!0x775e39c 7
Aweme!0x3e70d1c 2
Aweme!0x3e86de4 1
Aweme!0x3e71400 1
Aweme!0x3ecaa58 11
Aweme!0x3e70920 1
Aweme!0x775b534 2
Aweme!0x3ed9eb8 4
Aweme!0x3e713a4 1
Aweme!0x3e67b00 2
Aweme!0x3ea12d8 1
Aweme!0x775e7f8 1
Aweme!0x3eca9a0 3
Aweme!0x3e58b58 253
Aweme!0x3e5c5b8 1
Aweme!0x3e7111c 2
Aweme!0x3e520c0 3
Aweme!0x3e93da8 2
Aweme!0x3e70d7c 2
Aweme!0x3e70980 29
Aweme!0x3e8a108 1
Aweme!0x3e70af4 21
Aweme!0x3eda5fc 1
Aweme!0x3e8c7d4 2
Aweme!0x3e4e71c 4
Aweme!0x3ecfd64 1
Aweme!0x3ea8d0c 304
Aweme!0x3eca9a4 4
Aweme!0x3eca604 3
Aweme!0x3ed31f8 2
Aweme!0x3ed3028 814
Aweme!0x3ee49e0 1
Aweme!0x3ecb1fc 1
Aweme!0x3ecb02c 2
Aweme!0x3e71294 2
Aweme!0x3e71464 1
Aweme!0x3ea7a90 8
Aweme!0x3e67bc0 2
Aweme!0x3e5c8a4 1
Aweme!0x3e87300 4
Aweme!0x775e348 7
Aweme!0x3ea0a88 1
Aweme!0x3ed32b4 2
Aweme!0x3e86dec 1
Aweme!0x3e4e1b0 6
Aweme!0x3e5bd68 4
Aweme!0x3ea1680 3
Aweme!0x3e716f0 8
Aweme!0x3e5c61c 2
Aweme!0x3e70c10 3
Aweme!0x775e7a4 255
Aweme!0x3e84b20 1
Aweme!0x3ede85c 3
Aweme!0x775cb00 1
Aweme!0x775e918 1
Aweme!0x3ea61ec 22
Aweme!0x3ea1228 1
Aweme!0x3ea8c54 6
Aweme!0x3e808c8 1
Aweme!0x3e6047c 1
Aweme!0x3e713b0 3
Aweme!0x3e711e0 1
Aweme!0x3ed325c 5
Aweme!0x775e804 4
Aweme!0x3ecb260 6
Aweme!0x3e853d8 30
Aweme!0x3e712f8 1
Aweme!0x3e71128 1
Aweme!0x3e7bed4 1
Aweme!0x3e71698 10
Aweme!0x3ea61f0 2
Aweme!0x3e7129c 1
Aweme!0x3e85208 9
Aweme!0x3e86df4 9
Aweme!0x3ea2ad4 2
Aweme!0x3e70b5c 21
Aweme!0x3e71240 2
Aweme!0x3e4e728 3
Aweme!0x3e51534 8
Aweme!0x3ed9ec8 3
Aweme!0x3ea1858 37
Aweme!0x3ecf460 1
Aweme!0x3e70c74 1
Aweme!0x3edb1a4 1
Aweme!0x3ecc428 1
Aweme!0x3e83398 1
Aweme!0x3e70d30 1
Aweme!0x3ed9d58 5
Aweme!0x3e5cbf4 1
Aweme!0x3e872b0 13
Aweme!0x3e711e8 1
Aweme!0x3ea8ba8 55
Aweme!0x3ec92dc 1
Aweme!0x3ed3264 257
Aweme!0x3e87254 7
Aweme!0x3e7118c 2
Aweme!0x3e8a060 3
Aweme!0x3eda3e0 7
Aweme!0x3e617bc 1
Aweme!0x3ea8d1c 1
Aweme!0x3ea1630 2
Aweme!0x3e71300 1
Aweme!0x3e8a230 2
Aweme!0x3ea8cc0 3
Aweme!0x3e86fcc 4
Aweme!0x3ed3150 41
Aweme!0x3e87d94 2
Aweme!0x3eca8a0 1
Aweme!0x3edb264 1
Aweme!0x3e4e730 2
Aweme!0x3e8a290 2
Aweme!0x3ecaa14 6
Aweme!0x3ee1390 1
Aweme!0x3ed32c4 2
Aweme!0x3e7019c 1
Aweme!0x3e52134 5
Aweme!0x3e713bc 1
Aweme!0x3e8a1d8 1
Aweme!0x3e70140 1
Aweme!0x3e70d94 1
Aweme!0x3e88020 1
Aweme!0x3e58b14 253
Aweme!0x3e67890 4
Aweme!0x3ed31b0 1
Aweme!0x3e7141c 1
Aweme!0x3e7124c 5
Aweme!0x3e86f74 1
Aweme!0x3e84dbc 1
Aweme!0x3e8a120 1
Aweme!0x3ea8bb0 69
Aweme!0x3e4de24 10
Aweme!0x3e708e0 1
Aweme!0x3edb20c 2
Aweme!0x3e70fc4 4
Aweme!0x3eda3e8 3
Aweme!0x3e88764 1
Aweme!0x3e8c790 2
Aweme!0x3e87200 1
Aweme!0x775e078 11
Aweme!0x3ea1b4c 1
Aweme!0x3e868f0 5
Aweme!0x3ea197c 28
Aweme!0x3ecd59c 2
Aweme!0x3e86fd4 4
Aweme!0x3ead4f0 1
Aweme!0x3e52080 15
Aweme!0x3ed4bd0 2
Aweme!0x3e71080 2
Aweme!0x3ea1a94 1
Aweme!0x3e70b10 12
Aweme!0x3ecaa78 1
Aweme!0x3eda21c 2
Aweme!0x3ed7070 2
Aweme!0x3ed9e7c 3
Aweme!0x3e71368 2
Aweme!0x3e90e48 1
Aweme!0x3ea7994 4
Aweme!0x3ecb2d0 57
Aweme!0x3e520e0 15
Aweme!0x3eb1c60 1
Aweme!0x3e70bcc 1
Aweme!0x775c5a8 9
Aweme!0x3ecaca8 1
Aweme!0x3ea03c0 1
Aweme!0x3e5c520 2
Aweme!0x3edad5c 2
Aweme!0x3e8a128 3
Aweme!0x3ee7920 4
Aweme!0x3ec9348 2
Aweme!0x3ed72a0 1
Aweme!0x3ea1188 1
Aweme!0x3e8a0cc 2
Aweme!0x3e5d118 1
Aweme!0x3e71028 1
Aweme!0x3ea169c 2
Aweme!0x3e926f4 1
Aweme!0x3ecb278 1
Aweme!0x3e67728 3
Aweme!0x3e70f70 2
Aweme!0x3e92868 1
Aweme!0x3e86fdc 4
Aweme!0x3e8a188 1
Aweme!0x3ea1928 1
Aweme!0x3e71428 1
Aweme!0x3e90f08 1
Aweme!0x3ed69f0 1
Aweme!0x3eca340 6
Aweme!0x3e4e740 4
Aweme!0x3ecb164 1
Aweme!0x3e711fc 1
Aweme!0x775d148 24
Aweme!0x3e8a244 3
Aweme!0x3e70fd0 4
Aweme!0x3ecb9bc 3
Aweme!0x3e61204 2
Aweme!0x3ea8cd4 3
Aweme!0x3e4dd78 2
Aweme!0x775e084 6
Aweme!0x3e71488 1
Aweme!0x3e5208c 5
Aweme!0x3e70d48 2
Aweme!0x3e5cc68 2
Aweme!0x3ea03c8 9
Aweme!0x3e624e0 2
Aweme!0x3e57394 1
Aweme!0x3ecb1c4 1
Aweme!0x3ea1c70 1
Aweme!0x3ea7c28 5
Aweme!0x3eda3f8 6
Aweme!0x3e70550 3
Aweme!0x3e71374 2
Aweme!0x3e8a078 1
Aweme!0x3e928cc 2
Aweme!0x3eb31d0 4
Aweme!0x3e71318 3
Aweme!0x3e520ec 6
Aweme!0x3e70da8 5
Aweme!0x3e70bd8 3
Aweme!0x3e5c1e8 1
Aweme!0x3e7ce8c 6
Aweme!0x3e71430 3
Aweme!0x3ecac58 52
Aweme!0x775dfd0 39
Aweme!0x3e84a30 1
Aweme!0x3ed32dc 257
Aweme!0x3ecda08 1
Aweme!0x3ee5718 6
Aweme!0x3e8c7a4 2
Aweme!0x775e828 10
Aweme!0x3ecb9c4 4
Aweme!0x3ea8c7c 2
Aweme!0x3ea0828 8
Aweme!0x3ea164c 1
Aweme!0x3e9a300 5
Aweme!0x3e7114c 1
Aweme!0x3e5cb58 2
Aweme!0x3e70f7c 1
Aweme!0x3e86ad4 2
Aweme!0x3e71490 1
Aweme!0x3ecc730 1
Aweme!0x3ea1764 1
Aweme!0x3ead334 1
Aweme!0x3e68100 1
Aweme!0x3e58a74 506
Aweme!0x775e888 1
Aweme!0x3ecf140 1
Aweme!0x3ed67d0 7
Aweme!0x3ed30b4 4
Aweme!0x3ed9e90 5
Aweme!0x3e711ac 3
Aweme!0x775c7e8 304
Aweme!0x3e87048 2
Aweme!0x3e51f24 5
Aweme!0x3e70db0 21
Aweme!0x3eca7a8 4
Aweme!0x775e090 3
Aweme!0x3ed3224 256
Aweme!0x3e93d80 8
Aweme!0x3ede65c 1
Aweme!0x3e523dc 2
Aweme!0x3e8a13c 3
Aweme!0x3ea8c28 4
Aweme!0x3ecc8a8 1
Aweme!0x3e70b28 12
Aweme!0x3ea170c 9
Aweme!0x3e71268 1
Aweme!0x3e70100 2
Aweme!0x3ecda6c 2
Aweme!0x775d328 2
Aweme!0x3ecec30 19
Aweme!0x3ecf828 1
Aweme!0x3ee4b84 8
Aweme!0x3ecb118 3
Aweme!0x3ee5894 2
Aweme!0x3e4e698 2
Aweme!0x3ea1998 1
Aweme!0x3e86adc 1
Aweme!0x3edb340 2
Aweme!0x3e71668 9
Aweme!0x3ed9ddc 8
Aweme!0x3ed4a78 1
Aweme!0x3eda2f0 2
Aweme!0x3eda120 1
Aweme!0x3e87334 5
Aweme!0x3e67854 1
Aweme!0x3ed3344 1
Aweme!0x3e58964 1
Aweme!0x3e90ec0 1
Aweme!0x3eda408 3
Aweme!0x3e516d4 7
Aweme!0x775e834 2
Aweme!0x3edacbc 1
Aweme!0x3e51f88 10
Aweme!0x3e89ce8 1
Aweme!0x3eda3ac 2
Aweme!0x3ea16b4 45
Aweme!0x3ed328c 2
Aweme!0x3e71328 1
Aweme!0x3edb174 1
Aweme!0x3e86ff4 3
Aweme!0x3ecc90c 2
Aweme!0x775ec90 6
Aweme!0x3e67688 3
Aweme!0x3e71440 1
Aweme!0x3e71270 3
Aweme!0x3e52044 3
Aweme!0x3ee4790 1
Aweme!0x3ecf88c 2
Aweme!0x775e720 6
Aweme!0x3e872dc 5
Aweme!0x3e70ca4 2
Aweme!0x3e5c824 2
Aweme!0x3ed7260 1
Aweme!0x3ecb9d4 1
Aweme!0x775c7f4 38
Aweme!0x3e70dbc 1
Aweme!0x3e86ae4 1
Aweme!0x3e714a0 2
Aweme!0x3ecaaf8 1
Aweme!0x3e709c0 30
Aweme!0x3e523e8 2
Aweme!0x3ecfc30 1
Aweme!0x3e84c14 1
Aweme!0x3ecb180 18
Aweme!0x3e71218 3
Aweme!0x3e86ba0 3
Aweme!0x3ea6110 2
Aweme!0x3e70e1c 2
Aweme!0x3ed3238 6
Aweme!0x775e7e0 2
Aweme!0x3e70f90 2
Aweme!0x3ea1b74 10
Aweme!0x3ee5674 4
Aweme!0x3e5de48 2
Aweme!0x3e51ed8 15
Aweme!0x3eac354 1
Aweme!0x3e71448 1
Aweme!0x3ecb1e0 1
Aweme!0x3eaea20 11
Aweme!0x3e70d08 2
On receive  16384
Error happenError: unable to find module containing 0x12318c25c
Error happenError: unable to find module containing 0x12310e984
Error happenError: unable to find module containing 0x12310e994
