AwemeModuleBase:0x1040ff4f0
arg1 https://search3-search-lf.amemv.com/aweme/v1/search/item/?caid1=0803bffc8815b9f02c08f48f95c1008c&tma_jssdk_version=2.1.0.2&minor_status=0&ac=WIFI&appTheme=dark&is_vcd=1&keyword=%E7%8E%8B%E4%B8%80%E5%8D%9A&video_cover_shrink=372_496&enter_from=homepage_hot&sort_type=0&backtrace=M7U2PfbCPC7qlX46ow2D73foIbuD7zG%2BTODCT48wHI74oC1dlQVm4omXMt%2BkHUSKjMf5EJvWyjt3jVKDb%2FBylQ%3D%3D&count=12&is_filter_search=0&user_avatar_shrink=64_64&source=video_search&query_correct_type=1&rs_word_count=5&offset=0&search_source=normal_search&publish_time=0&hot_search=0&aid=1128&app_name=aweme&app_version=14.8.0&build_number=148013&cdid=FEDA96DE-E849-4E15-99C9-66CD61F50ADD&channel=App%20Store&device_id=4169787388733342&device_platform=iphone&device_type=iPhone9,1&idfa=322127EF-8E4E-48E9-98E0-99ACBDC85525&iid=2955926580500413&js_sdk_version=1.99.0.3&mcc_mnc=&openudid=a4cb7b4ade7c5e8e6c90cf8f892aafe6c64c73d1&os_api=18&os_version=13.3.1&screen_width=750&version_code=14.8.0&vid=25AD3C98-7CA5-4B2E-9B39-9BAEFC31BBD2
arg2 {
    "User-Agent" = "Aweme 14.8.0 rv:148013 (iPhone; iOS 13.3.1; zh_CN) Cronet";
    "x-common-params-v2" = "aid=1128&app_name=aweme&app_version=14.8.0&build_number=148013&cdid=FEDA96DE-E849-4E15-99C9-66CD61F50ADD&channel=App%20Store&device_id=4169787388733342&device_platform=iphone&device_type=iPhone9,1&idfa=322127EF-8E4E-48E9-98E0-99ACBDC85525&iid=2955926580500413&js_sdk_version=1.99.0.3&mcc_mnc=&openudid=a4cb7b4ade7c5e8e6c90cf8f892aafe6c64c73d1&os_api=18&os_version=13.3.1&screen_width=750&version_code=14.8.0&vid=25AD3C98-7CA5-4B2E-9B39-9BAEFC31BBD2";
    "x-tt-token" = "003c4774314c4f83d0177a0ae886f5a6f50056cb8fc53fa60c3b0bf88596c762fc922f46798e27276d911e99fde0203a46a8df6837c3279998eaaccf63df5e59c34fb9458bd8d9b17fd1ecf392c2a6fc08649f8411f4295761fc95f3fe46affde27ce-1.0.1";
}
call Aweme!0x3e71668
,	Aweme!0x3e71668 this.args0 0x171f0aa70 0x171f0aa70

,	Aweme!0x3e71668 this.args1 0x0 0x0

,	Aweme!0x3e71668 this.args2 0x120a8 0x120a8

,	Aweme!0x3e71668 this.args3 0x4c 0x4c

,	Aweme!0x3e71668 this.args4 0x6f 0x6f

,	Aweme!0x3e71668 this.args0 onLeave 0x171f0aa70 0x171f0aa70

,	Aweme!0x3e71668 this.args1 onLeave 0x0 0x0

,	Aweme!0x3e71668 this.args2 onLeave 0x120a8 0x120a8

,	Aweme!0x3e71668 this.args3 onLeave 0x4c 0x4c

,	Aweme!0x3e71668 this.args4 onLeave 0x6f 0x6f

,retval onLeave: 0x109ac90e8             0  1  2  3  4  5  6  7  8  9  A  B  C  D  E  F  0123456789ABCDEF
109ac90e8  38 56 0a 04 01 00 00 00 58 56 0a 04 01 00 00 00  8V......XV......
109ac90f8  64 56 0a 04 01 00 00 00 68 56 0a 04 01 00 00 00  dV......hV......
109ac9108  00 00 00 00 00 00 00 00 80 56 0a 04 01 00 00 00  .........V......
109ac9118  00 00 00 00 00 00 00 00 00 00 00 00 00 00 00 00  ................
109ac9128  00 00 00 00 00 00 00 00 00 00 00 00 00 00 00 00  ................
109ac9138  00 00 00 00 00 00 00 00 98 56 0a 04 01 00 00 00  .........V......
109ac9148  00 00 00 00 00 00 00 00 b0 a8 d1 09 01 00 00 00  ................
109ac9158  f0 a8 d1 09 01 00 00 00 40 5a 98 82 02 00 00 00  ........@Z......
109ac9168  00 00 00 00 00 00 00 00 a0 c7 99 82 02 00 00 00  ................
109ac9178  00 00 00 00 00 00 00 00 40 ff 99 82 02 00 00 00  ........@.......
109ac9188  00 00 00 00 00 00 00 00 10 38 ef 04 01 00 00 00  .........8......
109ac9198  00 00 00 00 00 00 00 00 78 78 b6 0a 01 00 00 00  ........xx......
109ac91a8  84 78 b6 0a 01 00 00 00 b0 0a 13 0c 01 00 00 00  .x..............
109ac91b8  90 78 b6 0a 01 00 00 00 ac 78 b6 0a 01 00 00 00  .x.......x......
109ac91c8  c0 0a 13 0c 01 00 00 00 b0 78 b6 0a 01 00 00 00  .........x......
109ac91d8  c0 78 b6 0a 01 00 00 00 d9 0a 13 0c 01 00 00 00  .x..............
109ac91e8  80 2c 7f 08 01 00 00 00 d0 78 b6 0a 01 00 00 00  .,.......x......
109ac91f8  f8 78 b6 0a 01 00 00 00 b0 6d 7e 08 01 00 00 00  .x.......m~.....
109ac9208  08 79 b6 0a 01 00 00 00 14 79 b6 0a 01 00 00 00  .y.......y......
109ac9218  30 79 b6 0a 01 00 00 00 44 0b 13 0c 01 00 00 00  0y......D.......
109ac9228  44 0f 13 0c 01 00 00 00 48 79 b6 0a 01 00 00 00  D.......Hy......
109ac9238  60 79 b6 0a 01 00 00 00 f4 78 b6 0a 01 00 00 00  `y.......x......
109ac9248  f0 0a 13 0c 01 00 00 00 04 79 b6 0a 01 00 00 00  .........y......
109ac9258  12 0b 13 0c 01 00 00 00 10 79 b6 0a 01 00 00 00  .........y......
109ac9268  1c 0b 13 0c 01 00 00 00 20 79 b6 0a 01 00 00 00  ........ y......
109ac9278  22 0b 13 0c 01 00 00 00 44 79 b6 0a 01 00 00 00  ".......Dy......
109ac9288  30 0b 13 0c 01 00 00 00 50 79 b6 0a 01 00 00 00  0.......Py......
109ac9298  84 13 13 0c 01 00 00 00 78 79 b6 0a 01 00 00 00  ........xy......
109ac92a8  90 13 13 0c 01 00 00 00 d4 79 b6 0a 01 00 00 00  .........y......
109ac92b8  b0 13 13 0c 01 00 00 00 a0 79 b6 0a 01 00 00 00  .........y......
109ac92c8  f8 79 b6 0a 01 00 00 00 f0 13 13 0c 01 00 00 00  .y..............
109ac92d8  e0 79 b6 0a 01 00 00 00 40 62 91 0a 01 00 00 00  .y......@b......
109ac92e8  48 62 91 0a 01 00 00 00 b8 a9 00 08 01 00 00 00  Hb..............
109ac92f8  c5 5f 44 0a 01 00 00 00 3c 5e 92 0a 01 00 00 00  ._D.....<^......
109ac9308  c5 5f 44 0a 01 00 00 00 53 5e 92 0a 01 00 00 00  ._D.....S^......
109ac9318  63 5e 92 0a 01 00 00 00 78 5e 92 0a 01 00 00 00  c^......x^......
109ac9328  a0 60 0b 04 01 00 00 00 a8 60 0b 04 01 00 00 00  .`.......`......
109ac9338  00 00 00 00 00 00 00 00 01 00 00 00 00 00 00 00  ................
109ac9348  6b 7f 79 0a 01 00 00 00 4c 21 f9 04 01 00 00 00  k.y.....L!......
109ac9358  d4 21 f9 04 01 00 00 00 00 de 57 0a 01 00 00 00  .!........W.....
109ac9368  08 de 57 0a 01 00 00 00 7c 79 b4 0b 01 00 00 00  ..W.....|y......
109ac9378  80 cb 01 0a 01 00 00 00 60 6c f7 09 01 00 00 00  ........`l......
109ac9388  f0 09 ed 09 01 00 00 00 c8 3e ed 09 01 00 00 00  .........>......
109ac9398  30 a0 ec 09 01 00 00 00 60 a0 ec 09 01 00 00 00  0.......`.......
109ac93a8  e0 d6 68 04 01 00 00 00 3c d7 68 04 01 00 00 00  ..h.....<.h.....
109ac93b8  00 00 00 00 00 00 00 00 84 af d1 09 01 00 00 00  ................
109ac93c8  00 00 00 00 00 00 00 00 f0 fe 99 82 02 00 00 00  ................
109ac93d8  01 00 00 00 00 00 00 00 76 30 34 2e 30 32 2e 30  ........v04.02.0
109ac93e8  31 2d 6d 6c 2d 69 4f 53 00 00 00 00 00 00 00 00  1-ml-iOS........
109ac93f8  00 00 00 00 00 00 00 00 00 00 00 00 00 00 00 00  ................
109ac9408  00 00 00 00 00 00 00 00 00 00 00 00 00 00 00 00  ................
109ac9418  00 00 00 00 00 00 00 00 00 00 00 00 00 00 00 00  ................
109ac9428  a4 af d1 09 01 00 00 00 b0 59 98 82 02 00 00 00  .........Y......
109ac9438  00 00 00 00 00 00 00 00 01 01 02 04 00 00 00 00  ................
109ac9448  00 00 00 00 00 00 00 00 c0 df bb 04 01 00 00 00  ................
109ac9458  00 00 00 00 00 00 00 00 38 5d 1b 0b 01 00 00 00  ........8]......
109ac9468  88 c9 81 0a 01 00 00 00 8f 64 de 0b 01 00 00 00  .........d......
109ac9478  84 c9 81 0a 01 00 00 00 c8 ad 5c 0a 01 00 00 00  ..........\.....
109ac9488  c0 ad 5c 0a 01 00 00 00 70 c9 81 0a 01 00 00 00  ..\.....p.......
109ac9498  80 c9 81 0a 01 00 00 00 82 64 de 0b 01 00 00 00  .........d......
109ac94a8  8c c9 81 0a 01 00 00 00 90 c9 81 0a 01 00 00 00  ................
109ac94b8  93 64 de 0b 01 00 00 00 e0 ad 5c 0a 01 00 00 00  .d........\.....
109ac94c8  94 c9 81 0a 01 00 00 00 a0 c9 81 0a 01 00 00 00  ................
109ac94d8  97 64 de 0b 01 00 00 00 20 ae 5c 0a 01 00 00 00  .d...... .\.....

call Aweme!0x3e71668
,	Aweme!0x3e71668 this.args0 0x171f0aa70 0x171f0aa70

,	Aweme!0x3e71668 this.args1 0x0 0x0

,	Aweme!0x3e71668 this.args2 0x120a8 0x120a8

,	Aweme!0x3e71668 this.args3 0x4c 0x4c

,	Aweme!0x3e71668 this.args4 0x6f 0x6f

,	Aweme!0x3e71668 this.args0 onLeave 0x171f0aa70 0x171f0aa70

,	Aweme!0x3e71668 this.args1 onLeave 0x0 0x0

,	Aweme!0x3e71668 this.args2 onLeave 0x120a8 0x120a8

,	Aweme!0x3e71668 this.args3 onLeave 0x4c 0x4c

,	Aweme!0x3e71668 this.args4 onLeave 0x6f 0x6f

,retval onLeave: 0x109ac90e8             0  1  2  3  4  5  6  7  8  9  A  B  C  D  E  F  0123456789ABCDEF
109ac90e8  38 56 0a 04 01 00 00 00 58 56 0a 04 01 00 00 00  8V......XV......
109ac90f8  64 56 0a 04 01 00 00 00 68 56 0a 04 01 00 00 00  dV......hV......
109ac9108  00 00 00 00 00 00 00 00 80 56 0a 04 01 00 00 00  .........V......
109ac9118  00 00 00 00 00 00 00 00 00 00 00 00 00 00 00 00  ................
109ac9128  00 00 00 00 00 00 00 00 00 00 00 00 00 00 00 00  ................
109ac9138  00 00 00 00 00 00 00 00 98 56 0a 04 01 00 00 00  .........V......
109ac9148  00 00 00 00 00 00 00 00 b0 a8 d1 09 01 00 00 00  ................
109ac9158  f0 a8 d1 09 01 00 00 00 40 5a 98 82 02 00 00 00  ........@Z......
109ac9168  00 00 00 00 00 00 00 00 a0 c7 99 82 02 00 00 00  ................
109ac9178  00 00 00 00 00 00 00 00 40 ff 99 82 02 00 00 00  ........@.......
109ac9188  00 00 00 00 00 00 00 00 10 38 ef 04 01 00 00 00  .........8......
109ac9198  00 00 00 00 00 00 00 00 78 78 b6 0a 01 00 00 00  ........xx......
109ac91a8  84 78 b6 0a 01 00 00 00 b0 0a 13 0c 01 00 00 00  .x..............
109ac91b8  90 78 b6 0a 01 00 00 00 ac 78 b6 0a 01 00 00 00  .x.......x......
109ac91c8  c0 0a 13 0c 01 00 00 00 b0 78 b6 0a 01 00 00 00  .........x......
109ac91d8  c0 78 b6 0a 01 00 00 00 d9 0a 13 0c 01 00 00 00  .x..............
109ac91e8  80 2c 7f 08 01 00 00 00 d0 78 b6 0a 01 00 00 00  .,.......x......
109ac91f8  f8 78 b6 0a 01 00 00 00 b0 6d 7e 08 01 00 00 00  .x.......m~.....
109ac9208  08 79 b6 0a 01 00 00 00 14 79 b6 0a 01 00 00 00  .y.......y......
109ac9218  30 79 b6 0a 01 00 00 00 44 0b 13 0c 01 00 00 00  0y......D.......
109ac9228  44 0f 13 0c 01 00 00 00 48 79 b6 0a 01 00 00 00  D.......Hy......
109ac9238  60 79 b6 0a 01 00 00 00 f4 78 b6 0a 01 00 00 00  `y.......x......
109ac9248  f0 0a 13 0c 01 00 00 00 04 79 b6 0a 01 00 00 00  .........y......
109ac9258  12 0b 13 0c 01 00 00 00 10 79 b6 0a 01 00 00 00  .........y......
109ac9268  1c 0b 13 0c 01 00 00 00 20 79 b6 0a 01 00 00 00  ........ y......
109ac9278  22 0b 13 0c 01 00 00 00 44 79 b6 0a 01 00 00 00  ".......Dy......
109ac9288  30 0b 13 0c 01 00 00 00 50 79 b6 0a 01 00 00 00  0.......Py......
109ac9298  84 13 13 0c 01 00 00 00 78 79 b6 0a 01 00 00 00  ........xy......
109ac92a8  90 13 13 0c 01 00 00 00 d4 79 b6 0a 01 00 00 00  .........y......
109ac92b8  b0 13 13 0c 01 00 00 00 a0 79 b6 0a 01 00 00 00  .........y......
109ac92c8  f8 79 b6 0a 01 00 00 00 f0 13 13 0c 01 00 00 00  .y..............
109ac92d8  e0 79 b6 0a 01 00 00 00 40 62 91 0a 01 00 00 00  .y......@b......
109ac92e8  48 62 91 0a 01 00 00 00 b8 a9 00 08 01 00 00 00  Hb..............
109ac92f8  c5 5f 44 0a 01 00 00 00 3c 5e 92 0a 01 00 00 00  ._D.....<^......
109ac9308  c5 5f 44 0a 01 00 00 00 53 5e 92 0a 01 00 00 00  ._D.....S^......
109ac9318  63 5e 92 0a 01 00 00 00 78 5e 92 0a 01 00 00 00  c^......x^......
109ac9328  a0 60 0b 04 01 00 00 00 a8 60 0b 04 01 00 00 00  .`.......`......
109ac9338  00 00 00 00 00 00 00 00 01 00 00 00 00 00 00 00  ................
109ac9348  6b 7f 79 0a 01 00 00 00 4c 21 f9 04 01 00 00 00  k.y.....L!......
109ac9358  d4 21 f9 04 01 00 00 00 00 de 57 0a 01 00 00 00  .!........W.....
109ac9368  08 de 57 0a 01 00 00 00 7c 79 b4 0b 01 00 00 00  ..W.....|y......
109ac9378  80 cb 01 0a 01 00 00 00 60 6c f7 09 01 00 00 00  ........`l......
109ac9388  f0 09 ed 09 01 00 00 00 c8 3e ed 09 01 00 00 00  .........>......
109ac9398  30 a0 ec 09 01 00 00 00 60 a0 ec 09 01 00 00 00  0.......`.......
109ac93a8  e0 d6 68 04 01 00 00 00 3c d7 68 04 01 00 00 00  ..h.....<.h.....
109ac93b8  00 00 00 00 00 00 00 00 84 af d1 09 01 00 00 00  ................
109ac93c8  00 00 00 00 00 00 00 00 f0 fe 99 82 02 00 00 00  ................
109ac93d8  01 00 00 00 00 00 00 00 76 30 34 2e 30 32 2e 30  ........v04.02.0
109ac93e8  31 2d 6d 6c 2d 69 4f 53 00 00 00 00 00 00 00 00  1-ml-iOS........
109ac93f8  00 00 00 00 00 00 00 00 00 00 00 00 00 00 00 00  ................
109ac9408  00 00 00 00 00 00 00 00 00 00 00 00 00 00 00 00  ................
109ac9418  00 00 00 00 00 00 00 00 00 00 00 00 00 00 00 00  ................
109ac9428  a4 af d1 09 01 00 00 00 b0 59 98 82 02 00 00 00  .........Y......
109ac9438  00 00 00 00 00 00 00 00 01 01 02 04 00 00 00 00  ................
109ac9448  00 00 00 00 00 00 00 00 c0 df bb 04 01 00 00 00  ................
109ac9458  00 00 00 00 00 00 00 00 38 5d 1b 0b 01 00 00 00  ........8]......
109ac9468  88 c9 81 0a 01 00 00 00 8f 64 de 0b 01 00 00 00  .........d......
109ac9478  84 c9 81 0a 01 00 00 00 c8 ad 5c 0a 01 00 00 00  ..........\.....
109ac9488  c0 ad 5c 0a 01 00 00 00 70 c9 81 0a 01 00 00 00  ..\.....p.......
109ac9498  80 c9 81 0a 01 00 00 00 82 64 de 0b 01 00 00 00  .........d......
109ac94a8  8c c9 81 0a 01 00 00 00 90 c9 81 0a 01 00 00 00  ................
109ac94b8  93 64 de 0b 01 00 00 00 e0 ad 5c 0a 01 00 00 00  .d........\.....
109ac94c8  94 c9 81 0a 01 00 00 00 a0 c9 81 0a 01 00 00 00  ................
109ac94d8  97 64 de 0b 01 00 00 00 20 ae 5c 0a 01 00 00 00  .d...... .\.....

call Aweme!0x3e71668
,	Aweme!0x3e71668 this.args0 0x171f0aa70 0x171f0aa70

,	Aweme!0x3e71668 this.args1 0x0 0x0

,	Aweme!0x3e71668 this.args2 0x120a8 0x120a8

,	Aweme!0x3e71668 this.args3 0x4c 0x4c

,	Aweme!0x3e71668 this.args4 0x6f 0x6f

,	Aweme!0x3e71668 this.args0 onLeave 0x171f0aa70 0x171f0aa70

,	Aweme!0x3e71668 this.args1 onLeave 0x0 0x0

,	Aweme!0x3e71668 this.args2 onLeave 0x120a8 0x120a8

,	Aweme!0x3e71668 this.args3 onLeave 0x4c 0x4c

,	Aweme!0x3e71668 this.args4 onLeave 0x6f 0x6f

,retval onLeave: 0x109ac90e8             0  1  2  3  4  5  6  7  8  9  A  B  C  D  E  F  0123456789ABCDEF
109ac90e8  38 56 0a 04 01 00 00 00 58 56 0a 04 01 00 00 00  8V......XV......
109ac90f8  64 56 0a 04 01 00 00 00 68 56 0a 04 01 00 00 00  dV......hV......
109ac9108  00 00 00 00 00 00 00 00 80 56 0a 04 01 00 00 00  .........V......
109ac9118  00 00 00 00 00 00 00 00 00 00 00 00 00 00 00 00  ................
109ac9128  00 00 00 00 00 00 00 00 00 00 00 00 00 00 00 00  ................
109ac9138  00 00 00 00 00 00 00 00 98 56 0a 04 01 00 00 00  .........V......
109ac9148  00 00 00 00 00 00 00 00 b0 a8 d1 09 01 00 00 00  ................
109ac9158  f0 a8 d1 09 01 00 00 00 40 5a 98 82 02 00 00 00  ........@Z......
109ac9168  00 00 00 00 00 00 00 00 a0 c7 99 82 02 00 00 00  ................
109ac9178  00 00 00 00 00 00 00 00 40 ff 99 82 02 00 00 00  ........@.......
109ac9188  00 00 00 00 00 00 00 00 10 38 ef 04 01 00 00 00  .........8......
109ac9198  00 00 00 00 00 00 00 00 78 78 b6 0a 01 00 00 00  ........xx......
109ac91a8  84 78 b6 0a 01 00 00 00 b0 0a 13 0c 01 00 00 00  .x..............
109ac91b8  90 78 b6 0a 01 00 00 00 ac 78 b6 0a 01 00 00 00  .x.......x......
109ac91c8  c0 0a 13 0c 01 00 00 00 b0 78 b6 0a 01 00 00 00  .........x......
109ac91d8  c0 78 b6 0a 01 00 00 00 d9 0a 13 0c 01 00 00 00  .x..............
109ac91e8  80 2c 7f 08 01 00 00 00 d0 78 b6 0a 01 00 00 00  .,.......x......
109ac91f8  f8 78 b6 0a 01 00 00 00 b0 6d 7e 08 01 00 00 00  .x.......m~.....
109ac9208  08 79 b6 0a 01 00 00 00 14 79 b6 0a 01 00 00 00  .y.......y......
109ac9218  30 79 b6 0a 01 00 00 00 44 0b 13 0c 01 00 00 00  0y......D.......
109ac9228  44 0f 13 0c 01 00 00 00 48 79 b6 0a 01 00 00 00  D.......Hy......
109ac9238  60 79 b6 0a 01 00 00 00 f4 78 b6 0a 01 00 00 00  `y.......x......
109ac9248  f0 0a 13 0c 01 00 00 00 04 79 b6 0a 01 00 00 00  .........y......
109ac9258  12 0b 13 0c 01 00 00 00 10 79 b6 0a 01 00 00 00  .........y......
109ac9268  1c 0b 13 0c 01 00 00 00 20 79 b6 0a 01 00 00 00  ........ y......
109ac9278  22 0b 13 0c 01 00 00 00 44 79 b6 0a 01 00 00 00  ".......Dy......
109ac9288  30 0b 13 0c 01 00 00 00 50 79 b6 0a 01 00 00 00  0.......Py......
109ac9298  84 13 13 0c 01 00 00 00 78 79 b6 0a 01 00 00 00  ........xy......
109ac92a8  90 13 13 0c 01 00 00 00 d4 79 b6 0a 01 00 00 00  .........y......
109ac92b8  b0 13 13 0c 01 00 00 00 a0 79 b6 0a 01 00 00 00  .........y......
109ac92c8  f8 79 b6 0a 01 00 00 00 f0 13 13 0c 01 00 00 00  .y..............
109ac92d8  e0 79 b6 0a 01 00 00 00 40 62 91 0a 01 00 00 00  .y......@b......
109ac92e8  48 62 91 0a 01 00 00 00 b8 a9 00 08 01 00 00 00  Hb..............
109ac92f8  c5 5f 44 0a 01 00 00 00 3c 5e 92 0a 01 00 00 00  ._D.....<^......
109ac9308  c5 5f 44 0a 01 00 00 00 53 5e 92 0a 01 00 00 00  ._D.....S^......
109ac9318  63 5e 92 0a 01 00 00 00 78 5e 92 0a 01 00 00 00  c^......x^......
109ac9328  a0 60 0b 04 01 00 00 00 a8 60 0b 04 01 00 00 00  .`.......`......
109ac9338  00 00 00 00 00 00 00 00 01 00 00 00 00 00 00 00  ................
109ac9348  6b 7f 79 0a 01 00 00 00 4c 21 f9 04 01 00 00 00  k.y.....L!......
109ac9358  d4 21 f9 04 01 00 00 00 00 de 57 0a 01 00 00 00  .!........W.....
109ac9368  08 de 57 0a 01 00 00 00 7c 79 b4 0b 01 00 00 00  ..W.....|y......
109ac9378  80 cb 01 0a 01 00 00 00 60 6c f7 09 01 00 00 00  ........`l......
109ac9388  f0 09 ed 09 01 00 00 00 c8 3e ed 09 01 00 00 00  .........>......
109ac9398  30 a0 ec 09 01 00 00 00 60 a0 ec 09 01 00 00 00  0.......`.......
109ac93a8  e0 d6 68 04 01 00 00 00 3c d7 68 04 01 00 00 00  ..h.....<.h.....
109ac93b8  00 00 00 00 00 00 00 00 84 af d1 09 01 00 00 00  ................
109ac93c8  00 00 00 00 00 00 00 00 f0 fe 99 82 02 00 00 00  ................
109ac93d8  01 00 00 00 00 00 00 00 76 30 34 2e 30 32 2e 30  ........v04.02.0
109ac93e8  31 2d 6d 6c 2d 69 4f 53 00 00 00 00 00 00 00 00  1-ml-iOS........
109ac93f8  00 00 00 00 00 00 00 00 00 00 00 00 00 00 00 00  ................
109ac9408  00 00 00 00 00 00 00 00 00 00 00 00 00 00 00 00  ................
109ac9418  00 00 00 00 00 00 00 00 00 00 00 00 00 00 00 00  ................
109ac9428  a4 af d1 09 01 00 00 00 b0 59 98 82 02 00 00 00  .........Y......
109ac9438  00 00 00 00 00 00 00 00 01 01 02 04 00 00 00 00  ................
109ac9448  00 00 00 00 00 00 00 00 c0 df bb 04 01 00 00 00  ................
109ac9458  00 00 00 00 00 00 00 00 38 5d 1b 0b 01 00 00 00  ........8]......
109ac9468  88 c9 81 0a 01 00 00 00 8f 64 de 0b 01 00 00 00  .........d......
109ac9478  84 c9 81 0a 01 00 00 00 c8 ad 5c 0a 01 00 00 00  ..........\.....
109ac9488  c0 ad 5c 0a 01 00 00 00 70 c9 81 0a 01 00 00 00  ..\.....p.......
109ac9498  80 c9 81 0a 01 00 00 00 82 64 de 0b 01 00 00 00  .........d......
109ac94a8  8c c9 81 0a 01 00 00 00 90 c9 81 0a 01 00 00 00  ................
109ac94b8  93 64 de 0b 01 00 00 00 e0 ad 5c 0a 01 00 00 00  .d........\.....
109ac94c8  94 c9 81 0a 01 00 00 00 a0 c9 81 0a 01 00 00 00  ................
109ac94d8  97 64 de 0b 01 00 00 00 20 ae 5c 0a 01 00 00 00  .d...... .\.....

call Aweme!0x3e71668
,	Aweme!0x3e71668 this.args0 0x171f0aa70 0x171f0aa70

,	Aweme!0x3e71668 this.args1 0x0 0x0

,	Aweme!0x3e71668 this.args2 0x120a8 0x120a8

,	Aweme!0x3e71668 this.args3 0xf9 0xf9

,	Aweme!0x3e71668 this.args4 0x6f 0x6f

,	Aweme!0x3e71668 this.args0 onLeave 0x171f0aa70 0x171f0aa70

,	Aweme!0x3e71668 this.args1 onLeave 0x0 0x0

,	Aweme!0x3e71668 this.args2 onLeave 0x120a8 0x120a8

,	Aweme!0x3e71668 this.args3 onLeave 0xf9 0xf9

,	Aweme!0x3e71668 this.args4 onLeave 0x6f 0x6f

,retval onLeave: 0x109ac90e8             0  1  2  3  4  5  6  7  8  9  A  B  C  D  E  F  0123456789ABCDEF
109ac90e8  38 56 0a 04 01 00 00 00 58 56 0a 04 01 00 00 00  8V......XV......
109ac90f8  64 56 0a 04 01 00 00 00 68 56 0a 04 01 00 00 00  dV......hV......
109ac9108  00 00 00 00 00 00 00 00 80 56 0a 04 01 00 00 00  .........V......
109ac9118  00 00 00 00 00 00 00 00 00 00 00 00 00 00 00 00  ................
109ac9128  00 00 00 00 00 00 00 00 00 00 00 00 00 00 00 00  ................
109ac9138  00 00 00 00 00 00 00 00 98 56 0a 04 01 00 00 00  .........V......
109ac9148  00 00 00 00 00 00 00 00 b0 a8 d1 09 01 00 00 00  ................
109ac9158  f0 a8 d1 09 01 00 00 00 40 5a 98 82 02 00 00 00  ........@Z......
109ac9168  00 00 00 00 00 00 00 00 a0 c7 99 82 02 00 00 00  ................
109ac9178  00 00 00 00 00 00 00 00 40 ff 99 82 02 00 00 00  ........@.......
109ac9188  00 00 00 00 00 00 00 00 10 38 ef 04 01 00 00 00  .........8......
109ac9198  00 00 00 00 00 00 00 00 78 78 b6 0a 01 00 00 00  ........xx......
109ac91a8  84 78 b6 0a 01 00 00 00 b0 0a 13 0c 01 00 00 00  .x..............
109ac91b8  90 78 b6 0a 01 00 00 00 ac 78 b6 0a 01 00 00 00  .x.......x......
109ac91c8  c0 0a 13 0c 01 00 00 00 b0 78 b6 0a 01 00 00 00  .........x......
109ac91d8  c0 78 b6 0a 01 00 00 00 d9 0a 13 0c 01 00 00 00  .x..............
109ac91e8  80 2c 7f 08 01 00 00 00 d0 78 b6 0a 01 00 00 00  .,.......x......
109ac91f8  f8 78 b6 0a 01 00 00 00 b0 6d 7e 08 01 00 00 00  .x.......m~.....
109ac9208  08 79 b6 0a 01 00 00 00 14 79 b6 0a 01 00 00 00  .y.......y......
109ac9218  30 79 b6 0a 01 00 00 00 44 0b 13 0c 01 00 00 00  0y......D.......
109ac9228  44 0f 13 0c 01 00 00 00 48 79 b6 0a 01 00 00 00  D.......Hy......
109ac9238  60 79 b6 0a 01 00 00 00 f4 78 b6 0a 01 00 00 00  `y.......x......
109ac9248  f0 0a 13 0c 01 00 00 00 04 79 b6 0a 01 00 00 00  .........y......
109ac9258  12 0b 13 0c 01 00 00 00 10 79 b6 0a 01 00 00 00  .........y......
109ac9268  1c 0b 13 0c 01 00 00 00 20 79 b6 0a 01 00 00 00  ........ y......
109ac9278  22 0b 13 0c 01 00 00 00 44 79 b6 0a 01 00 00 00  ".......Dy......
109ac9288  30 0b 13 0c 01 00 00 00 50 79 b6 0a 01 00 00 00  0.......Py......
109ac9298  84 13 13 0c 01 00 00 00 78 79 b6 0a 01 00 00 00  ........xy......
109ac92a8  90 13 13 0c 01 00 00 00 d4 79 b6 0a 01 00 00 00  .........y......
109ac92b8  b0 13 13 0c 01 00 00 00 a0 79 b6 0a 01 00 00 00  .........y......
109ac92c8  f8 79 b6 0a 01 00 00 00 f0 13 13 0c 01 00 00 00  .y..............
109ac92d8  e0 79 b6 0a 01 00 00 00 40 62 91 0a 01 00 00 00  .y......@b......
109ac92e8  48 62 91 0a 01 00 00 00 b8 a9 00 08 01 00 00 00  Hb..............
109ac92f8  c5 5f 44 0a 01 00 00 00 3c 5e 92 0a 01 00 00 00  ._D.....<^......
109ac9308  c5 5f 44 0a 01 00 00 00 53 5e 92 0a 01 00 00 00  ._D.....S^......
109ac9318  63 5e 92 0a 01 00 00 00 78 5e 92 0a 01 00 00 00  c^......x^......
109ac9328  a0 60 0b 04 01 00 00 00 a8 60 0b 04 01 00 00 00  .`.......`......
109ac9338  00 00 00 00 00 00 00 00 01 00 00 00 00 00 00 00  ................
109ac9348  6b 7f 79 0a 01 00 00 00 4c 21 f9 04 01 00 00 00  k.y.....L!......
109ac9358  d4 21 f9 04 01 00 00 00 00 de 57 0a 01 00 00 00  .!........W.....
109ac9368  08 de 57 0a 01 00 00 00 7c 79 b4 0b 01 00 00 00  ..W.....|y......
109ac9378  80 cb 01 0a 01 00 00 00 60 6c f7 09 01 00 00 00  ........`l......
109ac9388  f0 09 ed 09 01 00 00 00 c8 3e ed 09 01 00 00 00  .........>......
109ac9398  30 a0 ec 09 01 00 00 00 60 a0 ec 09 01 00 00 00  0.......`.......
109ac93a8  e0 d6 68 04 01 00 00 00 3c d7 68 04 01 00 00 00  ..h.....<.h.....
109ac93b8  00 00 00 00 00 00 00 00 84 af d1 09 01 00 00 00  ................
109ac93c8  00 00 00 00 00 00 00 00 f0 fe 99 82 02 00 00 00  ................
109ac93d8  01 00 00 00 00 00 00 00 76 30 34 2e 30 32 2e 30  ........v04.02.0
109ac93e8  31 2d 6d 6c 2d 69 4f 53 00 00 00 00 00 00 00 00  1-ml-iOS........
109ac93f8  00 00 00 00 00 00 00 00 00 00 00 00 00 00 00 00  ................
109ac9408  00 00 00 00 00 00 00 00 00 00 00 00 00 00 00 00  ................
109ac9418  00 00 00 00 00 00 00 00 00 00 00 00 00 00 00 00  ................
109ac9428  a4 af d1 09 01 00 00 00 b0 59 98 82 02 00 00 00  .........Y......
109ac9438  00 00 00 00 00 00 00 00 01 01 02 04 00 00 00 00  ................
109ac9448  00 00 00 00 00 00 00 00 c0 df bb 04 01 00 00 00  ................
109ac9458  00 00 00 00 00 00 00 00 38 5d 1b 0b 01 00 00 00  ........8]......
109ac9468  88 c9 81 0a 01 00 00 00 8f 64 de 0b 01 00 00 00  .........d......
109ac9478  84 c9 81 0a 01 00 00 00 c8 ad 5c 0a 01 00 00 00  ..........\.....
109ac9488  c0 ad 5c 0a 01 00 00 00 70 c9 81 0a 01 00 00 00  ..\.....p.......
109ac9498  80 c9 81 0a 01 00 00 00 82 64 de 0b 01 00 00 00  .........d......
109ac94a8  8c c9 81 0a 01 00 00 00 90 c9 81 0a 01 00 00 00  ................
109ac94b8  93 64 de 0b 01 00 00 00 e0 ad 5c 0a 01 00 00 00  .d........\.....
109ac94c8  94 c9 81 0a 01 00 00 00 a0 c9 81 0a 01 00 00 00  ................
109ac94d8  97 64 de 0b 01 00 00 00 20 ae 5c 0a 01 00 00 00  .d...... .\.....

call Aweme!0x3e71668
,	Aweme!0x3e71668 this.args0 0x171f0aa70 0x171f0aa70

,	Aweme!0x3e71668 this.args1 0x0 0x0

,	Aweme!0x3e71668 this.args2 0x120a8 0x120a8

,	Aweme!0x3e71668 this.args3 0xf9 0xf9

,	Aweme!0x3e71668 this.args4 0x6f 0x6f

,	Aweme!0x3e71668 this.args0 onLeave 0x171f0aa70 0x171f0aa70

,	Aweme!0x3e71668 this.args1 onLeave 0x0 0x0

,	Aweme!0x3e71668 this.args2 onLeave 0x120a8 0x120a8

,	Aweme!0x3e71668 this.args3 onLeave 0xf9 0xf9

,	Aweme!0x3e71668 this.args4 onLeave 0x6f 0x6f

,retval onLeave: 0x109ac90e8             0  1  2  3  4  5  6  7  8  9  A  B  C  D  E  F  0123456789ABCDEF
109ac90e8  38 56 0a 04 01 00 00 00 58 56 0a 04 01 00 00 00  8V......XV......
109ac90f8  64 56 0a 04 01 00 00 00 68 56 0a 04 01 00 00 00  dV......hV......
109ac9108  00 00 00 00 00 00 00 00 80 56 0a 04 01 00 00 00  .........V......
109ac9118  00 00 00 00 00 00 00 00 00 00 00 00 00 00 00 00  ................
109ac9128  00 00 00 00 00 00 00 00 00 00 00 00 00 00 00 00  ................
109ac9138  00 00 00 00 00 00 00 00 98 56 0a 04 01 00 00 00  .........V......
109ac9148  00 00 00 00 00 00 00 00 b0 a8 d1 09 01 00 00 00  ................
109ac9158  f0 a8 d1 09 01 00 00 00 40 5a 98 82 02 00 00 00  ........@Z......
109ac9168  00 00 00 00 00 00 00 00 a0 c7 99 82 02 00 00 00  ................
109ac9178  00 00 00 00 00 00 00 00 40 ff 99 82 02 00 00 00  ........@.......
109ac9188  00 00 00 00 00 00 00 00 10 38 ef 04 01 00 00 00  .........8......
109ac9198  00 00 00 00 00 00 00 00 78 78 b6 0a 01 00 00 00  ........xx......
109ac91a8  84 78 b6 0a 01 00 00 00 b0 0a 13 0c 01 00 00 00  .x..............
109ac91b8  90 78 b6 0a 01 00 00 00 ac 78 b6 0a 01 00 00 00  .x.......x......
109ac91c8  c0 0a 13 0c 01 00 00 00 b0 78 b6 0a 01 00 00 00  .........x......
109ac91d8  c0 78 b6 0a 01 00 00 00 d9 0a 13 0c 01 00 00 00  .x..............
109ac91e8  80 2c 7f 08 01 00 00 00 d0 78 b6 0a 01 00 00 00  .,.......x......
109ac91f8  f8 78 b6 0a 01 00 00 00 b0 6d 7e 08 01 00 00 00  .x.......m~.....
109ac9208  08 79 b6 0a 01 00 00 00 14 79 b6 0a 01 00 00 00  .y.......y......
109ac9218  30 79 b6 0a 01 00 00 00 44 0b 13 0c 01 00 00 00  0y......D.......
109ac9228  44 0f 13 0c 01 00 00 00 48 79 b6 0a 01 00 00 00  D.......Hy......
109ac9238  60 79 b6 0a 01 00 00 00 f4 78 b6 0a 01 00 00 00  `y.......x......
109ac9248  f0 0a 13 0c 01 00 00 00 04 79 b6 0a 01 00 00 00  .........y......
109ac9258  12 0b 13 0c 01 00 00 00 10 79 b6 0a 01 00 00 00  .........y......
109ac9268  1c 0b 13 0c 01 00 00 00 20 79 b6 0a 01 00 00 00  ........ y......
109ac9278  22 0b 13 0c 01 00 00 00 44 79 b6 0a 01 00 00 00  ".......Dy......
109ac9288  30 0b 13 0c 01 00 00 00 50 79 b6 0a 01 00 00 00  0.......Py......
109ac9298  84 13 13 0c 01 00 00 00 78 79 b6 0a 01 00 00 00  ........xy......
109ac92a8  90 13 13 0c 01 00 00 00 d4 79 b6 0a 01 00 00 00  .........y......
109ac92b8  b0 13 13 0c 01 00 00 00 a0 79 b6 0a 01 00 00 00  .........y......
109ac92c8  f8 79 b6 0a 01 00 00 00 f0 13 13 0c 01 00 00 00  .y..............
109ac92d8  e0 79 b6 0a 01 00 00 00 40 62 91 0a 01 00 00 00  .y......@b......
109ac92e8  48 62 91 0a 01 00 00 00 b8 a9 00 08 01 00 00 00  Hb..............
109ac92f8  c5 5f 44 0a 01 00 00 00 3c 5e 92 0a 01 00 00 00  ._D.....<^......
109ac9308  c5 5f 44 0a 01 00 00 00 53 5e 92 0a 01 00 00 00  ._D.....S^......
109ac9318  63 5e 92 0a 01 00 00 00 78 5e 92 0a 01 00 00 00  c^......x^......
109ac9328  a0 60 0b 04 01 00 00 00 a8 60 0b 04 01 00 00 00  .`.......`......
109ac9338  00 00 00 00 00 00 00 00 01 00 00 00 00 00 00 00  ................
109ac9348  6b 7f 79 0a 01 00 00 00 4c 21 f9 04 01 00 00 00  k.y.....L!......
109ac9358  d4 21 f9 04 01 00 00 00 00 de 57 0a 01 00 00 00  .!........W.....
109ac9368  08 de 57 0a 01 00 00 00 7c 79 b4 0b 01 00 00 00  ..W.....|y......
109ac9378  80 cb 01 0a 01 00 00 00 60 6c f7 09 01 00 00 00  ........`l......
109ac9388  f0 09 ed 09 01 00 00 00 c8 3e ed 09 01 00 00 00  .........>......
109ac9398  30 a0 ec 09 01 00 00 00 60 a0 ec 09 01 00 00 00  0.......`.......
109ac93a8  e0 d6 68 04 01 00 00 00 3c d7 68 04 01 00 00 00  ..h.....<.h.....
109ac93b8  00 00 00 00 00 00 00 00 84 af d1 09 01 00 00 00  ................
109ac93c8  00 00 00 00 00 00 00 00 f0 fe 99 82 02 00 00 00  ................
109ac93d8  01 00 00 00 00 00 00 00 76 30 34 2e 30 32 2e 30  ........v04.02.0
109ac93e8  31 2d 6d 6c 2d 69 4f 53 00 00 00 00 00 00 00 00  1-ml-iOS........
109ac93f8  00 00 00 00 00 00 00 00 00 00 00 00 00 00 00 00  ................
109ac9408  00 00 00 00 00 00 00 00 00 00 00 00 00 00 00 00  ................
109ac9418  00 00 00 00 00 00 00 00 00 00 00 00 00 00 00 00  ................
109ac9428  a4 af d1 09 01 00 00 00 b0 59 98 82 02 00 00 00  .........Y......
109ac9438  00 00 00 00 00 00 00 00 01 01 02 04 00 00 00 00  ................
109ac9448  00 00 00 00 00 00 00 00 c0 df bb 04 01 00 00 00  ................
109ac9458  00 00 00 00 00 00 00 00 38 5d 1b 0b 01 00 00 00  ........8]......
109ac9468  88 c9 81 0a 01 00 00 00 8f 64 de 0b 01 00 00 00  .........d......
109ac9478  84 c9 81 0a 01 00 00 00 c8 ad 5c 0a 01 00 00 00  ..........\.....
109ac9488  c0 ad 5c 0a 01 00 00 00 70 c9 81 0a 01 00 00 00  ..\.....p.......
109ac9498  80 c9 81 0a 01 00 00 00 82 64 de 0b 01 00 00 00  .........d......
109ac94a8  8c c9 81 0a 01 00 00 00 90 c9 81 0a 01 00 00 00  ................
109ac94b8  93 64 de 0b 01 00 00 00 e0 ad 5c 0a 01 00 00 00  .d........\.....
109ac94c8  94 c9 81 0a 01 00 00 00 a0 c9 81 0a 01 00 00 00  ................
109ac94d8  97 64 de 0b 01 00 00 00 20 ae 5c 0a 01 00 00 00  .d...... .\.....

call Aweme!0x3e71668
,	Aweme!0x3e71668 this.args0 0x171f0aa70 0x171f0aa70

,	Aweme!0x3e71668 this.args1 0x0 0x0

,	Aweme!0x3e71668 this.args2 0x120a8 0x120a8

,	Aweme!0x3e71668 this.args3 0xf9 0xf9

,	Aweme!0x3e71668 this.args4 0x6f 0x6f

,	Aweme!0x3e71668 this.args0 onLeave 0x171f0aa70 0x171f0aa70

,	Aweme!0x3e71668 this.args1 onLeave 0x0 0x0

,	Aweme!0x3e71668 this.args2 onLeave 0x120a8 0x120a8

,	Aweme!0x3e71668 this.args3 onLeave 0xf9 0xf9

,	Aweme!0x3e71668 this.args4 onLeave 0x6f 0x6f

,retval onLeave: 0x109ac90e8             0  1  2  3  4  5  6  7  8  9  A  B  C  D  E  F  0123456789ABCDEF
109ac90e8  38 56 0a 04 01 00 00 00 58 56 0a 04 01 00 00 00  8V......XV......
109ac90f8  64 56 0a 04 01 00 00 00 68 56 0a 04 01 00 00 00  dV......hV......
109ac9108  00 00 00 00 00 00 00 00 80 56 0a 04 01 00 00 00  .........V......
109ac9118  00 00 00 00 00 00 00 00 00 00 00 00 00 00 00 00  ................
109ac9128  00 00 00 00 00 00 00 00 00 00 00 00 00 00 00 00  ................
109ac9138  00 00 00 00 00 00 00 00 98 56 0a 04 01 00 00 00  .........V......
109ac9148  00 00 00 00 00 00 00 00 b0 a8 d1 09 01 00 00 00  ................
109ac9158  f0 a8 d1 09 01 00 00 00 40 5a 98 82 02 00 00 00  ........@Z......
109ac9168  00 00 00 00 00 00 00 00 a0 c7 99 82 02 00 00 00  ................
109ac9178  00 00 00 00 00 00 00 00 40 ff 99 82 02 00 00 00  ........@.......
109ac9188  00 00 00 00 00 00 00 00 10 38 ef 04 01 00 00 00  .........8......
109ac9198  00 00 00 00 00 00 00 00 78 78 b6 0a 01 00 00 00  ........xx......
109ac91a8  84 78 b6 0a 01 00 00 00 b0 0a 13 0c 01 00 00 00  .x..............
109ac91b8  90 78 b6 0a 01 00 00 00 ac 78 b6 0a 01 00 00 00  .x.......x......
109ac91c8  c0 0a 13 0c 01 00 00 00 b0 78 b6 0a 01 00 00 00  .........x......
109ac91d8  c0 78 b6 0a 01 00 00 00 d9 0a 13 0c 01 00 00 00  .x..............
109ac91e8  80 2c 7f 08 01 00 00 00 d0 78 b6 0a 01 00 00 00  .,.......x......
109ac91f8  f8 78 b6 0a 01 00 00 00 b0 6d 7e 08 01 00 00 00  .x.......m~.....
109ac9208  08 79 b6 0a 01 00 00 00 14 79 b6 0a 01 00 00 00  .y.......y......
109ac9218  30 79 b6 0a 01 00 00 00 44 0b 13 0c 01 00 00 00  0y......D.......
109ac9228  44 0f 13 0c 01 00 00 00 48 79 b6 0a 01 00 00 00  D.......Hy......
109ac9238  60 79 b6 0a 01 00 00 00 f4 78 b6 0a 01 00 00 00  `y.......x......
109ac9248  f0 0a 13 0c 01 00 00 00 04 79 b6 0a 01 00 00 00  .........y......
109ac9258  12 0b 13 0c 01 00 00 00 10 79 b6 0a 01 00 00 00  .........y......
109ac9268  1c 0b 13 0c 01 00 00 00 20 79 b6 0a 01 00 00 00  ........ y......
109ac9278  22 0b 13 0c 01 00 00 00 44 79 b6 0a 01 00 00 00  ".......Dy......
109ac9288  30 0b 13 0c 01 00 00 00 50 79 b6 0a 01 00 00 00  0.......Py......
109ac9298  84 13 13 0c 01 00 00 00 78 79 b6 0a 01 00 00 00  ........xy......
109ac92a8  90 13 13 0c 01 00 00 00 d4 79 b6 0a 01 00 00 00  .........y......
109ac92b8  b0 13 13 0c 01 00 00 00 a0 79 b6 0a 01 00 00 00  .........y......
109ac92c8  f8 79 b6 0a 01 00 00 00 f0 13 13 0c 01 00 00 00  .y..............
109ac92d8  e0 79 b6 0a 01 00 00 00 40 62 91 0a 01 00 00 00  .y......@b......
109ac92e8  48 62 91 0a 01 00 00 00 b8 a9 00 08 01 00 00 00  Hb..............
109ac92f8  c5 5f 44 0a 01 00 00 00 3c 5e 92 0a 01 00 00 00  ._D.....<^......
109ac9308  c5 5f 44 0a 01 00 00 00 53 5e 92 0a 01 00 00 00  ._D.....S^......
109ac9318  63 5e 92 0a 01 00 00 00 78 5e 92 0a 01 00 00 00  c^......x^......
109ac9328  a0 60 0b 04 01 00 00 00 a8 60 0b 04 01 00 00 00  .`.......`......
109ac9338  00 00 00 00 00 00 00 00 01 00 00 00 00 00 00 00  ................
109ac9348  6b 7f 79 0a 01 00 00 00 4c 21 f9 04 01 00 00 00  k.y.....L!......
109ac9358  d4 21 f9 04 01 00 00 00 00 de 57 0a 01 00 00 00  .!........W.....
109ac9368  08 de 57 0a 01 00 00 00 7c 79 b4 0b 01 00 00 00  ..W.....|y......
109ac9378  80 cb 01 0a 01 00 00 00 60 6c f7 09 01 00 00 00  ........`l......
109ac9388  f0 09 ed 09 01 00 00 00 c8 3e ed 09 01 00 00 00  .........>......
109ac9398  30 a0 ec 09 01 00 00 00 60 a0 ec 09 01 00 00 00  0.......`.......
109ac93a8  e0 d6 68 04 01 00 00 00 3c d7 68 04 01 00 00 00  ..h.....<.h.....
109ac93b8  00 00 00 00 00 00 00 00 84 af d1 09 01 00 00 00  ................
109ac93c8  00 00 00 00 00 00 00 00 f0 fe 99 82 02 00 00 00  ................
109ac93d8  01 00 00 00 00 00 00 00 76 30 34 2e 30 32 2e 30  ........v04.02.0
109ac93e8  31 2d 6d 6c 2d 69 4f 53 00 00 00 00 00 00 00 00  1-ml-iOS........
109ac93f8  00 00 00 00 00 00 00 00 00 00 00 00 00 00 00 00  ................
109ac9408  00 00 00 00 00 00 00 00 00 00 00 00 00 00 00 00  ................
109ac9418  00 00 00 00 00 00 00 00 00 00 00 00 00 00 00 00  ................
109ac9428  a4 af d1 09 01 00 00 00 b0 59 98 82 02 00 00 00  .........Y......
109ac9438  00 00 00 00 00 00 00 00 01 01 02 04 00 00 00 00  ................
109ac9448  00 00 00 00 00 00 00 00 c0 df bb 04 01 00 00 00  ................
109ac9458  00 00 00 00 00 00 00 00 38 5d 1b 0b 01 00 00 00  ........8]......
109ac9468  88 c9 81 0a 01 00 00 00 8f 64 de 0b 01 00 00 00  .........d......
109ac9478  84 c9 81 0a 01 00 00 00 c8 ad 5c 0a 01 00 00 00  ..........\.....
109ac9488  c0 ad 5c 0a 01 00 00 00 70 c9 81 0a 01 00 00 00  ..\.....p.......
109ac9498  80 c9 81 0a 01 00 00 00 82 64 de 0b 01 00 00 00  .........d......
109ac94a8  8c c9 81 0a 01 00 00 00 90 c9 81 0a 01 00 00 00  ................
109ac94b8  93 64 de 0b 01 00 00 00 e0 ad 5c 0a 01 00 00 00  .d........\.....
109ac94c8  94 c9 81 0a 01 00 00 00 a0 c9 81 0a 01 00 00 00  ................
109ac94d8  97 64 de 0b 01 00 00 00 20 ae 5c 0a 01 00 00 00  .d...... .\.....

call Aweme!0x3e71668
,	Aweme!0x3e71668 this.args0 0x171f0aa70 0x171f0aa70

,	Aweme!0x3e71668 this.args1 0x0 0x0

,	Aweme!0x3e71668 this.args2 0x120a8 0x120a8

,	Aweme!0x3e71668 this.args3 0xf9 0xf9

,	Aweme!0x3e71668 this.args4 0x6f 0x6f

,	Aweme!0x3e71668 this.args0 onLeave 0x171f0aa70 0x171f0aa70

,	Aweme!0x3e71668 this.args1 onLeave 0x0 0x0

,	Aweme!0x3e71668 this.args2 onLeave 0x120a8 0x120a8

,	Aweme!0x3e71668 this.args3 onLeave 0xf9 0xf9

,	Aweme!0x3e71668 this.args4 onLeave 0x6f 0x6f

,retval onLeave: 0x109ac90e8             0  1  2  3  4  5  6  7  8  9  A  B  C  D  E  F  0123456789ABCDEF
109ac90e8  38 56 0a 04 01 00 00 00 58 56 0a 04 01 00 00 00  8V......XV......
109ac90f8  64 56 0a 04 01 00 00 00 68 56 0a 04 01 00 00 00  dV......hV......
109ac9108  00 00 00 00 00 00 00 00 80 56 0a 04 01 00 00 00  .........V......
109ac9118  00 00 00 00 00 00 00 00 00 00 00 00 00 00 00 00  ................
109ac9128  00 00 00 00 00 00 00 00 00 00 00 00 00 00 00 00  ................
109ac9138  00 00 00 00 00 00 00 00 98 56 0a 04 01 00 00 00  .........V......
109ac9148  00 00 00 00 00 00 00 00 b0 a8 d1 09 01 00 00 00  ................
109ac9158  f0 a8 d1 09 01 00 00 00 40 5a 98 82 02 00 00 00  ........@Z......
109ac9168  00 00 00 00 00 00 00 00 a0 c7 99 82 02 00 00 00  ................
109ac9178  00 00 00 00 00 00 00 00 40 ff 99 82 02 00 00 00  ........@.......
109ac9188  00 00 00 00 00 00 00 00 10 38 ef 04 01 00 00 00  .........8......
109ac9198  00 00 00 00 00 00 00 00 78 78 b6 0a 01 00 00 00  ........xx......
109ac91a8  84 78 b6 0a 01 00 00 00 b0 0a 13 0c 01 00 00 00  .x..............
109ac91b8  90 78 b6 0a 01 00 00 00 ac 78 b6 0a 01 00 00 00  .x.......x......
109ac91c8  c0 0a 13 0c 01 00 00 00 b0 78 b6 0a 01 00 00 00  .........x......
109ac91d8  c0 78 b6 0a 01 00 00 00 d9 0a 13 0c 01 00 00 00  .x..............
109ac91e8  80 2c 7f 08 01 00 00 00 d0 78 b6 0a 01 00 00 00  .,.......x......
109ac91f8  f8 78 b6 0a 01 00 00 00 b0 6d 7e 08 01 00 00 00  .x.......m~.....
109ac9208  08 79 b6 0a 01 00 00 00 14 79 b6 0a 01 00 00 00  .y.......y......
109ac9218  30 79 b6 0a 01 00 00 00 44 0b 13 0c 01 00 00 00  0y......D.......
109ac9228  44 0f 13 0c 01 00 00 00 48 79 b6 0a 01 00 00 00  D.......Hy......
109ac9238  60 79 b6 0a 01 00 00 00 f4 78 b6 0a 01 00 00 00  `y.......x......
109ac9248  f0 0a 13 0c 01 00 00 00 04 79 b6 0a 01 00 00 00  .........y......
109ac9258  12 0b 13 0c 01 00 00 00 10 79 b6 0a 01 00 00 00  .........y......
109ac9268  1c 0b 13 0c 01 00 00 00 20 79 b6 0a 01 00 00 00  ........ y......
109ac9278  22 0b 13 0c 01 00 00 00 44 79 b6 0a 01 00 00 00  ".......Dy......
109ac9288  30 0b 13 0c 01 00 00 00 50 79 b6 0a 01 00 00 00  0.......Py......
109ac9298  84 13 13 0c 01 00 00 00 78 79 b6 0a 01 00 00 00  ........xy......
109ac92a8  90 13 13 0c 01 00 00 00 d4 79 b6 0a 01 00 00 00  .........y......
109ac92b8  b0 13 13 0c 01 00 00 00 a0 79 b6 0a 01 00 00 00  .........y......
109ac92c8  f8 79 b6 0a 01 00 00 00 f0 13 13 0c 01 00 00 00  .y..............
109ac92d8  e0 79 b6 0a 01 00 00 00 40 62 91 0a 01 00 00 00  .y......@b......
109ac92e8  48 62 91 0a 01 00 00 00 b8 a9 00 08 01 00 00 00  Hb..............
109ac92f8  c5 5f 44 0a 01 00 00 00 3c 5e 92 0a 01 00 00 00  ._D.....<^......
109ac9308  c5 5f 44 0a 01 00 00 00 53 5e 92 0a 01 00 00 00  ._D.....S^......
109ac9318  63 5e 92 0a 01 00 00 00 78 5e 92 0a 01 00 00 00  c^......x^......
109ac9328  a0 60 0b 04 01 00 00 00 a8 60 0b 04 01 00 00 00  .`.......`......
109ac9338  00 00 00 00 00 00 00 00 01 00 00 00 00 00 00 00  ................
109ac9348  6b 7f 79 0a 01 00 00 00 4c 21 f9 04 01 00 00 00  k.y.....L!......
109ac9358  d4 21 f9 04 01 00 00 00 00 de 57 0a 01 00 00 00  .!........W.....
109ac9368  08 de 57 0a 01 00 00 00 7c 79 b4 0b 01 00 00 00  ..W.....|y......
109ac9378  80 cb 01 0a 01 00 00 00 60 6c f7 09 01 00 00 00  ........`l......
109ac9388  f0 09 ed 09 01 00 00 00 c8 3e ed 09 01 00 00 00  .........>......
109ac9398  30 a0 ec 09 01 00 00 00 60 a0 ec 09 01 00 00 00  0.......`.......
109ac93a8  e0 d6 68 04 01 00 00 00 3c d7 68 04 01 00 00 00  ..h.....<.h.....
109ac93b8  00 00 00 00 00 00 00 00 84 af d1 09 01 00 00 00  ................
109ac93c8  00 00 00 00 00 00 00 00 f0 fe 99 82 02 00 00 00  ................
109ac93d8  01 00 00 00 00 00 00 00 76 30 34 2e 30 32 2e 30  ........v04.02.0
109ac93e8  31 2d 6d 6c 2d 69 4f 53 00 00 00 00 00 00 00 00  1-ml-iOS........
109ac93f8  00 00 00 00 00 00 00 00 00 00 00 00 00 00 00 00  ................
109ac9408  00 00 00 00 00 00 00 00 00 00 00 00 00 00 00 00  ................
109ac9418  00 00 00 00 00 00 00 00 00 00 00 00 00 00 00 00  ................
109ac9428  a4 af d1 09 01 00 00 00 b0 59 98 82 02 00 00 00  .........Y......
109ac9438  00 00 00 00 00 00 00 00 01 01 02 04 00 00 00 00  ................
109ac9448  00 00 00 00 00 00 00 00 c0 df bb 04 01 00 00 00  ................
109ac9458  00 00 00 00 00 00 00 00 38 5d 1b 0b 01 00 00 00  ........8]......
109ac9468  88 c9 81 0a 01 00 00 00 8f 64 de 0b 01 00 00 00  .........d......
109ac9478  84 c9 81 0a 01 00 00 00 c8 ad 5c 0a 01 00 00 00  ..........\.....
109ac9488  c0 ad 5c 0a 01 00 00 00 70 c9 81 0a 01 00 00 00  ..\.....p.......
109ac9498  80 c9 81 0a 01 00 00 00 82 64 de 0b 01 00 00 00  .........d......
109ac94a8  8c c9 81 0a 01 00 00 00 90 c9 81 0a 01 00 00 00  ................
109ac94b8  93 64 de 0b 01 00 00 00 e0 ad 5c 0a 01 00 00 00  .d........\.....
109ac94c8  94 c9 81 0a 01 00 00 00 a0 c9 81 0a 01 00 00 00  ................
109ac94d8  97 64 de 0b 01 00 00 00 20 ae 5c 0a 01 00 00 00  .d...... .\.....

call Aweme!0x3e71668
,	Aweme!0x3e71668 this.args0 0x171f0aa70 0x171f0aa70

,	Aweme!0x3e71668 this.args1 0x0 0x0

,	Aweme!0x3e71668 this.args2 0x120a8 0x120a8

,	Aweme!0x3e71668 this.args3 0xf9 0xf9

,	Aweme!0x3e71668 this.args4 0x6f 0x6f

,	Aweme!0x3e71668 this.args0 onLeave 0x171f0aa70 0x171f0aa70

,	Aweme!0x3e71668 this.args1 onLeave 0x0 0x0

,	Aweme!0x3e71668 this.args2 onLeave 0x120a8 0x120a8

,	Aweme!0x3e71668 this.args3 onLeave 0xf9 0xf9

,	Aweme!0x3e71668 this.args4 onLeave 0x6f 0x6f

,retval onLeave: 0x109ac90e8             0  1  2  3  4  5  6  7  8  9  A  B  C  D  E  F  0123456789ABCDEF
109ac90e8  38 56 0a 04 01 00 00 00 58 56 0a 04 01 00 00 00  8V......XV......
109ac90f8  64 56 0a 04 01 00 00 00 68 56 0a 04 01 00 00 00  dV......hV......
109ac9108  00 00 00 00 00 00 00 00 80 56 0a 04 01 00 00 00  .........V......
109ac9118  00 00 00 00 00 00 00 00 00 00 00 00 00 00 00 00  ................
109ac9128  00 00 00 00 00 00 00 00 00 00 00 00 00 00 00 00  ................
109ac9138  00 00 00 00 00 00 00 00 98 56 0a 04 01 00 00 00  .........V......
109ac9148  00 00 00 00 00 00 00 00 b0 a8 d1 09 01 00 00 00  ................
109ac9158  f0 a8 d1 09 01 00 00 00 40 5a 98 82 02 00 00 00  ........@Z......
109ac9168  00 00 00 00 00 00 00 00 a0 c7 99 82 02 00 00 00  ................
109ac9178  00 00 00 00 00 00 00 00 40 ff 99 82 02 00 00 00  ........@.......
109ac9188  00 00 00 00 00 00 00 00 10 38 ef 04 01 00 00 00  .........8......
109ac9198  00 00 00 00 00 00 00 00 78 78 b6 0a 01 00 00 00  ........xx......
109ac91a8  84 78 b6 0a 01 00 00 00 b0 0a 13 0c 01 00 00 00  .x..............
109ac91b8  90 78 b6 0a 01 00 00 00 ac 78 b6 0a 01 00 00 00  .x.......x......
109ac91c8  c0 0a 13 0c 01 00 00 00 b0 78 b6 0a 01 00 00 00  .........x......
109ac91d8  c0 78 b6 0a 01 00 00 00 d9 0a 13 0c 01 00 00 00  .x..............
109ac91e8  80 2c 7f 08 01 00 00 00 d0 78 b6 0a 01 00 00 00  .,.......x......
109ac91f8  f8 78 b6 0a 01 00 00 00 b0 6d 7e 08 01 00 00 00  .x.......m~.....
109ac9208  08 79 b6 0a 01 00 00 00 14 79 b6 0a 01 00 00 00  .y.......y......
109ac9218  30 79 b6 0a 01 00 00 00 44 0b 13 0c 01 00 00 00  0y......D.......
109ac9228  44 0f 13 0c 01 00 00 00 48 79 b6 0a 01 00 00 00  D.......Hy......
109ac9238  60 79 b6 0a 01 00 00 00 f4 78 b6 0a 01 00 00 00  `y.......x......
109ac9248  f0 0a 13 0c 01 00 00 00 04 79 b6 0a 01 00 00 00  .........y......
109ac9258  12 0b 13 0c 01 00 00 00 10 79 b6 0a 01 00 00 00  .........y......
109ac9268  1c 0b 13 0c 01 00 00 00 20 79 b6 0a 01 00 00 00  ........ y......
109ac9278  22 0b 13 0c 01 00 00 00 44 79 b6 0a 01 00 00 00  ".......Dy......
109ac9288  30 0b 13 0c 01 00 00 00 50 79 b6 0a 01 00 00 00  0.......Py......
109ac9298  84 13 13 0c 01 00 00 00 78 79 b6 0a 01 00 00 00  ........xy......
109ac92a8  90 13 13 0c 01 00 00 00 d4 79 b6 0a 01 00 00 00  .........y......
109ac92b8  b0 13 13 0c 01 00 00 00 a0 79 b6 0a 01 00 00 00  .........y......
109ac92c8  f8 79 b6 0a 01 00 00 00 f0 13 13 0c 01 00 00 00  .y..............
109ac92d8  e0 79 b6 0a 01 00 00 00 40 62 91 0a 01 00 00 00  .y......@b......
109ac92e8  48 62 91 0a 01 00 00 00 b8 a9 00 08 01 00 00 00  Hb..............
109ac92f8  c5 5f 44 0a 01 00 00 00 3c 5e 92 0a 01 00 00 00  ._D.....<^......
109ac9308  c5 5f 44 0a 01 00 00 00 53 5e 92 0a 01 00 00 00  ._D.....S^......
109ac9318  63 5e 92 0a 01 00 00 00 78 5e 92 0a 01 00 00 00  c^......x^......
109ac9328  a0 60 0b 04 01 00 00 00 a8 60 0b 04 01 00 00 00  .`.......`......
109ac9338  00 00 00 00 00 00 00 00 01 00 00 00 00 00 00 00  ................
109ac9348  6b 7f 79 0a 01 00 00 00 4c 21 f9 04 01 00 00 00  k.y.....L!......
109ac9358  d4 21 f9 04 01 00 00 00 00 de 57 0a 01 00 00 00  .!........W.....
109ac9368  08 de 57 0a 01 00 00 00 7c 79 b4 0b 01 00 00 00  ..W.....|y......
109ac9378  80 cb 01 0a 01 00 00 00 60 6c f7 09 01 00 00 00  ........`l......
109ac9388  f0 09 ed 09 01 00 00 00 c8 3e ed 09 01 00 00 00  .........>......
109ac9398  30 a0 ec 09 01 00 00 00 60 a0 ec 09 01 00 00 00  0.......`.......
109ac93a8  e0 d6 68 04 01 00 00 00 3c d7 68 04 01 00 00 00  ..h.....<.h.....
109ac93b8  00 00 00 00 00 00 00 00 84 af d1 09 01 00 00 00  ................
109ac93c8  00 00 00 00 00 00 00 00 f0 fe 99 82 02 00 00 00  ................
109ac93d8  01 00 00 00 00 00 00 00 76 30 34 2e 30 32 2e 30  ........v04.02.0
109ac93e8  31 2d 6d 6c 2d 69 4f 53 00 00 00 00 00 00 00 00  1-ml-iOS........
109ac93f8  00 00 00 00 00 00 00 00 00 00 00 00 00 00 00 00  ................
109ac9408  00 00 00 00 00 00 00 00 00 00 00 00 00 00 00 00  ................
109ac9418  00 00 00 00 00 00 00 00 00 00 00 00 00 00 00 00  ................
109ac9428  a4 af d1 09 01 00 00 00 b0 59 98 82 02 00 00 00  .........Y......
109ac9438  00 00 00 00 00 00 00 00 01 01 02 04 00 00 00 00  ................
109ac9448  00 00 00 00 00 00 00 00 c0 df bb 04 01 00 00 00  ................
109ac9458  00 00 00 00 00 00 00 00 38 5d 1b 0b 01 00 00 00  ........8]......
109ac9468  88 c9 81 0a 01 00 00 00 8f 64 de 0b 01 00 00 00  .........d......
109ac9478  84 c9 81 0a 01 00 00 00 c8 ad 5c 0a 01 00 00 00  ..........\.....
109ac9488  c0 ad 5c 0a 01 00 00 00 70 c9 81 0a 01 00 00 00  ..\.....p.......
109ac9498  80 c9 81 0a 01 00 00 00 82 64 de 0b 01 00 00 00  .........d......
109ac94a8  8c c9 81 0a 01 00 00 00 90 c9 81 0a 01 00 00 00  ................
109ac94b8  93 64 de 0b 01 00 00 00 e0 ad 5c 0a 01 00 00 00  .d........\.....
109ac94c8  94 c9 81 0a 01 00 00 00 a0 c9 81 0a 01 00 00 00  ................
109ac94d8  97 64 de 0b 01 00 00 00 20 ae 5c 0a 01 00 00 00  .d...... .\.....

call Aweme!0x3e71668
,	Aweme!0x3e71668 this.args0 0x171f0aa70 0x171f0aa70

,	Aweme!0x3e71668 this.args1 0x0 0x0

,	Aweme!0x3e71668 this.args2 0x120a8 0x120a8

,	Aweme!0x3e71668 this.args3 0xf9 0xf9

,	Aweme!0x3e71668 this.args4 0x6f 0x6f

,	Aweme!0x3e71668 this.args0 onLeave 0x171f0aa70 0x171f0aa70

,	Aweme!0x3e71668 this.args1 onLeave 0x0 0x0

,	Aweme!0x3e71668 this.args2 onLeave 0x120a8 0x120a8

,	Aweme!0x3e71668 this.args3 onLeave 0xf9 0xf9

,	Aweme!0x3e71668 this.args4 onLeave 0x6f 0x6f

,retval onLeave: 0x109ac90e8             0  1  2  3  4  5  6  7  8  9  A  B  C  D  E  F  0123456789ABCDEF
109ac90e8  38 56 0a 04 01 00 00 00 58 56 0a 04 01 00 00 00  8V......XV......
109ac90f8  64 56 0a 04 01 00 00 00 68 56 0a 04 01 00 00 00  dV......hV......
109ac9108  00 00 00 00 00 00 00 00 80 56 0a 04 01 00 00 00  .........V......
109ac9118  00 00 00 00 00 00 00 00 00 00 00 00 00 00 00 00  ................
109ac9128  00 00 00 00 00 00 00 00 00 00 00 00 00 00 00 00  ................
109ac9138  00 00 00 00 00 00 00 00 98 56 0a 04 01 00 00 00  .........V......
109ac9148  00 00 00 00 00 00 00 00 b0 a8 d1 09 01 00 00 00  ................
109ac9158  f0 a8 d1 09 01 00 00 00 40 5a 98 82 02 00 00 00  ........@Z......
109ac9168  00 00 00 00 00 00 00 00 a0 c7 99 82 02 00 00 00  ................
109ac9178  00 00 00 00 00 00 00 00 40 ff 99 82 02 00 00 00  ........@.......
109ac9188  00 00 00 00 00 00 00 00 10 38 ef 04 01 00 00 00  .........8......
109ac9198  00 00 00 00 00 00 00 00 78 78 b6 0a 01 00 00 00  ........xx......
109ac91a8  84 78 b6 0a 01 00 00 00 b0 0a 13 0c 01 00 00 00  .x..............
109ac91b8  90 78 b6 0a 01 00 00 00 ac 78 b6 0a 01 00 00 00  .x.......x......
109ac91c8  c0 0a 13 0c 01 00 00 00 b0 78 b6 0a 01 00 00 00  .........x......
109ac91d8  c0 78 b6 0a 01 00 00 00 d9 0a 13 0c 01 00 00 00  .x..............
109ac91e8  80 2c 7f 08 01 00 00 00 d0 78 b6 0a 01 00 00 00  .,.......x......
109ac91f8  f8 78 b6 0a 01 00 00 00 b0 6d 7e 08 01 00 00 00  .x.......m~.....
109ac9208  08 79 b6 0a 01 00 00 00 14 79 b6 0a 01 00 00 00  .y.......y......
109ac9218  30 79 b6 0a 01 00 00 00 44 0b 13 0c 01 00 00 00  0y......D.......
109ac9228  44 0f 13 0c 01 00 00 00 48 79 b6 0a 01 00 00 00  D.......Hy......
109ac9238  60 79 b6 0a 01 00 00 00 f4 78 b6 0a 01 00 00 00  `y.......x......
109ac9248  f0 0a 13 0c 01 00 00 00 04 79 b6 0a 01 00 00 00  .........y......
109ac9258  12 0b 13 0c 01 00 00 00 10 79 b6 0a 01 00 00 00  .........y......
109ac9268  1c 0b 13 0c 01 00 00 00 20 79 b6 0a 01 00 00 00  ........ y......
109ac9278  22 0b 13 0c 01 00 00 00 44 79 b6 0a 01 00 00 00  ".......Dy......
109ac9288  30 0b 13 0c 01 00 00 00 50 79 b6 0a 01 00 00 00  0.......Py......
109ac9298  84 13 13 0c 01 00 00 00 78 79 b6 0a 01 00 00 00  ........xy......
109ac92a8  90 13 13 0c 01 00 00 00 d4 79 b6 0a 01 00 00 00  .........y......
109ac92b8  b0 13 13 0c 01 00 00 00 a0 79 b6 0a 01 00 00 00  .........y......
109ac92c8  f8 79 b6 0a 01 00 00 00 f0 13 13 0c 01 00 00 00  .y..............
109ac92d8  e0 79 b6 0a 01 00 00 00 40 62 91 0a 01 00 00 00  .y......@b......
109ac92e8  48 62 91 0a 01 00 00 00 b8 a9 00 08 01 00 00 00  Hb..............
109ac92f8  c5 5f 44 0a 01 00 00 00 3c 5e 92 0a 01 00 00 00  ._D.....<^......
109ac9308  c5 5f 44 0a 01 00 00 00 53 5e 92 0a 01 00 00 00  ._D.....S^......
109ac9318  63 5e 92 0a 01 00 00 00 78 5e 92 0a 01 00 00 00  c^......x^......
109ac9328  a0 60 0b 04 01 00 00 00 a8 60 0b 04 01 00 00 00  .`.......`......
109ac9338  00 00 00 00 00 00 00 00 01 00 00 00 00 00 00 00  ................
109ac9348  6b 7f 79 0a 01 00 00 00 4c 21 f9 04 01 00 00 00  k.y.....L!......
109ac9358  d4 21 f9 04 01 00 00 00 00 de 57 0a 01 00 00 00  .!........W.....
109ac9368  08 de 57 0a 01 00 00 00 7c 79 b4 0b 01 00 00 00  ..W.....|y......
109ac9378  80 cb 01 0a 01 00 00 00 60 6c f7 09 01 00 00 00  ........`l......
109ac9388  f0 09 ed 09 01 00 00 00 c8 3e ed 09 01 00 00 00  .........>......
109ac9398  30 a0 ec 09 01 00 00 00 60 a0 ec 09 01 00 00 00  0.......`.......
109ac93a8  e0 d6 68 04 01 00 00 00 3c d7 68 04 01 00 00 00  ..h.....<.h.....
109ac93b8  00 00 00 00 00 00 00 00 84 af d1 09 01 00 00 00  ................
109ac93c8  00 00 00 00 00 00 00 00 f0 fe 99 82 02 00 00 00  ................
109ac93d8  01 00 00 00 00 00 00 00 76 30 34 2e 30 32 2e 30  ........v04.02.0
109ac93e8  31 2d 6d 6c 2d 69 4f 53 00 00 00 00 00 00 00 00  1-ml-iOS........
109ac93f8  00 00 00 00 00 00 00 00 00 00 00 00 00 00 00 00  ................
109ac9408  00 00 00 00 00 00 00 00 00 00 00 00 00 00 00 00  ................
109ac9418  00 00 00 00 00 00 00 00 00 00 00 00 00 00 00 00  ................
109ac9428  a4 af d1 09 01 00 00 00 b0 59 98 82 02 00 00 00  .........Y......
109ac9438  00 00 00 00 00 00 00 00 01 01 02 04 00 00 00 00  ................
109ac9448  00 00 00 00 00 00 00 00 c0 df bb 04 01 00 00 00  ................
109ac9458  00 00 00 00 00 00 00 00 38 5d 1b 0b 01 00 00 00  ........8]......
109ac9468  88 c9 81 0a 01 00 00 00 8f 64 de 0b 01 00 00 00  .........d......
109ac9478  84 c9 81 0a 01 00 00 00 c8 ad 5c 0a 01 00 00 00  ..........\.....
109ac9488  c0 ad 5c 0a 01 00 00 00 70 c9 81 0a 01 00 00 00  ..\.....p.......
109ac9498  80 c9 81 0a 01 00 00 00 82 64 de 0b 01 00 00 00  .........d......
109ac94a8  8c c9 81 0a 01 00 00 00 90 c9 81 0a 01 00 00 00  ................
109ac94b8  93 64 de 0b 01 00 00 00 e0 ad 5c 0a 01 00 00 00  .d........\.....
109ac94c8  94 c9 81 0a 01 00 00 00 a0 c9 81 0a 01 00 00 00  ................
109ac94d8  97 64 de 0b 01 00 00 00 20 ae 5c 0a 01 00 00 00  .d...... .\.....

