AwemeModuleBase:0x1068bf4f0
arg1 https://search3-search-lf.amemv.com/aweme/v1/search/item/?caid1=0803bffc8815b9f02c08f48f95c1008c&tma_jssdk_version=2.1.0.2&minor_status=0&ac=WIFI&appTheme=dark&is_vcd=1&keyword=%E7%8E%8B%E4%B8%80%E5%8D%9A&video_cover_shrink=372_496&enter_from=homepage_hot&sort_type=0&backtrace=M7U2PfbCPC7qlX46ow2D73foIbuD7zG%2BTODCT48wHI74oC1dlQVm4omXMt%2BkHUSKjMf5EJvWyjt3jVKDb%2FBylQ%3D%3D&count=12&is_filter_search=0&user_avatar_shrink=64_64&source=video_search&query_correct_type=1&rs_word_count=5&offset=0&search_source=normal_search&publish_time=0&hot_search=0&aid=1128&app_name=aweme&app_version=14.8.0&build_number=148013&cdid=FEDA96DE-E849-4E15-99C9-66CD61F50ADD&channel=App%20Store&device_id=4169787388733342&device_platform=iphone&device_type=iPhone9,1&idfa=322127EF-8E4E-48E9-98E0-99ACBDC85525&iid=2955926580500413&js_sdk_version=1.99.0.3&mcc_mnc=&openudid=a4cb7b4ade7c5e8e6c90cf8f892aafe6c64c73d1&os_api=18&os_version=13.3.1&screen_width=750&version_code=14.8.0&vid=25AD3C98-7CA5-4B2E-9B39-9BAEFC31BBD2
arg2 {
    "User-Agent" = "Aweme 14.8.0 rv:148013 (iPhone; iOS 13.3.1; zh_CN) Cronet";
    "x-common-params-v2" = "aid=1128&app_name=aweme&app_version=14.8.0&build_number=148013&cdid=FEDA96DE-E849-4E15-99C9-66CD61F50ADD&channel=App%20Store&device_id=4169787388733342&device_platform=iphone&device_type=iPhone9,1&idfa=322127EF-8E4E-48E9-98E0-99ACBDC85525&iid=2955926580500413&js_sdk_version=1.99.0.3&mcc_mnc=&openudid=a4cb7b4ade7c5e8e6c90cf8f892aafe6c64c73d1&os_api=18&os_version=13.3.1&screen_width=750&version_code=14.8.0&vid=25AD3C98-7CA5-4B2E-9B39-9BAEFC31BBD2";
    "x-tt-token" = "003c4774314c4f83d0177a0ae886f5a6f50056cb8fc53fa60c3b0bf88596c762fc922f46798e27276d911e99fde0203a46a8df6837c3279998eaaccf63df5e59c34fb9458bd8d9b17fd1ecf392c2a6fc08649f8411f4295761fc95f3fe46affde27ce-1.0.1";
}
call Aweme!0x3e870c8
,	Aweme!0x3e870c8 this.args0 0x281628240             0  1  2  3  4  5  6  7  8  9  A  B  C  D  E  F  0123456789ABCDEF
281628240  68 ca 58 0a 01 00 00 00 94 bd 87 06 01 00 00 00  h.X.............
281628250  00 00 00 00 00 00 00 00 d0 71 8a 06 01 00 00 00  .........q......
281628260  50 81 62 81 02 00 00 00 45 00 47 00 2d 00 34 00  P.b.....E.G.-.4.
281628270  00 00 00 00 00 00 00 00 f0 98 a4 da 01 00 00 00  ................
281628280  bb 6d 7c 0f 5d bd 48 dc 00 00 00 00 00 00 00 00  .m|.].H.........
281628290  90 5d a5 da 01 00 00 00 a0 c6 ad 81 02 00 00 00  .]..............
2816282a0  f9 2c ad e5 a1 01 00 00 00 00 00 00 00 00 00 40  .,.............@
2816282b0  00 00 00 00 00 00 00 00 00 00 00 00 00 00 00 00  ................
2816282c0  00 00 00 00 00 00 00 00 10 07 ed 5d 01 00 00 00  ...........]....
2816282d0  f0 f0 a9 e5 01 00 00 00 02 00 00 c3 00 00 00 00  ................
2816282e0  30 26 b0 02 01 00 00 00 90 19 3a 0a 01 00 00 00  0&........:.....
2816282f0  00 77 ec 5d 01 00 00 00 00 00 00 00 00 00 00 00  .w.]............
281628300  f0 f0 a9 e5 01 00 00 00 02 00 00 c1 00 00 00 00  ................
281628310  a0 9d 52 9d 01 00 00 00 80 5f aa da 01 00 00 00  ..R......_......
281628320  ff 88 13 a2 fe ff ff ff eb c8 64 d5 01 00 00 00  ..........d.....
281628330  00 00 00 00 00 00 00 00 00 00 00 00 00 00 00 00  ................
281628340  98 48 7c 0a 01 00 00 00 00 00 00 00 00 00 00 00  .H|.............
281628350  00 00 00 00 00 00 00 00 d0 82 62 81 02 00 00 00  ..........b.....
281628360  19 18 aa e5 a1 01 00 00 8c 07 00 00 01 00 00 00  ................
281628370  1b 64 61 72 6b 2f 66 65 65 64 5f 64 6f 75 64 69  .dark/feed_doudi
281628380  73 63 6f 75 6e 74 5f 61 72 72 6f 77 00 00 00 00  scount_arrow....
281628390  90 83 fe 2c 01 2b 00 00 33 00 00 00 00 00 00 00  ...,.+..3.......
2816283a0  c8 21 aa e5 01 00 00 00 18 c0 aa e5 01 00 00 00  .!..............
2816283b0  00 00 00 00 00 00 00 00 00 00 00 00 00 00 00 00  ................
2816283c0  00 00 00 00 00 00 00 00 f0 98 a4 da 01 00 00 00  ................
2816283d0  bb 6d 7c 0f 5d bd 48 dc 00 00 00 00 00 00 00 00  .m|.].H.........
2816283e0  90 5d a5 da 01 00 00 00 40 d1 ad 81 02 00 00 00  .]......@.......
2816283f0  58 42 65 0a 01 00 00 00 00 00 00 00 00 00 00 00  XBe.............
281628400  00 00 00 00 00 00 00 00 50 84 62 81 02 00 00 00  ........P.b.....
281628410  00 00 00 00 00 00 00 00 00 00 00 00 00 00 00 00  ................
281628420  00 00 00 00 00 00 00 00 28 a7 8b dc 01 00 00 00  ........(.......
281628430  00 00 00 00 00 00 00 00 00 00 00 00 00 00 00 00  ................
281628440  a0 c2 15 83 02 00 00 00 00 00 00 00 00 00 00 00  ................
281628450  f0 f0 a9 e5 01 00 00 00 02 00 00 c3 00 00 00 00  ................
281628460  b8 24 54 08 01 00 00 00 c0 23 39 0a 01 00 00 00  .$T......#9.....
281628470  00 96 d3 82 02 00 00 00 c0 72 ec 5d 01 00 00 00  .........r.]....
281628480  19 18 aa e5 a1 01 00 00 8c 07 00 00 01 00 00 00  ................
281628490  1c 5a 5a 5a 5a 50 61 63 6b 65 64 41 73 73 65 74  .ZZZZPackedAsset
2816284a0  2d 32 2e 30 2e 30 2d 67 61 6d 75 74 30 00 00 00  -2.0.0-gamut0...
2816284b0  00 00 00 00 00 00 00 00 f0 98 a4 da 01 00 00 00  ................
2816284c0  bb 6d 7c 0f 5d bd 48 dc 00 00 00 00 00 00 00 00  .m|.].H.........
2816284d0  90 5d a5 da 01 00 00 00 40 c6 ad 81 02 00 00 00  .]......@.......
2816284e0  f0 f0 a9 e5 01 00 00 00 02 00 00 c1 00 00 00 00  ................
2816284f0  a0 9d 52 9d 01 00 00 00 80 5f aa da 01 00 00 00  ..R......_......
281628500  6f 8b 13 a2 fe ff ff ff eb c8 64 d5 01 00 00 00  o.........d.....
281628510  f0 f0 a9 e5 01 00 00 00 02 00 00 c3 00 00 00 00  ................
281628520  30 26 b0 02 01 00 00 00 90 19 3a 0a 01 00 00 00  0&........:.....
281628530  90 74 ec 5d 01 00 00 00 00 00 00 00 00 00 00 00  .t.]............
281628540  00 00 00 00 00 00 00 00 00 00 00 00 00 00 00 00  ................
281628550  98 48 7c 0a 01 00 00 00 00 00 00 00 00 00 00 00  .H|.............
281628560  00 00 00 00 00 00 00 00 10 85 62 81 02 00 00 00  ..........b.....
281628570  19 18 aa e5 a1 01 00 00 8c 07 00 00 02 00 00 00  ................
281628580  12 30 7b 32 2d 30 2d 35 2d 35 34 34 37 2d 35 35  .0{2-0-5-5447-55
281628590  2d 33 62 00 00 00 00 00 00 00 00 00 00 00 00 00  -3b.............
2816285a0  a0 85 fe 2c 01 2b 00 00 a4 00 00 00 00 00 00 00  ...,.+..........
2816285b0  00 00 00 00 00 00 00 00 00 00 00 00 00 00 00 00  ................
2816285c0  03 00 00 00 00 00 00 00 00 00 00 00 00 00 00 00  ................
2816285d0  6d 53 ad e5 a1 01 00 00 18 9e 83 0a 01 00 00 00  mS..............
2816285e0  c0 cf ad 81 02 00 00 00 c0 c3 97 83 02 00 00 00  ................
2816285f0  00 00 00 00 00 00 00 00 00 00 00 00 00 00 00 00  ................
281628600  77 b7 a8 c9 1a f0 08 dc f0 98 a4 da 01 00 00 00  w...............
281628610  bb 6d 7c 0f 5d bd 48 dc a0 d0 ad 81 02 00 00 00  .m|.].H.........
281628620  90 5d a5 da 01 00 00 00 80 cf ad 81 02 00 00 00  .]..............
281628630  b5 b9 0f 0c a1 01 00 00 00 00 00 00 00 00 00 00  ................

,	Aweme!0x3e870c8 this.args1 0x28262f430             0  1  2  3  4  5  6  7  8  9  A  B  C  D  E  F  0123456789ABCDEF
28262f430  00 ad 58 0a 01 00 00 00 4b 4c 57 52 00 00 00 00  ..X.....KLWR....
28262f440  00 00 00 00 02 00 00 80 20 00 00 00 4b 4c 57 52  ........ ...KLWR
28262f450  00 00 00 00 00 00 00 00 ff ff ff ff ff ff ff ff  ................
28262f460  c0 a7 00 00 01 a7 00 00 00 a7 00 00 ff ff ff ff  ................
28262f470  ff ff ff ff ff ff ff ff c7 0b 9d 7d fd ff ff ff  ...........}....
28262f480  e0 ee 97 83 02 00 00 00 00 00 00 00 00 00 00 00  ................
28262f490  00 00 00 00 00 00 00 00 00 04 00 00 10 00 00 00  ................
28262f4a0  10 ed 10 83 02 00 00 00 00 00 00 00 00 00 00 00  ................
28262f4b0  00 00 00 00 00 00 00 00 00 04 00 00 11 00 00 00  ................
28262f4c0  30 ef 97 83 02 00 00 00 00 00 00 00 00 00 00 00  0...............
28262f4d0  00 00 00 00 00 00 00 00 00 00 00 00 13 00 00 00  ................
28262f4e0  00 00 00 00 00 00 00 00 00 00 00 00 00 00 00 00  ................
28262f4f0  c0 c3 ec 78 00 00 00 00 df 00 41 d5 4b 4c 57 52  ...x......A.KLWR
28262f500  01 01 60 00 00 00 00 00 00 00 00 00 3f f0 00 fc  ..`.........?...
28262f510  fd f8 f8 00 00 0f 03 20 00 01 00 19 40 01 0c 01  ....... ....@...
28262f520  ff ff 01 60 00 00 03 00 00 03 00 00 03 00 00 03  ...`............
28262f530  00 3f 97 02 40 21 00 01 00 26 42 01 01 01 60 00  .?..@!...&B...`.
28262f540  00 03 00 00 03 00 00 03 00 00 03 00 3f a0 0b 48  ............?..H
28262f550  02 81 fe 59 79 24 c8 e5 e4 92 4f e7 9f cf 6d 90  ...Yy$....O...m.
28262f560  22 00 01 00 07 44 01 c1 2c 60 44 80 62 70 6c 69  "....D..,`D.bpli
28262f570  73 74 30 30 d1 01 02 5f 10 25 45 6e 61 62 6c 65  st00..._.%Enable
28262f580  48 61 72 64 77 61 72 65 41 63 63 65 6c 65 72 61  HardwareAccelera
28262f590  74 65 64 56 69 64 65 6f 44 65 63 6f 64 65 72 09  tedVideoDecoder.
28262f5a0  08 0b 33 00 00 00 00 00 00 01 01 00 00 00 00 00  ..3.............
28262f5b0  00 00 03 00 00 00 00 00 00 00 00 00 00 00 00 00  ................
28262f5c0  00 00 34 01 00 00 00 00 00 00 00 00 00 00 00 00  ..4.............
28262f5d0  00 00 00 00 00 00 00 06 00 00 00 00 00 00 00 00  ................
28262f5e0  75 70 64 61 74 65 5f 74 69 6d 65 00 00 00 00 00  update_time.....
28262f5f0  80 13 62 81 02 00 00 0b 00 00 00 00 00 00 00 00  ..b.............
28262f600  59 28 aa e5 a1 01 00 00 82 2b 00 00 0a 00 00 00  Y(.......+......
28262f610  58 54 55 4d 00 00 00 00 00 00 00 00 a8 20 00 00  XTUM......... ..
28262f620  00 00 00 00 58 54 55 4d 00 00 00 00 00 00 00 00  ....XTUM........
28262f630  00 00 00 00 00 00 00 00 ff ff ff ff ff ff ff ff  ................
28262f640  ef 09 9d 7d fd ff ff ff 58 54 55 4d 58 54 55 4d  ...}....XTUMXTUM
28262f650  03 84 00 00 00 00 00 00 e0 cb 80 81 02 00 00 00  ................
28262f660  00 70 bf 6d 01 00 00 00 00 00 00 00 00 00 00 00  .p.m............
28262f670  70 82 49 81 02 00 00 00 a0 1d 4e 81 02 00 00 00  p.I.......N.....
28262f680  90 71 12 82 02 00 00 00 a0 82 49 81 02 00 00 00  .q........I.....
28262f690  00 00 00 00 00 00 00 00 00 00 00 00 00 00 00 00  ................
28262f6a0  00 00 00 00 00 00 00 00 00 00 00 60 3e 19 f0 3f  ...........`>..?
28262f6b0  c0 d5 e3 83 02 00 00 00 00 00 00 00 00 00 00 00  ................
28262f6c0  58 54 55 4d 00 00 00 00 00 00 00 00 a4 20 00 00  XTUM......... ..
28262f6d0  00 00 00 00 58 54 55 4d 00 00 00 00 00 00 00 00  ....XTUM........
28262f6e0  00 00 00 00 00 00 00 00 ff ff ff ff ff ff ff ff  ................
28262f6f0  3f 09 9d 7d fd ff ff ff 58 54 55 4d 58 54 55 4d  ?..}....XTUMXTUM
28262f700  70 a0 82 81 02 00 00 00 00 00 00 00 00 00 00 00  p...............
28262f710  00 00 00 00 00 00 00 00 00 42 05 05 00 00 00 00  .........B......
28262f720  b0 a0 82 81 02 00 00 00 00 00 00 00 00 00 00 00  ................
28262f730  00 00 00 00 00 00 00 00 00 42 05 04 00 00 00 00  .........B......
28262f740  40 a1 82 81 02 00 00 00 00 00 00 00 00 00 00 00  @...............
28262f750  00 00 00 00 00 00 00 00 00 44 01 04 00 00 00 00  .........D......
28262f760  20 4e a4 81 02 00 00 00 00 00 00 00 00 00 00 00   N..............
28262f770  00 00 00 00 00 00 00 00 00 41 05 04 00 00 00 00  .........A......
28262f780  c0 47 a4 81 02 00 00 00 00 00 00 00 00 00 00 00  .G..............
28262f790  00 00 00 00 00 00 00 00 00 44 01 04 00 00 00 00  .........D......
28262f7a0  00 47 a4 81 02 00 00 00 00 00 00 00 00 00 00 00  .G..............
28262f7b0  00 00 00 00 00 00 00 00 00 44 01 04 00 00 00 00  .........D......
28262f7c0  40 54 a4 81 02 00 00 00 00 00 00 00 00 00 00 00  @T..............
28262f7d0  00 00 00 00 00 00 00 00 00 41 05 04 00 00 00 00  .........A......
28262f7e0  00 00 00 00 00 00 00 00 00 00 00 00 00 00 00 00  ................
28262f7f0  6c a8 ef 78 00 00 00 00 9f 0f 41 d5 01 00 00 00  l..x......A.....
28262f800  00 00 00 00 00 00 00 00 00 00 00 00 00 00 00 00  ................
28262f810  00 00 00 00 00 00 00 00 00 00 00 00 00 00 00 00  ................
28262f820  48 ca 66 45 00 00 00 00 42 05 58 d5 01 00 00 00  H.fE....B.X.....

,	Aweme!0x3e870c8 this.args2 0x2 0x2

,	Aweme!0x3e870c8 this.args3 0x28180d4b5             0  1  2  3  4  5  6  7  8  9  A  B  C  D  E  F  0123456789ABCDEF
28180d4b5  00 00 00 18 01 b3 81 02 00 00 00 4c 52 46 43 4c  ...........LRFCL
28180d4c5  52 46 43 00 00 00 00 00 00 00 00 d0 d4 1c 2c 01  RFC...........,.
28180d4d5  2b 00 00 3c 01 f8 80 02 00 00 00 f1 61 be bf 4c  +..<........a..L
28180d4e5  f6 08 cc c1 61 be bf 4c f6 08 cc 01 00 00 00 00  ....a..L........
28180d4f5  00 00 00 4c 01 b3 81 02 00 00 00 73 65 74 4c 61  ...L.......setLa
28180d505  62 65 6c 4c 61 72 67 65 3a 00 dc 00 00 00 00 01  belLarge:.......
28180d515  00 00 00 00 00 00 00 00 00 00 00 76 31 36 40 30  ...........v16@0
28180d525  3a 38 00 60 01 69 0a 01 00 00 00 42 31 36 40 30  :8.`.i.....B16@0
28180d535  3a 38 00 44 01 00 00 00 00 00 00 40 31 36 40 30  :8.D.......@16@0
28180d545  3a 38 00 6e 01 66 0a 01 00 00 00 01 00 00 00 00  :8.n.f..........
28180d555  00 00 00 c0 dd a9 81 02 00 00 00 44 00 61 00 74  ...........D.a.t
28180d565  00 61 00 49 01 4d 81 02 00 00 00 23 31 36 40 30  .a.I.M.....#16@0
28180d575  3a 38 00 95 01 00 00 00 00 00 00 40 31 36 40 30  :8.........@16@0
28180d585  3a 38 00 7b 01 ef 00 01 00 00 00 01 00 00 00 00  :8.{............
28180d595  00 00 00 c0 0b a5 81 02 00 00 00 42 31 36 40 30  ...........B16@0
28180d5a5  3a 38 00 7f 01 88 0a 01 00 00 00 f1 61 be bf 4c  :8..........a..L
28180d5b5  f6 08 cc c1 61 be bf 4c f6 08 cc 03 00 00 00 00  ....a..L........
28180d5c5  00 00 00 59 01 00 00 00 00 00 00 64 31 36 40 30  ...Y.......d16@0
28180d5d5  3a 38 00 b7 01 88 0a 01 00 00 00 76 31 36 40 30  :8.........v16@0
28180d5e5  3a 38 00 53 01 65 0a 01 00 00 00 76 32 34 40 30  :8.S.e.....v24@0
28180d5f5  3a 38 64 31 36 00 0a 01 00 00 00 23 31 36 40 30  :8d16......#16@0
28180d605  3a 38 00 55 01 69 0a 01 00 00 00 65 6e 30 00 00  :8.U.i.....en0..
28180d615  00 00 00 4c 01 00 00 00 00 00 00 20 d6 1c 2c 01  ...L....... ..,.
28180d625  2b 00 00 64 01 1e 80 02 00 00 00 30 d6 1c 2c 01  +..d.......0..,.
28180d635  2b 00 00 95 00 00 00 00 00 00 00 76 00 61 00 72  +..........v.a.r
28180d645  00 00 00 4b 01 2e 31 00 00 00 00 01 00 00 00 00  ...K..1.........
28180d655  00 00 00 a0 61 a5 81 02 00 00 00 00 00 00 00 01  ....a...........
28180d665  00 00 00 00 00 00 00 00 00 00 00 01 00 00 00 00  ................
28180d675  00 00 00 80 1f a4 81 02 00 00 00 42 31 36 40 30  ...........B16@0
28180d685  3a 38 00 5f 01 88 0a 01 00 00 00 51 31 36 40 30  :8._.......Q16@0
28180d695  3a 38 00 69 01 88 0a 01 00 00 00 79 d8 aa e5 a1  :8.i.......y....
28180d6a5  01 00 00 80 6a 9d 83 02 00 00 00 00 00 aa 5e 01  ....j.........^.
28180d6b5  00 00 00 00 50 a5 5e 01 00 00 00 00 00 00 00 01  ....P.^.........
28180d6c5  00 00 00 00 00 00 00 00 00 00 00 40 31 36 40 30  ...........@16@0
28180d6d5  3a 38 00 41 01 00 00 00 00 00 00 00 00 00 00 01  :8.A............
28180d6e5  00 00 00 00 00 00 00 00 00 00 00 00 00 00 00 01  ................
28180d6f5  00 00 00 00 00 00 00 00 00 00 00 00 00 00 00 01  ................
28180d705  00 00 00 00 00 00 00 00 00 00 00 51 31 36 40 30  ...........Q16@0
28180d715  3a 38 00 15 02 9c 83 02 00 00 00 20 d7 1c 2c 01  :8......... ..,.
28180d725  2b 00 00 bd 00 b0 81 02 00 00 00 01 00 00 00 00  +...............
28180d735  00 00 00 40 e3 a1 81 02 00 00 00 01 00 00 00 00  ...@............
28180d745  00 00 00 c0 da a1 81 02 00 00 00 23 31 36 40 30  ...........#16@0
28180d755  3a 38 00 2e 01 00 00 00 00 00 00 00 00 00 00 01  :8..............
28180d765  00 00 00 00 00 00 00 00 00 00 00 a0 dd a4 5e 01  ..............^.
28180d775  00 00 00 77 01 00 00 00 00 00 00 03 00 00 00 00  ...w............
28180d785  00 00 00 78 01 00 00 00 00 00 00 02 00 00 00 00  ...x............
28180d795  00 00 00 68 32 00 00 00 00 00 00 49 31 36 40 30  ...h2......I16@0
28180d7a5  3a 38 00 58 01 00 00 00 00 00 00 01 00 00 00 2b  :8.X...........+
28180d7b5  00 00 00 79 01 00 00 00 00 00 00 00 00 00 00 01  ...y............
28180d7c5  00 00 00 00 00 00 00 00 00 00 00 00 00 00 00 01  ................
28180d7d5  00 00 00 00 00 00 00 00 00 00 00 76 31 36 40 30  ...........v16@0
28180d7e5  3a 38 00 29 01 88 0a 01 00 00 00 40 31 36 40 30  :8.).......@16@0
28180d7f5  3a 38 00 0c 01 80 0a 01 00 00 00 76 31 36 40 30  :8.........v16@0
28180d805  3a 38 00 83 01 80 0a 01 00 00 00 23 31 36 40 30  :8.........#16@0
28180d815  3a 38 00 1f 01 93 0a 01 00 00 00 23 31 36 40 30  :8.........#16@0
28180d825  3a 38 00 8b 01 7f 0a 01 00 00 00 76 31 36 40 30  :8.........v16@0
28180d835  3a 38 00 43 01 80 0a 01 00 00 00 23 31 36 40 30  :8.C.......#16@0
28180d845  3a 38 00 45 01 80 0a 01 00 00 00 00 00 01 00 00  :8.E............
28180d855  00 00 00 00 00 00 00 00 00 00 00 00 00 00 00 00  ................
28180d865  00 00 00 8f 01 f3 82 02 00 00 00 70 d8 1c 2c 01  ...........p..,.
28180d875  2b 00 00 3d 01 00 00 00 00 00 00 76 31 36 40 30  +..=.......v16@0
28180d885  3a 38 00 97 01 00 80 02 00 00 00 40 31 36 40 30  :8.........@16@0
28180d895  3a 38 00 80 01 6a 0a 01 00 00 00 23 31 36 40 30  :8...j.....#16@0
28180d8a5  3a 38 00 8a 01 80 0a 01 00 00 00 38 06 54 81 02  :8.........8.T..

,	Aweme!0x3e870c8 this.args4 0x9ce51044 0x9ce51044

,	Aweme!0x3e870c8 this.args0 onLeave 0x281628240             0  1  2  3  4  5  6  7  8  9  A  B  C  D  E  F  0123456789ABCDEF
281628240  68 ca 58 0a 01 00 00 00 94 bd 87 06 01 00 00 00  h.X.............
281628250  00 00 00 00 00 00 00 00 d0 71 8a 06 01 00 00 00  .........q......
281628260  50 81 62 81 02 00 00 00 45 00 47 00 2d 00 34 00  P.b.....E.G.-.4.
281628270  00 00 00 00 00 00 00 00 f0 98 a4 da 01 00 00 00  ................
281628280  bb 6d 7c 0f 5d bd 48 dc 00 00 00 00 00 00 00 00  .m|.].H.........
281628290  90 5d a5 da 01 00 00 00 a0 c6 ad 81 02 00 00 00  .]..............
2816282a0  f9 2c ad e5 a1 01 00 00 00 00 00 00 00 00 00 40  .,.............@
2816282b0  00 00 00 00 00 00 00 00 00 00 00 00 00 00 00 00  ................
2816282c0  00 00 00 00 00 00 00 00 10 07 ed 5d 01 00 00 00  ...........]....
2816282d0  f0 f0 a9 e5 01 00 00 00 02 00 00 c3 00 00 00 00  ................
2816282e0  30 26 b0 02 01 00 00 00 90 19 3a 0a 01 00 00 00  0&........:.....
2816282f0  00 77 ec 5d 01 00 00 00 00 00 00 00 00 00 00 00  .w.]............
281628300  f0 f0 a9 e5 01 00 00 00 02 00 00 c1 00 00 00 00  ................
281628310  a0 9d 52 9d 01 00 00 00 80 5f aa da 01 00 00 00  ..R......_......
281628320  ff 88 13 a2 fe ff ff ff eb c8 64 d5 01 00 00 00  ..........d.....
281628330  00 00 00 00 00 00 00 00 00 00 00 00 00 00 00 00  ................
281628340  98 48 7c 0a 01 00 00 00 00 00 00 00 00 00 00 00  .H|.............
281628350  00 00 00 00 00 00 00 00 d0 82 62 81 02 00 00 00  ..........b.....
281628360  19 18 aa e5 a1 01 00 00 8c 07 00 00 01 00 00 00  ................
281628370  1b 64 61 72 6b 2f 66 65 65 64 5f 64 6f 75 64 69  .dark/feed_doudi
281628380  73 63 6f 75 6e 74 5f 61 72 72 6f 77 00 00 00 00  scount_arrow....
281628390  90 83 fe 2c 01 2b 00 00 33 00 00 00 00 00 00 00  ...,.+..3.......
2816283a0  c8 21 aa e5 01 00 00 00 18 c0 aa e5 01 00 00 00  .!..............
2816283b0  00 00 00 00 00 00 00 00 00 00 00 00 00 00 00 00  ................
2816283c0  00 00 00 00 00 00 00 00 f0 98 a4 da 01 00 00 00  ................
2816283d0  bb 6d 7c 0f 5d bd 48 dc 00 00 00 00 00 00 00 00  .m|.].H.........
2816283e0  90 5d a5 da 01 00 00 00 40 d1 ad 81 02 00 00 00  .]......@.......
2816283f0  58 42 65 0a 01 00 00 00 00 00 00 00 00 00 00 00  XBe.............
281628400  00 00 00 00 00 00 00 00 50 84 62 81 02 00 00 00  ........P.b.....
281628410  00 00 00 00 00 00 00 00 00 00 00 00 00 00 00 00  ................
281628420  00 00 00 00 00 00 00 00 28 a7 8b dc 01 00 00 00  ........(.......
281628430  00 00 00 00 00 00 00 00 00 00 00 00 00 00 00 00  ................
281628440  a0 c2 15 83 02 00 00 00 00 00 00 00 00 00 00 00  ................
281628450  f0 f0 a9 e5 01 00 00 00 02 00 00 c3 00 00 00 00  ................
281628460  b8 24 54 08 01 00 00 00 c0 23 39 0a 01 00 00 00  .$T......#9.....
281628470  00 96 d3 82 02 00 00 00 c0 72 ec 5d 01 00 00 00  .........r.]....
281628480  19 18 aa e5 a1 01 00 00 8c 07 00 00 01 00 00 00  ................
281628490  1c 5a 5a 5a 5a 50 61 63 6b 65 64 41 73 73 65 74  .ZZZZPackedAsset
2816284a0  2d 32 2e 30 2e 30 2d 67 61 6d 75 74 30 00 00 00  -2.0.0-gamut0...
2816284b0  00 00 00 00 00 00 00 00 f0 98 a4 da 01 00 00 00  ................
2816284c0  bb 6d 7c 0f 5d bd 48 dc 00 00 00 00 00 00 00 00  .m|.].H.........
2816284d0  90 5d a5 da 01 00 00 00 40 c6 ad 81 02 00 00 00  .]......@.......
2816284e0  f0 f0 a9 e5 01 00 00 00 02 00 00 c1 00 00 00 00  ................
2816284f0  a0 9d 52 9d 01 00 00 00 80 5f aa da 01 00 00 00  ..R......_......
281628500  6f 8b 13 a2 fe ff ff ff eb c8 64 d5 01 00 00 00  o.........d.....
281628510  f0 f0 a9 e5 01 00 00 00 02 00 00 c3 00 00 00 00  ................
281628520  30 26 b0 02 01 00 00 00 90 19 3a 0a 01 00 00 00  0&........:.....
281628530  90 74 ec 5d 01 00 00 00 00 00 00 00 00 00 00 00  .t.]............
281628540  00 00 00 00 00 00 00 00 00 00 00 00 00 00 00 00  ................
281628550  98 48 7c 0a 01 00 00 00 00 00 00 00 00 00 00 00  .H|.............
281628560  00 00 00 00 00 00 00 00 10 85 62 81 02 00 00 00  ..........b.....
281628570  19 18 aa e5 a1 01 00 00 8c 07 00 00 02 00 00 00  ................
281628580  12 30 7b 32 2d 30 2d 35 2d 35 34 34 37 2d 35 35  .0{2-0-5-5447-55
281628590  2d 33 62 00 00 00 00 00 00 00 00 00 00 00 00 00  -3b.............
2816285a0  a0 85 fe 2c 01 2b 00 00 a4 00 00 00 00 00 00 00  ...,.+..........
2816285b0  00 00 00 00 00 00 00 00 00 00 00 00 00 00 00 00  ................
2816285c0  03 00 00 00 00 00 00 00 00 00 00 00 00 00 00 00  ................
2816285d0  6d 53 ad e5 a1 01 00 00 18 9e 83 0a 01 00 00 00  mS..............
2816285e0  c0 cf ad 81 02 00 00 00 c0 c3 97 83 02 00 00 00  ................
2816285f0  00 00 00 00 00 00 00 00 00 00 00 00 00 00 00 00  ................
281628600  77 b7 a8 c9 1a f0 08 dc f0 98 a4 da 01 00 00 00  w...............
281628610  bb 6d 7c 0f 5d bd 48 dc a0 d0 ad 81 02 00 00 00  .m|.].H.........
281628620  90 5d a5 da 01 00 00 00 80 cf ad 81 02 00 00 00  .]..............
281628630  b5 b9 0f 0c a1 01 00 00 00 00 00 00 00 00 00 00  ................

,	Aweme!0x3e870c8 this.args1 onLeave 0x28262f430             0  1  2  3  4  5  6  7  8  9  A  B  C  D  E  F  0123456789ABCDEF
28262f430  00 ad 58 0a 01 00 00 00 4b 4c 57 52 00 00 00 00  ..X.....KLWR....
28262f440  00 00 00 00 02 00 00 80 20 00 00 00 4b 4c 57 52  ........ ...KLWR
28262f450  00 00 00 00 00 00 00 00 ff ff ff ff ff ff ff ff  ................
28262f460  c0 a7 00 00 01 a7 00 00 00 a7 00 00 ff ff ff ff  ................
28262f470  ff ff ff ff ff ff ff ff c7 0b 9d 7d fd ff ff ff  ...........}....
28262f480  e0 ee 97 83 02 00 00 00 00 00 00 00 00 00 00 00  ................
28262f490  00 00 00 00 00 00 00 00 00 04 00 00 10 00 00 00  ................
28262f4a0  10 ed 10 83 02 00 00 00 00 00 00 00 00 00 00 00  ................
28262f4b0  00 00 00 00 00 00 00 00 00 04 00 00 11 00 00 00  ................
28262f4c0  30 ef 97 83 02 00 00 00 00 00 00 00 00 00 00 00  0...............
28262f4d0  00 00 00 00 00 00 00 00 00 00 00 00 13 00 00 00  ................
28262f4e0  00 00 00 00 00 00 00 00 00 00 00 00 00 00 00 00  ................
28262f4f0  c0 c3 ec 78 00 00 00 00 df 00 41 d5 4b 4c 57 52  ...x......A.KLWR
28262f500  01 01 60 00 00 00 00 00 00 00 00 00 3f f0 00 fc  ..`.........?...
28262f510  fd f8 f8 00 00 0f 03 20 00 01 00 19 40 01 0c 01  ....... ....@...
28262f520  ff ff 01 60 00 00 03 00 00 03 00 00 03 00 00 03  ...`............
28262f530  00 3f 97 02 40 21 00 01 00 26 42 01 01 01 60 00  .?..@!...&B...`.
28262f540  00 03 00 00 03 00 00 03 00 00 03 00 3f a0 0b 48  ............?..H
28262f550  02 81 fe 59 79 24 c8 e5 e4 92 4f e7 9f cf 6d 90  ...Yy$....O...m.
28262f560  22 00 01 00 07 44 01 c1 2c 60 44 80 62 70 6c 69  "....D..,`D.bpli
28262f570  73 74 30 30 d1 01 02 5f 10 25 45 6e 61 62 6c 65  st00..._.%Enable
28262f580  48 61 72 64 77 61 72 65 41 63 63 65 6c 65 72 61  HardwareAccelera
28262f590  74 65 64 56 69 64 65 6f 44 65 63 6f 64 65 72 09  tedVideoDecoder.
28262f5a0  08 0b 33 00 00 00 00 00 00 01 01 00 00 00 00 00  ..3.............
28262f5b0  00 00 03 00 00 00 00 00 00 00 00 00 00 00 00 00  ................
28262f5c0  00 00 34 01 00 00 00 00 00 00 00 00 00 00 00 00  ..4.............
28262f5d0  00 00 00 00 00 00 00 06 00 00 00 00 00 00 00 00  ................
28262f5e0  75 70 64 61 74 65 5f 74 69 6d 65 00 00 00 00 00  update_time.....
28262f5f0  80 13 62 81 02 00 00 0b 00 00 00 00 00 00 00 00  ..b.............
28262f600  59 28 aa e5 a1 01 00 00 82 2b 00 00 0a 00 00 00  Y(.......+......
28262f610  58 54 55 4d 00 00 00 00 00 00 00 00 a8 20 00 00  XTUM......... ..
28262f620  00 00 00 00 58 54 55 4d 00 00 00 00 00 00 00 00  ....XTUM........
28262f630  00 00 00 00 00 00 00 00 ff ff ff ff ff ff ff ff  ................
28262f640  ef 09 9d 7d fd ff ff ff 58 54 55 4d 58 54 55 4d  ...}....XTUMXTUM
28262f650  03 84 00 00 00 00 00 00 e0 cb 80 81 02 00 00 00  ................
28262f660  00 70 bf 6d 01 00 00 00 00 00 00 00 00 00 00 00  .p.m............
28262f670  70 82 49 81 02 00 00 00 a0 1d 4e 81 02 00 00 00  p.I.......N.....
28262f680  90 71 12 82 02 00 00 00 a0 82 49 81 02 00 00 00  .q........I.....
28262f690  00 00 00 00 00 00 00 00 00 00 00 00 00 00 00 00  ................
28262f6a0  00 00 00 00 00 00 00 00 00 00 00 60 3e 19 f0 3f  ...........`>..?
28262f6b0  c0 d5 e3 83 02 00 00 00 00 00 00 00 00 00 00 00  ................
28262f6c0  58 54 55 4d 00 00 00 00 00 00 00 00 a4 20 00 00  XTUM......... ..
28262f6d0  00 00 00 00 58 54 55 4d 00 00 00 00 00 00 00 00  ....XTUM........
28262f6e0  00 00 00 00 00 00 00 00 ff ff ff ff ff ff ff ff  ................
28262f6f0  3f 09 9d 7d fd ff ff ff 58 54 55 4d 58 54 55 4d  ?..}....XTUMXTUM
28262f700  70 a0 82 81 02 00 00 00 00 00 00 00 00 00 00 00  p...............
28262f710  00 00 00 00 00 00 00 00 00 42 05 05 00 00 00 00  .........B......
28262f720  b0 a0 82 81 02 00 00 00 00 00 00 00 00 00 00 00  ................
28262f730  00 00 00 00 00 00 00 00 00 42 05 04 00 00 00 00  .........B......
28262f740  40 a1 82 81 02 00 00 00 00 00 00 00 00 00 00 00  @...............
28262f750  00 00 00 00 00 00 00 00 00 44 01 04 00 00 00 00  .........D......
28262f760  20 4e a4 81 02 00 00 00 00 00 00 00 00 00 00 00   N..............
28262f770  00 00 00 00 00 00 00 00 00 41 05 04 00 00 00 00  .........A......
28262f780  c0 47 a4 81 02 00 00 00 00 00 00 00 00 00 00 00  .G..............
28262f790  00 00 00 00 00 00 00 00 00 44 01 04 00 00 00 00  .........D......
28262f7a0  00 47 a4 81 02 00 00 00 00 00 00 00 00 00 00 00  .G..............
28262f7b0  00 00 00 00 00 00 00 00 00 44 01 04 00 00 00 00  .........D......
28262f7c0  40 54 a4 81 02 00 00 00 00 00 00 00 00 00 00 00  @T..............
28262f7d0  00 00 00 00 00 00 00 00 00 41 05 04 00 00 00 00  .........A......
28262f7e0  00 00 00 00 00 00 00 00 00 00 00 00 00 00 00 00  ................
28262f7f0  6c a8 ef 78 00 00 00 00 9f 0f 41 d5 01 00 00 00  l..x......A.....
28262f800  00 00 00 00 00 00 00 00 00 00 00 00 00 00 00 00  ................
28262f810  00 00 00 00 00 00 00 00 00 00 00 00 00 00 00 00  ................
28262f820  48 ca 66 45 00 00 00 00 42 05 58 d5 01 00 00 00  H.fE....B.X.....

,	Aweme!0x3e870c8 this.args2 onLeave 0x2 0x2

,	Aweme!0x3e870c8 this.args3 onLeave 0x28180d4b5             0  1  2  3  4  5  6  7  8  9  A  B  C  D  E  F  0123456789ABCDEF
28180d4b5  00 00 00 18 01 b3 81 02 00 00 00 4c 52 46 43 4c  ...........LRFCL
28180d4c5  52 46 43 00 00 00 00 00 00 00 00 d0 d4 1c 2c 01  RFC...........,.
28180d4d5  2b 00 00 3c 01 f8 80 02 00 00 00 f1 61 be bf 4c  +..<........a..L
28180d4e5  f6 08 cc c1 61 be bf 4c f6 08 cc 01 00 00 00 00  ....a..L........
28180d4f5  00 00 00 4c 01 b3 81 02 00 00 00 73 65 74 4c 61  ...L.......setLa
28180d505  62 65 6c 4c 61 72 67 65 3a 00 dc 00 00 00 00 01  belLarge:.......
28180d515  00 00 00 00 00 00 00 00 00 00 00 76 31 36 40 30  ...........v16@0
28180d525  3a 38 00 60 01 69 0a 01 00 00 00 42 31 36 40 30  :8.`.i.....B16@0
28180d535  3a 38 00 44 01 00 00 00 00 00 00 40 31 36 40 30  :8.D.......@16@0
28180d545  3a 38 00 6e 01 66 0a 01 00 00 00 01 00 00 00 00  :8.n.f..........
28180d555  00 00 00 c0 dd a9 81 02 00 00 00 44 00 61 00 74  ...........D.a.t
28180d565  00 61 00 49 01 4d 81 02 00 00 00 23 31 36 40 30  .a.I.M.....#16@0
28180d575  3a 38 00 95 01 00 00 00 00 00 00 40 31 36 40 30  :8.........@16@0
28180d585  3a 38 00 7b 01 ef 00 01 00 00 00 01 00 00 00 00  :8.{............
28180d595  00 00 00 c0 0b a5 81 02 00 00 00 42 31 36 40 30  ...........B16@0
28180d5a5  3a 38 00 7f 01 88 0a 01 00 00 00 f1 61 be bf 4c  :8..........a..L
28180d5b5  f6 08 cc c1 61 be bf 4c f6 08 cc 03 00 00 00 00  ....a..L........
28180d5c5  00 00 00 59 01 00 00 00 00 00 00 64 31 36 40 30  ...Y.......d16@0
28180d5d5  3a 38 00 b7 01 88 0a 01 00 00 00 76 31 36 40 30  :8.........v16@0
28180d5e5  3a 38 00 53 01 65 0a 01 00 00 00 76 32 34 40 30  :8.S.e.....v24@0
28180d5f5  3a 38 64 31 36 00 0a 01 00 00 00 23 31 36 40 30  :8d16......#16@0
28180d605  3a 38 00 55 01 69 0a 01 00 00 00 65 6e 30 00 00  :8.U.i.....en0..
28180d615  00 00 00 4c 01 00 00 00 00 00 00 20 d6 1c 2c 01  ...L....... ..,.
28180d625  2b 00 00 64 01 1e 80 02 00 00 00 30 d6 1c 2c 01  +..d.......0..,.
28180d635  2b 00 00 95 00 00 00 00 00 00 00 76 00 61 00 72  +..........v.a.r
28180d645  00 00 00 4b 01 2e 31 00 00 00 00 01 00 00 00 00  ...K..1.........
28180d655  00 00 00 a0 61 a5 81 02 00 00 00 00 00 00 00 01  ....a...........
28180d665  00 00 00 00 00 00 00 00 00 00 00 01 00 00 00 00  ................
28180d675  00 00 00 80 1f a4 81 02 00 00 00 42 31 36 40 30  ...........B16@0
28180d685  3a 38 00 5f 01 88 0a 01 00 00 00 51 31 36 40 30  :8._.......Q16@0
28180d695  3a 38 00 69 01 88 0a 01 00 00 00 79 d8 aa e5 a1  :8.i.......y....
28180d6a5  01 00 00 80 6a 9d 83 02 00 00 00 00 00 aa 5e 01  ....j.........^.
28180d6b5  00 00 00 00 50 a5 5e 01 00 00 00 00 00 00 00 01  ....P.^.........
28180d6c5  00 00 00 00 00 00 00 00 00 00 00 40 31 36 40 30  ...........@16@0
28180d6d5  3a 38 00 41 01 00 00 00 00 00 00 00 00 00 00 01  :8.A............
28180d6e5  00 00 00 00 00 00 00 00 00 00 00 00 00 00 00 01  ................
28180d6f5  00 00 00 00 00 00 00 00 00 00 00 00 00 00 00 01  ................
28180d705  00 00 00 00 00 00 00 00 00 00 00 51 31 36 40 30  ...........Q16@0
28180d715  3a 38 00 15 02 9c 83 02 00 00 00 20 d7 1c 2c 01  :8......... ..,.
28180d725  2b 00 00 bd 00 b0 81 02 00 00 00 01 00 00 00 00  +...............
28180d735  00 00 00 40 e3 a1 81 02 00 00 00 01 00 00 00 00  ...@............
28180d745  00 00 00 c0 da a1 81 02 00 00 00 23 31 36 40 30  ...........#16@0
28180d755  3a 38 00 2e 01 00 00 00 00 00 00 00 00 00 00 01  :8..............
28180d765  00 00 00 00 00 00 00 00 00 00 00 a0 dd a4 5e 01  ..............^.
28180d775  00 00 00 77 01 00 00 00 00 00 00 03 00 00 00 00  ...w............
28180d785  00 00 00 78 01 00 00 00 00 00 00 02 00 00 00 00  ...x............
28180d795  00 00 00 68 32 00 00 00 00 00 00 49 31 36 40 30  ...h2......I16@0
28180d7a5  3a 38 00 58 01 00 00 00 00 00 00 01 00 00 00 2b  :8.X...........+
28180d7b5  00 00 00 79 01 00 00 00 00 00 00 00 00 00 00 01  ...y............
28180d7c5  00 00 00 00 00 00 00 00 00 00 00 00 00 00 00 01  ................
28180d7d5  00 00 00 00 00 00 00 00 00 00 00 76 31 36 40 30  ...........v16@0
28180d7e5  3a 38 00 29 01 88 0a 01 00 00 00 40 31 36 40 30  :8.).......@16@0
28180d7f5  3a 38 00 0c 01 80 0a 01 00 00 00 76 31 36 40 30  :8.........v16@0
28180d805  3a 38 00 83 01 80 0a 01 00 00 00 23 31 36 40 30  :8.........#16@0
28180d815  3a 38 00 1f 01 93 0a 01 00 00 00 23 31 36 40 30  :8.........#16@0
28180d825  3a 38 00 8b 01 7f 0a 01 00 00 00 76 31 36 40 30  :8.........v16@0
28180d835  3a 38 00 43 01 80 0a 01 00 00 00 23 31 36 40 30  :8.C.......#16@0
28180d845  3a 38 00 45 01 80 0a 01 00 00 00 00 00 01 00 00  :8.E............
28180d855  00 00 00 00 00 00 00 00 00 00 00 00 00 00 00 00  ................
28180d865  00 00 00 8f 01 f3 82 02 00 00 00 70 d8 1c 2c 01  ...........p..,.
28180d875  2b 00 00 3d 01 00 00 00 00 00 00 76 31 36 40 30  +..=.......v16@0
28180d885  3a 38 00 97 01 00 80 02 00 00 00 40 31 36 40 30  :8.........@16@0
28180d895  3a 38 00 80 01 6a 0a 01 00 00 00 23 31 36 40 30  :8...j.....#16@0
28180d8a5  3a 38 00 8a 01 80 0a 01 00 00 00 38 06 54 81 02  :8.........8.T..

,	Aweme!0x3e870c8 this.args4 onLeave 0x9ce51044 0x9ce51044

,retval onLeave: 0x0 0x0

call Aweme!0x3e870c8
,	Aweme!0x3e870c8 this.args0 0x281628240             0  1  2  3  4  5  6  7  8  9  A  B  C  D  E  F  0123456789ABCDEF
281628240  68 ca 58 0a 01 00 00 00 94 bd 87 06 01 00 00 00  h.X.............
281628250  00 00 00 00 00 00 00 00 d0 71 8a 06 01 00 00 00  .........q......
281628260  50 81 62 81 02 00 00 00 45 00 47 00 2d 00 34 00  P.b.....E.G.-.4.
281628270  00 00 00 00 00 00 00 00 f0 98 a4 da 01 00 00 00  ................
281628280  bb 6d 7c 0f 5d bd 48 dc 00 00 00 00 00 00 00 00  .m|.].H.........
281628290  90 5d a5 da 01 00 00 00 a0 c6 ad 81 02 00 00 00  .]..............
2816282a0  f9 2c ad e5 a1 01 00 00 00 00 00 00 00 00 00 40  .,.............@
2816282b0  00 00 00 00 00 00 00 00 00 00 00 00 00 00 00 00  ................
2816282c0  00 00 00 00 00 00 00 00 10 07 ed 5d 01 00 00 00  ...........]....
2816282d0  f0 f0 a9 e5 01 00 00 00 02 00 00 c3 00 00 00 00  ................
2816282e0  30 26 b0 02 01 00 00 00 90 19 3a 0a 01 00 00 00  0&........:.....
2816282f0  00 77 ec 5d 01 00 00 00 00 00 00 00 00 00 00 00  .w.]............
281628300  f0 f0 a9 e5 01 00 00 00 02 00 00 c1 00 00 00 00  ................
281628310  a0 9d 52 9d 01 00 00 00 80 5f aa da 01 00 00 00  ..R......_......
281628320  ff 88 13 a2 fe ff ff ff eb c8 64 d5 01 00 00 00  ..........d.....
281628330  00 00 00 00 00 00 00 00 00 00 00 00 00 00 00 00  ................
281628340  98 48 7c 0a 01 00 00 00 00 00 00 00 00 00 00 00  .H|.............
281628350  00 00 00 00 00 00 00 00 d0 82 62 81 02 00 00 00  ..........b.....
281628360  19 18 aa e5 a1 01 00 00 8c 07 00 00 01 00 00 00  ................
281628370  1b 64 61 72 6b 2f 66 65 65 64 5f 64 6f 75 64 69  .dark/feed_doudi
281628380  73 63 6f 75 6e 74 5f 61 72 72 6f 77 00 00 00 00  scount_arrow....
281628390  90 83 fe 2c 01 2b 00 00 33 00 00 00 00 00 00 00  ...,.+..3.......
2816283a0  c8 21 aa e5 01 00 00 00 18 c0 aa e5 01 00 00 00  .!..............
2816283b0  00 00 00 00 00 00 00 00 00 00 00 00 00 00 00 00  ................
2816283c0  00 00 00 00 00 00 00 00 f0 98 a4 da 01 00 00 00  ................
2816283d0  bb 6d 7c 0f 5d bd 48 dc 00 00 00 00 00 00 00 00  .m|.].H.........
2816283e0  90 5d a5 da 01 00 00 00 40 d1 ad 81 02 00 00 00  .]......@.......
2816283f0  58 42 65 0a 01 00 00 00 00 00 00 00 00 00 00 00  XBe.............
281628400  00 00 00 00 00 00 00 00 50 84 62 81 02 00 00 00  ........P.b.....
281628410  00 00 00 00 00 00 00 00 00 00 00 00 00 00 00 00  ................
281628420  00 00 00 00 00 00 00 00 28 a7 8b dc 01 00 00 00  ........(.......
281628430  00 00 00 00 00 00 00 00 00 00 00 00 00 00 00 00  ................
281628440  a0 c2 15 83 02 00 00 00 00 00 00 00 00 00 00 00  ................
281628450  f0 f0 a9 e5 01 00 00 00 02 00 00 c3 00 00 00 00  ................
281628460  b8 24 54 08 01 00 00 00 c0 23 39 0a 01 00 00 00  .$T......#9.....
281628470  00 96 d3 82 02 00 00 00 c0 72 ec 5d 01 00 00 00  .........r.]....
281628480  19 18 aa e5 a1 01 00 00 8c 07 00 00 01 00 00 00  ................
281628490  1c 5a 5a 5a 5a 50 61 63 6b 65 64 41 73 73 65 74  .ZZZZPackedAsset
2816284a0  2d 32 2e 30 2e 30 2d 67 61 6d 75 74 30 00 00 00  -2.0.0-gamut0...
2816284b0  00 00 00 00 00 00 00 00 f0 98 a4 da 01 00 00 00  ................
2816284c0  bb 6d 7c 0f 5d bd 48 dc 00 00 00 00 00 00 00 00  .m|.].H.........
2816284d0  90 5d a5 da 01 00 00 00 40 c6 ad 81 02 00 00 00  .]......@.......
2816284e0  f0 f0 a9 e5 01 00 00 00 02 00 00 c1 00 00 00 00  ................
2816284f0  a0 9d 52 9d 01 00 00 00 80 5f aa da 01 00 00 00  ..R......_......
281628500  6f 8b 13 a2 fe ff ff ff eb c8 64 d5 01 00 00 00  o.........d.....
281628510  f0 f0 a9 e5 01 00 00 00 02 00 00 c3 00 00 00 00  ................
281628520  30 26 b0 02 01 00 00 00 90 19 3a 0a 01 00 00 00  0&........:.....
281628530  90 74 ec 5d 01 00 00 00 00 00 00 00 00 00 00 00  .t.]............
281628540  00 00 00 00 00 00 00 00 00 00 00 00 00 00 00 00  ................
281628550  98 48 7c 0a 01 00 00 00 00 00 00 00 00 00 00 00  .H|.............
281628560  00 00 00 00 00 00 00 00 10 85 62 81 02 00 00 00  ..........b.....
281628570  19 18 aa e5 a1 01 00 00 8c 07 00 00 02 00 00 00  ................
281628580  12 30 7b 32 2d 30 2d 35 2d 35 34 34 37 2d 35 35  .0{2-0-5-5447-55
281628590  2d 33 62 00 00 00 00 00 00 00 00 00 00 00 00 00  -3b.............
2816285a0  00 00 00 00 00 00 00 00 00 00 00 00 00 00 00 00  ................
2816285b0  a0 85 62 81 02 00 00 00 a0 85 62 81 02 00 00 00  ..b.......b.....
2816285c0  00 00 00 00 00 00 00 00 00 00 00 00 00 00 00 00  ................
2816285d0  6d 53 ad e5 a1 01 00 00 18 9e 83 0a 01 00 00 00  mS..............
2816285e0  c0 cf ad 81 02 00 00 00 c0 c3 97 83 02 00 00 00  ................
2816285f0  00 00 00 00 00 00 00 00 00 00 00 00 00 00 00 00  ................
281628600  77 b7 a8 c9 1a f0 08 dc f0 98 a4 da 01 00 00 00  w...............
281628610  bb 6d 7c 0f 5d bd 48 dc a0 d0 ad 81 02 00 00 00  .m|.].H.........
281628620  90 5d a5 da 01 00 00 00 80 cf ad 81 02 00 00 00  .]..............
281628630  b5 b9 0f 0c a1 01 00 00 00 00 00 00 00 00 00 00  ................

,	Aweme!0x3e870c8 this.args1 0x28212e8a0             0  1  2  3  4  5  6  7  8  9  A  B  C  D  E  F  0123456789ABCDEF
28212e8a0  00 ad 58 0a 01 00 00 00 4b 4c 57 52 00 00 00 00  ..X.....KLWR....
28212e8b0  00 00 00 00 02 00 00 80 20 00 00 00 4b 4c 57 52  ........ ...KLWR
28212e8c0  00 00 00 00 00 00 00 00 ff ff ff ff ff ff ff ff  ................
28212e8d0  c0 00 00 00 01 00 00 00 00 00 00 00 ff ff ff ff  ................
28212e8e0  ff ff ff ff ff ff ff ff 57 17 ed 7d fd ff ff ff  ........W..}....
28212e8f0  00 a7 b0 81 02 00 00 00 e0 a6 b0 81 02 00 00 00  ................
28212e900  c0 a6 b0 81 02 00 00 00 a0 a6 b0 81 02 00 00 00  ................
28212e910  80 a6 b0 81 02 00 00 00 60 a6 b0 81 02 00 00 00  ........`.......
28212e920  40 a6 b0 81 02 00 00 00 20 a6 b0 81 02 00 00 00  @....... .......
28212e930  00 a6 b0 81 02 00 00 00 e0 a5 b0 81 02 00 00 00  ................
28212e940  00 00 00 00 00 00 00 00 00 00 00 00 00 00 00 00  ................
28212e950  00 00 00 00 00 00 00 00 00 00 00 00 00 00 00 00  ................
28212e960  00 00 00 00 00 00 00 00 00 00 00 00 4b 4c 57 52  ............KLWR
28212e970  70 e9 8e 2f 01 2b 00 00 0c 00 41 47 02 00 00 00  p../.+....AG....
28212e980  00 00 00 00 00 00 00 00 da 00 00 00 00 00 00 00  ................
28212e990  c0 01 00 00 00 00 00 00 00 00 00 00 00 00 00 00  ................
28212e9a0  5a 5a 5a 5a 50 61 63 6b 65 64 41 73 73 65 74 2d  ZZZZPackedAsset-
28212e9b0  32 2e 30 2e 31 2d 67 61 6d 75 74 30 00 00 00 00  2.0.1-gamut0....
28212e9c0  00 00 00 00 00 00 00 00 00 00 00 00 00 00 00 00  ................
28212e9d0  00 00 00 00 00 00 00 00 00 00 00 00 00 00 00 00  ................
28212e9e0  00 00 00 00 00 00 00 00 00 00 00 00 00 00 00 00  ................
28212e9f0  00 00 00 00 00 00 00 00 00 00 00 00 00 00 00 00  ................
28212ea00  00 00 00 00 00 00 00 00 00 00 00 00 00 00 00 00  ................
28212ea10  00 00 00 00 00 00 00 00 00 00 00 00 00 00 00 00  ................
28212ea20  01 00 00 00 00 00 00 00 80 03 00 00 00 00 00 00  ................
28212ea30  03 00 00 00 00 00 00 00 00 00 00 00 00 00 00 00  ................
28212ea40  c0 c6 51 81 02 00 00 00 a0 8e a7 81 02 00 00 00  ..Q.............
28212ea50  ab 51 7f 96 75 7e 08 de a0 fb 51 81 02 00 00 00  .Q..u~....Q.....
28212ea60  30 c6 51 81 02 00 00 00 60 c6 51 81 02 00 00 00  0.Q.....`.Q.....
28212ea70  80 fd 51 81 02 00 00 00 e0 ee 51 81 02 00 00 00  ..Q.......Q.....
28212ea80  90 ff 51 81 02 00 00 00 00 25 00 80 02 00 00 00  ..Q......%......
28212ea90  a0 f8 51 81 02 00 00 00 40 f8 51 81 02 00 00 00  ..Q.....@.Q.....
28212eaa0  e0 94 a7 81 02 00 00 00 50 c7 51 81 02 00 00 00  ........P.Q.....
28212eab0  b0 c7 51 81 02 00 00 00 20 c7 51 81 02 00 00 00  ..Q..... .Q.....
28212eac0  80 c7 51 81 02 00 00 00 30 d2 51 81 02 00 00 00  ..Q.....0.Q.....
28212ead0  60 d8 51 81 02 00 00 00 75 57 69 2b aa 00 2e db  `.Q.....uWi+....
28212eae0  29 41 ff 3b da 47 8a dd 70 d4 51 81 02 00 00 00  )A.;.G..p.Q.....
28212eaf0  c0 de 51 81 02 00 00 00 f0 de 51 81 02 00 00 00  ..Q.......Q.....
28212eb00  00 00 00 00 00 00 00 00 00 00 00 00 00 00 00 00  ................
28212eb10  19 18 aa e5 a1 01 00 00 8c 07 00 00 01 00 00 00  ................
28212eb20  bc 68 74 74 70 73 3a 2f 2f 61 77 65 6d 65 2e 73  .https://aweme.s
28212eb30  6e 73 73 64 6b 2e 63 6f 6d 2f 66 61 6c 63 6f 6e  nssdk.com/falcon
28212eb40  2f 64 6f 75 79 69 6e 5f 66 61 6c 63 6f 6e 2f 64  /douyin_falcon/d
28212eb50  6f 75 5f 70 6c 75 73 2f 6f 72 64 65 72 5f 6c 69  ou_plus/order_li
28212eb60  73 74 3f 68 69 64 65 5f 73 74 61 74 75 73 5f 62  st?hide_status_b
28212eb70  61 72 3d 30 26 68 69 64 65 5f 6e 61 76 5f 62 61  ar=0&hide_nav_ba
28212eb80  72 3d 31 26 73 74 61 74 75 73 5f 62 61 72 5f 73  r=1&status_bar_s
28212eb90  74 79 6c 65 5f 74 79 70 65 3d 30 26 73 74 61 74  tyle_type=0&stat
28212eba0  75 73 5f 62 61 72 5f 63 6f 6c 6f 72 3d 66 66 66  us_bar_color=fff
28212ebb0  66 66 66 26 6c 6f 61 64 69 6e 67 5f 62 67 63 6f  fff&loading_bgco
28212ebc0  6c 6f 72 3d 66 66 66 66 66 66 26 73 74 61 74 75  lor=ffffff&statu
28212ebd0  73 5f 66 6f 6e 74 5f 64 61 72 6b 3d 31 00 00 00  s_font_dark=1...
28212ebe0  c0 00 00 00 00 00 00 00 14 8f 11 71 ff 85 dc 73  ...........q...s
28212ebf0  89 14 63 6b 73 74 44 c8 28 bd 1e c8 22 6a 8a a1  ..ckstD.(..."j..
28212ec00  a8 ff 76 51 6b 21 c2 18 ee 75 c5 9a f4 4b fe 5f  ..vQk!...u...K._
28212ec10  a2 db 3f eb 02 d3 be 00 44 25 87 7b 29 3a 69 13  ..?.....D%.{):i.
28212ec20  8b 2e b6 1f 1d 6e 76 8c 02 ea 7e d2 9d 6a 5e 73  .....nv...~..j^s
28212ec30  b7 b7 50 33 fb 2a 7e 99 9f 0b 5c 1e 6b 68 e7 d0  ..P3.*~...\.kh..
28212ec40  67 68 46 17 4f d9 2b b4 13 a2 15 aa d2 10 9a 3c  ghF.O.+........<
28212ec50  bf 57 08 83 d4 96 7f 89 cc 58 b8 22 d2 f8 da c0  .W.......X."....
28212ec60  7d 85 02 f4 98 ff 27 b7 3a 80 ad 16 c2 2c ff c0  }.....'.:....,..
28212ec70  80 9f d1 9e 9b 7f ca 64 0e 7b 06 32 3c a1 b0 2c  .......d.{.2<..,
28212ec80  7b 50 95 77 82 e6 dd 26 70 b9 9b 00 19 8e 3f c8  {P.w...&p.....?.
28212ec90  66 86 e4 bd 39 5e 0a 52 03 1d 17 a3 ff c7 4b 14  f...9^.R......K.

,	Aweme!0x3e870c8 this.args2 0x120a8 0x120a8

,	Aweme!0x3e870c8 this.args3 0x35 0x35

,	Aweme!0x3e870c8 this.args4 0x6f 0x6f

,	Aweme!0x3e870c8 this.args0 onLeave 0x281628240             0  1  2  3  4  5  6  7  8  9  A  B  C  D  E  F  0123456789ABCDEF
281628240  68 ca 58 0a 01 00 00 00 94 bd 87 06 01 00 00 00  h.X.............
281628250  00 00 00 00 00 00 00 00 d0 71 8a 06 01 00 00 00  .........q......
281628260  50 81 62 81 02 00 00 00 45 00 47 00 2d 00 34 00  P.b.....E.G.-.4.
281628270  00 00 00 00 00 00 00 00 f0 98 a4 da 01 00 00 00  ................
281628280  bb 6d 7c 0f 5d bd 48 dc 00 00 00 00 00 00 00 00  .m|.].H.........
281628290  90 5d a5 da 01 00 00 00 a0 c6 ad 81 02 00 00 00  .]..............
2816282a0  f9 2c ad e5 a1 01 00 00 00 00 00 00 00 00 00 40  .,.............@
2816282b0  00 00 00 00 00 00 00 00 00 00 00 00 00 00 00 00  ................
2816282c0  00 00 00 00 00 00 00 00 10 07 ed 5d 01 00 00 00  ...........]....
2816282d0  f0 f0 a9 e5 01 00 00 00 02 00 00 c3 00 00 00 00  ................
2816282e0  30 26 b0 02 01 00 00 00 90 19 3a 0a 01 00 00 00  0&........:.....
2816282f0  00 77 ec 5d 01 00 00 00 00 00 00 00 00 00 00 00  .w.]............
281628300  f0 f0 a9 e5 01 00 00 00 02 00 00 c1 00 00 00 00  ................
281628310  a0 9d 52 9d 01 00 00 00 80 5f aa da 01 00 00 00  ..R......_......
281628320  ff 88 13 a2 fe ff ff ff eb c8 64 d5 01 00 00 00  ..........d.....
281628330  00 00 00 00 00 00 00 00 00 00 00 00 00 00 00 00  ................
281628340  98 48 7c 0a 01 00 00 00 00 00 00 00 00 00 00 00  .H|.............
281628350  00 00 00 00 00 00 00 00 d0 82 62 81 02 00 00 00  ..........b.....
281628360  19 18 aa e5 a1 01 00 00 8c 07 00 00 01 00 00 00  ................
281628370  1b 64 61 72 6b 2f 66 65 65 64 5f 64 6f 75 64 69  .dark/feed_doudi
281628380  73 63 6f 75 6e 74 5f 61 72 72 6f 77 00 00 00 00  scount_arrow....
281628390  90 83 fe 2c 01 2b 00 00 33 00 00 00 00 00 00 00  ...,.+..3.......
2816283a0  c8 21 aa e5 01 00 00 00 18 c0 aa e5 01 00 00 00  .!..............
2816283b0  00 00 00 00 00 00 00 00 00 00 00 00 00 00 00 00  ................
2816283c0  00 00 00 00 00 00 00 00 f0 98 a4 da 01 00 00 00  ................
2816283d0  bb 6d 7c 0f 5d bd 48 dc 00 00 00 00 00 00 00 00  .m|.].H.........
2816283e0  90 5d a5 da 01 00 00 00 40 d1 ad 81 02 00 00 00  .]......@.......
2816283f0  58 42 65 0a 01 00 00 00 00 00 00 00 00 00 00 00  XBe.............
281628400  00 00 00 00 00 00 00 00 50 84 62 81 02 00 00 00  ........P.b.....
281628410  00 00 00 00 00 00 00 00 00 00 00 00 00 00 00 00  ................
281628420  00 00 00 00 00 00 00 00 28 a7 8b dc 01 00 00 00  ........(.......
281628430  00 00 00 00 00 00 00 00 00 00 00 00 00 00 00 00  ................
281628440  a0 c2 15 83 02 00 00 00 00 00 00 00 00 00 00 00  ................
281628450  f0 f0 a9 e5 01 00 00 00 02 00 00 c3 00 00 00 00  ................
281628460  b8 24 54 08 01 00 00 00 c0 23 39 0a 01 00 00 00  .$T......#9.....
281628470  00 96 d3 82 02 00 00 00 c0 72 ec 5d 01 00 00 00  .........r.]....
281628480  19 18 aa e5 a1 01 00 00 8c 07 00 00 01 00 00 00  ................
281628490  1c 5a 5a 5a 5a 50 61 63 6b 65 64 41 73 73 65 74  .ZZZZPackedAsset
2816284a0  2d 32 2e 30 2e 30 2d 67 61 6d 75 74 30 00 00 00  -2.0.0-gamut0...
2816284b0  00 00 00 00 00 00 00 00 f0 98 a4 da 01 00 00 00  ................
2816284c0  bb 6d 7c 0f 5d bd 48 dc 00 00 00 00 00 00 00 00  .m|.].H.........
2816284d0  90 5d a5 da 01 00 00 00 40 c6 ad 81 02 00 00 00  .]......@.......
2816284e0  f0 f0 a9 e5 01 00 00 00 02 00 00 c1 00 00 00 00  ................
2816284f0  a0 9d 52 9d 01 00 00 00 80 5f aa da 01 00 00 00  ..R......_......
281628500  6f 8b 13 a2 fe ff ff ff eb c8 64 d5 01 00 00 00  o.........d.....
281628510  f0 f0 a9 e5 01 00 00 00 02 00 00 c3 00 00 00 00  ................
281628520  30 26 b0 02 01 00 00 00 90 19 3a 0a 01 00 00 00  0&........:.....
281628530  90 74 ec 5d 01 00 00 00 00 00 00 00 00 00 00 00  .t.]............
281628540  00 00 00 00 00 00 00 00 00 00 00 00 00 00 00 00  ................
281628550  98 48 7c 0a 01 00 00 00 00 00 00 00 00 00 00 00  .H|.............
281628560  00 00 00 00 00 00 00 00 10 85 62 81 02 00 00 00  ..........b.....
281628570  19 18 aa e5 a1 01 00 00 8c 07 00 00 02 00 00 00  ................
281628580  12 30 7b 32 2d 30 2d 35 2d 35 34 34 37 2d 35 35  .0{2-0-5-5447-55
281628590  2d 33 62 00 00 00 00 00 00 00 00 00 00 00 00 00  -3b.............
2816285a0  00 00 00 00 00 00 00 00 00 00 00 00 00 00 00 00  ................
2816285b0  a0 85 62 81 02 00 00 00 a0 85 62 81 02 00 00 00  ..b.......b.....
2816285c0  00 00 00 00 00 00 00 00 00 00 00 00 00 00 00 00  ................
2816285d0  6d 53 ad e5 a1 01 00 00 18 9e 83 0a 01 00 00 00  mS..............
2816285e0  c0 cf ad 81 02 00 00 00 c0 c3 97 83 02 00 00 00  ................
2816285f0  00 00 00 00 00 00 00 00 00 00 00 00 00 00 00 00  ................
281628600  77 b7 a8 c9 1a f0 08 dc f0 98 a4 da 01 00 00 00  w...............
281628610  bb 6d 7c 0f 5d bd 48 dc a0 d0 ad 81 02 00 00 00  .m|.].H.........
281628620  90 5d a5 da 01 00 00 00 80 cf ad 81 02 00 00 00  .]..............
281628630  b5 b9 0f 0c a1 01 00 00 00 00 00 00 00 00 00 00  ................

,	Aweme!0x3e870c8 this.args1 onLeave 0x28212e8a0             0  1  2  3  4  5  6  7  8  9  A  B  C  D  E  F  0123456789ABCDEF
28212e8a0  00 ad 58 0a 01 00 00 00 4b 4c 57 52 00 00 00 00  ..X.....KLWR....
28212e8b0  00 00 00 00 02 00 00 80 20 00 00 00 4b 4c 57 52  ........ ...KLWR
28212e8c0  00 00 00 00 00 00 00 00 ff ff ff ff ff ff ff ff  ................
28212e8d0  c0 00 00 00 01 00 00 00 00 00 00 00 ff ff ff ff  ................
28212e8e0  ff ff ff ff ff ff ff ff 57 17 ed 7d fd ff ff ff  ........W..}....
28212e8f0  00 a7 b0 81 02 00 00 00 e0 a6 b0 81 02 00 00 00  ................
28212e900  c0 a6 b0 81 02 00 00 00 a0 a6 b0 81 02 00 00 00  ................
28212e910  80 a6 b0 81 02 00 00 00 60 a6 b0 81 02 00 00 00  ........`.......
28212e920  40 a6 b0 81 02 00 00 00 20 a6 b0 81 02 00 00 00  @....... .......
28212e930  00 a6 b0 81 02 00 00 00 e0 a5 b0 81 02 00 00 00  ................
28212e940  00 00 00 00 00 00 00 00 00 00 00 00 00 00 00 00  ................
28212e950  00 00 00 00 00 00 00 00 00 00 00 00 00 00 00 00  ................
28212e960  00 00 00 00 00 00 00 00 00 00 00 00 4b 4c 57 52  ............KLWR
28212e970  70 e9 8e 2f 01 2b 00 00 0c 00 41 47 02 00 00 00  p../.+....AG....
28212e980  00 00 00 00 00 00 00 00 da 00 00 00 00 00 00 00  ................
28212e990  c0 01 00 00 00 00 00 00 00 00 00 00 00 00 00 00  ................
28212e9a0  5a 5a 5a 5a 50 61 63 6b 65 64 41 73 73 65 74 2d  ZZZZPackedAsset-
28212e9b0  32 2e 30 2e 31 2d 67 61 6d 75 74 30 00 00 00 00  2.0.1-gamut0....
28212e9c0  00 00 00 00 00 00 00 00 00 00 00 00 00 00 00 00  ................
28212e9d0  00 00 00 00 00 00 00 00 00 00 00 00 00 00 00 00  ................
28212e9e0  00 00 00 00 00 00 00 00 00 00 00 00 00 00 00 00  ................
28212e9f0  00 00 00 00 00 00 00 00 00 00 00 00 00 00 00 00  ................
28212ea00  00 00 00 00 00 00 00 00 00 00 00 00 00 00 00 00  ................
28212ea10  00 00 00 00 00 00 00 00 00 00 00 00 00 00 00 00  ................
28212ea20  01 00 00 00 00 00 00 00 80 03 00 00 00 00 00 00  ................
28212ea30  03 00 00 00 00 00 00 00 00 00 00 00 00 00 00 00  ................
28212ea40  c0 c6 51 81 02 00 00 00 a0 8e a7 81 02 00 00 00  ..Q.............
28212ea50  ab 51 7f 96 75 7e 08 de a0 fb 51 81 02 00 00 00  .Q..u~....Q.....
28212ea60  30 c6 51 81 02 00 00 00 60 c6 51 81 02 00 00 00  0.Q.....`.Q.....
28212ea70  80 fd 51 81 02 00 00 00 e0 ee 51 81 02 00 00 00  ..Q.......Q.....
28212ea80  90 ff 51 81 02 00 00 00 00 25 00 80 02 00 00 00  ..Q......%......
28212ea90  a0 f8 51 81 02 00 00 00 40 f8 51 81 02 00 00 00  ..Q.....@.Q.....
28212eaa0  e0 94 a7 81 02 00 00 00 50 c7 51 81 02 00 00 00  ........P.Q.....
28212eab0  b0 c7 51 81 02 00 00 00 20 c7 51 81 02 00 00 00  ..Q..... .Q.....
28212eac0  80 c7 51 81 02 00 00 00 30 d2 51 81 02 00 00 00  ..Q.....0.Q.....
28212ead0  60 d8 51 81 02 00 00 00 75 57 69 2b aa 00 2e db  `.Q.....uWi+....
28212eae0  29 41 ff 3b da 47 8a dd 70 d4 51 81 02 00 00 00  )A.;.G..p.Q.....
28212eaf0  c0 de 51 81 02 00 00 00 f0 de 51 81 02 00 00 00  ..Q.......Q.....
28212eb00  00 00 00 00 00 00 00 00 00 00 00 00 00 00 00 00  ................
28212eb10  19 18 aa e5 a1 01 00 00 8c 07 00 00 01 00 00 00  ................
28212eb20  bc 68 74 74 70 73 3a 2f 2f 61 77 65 6d 65 2e 73  .https://aweme.s
28212eb30  6e 73 73 64 6b 2e 63 6f 6d 2f 66 61 6c 63 6f 6e  nssdk.com/falcon
28212eb40  2f 64 6f 75 79 69 6e 5f 66 61 6c 63 6f 6e 2f 64  /douyin_falcon/d
28212eb50  6f 75 5f 70 6c 75 73 2f 6f 72 64 65 72 5f 6c 69  ou_plus/order_li
28212eb60  73 74 3f 68 69 64 65 5f 73 74 61 74 75 73 5f 62  st?hide_status_b
28212eb70  61 72 3d 30 26 68 69 64 65 5f 6e 61 76 5f 62 61  ar=0&hide_nav_ba
28212eb80  72 3d 31 26 73 74 61 74 75 73 5f 62 61 72 5f 73  r=1&status_bar_s
28212eb90  74 79 6c 65 5f 74 79 70 65 3d 30 26 73 74 61 74  tyle_type=0&stat
28212eba0  75 73 5f 62 61 72 5f 63 6f 6c 6f 72 3d 66 66 66  us_bar_color=fff
28212ebb0  66 66 66 26 6c 6f 61 64 69 6e 67 5f 62 67 63 6f  fff&loading_bgco
28212ebc0  6c 6f 72 3d 66 66 66 66 66 66 26 73 74 61 74 75  lor=ffffff&statu
28212ebd0  73 5f 66 6f 6e 74 5f 64 61 72 6b 3d 31 00 00 00  s_font_dark=1...
28212ebe0  c0 00 00 00 00 00 00 00 14 8f 11 71 ff 85 dc 73  ...........q...s
28212ebf0  89 14 63 6b 73 74 44 c8 28 bd 1e c8 22 6a 8a a1  ..ckstD.(..."j..
28212ec00  a8 ff 76 51 6b 21 c2 18 ee 75 c5 9a f4 4b fe 5f  ..vQk!...u...K._
28212ec10  a2 db 3f eb 02 d3 be 00 44 25 87 7b 29 3a 69 13  ..?.....D%.{):i.
28212ec20  8b 2e b6 1f 1d 6e 76 8c 02 ea 7e d2 9d 6a 5e 73  .....nv...~..j^s
28212ec30  b7 b7 50 33 fb 2a 7e 99 9f 0b 5c 1e 6b 68 e7 d0  ..P3.*~...\.kh..
28212ec40  67 68 46 17 4f d9 2b b4 13 a2 15 aa d2 10 9a 3c  ghF.O.+........<
28212ec50  bf 57 08 83 d4 96 7f 89 cc 58 b8 22 d2 f8 da c0  .W.......X."....
28212ec60  7d 85 02 f4 98 ff 27 b7 3a 80 ad 16 c2 2c ff c0  }.....'.:....,..
28212ec70  80 9f d1 9e 9b 7f ca 64 0e 7b 06 32 3c a1 b0 2c  .......d.{.2<..,
28212ec80  7b 50 95 77 82 e6 dd 26 70 b9 9b 00 19 8e 3f c8  {P.w...&p.....?.
28212ec90  66 86 e4 bd 39 5e 0a 52 03 1d 17 a3 ff c7 4b 14  f...9^.R......K.

,	Aweme!0x3e870c8 this.args2 onLeave 0x120a8 0x120a8

,	Aweme!0x3e870c8 this.args3 onLeave 0x35 0x35

,	Aweme!0x3e870c8 this.args4 onLeave 0x6f 0x6f

,retval onLeave: 0x0 0x0

[end signal]{
    "X-Argus" = "hdhw7ThJb+g7RoddlVB3FwwSHusKK/jAI70ErM8z+SkdjlnxIz6cUl8905/dz+m4U22VHwLn6yuzzwkR7dv0ZAYLwz+NSpdLZoc7Q8zwTXlae0fVPW0JNRMbA53kGT3GJA/okWTE+y4JLZQBF81Pp63Kszuql5OXu50tP/jnCRO64M3+b89KCa3Lkx1WHZ4hA5u1kHJybUL9tLJnwVOBaUiL9HMZIB/upaSgyAnZji4uVQ==";
    "X-Gorgon" = 8404800000005b52b66e3c92f216dae4ca749117bee8adc44967;
    "X-Khronos" = 1618201440;
    "X-Ladon" = "gAdrSVUbF2Pbi/SZVgJh7ze6ePRXGsWLzakrouWK+nY4LBEu";
    "X-Tyhon" = "uRHXr0gXmf0MDdevBxaF6x1Y1+AGCpP6SFjXKIo=";
}
Aweme!0x3e60518 1
Aweme!0x3ecb188 2
Aweme!0x3ecafb8 1
Aweme!0x3ead464 1
Aweme!0x3ed9ea8 5
Aweme!0x3e711c4 2
Aweme!0x3ed30cc 2
Aweme!0x3ecb2a0 24
Aweme!0x3ed7210 1
Aweme!0x3e7cf08 2
Aweme!0x3e57ef4 18
Aweme!0x3e86920 5
Aweme!0x3ed31e4 258
Aweme!0x3e712dc 3
Aweme!0x3ed9fc0 1
Aweme!0x3ed3240 1
Aweme!0x775e78c 238
Aweme!0x3ed3358 3
Aweme!0x775e390 3
Aweme!0x3ede618 2
Aweme!0x3edded8 1
Aweme!0x3ecef8c 1
Aweme!0x3e90ed4 1
Aweme!0x3e713f4 1
Aweme!0x3ecabc0 5
Aweme!0x3ecb9e4 7
Aweme!0x3eca820 4
Aweme!0x3ea1d50 1
Aweme!0x3e51f40 3
Aweme!0x3e714b0 1
Aweme!0x775c5d8 32
Aweme!0x3e5e594 1
Aweme!0x3e70ba0 10
Aweme!0x3e868c8 5
Aweme!0x3e5e8d8 1
Aweme!0x3e4f5ec 2
Aweme!0x3e71284 1
Aweme!0x3e8c880 4
Aweme!0x3e70b44 9
Aweme!0x3e51918 7
Aweme!0x3e67810 56
Aweme!0x3e6057c 2
Aweme!0x3e61858 1
Aweme!0x3ea1ac8 1
Aweme!0x3eac818 1
Aweme!0x3ecb134 1
Aweme!0x3ecaf64 1
Aweme!0x3ecfd58 1
Aweme!0x3e711cc 2
Aweme!0x3eda368 1
Aweme!0x3ecf3ec 2
Aweme!0x3e523fc 7
Aweme!0x3e710b8 2
Aweme!0x3e5205c 11
Aweme!0x3e7ce58 4
Aweme!0x3eca540 4
Aweme!0x3ed7104 4
Aweme!0x3ea6180 1
Aweme!0x3e872f4 2
Aweme!0x3ecf504 1
Aweme!0x3ed3304 1
Aweme!0x3ed32a8 3
Aweme!0x3e870c8 2
Aweme!0x3ea0f90 1
Aweme!0x3e51fa4 3
Aweme!0x3ee4520 2
Aweme!0x3eda3c8 3
Aweme!0x3eda028 1
Aweme!0x3ea8d04 7
Aweme!0x3e5e93c 2
Aweme!0x3e712e8 2
Aweme!0x3ea7e84 1
Aweme!0x3eac8d8 1
Aweme!0x3e618bc 2
Aweme!0x3e7128c 6
Aweme!0x3e86de4 1
Aweme!0x3e70d1c 2
Aweme!0x775e39c 7
Aweme!0x3e71400 1
Aweme!0x775b534 2
Aweme!0x3ecaa58 11
Aweme!0x3e70920 1
Aweme!0x3ed9eb8 4
Aweme!0x3e713a4 1
Aweme!0x3e67b00 2
Aweme!0x775e7f8 1
Aweme!0x3ea12d8 1
Aweme!0x3eca9a0 1
Aweme!0x3e58b58 236
Aweme!0x3e5c5b8 1
Aweme!0x3e520c0 3
Aweme!0x3e70d7c 2
Aweme!0x3e93da8 2
Aweme!0x3e7111c 2
Aweme!0x3e70980 29
Aweme!0x3e70af4 21
Aweme!0x3e8c7d4 2
Aweme!0x3e4e71c 4
Aweme!0x3ecfd64 1
Aweme!0x3eda5fc 1
Aweme!0x3ea8d0c 407
Aweme!0x3eca9a4 4
Aweme!0x3eca604 3
Aweme!0x3ed31f8 2
Aweme!0x3ed3028 814
Aweme!0x3ee49e0 1
Aweme!0x3ecb1fc 1
Aweme!0x3ecb02c 2
Aweme!0x3e71294 2
Aweme!0x3e86dec 1
Aweme!0x3ea7a90 8
Aweme!0x3e67bc0 2
Aweme!0x3e71464 1
Aweme!0x3e5c8a4 1
Aweme!0x3e87300 4
Aweme!0x775e348 7
Aweme!0x3ea0a88 1
Aweme!0x3ed32b4 2
Aweme!0x3ea8c54 6
Aweme!0x3e4e1b0 5
Aweme!0x3e5bd68 4
Aweme!0x3ea1680 3
Aweme!0x3e716f0 7
Aweme!0x3e5c61c 2
Aweme!0x3e70c10 3
Aweme!0x3e84b20 1
Aweme!0x775e7a4 238
Aweme!0x3ede85c 3
Aweme!0x775cb00 1
Aweme!0x775e918 1
Aweme!0x3ea1228 1
Aweme!0x3ea61ec 21
Aweme!0x3e808c8 1
Aweme!0x3e6047c 1
Aweme!0x3e713b0 3
Aweme!0x3ed325c 5
Aweme!0x775e804 4
Aweme!0x3ecb260 6
Aweme!0x3e71128 1
Aweme!0x3e7bed4 1
Aweme!0x3e71698 10
Aweme!0x3e853d8 30
Aweme!0x3e712f8 1
Aweme!0x3ea61f0 2
Aweme!0x3e85208 9
Aweme!0x3e86df4 9
Aweme!0x3ea2ad4 2
Aweme!0x3e70b5c 20
Aweme!0x3e7129c 1
Aweme!0x3e71240 2
Aweme!0x3e4e728 2
Aweme!0x3ed9ec8 3
Aweme!0x3e51534 7
Aweme!0x3e70c74 1
Aweme!0x3ea1858 37
Aweme!0x3ecf460 1
Aweme!0x3ecc428 1
Aweme!0x3edb1a4 1
Aweme!0x3e83398 1
Aweme!0x3e70d30 1
Aweme!0x3ed9d58 5
Aweme!0x3e5cbf4 1
Aweme!0x3e872b0 10
Aweme!0x3ea8ba8 55
Aweme!0x3eda3e0 4
Aweme!0x3ec92dc 1
Aweme!0x3ed3264 257
Aweme!0x3e8a230 1
Aweme!0x3e7118c 2
Aweme!0x3e711e8 1
Aweme!0x3e87254 7
Aweme!0x3e617bc 1
Aweme!0x3ea8d1c 1
Aweme!0x3ea1630 2
Aweme!0x3e71300 1
Aweme!0x3ea8cc0 3
Aweme!0x3e86fcc 4
Aweme!0x3ed3150 41
Aweme!0x3e87d94 2
Aweme!0x3eca8a0 1
Aweme!0x3edb264 1
Aweme!0x3e4e730 2
Aweme!0x3e8a290 1
Aweme!0x3ed32c4 2
Aweme!0x3ecaa14 5
Aweme!0x3ee1390 1
Aweme!0x3e7019c 1
Aweme!0x3e52134 5
Aweme!0x3e713bc 1
Aweme!0x3e70140 1
Aweme!0x3e70d94 1
Aweme!0x3e58b14 236
Aweme!0x3ed31b0 1
Aweme!0x3e67890 4
Aweme!0x3e7141c 1
Aweme!0x3e7124c 5
Aweme!0x3e86f74 1
Aweme!0x3e84dbc 1
Aweme!0x3ea8bb0 69
Aweme!0x3e4de24 9
Aweme!0x3edb20c 2
Aweme!0x3e708e0 1
Aweme!0x3e70fc4 4
Aweme!0x3e8c790 2
Aweme!0x3e88764 1
Aweme!0x3e87200 1
Aweme!0x775e078 9
Aweme!0x3ea197c 28
Aweme!0x3e868f0 5
Aweme!0x3ecd59c 2
Aweme!0x3ea1b4c 1
Aweme!0x3e86fd4 4
Aweme!0x3e52080 14
Aweme!0x3ead4f0 1
Aweme!0x3ed4bd0 1
Aweme!0x3e71080 2
Aweme!0x3ea1a94 1
Aweme!0x3e70b10 12
Aweme!0x3ecaa78 1
Aweme!0x3ed7070 2
Aweme!0x3e71368 2
Aweme!0x3ed9e7c 3
Aweme!0x3e90e48 1
Aweme!0x3ea7994 4
Aweme!0x3eda21c 2
Aweme!0x3e520e0 14
Aweme!0x3eb1c60 1
Aweme!0x3e70bcc 1
Aweme!0x775c5a8 7
Aweme!0x3ecb2d0 57
Aweme!0x3ecaca8 1
Aweme!0x3ea03c0 1
Aweme!0x3e5c520 2
Aweme!0x3edad5c 2
Aweme!0x3e8a128 1
Aweme!0x3ee7920 4
Aweme!0x3ec9348 2
Aweme!0x3ed72a0 1
Aweme!0x3ea1188 1
Aweme!0x3e5d118 1
Aweme!0x3ea169c 2
Aweme!0x3e71028 1
Aweme!0x3e926f4 1
Aweme!0x3e67728 3
Aweme!0x3e70f70 2
Aweme!0x3ecb278 1
Aweme!0x3e92868 1
Aweme!0x3e86fdc 1
Aweme!0x3ea1928 1
Aweme!0x3e71428 1
Aweme!0x3e90f08 1
Aweme!0x3ed69f0 1
Aweme!0x3eca340 6
Aweme!0x3e4e740 4
Aweme!0x3ecb164 1
Aweme!0x3e711fc 1
Aweme!0x775d148 23
Aweme!0x3e8a244 1
Aweme!0x3e70fd0 4
Aweme!0x3ecb9bc 3
Aweme!0x3e61204 2
Aweme!0x3ea8cd4 3
Aweme!0x775e084 6
Aweme!0x3e4dd78 1
Aweme!0x3e71488 1
Aweme!0x3e5208c 5
Aweme!0x3e70d48 2
Aweme!0x3e5cc68 2
Aweme!0x3ea03c8 9
Aweme!0x3e624e0 2
Aweme!0x3e57394 1
Aweme!0x3ea1c70 1
Aweme!0x3ea7c28 5
Aweme!0x3ecb1c4 1
Aweme!0x3eda3f8 3
Aweme!0x3e70550 3
Aweme!0x3e71374 2
Aweme!0x3e928cc 2
Aweme!0x3e71318 3
Aweme!0x3e520ec 6
Aweme!0x3e70da8 5
Aweme!0x3e70bd8 3
Aweme!0x3eb31d0 4
Aweme!0x3e5c1e8 1
Aweme!0x3ea8c7c 2
Aweme!0x3e7ce8c 4
Aweme!0x3e71430 3
Aweme!0x3ecac58 52
Aweme!0x775dfd0 38
Aweme!0x3ed32dc 257
Aweme!0x3e84a30 1
Aweme!0x3ecda08 1
Aweme!0x3ee5718 6
Aweme!0x3e8c7a4 2
Aweme!0x775e828 9
Aweme!0x3ecb9c4 4
Aweme!0x3e5cb58 2
Aweme!0x3ea164c 1
Aweme!0x3e9a300 2
Aweme!0x3e7114c 1
Aweme!0x3ea0828 7
Aweme!0x3e70f7c 1
Aweme!0x3e86ad4 2
Aweme!0x3ed3224 256
Aweme!0x3ecc730 1
Aweme!0x3ea1764 1
Aweme!0x3ead334 1
Aweme!0x3e68100 1
Aweme!0x3e58a74 472
Aweme!0x775e888 1
Aweme!0x3ecf140 1
Aweme!0x3ed67d0 6
Aweme!0x3ed30b4 4
Aweme!0x3ed9e90 5
Aweme!0x3e711ac 3
Aweme!0x775c7e8 408
Aweme!0x3e87048 2
Aweme!0x3e51f24 5
Aweme!0x775e090 3
Aweme!0x3eca7a8 4
Aweme!0x3e70db0 21
Aweme!0x3e70100 2
Aweme!0x3e93d80 8
Aweme!0x3ede65c 1
Aweme!0x3ee4b84 8
Aweme!0x3e523dc 2
Aweme!0x3e8a13c 1
Aweme!0x3ea8c28 4
Aweme!0x3ecc8a8 1
Aweme!0x3e70b28 12
Aweme!0x3ea170c 9
Aweme!0x3e71268 1
Aweme!0x3ecec30 19
Aweme!0x3ecda6c 2
Aweme!0x775d328 2
Aweme!0x3ecf828 1
Aweme!0x3ecb118 3
Aweme!0x3ee5894 2
Aweme!0x3e4e698 2
Aweme!0x3e86adc 1
Aweme!0x3ea1998 1
Aweme!0x3e58964 1
Aweme!0x3edb340 2
Aweme!0x3e71668 9
Aweme!0x3ed9ddc 8
Aweme!0x3ed4a78 1
Aweme!0x3e67854 1
Aweme!0x3e87334 5
Aweme!0x3ed3344 1
Aweme!0x3eda120 1
Aweme!0x3e90ec0 1
Aweme!0x3eda408 2
Aweme!0x775e834 2
Aweme!0x3ea16b4 45
Aweme!0x3edacbc 1
Aweme!0x3e516d4 7
Aweme!0x3e51f88 10
Aweme!0x3e89ce8 1
Aweme!0x3ed328c 2
Aweme!0x3e71328 1
Aweme!0x3edb174 1
Aweme!0x3e86ff4 2
Aweme!0x3ecc90c 2
Aweme!0x775ec90 6
Aweme!0x3e67688 3
Aweme!0x775e720 6
Aweme!0x3e71270 3
Aweme!0x3e52044 3
Aweme!0x3ee4790 1
Aweme!0x3ecf88c 2
Aweme!0x3e872dc 5
Aweme!0x3e71440 1
Aweme!0x3e70ca4 2
Aweme!0x3e5c824 2
Aweme!0x3ed7260 1
Aweme!0x3ecb9d4 1
Aweme!0x775c7f4 38
Aweme!0x3e70dbc 1
Aweme!0x3e86ae4 1
Aweme!0x3e714a0 2
Aweme!0x3ecaaf8 1
Aweme!0x3e709c0 30
Aweme!0x3e523e8 2
Aweme!0x3ecfc30 1
Aweme!0x3e84c14 1
Aweme!0x3ecb180 19
Aweme!0x3e71218 3
Aweme!0x3e86ba0 3
Aweme!0x3ea6110 2
Aweme!0x3e70e1c 2
Aweme!0x3ed3238 6
Aweme!0x775e7e0 2
Aweme!0x3e70f90 2
Aweme!0x3ea1b74 10
Aweme!0x3ee5674 4
Aweme!0x3e5de48 2
Aweme!0x3eac354 1
Aweme!0x3ecb1e0 1
Aweme!0x3e71448 1
Aweme!0x3eaea20 11
Aweme!0x3ed32f4 2
Aweme!0x3e56530 1
Aweme!0x3e4e1f0 9
Aweme!0x3e70d08 2
Aweme!0x3ecb9dc 7
Aweme!0x3ea1664 1
Aweme!0x3e885c0 1
Aweme!0x3ed3010 516
Aweme!0x3e71108 1
Aweme!0x3e7cea8 2
Aweme!0x3eca930 14
Aweme!0x3e67c04 1
Aweme!0x3e67a34 1
Aweme!0x3e70f38 3
Aweme!0x3e523f0 5
Aweme!0x3ea7e18 52
Aweme!0x3ea3c78 1
Aweme!0x3e84a4c 1
Aweme!0x3e51ed8 14
On receive  16384
Error happenError: unable to find module containing 0x1216a025c
Error happenError: unable to find module containing 0x121622984
Error happenError: unable to find module containing 0x121622994
call: Aweme!0x3ecb52c Aweme!0x775e390@DYLD-STUB$$objc_retain
call: Foundation!0x715c libobjc.A.dylib!0x47e8@object_getClass
call: Foundation!0x71cc CoreFoundation!0xaae2c@_CFNonObjCRetain
call: Aweme!0x3ecb538 Aweme!0x775e390@DYLD-STUB$$objc_retain
call: Aweme!0x3ecb554 Aweme!0x775e348@DYLD-STUB$$objc_msgSend
call: Foundation!0x40150 libobjc.A.dylib!0x2080@objc_msgSend
call: Foundation!0x732c libobjc.A.dylib!0x47e8@object_getClass
call: Foundation!0x40180 CoreFoundation!0xf2138@CFURLCopyAbsoluteURL
call: CoreFoundation!0xf2164 CoreFoundation!0xabff8@CFGetAllocator
call: CoreFoundation!0xf2234 CoreFoundation!0x2af0@CFRetain
call: Foundation!0x4018c CoreFoundation!0xf1b04@CFURLGetString
call: Foundation!0x40190 libobjc.A.dylib!0x20010@objc_retain
call: CoreFoundation!0x6bec CoreFoundation!0xaae2c@_CFNonObjCRetain
call: Foundation!0x40194 libobjc.A.dylib!0x20080@objc_autorelease
call: Foundation!0x401a0 CoreFoundation!0x2694@CFRelease
call: Aweme!0x3ecb558 Aweme!0x3ecb9c4@0x3ecb9c4
call: CoreFoundation!0x6bec CoreFoundation!0xaae2c@_CFNonObjCRetain
call: Aweme!0x3ecb570 Aweme!0x775e348@DYLD-STUB$$objc_msgSend
call: Aweme!0x3ecb58c Aweme!0x3ecb9dc@0x3ecb9dc
call: libc++abi.dylib!0xee0 libc++abi.dylib!0x10e54@DYLD-STUB$$malloc
call: libsystem_malloc.dylib!0x10160 libsystem_malloc.dylib!0xf6b8@malloc_zone_malloc
call: libsystem_malloc.dylib!0xf750 libsystem_malloc.dylib!0x11d64@default_zone_malloc
call: libsystem_malloc.dylib!0xecc libsystem_malloc.dylib!0xf20@nanov2_allocate$VARIANT$mp
call: libsystem_malloc.dylib!0xf98 libsystem_malloc.dylib!0x1b18@nanov2_allocate_from_block$VARIANT$mp
call: Aweme!0x3ecb598 Aweme!0x775e39c@DYLD-STUB$$objc_retainAutorelease
call: libobjc.A.dylib!0x218c4 libobjc.A.dylib!0x20010@objc_retain
call: CoreFoundation!0x6bec CoreFoundation!0xaae2c@_CFNonObjCRetain
call: Aweme!0x3ecb5a4 Aweme!0x3ecb9e4@0x3ecb9e4
call: CoreFoundation!0x6980 CoreFoundation!0xc7c40@__CFStringMtbl
call: CoreFoundation!0x69b4 CoreFoundation!0xcf3e4@CFStringGetCStringPtr
call: Aweme!0x3ecb5b0 Aweme!0x3eca930@0x3eca930
call: Aweme!0x3eca8d4 Aweme!0x3ecb180@0x3ecb180
call: Aweme!0x3eca8e8 Aweme!0x775dfd0@DYLD-STUB$$malloc
call: libsystem_malloc.dylib!0x10160 libsystem_malloc.dylib!0xf6b8@malloc_zone_malloc
call: libsystem_malloc.dylib!0xf750 libsystem_malloc.dylib!0x11d64@default_zone_malloc
call: libsystem_malloc.dylib!0x6224 libsystem_malloc.dylib!0x17638@tiny_malloc_should_clear
call: libsystem_malloc.dylib!0x176d0 libsystem_platform.dylib!0x8cf8@DYLD-STUB$$os_unfair_lock_lock_with_options
call: libsystem_malloc.dylib!0x17714 libsystem_malloc.dylib!0x1902c@tiny_malloc_from_free_list
call: libsystem_malloc.dylib!0x19270 libsystem_malloc.dylib!0x17ca8@set_tiny_meta_header_in_use
call: libsystem_malloc.dylib!0x17a4c libsystem_platform.dylib!0x8d1c@DYLD-STUB$$os_unfair_lock_unlock
call: Aweme!0x3eca8f4 Aweme!0x3ecb2a0@0x3ecb2a0
call: Aweme!0x3ecb5bc Aweme!0x3eca340@0x3eca340
call: Aweme!0x3eca35c Aweme!0x3e58b14@0x3e58b14
call: Aweme!0x3e58af4 Aweme!0x3e58a74@0x3e58a74
call: Aweme!0x3e58afc Aweme!0x775e78c@DYLD-STUB$$pthread_mutex_lock
call: Aweme!0x3eca368 Aweme!0x775c5d8@DYLD-STUB$$operator new(unsigned long)
call: libc++abi.dylib!0xee0 libc++abi.dylib!0x10e54@DYLD-STUB$$malloc
call: libsystem_malloc.dylib!0x10160 libsystem_malloc.dylib!0xf6b8@malloc_zone_malloc
call: libsystem_malloc.dylib!0xf750 libsystem_malloc.dylib!0x11d64@default_zone_malloc
call: libsystem_malloc.dylib!0xecc libsystem_malloc.dylib!0xf20@nanov2_allocate$VARIANT$mp
call: libsystem_malloc.dylib!0xf98 libsystem_malloc.dylib!0x1b18@nanov2_allocate_from_block$VARIANT$mp
call: Aweme!0x3eca37c Aweme!0x3e58b58@0x3e58b58
call: Aweme!0x3e58b3c Aweme!0x3e58a74@0x3e58a74
call: Aweme!0x3e58b44 Aweme!0x775e7a4@DYLD-STUB$$pthread_mutex_unlock
call: Aweme!0x3ecb5c4 Aweme!0x3e86ba0@0x3e86ba0
call: Aweme!0x3e86bb0 Aweme!0x3e87334@0x3e87334
call: libc++abi.dylib!0xee0 libc++abi.dylib!0x10e54@DYLD-STUB$$malloc
call: libsystem_malloc.dylib!0x10160 libsystem_malloc.dylib!0xf6b8@malloc_zone_malloc
call: libsystem_malloc.dylib!0xf750 libsystem_malloc.dylib!0x11d64@default_zone_malloc
call: libsystem_malloc.dylib!0xecc libsystem_malloc.dylib!0xf20@nanov2_allocate$VARIANT$mp
call: libsystem_malloc.dylib!0xf98 libsystem_malloc.dylib!0x1b18@nanov2_allocate_from_block$VARIANT$mp
call: Aweme!0x3e86bd8 Aweme!0x3e868f0@0x3e868f0
call: Aweme!0x3e86908 Aweme!0x3e87254@0x3e87254
call: Aweme!0x3e8690c Aweme!0x3ed9d58@0x3ed9d58
call: Aweme!0x3ed9d74 Aweme!0x3ea61ec@0x3ea61ec
call: libsystem_malloc.dylib!0x10160 libsystem_malloc.dylib!0xf6b8@malloc_zone_malloc
call: libsystem_malloc.dylib!0xf750 libsystem_malloc.dylib!0x11d64@default_zone_malloc
call: libsystem_malloc.dylib!0xecc libsystem_malloc.dylib!0xf20@nanov2_allocate$VARIANT$mp
call: libsystem_malloc.dylib!0xf98 libsystem_malloc.dylib!0x1b18@nanov2_allocate_from_block$VARIANT$mp
call: Aweme!0x3ed9d80 Aweme!0x3e516d4@0x3e516d4
call: Aweme!0x3e516e0 Aweme!0x3e520e0@0x3e520e0
call: Aweme!0x3e516e4 Aweme!0x3e51ed8@0x3e51ed8
call: Aweme!0x3e51ee4 Aweme!0x3ea61ec@0x3ea61ec
call: libsystem_malloc.dylib!0x10160 libsystem_malloc.dylib!0xf6b8@malloc_zone_malloc
call: libsystem_malloc.dylib!0xf750 libsystem_malloc.dylib!0x11d64@default_zone_malloc
call: libsystem_malloc.dylib!0xecc libsystem_malloc.dylib!0xf20@nanov2_allocate$VARIANT$mp
call: libsystem_malloc.dylib!0xf98 libsystem_malloc.dylib!0x1b18@nanov2_allocate_from_block$VARIANT$mp
call: Aweme!0x3ed9d84 Aweme!0x3e523f0@0x3e523f0
call: Aweme!0x3e86bdc Aweme!0x3e872dc@0x3e872dc
call: Aweme!0x3e808e4 Aweme!0x3e58b14@0x3e58b14
call: Aweme!0x3e58af4 Aweme!0x3e58a74@0x3e58a74
call: Aweme!0x3e58afc Aweme!0x775e78c@DYLD-STUB$$pthread_mutex_lock
call: Aweme!0x3e808f0 Aweme!0x775c5d8@DYLD-STUB$$operator new(unsigned long)
call: libc++abi.dylib!0xee0 libc++abi.dylib!0x10e54@DYLD-STUB$$malloc
call: libsystem_malloc.dylib!0x10160 libsystem_malloc.dylib!0xf6b8@malloc_zone_malloc
call: libsystem_malloc.dylib!0xf750 libsystem_malloc.dylib!0x11d64@default_zone_malloc
call: libsystem_malloc.dylib!0xecc libsystem_malloc.dylib!0xf20@nanov2_allocate$VARIANT$mp
call: libsystem_malloc.dylib!0xf98 libsystem_malloc.dylib!0x1b18@nanov2_allocate_from_block$VARIANT$mp
call: Aweme!0x3e80904 Aweme!0x3e58b58@0x3e58b58
call: Aweme!0x3e58b3c Aweme!0x3e58a74@0x3e58a74
call: Aweme!0x3e58b44 Aweme!0x775e7a4@DYLD-STUB$$pthread_mutex_unlock
call: Aweme!0x3ecb5e8 Aweme!0x775e390@DYLD-STUB$$objc_retain
call: Aweme!0x3ecb608 Aweme!0x775e348@DYLD-STUB$$objc_msgSend
call: Aweme!0x3ecb64c Aweme!0x3e5bd68@0x3e5bd68
call: Aweme!0x3e5bd80 Aweme!0x3e58b14@0x3e58b14
call: Aweme!0x3e58af4 Aweme!0x3e58a74@0x3e58a74
call: Aweme!0x3e58afc Aweme!0x775e78c@DYLD-STUB$$pthread_mutex_lock
call: Aweme!0x3e5bd8c Aweme!0x3e58b58@0x3e58b58
call: Aweme!0x3e58b3c Aweme!0x3e58a74@0x3e58a74
call: Aweme!0x3e58b44 Aweme!0x775e7a4@DYLD-STUB$$pthread_mutex_unlock
call: Aweme!0x3ecb654 Aweme!0x3ecb9dc@0x3ecb9dc
call: libc++abi.dylib!0xee0 libc++abi.dylib!0x10e54@DYLD-STUB$$malloc
call: libsystem_malloc.dylib!0x10160 libsystem_malloc.dylib!0xf6b8@malloc_zone_malloc
call: libsystem_malloc.dylib!0xf750 libsystem_malloc.dylib!0x11d64@default_zone_malloc
call: libsystem_malloc.dylib!0xecc libsystem_malloc.dylib!0xf20@nanov2_allocate$VARIANT$mp
call: libsystem_malloc.dylib!0xf98 libsystem_malloc.dylib!0x1b18@nanov2_allocate_from_block$VARIANT$mp
call: Aweme!0x3ecb660 Aweme!0x775e39c@DYLD-STUB$$objc_retainAutorelease
call: libobjc.A.dylib!0x218c4 libobjc.A.dylib!0x20010@objc_retain
call: CoreFoundation!0x6bec CoreFoundation!0xaae2c@_CFNonObjCRetain
call: Aweme!0x3ecb668 Aweme!0x3ecb9e4@0x3ecb9e4
call: CoreFoundation!0x6980 CoreFoundation!0xc7c40@__CFStringMtbl
call: CoreFoundation!0x69b4 CoreFoundation!0xcf3e4@CFStringGetCStringPtr
call: Aweme!0x3ecb674 Aweme!0x3eca930@0x3eca930
call: Aweme!0x3eca8d4 Aweme!0x3ecb180@0x3ecb180
call: Aweme!0x3eca8e8 Aweme!0x775dfd0@DYLD-STUB$$malloc
call: libsystem_malloc.dylib!0x10160 libsystem_malloc.dylib!0xf6b8@malloc_zone_malloc
call: libsystem_malloc.dylib!0xf750 libsystem_malloc.dylib!0x11d64@default_zone_malloc
call: libsystem_malloc.dylib!0xecc libsystem_malloc.dylib!0xf20@nanov2_allocate$VARIANT$mp
call: libsystem_malloc.dylib!0xf98 libsystem_malloc.dylib!0x1b18@nanov2_allocate_from_block$VARIANT$mp
call: Aweme!0x3eca8f4 Aweme!0x3ecb2a0@0x3ecb2a0
call: Aweme!0x3ecb678 Aweme!0x3ecb9dc@0x3ecb9dc
call: libc++abi.dylib!0xee0 libc++abi.dylib!0x10e54@DYLD-STUB$$malloc
call: libsystem_malloc.dylib!0x10160 libsystem_malloc.dylib!0xf6b8@malloc_zone_malloc
call: libsystem_malloc.dylib!0xf750 libsystem_malloc.dylib!0x11d64@default_zone_malloc
call: libsystem_malloc.dylib!0xecc libsystem_malloc.dylib!0xf20@nanov2_allocate$VARIANT$mp
call: libsystem_malloc.dylib!0xf98 libsystem_malloc.dylib!0x1b18@nanov2_allocate_from_block$VARIANT$mp
call: Aweme!0x3ecb68c Aweme!0x775e348@DYLD-STUB$$objc_msgSend
call: CoreFoundation!0x463c libobjc.A.dylib!0x2080@objc_msgSend
call: CoreFoundation!0x4680 libobjc.A.dylib!0x2080@objc_msgSend
call: CoreFoundation!0x4228 CoreFoundation!0x2b6c@_CFStringEqual
call: CoreFoundation!0x4680 libobjc.A.dylib!0x2080@objc_msgSend
call: CoreFoundation!0x4228 CoreFoundation!0x2b6c@_CFStringEqual
call: Aweme!0x3ecb690 Aweme!0x3ecb9c4@0x3ecb9c4
call: CoreFoundation!0x6bec CoreFoundation!0xaae2c@_CFNonObjCRetain
call: Aweme!0x3ecb694 Aweme!0x775e39c@DYLD-STUB$$objc_retainAutorelease
call: libobjc.A.dylib!0x218c4 libobjc.A.dylib!0x20010@objc_retain
call: CoreFoundation!0x6bec CoreFoundation!0xaae2c@_CFNonObjCRetain
call: Aweme!0x3ecb69c Aweme!0x3ecb9e4@0x3ecb9e4
call: CoreFoundation!0x6980 CoreFoundation!0xc7c40@__CFStringMtbl
call: CoreFoundation!0x69b4 CoreFoundation!0xcf3e4@CFStringGetCStringPtr
call: Aweme!0x3ecb6a8 Aweme!0x3eca930@0x3eca930
call: Aweme!0x3eca8d4 Aweme!0x3ecb180@0x3ecb180
call: Aweme!0x3eca8e8 Aweme!0x775dfd0@DYLD-STUB$$malloc
call: libsystem_malloc.dylib!0x10160 libsystem_malloc.dylib!0xf6b8@malloc_zone_malloc
call: libsystem_malloc.dylib!0xf750 libsystem_malloc.dylib!0x11d64@default_zone_malloc
call: libsystem_malloc.dylib!0x6224 libsystem_malloc.dylib!0x17638@tiny_malloc_should_clear
call: libsystem_malloc.dylib!0x176d0 libsystem_platform.dylib!0x8cf8@DYLD-STUB$$os_unfair_lock_lock_with_options
call: libsystem_malloc.dylib!0x17714 libsystem_malloc.dylib!0x1902c@tiny_malloc_from_free_list
call: libsystem_malloc.dylib!0x19688 libsystem_malloc.dylib!0x15fc8@tiny_free_list_add_ptr
call: libsystem_malloc.dylib!0x19270 libsystem_malloc.dylib!0x17ca8@set_tiny_meta_header_in_use
call: libsystem_malloc.dylib!0x17a4c libsystem_platform.dylib!0x8d1c@DYLD-STUB$$os_unfair_lock_unlock
call: Aweme!0x3eca8f4 Aweme!0x3ecb2a0@0x3ecb2a0
call: Aweme!0x3ecb6b8 Aweme!0x3e86920@0x3e86920
call: Aweme!0x3e8694c Aweme!0x3ed9ea8@0x3ed9ea8
call: Aweme!0x3e51e10 Aweme!0x3e52080@0x3e52080
call: Aweme!0x3e8695c Aweme!0x3ed9ddc@0x3ed9ddc
call: Aweme!0x3e86970 Aweme!0x3e51f88@0x3e51f88
call: Aweme!0x3e86980 Aweme!0x3e868c8@0x3e868c8
call: Aweme!0x3e868e0 Aweme!0x775c5d8@DYLD-STUB$$operator new(unsigned long)
call: libc++abi.dylib!0xee0 libc++abi.dylib!0x10e54@DYLD-STUB$$malloc
call: libsystem_malloc.dylib!0x10160 libsystem_malloc.dylib!0xf6b8@malloc_zone_malloc
call: libsystem_malloc.dylib!0xf750 libsystem_malloc.dylib!0x11d64@default_zone_malloc
call: libsystem_malloc.dylib!0xecc libsystem_malloc.dylib!0xf20@nanov2_allocate$VARIANT$mp
call: libsystem_malloc.dylib!0xf98 libsystem_malloc.dylib!0x1b18@nanov2_allocate_from_block$VARIANT$mp
call: Aweme!0x3e86990 Aweme!0x3ed9e90@0x3ed9e90
call: Aweme!0x3e51884 Aweme!0x3e52080@0x3e52080
call: Aweme!0x3e518e8 Aweme!0x3e51918@0x3e51918
call: Aweme!0x3e519a0 Aweme!0x3e51ed8@0x3e51ed8
call: Aweme!0x3e51ee4 Aweme!0x3ea61ec@0x3ea61ec
call: libsystem_malloc.dylib!0x10160 libsystem_malloc.dylib!0xf6b8@malloc_zone_malloc
call: libsystem_malloc.dylib!0xf750 libsystem_malloc.dylib!0x11d64@default_zone_malloc
call: libsystem_malloc.dylib!0xecc libsystem_malloc.dylib!0xf20@nanov2_allocate$VARIANT$mp
call: libsystem_malloc.dylib!0xf98 libsystem_malloc.dylib!0x1b18@nanov2_allocate_from_block$VARIANT$mp
call: Aweme!0x3e519f0 Aweme!0x3e51534@0x3e51534
call: Aweme!0x3e51544 Aweme!0x3e520e0@0x3e520e0
