AwemeModuleBase:0x105fef4f0
arg1 https://search3-search-lf.amemv.com/aweme/v1/search/item/?caid1=0803bffc8815b9f02c08f48f95c1008c&tma_jssdk_version=2.1.0.2&minor_status=0&ac=WIFI&appTheme=dark&is_vcd=1&keyword=%E7%8E%8B%E4%B8%80%E5%8D%9A&video_cover_shrink=372_496&enter_from=homepage_hot&sort_type=0&backtrace=M7U2PfbCPC7qlX46ow2D73foIbuD7zG%2BTODCT48wHI74oC1dlQVm4omXMt%2BkHUSKjMf5EJvWyjt3jVKDb%2FBylQ%3D%3D&count=12&is_filter_search=0&user_avatar_shrink=64_64&source=video_search&query_correct_type=1&rs_word_count=5&offset=0&search_source=normal_search&publish_time=0&hot_search=0&aid=1128&app_name=aweme&app_version=14.8.0&build_number=148013&cdid=FEDA96DE-E849-4E15-99C9-66CD61F50ADD&channel=App%20Store&device_id=4169787388733342&device_platform=iphone&device_type=iPhone9,1&idfa=322127EF-8E4E-48E9-98E0-99ACBDC85525&iid=2955926580500413&js_sdk_version=1.99.0.3&mcc_mnc=&openudid=a4cb7b4ade7c5e8e6c90cf8f892aafe6c64c73d1&os_api=18&os_version=13.3.1&screen_width=750&version_code=14.8.0&vid=25AD3C98-7CA5-4B2E-9B39-9BAEFC31BBD2
arg2 {
    "User-Agent" = "Aweme 14.8.0 rv:148013 (iPhone; iOS 13.3.1; zh_CN) Cronet";
    "x-common-params-v2" = "aid=1128&app_name=aweme&app_version=14.8.0&build_number=148013&cdid=FEDA96DE-E849-4E15-99C9-66CD61F50ADD&channel=App%20Store&device_id=4169787388733342&device_platform=iphone&device_type=iPhone9,1&idfa=322127EF-8E4E-48E9-98E0-99ACBDC85525&iid=2955926580500413&js_sdk_version=1.99.0.3&mcc_mnc=&openudid=a4cb7b4ade7c5e8e6c90cf8f892aafe6c64c73d1&os_api=18&os_version=13.3.1&screen_width=750&version_code=14.8.0&vid=25AD3C98-7CA5-4B2E-9B39-9BAEFC31BBD2";
    "x-tt-token" = "003c4774314c4f83d0177a0ae886f5a6f50056cb8fc53fa60c3b0bf88596c762fc922f46798e27276d911e99fde0203a46a8df6837c3279998eaaccf63df5e59c34fb9458bd8d9b17fd1ecf392c2a6fc08649f8411f4295761fc95f3fe46affde27ce-1.0.1";
}
call Aweme!0x3e93da8
,	Aweme!0x3e93da8 this.args0 0x1 0x1

,	Aweme!0x3e93da8 this.args1 0x16fdeaa60 0x16fdeaa60

,	Aweme!0x3e93da8 this.args2 0x120a8 0x120a8

,	Aweme!0x3e93da8 this.args3 0x51 0x51

,	Aweme!0x3e93da8 this.args4 0x6f 0x6f

,	Aweme!0x3e93da8 this.args0 onLeave 0x1 0x1

,	Aweme!0x3e93da8 this.args1 onLeave 0x16fdeaa60 0x16fdeaa60

,	Aweme!0x3e93da8 this.args2 onLeave 0x120a8 0x120a8

,	Aweme!0x3e93da8 this.args3 onLeave 0x51 0x51

,	Aweme!0x3e93da8 this.args4 onLeave 0x6f 0x6f

,retval onLeave: 0x280dea290             0  1  2  3  4  5  6  7  8  9  A  B  C  D  E  F  0123456789ABCDEF
280dea290  00 53 f8 80 02 00 00 00 b0 a2 de 80 02 00 00 00  .S..............
280dea2a0  01 00 00 00 00 00 00 00 00 00 00 00 00 00 00 00  ................
280dea2b0  01 00 00 00 00 00 00 00 00 00 00 00 00 00 00 00  ................
280dea2c0  23 31 36 40 30 3a 38 00 71 02 f4 09 01 00 00 00  #16@0:8.q.......
280dea2d0  42 31 36 40 30 3a 38 00 29 02 dd 09 01 00 00 00  B16@0:8.).......
280dea2e0  c0 52 f8 80 02 00 00 00 40 a3 de 80 02 00 00 00  .R......@.......
280dea2f0  80 52 f8 80 02 00 00 00 00 00 00 00 00 00 00 00  .R..............
280dea300  01 00 00 00 00 00 00 00 00 00 00 00 00 00 00 00  ................
280dea310  50 b1 cb 09 01 00 00 00 00 00 00 00 00 00 00 00  P...............
280dea320  80 b1 cb 09 01 00 00 00 00 00 00 00 00 00 00 00  ................
280dea330  78 c9 cb 09 01 00 00 00 00 00 00 00 00 00 00 00  x...............
280dea340  01 00 00 00 00 00 00 00 00 00 00 00 00 00 00 00  ................
280dea350  01 00 00 00 00 00 00 00 e0 5b f8 80 02 00 00 00  .........[......
280dea360  23 31 36 40 30 3a 38 00 2d 02 d9 09 01 00 00 00  #16@0:8.-.......
280dea370  42 31 36 40 30 3a 38 00 52 02 f4 09 01 00 00 00  B16@0:8.R.......
280dea380  91 d8 84 e6 a1 01 00 00 30 16 70 0f 01 00 00 00  ........0.p.....
280dea390  00 00 00 00 01 00 00 00 00 00 00 00 00 00 00 00  ................
280dea3a0  b0 bd de 80 02 00 00 00 02 00 00 00 01 00 00 00  ................
280dea3b0  f1 db 75 0b a1 21 00 00 00 00 00 00 00 00 00 00  ..u..!..........
280dea3c0  19 dc 75 0b a1 21 00 00 00 00 00 00 00 00 00 00  ..u..!..........
280dea3d0  40 31 36 40 30 3a 38 00 8a 01 00 00 00 00 00 00  @16@0:8.........
280dea3e0  04 00 00 00 00 00 00 00 20 4b f9 80 02 00 00 00  ........ K......
280dea3f0  23 31 36 40 30 3a 38 00 fb 07 00 00 00 00 00 00  #16@0:8.........
280dea400  31 ce 83 e6 a1 05 00 00 e0 95 12 10 01 00 00 00  1...............
280dea410  1d 6c 77 0b a1 01 00 00 60 55 f8 80 02 00 00 00  .lw.....`U......
280dea420  4c 52 46 43 4c 52 46 43 00 00 00 00 45 4b 41 57  LRFCLRFC....EKAW
280dea430  68 4c c6 db 01 00 00 00 42 02 00 00 00 00 00 00  hL......B.......
280dea440  a1 57 86 0b a1 01 00 00 00 00 00 00 00 00 00 00  .W..............
280dea450  6c 63 73 61 00 00 00 00 80 8e 1b 82 02 00 00 00  lcsa............
280dea460  00 00 00 00 00 00 00 00 fb 07 0e 80 02 00 00 00  ................
280dea470  07 c6 00 00 00 01 00 00 00 00 00 00 00 00 00 00  ................
280dea480  e0 fd 0f 80 02 00 00 00 00 00 00 00 00 00 00 00  ................
280dea490  42 31 36 40 30 3a 38 00 37 02 dd 09 01 00 00 00  B16@0:8.7.......
280dea4a0  e5 92 84 e6 a1 41 00 00 58 f6 d2 db 01 00 00 00  .....A..X.......
280dea4b0  6b 65 79 00 74 65 78 74 00 03 7b e1 16 37 3f bc  key.text..{..7?.
280dea4c0  39 9f 88 0b a1 05 00 00 00 00 00 00 00 00 00 00  9...............
280dea4d0  76 32 34 40 30 3a 38 40 31 36 00 09 01 00 00 00  v24@0:8@16......
280dea4e0  00 00 00 00 01 00 00 00 00 00 00 00 00 00 00 00  ................
280dea4f0  40 31 36 40 30 3a 38 00 6d 03 00 00 00 00 00 00  @16@0:8.m.......
280dea500  61 9b 81 e6 a1 01 00 00 80 e8 a2 81 02 00 00 00  a...............
280dea510  51 31 36 40 30 3a 38 00 4e 02 dc 09 01 00 00 00  Q16@0:8.N.......
280dea520  00 00 00 00 00 00 00 00 11 01 00 00 45 4b 41 57  ............EKAW
280dea530  00 00 00 00 01 00 00 00 00 00 00 00 00 00 00 00  ................
280dea540  40 31 36 40 30 3a 38 00 09 02 01 0a 01 00 00 00  @16@0:8.........
280dea550  23 31 36 40 30 3a 38 00 ba 03 00 00 00 00 00 00  #16@0:8.........
280dea560  bf c6 6a a7 41 00 38 bc 00 00 00 00 00 00 00 00  ..j.A.8.........
280dea570  59 1b 88 e6 a1 01 00 00 00 00 00 00 00 00 00 00  Y...............
280dea580  51 31 36 40 30 3a 38 00 25 02 fb 09 01 00 00 00  Q16@0:8.%.......
280dea590  61 9b 81 e6 a1 01 00 00 b0 ab 0e 80 02 00 00 00  a...............
280dea5a0  61 9b 81 e6 a1 01 00 00 e0 ab 0e 80 02 00 00 00  a...............
280dea5b0  a5 85 ac 95 15 6d 38 bc 00 00 00 00 00 00 00 00  .....m8.........
280dea5c0  f8 06 bb c1 02 03 38 bc 00 00 00 00 00 00 00 00  ......8.........
280dea5d0  fe 20 6c a7 41 00 38 ac ce 20 6c a7 41 00 38 ac  . l.A.8.. l.A.8.
280dea5e0  61 9b 81 e6 a1 01 00 00 bf c6 6a a7 41 00 38 bc  a.........j.A.8.
280dea5f0  a7 78 7c 4e cd b8 22 bc c0 b0 0e 80 02 00 00 00  .x|N..".........
280dea600  b0 73 7c db 01 00 00 00 00 00 00 00 00 00 00 00  .s|.............
280dea610  bf c6 6a a7 41 00 38 bc 00 00 00 00 00 00 00 00  ..j.A.8.........
280dea620  55 49 41 70 70 65 61 72 61 6e 63 65 41 6e 79 00  UIAppearanceAny.
280dea630  61 72 00 00 00 00 00 00 fb 07 63 65 41 6e 79 00  ar........ceAny.
280dea640  00 00 00 00 01 00 00 00 00 00 00 00 00 00 00 00  ................
280dea650  80 7f 15 10 01 00 00 00 00 c2 de 80 02 00 00 00  ................
280dea660  90 80 15 10 01 00 00 00 50 a6 de 80 02 00 00 00  ........P.......
280dea670  a0 81 15 10 01 00 00 00 60 a6 de 80 02 00 00 00  ........`.......
280dea680  b0 82 15 10 01 00 00 00 70 a6 de 80 02 00 00 00  ........p.......

call Aweme!0x3e93da8
,	Aweme!0x3e93da8 this.args0 0x280eb34a0             0  1  2  3  4  5  6  7  8  9  A  B  C  D  E  F  0123456789ABCDEF
280eb34a0  08 36 cc 09 01 00 00 00 10 ce 13 80 02 00 00 00  .6..............
280eb34b0  d0 5e db 80 02 00 00 00 20 15 4c 83 02 00 00 00  .^...... .L.....
280eb34c0  c0 34 92 8c da a0 00 00 ff 00 00 00 5a 7a 28 10  .4..........Zz(.
280eb34d0  00 00 00 00 00 00 00 00 00 00 00 00 00 00 00 00  ................
280eb34e0  91 98 81 e6 a1 01 00 00 85 16 00 00 01 00 00 00  ................
280eb34f0  fc a9 f1 d2 4d 62 90 3f 00 00 00 00 00 00 00 00  ....Mb.?........
280eb3500  91 98 81 e6 a1 01 00 00 85 16 00 00 01 00 00 00  ................
280eb3510  2b 87 16 d9 ce f7 a3 3f 00 00 00 00 00 00 00 00  +......?........
280eb3520  91 98 81 e6 a1 01 00 00 85 16 00 00 01 00 00 00  ................
280eb3530  fa 7e 6a bc 74 93 98 3f 00 00 00 00 00 00 00 00  .~j.t..?........
280eb3540  91 98 81 e6 a1 01 00 00 85 16 00 00 01 00 00 00  ................
280eb3550  9c c4 20 b0 72 18 41 40 00 00 00 00 00 00 00 00  .. .r.A@........
280eb3560  91 98 81 e6 a1 01 00 00 85 16 00 00 01 00 00 00  ................
280eb3570  f0 a7 c6 4b 37 29 34 40 00 00 00 00 00 00 00 00  ...K7)4@........
280eb3580  71 b3 81 e6 a1 01 00 00 02 00 00 00 00 00 00 00  q...............
280eb3590  40 35 eb 80 02 00 00 00 60 35 eb 80 02 00 00 00  @5......`5......
280eb35a0  71 b3 81 e6 a1 01 00 00 02 00 00 00 00 00 00 00  q...............
280eb35b0  ee 20 6c a7 41 00 38 ac ee 20 6c a7 41 00 38 ac  . l.A.8.. l.A.8.
280eb35c0  71 b3 81 e6 a1 01 00 00 02 00 00 00 00 00 00 00  q...............
280eb35d0  ae 26 6c a7 41 00 38 ac ae 26 6c a7 41 00 38 ac  .&l.A.8..&l.A.8.
280eb35e0  e0 35 92 8c da a0 00 00 b5 01 7e 81 02 00 00 00  .5........~.....
280eb35f0  80 5d 7e 81 02 00 00 00 c0 5d 7e 81 02 00 00 00  .]~......]~.....
280eb3600  00 36 92 8c da a0 00 00 be 01 00 00 48 49 54 00  .6..........HIT.
280eb3610  0d 00 00 00 00 00 00 00 0e 00 00 00 00 00 00 07  ................
280eb3620  20 36 92 8c da a0 00 00 9d 01 00 00 73 63 3d 48   6..........sc=H
280eb3630  49 54 2c 65 64 67 65 3b 64 75 72 3d 31 00 00 00  IT,edge;dur=1...
280eb3640  40 36 92 8c da a0 00 00 b2 01 00 00 02 00 00 00  @6..............
280eb3650  1d 00 00 00 00 00 00 00 20 00 00 00 00 00 00 80  ........ .......
280eb3660  60 36 92 8c da a0 00 00 a2 01 00 00 32 30 32 31  `6..........2021
280eb3670  20 30 37 3a 34 36 3a 34 30 20 47 4d 54 00 00 00   07:46:40 GMT...
280eb3680  80 36 92 8c da a0 00 00 9c 01 77 21 01 00 00 00  .6........w!....
280eb3690  c0 98 77 21 01 00 00 00 c0 9a 77 21 01 00 00 00  ..w!......w!....
280eb36a0  a0 36 92 8c da a0 00 00 9a 01 27 11 f0 1c d8 41  .6........'....A
280eb36b0  20 30 37 3a 34 37 3a 33 37 20 47 4d 54 00 00 00   07:47:37 GMT...
280eb36c0  c0 36 92 8c da a0 00 00 99 01 00 00 02 00 00 00  .6..............
280eb36d0  1d 00 00 00 00 00 00 00 20 00 00 00 00 00 00 80  ........ .......
280eb36e0  41 b1 81 e6 a1 01 00 00 00 00 00 00 00 00 00 00  A...............
280eb36f0  01 00 00 80 00 00 00 00 00 00 00 00 00 00 00 00  ................
280eb3700  78 c6 9e 10 01 00 00 00 78 c6 9e 10 01 00 00 00  x.......x.......
280eb3710  11 00 00 00 03 00 00 00 63 6f 6d 00 00 00 00 80  ........com.....
280eb3720  20 37 92 8c da a0 00 00 07 01 60 00 00 00 00 00   7........`.....
280eb3730  8b de 15 42 00 00 00 00 00 00 00 00 00 00 00 00  ...B............
280eb3740  e0 37 eb 80 02 00 00 00 ea 2d 32 f5 ed 89 a9 32  .7.......-2....2
280eb3750  a8 89 a3 0f 01 00 00 00 01 00 00 00 00 00 00 00  ................
280eb3760  91 98 81 e6 a1 01 00 00 84 16 00 00 04 00 00 00  ................
280eb3770  24 1d 16 41 00 00 00 00 00 00 00 00 00 00 00 00  $..A............
280eb3780  68 22 cc 09 01 00 00 00 0b 00 00 00 0a 00 00 00  h"..............
280eb3790  30 0d db 80 02 00 00 00 00 00 00 00 00 00 00 00  0...............
280eb37a0  a0 37 92 8c da a0 00 00 b7 01 1b 82 02 00 00 00  .7..............
280eb37b0  80 2c 1b 82 02 00 00 00 00 2d 1b 82 02 00 00 00  .,.......-......
280eb37c0  c0 37 92 8c da a0 00 00 a5 01 00 00 23 ff ff ff  .7..........#...
280eb37d0  00 00 00 00 00 00 00 00 54 da 63 00 02 00 00 00  ........T.c.....
280eb37e0  a0 cd eb 80 02 00 00 00 74 00 de 1d 55 d1 41 5d  ........t...U.A]
280eb37f0  08 88 a3 0f 01 00 00 00 00 45 43 46 38 34 32 00  .........ECF842.
280eb3800  00 38 92 8c da a0 00 00 9e 01 00 00 00 00 00 00  .8..............
280eb3810  00 00 00 00 00 00 00 00 00 00 00 00 00 00 00 00  ................
280eb3820  00 00 00 00 00 00 00 00 a8 00 01 a2 00 00 00 00  ................
280eb3830  a8 00 01 a2 01 00 00 00 20 6b 0e 83 02 00 00 00  ........ k......
280eb3840  36 35 65 33 31 39 31 63 31 36 31 38 31 39 38 35  65e3191c16181985
280eb3850  39 36 35 38 34 33 34 33 37 65 00 00 00 00 00 00  965843437e......
280eb3860  22 78 2d 63 6f 6d 6d 6f 6e 2d 70 61 72 61 6d 73  "x-common-params
280eb3870  2d 76 32 22 00 00 00 00 00 00 00 00 00 00 00 00  -v2"............
280eb3880  46 72 69 2c 20 30 39 20 41 70 72 20 32 30 32 31  Fri, 09 Apr 2021
280eb3890  20 30 37 3a 34 37 3a 33 37 20 47 4d 54 00 00 00   07:47:37 GMT...

,	Aweme!0x3e93da8 this.args1 0x16fdeaa30 0x16fdeaa30

,	Aweme!0x3e93da8 this.args2 0x120a8 0x120a8

,	Aweme!0x3e93da8 this.args3 0x51 0x51

,	Aweme!0x3e93da8 this.args4 0x6f 0x6f

,	Aweme!0x3e93da8 this.args0 onLeave 0x280eb34a0             0  1  2  3  4  5  6  7  8  9  A  B  C  D  E  F  0123456789ABCDEF
280eb34a0  08 36 cc 09 01 00 00 00 10 ce 13 80 02 00 00 00  .6..............
280eb34b0  d0 5e db 80 02 00 00 00 20 15 4c 83 02 00 00 00  .^...... .L.....
280eb34c0  c0 34 92 8c da a0 00 00 ff 00 00 00 5a 7a 28 10  .4..........Zz(.
280eb34d0  00 00 00 00 00 00 00 00 00 00 00 00 00 00 00 00  ................
280eb34e0  91 98 81 e6 a1 01 00 00 85 16 00 00 01 00 00 00  ................
280eb34f0  fc a9 f1 d2 4d 62 90 3f 00 00 00 00 00 00 00 00  ....Mb.?........
280eb3500  91 98 81 e6 a1 01 00 00 85 16 00 00 01 00 00 00  ................
280eb3510  2b 87 16 d9 ce f7 a3 3f 00 00 00 00 00 00 00 00  +......?........
280eb3520  91 98 81 e6 a1 01 00 00 85 16 00 00 01 00 00 00  ................
280eb3530  fa 7e 6a bc 74 93 98 3f 00 00 00 00 00 00 00 00  .~j.t..?........
280eb3540  91 98 81 e6 a1 01 00 00 85 16 00 00 01 00 00 00  ................
280eb3550  9c c4 20 b0 72 18 41 40 00 00 00 00 00 00 00 00  .. .r.A@........
280eb3560  91 98 81 e6 a1 01 00 00 85 16 00 00 01 00 00 00  ................
280eb3570  f0 a7 c6 4b 37 29 34 40 00 00 00 00 00 00 00 00  ...K7)4@........
280eb3580  71 b3 81 e6 a1 01 00 00 02 00 00 00 00 00 00 00  q...............
280eb3590  40 35 eb 80 02 00 00 00 60 35 eb 80 02 00 00 00  @5......`5......
280eb35a0  71 b3 81 e6 a1 01 00 00 02 00 00 00 00 00 00 00  q...............
280eb35b0  ee 20 6c a7 41 00 38 ac ee 20 6c a7 41 00 38 ac  . l.A.8.. l.A.8.
280eb35c0  71 b3 81 e6 a1 01 00 00 02 00 00 00 00 00 00 00  q...............
280eb35d0  ae 26 6c a7 41 00 38 ac ae 26 6c a7 41 00 38 ac  .&l.A.8..&l.A.8.
280eb35e0  e0 35 92 8c da a0 00 00 b5 01 7e 81 02 00 00 00  .5........~.....
280eb35f0  80 5d 7e 81 02 00 00 00 c0 5d 7e 81 02 00 00 00  .]~......]~.....
280eb3600  00 36 92 8c da a0 00 00 be 01 00 00 48 49 54 00  .6..........HIT.
280eb3610  0d 00 00 00 00 00 00 00 0e 00 00 00 00 00 00 07  ................
280eb3620  20 36 92 8c da a0 00 00 9d 01 00 00 73 63 3d 48   6..........sc=H
280eb3630  49 54 2c 65 64 67 65 3b 64 75 72 3d 31 00 00 00  IT,edge;dur=1...
280eb3640  40 36 92 8c da a0 00 00 b2 01 00 00 02 00 00 00  @6..............
280eb3650  1d 00 00 00 00 00 00 00 20 00 00 00 00 00 00 80  ........ .......
280eb3660  60 36 92 8c da a0 00 00 a2 01 00 00 32 30 32 31  `6..........2021
280eb3670  20 30 37 3a 34 36 3a 34 30 20 47 4d 54 00 00 00   07:46:40 GMT...
280eb3680  80 36 92 8c da a0 00 00 9c 01 77 21 01 00 00 00  .6........w!....
280eb3690  c0 98 77 21 01 00 00 00 c0 9a 77 21 01 00 00 00  ..w!......w!....
280eb36a0  a0 36 92 8c da a0 00 00 9a 01 27 11 f0 1c d8 41  .6........'....A
280eb36b0  20 30 37 3a 34 37 3a 33 37 20 47 4d 54 00 00 00   07:47:37 GMT...
280eb36c0  c0 36 92 8c da a0 00 00 99 01 00 00 02 00 00 00  .6..............
280eb36d0  1d 00 00 00 00 00 00 00 20 00 00 00 00 00 00 80  ........ .......
280eb36e0  41 b1 81 e6 a1 01 00 00 00 00 00 00 00 00 00 00  A...............
280eb36f0  01 00 00 80 00 00 00 00 00 00 00 00 00 00 00 00  ................
280eb3700  78 c6 9e 10 01 00 00 00 78 c6 9e 10 01 00 00 00  x.......x.......
280eb3710  11 00 00 00 03 00 00 00 63 6f 6d 00 00 00 00 80  ........com.....
280eb3720  20 37 92 8c da a0 00 00 07 01 60 00 00 00 00 00   7........`.....
280eb3730  8b de 15 42 00 00 00 00 00 00 00 00 00 00 00 00  ...B............
280eb3740  e0 37 eb 80 02 00 00 00 ea 2d 32 f5 ed 89 a9 32  .7.......-2....2
280eb3750  a8 89 a3 0f 01 00 00 00 01 00 00 00 00 00 00 00  ................
280eb3760  91 98 81 e6 a1 01 00 00 84 16 00 00 04 00 00 00  ................
280eb3770  24 1d 16 41 00 00 00 00 00 00 00 00 00 00 00 00  $..A............
280eb3780  68 22 cc 09 01 00 00 00 0b 00 00 00 0a 00 00 00  h"..............
280eb3790  30 0d db 80 02 00 00 00 00 00 00 00 00 00 00 00  0...............
280eb37a0  a0 37 92 8c da a0 00 00 b7 01 1b 82 02 00 00 00  .7..............
280eb37b0  80 2c 1b 82 02 00 00 00 00 2d 1b 82 02 00 00 00  .,.......-......
280eb37c0  c0 37 92 8c da a0 00 00 a5 01 00 00 23 ff ff ff  .7..........#...
280eb37d0  00 00 00 00 00 00 00 00 54 da 63 00 02 00 00 00  ........T.c.....
280eb37e0  a0 cd eb 80 02 00 00 00 74 00 de 1d 55 d1 41 5d  ........t...U.A]
280eb37f0  08 88 a3 0f 01 00 00 00 00 45 43 46 38 34 32 00  .........ECF842.
280eb3800  00 38 92 8c da a0 00 00 9e 01 00 00 00 00 00 00  .8..............
280eb3810  00 00 00 00 00 00 00 00 00 00 00 00 00 00 00 00  ................
280eb3820  00 00 00 00 00 00 00 00 a8 00 01 a2 00 00 00 00  ................
280eb3830  a8 00 01 a2 01 00 00 00 20 6b 0e 83 02 00 00 00  ........ k......
280eb3840  36 35 65 33 31 39 31 63 31 36 31 38 31 39 38 35  65e3191c16181985
280eb3850  39 36 35 38 34 33 34 33 37 65 00 00 00 00 00 00  965843437e......
280eb3860  22 78 2d 63 6f 6d 6d 6f 6e 2d 70 61 72 61 6d 73  "x-common-params
280eb3870  2d 76 32 22 00 00 00 00 00 00 00 00 00 00 00 00  -v2"............
280eb3880  46 72 69 2c 20 30 39 20 41 70 72 20 32 30 32 31  Fri, 09 Apr 2021
280eb3890  20 30 37 3a 34 37 3a 33 37 20 47 4d 54 00 00 00   07:47:37 GMT...

,	Aweme!0x3e93da8 this.args1 onLeave 0x16fdeaa30 0x16fdeaa30

,	Aweme!0x3e93da8 this.args2 onLeave 0x120a8 0x120a8

,	Aweme!0x3e93da8 this.args3 onLeave 0x51 0x51

,	Aweme!0x3e93da8 this.args4 onLeave 0x6f 0x6f

,retval onLeave: 0x280dea290             0  1  2  3  4  5  6  7  8  9  A  B  C  D  E  F  0123456789ABCDEF
280dea290  00 53 f8 80 02 00 00 00 b0 a2 de 80 02 00 00 00  .S..............
280dea2a0  01 00 00 00 00 00 00 00 00 00 00 00 00 00 00 00  ................
280dea2b0  03 00 00 00 00 00 00 00 00 00 00 00 00 00 00 00  ................
280dea2c0  23 31 36 40 30 3a 38 00 71 02 f4 09 01 00 00 00  #16@0:8.q.......
280dea2d0  42 31 36 40 30 3a 38 00 29 02 dd 09 01 00 00 00  B16@0:8.).......
280dea2e0  c0 52 f8 80 02 00 00 00 40 a3 de 80 02 00 00 00  .R......@.......
280dea2f0  80 52 f8 80 02 00 00 00 00 00 00 00 00 00 00 00  .R..............
280dea300  01 00 00 00 00 00 00 00 00 00 00 00 00 00 00 00  ................
280dea310  50 b1 cb 09 01 00 00 00 00 00 00 00 00 00 00 00  P...............
280dea320  80 b1 cb 09 01 00 00 00 00 00 00 00 00 00 00 00  ................
280dea330  78 c9 cb 09 01 00 00 00 00 00 00 00 00 00 00 00  x...............
280dea340  01 00 00 00 00 00 00 00 00 00 00 00 00 00 00 00  ................
280dea350  01 00 00 00 00 00 00 00 e0 5b f8 80 02 00 00 00  .........[......
280dea360  23 31 36 40 30 3a 38 00 2d 02 d9 09 01 00 00 00  #16@0:8.-.......
280dea370  42 31 36 40 30 3a 38 00 52 02 f4 09 01 00 00 00  B16@0:8.R.......
280dea380  91 d8 84 e6 a1 01 00 00 30 16 70 0f 01 00 00 00  ........0.p.....
280dea390  00 00 00 00 01 00 00 00 00 00 00 00 00 00 00 00  ................
280dea3a0  b0 bd de 80 02 00 00 00 02 00 00 00 01 00 00 00  ................
280dea3b0  f1 db 75 0b a1 21 00 00 00 00 00 00 00 00 00 00  ..u..!..........
280dea3c0  19 dc 75 0b a1 21 00 00 00 00 00 00 00 00 00 00  ..u..!..........
280dea3d0  40 31 36 40 30 3a 38 00 8a 01 00 00 00 00 00 00  @16@0:8.........
280dea3e0  04 00 00 00 00 00 00 00 20 4b f9 80 02 00 00 00  ........ K......
280dea3f0  23 31 36 40 30 3a 38 00 fb 07 00 00 00 00 00 00  #16@0:8.........
280dea400  31 ce 83 e6 a1 05 00 00 e0 95 12 10 01 00 00 00  1...............
280dea410  1d 6c 77 0b a1 01 00 00 60 55 f8 80 02 00 00 00  .lw.....`U......
280dea420  4c 52 46 43 4c 52 46 43 00 00 00 00 45 4b 41 57  LRFCLRFC....EKAW
280dea430  68 4c c6 db 01 00 00 00 42 02 00 00 00 00 00 00  hL......B.......
280dea440  a1 57 86 0b a1 01 00 00 00 00 00 00 00 00 00 00  .W..............
280dea450  6c 63 73 61 00 00 00 00 80 8e 1b 82 02 00 00 00  lcsa............
280dea460  00 00 00 00 00 00 00 00 fb 07 0e 80 02 00 00 00  ................
280dea470  07 c6 00 00 00 01 00 00 00 00 00 00 00 00 00 00  ................
280dea480  e0 fd 0f 80 02 00 00 00 00 00 00 00 00 00 00 00  ................
280dea490  42 31 36 40 30 3a 38 00 37 02 dd 09 01 00 00 00  B16@0:8.7.......
280dea4a0  e5 92 84 e6 a1 41 00 00 58 f6 d2 db 01 00 00 00  .....A..X.......
280dea4b0  6b 65 79 00 74 65 78 74 00 03 7b e1 16 37 3f bc  key.text..{..7?.
280dea4c0  39 9f 88 0b a1 05 00 00 00 00 00 00 00 00 00 00  9...............
280dea4d0  76 32 34 40 30 3a 38 40 31 36 00 09 01 00 00 00  v24@0:8@16......
280dea4e0  00 00 00 00 01 00 00 00 00 00 00 00 00 00 00 00  ................
280dea4f0  40 31 36 40 30 3a 38 00 6d 03 00 00 00 00 00 00  @16@0:8.m.......
280dea500  61 9b 81 e6 a1 01 00 00 80 e8 a2 81 02 00 00 00  a...............
280dea510  51 31 36 40 30 3a 38 00 4e 02 dc 09 01 00 00 00  Q16@0:8.N.......
280dea520  00 00 00 00 00 00 00 00 11 01 00 00 45 4b 41 57  ............EKAW
280dea530  00 00 00 00 01 00 00 00 00 00 00 00 00 00 00 00  ................
280dea540  40 31 36 40 30 3a 38 00 09 02 01 0a 01 00 00 00  @16@0:8.........
280dea550  23 31 36 40 30 3a 38 00 ba 03 00 00 00 00 00 00  #16@0:8.........
280dea560  bf c6 6a a7 41 00 38 bc 00 00 00 00 00 00 00 00  ..j.A.8.........
280dea570  59 1b 88 e6 a1 01 00 00 00 00 00 00 00 00 00 00  Y...............
280dea580  51 31 36 40 30 3a 38 00 25 02 fb 09 01 00 00 00  Q16@0:8.%.......
280dea590  61 9b 81 e6 a1 01 00 00 b0 ab 0e 80 02 00 00 00  a...............
280dea5a0  61 9b 81 e6 a1 01 00 00 e0 ab 0e 80 02 00 00 00  a...............
280dea5b0  a5 85 ac 95 15 6d 38 bc 00 00 00 00 00 00 00 00  .....m8.........
280dea5c0  f8 06 bb c1 02 03 38 bc 00 00 00 00 00 00 00 00  ......8.........
280dea5d0  fe 20 6c a7 41 00 38 ac ce 20 6c a7 41 00 38 ac  . l.A.8.. l.A.8.
280dea5e0  61 9b 81 e6 a1 01 00 00 bf c6 6a a7 41 00 38 bc  a.........j.A.8.
280dea5f0  a7 78 7c 4e cd b8 22 bc c0 b0 0e 80 02 00 00 00  .x|N..".........
280dea600  b0 73 7c db 01 00 00 00 00 00 00 00 00 00 00 00  .s|.............
280dea610  bf c6 6a a7 41 00 38 bc 00 00 00 00 00 00 00 00  ..j.A.8.........
280dea620  55 49 41 70 70 65 61 72 61 6e 63 65 41 6e 79 00  UIAppearanceAny.
280dea630  61 72 00 00 00 00 00 00 fb 07 63 65 41 6e 79 00  ar........ceAny.
280dea640  00 00 00 00 01 00 00 00 00 00 00 00 00 00 00 00  ................
280dea650  80 7f 15 10 01 00 00 00 00 c2 de 80 02 00 00 00  ................
280dea660  90 80 15 10 01 00 00 00 50 a6 de 80 02 00 00 00  ........P.......
280dea670  a0 81 15 10 01 00 00 00 60 a6 de 80 02 00 00 00  ........`.......
280dea680  b0 82 15 10 01 00 00 00 70 a6 de 80 02 00 00 00  ........p.......

[end signal]{
    "X-Argus" = "sjmSOc4I5/lYHGxzv0i9KIBkK55K5/QRTxaTsnf7r9FI3qU+lZhRDcHV2XsBcXCXxg65u0SYnsEmY93zTBlXgaxvKfICzK0s/HjbxyNMKVG4KauZewhMQd1j2k9hNACob/nVOgGu397r5hCBT3cyDIlH8aBcDFD/ieFQ8AiC4bWS/wwtUEutXcZGOyzjbzwEQy2B44rafK7v+yVZds6fbsbW3FaY6RRsuo49SM2/BNLK4w==";
    "X-Gorgon" = 8404c03a0000fa89cb70d19c38515163d6b33918a46e4acf3281;
    "X-Khronos" = 1618198601;
    "X-Ladon" = "SbMBeKmFGLtKtyRnRXG4/ufbRBm9+ZEMU9SsAWHgUNbuwvud";
    "X-Tyhon" = "oTcsXeVZYg+hQyxdqlh+GbAWLBKrRGgI5RYsLLs=";
}
Aweme!0x3e928cc 2
Aweme!0x3eb31d0 4
Aweme!0x3e71318 3
Aweme!0x3e520ec 15
Aweme!0x3e70da8 6
Aweme!0x3e70bd8 3
Aweme!0x3ecc218 1
Aweme!0x3e5c1e8 1
Aweme!0x3e7ce8c 4
Aweme!0x3ea8c7c 2
Aweme!0x3ed3168 4
Aweme!0x3e71430 3
Aweme!0x3ea61b4 1
Aweme!0x3ecac58 52
Aweme!0x775dfd0 44
Aweme!0x3e84a30 1
Aweme!0x3ed32dc 257
Aweme!0x3e713d4 1
Aweme!0x3e70cf0 1
Aweme!0x3ecda08 1
Aweme!0x3ee5718 6
Aweme!0x3e8c7a4 3
Aweme!0x775e828 13
Aweme!0x3e63f00 2
Aweme!0x3ecbd64 12
Aweme!0x3ecb9c4 4
Aweme!0x3e4dddc 1
Aweme!0x3e5cb58 2
Aweme!0x3ea0828 11
Aweme!0x3ed3224 256
Aweme!0x3e9a300 3
Aweme!0x3ea164c 1
Aweme!0x3e7114c 1
Aweme!0x3e70f7c 3
Aweme!0x3e86ad4 7
Aweme!0x3ed31c8 2
Aweme!0x3ecc730 1
Aweme!0x3ea1764 1
Aweme!0x3ead334 1
Aweme!0x3e68100 1
Aweme!0x3e58a74 536
Aweme!0x3ecf140 1
Aweme!0x775e888 1
Aweme!0x3ed67d0 8
Aweme!0x3ed30b4 4
Aweme!0x3ed9e90 5
Aweme!0x3e711ac 3
Aweme!0x5518620 2
Aweme!0x775c7e8 493
Aweme!0x3e87048 2
Aweme!0x3e51f24 5
Aweme!0x3eca7a8 4
Aweme!0x3e70db0 21
Aweme!0x3e70100 2
Aweme!0x3e93d80 9
Aweme!0x3ee4b84 8
Aweme!0x3ede65c 1
Aweme!0x3e712c4 1
Aweme!0x775e8e8 1
Aweme!0x775e204 1
Aweme!0x3e8a13c 1
Aweme!0x3e71268 1
Aweme!0x3ecda6c 2
Aweme!0x3ecc8a8 1
Aweme!0x3e70b28 14
Aweme!0x3ea170c 9
Aweme!0x3e523dc 2
Aweme!0x3ecec30 19
Aweme!0x3ea8c28 4
Aweme!0x775d328 2
Aweme!0x775e378 3
Aweme!0x3ecf828 1
Aweme!0x775e090 3
Aweme!0x3ecb118 3
Aweme!0x3e63088 1
Aweme!0x3ee5894 2
Aweme!0x3e4e698 2
Aweme!0x3e86adc 1
Aweme!0x3ea1998 1
Aweme!0x3edb340 2
Aweme!0x3e58964 1
Aweme!0x3e71668 9
Aweme!0x3ed9ddc 12
Aweme!0x3ed4a78 1
Aweme!0x3e67854 1
Aweme!0x3ed3344 1
Aweme!0x3e87334 5
Aweme!0x3eda120 1
Aweme!0x3e90ec0 1
Aweme!0x3eda408 2
Aweme!0x3ed328c 2
Aweme!0x775e834 2
Aweme!0x3ea16b4 45
Aweme!0x3edacbc 1
Aweme!0x3e516d4 7
Aweme!0x3e89ce8 2
Aweme!0x3e51f88 10
Aweme!0x5518628 1
Aweme!0x3ed0b64 45
Aweme!0x3e71328 1
Aweme!0x3edb174 1
Aweme!0x3e86ff4 2
Aweme!0x3ecc90c 2
Aweme!0x3ecbcb8 6
Aweme!0x775ec90 6
Aweme!0x3e67688 3
Aweme!0x775e720 6
Aweme!0x3e71440 1
Aweme!0x3e71270 3
Aweme!0x3e52044 3
Aweme!0x3ecf88c 2
Aweme!0x3ee4790 1
Aweme!0x3e872dc 5
Aweme!0x3e630ec 2
Aweme!0x3e70ca4 2
Aweme!0x3ed7260 1
Aweme!0x3e5c824 2
Aweme!0x3ecb9d4 1
Aweme!0x775c7f4 38
Aweme!0x3e70dbc 1
Aweme!0x3e86ae4 1
Aweme!0x3e714a0 2
Aweme!0x3ecaaf8 1
Aweme!0x775e210 1
Aweme!0x3e709c0 30
Aweme!0x3e523e8 2
Aweme!0x3ecfc30 1
Aweme!0x3ecae3c 1
Aweme!0x3e84c14 1
Aweme!0x3ecb180 24
Aweme!0x3e71218 4
Aweme!0x3e86ba0 3
Aweme!0x3ea6110 2
Aweme!0x3e7138c 1
Aweme!0x3e70e1c 2
Aweme!0x3ed3238 6
Aweme!0x775e7e0 2
Aweme!0x3e70f90 2
Aweme!0x3ee5674 4
Aweme!0x3ed0b10 1
Aweme!0x3ea1b74 10
Aweme!0x3e5de48 2
Aweme!0x3e51ed8 14
Aweme!0x3eac354 1
Aweme!0x3ecb1e0 1
Aweme!0x3e71448 1
Aweme!0x3e70d08 2
Aweme!0x3eaea20 11
Aweme!0x3ed32f4 4
Aweme!0x3e56530 1
Aweme!0x3e4e1f0 13
Aweme!0x3ecc11c 1
Aweme!0x3ecb9dc 7
Aweme!0x3ea1664 1
Aweme!0x3e885c0 1
Aweme!0x3ed3010 516
Aweme!0x3eb2fc0 1
Aweme!0x3e71108 2
Aweme!0x3e70f38 3
Aweme!0x3eca930 19
Aweme!0x3e67c04 1
Aweme!0x3e67a34 4
Aweme!0x3e60518 1
Aweme!0x3e523f0 5
Aweme!0x3ea7e18 52
Aweme!0x3ea3c78 1
Aweme!0x3e7cea8 2
Aweme!0x3e84a4c 1
Aweme!0x3ecb188 2
Aweme!0x3ecafb8 1
Aweme!0x3ed2fb4 4
Aweme!0x3ead464 1
Aweme!0x3ed30cc 2
Aweme!0x3ed9ea8 5
Aweme!0x3e711c4 3
Aweme!0x3ecb2a0 32
Aweme!0x3e7cf08 2
Aweme!0x3e57ef4 31
Aweme!0x3ed3240 3
Aweme!0x3e86920 5
Aweme!0x3ed31e4 258
Aweme!0x3ed9fc0 1
Aweme!0x3e712dc 3
Aweme!0x775e78c 270
Aweme!0x3ed7210 1
Aweme!0x3ed3358 3
Aweme!0x775e390 4
Aweme!0x3ede618 2
Aweme!0x3e713f4 1
Aweme!0x3edded8 1
Aweme!0x3e90ed4 1
Aweme!0x3ecef8c 1
Aweme!0x3ecabc0 5
Aweme!0x3ecb9e4 7
Aweme!0x3eca820 7
Aweme!0x3e5a450 1
Aweme!0x3ea1d50 1
Aweme!0x3e51f40 3
Aweme!0x3e6057c 2
Aweme!0x3e714b0 1
Aweme!0x3e71110 1
Aweme!0x3e5e594 1
Aweme!0x775c5d8 38
Aweme!0x3e70ba0 17
Aweme!0x3e868c8 5
Aweme!0x3e5e8d8 1
Aweme!0x3e8c880 6
Aweme!0x3e71284 1
Aweme!0x3e4f5ec 2
Aweme!0x3ea1ac8 1
Aweme!0x3e70b44 10
Aweme!0x3e61858 1
Aweme!0x3e67810 59
Aweme!0x3e51918 7
Aweme!0x3eac818 1
Aweme!0x3ed12bc 2
Aweme!0x3ecb134 1
Aweme!0x3ecaf64 1
Aweme!0x3e711cc 2
Aweme!0x3ecfd58 1
Aweme!0x3eda368 1
Aweme!0x3ecf3ec 2
Aweme!0x3e71458 1
Aweme!0x3e523fc 7
Aweme!0x3e710b8 2
Aweme!0x3e5205c 20
Aweme!0x3e7ce58 4
Aweme!0x3eca540 4
Aweme!0x3ecf504 1
Aweme!0x3ed7104 4
Aweme!0x3ea6180 1
Aweme!0x3ed3304 1
Aweme!0x3e872f4 2
Aweme!0x3ed32a8 3
Aweme!0x3ea0f90 1
Aweme!0x3e870c8 2
Aweme!0x3e51fa4 3
Aweme!0x3e70c60 1
Aweme!0x3ee4520 2
Aweme!0x3eda3c8 3
Aweme!0x3eda028 1
Aweme!0x3ea8d04 7
Aweme!0x3ed0784 2
Aweme!0x3e5e93c 2
Aweme!0x3e712e8 2
Aweme!0x3ea7e84 1
Aweme!0x3e62ff0 1
Aweme!0x3eac8d8 1
Aweme!0x3e618bc 2
Aweme!0x3e7128c 6
Aweme!0x775e39c 8
Aweme!0x3e86de4 1
Aweme!0x3e70d1c 2
Aweme!0x3e71400 1
Aweme!0x775b534 2
Aweme!0x3e71060 1
Aweme!0x3ecaa58 14
Aweme!0x3e70920 1
Aweme!0x3e713a4 1
Aweme!0x3ed9eb8 10
Aweme!0x3ecb9f0 2
Aweme!0x3e67b00 2
Aweme!0x3ea12d8 1
Aweme!0x775e7f8 1
Aweme!0x3e5a62c 1
Aweme!0x3eca9a0 2
Aweme!0x3e58b58 268
Aweme!0x3e5c5b8 1
Aweme!0x3e93da8 2
Aweme!0x3e70d7c 2
Aweme!0x3e7111c 3
Aweme!0x3e520c0 8
Aweme!0x3e90dcc 3
Aweme!0x3e70980 29
Aweme!0x3ea0570 1
Aweme!0x3eda5fc 1
Aweme!0x3e70af4 28
Aweme!0x3e8c7d4 3
Aweme!0x3e4e71c 4
Aweme!0x3ecfd64 1
Aweme!0x3eca9a4 4
Aweme!0x3eca604 3
Aweme!0x3ed31f8 4
Aweme!0x3ed3028 818
Aweme!0x3ee49e0 7
Aweme!0x3ea8d0c 493
Aweme!0x3ed0ad0 1
Aweme!0x3ecb1fc 1
Aweme!0x3ecb02c 2
Aweme!0x3e71464 1
Aweme!0x3e71294 2
Aweme!0x3e86dec 1
Aweme!0x3e67bc0 2
Aweme!0x3ea8c54 6
Aweme!0x3e5c8a4 1
Aweme!0x3e87300 4
Aweme!0x3ea7a90 8
Aweme!0x775e348 11
Aweme!0x3ea0a88 1
Aweme!0x3ed32b4 2
Aweme!0x3e4e1b0 8
Aweme!0x3e5bd68 6
Aweme!0x3ea1680 3
Aweme!0x3e5c61c 2
Aweme!0x3ed319c 1
Aweme!0x3e716f0 7
Aweme!0x3e70c10 3
Aweme!0x3e84b20 1
Aweme!0x775e7a4 270
Aweme!0x3ede85c 3
Aweme!0x775cb00 1
Aweme!0x775e918 1
Aweme!0x3ea1228 1
Aweme!0x3ea61ec 21
Aweme!0x3e808c8 1
Aweme!0x3ed30e8 2
Aweme!0x3e6047c 1
Aweme!0x3e713b0 3
Aweme!0x3ed325c 5
Aweme!0x775e804 9
Aweme!0x3ecb260 9
Aweme!0x3e853d8 30
Aweme!0x3e712f8 1
Aweme!0x3e71698 10
Aweme!0x3e7bed4 1
Aweme!0x3e85208 9
Aweme!0x3e71128 1
Aweme!0x3ea61f0 2
Aweme!0x3e7129c 1
Aweme!0x3e86df4 9
Aweme!0x3ea2ad4 2
Aweme!0x3e70b5c 22
Aweme!0x3e71240 3
Aweme!0x3e4e728 2
Aweme!0x3e51534 7
Aweme!0x3ed9ec8 7
Aweme!0x3e70c74 1
Aweme!0x3ea1858 37
Aweme!0x3ecf460 1
Aweme!0x3ecc428 4
Aweme!0x3edb1a4 1
Aweme!0x3e83398 1
Aweme!0x3e70d30 1
Aweme!0x3ed9d58 5
Aweme!0x3e5cbf4 1
Aweme!0x3e872b0 10
Aweme!0x3e711e8 1
Aweme!0x3ea8ba8 55
Aweme!0x3eda3e0 4
Aweme!0x3ed3264 257
Aweme!0x3ec92dc 1
Aweme!0x3e8a230 1
Aweme!0x3e87254 7
Aweme!0x3ea8d1c 1
Aweme!0x3e617bc 1
Aweme!0x3ea1630 2
Aweme!0x3e7118c 2
Aweme!0x3ed005c 16
Aweme!0x3e71300 2
Aweme!0x3ea8cc0 3
Aweme!0x3ea81e0 1
Aweme!0x3e86fcc 4
Aweme!0x775e3b4 2
Aweme!0x3ed3150 41
Aweme!0x3e87d94 2
Aweme!0x3eca8a0 1
Aweme!0x3edb264 1
Aweme!0x3ed32c4 2
Aweme!0x3e8a290 1
Aweme!0x3e713bc 1
Aweme!0x3e4e730 2
Aweme!0x3ecaa14 6
Aweme!0x3e67948 1
Aweme!0x3ee1390 1
Aweme!0x3e7019c 1
Aweme!0x3e52134 5
Aweme!0x3e70140 1
Aweme!0x3e70d94 1
Aweme!0x3e58b14 268
Aweme!0x3e67890 4
Aweme!0x3ed31b0 1
Aweme!0x3e7141c 1
Aweme!0x3e7124c 5
Aweme!0x3e86f74 1
Aweme!0x3e84dbc 1
Aweme!0x3ea8bb0 69
Aweme!0x3e4de24 17
Aweme!0x3e8c790 3
Aweme!0x3edb20c 2
Aweme!0x3e708e0 1
Aweme!0x3e70fc4 5
Aweme!0x3eaf760 1
Aweme!0x3e88764 1
Aweme!0x3e87200 1
Aweme!0x775e078 10
Aweme!0x3ea197c 28
Aweme!0x3e868f0 5
Aweme!0x3ea1b4c 1
Aweme!0x3ecd59c 2
Aweme!0x3e86fd4 4
Aweme!0x3e52080 14
Aweme!0x3ead4f0 1
Aweme!0x3e71080 2
Aweme!0x3ecaa78 1
Aweme!0x3ea1a94 1
Aweme!0x3e70b10 14
Aweme!0x3ed4bd0 1
Aweme!0x3eda21c 2
Aweme!0x3ed7070 2
Aweme!0x3e71368 2
Aweme!0x3ed9e7c 8
Aweme!0x3e90e48 1
Aweme!0x3ea7994 4
Aweme!0x3ecb2d0 57
Aweme!0x3e4e4b0 1
Aweme!0x3e520e0 14
Aweme!0x3eb1c60 1
Aweme!0x3e70bcc 1
Aweme!0x775c5a8 8
Aweme!0x3ecaca8 1
Aweme!0x3ed332c 4
Aweme!0x3ea03c0 1
Aweme!0x3e5c520 2
Aweme!0x3edad5c 2
Aweme!0x3e8a128 1
Aweme!0x3ee7920 4
Aweme!0x3ec9348 2
Aweme!0x3ed72a0 1
Aweme!0x3ea1188 1
Aweme!0x3e71028 1
Aweme!0x3e5d118 1
Aweme!0x3ea169c 2
Aweme!0x3e926f4 1
Aweme!0x3ecb278 1
Aweme!0x3e67728 3
Aweme!0x3e70f70 3
Aweme!0x3e92868 1
Aweme!0x3e86fdc 1
Aweme!0x3ea1928 1
Aweme!0x3e71428 1
Aweme!0x3e71088 1
Aweme!0x3e90f08 1
Aweme!0x3ed69f0 1
Aweme!0x3eca340 7
Aweme!0x3e4e740 4
Aweme!0x3ecb164 1
Aweme!0x3e711fc 1
Aweme!0x775d148 28
Aweme!0x3ecc328 2
Aweme!0x3ed063c 2
Aweme!0x3e8a244 1
Aweme!0x3e70fd0 5
Aweme!0x3ecb9bc 3
Aweme!0x3ecc270 2
Aweme!0x3e61204 2
Aweme!0x3ea8cd4 3
Aweme!0x775e084 6
Aweme!0x3e4dd78 2
Aweme!0x3ecbd00 6
Aweme!0x3e71488 1
Aweme!0x3e5208c 5
Aweme!0x3e70d48 2
Aweme!0x3e5cc68 2
Aweme!0x3ecb1c4 1
Aweme!0x3e624e0 2
Aweme!0x3e57394 1
Aweme!0x3ea03c8 9
Aweme!0x3ea1c70 1
Aweme!0x3ea7c28 5
Aweme!0x3eda3f8 3
Aweme!0x3e70550 3
Aweme!0x3e71374 2
On receive  16384
Error happenError: unable to find module containing 0x122c8825c
Error happenError: unable to find module containing 0x122c0a984
Error happenError: unable to find module containing 0x122c0a994
call: Aweme!0x3ecb52c Aweme!0x775e390@DYLD-STUB$$objc_retain
call: Foundation!0x715c libobjc.A.dylib!0x47e8@object_getClass
call: Foundation!0x71cc CoreFoundation!0xaae2c@_CFNonObjCRetain
call: Aweme!0x3ecb538 Aweme!0x775e390@DYLD-STUB$$objc_retain
call: Aweme!0x3ecb554 Aweme!0x775e348@DYLD-STUB$$objc_msgSend
call: Foundation!0x40150 libobjc.A.dylib!0x2080@objc_msgSend
call: Foundation!0x732c libobjc.A.dylib!0x47e8@object_getClass
call: Foundation!0x40180 CoreFoundation!0xf2138@CFURLCopyAbsoluteURL
call: CoreFoundation!0xf2164 CoreFoundation!0xabff8@CFGetAllocator
call: CoreFoundation!0xf2234 CoreFoundation!0x2af0@CFRetain
call: Foundation!0x4018c CoreFoundation!0xf1b04@CFURLGetString
call: Foundation!0x40190 libobjc.A.dylib!0x20010@objc_retain
call: CoreFoundation!0x6bec CoreFoundation!0xaae2c@_CFNonObjCRetain
call: Foundation!0x40194 libobjc.A.dylib!0x20080@objc_autorelease
call: Foundation!0x401a0 CoreFoundation!0x2694@CFRelease
call: Aweme!0x3ecb558 Aweme!0x3ecb9c4@0x3ecb9c4
call: CoreFoundation!0x6bec CoreFoundation!0xaae2c@_CFNonObjCRetain
call: Aweme!0x3ecb570 Aweme!0x775e348@DYLD-STUB$$objc_msgSend
call: Aweme!0x3ecb58c Aweme!0x3ecb9dc@0x3ecb9dc
call: libc++abi.dylib!0xee0 libc++abi.dylib!0x10e54@DYLD-STUB$$malloc
call: libsystem_malloc.dylib!0x10160 libsystem_malloc.dylib!0xf6b8@malloc_zone_malloc
call: libsystem_malloc.dylib!0xf750 libsystem_malloc.dylib!0x11d64@default_zone_malloc
call: libsystem_malloc.dylib!0xecc libsystem_malloc.dylib!0xf20@nanov2_allocate$VARIANT$mp
call: libsystem_malloc.dylib!0xf98 libsystem_malloc.dylib!0x1b18@nanov2_allocate_from_block$VARIANT$mp
call: Aweme!0x3ecb598 Aweme!0x775e39c@DYLD-STUB$$objc_retainAutorelease
call: libobjc.A.dylib!0x218c4 libobjc.A.dylib!0x20010@objc_retain
call: CoreFoundation!0x6bec CoreFoundation!0xaae2c@_CFNonObjCRetain
call: Aweme!0x3ecb5a4 Aweme!0x3ecb9e4@0x3ecb9e4
call: CoreFoundation!0x6980 CoreFoundation!0xc7c40@__CFStringMtbl
call: CoreFoundation!0x69b4 CoreFoundation!0xcf3e4@CFStringGetCStringPtr
call: Aweme!0x3ecb5b0 Aweme!0x3eca930@0x3eca930
call: Aweme!0x3eca8d4 Aweme!0x3ecb180@0x3ecb180
call: Aweme!0x3eca8e8 Aweme!0x775dfd0@DYLD-STUB$$malloc
call: libsystem_malloc.dylib!0x10160 libsystem_malloc.dylib!0xf6b8@malloc_zone_malloc
call: libsystem_malloc.dylib!0xf750 libsystem_malloc.dylib!0x11d64@default_zone_malloc
call: libsystem_malloc.dylib!0x6224 libsystem_malloc.dylib!0x17638@tiny_malloc_should_clear
call: libsystem_malloc.dylib!0x176d0 libsystem_platform.dylib!0x8cf8@DYLD-STUB$$os_unfair_lock_lock_with_options
call: libsystem_malloc.dylib!0x17714 libsystem_malloc.dylib!0x1902c@tiny_malloc_from_free_list
call: libsystem_malloc.dylib!0x19270 libsystem_malloc.dylib!0x17ca8@set_tiny_meta_header_in_use
call: libsystem_malloc.dylib!0x17a4c libsystem_platform.dylib!0x8d1c@DYLD-STUB$$os_unfair_lock_unlock
call: Aweme!0x3eca8f4 Aweme!0x3ecb2a0@0x3ecb2a0
call: Aweme!0x3ecb5bc Aweme!0x3eca340@0x3eca340
call: Aweme!0x3eca35c Aweme!0x3e58b14@0x3e58b14
call: Aweme!0x3e58af4 Aweme!0x3e58a74@0x3e58a74
call: Aweme!0x3e58afc Aweme!0x775e78c@DYLD-STUB$$pthread_mutex_lock
call: Aweme!0x3eca368 Aweme!0x775c5d8@DYLD-STUB$$operator new(unsigned long)
call: libc++abi.dylib!0xee0 libc++abi.dylib!0x10e54@DYLD-STUB$$malloc
call: libsystem_malloc.dylib!0x10160 libsystem_malloc.dylib!0xf6b8@malloc_zone_malloc
call: libsystem_malloc.dylib!0xf750 libsystem_malloc.dylib!0x11d64@default_zone_malloc
call: libsystem_malloc.dylib!0xecc libsystem_malloc.dylib!0xf20@nanov2_allocate$VARIANT$mp
call: libsystem_malloc.dylib!0xf98 libsystem_malloc.dylib!0x1b18@nanov2_allocate_from_block$VARIANT$mp
call: Aweme!0x3eca37c Aweme!0x3e58b58@0x3e58b58
call: Aweme!0x3e58b3c Aweme!0x3e58a74@0x3e58a74
call: Aweme!0x3e58b44 Aweme!0x775e7a4@DYLD-STUB$$pthread_mutex_unlock
call: Aweme!0x3ecb5c4 Aweme!0x3e86ba0@0x3e86ba0
call: Aweme!0x3e86bb0 Aweme!0x3e87334@0x3e87334
call: libc++abi.dylib!0xee0 libc++abi.dylib!0x10e54@DYLD-STUB$$malloc
call: libsystem_malloc.dylib!0x10160 libsystem_malloc.dylib!0xf6b8@malloc_zone_malloc
call: libsystem_malloc.dylib!0xf750 libsystem_malloc.dylib!0x11d64@default_zone_malloc
call: libsystem_malloc.dylib!0xecc libsystem_malloc.dylib!0xf20@nanov2_allocate$VARIANT$mp
call: libsystem_malloc.dylib!0xf98 libsystem_malloc.dylib!0x1b18@nanov2_allocate_from_block$VARIANT$mp
call: libsystem_malloc.dylib!0xff4 libsystem_platform.dylib!0x8cf8@DYLD-STUB$$os_unfair_lock_lock_with_options
call: libsystem_malloc.dylib!0x1008 libsystem_malloc.dylib!0x1b18@nanov2_allocate_from_block$VARIANT$mp
call: libsystem_malloc.dylib!0x1030 libsystem_malloc.dylib!0x1d18@nanov2_find_block_and_allocate$VARIANT$mp
call: libsystem_malloc.dylib!0x21a8 libsystem_malloc.dylib!0x1b18@nanov2_allocate_from_block$VARIANT$mp
call: libsystem_malloc.dylib!0x103c libsystem_platform.dylib!0x8d1c@DYLD-STUB$$os_unfair_lock_unlock
call: Aweme!0x3e86bd8 Aweme!0x3e868f0@0x3e868f0
call: Aweme!0x3e86908 Aweme!0x3e87254@0x3e87254
call: Aweme!0x3e8690c Aweme!0x3ed9d58@0x3ed9d58
call: Aweme!0x3ed9d74 Aweme!0x3ea61ec@0x3ea61ec
call: libsystem_malloc.dylib!0x10160 libsystem_malloc.dylib!0xf6b8@malloc_zone_malloc
call: libsystem_malloc.dylib!0xf750 libsystem_malloc.dylib!0x11d64@default_zone_malloc
call: libsystem_malloc.dylib!0xecc libsystem_malloc.dylib!0xf20@nanov2_allocate$VARIANT$mp
call: libsystem_malloc.dylib!0xf98 libsystem_malloc.dylib!0x1b18@nanov2_allocate_from_block$VARIANT$mp
call: libsystem_malloc.dylib!0xff4 libsystem_platform.dylib!0x8cf8@DYLD-STUB$$os_unfair_lock_lock_with_options
call: libsystem_malloc.dylib!0x1008 libsystem_malloc.dylib!0x1b18@nanov2_allocate_from_block$VARIANT$mp
call: libsystem_malloc.dylib!0x1030 libsystem_malloc.dylib!0x1d18@nanov2_find_block_and_allocate$VARIANT$mp
call: libsystem_malloc.dylib!0x21a8 libsystem_malloc.dylib!0x1b18@nanov2_allocate_from_block$VARIANT$mp
call: libsystem_malloc.dylib!0x103c libsystem_platform.dylib!0x8d1c@DYLD-STUB$$os_unfair_lock_unlock
call: Aweme!0x3ed9d80 Aweme!0x3e516d4@0x3e516d4
call: Aweme!0x3e516e0 Aweme!0x3e520e0@0x3e520e0
call: Aweme!0x3e516e4 Aweme!0x3e51ed8@0x3e51ed8
call: Aweme!0x3e51ee4 Aweme!0x3ea61ec@0x3ea61ec
call: libsystem_malloc.dylib!0x10160 libsystem_malloc.dylib!0xf6b8@malloc_zone_malloc
call: libsystem_malloc.dylib!0xf750 libsystem_malloc.dylib!0x11d64@default_zone_malloc
call: libsystem_malloc.dylib!0xecc libsystem_malloc.dylib!0xf20@nanov2_allocate$VARIANT$mp
call: libsystem_malloc.dylib!0xf98 libsystem_malloc.dylib!0x1b18@nanov2_allocate_from_block$VARIANT$mp
call: libsystem_malloc.dylib!0xff4 libsystem_platform.dylib!0x8cf8@DYLD-STUB$$os_unfair_lock_lock_with_options
call: libsystem_malloc.dylib!0x1008 libsystem_malloc.dylib!0x1b18@nanov2_allocate_from_block$VARIANT$mp
call: libsystem_malloc.dylib!0x1030 libsystem_malloc.dylib!0x1d18@nanov2_find_block_and_allocate$VARIANT$mp
call: libsystem_malloc.dylib!0x21a8 libsystem_malloc.dylib!0x1b18@nanov2_allocate_from_block$VARIANT$mp
call: libsystem_malloc.dylib!0x103c libsystem_platform.dylib!0x8d1c@DYLD-STUB$$os_unfair_lock_unlock
call: Aweme!0x3ed9d84 Aweme!0x3e523f0@0x3e523f0
call: Aweme!0x3e86bdc Aweme!0x3e872dc@0x3e872dc
call: Aweme!0x3e808e4 Aweme!0x3e58b14@0x3e58b14
call: Aweme!0x3e58af4 Aweme!0x3e58a74@0x3e58a74
call: Aweme!0x3e58afc Aweme!0x775e78c@DYLD-STUB$$pthread_mutex_lock
call: Aweme!0x3e808f0 Aweme!0x775c5d8@DYLD-STUB$$operator new(unsigned long)
call: libc++abi.dylib!0xee0 libc++abi.dylib!0x10e54@DYLD-STUB$$malloc
call: libsystem_malloc.dylib!0x10160 libsystem_malloc.dylib!0xf6b8@malloc_zone_malloc
call: libsystem_malloc.dylib!0xf750 libsystem_malloc.dylib!0x11d64@default_zone_malloc
call: libsystem_malloc.dylib!0xecc libsystem_malloc.dylib!0xf20@nanov2_allocate$VARIANT$mp
call: libsystem_malloc.dylib!0xf98 libsystem_malloc.dylib!0x1b18@nanov2_allocate_from_block$VARIANT$mp
call: Aweme!0x3e80904 Aweme!0x3e58b58@0x3e58b58
call: Aweme!0x3e58b3c Aweme!0x3e58a74@0x3e58a74
call: Aweme!0x3e58b44 Aweme!0x775e7a4@DYLD-STUB$$pthread_mutex_unlock
call: Aweme!0x3ecb5e8 Aweme!0x775e390@DYLD-STUB$$objc_retain
call: Aweme!0x3ecb608 Aweme!0x775e348@DYLD-STUB$$objc_msgSend
call: Aweme!0x3ecb64c Aweme!0x3e5bd68@0x3e5bd68
call: Aweme!0x3e5bd80 Aweme!0x3e58b14@0x3e58b14
call: Aweme!0x3e58af4 Aweme!0x3e58a74@0x3e58a74
call: Aweme!0x3e58afc Aweme!0x775e78c@DYLD-STUB$$pthread_mutex_lock
call: Aweme!0x3e5bd8c Aweme!0x3e58b58@0x3e58b58
call: Aweme!0x3e58b3c Aweme!0x3e58a74@0x3e58a74
call: Aweme!0x3e58b44 Aweme!0x775e7a4@DYLD-STUB$$pthread_mutex_unlock
call: Aweme!0x3ecb654 Aweme!0x3ecb9dc@0x3ecb9dc
call: libc++abi.dylib!0xee0 libc++abi.dylib!0x10e54@DYLD-STUB$$malloc
call: libsystem_malloc.dylib!0x10160 libsystem_malloc.dylib!0xf6b8@malloc_zone_malloc
call: libsystem_malloc.dylib!0xf750 libsystem_malloc.dylib!0x11d64@default_zone_malloc
call: libsystem_malloc.dylib!0xecc libsystem_malloc.dylib!0xf20@nanov2_allocate$VARIANT$mp
call: libsystem_malloc.dylib!0xf98 libsystem_malloc.dylib!0x1b18@nanov2_allocate_from_block$VARIANT$mp
call: Aweme!0x3ecb660 Aweme!0x775e39c@DYLD-STUB$$objc_retainAutorelease
call: libobjc.A.dylib!0x218c4 libobjc.A.dylib!0x20010@objc_retain
call: CoreFoundation!0x6bec CoreFoundation!0xaae2c@_CFNonObjCRetain
call: Aweme!0x3ecb668 Aweme!0x3ecb9e4@0x3ecb9e4
call: CoreFoundation!0x6980 CoreFoundation!0xc7c40@__CFStringMtbl
call: CoreFoundation!0x69b4 CoreFoundation!0xcf3e4@CFStringGetCStringPtr
call: Aweme!0x3ecb674 Aweme!0x3eca930@0x3eca930
call: Aweme!0x3eca8d4 Aweme!0x3ecb180@0x3ecb180
call: Aweme!0x3eca8e8 Aweme!0x775dfd0@DYLD-STUB$$malloc
call: libsystem_malloc.dylib!0x10160 libsystem_malloc.dylib!0xf6b8@malloc_zone_malloc
call: libsystem_malloc.dylib!0xf750 libsystem_malloc.dylib!0x11d64@default_zone_malloc
call: libsystem_malloc.dylib!0xecc libsystem_malloc.dylib!0xf20@nanov2_allocate$VARIANT$mp
call: libsystem_malloc.dylib!0xf98 libsystem_malloc.dylib!0x1b18@nanov2_allocate_from_block$VARIANT$mp
call: Aweme!0x3eca8f4 Aweme!0x3ecb2a0@0x3ecb2a0
call: Aweme!0x3ecb678 Aweme!0x3ecb9dc@0x3ecb9dc
call: libc++abi.dylib!0xee0 libc++abi.dylib!0x10e54@DYLD-STUB$$malloc
call: libsystem_malloc.dylib!0x10160 libsystem_malloc.dylib!0xf6b8@malloc_zone_malloc
call: libsystem_malloc.dylib!0xf750 libsystem_malloc.dylib!0x11d64@default_zone_malloc
call: libsystem_malloc.dylib!0xecc libsystem_malloc.dylib!0xf20@nanov2_allocate$VARIANT$mp
call: libsystem_malloc.dylib!0xf98 libsystem_malloc.dylib!0x1b18@nanov2_allocate_from_block$VARIANT$mp
call: Aweme!0x3ecb68c Aweme!0x775e348@DYLD-STUB$$objc_msgSend
call: CoreFoundation!0x463c libobjc.A.dylib!0x2080@objc_msgSend
call: CoreFoundation!0x4680 libobjc.A.dylib!0x2080@objc_msgSend
call: CoreFoundation!0x4228 CoreFoundation!0x2b6c@_CFStringEqual
call: CoreFoundation!0x4680 libobjc.A.dylib!0x2080@objc_msgSend
call: CoreFoundation!0x4228 CoreFoundation!0x2b6c@_CFStringEqual
call: Aweme!0x3ecb690 Aweme!0x3ecb9c4@0x3ecb9c4
call: CoreFoundation!0x6bec CoreFoundation!0xaae2c@_CFNonObjCRetain
call: Aweme!0x3ecb694 Aweme!0x775e39c@DYLD-STUB$$objc_retainAutorelease
call: libobjc.A.dylib!0x218c4 libobjc.A.dylib!0x20010@objc_retain
call: CoreFoundation!0x6bec CoreFoundation!0xaae2c@_CFNonObjCRetain
call: Aweme!0x3ecb69c Aweme!0x3ecb9e4@0x3ecb9e4
call: CoreFoundation!0x6980 CoreFoundation!0xc7c40@__CFStringMtbl
call: CoreFoundation!0x69b4 CoreFoundation!0xcf3e4@CFStringGetCStringPtr
call: Aweme!0x3ecb6a8 Aweme!0x3eca930@0x3eca930
call: Aweme!0x3eca8d4 Aweme!0x3ecb180@0x3ecb180
call: Aweme!0x3eca8e8 Aweme!0x775dfd0@DYLD-STUB$$malloc
call: libsystem_malloc.dylib!0x10160 libsystem_malloc.dylib!0xf6b8@malloc_zone_malloc
call: libsystem_malloc.dylib!0xf750 libsystem_malloc.dylib!0x11d64@default_zone_malloc
call: libsystem_malloc.dylib!0x6224 libsystem_malloc.dylib!0x17638@tiny_malloc_should_clear
call: libsystem_malloc.dylib!0x176d0 libsystem_platform.dylib!0x8cf8@DYLD-STUB$$os_unfair_lock_lock_with_options
call: libsystem_malloc.dylib!0x17714 libsystem_malloc.dylib!0x1902c@tiny_malloc_from_free_list
call: libsystem_malloc.dylib!0x19688 libsystem_malloc.dylib!0x15fc8@tiny_free_list_add_ptr
call: libsystem_malloc.dylib!0x19270 libsystem_malloc.dylib!0x17ca8@set_tiny_meta_header_in_use
call: libsystem_malloc.dylib!0x17a4c libsystem_platform.dylib!0x8d1c@DYLD-STUB$$os_unfair_lock_unlock
call: Aweme!0x3eca8f4 Aweme!0x3ecb2a0@0x3ecb2a0
call: Aweme!0x3ecb6b8 Aweme!0x3e86920@0x3e86920
call: Aweme!0x3e8694c Aweme!0x3ed9ea8@0x3ed9ea8
call: Aweme!0x3e51e10 Aweme!0x3e52080@0x3e52080
call: Aweme!0x3e8695c Aweme!0x3ed9ddc@0x3ed9ddc
call: Aweme!0x3e86970 Aweme!0x3e51f88@0x3e51f88
call: Aweme!0x3e86980 Aweme!0x3e868c8@0x3e868c8
call: Aweme!0x3e868e0 Aweme!0x775c5d8@DYLD-STUB$$operator new(unsigned long)
call: libc++abi.dylib!0xee0 libc++abi.dylib!0x10e54@DYLD-STUB$$malloc
call: libsystem_malloc.dylib!0x10160 libsystem_malloc.dylib!0xf6b8@malloc_zone_malloc
call: libsystem_malloc.dylib!0xf750 libsystem_malloc.dylib!0x11d64@default_zone_malloc
call: libsystem_malloc.dylib!0xecc libsystem_malloc.dylib!0xf20@nanov2_allocate$VARIANT$mp
call: libsystem_malloc.dylib!0xf98 libsystem_malloc.dylib!0x1b18@nanov2_allocate_from_block$VARIANT$mp
call: Aweme!0x3e86990 Aweme!0x3ed9e90@0x3ed9e90
call: Aweme!0x3e51884 Aweme!0x3e52080@0x3e52080
call: Aweme!0x3e518e8 Aweme!0x3e51918@0x3e51918
call: Aweme!0x3e519a0 Aweme!0x3e51ed8@0x3e51ed8
call: Aweme!0x3e51ee4 Aweme!0x3ea61ec@0x3ea61ec
call: libsystem_malloc.dylib!0x10160 libsystem_malloc.dylib!0xf6b8@malloc_zone_malloc
call: libsystem_malloc.dylib!0xf750 libsystem_malloc.dylib!0x11d64@default_zone_malloc
call: libsystem_malloc.dylib!0xecc libsystem_malloc.dylib!0xf20@nanov2_allocate$VARIANT$mp
call: libsystem_malloc.dylib!0xf98 libsystem_malloc.dylib!0x1b18@nanov2_allocate_from_block$VARIANT$mp
call: libsystem_malloc.dylib!0xff4 libsystem_platform.dylib!0x8cf8@DYLD-STUB$$os_unfair_lock_lock_with_options
call: libsystem_malloc.dylib!0x1008 libsystem_malloc.dylib!0x1b18@nanov2_allocate_from_block$VARIANT$mp
call: libsystem_malloc.dylib!0x1030 libsystem_malloc.dylib!0x1d18@nanov2_find_block_and_allocate$VARIANT$mp
call: libsystem_malloc.dylib!0x21a8 libsystem_malloc.dylib!0x1b18@nanov2_allocate_from_block$VARIANT$mp
call: libsystem_malloc.dylib!0x103c libsystem_platform.dylib!0x8d1c@DYLD-STUB$$os_unfair_lock_unlock
call: Aweme!0x3e519f0 Aweme!0x3e51534@0x3e51534
call: Aweme!0x3e51544 Aweme!0x3e520e0@0x3e520e0
call: Aweme!0x3e518f4 Aweme!0x3e716f0@0x3e716f0
call: Aweme!0x3ecb6bc Aweme!0x3ecb9bc@0x3ecb9bc
call: Aweme!0x3ecb64c Aweme!0x3e5bd68@0x3e5bd68
call: Aweme!0x3e5bd80 Aweme!0x3e58b14@0x3e58b14
call: Aweme!0x3e58af4 Aweme!0x3e58a74@0x3e58a74
call: Aweme!0x3e58afc Aweme!0x775e78c@DYLD-STUB$$pthread_mutex_lock
call: Aweme!0x3e5bd8c Aweme!0x3e58b58@0x3e58b58
call: Aweme!0x3e58b3c Aweme!0x3e58a74@0x3e58a74
call: Aweme!0x3e58b44 Aweme!0x775e7a4@DYLD-STUB$$pthread_mutex_unlock
call: Aweme!0x3ecb654 Aweme!0x3ecb9dc@0x3ecb9dc
call: libc++abi.dylib!0xee0 libc++abi.dylib!0x10e54@DYLD-STUB$$malloc
call: libsystem_malloc.dylib!0x10160 libsystem_malloc.dylib!0xf6b8@malloc_zone_malloc
call: libsystem_malloc.dylib!0xf750 libsystem_malloc.dylib!0x11d64@default_zone_malloc
call: libsystem_malloc.dylib!0xecc libsystem_malloc.dylib!0xf20@nanov2_allocate$VARIANT$mp
call: libsystem_malloc.dylib!0xf98 libsystem_malloc.dylib!0x1b18@nanov2_allocate_from_block$VARIANT$mp
call: Aweme!0x3ecb660 Aweme!0x775e39c@DYLD-STUB$$objc_retainAutorelease
call: libobjc.A.dylib!0x218c4 libobjc.A.dylib!0x20010@objc_retain
call: CoreFoundation!0x6bec CoreFoundation!0xaae2c@_CFNonObjCRetain
call: Aweme!0x3ecb668 Aweme!0x3ecb9e4@0x3ecb9e4
call: CoreFoundation!0x6980 CoreFoundation!0xc7c40@__CFStringMtbl
call: CoreFoundation!0x69b4 CoreFoundation!0xcf3e4@CFStringGetCStringPtr
call: Aweme!0x3ecb674 Aweme!0x3eca930@0x3eca930
call: Aweme!0x3eca8d4 Aweme!0x3ecb180@0x3ecb180
call: Aweme!0x3eca8e8 Aweme!0x775dfd0@DYLD-STUB$$malloc
call: libsystem_malloc.dylib!0x10160 libsystem_malloc.dylib!0xf6b8@malloc_zone_malloc
call: libsystem_malloc.dylib!0xf750 libsystem_malloc.dylib!0x11d64@default_zone_malloc
call: libsystem_malloc.dylib!0xecc libsystem_malloc.dylib!0xf20@nanov2_allocate$VARIANT$mp
call: libsystem_malloc.dylib!0xf98 libsystem_malloc.dylib!0x1b18@nanov2_allocate_from_block$VARIANT$mp
call: Aweme!0x3eca8f4 Aweme!0x3ecb2a0@0x3ecb2a0
call: Aweme!0x3ecb678 Aweme!0x3ecb9dc@0x3ecb9dc
call: libc++abi.dylib!0xee0 libc++abi.dylib!0x10e54@DYLD-STUB$$malloc
call: libsystem_malloc.dylib!0x10160 libsystem_malloc.dylib!0xf6b8@malloc_zone_malloc
call: libsystem_malloc.dylib!0xf750 libsystem_malloc.dylib!0x11d64@default_zone_malloc
call: libsystem_malloc.dylib!0xecc libsystem_malloc.dylib!0xf20@nanov2_allocate$VARIANT$mp
call: libsystem_malloc.dylib!0xf98 libsystem_malloc.dylib!0x1b18@nanov2_allocate_from_block$VARIANT$mp
call: Aweme!0x3ecb68c Aweme!0x775e348@DYLD-STUB$$objc_msgSend
call: CoreFoundation!0x463c libobjc.A.dylib!0x2080@objc_msgSend
call: Aweme!0x3ecb690 Aweme!0x3ecb9c4@0x3ecb9c4
call: CoreFoundation!0x6bec CoreFoundation!0xaae2c@_CFNonObjCRetain
call: Aweme!0x3ecb694 Aweme!0x775e39c@DYLD-STUB$$objc_retainAutorelease
call: libobjc.A.dylib!0x218c4 libobjc.A.dylib!0x20010@objc_retain
call: CoreFoundation!0x6bec CoreFoundation!0xaae2c@_CFNonObjCRetain
call: Aweme!0x3ecb69c Aweme!0x3ecb9e4@0x3ecb9e4
call: CoreFoundation!0x6980 CoreFoundation!0xc7c40@__CFStringMtbl
call: CoreFoundation!0x69b4 CoreFoundation!0xcf3e4@CFStringGetCStringPtr
call: Aweme!0x3ecb6a8 Aweme!0x3eca930@0x3eca930
call: Aweme!0x3eca8d4 Aweme!0x3ecb180@0x3ecb180
call: Aweme!0x3eca8e8 Aweme!0x775dfd0@DYLD-STUB$$malloc
call: libsystem_malloc.dylib!0x10160 libsystem_malloc.dylib!0xf6b8@malloc_zone_malloc
call: libsystem_malloc.dylib!0xf750 libsystem_malloc.dylib!0x11d64@default_zone_malloc
call: libsystem_malloc.dylib!0xecc libsystem_malloc.dylib!0xf20@nanov2_allocate$VARIANT$mp
call: libsystem_malloc.dylib!0xf98 libsystem_malloc.dylib!0x1b18@nanov2_allocate_from_block$VARIANT$mp
call: Aweme!0x3eca8f4 Aweme!0x3ecb2a0@0x3ecb2a0
call: Aweme!0x3ecb6b8 Aweme!0x3e86920@0x3e86920
call: Aweme!0x3e8694c Aweme!0x3ed9ea8@0x3ed9ea8
call: Aweme!0x3e51de4 Aweme!0x3e5208c@0x3e5208c
call: Aweme!0x3e51dec Aweme!0x3e57ef4@0x3e57ef4
call: Aweme!0x3e51e10 Aweme!0x3e52080@0x3e52080
call: Aweme!0x3e8695c Aweme!0x3ed9ddc@0x3ed9ddc
call: Aweme!0x3e86970 Aweme!0x3e51f88@0x3e51f88
call: Aweme!0x3e86980 Aweme!0x3e868c8@0x3e868c8
call: Aweme!0x3e868e0 Aweme!0x775c5d8@DYLD-STUB$$operator new(unsigned long)
call: libc++abi.dylib!0xee0 libc++abi.dylib!0x10e54@DYLD-STUB$$malloc
call: libsystem_malloc.dylib!0x10160 libsystem_malloc.dylib!0xf6b8@malloc_zone_malloc
call: libsystem_malloc.dylib!0xf750 libsystem_malloc.dylib!0x11d64@default_zone_malloc
call: libsystem_malloc.dylib!0xecc libsystem_malloc.dylib!0xf20@nanov2_allocate$VARIANT$mp
call: libsystem_malloc.dylib!0xf98 libsystem_malloc.dylib!0x1b18@nanov2_allocate_from_block$VARIANT$mp
call: Aweme!0x3e86990 Aweme!0x3ed9e90@0x3ed9e90
call: Aweme!0x3e51828 Aweme!0x3e52134@0x3e52134
call: Aweme!0x3e51838 Aweme!0x3e5205c@0x3e5205c
call: Aweme!0x3e51844 Aweme!0x3e57ef4@0x3e57ef4
call: Aweme!0x3e518a8 Aweme!0x3e5205c@0x3e5205c
call: Aweme!0x3e518b4 Aweme!0x3e52134@0x3e52134
call: Aweme!0x3e518c0 Aweme!0x3e57ef4@0x3e57ef4
call: Aweme!0x3e518e8 Aweme!0x3e51918@0x3e51918
call: Aweme!0x3e5195c Aweme!0x3e523fc@0x3e523fc
call: Aweme!0x3e51970 Aweme!0x3e523fc@0x3e523fc
call: Aweme!0x3e51974 Aweme!0x3e52044@0x3e52044
call: Aweme!0x3e5197c Aweme!0x3e51ed8@0x3e51ed8
call: Aweme!0x3e51ee4 Aweme!0x3ea61ec@0x3ea61ec
call: libsystem_malloc.dylib!0x10160 libsystem_malloc.dylib!0xf6b8@malloc_zone_malloc
call: libsystem_malloc.dylib!0xf750 libsystem_malloc.dylib!0x11d64@default_zone_malloc
call: libsystem_malloc.dylib!0xecc libsystem_malloc.dylib!0xf20@nanov2_allocate$VARIANT$mp
call: libsystem_malloc.dylib!0xf98 libsystem_malloc.dylib!0x1b18@nanov2_allocate_from_block$VARIANT$mp
call: libsystem_malloc.dylib!0xff4 libsystem_platform.dylib!0x8cf8@DYLD-STUB$$os_unfair_lock_lock_with_options
call: libsystem_malloc.dylib!0x1008 libsystem_malloc.dylib!0x1b18@nanov2_allocate_from_block$VARIANT$mp
call: libsystem_malloc.dylib!0x1030 libsystem_malloc.dylib!0x1d18@nanov2_find_block_and_allocate$VARIANT$mp
call: libsystem_malloc.dylib!0x21a8 libsystem_malloc.dylib!0x1b18@nanov2_allocate_from_block$VARIANT$mp
call: libsystem_malloc.dylib!0x103c libsystem_platform.dylib!0x8d1c@DYLD-STUB$$os_unfair_lock_unlock
call: Aweme!0x3e519f0 Aweme!0x3e51534@0x3e51534
call: Aweme!0x3e51544 Aweme!0x3e520e0@0x3e520e0
call: Aweme!0x3e518f4 Aweme!0x3e716f0@0x3e716f0
call: Aweme!0x3ecb6bc Aweme!0x3ecb9bc@0x3ecb9bc
call: Aweme!0x3ecb64c Aweme!0x3e5bd68@0x3e5bd68
call: Aweme!0x3e5bd80 Aweme!0x3e58b14@0x3e58b14
call: Aweme!0x3e58af4 Aweme!0x3e58a74@0x3e58a74
call: Aweme!0x3e58afc Aweme!0x775e78c@DYLD-STUB$$pthread_mutex_lock
call: Aweme!0x3e5bd8c Aweme!0x3e58b58@0x3e58b58
call: Aweme!0x3e58b3c Aweme!0x3e58a74@0x3e58a74
call: Aweme!0x3e58b44 Aweme!0x775e7a4@DYLD-STUB$$pthread_mutex_unlock
call: Aweme!0x3ecb654 Aweme!0x3ecb9dc@0x3ecb9dc
call: libc++abi.dylib!0xee0 libc++abi.dylib!0x10e54@DYLD-STUB$$malloc
call: libsystem_malloc.dylib!0x10160 libsystem_malloc.dylib!0xf6b8@malloc_zone_malloc
call: libsystem_malloc.dylib!0xf750 libsystem_malloc.dylib!0x11d64@default_zone_malloc
call: libsystem_malloc.dylib!0xecc libsystem_malloc.dylib!0xf20@nanov2_allocate$VARIANT$mp
call: libsystem_malloc.dylib!0xf98 libsystem_malloc.dylib!0x1b18@nanov2_allocate_from_block$VARIANT$mp
call: Aweme!0x3ecb660 Aweme!0x775e39c@DYLD-STUB$$objc_retainAutorelease
call: libobjc.A.dylib!0x218c4 libobjc.A.dylib!0x20010@objc_retain
call: CoreFoundation!0x6bec CoreFoundation!0xaae2c@_CFNonObjCRetain
call: Aweme!0x3ecb668 Aweme!0x3ecb9e4@0x3ecb9e4
call: CoreFoundation!0x6980 CoreFoundation!0xc7c40@__CFStringMtbl
call: CoreFoundation!0x69b4 CoreFoundation!0xcf3e4@CFStringGetCStringPtr
call: Aweme!0x3ecb674 Aweme!0x3eca930@0x3eca930
call: Aweme!0x3eca8d4 Aweme!0x3ecb180@0x3ecb180
call: Aweme!0x3eca8e8 Aweme!0x775dfd0@DYLD-STUB$$malloc
call: libsystem_malloc.dylib!0x10160 libsystem_malloc.dylib!0xf6b8@malloc_zone_malloc
call: libsystem_malloc.dylib!0xf750 libsystem_malloc.dylib!0x11d64@default_zone_malloc
call: libsystem_malloc.dylib!0xecc libsystem_malloc.dylib!0xf20@nanov2_allocate$VARIANT$mp
call: libsystem_malloc.dylib!0xf98 libsystem_malloc.dylib!0x1b18@nanov2_allocate_from_block$VARIANT$mp
call: Aweme!0x3eca8f4 Aweme!0x3ecb2a0@0x3ecb2a0
call: Aweme!0x3ecb678 Aweme!0x3ecb9dc@0x3ecb9dc
call: libc++abi.dylib!0xee0 libc++abi.dylib!0x10e54@DYLD-STUB$$malloc
call: libsystem_malloc.dylib!0x10160 libsystem_malloc.dylib!0xf6b8@malloc_zone_malloc
call: libsystem_malloc.dylib!0xf750 libsystem_malloc.dylib!0x11d64@default_zone_malloc
call: libsystem_malloc.dylib!0xecc libsystem_malloc.dylib!0xf20@nanov2_allocate$VARIANT$mp
call: libsystem_malloc.dylib!0xf98 libsystem_malloc.dylib!0x1b18@nanov2_allocate_from_block$VARIANT$mp
call: Aweme!0x3ecb68c Aweme!0x775e348@DYLD-STUB$$objc_msgSend
call: CoreFoundation!0x463c libobjc.A.dylib!0x2080@objc_msgSend
call: Aweme!0x3ecb690 Aweme!0x3ecb9c4@0x3ecb9c4
call: CoreFoundation!0x6bec CoreFoundation!0xaae2c@_CFNonObjCRetain
call: Aweme!0x3ecb694 Aweme!0x775e39c@DYLD-STUB$$objc_retainAutorelease
call: libobjc.A.dylib!0x218c4 libobjc.A.dylib!0x20010@objc_retain
call: CoreFoundation!0x6bec CoreFoundation!0xaae2c@_CFNonObjCRetain
call: Aweme!0x3ecb69c Aweme!0x3ecb9e4@0x3ecb9e4
call: CoreFoundation!0x6980 CoreFoundation!0xc7c40@__CFStringMtbl
call: CoreFoundation!0x69b4 CoreFoundation!0xcf3e4@CFStringGetCStringPtr
call: Aweme!0x3ecb6a8 Aweme!0x3eca930@0x3eca930
call: Aweme!0x3eca8d4 Aweme!0x3ecb180@0x3ecb180
call: Aweme!0x3eca8e8 Aweme!0x775dfd0@DYLD-STUB$$malloc
call: libsystem_malloc.dylib!0x10160 libsystem_malloc.dylib!0xf6b8@malloc_zone_malloc
call: libsystem_malloc.dylib!0xf750 libsystem_malloc.dylib!0x11d64@default_zone_malloc
call: libsystem_malloc.dylib!0xecc libsystem_malloc.dylib!0xf20@nanov2_allocate$VARIANT$mp
call: libsystem_malloc.dylib!0xf98 libsystem_malloc.dylib!0x1b18@nanov2_allocate_from_block$VARIANT$mp
call: Aweme!0x3eca8f4 Aweme!0x3ecb2a0@0x3ecb2a0
call: Aweme!0x3ecb6b8 Aweme!0x3e86920@0x3e86920
call: Aweme!0x3e8694c Aweme!0x3ed9ea8@0x3ed9ea8
call: Aweme!0x3e51de4 Aweme!0x3e5208c@0x3e5208c
call: Aweme!0x3e51dec Aweme!0x3e57ef4@0x3e57ef4
call: Aweme!0x3e51e10 Aweme!0x3e52080@0x3e52080
call: Aweme!0x3e51e30 Aweme!0x3e523fc@0x3e523fc
call: Aweme!0x3e51e3c Aweme!0x3e57ef4@0x3e57ef4
call: Aweme!0x3e8695c Aweme!0x3ed9ddc@0x3ed9ddc
call: Aweme!0x3e86970 Aweme!0x3e51f88@0x3e51f88
call: Aweme!0x3e86980 Aweme!0x3e868c8@0x3e868c8
call: Aweme!0x3e868e0 Aweme!0x775c5d8@DYLD-STUB$$operator new(unsigned long)
call: libc++abi.dylib!0xee0 libc++abi.dylib!0x10e54@DYLD-STUB$$malloc
call: libsystem_malloc.dylib!0x10160 libsystem_malloc.dylib!0xf6b8@malloc_zone_malloc
call: libsystem_malloc.dylib!0xf750 libsystem_malloc.dylib!0x11d64@default_zone_malloc
call: libsystem_malloc.dylib!0xecc libsystem_malloc.dylib!0xf20@nanov2_allocate$VARIANT$mp
call: libsystem_malloc.dylib!0xf98 libsystem_malloc.dylib!0x1b18@nanov2_allocate_from_block$VARIANT$mp
call: Aweme!0x3e86990 Aweme!0x3ed9e90@0x3ed9e90
call: Aweme!0x3e51828 Aweme!0x3e52134@0x3e52134
call: Aweme!0x3e51838 Aweme!0x3e5205c@0x3e5205c
call: Aweme!0x3e51844 Aweme!0x3e57ef4@0x3e57ef4
call: Aweme!0x3e51884 Aweme!0x3e52080@0x3e52080
call: Aweme!0x3e518e8 Aweme!0x3e51918@0x3e51918
call: Aweme!0x3e5195c Aweme!0x3e523fc@0x3e523fc
call: Aweme!0x3e51970 Aweme!0x3e523fc@0x3e523fc
call: Aweme!0x3e51974 Aweme!0x3e52044@0x3e52044
call: Aweme!0x3e519a0 Aweme!0x3e51ed8@0x3e51ed8
call: Aweme!0x3e51ee4 Aweme!0x3ea61ec@0x3ea61ec
call: libsystem_malloc.dylib!0x10160 libsystem_malloc.dylib!0xf6b8@malloc_zone_malloc
call: libsystem_malloc.dylib!0xf750 libsystem_malloc.dylib!0x11d64@default_zone_malloc
call: libsystem_malloc.dylib!0xecc libsystem_malloc.dylib!0xf20@nanov2_allocate$VARIANT$mp
call: libsystem_malloc.dylib!0xf98 libsystem_malloc.dylib!0x1b18@nanov2_allocate_from_block$VARIANT$mp
call: libsystem_malloc.dylib!0xff4 libsystem_platform.dylib!0x8cf8@DYLD-STUB$$os_unfair_lock_lock_with_options
call: libsystem_malloc.dylib!0x1008 libsystem_malloc.dylib!0x1b18@nanov2_allocate_from_block$VARIANT$mp
call: libsystem_malloc.dylib!0x1030 libsystem_malloc.dylib!0x1d18@nanov2_find_block_and_allocate$VARIANT$mp
call: libsystem_malloc.dylib!0x21a8 libsystem_malloc.dylib!0x1b18@nanov2_allocate_from_block$VARIANT$mp
call: libsystem_malloc.dylib!0x103c libsystem_platform.dylib!0x8d1c@DYLD-STUB$$os_unfair_lock_unlock
call: Aweme!0x3e519f0 Aweme!0x3e51534@0x3e51534
call: Aweme!0x3e51544 Aweme!0x3e520e0@0x3e520e0
call: Aweme!0x3e518f4 Aweme!0x3e716f0@0x3e716f0
call: Aweme!0x3ecb6bc Aweme!0x3ecb9bc@0x3ecb9bc
call: Aweme!0x3ecb6e0 Aweme!0x775e348@DYLD-STUB$$objc_msgSend
call: Aweme!0x3ecb6ec Aweme!0x3ecb9d4@0x3ecb9d4
call: Aweme!0x3ecb700 Aweme!0x3ed67d0@0x3ed67d0
call: Aweme!0x3ed67ec Aweme!0x3e58b14@0x3e58b14
call: Aweme!0x3e58af4 Aweme!0x3e58a74@0x3e58a74
call: Aweme!0x3e58afc Aweme!0x775e78c@DYLD-STUB$$pthread_mutex_lock
call: Aweme!0x3ed6814 Aweme!0x3e58b58@0x3e58b58
call: Aweme!0x3e58b3c Aweme!0x3e58a74@0x3e58a74
call: Aweme!0x3e58b44 Aweme!0x775e7a4@DYLD-STUB$$pthread_mutex_unlock
call: Aweme!0x3ecb70c Aweme!0x3eca540@0x3eca540
call: Aweme!0x3eca55c Aweme!0x3e58b14@0x3e58b14
call: Aweme!0x3e58af4 Aweme!0x3e58a74@0x3e58a74
call: Aweme!0x3e58afc Aweme!0x775e78c@DYLD-STUB$$pthread_mutex_lock
call: Aweme!0x3eca584 Aweme!0x3e58b58@0x3e58b58
call: Aweme!0x3e58b3c Aweme!0x3e58a74@0x3e58a74
call: Aweme!0x3e58b44 Aweme!0x775e7a4@DYLD-STUB$$pthread_mutex_unlock
call: Aweme!0x3ecb724 Aweme!0x3ec92dc@0x3ec92dc
call: Aweme!0x3ec9320 Aweme!0x775e804@DYLD-STUB$$pthread_rwlock_rdlock
call: Aweme!0x3ec933c Aweme!0x3ec9348@0x3ec9348
call: Aweme!0x3ec9374 Aweme!0x3ec9348@0x3ec9348
call: Aweme!0x3ec939c Aweme!0x3e808c8@0x3e808c8
call: Aweme!0x3e808e4 Aweme!0x3e58b14@0x3e58b14
call: Aweme!0x3e58af4 Aweme!0x3e58a74@0x3e58a74
call: Aweme!0x3e58afc Aweme!0x775e78c@DYLD-STUB$$pthread_mutex_lock
call: Aweme!0x3e808f0 Aweme!0x775c5d8@DYLD-STUB$$operator new(unsigned long)
call: libc++abi.dylib!0xee0 libc++abi.dylib!0x10e54@DYLD-STUB$$malloc
call: libsystem_malloc.dylib!0x10160 libsystem_malloc.dylib!0xf6b8@malloc_zone_malloc
call: libsystem_malloc.dylib!0xf750 libsystem_malloc.dylib!0x11d64@default_zone_malloc
call: libsystem_malloc.dylib!0xecc libsystem_malloc.dylib!0xf20@nanov2_allocate$VARIANT$mp
call: libsystem_malloc.dylib!0xf98 libsystem_malloc.dylib!0x1b18@nanov2_allocate_from_block$VARIANT$mp
call: Aweme!0x3e80904 Aweme!0x3e58b58@0x3e58b58
call: Aweme!0x3e58b3c Aweme!0x3e58a74@0x3e58a74
call: Aweme!0x3e58b44 Aweme!0x775e7a4@DYLD-STUB$$pthread_mutex_unlock
call: Aweme!0x3ec93a4 Aweme!0x3eca604@0x3eca604
call: Aweme!0x3ec91ec Aweme!0x3e58b14@0x3e58b14
call: Aweme!0x3e58af4 Aweme!0x3e58a74@0x3e58a74
call: Aweme!0x3e58afc Aweme!0x775e78c@DYLD-STUB$$pthread_mutex_lock
call: Aweme!0x3ec91f8 Aweme!0x3e58b58@0x3e58b58
call: Aweme!0x3e58b3c Aweme!0x3e58a74@0x3e58a74
call: Aweme!0x3e58b44 Aweme!0x775e7a4@DYLD-STUB$$pthread_mutex_unlock
call: Aweme!0x3ec93a8 Aweme!0x3e86fd4@0x3e86fd4
call: Aweme!0x3ec93b0 Aweme!0x3eca604@0x3eca604
call: Aweme!0x3ec91ec Aweme!0x3e58b14@0x3e58b14
call: Aweme!0x3e58af4 Aweme!0x3e58a74@0x3e58a74
call: Aweme!0x3e58afc Aweme!0x775e78c@DYLD-STUB$$pthread_mutex_lock
call: Aweme!0x3ec91f8 Aweme!0x3e58b58@0x3e58b58
call: Aweme!0x3e58b3c Aweme!0x3e58a74@0x3e58a74
call: Aweme!0x3e58b44 Aweme!0x775e7a4@DYLD-STUB$$pthread_mutex_unlock
call: Aweme!0x3ec93b4 Aweme!0x3e86fcc@0x3e86fcc
call: Aweme!0x3ec93c8 Aweme!0x3e51f88@0x3e51f88
call: Aweme!0x3ec93d0 Aweme!0x3eca604@0x3eca604
call: Aweme!0x3ec91ec Aweme!0x3e58b14@0x3e58b14
call: Aweme!0x3e58af4 Aweme!0x3e58a74@0x3e58a74
call: Aweme!0x3e58afc Aweme!0x775e78c@DYLD-STUB$$pthread_mutex_lock
call: Aweme!0x3ec91f8 Aweme!0x3e58b58@0x3e58b58
call: Aweme!0x3e58b3c Aweme!0x3e58a74@0x3e58a74
call: Aweme!0x3e58b44 Aweme!0x775e7a4@DYLD-STUB$$pthread_mutex_unlock
call: Aweme!0x3ec93d8 Aweme!0x3e86fdc@0x3e86fdc
call: Aweme!0x3e86fe8 Aweme!0x3e872b0@0x3e872b0
call: Aweme!0x3ec93f0 Aweme!0x3ed67d0@0x3ed67d0
call: Aweme!0x3ed67ec Aweme!0x3e58b14@0x3e58b14
call: Aweme!0x3e58af4 Aweme!0x3e58a74@0x3e58a74
call: Aweme!0x3e58afc Aweme!0x775e78c@DYLD-STUB$$pthread_mutex_lock
call: Aweme!0x3ed6814 Aweme!0x3e58b58@0x3e58b58
call: Aweme!0x3e58b3c Aweme!0x3e58a74@0x3e58a74
call: Aweme!0x3e58b44 Aweme!0x775e7a4@DYLD-STUB$$pthread_mutex_unlock
call: Aweme!0x3ec93fc Aweme!0x3eca540@0x3eca540
call: Aweme!0x3eca55c Aweme!0x3e58b14@0x3e58b14
call: Aweme!0x3e58af4 Aweme!0x3e58a74@0x3e58a74
call: Aweme!0x3e58afc Aweme!0x775e78c@DYLD-STUB$$pthread_mutex_lock
call: Aweme!0x3eca584 Aweme!0x3e58b58@0x3e58b58
call: Aweme!0x3e58b3c Aweme!0x3e58a74@0x3e58a74
call: Aweme!0x3e58b44 Aweme!0x775e7a4@DYLD-STUB$$pthread_mutex_unlock
call: Aweme!0x3ec9414 Aweme!0x3e5c1e8@0x3e5c1e8
call: Aweme!0x3e5c1ec Aweme!0x3e711ac@0x3e711ac
call: Aweme!0x3e5c220 Aweme!0x3e71318@0x3e71318
call: Aweme!0x3e5c3c0 Aweme!0x3e71318@0x3e71318
call: Aweme!0x3e5c3c8 Aweme!0x3e7118c@0x3e7118c
call: Aweme!0x3e5c3d0 Aweme!0x3e70f90@0x3e70f90
call: Aweme!0x3e5c478 Aweme!0x3e70db0@0x3e70db0
call: Aweme!0x3e5c480 Aweme!0x3e70db0@0x3e70db0
call: Aweme!0x3e5c488 Aweme!0x3e70db0@0x3e70db0
call: Aweme!0x3e5c490 Aweme!0x3e712e8@0x3e712e8
call: Aweme!0x3e5c4b4 Aweme!0x3e70db0@0x3e70db0
call: Aweme!0x3e5c4c0 Aweme!0x3e70db0@0x3e70db0
call: Aweme!0x3e5c4c8 Aweme!0x3e70db0@0x3e70db0
call: Aweme!0x3e5c4d0 Aweme!0x3e70db0@0x3e70db0
call: Aweme!0x3e5c4dc Aweme!0x3e70db0@0x3e70db0
call: Aweme!0x3e5c4e4 Aweme!0x3e70db0@0x3e70db0
call: Aweme!0x3e5c4ec Aweme!0x3e70db0@0x3e70db0
call: Aweme!0x3e5c4f4 Aweme!0x3e70db0@0x3e70db0
call: Aweme!0x3e5c514 Aweme!0x3e5c520@0x3e5c520
call: Aweme!0x3e5c54c Aweme!0x3e5c520@0x3e5c520
call: Aweme!0x3e5c56c Aweme!0x3e67688@0x3e67688
call: Aweme!0x3e5c570 Aweme!0x3e67728@0x3e67728
call: Aweme!0x3e67740 Aweme!0x3e58b14@0x3e58b14
call: Aweme!0x3e58af4 Aweme!0x3e58a74@0x3e58a74
call: Aweme!0x3e58afc Aweme!0x775e78c@DYLD-STUB$$pthread_mutex_lock
call: Aweme!0x3e6774c Aweme!0x3e58b58@0x3e58b58
call: Aweme!0x3e58b3c Aweme!0x3e58a74@0x3e58a74
call: Aweme!0x3e58b44 Aweme!0x775e7a4@DYLD-STUB$$pthread_mutex_unlock
call: Aweme!0x3e5c574 Aweme!0x3edb174@0x3edb174
call: Aweme!0x3edb194 Aweme!0x3edb1a4@0x3edb1a4
call: Aweme!0x3edb1e8 Aweme!0x3eda5fc@0x3eda5fc
call: Aweme!0x3edb200 Aweme!0x3edb20c@0x3edb20c
call: Aweme!0x3edb238 Aweme!0x3edb20c@0x3edb20c
call: Aweme!0x3e5c5a8 Aweme!0x3e5c5b8@0x3e5c5b8
call: Aweme!0x3e5c610 Aweme!0x3e5c61c@0x3e5c61c
call: Aweme!0x3e5c648 Aweme!0x3e5c61c@0x3e5c61c
call: Aweme!0x3e5c67c Aweme!0x3e70fd0@0x3e70fd0
call: Aweme!0x3e5c6d0 Aweme!0x3e71218@0x3e71218
call: Aweme!0x3e5c724 Aweme!0x3e70fc4@0x3e70fc4
call: Aweme!0x3e5c754 Aweme!0x3e93d80@0x3e93d80
call: Aweme!0x3e5c758 Aweme!0x3e67688@0x3e67688
call: Aweme!0x3e5c75c Aweme!0x3e67728@0x3e67728
call: Aweme!0x3e67740 Aweme!0x3e58b14@0x3e58b14
call: Aweme!0x3e58af4 Aweme!0x3e58a74@0x3e58a74
call: Aweme!0x3e58afc Aweme!0x775e78c@DYLD-STUB$$pthread_mutex_lock
call: Aweme!0x3e6774c Aweme!0x3e58b58@0x3e58b58
call: Aweme!0x3e58b3c Aweme!0x3e58a74@0x3e58a74
call: Aweme!0x3e58b44 Aweme!0x775e7a4@DYLD-STUB$$pthread_mutex_unlock
call: Aweme!0x3e5c760 Aweme!0x3edacbc@0x3edacbc
call: Aweme!0x3edad50 Aweme!0x3edad5c@0x3edad5c
call: Aweme!0x3edad88 Aweme!0x3edad5c@0x3edad5c
call: Aweme!0x3edadb0 Aweme!0x775b534@DYLD-STUB$$NSClassFromString
call: Foundation!0x111864 libobjc.A.dylib!0x2080@objc_msgSend
call: Foundation!0x111888 libobjc.A.dylib!0x2080@objc_msgSend
call: CoreFoundation!0x15944 CoreFoundation!0xecce0@CFStringConvertNSStringEncodingToEncoding
call: CoreFoundation!0x15998 CoreFoundation!0xcf77c@CFStringGetCString
call: CoreFoundation!0xcf8e8 CoreFoundation!0x18d1d8@DYLD-STUB$$memmove
call: Foundation!0x11189c Foundation!0x260f7c@DYLD-STUB$$strlen
call: Foundation!0x1118f0 libobjc.A.dylib!0x180f4@objc_lookUpClass
call: libobjc.A.dylib!0xd680 libobjc.A.dylib!0xc7c4@getClassExceptSomeSwift(char const*)
call: libobjc.A.dylib!0xc7d4 libobjc.A.dylib!0xc8d0@getClass_impl(char const*)
call: libobjc.A.dylib!0xc8f4 libobjc.A.dylib!0x38c0@_NXMapMember(_NXMapTable*, void const*, void**)
call: libobjc.A.dylib!0x38f0 libobjc.A.dylib!0x3494@_mapStrHash(_NXMapTable*, void const*)
call: libobjc.A.dylib!0x3924 libobjc.A.dylib!0x34f8@_mapStrIsEqual(_NXMapTable*, void const*, void const*)
call: libobjc.A.dylib!0x3528 libobjc.A.dylib!0x234d8@DYLD-STUB$$strcmp
call: Aweme!0x3e5c76c Aweme!0x3eca930@0x3eca930
call: Aweme!0x3eca8d4 Aweme!0x3ecb180@0x3ecb180
call: Aweme!0x3eca8e8 Aweme!0x775dfd0@DYLD-STUB$$malloc
call: libsystem_malloc.dylib!0x10160 libsystem_malloc.dylib!0xf6b8@malloc_zone_malloc
call: libsystem_malloc.dylib!0xf750 libsystem_malloc.dylib!0x11d64@default_zone_malloc
call: libsystem_malloc.dylib!0xecc libsystem_malloc.dylib!0xf20@nanov2_allocate$VARIANT$mp
call: libsystem_malloc.dylib!0xf98 libsystem_malloc.dylib!0x1b18@nanov2_allocate_from_block$VARIANT$mp
call: Aweme!0x3eca8f4 Aweme!0x3ecb2a0@0x3ecb2a0
call: Aweme!0x3e5c784 Aweme!0x3e57394@0x3e57394
call: Aweme!0x3e57374 Aweme!0x3e58964@0x3e58964
call: Aweme!0x3eca974 Aweme!0x775dfd0@DYLD-STUB$$malloc
call: libsystem_malloc.dylib!0x10160 libsystem_malloc.dylib!0xf6b8@malloc_zone_malloc
call: libsystem_malloc.dylib!0xf750 libsystem_malloc.dylib!0x11d64@default_zone_malloc
call: libsystem_malloc.dylib!0xecc libsystem_malloc.dylib!0xf20@nanov2_allocate$VARIANT$mp
call: libsystem_malloc.dylib!0xf98 libsystem_malloc.dylib!0x1b18@nanov2_allocate_from_block$VARIANT$mp
call: Aweme!0x3eca98c Aweme!0x775e078@DYLD-STUB$$memcpy
call: Aweme!0x3e57378 Aweme!0x3ea6110@0x3ea6110
call: Aweme!0x3ea612c Aweme!0x775d328@DYLD-STUB$$gettimeofday
call: libsystem_c.dylib!0x11010 libsystem_kernel.dylib!0x3850@__commpage_gettimeofday
call: libsystem_kernel.dylib!0x387c libsystem_kernel.dylib!0x29e0@mach_absolute_time
call: Aweme!0x3e5c788 Aweme!0x3e71488@0x3e71488
call: Aweme!0x3ecaa38 Aweme!0x775d148@DYLD-STUB$$free
call: libsystem_malloc.dylib!0xff84 libsystem_malloc.dylib!0xd68@nanov2_size$VARIANT$mp
call: libsystem_malloc.dylib!0xd80 libsystem_malloc.dylib!0xdac@nanov2_pointer_size$VARIANT$mp
call: Aweme!0x3e5c78c Aweme!0x3e67a34@0x3e67a34
call: Aweme!0x3e5c790 Aweme!0x3ecc428@0x3ecc428
call: Aweme!0x3ecc440 Aweme!0x3e58b14@0x3e58b14
call: Aweme!0x3e58af4 Aweme!0x3e58a74@0x3e58a74
call: Aweme!0x3e58afc Aweme!0x775e78c@DYLD-STUB$$pthread_mutex_lock
call: Aweme!0x3ecc44c Aweme!0x3e58b58@0x3e58b58
call: Aweme!0x3e58b3c Aweme!0x3e58a74@0x3e58a74
call: Aweme!0x3e58b44 Aweme!0x775e7a4@DYLD-STUB$$pthread_mutex_unlock
call: Aweme!0x3e5c79c Aweme!0x3e714a0@0x3e714a0
call: Aweme!0x3eca8d4 Aweme!0x3ecb180@0x3ecb180
call: Aweme!0x3eca8e8 Aweme!0x775dfd0@DYLD-STUB$$malloc
call: libsystem_malloc.dylib!0x10160 libsystem_malloc.dylib!0xf6b8@malloc_zone_malloc
call: libsystem_malloc.dylib!0xf750 libsystem_malloc.dylib!0x11d64@default_zone_malloc
call: libsystem_malloc.dylib!0xecc libsystem_malloc.dylib!0xf20@nanov2_allocate$VARIANT$mp
call: libsystem_malloc.dylib!0xf98 libsystem_malloc.dylib!0x1b18@nanov2_allocate_from_block$VARIANT$mp
call: Aweme!0x3eca8f4 Aweme!0x3ecb2a0@0x3ecb2a0
call: Aweme!0x3e5c7a0 Aweme!0x3e71368@0x3e71368
call: Aweme!0x3e5c7a4 Aweme!0x3e90e48@0x3e90e48
call: Aweme!0x3e90e5c Aweme!0x3e90ec0@0x3e90ec0
call: Aweme!0x3ed71d4 Aweme!0x775e7e0@DYLD-STUB$$pthread_once
call: Aweme!0x3ed71dc Aweme!0x3ed7070@0x3ed7070
call: Aweme!0x3ed7090 Aweme!0x775e720@DYLD-STUB$$pthread_getspecific
call: Aweme!0x3ed70a0 Aweme!0x775c5d8@DYLD-STUB$$operator new(unsigned long)
call: libc++abi.dylib!0xee0 libc++abi.dylib!0x10e54@DYLD-STUB$$malloc
call: libsystem_malloc.dylib!0x10160 libsystem_malloc.dylib!0xf6b8@malloc_zone_malloc
call: libsystem_malloc.dylib!0xf750 libsystem_malloc.dylib!0x11d64@default_zone_malloc
call: libsystem_malloc.dylib!0xecc libsystem_malloc.dylib!0xf20@nanov2_allocate$VARIANT$mp
call: libsystem_malloc.dylib!0xf98 libsystem_malloc.dylib!0x1b18@nanov2_allocate_from_block$VARIANT$mp
call: libsystem_malloc.dylib!0xff4 libsystem_platform.dylib!0x8cf8@DYLD-STUB$$os_unfair_lock_lock_with_options
call: libsystem_malloc.dylib!0x1008 libsystem_malloc.dylib!0x1b18@nanov2_allocate_from_block$VARIANT$mp
call: libsystem_malloc.dylib!0x1030 libsystem_malloc.dylib!0x1d18@nanov2_find_block_and_allocate$VARIANT$mp
call: libsystem_malloc.dylib!0x21a8 libsystem_malloc.dylib!0x1b18@nanov2_allocate_from_block$VARIANT$mp
call: libsystem_malloc.dylib!0x103c libsystem_platform.dylib!0x8d1c@DYLD-STUB$$os_unfair_lock_unlock
call: Aweme!0x3ed70c4 Aweme!0x3ed72a0@0x3ed72a0
call: Aweme!0x3e86f60 Aweme!0x3e87254@0x3e87254
call: Aweme!0x3e86f64 Aweme!0x3e4e698@0x3e4e698
call: Aweme!0x3e4e6b4 Aweme!0x3ea61ec@0x3ea61ec
call: libsystem_malloc.dylib!0x10160 libsystem_malloc.dylib!0xf6b8@malloc_zone_malloc
call: libsystem_malloc.dylib!0xf750 libsystem_malloc.dylib!0x11d64@default_zone_malloc
call: libsystem_malloc.dylib!0xecc libsystem_malloc.dylib!0xf20@nanov2_allocate$VARIANT$mp
call: libsystem_malloc.dylib!0xf98 libsystem_malloc.dylib!0x1b18@nanov2_allocate_from_block$VARIANT$mp
call: libsystem_malloc.dylib!0xff4 libsystem_platform.dylib!0x8cf8@DYLD-STUB$$os_unfair_lock_lock_with_options
call: libsystem_malloc.dylib!0x1008 libsystem_malloc.dylib!0x1b18@nanov2_allocate_from_block$VARIANT$mp
call: libsystem_malloc.dylib!0x1030 libsystem_malloc.dylib!0x1d18@nanov2_find_block_and_allocate$VARIANT$mp
call: libsystem_malloc.dylib!0x21a8 libsystem_malloc.dylib!0x1b18@nanov2_allocate_from_block$VARIANT$mp
call: libsystem_malloc.dylib!0x103c libsystem_platform.dylib!0x8d1c@DYLD-STUB$$os_unfair_lock_unlock
call: Aweme!0x3e4e6c0 Aweme!0x3e516d4@0x3e516d4
call: Aweme!0x3e516e0 Aweme!0x3e520e0@0x3e520e0
call: Aweme!0x3e516e4 Aweme!0x3e51ed8@0x3e51ed8
call: Aweme!0x3e51ee4 Aweme!0x3ea61ec@0x3ea61ec
call: libsystem_malloc.dylib!0x10160 libsystem_malloc.dylib!0xf6b8@malloc_zone_malloc
call: libsystem_malloc.dylib!0xf750 libsystem_malloc.dylib!0x11d64@default_zone_malloc
call: libsystem_malloc.dylib!0xecc libsystem_malloc.dylib!0xf20@nanov2_allocate$VARIANT$mp
call: libsystem_malloc.dylib!0xf98 libsystem_malloc.dylib!0x1b18@nanov2_allocate_from_block$VARIANT$mp
call: Aweme!0x3e4e6c4 Aweme!0x3e523dc@0x3e523dc
call: Aweme!0x3ed70d0 Aweme!0x775e888@DYLD-STUB$$pthread_setspecific
call: Aweme!0x3ed70e4 Aweme!0x3e870c8@0x3e870c8
call: Aweme!0x3e870e0 Aweme!0x3e872f4@0x3e872f4
call: Aweme!0x3e870e4 Aweme!0x3e4e71c@0x3e4e71c
call: Aweme!0x3e870f8 Aweme!0x3e4e740@0x3e4e740
call: Aweme!0x3e51e10 Aweme!0x3e52080@0x3e52080
call: Aweme!0x3e870fc Aweme!0x3e87300@0x3e87300
call: Aweme!0x3ed71ec Aweme!0x775e834@DYLD-STUB$$pthread_rwlock_wrlock
call: Aweme!0x3ed71fc Aweme!0x3ed7104@0x3ed7104
call: Aweme!0x3ed7128 Aweme!0x775e720@DYLD-STUB$$pthread_getspecific
call: Aweme!0x3ed7188 Aweme!0x3e86ff4@0x3e86ff4
call: Aweme!0x3e87014 Aweme!0x3e4e728@0x3e4e728
call: Aweme!0x3e51884 Aweme!0x3e52080@0x3e52080
call: Aweme!0x3e518e8 Aweme!0x3e51918@0x3e51918
call: Aweme!0x3e519a0 Aweme!0x3e51ed8@0x3e51ed8
call: Aweme!0x3e51ee4 Aweme!0x3ea61ec@0x3ea61ec
call: libsystem_malloc.dylib!0x10160 libsystem_malloc.dylib!0xf6b8@malloc_zone_malloc
call: libsystem_malloc.dylib!0xf750 libsystem_malloc.dylib!0x11d64@default_zone_malloc
call: libsystem_malloc.dylib!0xecc libsystem_malloc.dylib!0xf20@nanov2_allocate$VARIANT$mp
call: libsystem_malloc.dylib!0xf98 libsystem_malloc.dylib!0x1b18@nanov2_allocate_from_block$VARIANT$mp
call: Aweme!0x3e519f0 Aweme!0x3e51534@0x3e51534
call: Aweme!0x3e51544 Aweme!0x3e520e0@0x3e520e0
call: Aweme!0x3e518f4 Aweme!0x3e716f0@0x3e716f0
call: Aweme!0x3e90e60 Aweme!0x3e90ed4@0x3e90ed4
