AwemeModuleBase:0x108e3b4f0
arg1 https://search3-search-lf.amemv.com/aweme/v1/search/item/?caid1=0803bffc8815b9f02c08f48f95c1008c&tma_jssdk_version=2.1.0.2&minor_status=0&ac=WIFI&appTheme=dark&is_vcd=1&keyword=%E7%8E%8B%E4%B8%80%E5%8D%9A&video_cover_shrink=372_496&enter_from=homepage_hot&sort_type=0&backtrace=M7U2PfbCPC7qlX46ow2D73foIbuD7zG%2BTODCT48wHI74oC1dlQVm4omXMt%2BkHUSKjMf5EJvWyjt3jVKDb%2FBylQ%3D%3D&count=12&is_filter_search=0&user_avatar_shrink=64_64&source=video_search&query_correct_type=1&rs_word_count=5&offset=0&search_source=normal_search&publish_time=0&hot_search=0&aid=1128&app_name=aweme&app_version=14.8.0&build_number=148013&cdid=FEDA96DE-E849-4E15-99C9-66CD61F50ADD&channel=App%20Store&device_id=4169787388733342&device_platform=iphone&device_type=iPhone9,1&idfa=322127EF-8E4E-48E9-98E0-99ACBDC85525&iid=2955926580500413&js_sdk_version=1.99.0.3&mcc_mnc=&openudid=a4cb7b4ade7c5e8e6c90cf8f892aafe6c64c73d1&os_api=18&os_version=13.3.1&screen_width=750&version_code=14.8.0&vid=25AD3C98-7CA5-4B2E-9B39-9BAEFC31BBD2
arg2 {
    "User-Agent" = "Aweme 14.8.0 rv:148013 (iPhone; iOS 13.3.1; zh_CN) Cronet";
    "x-common-params-v2" = "aid=1128&app_name=aweme&app_version=14.8.0&build_number=148013&cdid=FEDA96DE-E849-4E15-99C9-66CD61F50ADD&channel=App%20Store&device_id=4169787388733342&device_platform=iphone&device_type=iPhone9,1&idfa=322127EF-8E4E-48E9-98E0-99ACBDC85525&iid=2955926580500413&js_sdk_version=1.99.0.3&mcc_mnc=&openudid=a4cb7b4ade7c5e8e6c90cf8f892aafe6c64c73d1&os_api=18&os_version=13.3.1&screen_width=750&version_code=14.8.0&vid=25AD3C98-7CA5-4B2E-9B39-9BAEFC31BBD2";
    "x-tt-token" = "003c4774314c4f83d0177a0ae886f5a6f50056cb8fc53fa60c3b0bf88596c762fc922f46798e27276d911e99fde0203a46a8df6837c3279998eaaccf63df5e59c34fb9458bd8d9b17fd1ecf392c2a6fc08649f8411f4295761fc95f3fe46affde27ce-1.0.1";
}
call Aweme!0x775e7e0
,	Aweme!0x775e7e0 this.args0 0x10e806220             0  1  2  3  4  5  6  7  8  9  A  B  C  D  E  F  0123456789ABCDEF
10e806220  45 43 4e 4f 00 00 00 00 ff ff ff ff ff ff ff ff  ECNO............
10e806230  88 98 c0 0f 01 00 00 00 f8 78 9b 0f 01 00 00 00  .........x......
10e806240  00 79 9b 0f 01 00 00 00 40 98 c0 0f 01 00 00 00  .y......@.......
10e806250  68 98 c0 0f 01 00 00 00 64 98 c0 0f 01 00 00 00  h.......d.......
10e806260  50 b8 1d 11 01 00 00 00 6c 98 c0 0f 01 00 00 00  P.......l.......
10e806270  71 b8 1d 11 01 00 00 00 82 3c 18 0f 01 00 00 00  q........<......
10e806280  5b 1f 66 0f 01 00 00 00 00 00 00 00 00 00 00 00  [.f.............
10e806290  e8 51 50 0d 01 00 00 00 4c 67 21 0f 01 00 00 00  .QP.....Lg!.....
10e8062a0  a0 86 7e 10 01 00 00 00 48 67 21 0f 01 00 00 00  ..~.....Hg!.....
10e8062b0  00 00 00 00 00 00 00 00 00 00 00 00 00 00 00 00  ................
10e8062c0  7c eb 28 09 01 00 00 00 00 00 00 00 00 00 00 00  |.(.............
10e8062d0  c0 87 e9 0e 01 00 00 00 c4 87 e9 0e 01 00 00 00  ................
10e8062e0  92 a6 46 10 01 00 00 00 c8 87 e9 0e 01 00 00 00  ..F.............
10e8062f0  d0 87 e9 0e 01 00 00 00 cc 87 e9 0e 01 00 00 00  ................
10e806300  95 a6 46 10 01 00 00 00 d4 87 e9 0e 01 00 00 00  ..F.............
10e806310  98 a6 46 10 01 00 00 00 d8 87 e9 0e 01 00 00 00  ..F.............
10e806320  e0 87 e9 0e 01 00 00 00 9b a6 46 10 01 00 00 00  ..........F.....
10e806330  00 00 00 00 00 00 00 00 00 00 00 00 00 00 00 00  ................
10e806340  ff ff ff ff ff ff ff ff 00 00 00 00 00 00 00 00  ................
10e806350  e0 63 e6 08 01 00 00 00 64 65 e6 08 01 00 00 00  .c......de......
10e806360  6c 66 e6 08 01 00 00 00 b0 67 e6 08 01 00 00 00  lf.......g......
10e806370  f4 68 e6 08 01 00 00 00 04 6a e6 08 01 00 00 00  .h.......j......
10e806380  10 6b e6 08 01 00 00 00 00 00 00 00 00 00 00 00  .k..............
10e806390  c0 6b e6 08 01 00 00 00 44 6d e6 08 01 00 00 00  .k......Dm......
10e8063a0  4c 6e e6 08 01 00 00 00 90 6f e6 08 01 00 00 00  Ln.......o......
10e8063b0  d4 70 e6 08 01 00 00 00 e4 71 e6 08 01 00 00 00  .p.......q......
10e8063c0  f0 72 e6 08 01 00 00 00 00 00 00 00 00 00 00 00  .r..............
10e8063d0  04 53 e6 08 01 00 00 00 30 54 e6 08 01 00 00 00  .S......0T......
10e8063e0  80 55 e6 08 01 00 00 00 f0 56 e6 08 01 00 00 00  .U.......V......
10e8063f0  74 58 e6 08 01 00 00 00 80 59 e6 08 01 00 00 00  tX.......Y......
10e806400  8c 5a e6 08 01 00 00 00 00 00 00 00 00 00 00 00  .Z..............
10e806410  3c 5b e6 08 01 00 00 00 c0 5c e6 08 01 00 00 00  <[.......\......
10e806420  10 5e e6 08 01 00 00 00 94 5f e6 08 01 00 00 00  .^......._......
10e806430  18 61 e6 08 01 00 00 00 24 62 e6 08 01 00 00 00  .a......$b......
10e806440  30 63 e6 08 01 00 00 00 00 00 00 00 00 00 00 00  0c..............
10e806450  a0 73 e6 08 01 00 00 00 c4 74 e6 08 01 00 00 00  .s.......t......
10e806460  50 76 e6 08 01 00 00 00 a8 77 e6 08 01 00 00 00  Pv.......w......
10e806470  68 79 e6 08 01 00 00 00 94 7a e6 08 01 00 00 00  hy.......z......
10e806480  a0 7b e6 08 01 00 00 00 00 00 00 00 00 00 00 00  .{..............
10e806490  9c 8c e6 08 01 00 00 00 44 8e e6 08 01 00 00 00  ........D.......
10e8064a0  ec 8f e6 08 01 00 00 00 94 92 e6 08 01 00 00 00  ................
10e8064b0  30 95 e6 08 01 00 00 00 5c 97 e6 08 01 00 00 00  0.......\.......
10e8064c0  24 99 e6 08 01 00 00 00 00 00 00 00 00 00 00 00  $...............
10e8064d0  9c 9a e6 08 01 00 00 00 2c 9c e6 08 01 00 00 00  ........,.......
10e8064e0  dc 9c e6 08 01 00 00 00 4c 9d e6 08 01 00 00 00  ........L.......
10e8064f0  cc 9d e6 08 01 00 00 00 64 9e e6 08 01 00 00 00  ........d.......
10e806500  f4 9e e6 08 01 00 00 00 00 00 00 00 00 00 00 00  ................
10e806510  80 9f e6 08 01 00 00 00 ac 9f e6 08 01 00 00 00  ................
10e806520  28 a0 e6 08 01 00 00 00 b0 a0 e6 08 01 00 00 00  (...............
10e806530  3c a1 e6 08 01 00 00 00 b0 a1 e6 08 01 00 00 00  <...............
10e806540  24 a2 e6 08 01 00 00 00 00 00 00 00 00 00 00 00  $...............
10e806550  94 a2 e6 08 01 00 00 00 88 a5 e6 08 01 00 00 00  ................
10e806560  cc a6 e6 08 01 00 00 00 a4 a7 e6 08 01 00 00 00  ................
10e806570  7c a8 e6 08 01 00 00 00 dc a9 e6 08 01 00 00 00  |...............
10e806580  d4 aa e6 08 01 00 00 00 00 00 00 00 00 00 00 00  ................
10e806590  00 00 00 00 00 00 00 00 00 00 00 00 00 00 00 00  ................
10e8065a0  00 00 00 00 00 00 00 00 00 00 00 00 00 00 00 00  ................
10e8065b0  00 00 00 00 00 00 00 00 00 00 00 00 00 00 00 00  ................
10e8065c0  00 00 00 00 00 00 00 00 00 00 00 00 00 00 00 00  ................
10e8065d0  03 00 00 00 00 00 00 00 00 00 00 00 00 00 00 00  ................
10e8065e0  00 00 00 00 00 00 00 00 00 00 00 00 00 00 00 00  ................
10e8065f0  00 00 00 00 00 00 00 00 00 00 00 00 00 00 00 00  ................
10e806600  00 00 00 00 00 00 00 00 00 00 00 00 00 00 00 00  ................
10e806610  00 00 00 00 00 00 00 00 00 00 00 00 00 00 00 00  ................

,	Aweme!0x775e7e0 this.args1 0x108e47278             0  1  2  3  4  5  6  7  8  9  A  B  C  D  E  F  0123456789ABCDEF
108e47278  a0 e5 02 f0 00 20 39 91 61 00 00 10 1f 20 03 d5  ..... 9.a.... ..
108e47288  2c 1d e2 14 80 00 00 b4 08 00 40 f9 01 05 40 f9  ,.........@...@.
108e47298  20 00 1f d6 c0 03 5f d6 e8 0b 00 f9 e1 03 00 91   ....._.........
108e472a8  33 bf fe 17 fc 6f ba a9 fa 67 01 a9 f8 5f 02 a9  3....o...g..._..
108e472b8  f6 57 03 a9 f4 4f 04 a9 fd 7b 05 a9 fd 43 01 91  .W...O...{...C..
108e472c8  ff 43 03 d1 eb 5e 9b 52 8b 78 bf 72 6c 29 8e 52  .C...^.R.x.rl).R
108e472d8  8c d1 bb 72 8d e7 92 52 0d 57 bb 72 ae 3e 9d 52  ...r...R.W.r.>.R
108e472e8  ce eb b7 72 af c3 86 52 0f be b7 72 70 58 8a 52  ...r...R...rpX.R
108e472f8  70 79 b6 72 51 bb 9f 52 f1 1a b6 72 db ae 8c 52  py.rQ..R...r...R
108e47308  3b dc b4 72 7c 49 88 52 1c a5 b4 72 33 3f 8d 52  ;..r|I.R...r3?.R
108e47318  b3 00 b2 72 54 d9 84 52 b4 20 b1 72 15 a9 8f 52  ...rT..R. .r...R
108e47328  35 a4 b0 72 40 db 94 52 c0 8e af 72 a1 55 92 52  5..r@..R...r.U.R
108e47338  e1 ae ac 72 42 f3 8b 52 a2 97 a9 72 a3 8d 80 52  ...rB..R...r...R
108e47348  a3 82 a7 72 24 16 82 52 c4 32 a7 72 25 ff 83 52  ...r$..R.2.r%..R
108e47358  85 07 a3 72 c6 55 8c 52 a6 6d a1 72 c8 2e 80 52  ...r.U.R.m.r...R
108e47368  a8 03 10 b8 e8 35 80 52 a9 13 00 d1 28 01 10 b8  .....5.R....(...
108e47378  a8 03 50 b8 a9 13 00 d1 29 01 50 b8 ea 03 00 32  ..P.....).P....2
108e47388  08 29 08 1b a8 03 18 b8 28 7d 09 1b 09 71 1d 53  .)......(}...q.S
108e47398  28 01 08 4b a8 43 18 b8 c7 d3 96 52 67 38 a3 72  (..K.C.....Rg8.r
108e473a8  16 49 82 52 f6 d9 b9 72 e8 f7 ff 10 1f 20 03 d5  .I.R...r..... ..
108e473b8  09 80 80 d2 89 00 a0 f2 89 20 c0 f2 09 01 09 8a  ......... ......
108e473c8  8a 20 80 52 2a 20 a0 72 29 01 0a aa 0a 08 82 d2  . .R* .r).......
108e473d8  4a 40 a1 f2 0a 08 cc f2 0a 14 e0 f2 48 01 28 aa  J@..........H.(.
108e473e8  0a 88 82 d2 ca 40 a1 f2 8a 28 cc f2 0a 14 e0 f2  .....@...(......
108e473f8  08 01 0a 8a 08 01 09 8b 89 98 9f d2 69 bc be f2  ............i...
108e47408  69 d7 d3 f2 e9 eb ff f2 08 01 09 ca a9 63 00 d1  i............c..
108e47418  28 01 10 f8 d7 a7 90 52 f7 e4 b9 72 78 f6 98 52  (......R...rx..R
108e47428  58 f8 b8 72 f9 de 96 52 39 1e ba 72 5a e4 9a 52  X..r...R9..rZ..R
108e47438  da 30 bb 72 c8 d3 96 52 68 38 a3 72 1f 01 16 6b  .0.r...Rh8.r...k
108e47448  a0 41 00 54 1f 01 15 6b 00 0b 00 54 1f 01 14 6b  .A.T...k...T...k
108e47458  20 0d 00 54 1f 01 13 6b e0 11 00 54 1f 01 1c 6b   ..T...k...T...k
108e47468  20 12 00 54 1f 01 1b 6b 60 12 00 54 1f 01 11 6b   ..T...k`..T...k
108e47478  80 14 00 54 1f 01 10 6b c0 16 00 54 1f 01 0f 6b  ...T...k...T...k
108e47488  00 19 00 54 1f 01 0e 6b e0 1a 00 54 1f 01 18 6b  ...T...k...T...k
108e47498  20 1b 00 54 1f 01 17 6b e0 1c 00 54 1f 01 19 6b   ..T...k...T...k
108e474a8  e0 1e 00 54 1f 01 1a 6b 60 1f 00 54 1f 01 0d 6b  ...T...k`..T...k
108e474b8  20 21 00 54 1f 01 0c 6b a0 21 00 54 69 6d 82 52   !.T...k.!.Tim.R
108e474c8  a9 fb bd 72 1f 01 09 6b 80 23 00 54 1f 01 0b 6b  ...r...k.#.T...k
108e474d8  e0 23 00 54 89 a8 93 52 e9 b8 a0 72 1f 01 09 6b  .#.T...R...r...k
108e474e8  40 26 00 54 1f 01 06 6b c0 26 00 54 29 a1 83 52  @&.T...k.&.T)..R
108e474f8  49 16 a2 72 1f 01 09 6b c0 26 00 54 69 04 9d 52  I..r...k.&.Ti..R
108e47508  09 53 a2 72 1f 01 09 6b 60 28 00 54 09 df 84 52  .S.r...k`(.T...R
108e47518  49 d8 a2 72 1f 01 09 6b a0 28 00 54 1f 01 05 6b  I..r...k.(.T...k
108e47528  00 29 00 54 1f 01 00 6b a0 2c 00 54 89 81 8c 52  .).T...k.,.T...R
108e47538  09 66 a3 72 1f 01 09 6b 80 2e 00 54 69 ba 88 52  .f.r...k...Ti..R
108e47548  29 71 a3 72 1f 01 09 6b 00 2f 00 54 1f 01 04 6b  )q.r...k./.T...k
108e47558  c0 30 00 54 1f 01 03 6b 00 31 00 54 1f 01 02 6b  .0.T...k.1.T...k
108e47568  40 31 00 54 09 cb 8b 52 c9 91 ab 72 1f 01 09 6b  @1.T...R...r...k
108e47578  20 33 00 54 1f 01 01 6b 40 35 00 54 c9 41 8a 52   3.T...k@5.T.A.R
108e47588  a9 11 af 72 1f 01 09 6b 40 35 00 54 1f 01 07 6b  ...r...k@5.T...k
108e47598  61 f5 ff 54 a8 03 58 b8 a9 43 58 b8 1f 01 09 6b  a..T..X..CX....k
108e475a8  68 02 85 1a a6 ff ff 17 c8 04 80 52 a8 83 14 b8  h..........R....
108e475b8  c8 2b 80 52 a8 43 14 b8 a8 83 54 b8 a9 43 54 b8  .+.R.C....T..CT.
108e475c8  08 7d 08 1b 08 75 1e 53 08 11 00 11 7e 02 80 52  .}...u.S....~..R
108e475d8  0a 09 de 1a 48 a1 1e 1b 1f 01 00 71 48 12 80 52  ....H......qH..R
108e475e8  20 01 48 7a 88 a8 93 52 e8 b8 a0 72 08 c1 8e 1a   .Hz...R...r....
108e475f8  93 ff ff 17 a8 03 9a b8 e9 cd 02 f0 29 19 41 f9  ............).A.
108e47608  aa 63 00 d1 4a 01 50 f8 29 01 0a 8b 20 79 68 f8  .c..J.P.)... yh.
108e47618  a8 e3 01 d1 01 01 40 f9 4d 30 00 94 7e 02 80 52  ......@.M0..~..R
108e47628  e8 03 1e aa 94 09 00 94 fe 03 08 aa e8 03 1e aa  ................
108e47638  7c 09 00 94 fe 03 08 aa 1f 00 00 71 40 db 94 52  |..........q@..R
108e47648  c0 8e af 72 e8 07 9f 1a a8 b3 19 38 a8 24 80 52  ...r.......8.$.R
108e47658  a8 83 13 b8 a8 20 80 52 a8 43 13 b8 a8 83 53 b8  ..... .R.C....S.
108e47668  a9 43 53 b8 08 7d 08 1b 08 75 1e 53 08 11 00 11  .CS..}...u.S....

,	Aweme!0x775e7e0 this.args2 0x0 0x0

,	Aweme!0x775e7e0 this.args3 0x282f33ce5             0  1  2  3  4  5  6  7  8  9  A  B  C  D  E  F  0123456789ABCDEF
282f33ce5  00 00 00 d7 03 55 83 02 00 00 00 66 52 b0 13 01  .....U.....fR...
282f33cf5  00 00 00 09 00 00 00 00 00 00 00 22 78 2d 74 74  ..........."x-tt
282f33d05  2d 74 6f 6b 65 6e 22 00 00 00 00 00 03 03 03 03  -token".........
282f33d15  03 03 04 a9 03 3c 82 02 00 00 00 01 00 00 00 00  .....<..........
282f33d25  00 00 00 20 ad d4 82 02 00 00 00 22 55 73 65 72  ... ......."User
282f33d35  2d 41 67 65 6e 74 22 00 00 00 00 40 3d 18 b4 49  -Agent"....@=..I
282f33d45  83 00 00 bb 03 00 00 00 00 00 00 4c 52 46 43 4c  ...........LRFCL
282f33d55  52 46 43 00 00 00 00 00 00 00 00 60 3d 18 b4 49  RFC........`=..I
282f33d65  83 00 00 d9 03 00 00 00 00 00 00 00 49 84 81 02  ............I...
282f33d75  00 00 00 40 a0 87 81 02 00 00 00 80 3d 18 b4 49  ...@........=..I
282f33d85  83 00 00 da 03 55 83 02 00 00 00 90 3d 18 b4 49  .....U......=..I
282f33d95  83 00 00 db 03 00 00 00 00 00 00 a0 3d 18 b4 49  ............=..I
282f33da5  83 00 00 75 02 55 83 02 00 00 00 4c 52 46 43 4c  ...u.U.....LRFCL
282f33db5  52 46 43 00 00 00 00 00 00 00 00 c0 3d 18 b4 49  RFC.........=..I
282f33dc5  83 00 00 b2 03 55 83 02 00 00 00 30 53 b0 13 01  .....U.....0S...
282f33dd5  00 00 00 1f 00 00 00 00 00 00 00 5f 53 b0 13 01  ..........._S...
282f33de5  00 00 00 20 00 00 00 00 00 00 00 33 50 b0 13 01  ... .......3P...
282f33df5  00 00 00 07 00 00 00 00 00 00 00 3a 52 b0 13 01  ...........:R...
282f33e05  00 00 00 09 00 00 00 00 00 00 00 10 3e 18 b4 49  ............>..I
282f33e15  83 00 00 b6 01 00 00 00 00 00 00 ef 51 b0 13 01  ............Q...
282f33e25  00 00 00 14 00 00 00 00 00 00 00 4d 52 b0 13 01  ...........MR...
282f33e35  00 00 00 09 00 00 00 00 00 00 00 9a 51 b0 13 01  ............Q...
282f33e45  00 00 00 18 00 00 00 00 00 00 00 20 52 b0 13 01  ........... R...
282f33e55  00 00 00 0d 00 00 00 00 00 00 00 37 51 b0 13 01  ...........7Q...
282f33e65  00 00 00 38 00 00 00 00 00 00 00 c5 51 b0 13 01  ...8........Q...
282f33e75  00 00 00 1d 00 00 00 00 00 00 00 06 51 b0 13 01  ............Q...
282f33e85  00 00 00 01 00 00 00 00 00 00 00 83 51 b0 13 01  ............Q...
282f33e95  00 00 00 07 00 00 00 00 00 00 00 ca 50 b0 13 01  ............P...
282f33ea5  00 00 00 0f 00 00 00 00 00 00 00 12 51 b0 13 01  ............Q...
282f33eb5  00 00 00 18 00 00 00 00 00 00 00 c0 3e 18 b4 49  ............>..I
282f33ec5  83 00 00 fb 07 00 00 00 00 00 00 e6 50 b0 13 01  ............P...
282f33ed5  00 00 00 05 00 00 00 00 00 00 00 00 00 00 00 00  ................
282f33ee5  00 00 00 00 00 00 00 00 00 00 00 00 00 00 00 00  ................
282f33ef5  00 00 00 00 00 00 00 00 00 00 00 00 00 00 00 00  ................
282f33f05  00 00 00 00 00 00 00 00 00 00 00 00 00 00 00 00  ................
282f33f15  00 00 00 00 00 00 00 00 00 00 00 00 00 00 00 00  ................
282f33f25  00 00 00 00 00 00 00 00 00 00 00 00 00 00 00 00  ................
282f33f35  00 00 00 00 00 00 00 00 00 00 00 00 00 00 00 00  ................
282f33f45  00 00 00 00 00 00 00 00 00 00 00 00 00 00 00 00  ................
282f33f55  00 00 00 00 00 00 00 00 00 00 00 00 00 00 00 00  ................
282f33f65  00 00 00 00 00 00 00 00 00 00 00 00 00 00 00 00  ................
282f33f75  00 00 00 00 00 00 00 00 00 00 00 00 00 00 00 00  ................
282f33f85  00 00 00 00 00 00 00 00 00 00 00 00 00 00 00 00  ................
282f33f95  00 00 00 00 00 00 00 00 00 00 00 00 00 00 00 00  ................
282f33fa5  00 00 00 00 00 00 00 00 00 00 00 00 00 00 00 00  ................
282f33fb5  00 00 00 00 00 00 00 00 00 00 00 00 00 00 00 00  ................
282f33fc5  00 00 00 00 00 00 00 00 00 00 00 00 00 00 00 00  ................
282f33fd5  00 00 00 00 00 00 00 00 00 00 00 00 00 00 00 00  ................
282f33fe5  00 00 00 00 00 00 00 00 00 00 00 00 00 00 00 00  ................
282f33ff5  00 00 00 00 00 00 00 00 00 00 00 00 00 00 00 00  ................
282f34005  00 00 00 00 00 00 00 00 00 00 00 00 00 00 00 00  ................
282f34015  00 00 00 00 00 00 00 00 00 00 00 00 00 00 00 00  ................
282f34025  00 00 00 00 00 00 00 00 00 00 00 00 00 00 00 00  ................
282f34035  00 00 00 00 00 00 00 00 00 00 00 00 00 00 00 00  ................
282f34045  00 00 00 00 00 00 00 00 00 00 00 00 00 00 00 00  ................
282f34055  00 00 00 00 00 00 00 00 00 00 00 00 00 00 00 00  ................
282f34065  00 00 00 00 00 00 00 00 00 00 00 00 00 00 00 00  ................
282f34075  00 00 00 00 00 00 00 00 00 00 00 00 00 00 00 00  ................
282f34085  00 00 00 00 00 00 00 00 00 00 00 00 00 00 00 00  ................
282f34095  00 00 00 00 00 00 00 00 00 00 00 00 00 00 00 00  ................
282f340a5  00 00 00 00 00 00 00 00 00 00 00 00 00 00 00 00  ................
282f340b5  00 00 00 00 00 00 00 00 00 00 00 00 00 00 00 00  ................
282f340c5  00 00 00 00 00 00 00 00 00 00 00 00 00 00 00 00  ................
282f340d5  00 00 00 00 00 00 00 00 00 00 00 00 00 00 00 00  ................

,	Aweme!0x775e7e0 this.args4 0x9ce51044 0x9ce51044

,	Aweme!0x775e7e0 this.args0 onLeave 0x10e806220             0  1  2  3  4  5  6  7  8  9  A  B  C  D  E  F  0123456789ABCDEF
10e806220  45 43 4e 4f 00 00 00 00 ff ff ff ff ff ff ff ff  ECNO............
10e806230  88 98 c0 0f 01 00 00 00 f8 78 9b 0f 01 00 00 00  .........x......
10e806240  00 79 9b 0f 01 00 00 00 40 98 c0 0f 01 00 00 00  .y......@.......
10e806250  68 98 c0 0f 01 00 00 00 64 98 c0 0f 01 00 00 00  h.......d.......
10e806260  50 b8 1d 11 01 00 00 00 6c 98 c0 0f 01 00 00 00  P.......l.......
10e806270  71 b8 1d 11 01 00 00 00 82 3c 18 0f 01 00 00 00  q........<......
10e806280  5b 1f 66 0f 01 00 00 00 00 00 00 00 00 00 00 00  [.f.............
10e806290  e8 51 50 0d 01 00 00 00 4c 67 21 0f 01 00 00 00  .QP.....Lg!.....
10e8062a0  a0 86 7e 10 01 00 00 00 48 67 21 0f 01 00 00 00  ..~.....Hg!.....
10e8062b0  00 00 00 00 00 00 00 00 00 00 00 00 00 00 00 00  ................
10e8062c0  7c eb 28 09 01 00 00 00 00 00 00 00 00 00 00 00  |.(.............
10e8062d0  c0 87 e9 0e 01 00 00 00 c4 87 e9 0e 01 00 00 00  ................
10e8062e0  92 a6 46 10 01 00 00 00 c8 87 e9 0e 01 00 00 00  ..F.............
10e8062f0  d0 87 e9 0e 01 00 00 00 cc 87 e9 0e 01 00 00 00  ................
10e806300  95 a6 46 10 01 00 00 00 d4 87 e9 0e 01 00 00 00  ..F.............
10e806310  98 a6 46 10 01 00 00 00 d8 87 e9 0e 01 00 00 00  ..F.............
10e806320  e0 87 e9 0e 01 00 00 00 9b a6 46 10 01 00 00 00  ..........F.....
10e806330  00 00 00 00 00 00 00 00 00 00 00 00 00 00 00 00  ................
10e806340  ff ff ff ff ff ff ff ff 00 00 00 00 00 00 00 00  ................
10e806350  e0 63 e6 08 01 00 00 00 64 65 e6 08 01 00 00 00  .c......de......
10e806360  6c 66 e6 08 01 00 00 00 b0 67 e6 08 01 00 00 00  lf.......g......
10e806370  f4 68 e6 08 01 00 00 00 04 6a e6 08 01 00 00 00  .h.......j......
10e806380  10 6b e6 08 01 00 00 00 00 00 00 00 00 00 00 00  .k..............
10e806390  c0 6b e6 08 01 00 00 00 44 6d e6 08 01 00 00 00  .k......Dm......
10e8063a0  4c 6e e6 08 01 00 00 00 90 6f e6 08 01 00 00 00  Ln.......o......
10e8063b0  d4 70 e6 08 01 00 00 00 e4 71 e6 08 01 00 00 00  .p.......q......
10e8063c0  f0 72 e6 08 01 00 00 00 00 00 00 00 00 00 00 00  .r..............
10e8063d0  04 53 e6 08 01 00 00 00 30 54 e6 08 01 00 00 00  .S......0T......
10e8063e0  80 55 e6 08 01 00 00 00 f0 56 e6 08 01 00 00 00  .U.......V......
10e8063f0  74 58 e6 08 01 00 00 00 80 59 e6 08 01 00 00 00  tX.......Y......
10e806400  8c 5a e6 08 01 00 00 00 00 00 00 00 00 00 00 00  .Z..............
10e806410  3c 5b e6 08 01 00 00 00 c0 5c e6 08 01 00 00 00  <[.......\......
10e806420  10 5e e6 08 01 00 00 00 94 5f e6 08 01 00 00 00  .^......._......
10e806430  18 61 e6 08 01 00 00 00 24 62 e6 08 01 00 00 00  .a......$b......
10e806440  30 63 e6 08 01 00 00 00 00 00 00 00 00 00 00 00  0c..............
10e806450  a0 73 e6 08 01 00 00 00 c4 74 e6 08 01 00 00 00  .s.......t......
10e806460  50 76 e6 08 01 00 00 00 a8 77 e6 08 01 00 00 00  Pv.......w......
10e806470  68 79 e6 08 01 00 00 00 94 7a e6 08 01 00 00 00  hy.......z......
10e806480  a0 7b e6 08 01 00 00 00 00 00 00 00 00 00 00 00  .{..............
10e806490  9c 8c e6 08 01 00 00 00 44 8e e6 08 01 00 00 00  ........D.......
10e8064a0  ec 8f e6 08 01 00 00 00 94 92 e6 08 01 00 00 00  ................
10e8064b0  30 95 e6 08 01 00 00 00 5c 97 e6 08 01 00 00 00  0.......\.......
10e8064c0  24 99 e6 08 01 00 00 00 00 00 00 00 00 00 00 00  $...............
10e8064d0  9c 9a e6 08 01 00 00 00 2c 9c e6 08 01 00 00 00  ........,.......
10e8064e0  dc 9c e6 08 01 00 00 00 4c 9d e6 08 01 00 00 00  ........L.......
10e8064f0  cc 9d e6 08 01 00 00 00 64 9e e6 08 01 00 00 00  ........d.......
10e806500  f4 9e e6 08 01 00 00 00 00 00 00 00 00 00 00 00  ................
10e806510  80 9f e6 08 01 00 00 00 ac 9f e6 08 01 00 00 00  ................
10e806520  28 a0 e6 08 01 00 00 00 b0 a0 e6 08 01 00 00 00  (...............
10e806530  3c a1 e6 08 01 00 00 00 b0 a1 e6 08 01 00 00 00  <...............
10e806540  24 a2 e6 08 01 00 00 00 00 00 00 00 00 00 00 00  $...............
10e806550  94 a2 e6 08 01 00 00 00 88 a5 e6 08 01 00 00 00  ................
10e806560  cc a6 e6 08 01 00 00 00 a4 a7 e6 08 01 00 00 00  ................
10e806570  7c a8 e6 08 01 00 00 00 dc a9 e6 08 01 00 00 00  |...............
10e806580  d4 aa e6 08 01 00 00 00 00 00 00 00 00 00 00 00  ................
10e806590  00 00 00 00 00 00 00 00 00 00 00 00 00 00 00 00  ................
10e8065a0  00 00 00 00 00 00 00 00 00 00 00 00 00 00 00 00  ................
10e8065b0  00 00 00 00 00 00 00 00 00 00 00 00 00 00 00 00  ................
10e8065c0  00 00 00 00 00 00 00 00 00 00 00 00 00 00 00 00  ................
10e8065d0  03 00 00 00 00 00 00 00 00 00 00 00 00 00 00 00  ................
10e8065e0  00 00 00 00 00 00 00 00 00 00 00 00 00 00 00 00  ................
10e8065f0  00 00 00 00 00 00 00 00 00 00 00 00 00 00 00 00  ................
10e806600  00 00 00 00 00 00 00 00 00 00 00 00 00 00 00 00  ................
10e806610  00 00 00 00 00 00 00 00 00 00 00 00 00 00 00 00  ................

,	Aweme!0x775e7e0 this.args1 onLeave 0x108e47278             0  1  2  3  4  5  6  7  8  9  A  B  C  D  E  F  0123456789ABCDEF
108e47278  a0 e5 02 f0 00 20 39 91 61 00 00 10 1f 20 03 d5  ..... 9.a.... ..
108e47288  2c 1d e2 14 80 00 00 b4 08 00 40 f9 01 05 40 f9  ,.........@...@.
108e47298  20 00 1f d6 c0 03 5f d6 e8 0b 00 f9 e1 03 00 91   ....._.........
108e472a8  33 bf fe 17 fc 6f ba a9 fa 67 01 a9 f8 5f 02 a9  3....o...g..._..
108e472b8  f6 57 03 a9 f4 4f 04 a9 fd 7b 05 a9 fd 43 01 91  .W...O...{...C..
108e472c8  ff 43 03 d1 eb 5e 9b 52 8b 78 bf 72 6c 29 8e 52  .C...^.R.x.rl).R
108e472d8  8c d1 bb 72 8d e7 92 52 0d 57 bb 72 ae 3e 9d 52  ...r...R.W.r.>.R
108e472e8  ce eb b7 72 af c3 86 52 0f be b7 72 70 58 8a 52  ...r...R...rpX.R
108e472f8  70 79 b6 72 51 bb 9f 52 f1 1a b6 72 db ae 8c 52  py.rQ..R...r...R
108e47308  3b dc b4 72 7c 49 88 52 1c a5 b4 72 33 3f 8d 52  ;..r|I.R...r3?.R
108e47318  b3 00 b2 72 54 d9 84 52 b4 20 b1 72 15 a9 8f 52  ...rT..R. .r...R
108e47328  35 a4 b0 72 40 db 94 52 c0 8e af 72 a1 55 92 52  5..r@..R...r.U.R
108e47338  e1 ae ac 72 42 f3 8b 52 a2 97 a9 72 a3 8d 80 52  ...rB..R...r...R
108e47348  a3 82 a7 72 24 16 82 52 c4 32 a7 72 25 ff 83 52  ...r$..R.2.r%..R
108e47358  85 07 a3 72 c6 55 8c 52 a6 6d a1 72 c8 2e 80 52  ...r.U.R.m.r...R
108e47368  a8 03 10 b8 e8 35 80 52 a9 13 00 d1 28 01 10 b8  .....5.R....(...
108e47378  a8 03 50 b8 a9 13 00 d1 29 01 50 b8 ea 03 00 32  ..P.....).P....2
108e47388  08 29 08 1b a8 03 18 b8 28 7d 09 1b 09 71 1d 53  .)......(}...q.S
108e47398  28 01 08 4b a8 43 18 b8 c7 d3 96 52 67 38 a3 72  (..K.C.....Rg8.r
108e473a8  16 49 82 52 f6 d9 b9 72 e8 f7 ff 10 1f 20 03 d5  .I.R...r..... ..
108e473b8  09 80 80 d2 89 00 a0 f2 89 20 c0 f2 09 01 09 8a  ......... ......
108e473c8  8a 20 80 52 2a 20 a0 72 29 01 0a aa 0a 08 82 d2  . .R* .r).......
108e473d8  4a 40 a1 f2 0a 08 cc f2 0a 14 e0 f2 48 01 28 aa  J@..........H.(.
108e473e8  0a 88 82 d2 ca 40 a1 f2 8a 28 cc f2 0a 14 e0 f2  .....@...(......
108e473f8  08 01 0a 8a 08 01 09 8b 89 98 9f d2 69 bc be f2  ............i...
108e47408  69 d7 d3 f2 e9 eb ff f2 08 01 09 ca a9 63 00 d1  i............c..
108e47418  28 01 10 f8 d7 a7 90 52 f7 e4 b9 72 78 f6 98 52  (......R...rx..R
108e47428  58 f8 b8 72 f9 de 96 52 39 1e ba 72 5a e4 9a 52  X..r...R9..rZ..R
108e47438  da 30 bb 72 c8 d3 96 52 68 38 a3 72 1f 01 16 6b  .0.r...Rh8.r...k
108e47448  a0 41 00 54 1f 01 15 6b 00 0b 00 54 1f 01 14 6b  .A.T...k...T...k
108e47458  20 0d 00 54 1f 01 13 6b e0 11 00 54 1f 01 1c 6b   ..T...k...T...k
108e47468  20 12 00 54 1f 01 1b 6b 60 12 00 54 1f 01 11 6b   ..T...k`..T...k
108e47478  80 14 00 54 1f 01 10 6b c0 16 00 54 1f 01 0f 6b  ...T...k...T...k
108e47488  00 19 00 54 1f 01 0e 6b e0 1a 00 54 1f 01 18 6b  ...T...k...T...k
108e47498  20 1b 00 54 1f 01 17 6b e0 1c 00 54 1f 01 19 6b   ..T...k...T...k
108e474a8  e0 1e 00 54 1f 01 1a 6b 60 1f 00 54 1f 01 0d 6b  ...T...k`..T...k
108e474b8  20 21 00 54 1f 01 0c 6b a0 21 00 54 69 6d 82 52   !.T...k.!.Tim.R
108e474c8  a9 fb bd 72 1f 01 09 6b 80 23 00 54 1f 01 0b 6b  ...r...k.#.T...k
108e474d8  e0 23 00 54 89 a8 93 52 e9 b8 a0 72 1f 01 09 6b  .#.T...R...r...k
108e474e8  40 26 00 54 1f 01 06 6b c0 26 00 54 29 a1 83 52  @&.T...k.&.T)..R
108e474f8  49 16 a2 72 1f 01 09 6b c0 26 00 54 69 04 9d 52  I..r...k.&.Ti..R
108e47508  09 53 a2 72 1f 01 09 6b 60 28 00 54 09 df 84 52  .S.r...k`(.T...R
108e47518  49 d8 a2 72 1f 01 09 6b a0 28 00 54 1f 01 05 6b  I..r...k.(.T...k
108e47528  00 29 00 54 1f 01 00 6b a0 2c 00 54 89 81 8c 52  .).T...k.,.T...R
108e47538  09 66 a3 72 1f 01 09 6b 80 2e 00 54 69 ba 88 52  .f.r...k...Ti..R
108e47548  29 71 a3 72 1f 01 09 6b 00 2f 00 54 1f 01 04 6b  )q.r...k./.T...k
108e47558  c0 30 00 54 1f 01 03 6b 00 31 00 54 1f 01 02 6b  .0.T...k.1.T...k
108e47568  40 31 00 54 09 cb 8b 52 c9 91 ab 72 1f 01 09 6b  @1.T...R...r...k
108e47578  20 33 00 54 1f 01 01 6b 40 35 00 54 c9 41 8a 52   3.T...k@5.T.A.R
108e47588  a9 11 af 72 1f 01 09 6b 40 35 00 54 1f 01 07 6b  ...r...k@5.T...k
108e47598  61 f5 ff 54 a8 03 58 b8 a9 43 58 b8 1f 01 09 6b  a..T..X..CX....k
108e475a8  68 02 85 1a a6 ff ff 17 c8 04 80 52 a8 83 14 b8  h..........R....
108e475b8  c8 2b 80 52 a8 43 14 b8 a8 83 54 b8 a9 43 54 b8  .+.R.C....T..CT.
108e475c8  08 7d 08 1b 08 75 1e 53 08 11 00 11 7e 02 80 52  .}...u.S....~..R
108e475d8  0a 09 de 1a 48 a1 1e 1b 1f 01 00 71 48 12 80 52  ....H......qH..R
108e475e8  20 01 48 7a 88 a8 93 52 e8 b8 a0 72 08 c1 8e 1a   .Hz...R...r....
108e475f8  93 ff ff 17 a8 03 9a b8 e9 cd 02 f0 29 19 41 f9  ............).A.
108e47608  aa 63 00 d1 4a 01 50 f8 29 01 0a 8b 20 79 68 f8  .c..J.P.)... yh.
108e47618  a8 e3 01 d1 01 01 40 f9 4d 30 00 94 7e 02 80 52  ......@.M0..~..R
108e47628  e8 03 1e aa 94 09 00 94 fe 03 08 aa e8 03 1e aa  ................
108e47638  7c 09 00 94 fe 03 08 aa 1f 00 00 71 40 db 94 52  |..........q@..R
108e47648  c0 8e af 72 e8 07 9f 1a a8 b3 19 38 a8 24 80 52  ...r.......8.$.R
108e47658  a8 83 13 b8 a8 20 80 52 a8 43 13 b8 a8 83 53 b8  ..... .R.C....S.
108e47668  a9 43 53 b8 08 7d 08 1b 08 75 1e 53 08 11 00 11  .CS..}...u.S....

,	Aweme!0x775e7e0 this.args2 onLeave 0x0 0x0

,	Aweme!0x775e7e0 this.args3 onLeave 0x282f33ce5             0  1  2  3  4  5  6  7  8  9  A  B  C  D  E  F  0123456789ABCDEF
282f33ce5  00 00 00 d7 03 55 83 02 00 00 00 66 52 b0 13 01  .....U.....fR...
282f33cf5  00 00 00 09 00 00 00 00 00 00 00 22 78 2d 74 74  ..........."x-tt
282f33d05  2d 74 6f 6b 65 6e 22 00 00 00 00 00 03 03 03 03  -token".........
282f33d15  03 03 04 a9 03 3c 82 02 00 00 00 01 00 00 00 00  .....<..........
282f33d25  00 00 00 20 ad d4 82 02 00 00 00 22 55 73 65 72  ... ......."User
282f33d35  2d 41 67 65 6e 74 22 00 00 00 00 40 3d 18 b4 49  -Agent"....@=..I
282f33d45  83 00 00 bb 03 00 00 00 00 00 00 4c 52 46 43 4c  ...........LRFCL
282f33d55  52 46 43 00 00 00 00 00 00 00 00 60 3d 18 b4 49  RFC........`=..I
282f33d65  83 00 00 d9 03 00 00 00 00 00 00 00 49 84 81 02  ............I...
282f33d75  00 00 00 40 a0 87 81 02 00 00 00 80 3d 18 b4 49  ...@........=..I
282f33d85  83 00 00 da 03 55 83 02 00 00 00 90 3d 18 b4 49  .....U......=..I
282f33d95  83 00 00 db 03 00 00 00 00 00 00 a0 3d 18 b4 49  ............=..I
282f33da5  83 00 00 75 02 55 83 02 00 00 00 4c 52 46 43 4c  ...u.U.....LRFCL
282f33db5  52 46 43 00 00 00 00 00 00 00 00 c0 3d 18 b4 49  RFC.........=..I
282f33dc5  83 00 00 b2 03 55 83 02 00 00 00 30 53 b0 13 01  .....U.....0S...
282f33dd5  00 00 00 1f 00 00 00 00 00 00 00 5f 53 b0 13 01  ..........._S...
282f33de5  00 00 00 20 00 00 00 00 00 00 00 33 50 b0 13 01  ... .......3P...
282f33df5  00 00 00 07 00 00 00 00 00 00 00 3a 52 b0 13 01  ...........:R...
282f33e05  00 00 00 09 00 00 00 00 00 00 00 10 3e 18 b4 49  ............>..I
282f33e15  83 00 00 b6 01 00 00 00 00 00 00 ef 51 b0 13 01  ............Q...
282f33e25  00 00 00 14 00 00 00 00 00 00 00 4d 52 b0 13 01  ...........MR...
282f33e35  00 00 00 09 00 00 00 00 00 00 00 9a 51 b0 13 01  ............Q...
282f33e45  00 00 00 18 00 00 00 00 00 00 00 20 52 b0 13 01  ........... R...
282f33e55  00 00 00 0d 00 00 00 00 00 00 00 37 51 b0 13 01  ...........7Q...
282f33e65  00 00 00 38 00 00 00 00 00 00 00 c5 51 b0 13 01  ...8........Q...
282f33e75  00 00 00 1d 00 00 00 00 00 00 00 06 51 b0 13 01  ............Q...
282f33e85  00 00 00 01 00 00 00 00 00 00 00 83 51 b0 13 01  ............Q...
282f33e95  00 00 00 07 00 00 00 00 00 00 00 ca 50 b0 13 01  ............P...
282f33ea5  00 00 00 0f 00 00 00 00 00 00 00 12 51 b0 13 01  ............Q...
282f33eb5  00 00 00 18 00 00 00 00 00 00 00 c0 3e 18 b4 49  ............>..I
282f33ec5  83 00 00 fb 07 00 00 00 00 00 00 e6 50 b0 13 01  ............P...
282f33ed5  00 00 00 05 00 00 00 00 00 00 00 00 00 00 00 00  ................
282f33ee5  00 00 00 00 00 00 00 00 00 00 00 00 00 00 00 00  ................
282f33ef5  00 00 00 00 00 00 00 00 00 00 00 00 00 00 00 00  ................
282f33f05  00 00 00 00 00 00 00 00 00 00 00 00 00 00 00 00  ................
282f33f15  00 00 00 00 00 00 00 00 00 00 00 00 00 00 00 00  ................
282f33f25  00 00 00 00 00 00 00 00 00 00 00 00 00 00 00 00  ................
282f33f35  00 00 00 00 00 00 00 00 00 00 00 00 00 00 00 00  ................
282f33f45  00 00 00 00 00 00 00 00 00 00 00 00 00 00 00 00  ................
282f33f55  00 00 00 00 00 00 00 00 00 00 00 00 00 00 00 00  ................
282f33f65  00 00 00 00 00 00 00 00 00 00 00 00 00 00 00 00  ................
282f33f75  00 00 00 00 00 00 00 00 00 00 00 00 00 00 00 00  ................
282f33f85  00 00 00 00 00 00 00 00 00 00 00 00 00 00 00 00  ................
282f33f95  00 00 00 00 00 00 00 00 00 00 00 00 00 00 00 00  ................
282f33fa5  00 00 00 00 00 00 00 00 00 00 00 00 00 00 00 00  ................
282f33fb5  00 00 00 00 00 00 00 00 00 00 00 00 00 00 00 00  ................
282f33fc5  00 00 00 00 00 00 00 00 00 00 00 00 00 00 00 00  ................
282f33fd5  00 00 00 00 00 00 00 00 00 00 00 00 00 00 00 00  ................
282f33fe5  00 00 00 00 00 00 00 00 00 00 00 00 00 00 00 00  ................
282f33ff5  00 00 00 00 00 00 00 00 00 00 00 00 00 00 00 00  ................
282f34005  00 00 00 00 00 00 00 00 00 00 00 00 00 00 00 00  ................
282f34015  00 00 00 00 00 00 00 00 00 00 00 00 00 00 00 00  ................
282f34025  00 00 00 00 00 00 00 00 00 00 00 00 00 00 00 00  ................
282f34035  00 00 00 00 00 00 00 00 00 00 00 00 00 00 00 00  ................
282f34045  00 00 00 00 00 00 00 00 00 00 00 00 00 00 00 00  ................
282f34055  00 00 00 00 00 00 00 00 00 00 00 00 00 00 00 00  ................
282f34065  00 00 00 00 00 00 00 00 00 00 00 00 00 00 00 00  ................
282f34075  00 00 00 00 00 00 00 00 00 00 00 00 00 00 00 00  ................
282f34085  00 00 00 00 00 00 00 00 00 00 00 00 00 00 00 00  ................
282f34095  00 00 00 00 00 00 00 00 00 00 00 00 00 00 00 00  ................
282f340a5  00 00 00 00 00 00 00 00 00 00 00 00 00 00 00 00  ................
282f340b5  00 00 00 00 00 00 00 00 00 00 00 00 00 00 00 00  ................
282f340c5  00 00 00 00 00 00 00 00 00 00 00 00 00 00 00 00  ................
282f340d5  00 00 00 00 00 00 00 00 00 00 00 00 00 00 00 00  ................

,	Aweme!0x775e7e0 this.args4 onLeave 0x9ce51044 0x9ce51044

,retval onLeave: 0x0 0x0

call Aweme!0x775e7e0
,	Aweme!0x775e7e0 this.args0 0x10e806220             0  1  2  3  4  5  6  7  8  9  A  B  C  D  E  F  0123456789ABCDEF
10e806220  45 43 4e 4f 00 00 00 00 ff ff ff ff ff ff ff ff  ECNO............
10e806230  88 98 c0 0f 01 00 00 00 f8 78 9b 0f 01 00 00 00  .........x......
10e806240  00 79 9b 0f 01 00 00 00 40 98 c0 0f 01 00 00 00  .y......@.......
10e806250  68 98 c0 0f 01 00 00 00 64 98 c0 0f 01 00 00 00  h.......d.......
10e806260  50 b8 1d 11 01 00 00 00 6c 98 c0 0f 01 00 00 00  P.......l.......
10e806270  71 b8 1d 11 01 00 00 00 82 3c 18 0f 01 00 00 00  q........<......
10e806280  5b 1f 66 0f 01 00 00 00 00 00 00 00 00 00 00 00  [.f.............
10e806290  e8 51 50 0d 01 00 00 00 4c 67 21 0f 01 00 00 00  .QP.....Lg!.....
10e8062a0  a0 86 7e 10 01 00 00 00 48 67 21 0f 01 00 00 00  ..~.....Hg!.....
10e8062b0  00 00 00 00 00 00 00 00 00 00 00 00 00 00 00 00  ................
10e8062c0  7c eb 28 09 01 00 00 00 00 00 00 00 00 00 00 00  |.(.............
10e8062d0  c0 87 e9 0e 01 00 00 00 c4 87 e9 0e 01 00 00 00  ................
10e8062e0  92 a6 46 10 01 00 00 00 c8 87 e9 0e 01 00 00 00  ..F.............
10e8062f0  d0 87 e9 0e 01 00 00 00 cc 87 e9 0e 01 00 00 00  ................
10e806300  95 a6 46 10 01 00 00 00 d4 87 e9 0e 01 00 00 00  ..F.............
10e806310  98 a6 46 10 01 00 00 00 d8 87 e9 0e 01 00 00 00  ..F.............
10e806320  e0 87 e9 0e 01 00 00 00 9b a6 46 10 01 00 00 00  ..........F.....
10e806330  00 00 00 00 00 00 00 00 00 00 00 00 00 00 00 00  ................
10e806340  ff ff ff ff ff ff ff ff 00 00 00 00 00 00 00 00  ................
10e806350  e0 63 e6 08 01 00 00 00 64 65 e6 08 01 00 00 00  .c......de......
10e806360  6c 66 e6 08 01 00 00 00 b0 67 e6 08 01 00 00 00  lf.......g......
10e806370  f4 68 e6 08 01 00 00 00 04 6a e6 08 01 00 00 00  .h.......j......
10e806380  10 6b e6 08 01 00 00 00 00 00 00 00 00 00 00 00  .k..............
10e806390  c0 6b e6 08 01 00 00 00 44 6d e6 08 01 00 00 00  .k......Dm......
10e8063a0  4c 6e e6 08 01 00 00 00 90 6f e6 08 01 00 00 00  Ln.......o......
10e8063b0  d4 70 e6 08 01 00 00 00 e4 71 e6 08 01 00 00 00  .p.......q......
10e8063c0  f0 72 e6 08 01 00 00 00 00 00 00 00 00 00 00 00  .r..............
10e8063d0  04 53 e6 08 01 00 00 00 30 54 e6 08 01 00 00 00  .S......0T......
10e8063e0  80 55 e6 08 01 00 00 00 f0 56 e6 08 01 00 00 00  .U.......V......
10e8063f0  74 58 e6 08 01 00 00 00 80 59 e6 08 01 00 00 00  tX.......Y......
10e806400  8c 5a e6 08 01 00 00 00 00 00 00 00 00 00 00 00  .Z..............
10e806410  3c 5b e6 08 01 00 00 00 c0 5c e6 08 01 00 00 00  <[.......\......
10e806420  10 5e e6 08 01 00 00 00 94 5f e6 08 01 00 00 00  .^......._......
10e806430  18 61 e6 08 01 00 00 00 24 62 e6 08 01 00 00 00  .a......$b......
10e806440  30 63 e6 08 01 00 00 00 00 00 00 00 00 00 00 00  0c..............
10e806450  a0 73 e6 08 01 00 00 00 c4 74 e6 08 01 00 00 00  .s.......t......
10e806460  50 76 e6 08 01 00 00 00 a8 77 e6 08 01 00 00 00  Pv.......w......
10e806470  68 79 e6 08 01 00 00 00 94 7a e6 08 01 00 00 00  hy.......z......
10e806480  a0 7b e6 08 01 00 00 00 00 00 00 00 00 00 00 00  .{..............
10e806490  9c 8c e6 08 01 00 00 00 44 8e e6 08 01 00 00 00  ........D.......
10e8064a0  ec 8f e6 08 01 00 00 00 94 92 e6 08 01 00 00 00  ................
10e8064b0  30 95 e6 08 01 00 00 00 5c 97 e6 08 01 00 00 00  0.......\.......
10e8064c0  24 99 e6 08 01 00 00 00 00 00 00 00 00 00 00 00  $...............
10e8064d0  9c 9a e6 08 01 00 00 00 2c 9c e6 08 01 00 00 00  ........,.......
10e8064e0  dc 9c e6 08 01 00 00 00 4c 9d e6 08 01 00 00 00  ........L.......
10e8064f0  cc 9d e6 08 01 00 00 00 64 9e e6 08 01 00 00 00  ........d.......
10e806500  f4 9e e6 08 01 00 00 00 00 00 00 00 00 00 00 00  ................
10e806510  80 9f e6 08 01 00 00 00 ac 9f e6 08 01 00 00 00  ................
10e806520  28 a0 e6 08 01 00 00 00 b0 a0 e6 08 01 00 00 00  (...............
10e806530  3c a1 e6 08 01 00 00 00 b0 a1 e6 08 01 00 00 00  <...............
10e806540  24 a2 e6 08 01 00 00 00 00 00 00 00 00 00 00 00  $...............
10e806550  94 a2 e6 08 01 00 00 00 88 a5 e6 08 01 00 00 00  ................
10e806560  cc a6 e6 08 01 00 00 00 a4 a7 e6 08 01 00 00 00  ................
10e806570  7c a8 e6 08 01 00 00 00 dc a9 e6 08 01 00 00 00  |...............
10e806580  d4 aa e6 08 01 00 00 00 00 00 00 00 00 00 00 00  ................
10e806590  00 00 00 00 00 00 00 00 00 00 00 00 00 00 00 00  ................
10e8065a0  00 00 00 00 00 00 00 00 00 00 00 00 00 00 00 00  ................
10e8065b0  00 00 00 00 00 00 00 00 00 00 00 00 00 00 00 00  ................
10e8065c0  00 00 00 00 00 00 00 00 00 00 00 00 00 00 00 00  ................
10e8065d0  03 00 00 00 00 00 00 00 00 00 00 00 00 00 00 00  ................
10e8065e0  00 00 00 00 00 00 00 00 00 00 00 00 00 00 00 00  ................
10e8065f0  00 00 00 00 00 00 00 00 00 00 00 00 00 00 00 00  ................
10e806600  00 00 00 00 00 00 00 00 00 00 00 00 00 00 00 00  ................
10e806610  00 00 00 00 00 00 00 00 00 00 00 00 00 00 00 00  ................

,	Aweme!0x775e7e0 this.args1 0x108e47278             0  1  2  3  4  5  6  7  8  9  A  B  C  D  E  F  0123456789ABCDEF
108e47278  a0 e5 02 f0 00 20 39 91 61 00 00 10 1f 20 03 d5  ..... 9.a.... ..
108e47288  2c 1d e2 14 80 00 00 b4 08 00 40 f9 01 05 40 f9  ,.........@...@.
108e47298  20 00 1f d6 c0 03 5f d6 e8 0b 00 f9 e1 03 00 91   ....._.........
108e472a8  33 bf fe 17 fc 6f ba a9 fa 67 01 a9 f8 5f 02 a9  3....o...g..._..
108e472b8  f6 57 03 a9 f4 4f 04 a9 fd 7b 05 a9 fd 43 01 91  .W...O...{...C..
108e472c8  ff 43 03 d1 eb 5e 9b 52 8b 78 bf 72 6c 29 8e 52  .C...^.R.x.rl).R
108e472d8  8c d1 bb 72 8d e7 92 52 0d 57 bb 72 ae 3e 9d 52  ...r...R.W.r.>.R
108e472e8  ce eb b7 72 af c3 86 52 0f be b7 72 70 58 8a 52  ...r...R...rpX.R
108e472f8  70 79 b6 72 51 bb 9f 52 f1 1a b6 72 db ae 8c 52  py.rQ..R...r...R
108e47308  3b dc b4 72 7c 49 88 52 1c a5 b4 72 33 3f 8d 52  ;..r|I.R...r3?.R
108e47318  b3 00 b2 72 54 d9 84 52 b4 20 b1 72 15 a9 8f 52  ...rT..R. .r...R
108e47328  35 a4 b0 72 40 db 94 52 c0 8e af 72 a1 55 92 52  5..r@..R...r.U.R
108e47338  e1 ae ac 72 42 f3 8b 52 a2 97 a9 72 a3 8d 80 52  ...rB..R...r...R
108e47348  a3 82 a7 72 24 16 82 52 c4 32 a7 72 25 ff 83 52  ...r$..R.2.r%..R
108e47358  85 07 a3 72 c6 55 8c 52 a6 6d a1 72 c8 2e 80 52  ...r.U.R.m.r...R
108e47368  a8 03 10 b8 e8 35 80 52 a9 13 00 d1 28 01 10 b8  .....5.R....(...
108e47378  a8 03 50 b8 a9 13 00 d1 29 01 50 b8 ea 03 00 32  ..P.....).P....2
108e47388  08 29 08 1b a8 03 18 b8 28 7d 09 1b 09 71 1d 53  .)......(}...q.S
108e47398  28 01 08 4b a8 43 18 b8 c7 d3 96 52 67 38 a3 72  (..K.C.....Rg8.r
108e473a8  16 49 82 52 f6 d9 b9 72 e8 f7 ff 10 1f 20 03 d5  .I.R...r..... ..
108e473b8  09 80 80 d2 89 00 a0 f2 89 20 c0 f2 09 01 09 8a  ......... ......
108e473c8  8a 20 80 52 2a 20 a0 72 29 01 0a aa 0a 08 82 d2  . .R* .r).......
108e473d8  4a 40 a1 f2 0a 08 cc f2 0a 14 e0 f2 48 01 28 aa  J@..........H.(.
108e473e8  0a 88 82 d2 ca 40 a1 f2 8a 28 cc f2 0a 14 e0 f2  .....@...(......
108e473f8  08 01 0a 8a 08 01 09 8b 89 98 9f d2 69 bc be f2  ............i...
108e47408  69 d7 d3 f2 e9 eb ff f2 08 01 09 ca a9 63 00 d1  i............c..
108e47418  28 01 10 f8 d7 a7 90 52 f7 e4 b9 72 78 f6 98 52  (......R...rx..R
108e47428  58 f8 b8 72 f9 de 96 52 39 1e ba 72 5a e4 9a 52  X..r...R9..rZ..R
108e47438  da 30 bb 72 c8 d3 96 52 68 38 a3 72 1f 01 16 6b  .0.r...Rh8.r...k
108e47448  a0 41 00 54 1f 01 15 6b 00 0b 00 54 1f 01 14 6b  .A.T...k...T...k
108e47458  20 0d 00 54 1f 01 13 6b e0 11 00 54 1f 01 1c 6b   ..T...k...T...k
108e47468  20 12 00 54 1f 01 1b 6b 60 12 00 54 1f 01 11 6b   ..T...k`..T...k
108e47478  80 14 00 54 1f 01 10 6b c0 16 00 54 1f 01 0f 6b  ...T...k...T...k
108e47488  00 19 00 54 1f 01 0e 6b e0 1a 00 54 1f 01 18 6b  ...T...k...T...k
108e47498  20 1b 00 54 1f 01 17 6b e0 1c 00 54 1f 01 19 6b   ..T...k...T...k
108e474a8  e0 1e 00 54 1f 01 1a 6b 60 1f 00 54 1f 01 0d 6b  ...T...k`..T...k
108e474b8  20 21 00 54 1f 01 0c 6b a0 21 00 54 69 6d 82 52   !.T...k.!.Tim.R
108e474c8  a9 fb bd 72 1f 01 09 6b 80 23 00 54 1f 01 0b 6b  ...r...k.#.T...k
108e474d8  e0 23 00 54 89 a8 93 52 e9 b8 a0 72 1f 01 09 6b  .#.T...R...r...k
108e474e8  40 26 00 54 1f 01 06 6b c0 26 00 54 29 a1 83 52  @&.T...k.&.T)..R
108e474f8  49 16 a2 72 1f 01 09 6b c0 26 00 54 69 04 9d 52  I..r...k.&.Ti..R
108e47508  09 53 a2 72 1f 01 09 6b 60 28 00 54 09 df 84 52  .S.r...k`(.T...R
108e47518  49 d8 a2 72 1f 01 09 6b a0 28 00 54 1f 01 05 6b  I..r...k.(.T...k
108e47528  00 29 00 54 1f 01 00 6b a0 2c 00 54 89 81 8c 52  .).T...k.,.T...R
108e47538  09 66 a3 72 1f 01 09 6b 80 2e 00 54 69 ba 88 52  .f.r...k...Ti..R
108e47548  29 71 a3 72 1f 01 09 6b 00 2f 00 54 1f 01 04 6b  )q.r...k./.T...k
108e47558  c0 30 00 54 1f 01 03 6b 00 31 00 54 1f 01 02 6b  .0.T...k.1.T...k
108e47568  40 31 00 54 09 cb 8b 52 c9 91 ab 72 1f 01 09 6b  @1.T...R...r...k
108e47578  20 33 00 54 1f 01 01 6b 40 35 00 54 c9 41 8a 52   3.T...k@5.T.A.R
108e47588  a9 11 af 72 1f 01 09 6b 40 35 00 54 1f 01 07 6b  ...r...k@5.T...k
108e47598  61 f5 ff 54 a8 03 58 b8 a9 43 58 b8 1f 01 09 6b  a..T..X..CX....k
108e475a8  68 02 85 1a a6 ff ff 17 c8 04 80 52 a8 83 14 b8  h..........R....
108e475b8  c8 2b 80 52 a8 43 14 b8 a8 83 54 b8 a9 43 54 b8  .+.R.C....T..CT.
108e475c8  08 7d 08 1b 08 75 1e 53 08 11 00 11 7e 02 80 52  .}...u.S....~..R
108e475d8  0a 09 de 1a 48 a1 1e 1b 1f 01 00 71 48 12 80 52  ....H......qH..R
108e475e8  20 01 48 7a 88 a8 93 52 e8 b8 a0 72 08 c1 8e 1a   .Hz...R...r....
108e475f8  93 ff ff 17 a8 03 9a b8 e9 cd 02 f0 29 19 41 f9  ............).A.
108e47608  aa 63 00 d1 4a 01 50 f8 29 01 0a 8b 20 79 68 f8  .c..J.P.)... yh.
108e47618  a8 e3 01 d1 01 01 40 f9 4d 30 00 94 7e 02 80 52  ......@.M0..~..R
108e47628  e8 03 1e aa 94 09 00 94 fe 03 08 aa e8 03 1e aa  ................
108e47638  7c 09 00 94 fe 03 08 aa 1f 00 00 71 40 db 94 52  |..........q@..R
108e47648  c0 8e af 72 e8 07 9f 1a a8 b3 19 38 a8 24 80 52  ...r.......8.$.R
108e47658  a8 83 13 b8 a8 20 80 52 a8 43 13 b8 a8 83 53 b8  ..... .R.C....S.
108e47668  a9 43 53 b8 08 7d 08 1b 08 75 1e 53 08 11 00 11  .CS..}...u.S....

,	Aweme!0x775e7e0 this.args2 0x120a8 0x120a8

,	Aweme!0x775e7e0 this.args3 0xe1 0xe1

,	Aweme!0x775e7e0 this.args4 0x6f 0x6f

,	Aweme!0x775e7e0 this.args0 onLeave 0x10e806220             0  1  2  3  4  5  6  7  8  9  A  B  C  D  E  F  0123456789ABCDEF
10e806220  45 43 4e 4f 00 00 00 00 ff ff ff ff ff ff ff ff  ECNO............
10e806230  88 98 c0 0f 01 00 00 00 f8 78 9b 0f 01 00 00 00  .........x......
10e806240  00 79 9b 0f 01 00 00 00 40 98 c0 0f 01 00 00 00  .y......@.......
10e806250  68 98 c0 0f 01 00 00 00 64 98 c0 0f 01 00 00 00  h.......d.......
10e806260  50 b8 1d 11 01 00 00 00 6c 98 c0 0f 01 00 00 00  P.......l.......
10e806270  71 b8 1d 11 01 00 00 00 82 3c 18 0f 01 00 00 00  q........<......
10e806280  5b 1f 66 0f 01 00 00 00 00 00 00 00 00 00 00 00  [.f.............
10e806290  e8 51 50 0d 01 00 00 00 4c 67 21 0f 01 00 00 00  .QP.....Lg!.....
10e8062a0  a0 86 7e 10 01 00 00 00 48 67 21 0f 01 00 00 00  ..~.....Hg!.....
10e8062b0  00 00 00 00 00 00 00 00 00 00 00 00 00 00 00 00  ................
10e8062c0  7c eb 28 09 01 00 00 00 00 00 00 00 00 00 00 00  |.(.............
10e8062d0  c0 87 e9 0e 01 00 00 00 c4 87 e9 0e 01 00 00 00  ................
10e8062e0  92 a6 46 10 01 00 00 00 c8 87 e9 0e 01 00 00 00  ..F.............
10e8062f0  d0 87 e9 0e 01 00 00 00 cc 87 e9 0e 01 00 00 00  ................
10e806300  95 a6 46 10 01 00 00 00 d4 87 e9 0e 01 00 00 00  ..F.............
10e806310  98 a6 46 10 01 00 00 00 d8 87 e9 0e 01 00 00 00  ..F.............
10e806320  e0 87 e9 0e 01 00 00 00 9b a6 46 10 01 00 00 00  ..........F.....
10e806330  00 00 00 00 00 00 00 00 00 00 00 00 00 00 00 00  ................
10e806340  ff ff ff ff ff ff ff ff 00 00 00 00 00 00 00 00  ................
10e806350  e0 63 e6 08 01 00 00 00 64 65 e6 08 01 00 00 00  .c......de......
10e806360  6c 66 e6 08 01 00 00 00 b0 67 e6 08 01 00 00 00  lf.......g......
10e806370  f4 68 e6 08 01 00 00 00 04 6a e6 08 01 00 00 00  .h.......j......
10e806380  10 6b e6 08 01 00 00 00 00 00 00 00 00 00 00 00  .k..............
10e806390  c0 6b e6 08 01 00 00 00 44 6d e6 08 01 00 00 00  .k......Dm......
10e8063a0  4c 6e e6 08 01 00 00 00 90 6f e6 08 01 00 00 00  Ln.......o......
10e8063b0  d4 70 e6 08 01 00 00 00 e4 71 e6 08 01 00 00 00  .p.......q......
10e8063c0  f0 72 e6 08 01 00 00 00 00 00 00 00 00 00 00 00  .r..............
10e8063d0  04 53 e6 08 01 00 00 00 30 54 e6 08 01 00 00 00  .S......0T......
10e8063e0  80 55 e6 08 01 00 00 00 f0 56 e6 08 01 00 00 00  .U.......V......
10e8063f0  74 58 e6 08 01 00 00 00 80 59 e6 08 01 00 00 00  tX.......Y......
10e806400  8c 5a e6 08 01 00 00 00 00 00 00 00 00 00 00 00  .Z..............
10e806410  3c 5b e6 08 01 00 00 00 c0 5c e6 08 01 00 00 00  <[.......\......
10e806420  10 5e e6 08 01 00 00 00 94 5f e6 08 01 00 00 00  .^......._......
10e806430  18 61 e6 08 01 00 00 00 24 62 e6 08 01 00 00 00  .a......$b......
10e806440  30 63 e6 08 01 00 00 00 00 00 00 00 00 00 00 00  0c..............
10e806450  a0 73 e6 08 01 00 00 00 c4 74 e6 08 01 00 00 00  .s.......t......
10e806460  50 76 e6 08 01 00 00 00 a8 77 e6 08 01 00 00 00  Pv.......w......
10e806470  68 79 e6 08 01 00 00 00 94 7a e6 08 01 00 00 00  hy.......z......
10e806480  a0 7b e6 08 01 00 00 00 00 00 00 00 00 00 00 00  .{..............
10e806490  9c 8c e6 08 01 00 00 00 44 8e e6 08 01 00 00 00  ........D.......
10e8064a0  ec 8f e6 08 01 00 00 00 94 92 e6 08 01 00 00 00  ................
10e8064b0  30 95 e6 08 01 00 00 00 5c 97 e6 08 01 00 00 00  0.......\.......
10e8064c0  24 99 e6 08 01 00 00 00 00 00 00 00 00 00 00 00  $...............
10e8064d0  9c 9a e6 08 01 00 00 00 2c 9c e6 08 01 00 00 00  ........,.......
10e8064e0  dc 9c e6 08 01 00 00 00 4c 9d e6 08 01 00 00 00  ........L.......
10e8064f0  cc 9d e6 08 01 00 00 00 64 9e e6 08 01 00 00 00  ........d.......
10e806500  f4 9e e6 08 01 00 00 00 00 00 00 00 00 00 00 00  ................
10e806510  80 9f e6 08 01 00 00 00 ac 9f e6 08 01 00 00 00  ................
10e806520  28 a0 e6 08 01 00 00 00 b0 a0 e6 08 01 00 00 00  (...............
10e806530  3c a1 e6 08 01 00 00 00 b0 a1 e6 08 01 00 00 00  <...............
10e806540  24 a2 e6 08 01 00 00 00 00 00 00 00 00 00 00 00  $...............
10e806550  94 a2 e6 08 01 00 00 00 88 a5 e6 08 01 00 00 00  ................
10e806560  cc a6 e6 08 01 00 00 00 a4 a7 e6 08 01 00 00 00  ................
10e806570  7c a8 e6 08 01 00 00 00 dc a9 e6 08 01 00 00 00  |...............
10e806580  d4 aa e6 08 01 00 00 00 00 00 00 00 00 00 00 00  ................
10e806590  00 00 00 00 00 00 00 00 00 00 00 00 00 00 00 00  ................
10e8065a0  00 00 00 00 00 00 00 00 00 00 00 00 00 00 00 00  ................
10e8065b0  00 00 00 00 00 00 00 00 00 00 00 00 00 00 00 00  ................
10e8065c0  00 00 00 00 00 00 00 00 00 00 00 00 00 00 00 00  ................
10e8065d0  03 00 00 00 00 00 00 00 00 00 00 00 00 00 00 00  ................
10e8065e0  00 00 00 00 00 00 00 00 00 00 00 00 00 00 00 00  ................
10e8065f0  00 00 00 00 00 00 00 00 00 00 00 00 00 00 00 00  ................
10e806600  00 00 00 00 00 00 00 00 00 00 00 00 00 00 00 00  ................
10e806610  00 00 00 00 00 00 00 00 00 00 00 00 00 00 00 00  ................

,	Aweme!0x775e7e0 this.args1 onLeave 0x108e47278             0  1  2  3  4  5  6  7  8  9  A  B  C  D  E  F  0123456789ABCDEF
108e47278  a0 e5 02 f0 00 20 39 91 61 00 00 10 1f 20 03 d5  ..... 9.a.... ..
108e47288  2c 1d e2 14 80 00 00 b4 08 00 40 f9 01 05 40 f9  ,.........@...@.
108e47298  20 00 1f d6 c0 03 5f d6 e8 0b 00 f9 e1 03 00 91   ....._.........
108e472a8  33 bf fe 17 fc 6f ba a9 fa 67 01 a9 f8 5f 02 a9  3....o...g..._..
108e472b8  f6 57 03 a9 f4 4f 04 a9 fd 7b 05 a9 fd 43 01 91  .W...O...{...C..
108e472c8  ff 43 03 d1 eb 5e 9b 52 8b 78 bf 72 6c 29 8e 52  .C...^.R.x.rl).R
108e472d8  8c d1 bb 72 8d e7 92 52 0d 57 bb 72 ae 3e 9d 52  ...r...R.W.r.>.R
108e472e8  ce eb b7 72 af c3 86 52 0f be b7 72 70 58 8a 52  ...r...R...rpX.R
108e472f8  70 79 b6 72 51 bb 9f 52 f1 1a b6 72 db ae 8c 52  py.rQ..R...r...R
108e47308  3b dc b4 72 7c 49 88 52 1c a5 b4 72 33 3f 8d 52  ;..r|I.R...r3?.R
108e47318  b3 00 b2 72 54 d9 84 52 b4 20 b1 72 15 a9 8f 52  ...rT..R. .r...R
108e47328  35 a4 b0 72 40 db 94 52 c0 8e af 72 a1 55 92 52  5..r@..R...r.U.R
108e47338  e1 ae ac 72 42 f3 8b 52 a2 97 a9 72 a3 8d 80 52  ...rB..R...r...R
108e47348  a3 82 a7 72 24 16 82 52 c4 32 a7 72 25 ff 83 52  ...r$..R.2.r%..R
108e47358  85 07 a3 72 c6 55 8c 52 a6 6d a1 72 c8 2e 80 52  ...r.U.R.m.r...R
108e47368  a8 03 10 b8 e8 35 80 52 a9 13 00 d1 28 01 10 b8  .....5.R....(...
108e47378  a8 03 50 b8 a9 13 00 d1 29 01 50 b8 ea 03 00 32  ..P.....).P....2
108e47388  08 29 08 1b a8 03 18 b8 28 7d 09 1b 09 71 1d 53  .)......(}...q.S
108e47398  28 01 08 4b a8 43 18 b8 c7 d3 96 52 67 38 a3 72  (..K.C.....Rg8.r
108e473a8  16 49 82 52 f6 d9 b9 72 e8 f7 ff 10 1f 20 03 d5  .I.R...r..... ..
108e473b8  09 80 80 d2 89 00 a0 f2 89 20 c0 f2 09 01 09 8a  ......... ......
108e473c8  8a 20 80 52 2a 20 a0 72 29 01 0a aa 0a 08 82 d2  . .R* .r).......
108e473d8  4a 40 a1 f2 0a 08 cc f2 0a 14 e0 f2 48 01 28 aa  J@..........H.(.
108e473e8  0a 88 82 d2 ca 40 a1 f2 8a 28 cc f2 0a 14 e0 f2  .....@...(......
108e473f8  08 01 0a 8a 08 01 09 8b 89 98 9f d2 69 bc be f2  ............i...
108e47408  69 d7 d3 f2 e9 eb ff f2 08 01 09 ca a9 63 00 d1  i............c..
108e47418  28 01 10 f8 d7 a7 90 52 f7 e4 b9 72 78 f6 98 52  (......R...rx..R
108e47428  58 f8 b8 72 f9 de 96 52 39 1e ba 72 5a e4 9a 52  X..r...R9..rZ..R
108e47438  da 30 bb 72 c8 d3 96 52 68 38 a3 72 1f 01 16 6b  .0.r...Rh8.r...k
108e47448  a0 41 00 54 1f 01 15 6b 00 0b 00 54 1f 01 14 6b  .A.T...k...T...k
108e47458  20 0d 00 54 1f 01 13 6b e0 11 00 54 1f 01 1c 6b   ..T...k...T...k
108e47468  20 12 00 54 1f 01 1b 6b 60 12 00 54 1f 01 11 6b   ..T...k`..T...k
108e47478  80 14 00 54 1f 01 10 6b c0 16 00 54 1f 01 0f 6b  ...T...k...T...k
108e47488  00 19 00 54 1f 01 0e 6b e0 1a 00 54 1f 01 18 6b  ...T...k...T...k
108e47498  20 1b 00 54 1f 01 17 6b e0 1c 00 54 1f 01 19 6b   ..T...k...T...k
108e474a8  e0 1e 00 54 1f 01 1a 6b 60 1f 00 54 1f 01 0d 6b  ...T...k`..T...k
108e474b8  20 21 00 54 1f 01 0c 6b a0 21 00 54 69 6d 82 52   !.T...k.!.Tim.R
108e474c8  a9 fb bd 72 1f 01 09 6b 80 23 00 54 1f 01 0b 6b  ...r...k.#.T...k
108e474d8  e0 23 00 54 89 a8 93 52 e9 b8 a0 72 1f 01 09 6b  .#.T...R...r...k
108e474e8  40 26 00 54 1f 01 06 6b c0 26 00 54 29 a1 83 52  @&.T...k.&.T)..R
108e474f8  49 16 a2 72 1f 01 09 6b c0 26 00 54 69 04 9d 52  I..r...k.&.Ti..R
108e47508  09 53 a2 72 1f 01 09 6b 60 28 00 54 09 df 84 52  .S.r...k`(.T...R
108e47518  49 d8 a2 72 1f 01 09 6b a0 28 00 54 1f 01 05 6b  I..r...k.(.T...k
108e47528  00 29 00 54 1f 01 00 6b a0 2c 00 54 89 81 8c 52  .).T...k.,.T...R
108e47538  09 66 a3 72 1f 01 09 6b 80 2e 00 54 69 ba 88 52  .f.r...k...Ti..R
108e47548  29 71 a3 72 1f 01 09 6b 00 2f 00 54 1f 01 04 6b  )q.r...k./.T...k
108e47558  c0 30 00 54 1f 01 03 6b 00 31 00 54 1f 01 02 6b  .0.T...k.1.T...k
108e47568  40 31 00 54 09 cb 8b 52 c9 91 ab 72 1f 01 09 6b  @1.T...R...r...k
108e47578  20 33 00 54 1f 01 01 6b 40 35 00 54 c9 41 8a 52   3.T...k@5.T.A.R
108e47588  a9 11 af 72 1f 01 09 6b 40 35 00 54 1f 01 07 6b  ...r...k@5.T...k
108e47598  61 f5 ff 54 a8 03 58 b8 a9 43 58 b8 1f 01 09 6b  a..T..X..CX....k
108e475a8  68 02 85 1a a6 ff ff 17 c8 04 80 52 a8 83 14 b8  h..........R....
108e475b8  c8 2b 80 52 a8 43 14 b8 a8 83 54 b8 a9 43 54 b8  .+.R.C....T..CT.
108e475c8  08 7d 08 1b 08 75 1e 53 08 11 00 11 7e 02 80 52  .}...u.S....~..R
108e475d8  0a 09 de 1a 48 a1 1e 1b 1f 01 00 71 48 12 80 52  ....H......qH..R
108e475e8  20 01 48 7a 88 a8 93 52 e8 b8 a0 72 08 c1 8e 1a   .Hz...R...r....
108e475f8  93 ff ff 17 a8 03 9a b8 e9 cd 02 f0 29 19 41 f9  ............).A.
108e47608  aa 63 00 d1 4a 01 50 f8 29 01 0a 8b 20 79 68 f8  .c..J.P.)... yh.
108e47618  a8 e3 01 d1 01 01 40 f9 4d 30 00 94 7e 02 80 52  ......@.M0..~..R
108e47628  e8 03 1e aa 94 09 00 94 fe 03 08 aa e8 03 1e aa  ................
108e47638  7c 09 00 94 fe 03 08 aa 1f 00 00 71 40 db 94 52  |..........q@..R
108e47648  c0 8e af 72 e8 07 9f 1a a8 b3 19 38 a8 24 80 52  ...r.......8.$.R
108e47658  a8 83 13 b8 a8 20 80 52 a8 43 13 b8 a8 83 53 b8  ..... .R.C....S.
108e47668  a9 43 53 b8 08 7d 08 1b 08 75 1e 53 08 11 00 11  .CS..}...u.S....

,	Aweme!0x775e7e0 this.args2 onLeave 0x120a8 0x120a8

,	Aweme!0x775e7e0 this.args3 onLeave 0xe1 0xe1

,	Aweme!0x775e7e0 this.args4 onLeave 0x6f 0x6f

,retval onLeave: 0x0 0x0

[end signal]{
    "X-Argus" = "8SCBbv5C2//aNleKtEh/0WlX2fdh3B6pytlg8E7m2MqfRkZSShk4YjkOryeVdTPrD7YxZg7JAEW0xtEfjAMndJgJILBqhuLEDmykGKDwepTYen/wBA6h4H/kE8VjCy7Fr1ADcaT0gcjSEvAt+fF+i7k36FNvn1Qo2rNAY5V84yllRcgry4EAfcc5rG8rjpjp1dmq7CmrK4alntNKJOny2glhFMu6sGIXuAftjcJz8yX4Tw==";
    "X-Gorgon" = 8404a02c000050d2aea58667d56ec83b6b34f81a7b98051ce010;
    "X-Khronos" = 1618201440;
    "X-Ladon" = "qzG8QmCKicl6dfiNLH+4PzC3gAoaGS0W8rhGcrqiwh1/3o4A";
    "X-Tyhon" = "YFFN/UH6A68F4E39DvsfuRS1TbIP5wmoQbVNx/M=";
}
Aweme!0x3e83398 1
Aweme!0x3e70d30 1
Aweme!0x3ed9d58 5
Aweme!0x3e5cbf4 1
Aweme!0x3e872b0 10
Aweme!0x3e711e8 1
Aweme!0x3ea8ba8 55
Aweme!0x3eda3e0 4
Aweme!0x3ec92dc 1
Aweme!0x3ed3264 257
Aweme!0x3e87254 7
Aweme!0x3e7118c 2
Aweme!0x3e8a230 1
Aweme!0x3e617bc 1
Aweme!0x3ea8d1c 1
Aweme!0x3ea1630 2
Aweme!0x3e71300 1
Aweme!0x3ea8cc0 3
Aweme!0x3e86fcc 4
Aweme!0x3ed3150 41
Aweme!0x3e87d94 2
Aweme!0x3eca8a0 1
Aweme!0x3e4e730 2
Aweme!0x3ecaa14 5
Aweme!0x3edb264 1
Aweme!0x3ee1390 1
Aweme!0x3ed32c4 2
Aweme!0x3e7019c 1
Aweme!0x3e52134 5
Aweme!0x3e70140 1
Aweme!0x3e8a290 1
Aweme!0x3e70d94 1
Aweme!0x3e67890 4
Aweme!0x3ed31b0 1
Aweme!0x3e58b14 236
Aweme!0x3e7141c 1
Aweme!0x3e7124c 5
Aweme!0x3e86f74 1
Aweme!0x3e84dbc 1
Aweme!0x3ea8bb0 69
Aweme!0x3e4de24 9
Aweme!0x3edb20c 2
Aweme!0x3e708e0 1
Aweme!0x3e70fc4 4
Aweme!0x3e88764 1
Aweme!0x3e8c790 2
Aweme!0x3e87200 1
Aweme!0x3ea1b4c 1
Aweme!0x3ea197c 28
Aweme!0x3e868f0 5
Aweme!0x775e078 9
Aweme!0x3e86fd4 4
Aweme!0x3e52080 14
Aweme!0x3ead4f0 1
Aweme!0x3e713bc 1
Aweme!0x3ed4bd0 1
Aweme!0x3e71080 2
Aweme!0x3ea1a94 1
Aweme!0x3e70b10 12
Aweme!0x3ecd59c 2
Aweme!0x3ecaa78 1
Aweme!0x3eda21c 2
Aweme!0x3e71368 2
Aweme!0x3ed9e7c 3
Aweme!0x3e90e48 1
Aweme!0x3ea7994 4
Aweme!0x3ed7070 2
Aweme!0x3ecb2d0 57
Aweme!0x3e520e0 14
Aweme!0x3e70bcc 1
Aweme!0x3eb1c60 1
Aweme!0x775c5a8 7
Aweme!0x3ecaca8 1
Aweme!0x3ea03c0 1
Aweme!0x3e5c520 2
Aweme!0x3edad5c 2
Aweme!0x3e8a128 1
Aweme!0x3ee7920 4
Aweme!0x3ec9348 2
Aweme!0x3ed72a0 1
Aweme!0x3ea1188 1
Aweme!0x3e5d118 1
Aweme!0x3e71028 1
Aweme!0x3ea169c 2
Aweme!0x3e926f4 1
Aweme!0x3e67728 3
Aweme!0x3ecb278 1
Aweme!0x3e70f70 2
Aweme!0x3e92868 1
Aweme!0x3e86fdc 1
Aweme!0x3ea1928 1
Aweme!0x3e71428 1
Aweme!0x3e90f08 1
Aweme!0x3ed69f0 1
Aweme!0x3eca340 6
Aweme!0x3e4e740 4
Aweme!0x3ecb164 1
Aweme!0x3e711fc 1
Aweme!0x775d148 23
Aweme!0x3e8a244 1
Aweme!0x3e70fd0 4
Aweme!0x3ecb9bc 3
Aweme!0x3e61204 2
Aweme!0x3ea8cd4 3
Aweme!0x775e084 6
Aweme!0x3e4dd78 1
Aweme!0x3e71488 1
Aweme!0x3e5208c 5
Aweme!0x3e70d48 2
Aweme!0x3e5cc68 2
Aweme!0x3ea03c8 9
Aweme!0x3e624e0 2
Aweme!0x3e57394 1
Aweme!0x3ecb1c4 1
Aweme!0x3ea1c70 1
Aweme!0x3ea7c28 5
Aweme!0x3eda3f8 3
Aweme!0x3e70550 3
Aweme!0x3e71374 2
Aweme!0x3e928cc 2
Aweme!0x3eb31d0 4
Aweme!0x3e71318 3
Aweme!0x3e520ec 6
Aweme!0x3e70da8 5
Aweme!0x3e70bd8 3
Aweme!0x3e5c1e8 1
Aweme!0x3e7ce8c 4
Aweme!0x3ea8c7c 2
Aweme!0x3e71430 3
Aweme!0x3ecac58 52
Aweme!0x775dfd0 38
Aweme!0x3e84a30 1
Aweme!0x3ed32dc 257
Aweme!0x3ecda08 1
Aweme!0x3ee5718 6
Aweme!0x3e8c7a4 2
Aweme!0x775e828 9
Aweme!0x3ecb9c4 4
Aweme!0x3ea164c 1
Aweme!0x3ed3224 256
Aweme!0x3e5cb58 2
Aweme!0x3e9a300 2
Aweme!0x3e7114c 1
Aweme!0x3e70f7c 1
Aweme!0x3e86ad4 2
Aweme!0x3ea0828 7
Aweme!0x3ea1764 1
Aweme!0x3ead334 1
Aweme!0x3e68100 1
Aweme!0x3e58a74 472
Aweme!0x775e888 1
Aweme!0x3ecf140 1
Aweme!0x3ecc730 1
Aweme!0x3ed67d0 6
Aweme!0x3ed30b4 4
Aweme!0x3ed9e90 5
Aweme!0x3e711ac 3
Aweme!0x775c7e8 410
Aweme!0x3e87048 2
Aweme!0x775e090 3
Aweme!0x3e51f24 5
Aweme!0x3eca7a8 4
Aweme!0x3e70db0 21
Aweme!0x3e70100 2
Aweme!0x3e93d80 8
Aweme!0x3ede65c 1
Aweme!0x3ee4b84 8
Aweme!0x3e523dc 2
Aweme!0x3ea8c28 4
Aweme!0x3e70b28 12
Aweme!0x3ea170c 9
Aweme!0x3ecec30 19
Aweme!0x3ecc8a8 1
Aweme!0x775d328 2
Aweme!0x3ecf828 1
Aweme!0x3e8a13c 1
Aweme!0x3ecb118 3
Aweme!0x3ee5894 2
Aweme!0x3e71268 1
Aweme!0x3ecda6c 2
Aweme!0x3e4e698 2
Aweme!0x3ea1998 1
Aweme!0x3edb340 2
Aweme!0x3e71668 9
Aweme!0x3ed9ddc 8
Aweme!0x3e86adc 1
Aweme!0x3ed4a78 1
Aweme!0x3e58964 1
Aweme!0x3e67854 1
Aweme!0x3eda120 1
Aweme!0x3e87334 5
Aweme!0x3ed3344 1
Aweme!0x3e90ec0 1
Aweme!0x3eda408 2
Aweme!0x3ea16b4 45
Aweme!0x775e834 2
Aweme!0x3e516d4 7
Aweme!0x3edacbc 1
Aweme!0x3e51f88 10
Aweme!0x3e89ce8 1
Aweme!0x3e71328 1
Aweme!0x3ed328c 2
Aweme!0x3edb174 1
Aweme!0x3e86ff4 2
Aweme!0x3ecc90c 2
Aweme!0x775ec90 6
Aweme!0x3e67688 3
Aweme!0x775e720 6
Aweme!0x3e52044 3
Aweme!0x3ee4790 1
Aweme!0x3e71440 1
Aweme!0x3e71270 3
Aweme!0x3e872dc 5
Aweme!0x3ecf88c 2
Aweme!0x3e70ca4 2
Aweme!0x3e5c824 2
Aweme!0x3ed7260 1
Aweme!0x3ecb9d4 1
Aweme!0x775c7f4 38
Aweme!0x3e70dbc 1
Aweme!0x3e86ae4 1
Aweme!0x3e714a0 2
Aweme!0x3ecaaf8 1
Aweme!0x3e709c0 30
Aweme!0x3e523e8 2
Aweme!0x3ecfc30 1
Aweme!0x3e84c14 1
Aweme!0x3ecb180 19
Aweme!0x3e71218 3
Aweme!0x3e86ba0 3
Aweme!0x3ea6110 2
Aweme!0x3e70e1c 2
Aweme!0x3ed3238 6
Aweme!0x775e7e0 2
Aweme!0x3e70f90 2
Aweme!0x3ea1b74 10
Aweme!0x3ee5674 4
Aweme!0x3e5de48 2
Aweme!0x3e51ed8 14
Aweme!0x3eac354 1
Aweme!0x3e71448 1
Aweme!0x3ecb1e0 1
Aweme!0x3eaea20 11
Aweme!0x3e56530 1
Aweme!0x3ed32f4 2
Aweme!0x3e4e1f0 9
Aweme!0x3e70d08 2
Aweme!0x3ecb9dc 7
Aweme!0x3ea1664 1
Aweme!0x3e885c0 1
Aweme!0x3ed3010 516
Aweme!0x3e71108 1
Aweme!0x3e70f38 3
Aweme!0x3e7cea8 2
Aweme!0x3eca930 14
Aweme!0x3e67a34 1
Aweme!0x3e67c04 1
Aweme!0x3e60518 1
Aweme!0x3e523f0 5
Aweme!0x3ea7e18 52
Aweme!0x3ea3c78 1
Aweme!0x3e84a4c 1
Aweme!0x3ecb188 2
Aweme!0x3ecafb8 1
Aweme!0x3ead464 1
Aweme!0x3ed30cc 3
Aweme!0x3ed9ea8 5
Aweme!0x3e711c4 2
Aweme!0x3ed7210 1
Aweme!0x3ecb2a0 24
Aweme!0x3e7cf08 2
Aweme!0x3e57ef4 18
Aweme!0x3ed3240 1
Aweme!0x3e86920 5
Aweme!0x3ed31e4 258
Aweme!0x3e712dc 3
Aweme!0x775e78c 238
Aweme!0x3ed9fc0 1
Aweme!0x3ed3358 3
Aweme!0x775e390 3
Aweme!0x3ede618 2
Aweme!0x3edded8 1
Aweme!0x3ecef8c 1
Aweme!0x3e90ed4 1
Aweme!0x3e713f4 1
Aweme!0x3ecabc0 5
Aweme!0x3ecb9e4 7
Aweme!0x3eca820 4
Aweme!0x3ea1d50 1
Aweme!0x3e51f40 3
Aweme!0x3e714b0 1
Aweme!0x775c5d8 32
Aweme!0x3e5e594 1
Aweme!0x3e70ba0 10
Aweme!0x3e5e8d8 1
Aweme!0x3e868c8 5
Aweme!0x3e71284 1
Aweme!0x3e70b44 9
Aweme!0x3e4f5ec 2
Aweme!0x3e51918 7
Aweme!0x3e67810 56
Aweme!0x3ea1ac8 1
Aweme!0x3e6057c 2
Aweme!0x3e61858 1
Aweme!0x3eac818 1
Aweme!0x3ecb134 1
Aweme!0x3e8c880 4
Aweme!0x3ecfd58 1
Aweme!0x3e711cc 2
Aweme!0x3ecaf64 1
Aweme!0x3eda368 1
Aweme!0x3ecf3ec 2
Aweme!0x3e523fc 7
Aweme!0x3e710b8 2
Aweme!0x3e5205c 11
Aweme!0x3e7ce58 4
Aweme!0x3eca540 4
Aweme!0x3ecf504 1
Aweme!0x3ea6180 1
Aweme!0x3e872f4 2
Aweme!0x3ed7104 4
Aweme!0x3ed3304 1
Aweme!0x3ed32a8 3
Aweme!0x3e870c8 2
Aweme!0x3e51fa4 3
Aweme!0x3ea0f90 1
Aweme!0x3ee4520 2
Aweme!0x3eda3c8 3
Aweme!0x3eda028 1
Aweme!0x3ea8d04 7
Aweme!0x3e5e93c 2
Aweme!0x3e712e8 2
Aweme!0x3ea7e84 1
Aweme!0x3eac8d8 1
Aweme!0x3e618bc 2
Aweme!0x3e7128c 6
Aweme!0x775e39c 7
Aweme!0x3e86de4 1
Aweme!0x3e70d1c 2
Aweme!0x3e71400 1
Aweme!0x775b534 2
Aweme!0x3ecaa58 11
Aweme!0x3e70920 1
Aweme!0x3ed9eb8 4
Aweme!0x3e713a4 1
Aweme!0x3e67b00 2
Aweme!0x3ea12d8 1
Aweme!0x775e7f8 1
Aweme!0x3e58b58 236
Aweme!0x3e5c5b8 1
Aweme!0x3eca9a0 1
Aweme!0x3e520c0 3
Aweme!0x3e70d7c 2
Aweme!0x3e7111c 2
Aweme!0x3e93da8 2
Aweme!0x3e70980 29
Aweme!0x3e70af4 21
Aweme!0x3eda5fc 1
Aweme!0x3e8c7d4 2
Aweme!0x3e4e71c 4
Aweme!0x3ecfd64 1
Aweme!0x3ea8d0c 410
Aweme!0x3eca9a4 4
Aweme!0x3eca604 3
Aweme!0x3ed3028 814
Aweme!0x3ed31f8 2
Aweme!0x3ee49e0 1
Aweme!0x3ecb02c 2
Aweme!0x3e71294 2
Aweme!0x3ecb1fc 1
Aweme!0x3e86dec 1
Aweme!0x3ea7a90 8
Aweme!0x3e67bc0 2
Aweme!0x3e71464 1
Aweme!0x3e5c8a4 1
Aweme!0x3e87300 4
Aweme!0x775e348 7
Aweme!0x3ea0a88 1
Aweme!0x3ed32b4 2
Aweme!0x3ea8c54 6
Aweme!0x3e4e1b0 5
Aweme!0x3e5bd68 4
Aweme!0x3e5c61c 2
Aweme!0x3ea1680 3
Aweme!0x3e716f0 7
Aweme!0x3e70c10 3
Aweme!0x3e84b20 1
Aweme!0x775e7a4 238
Aweme!0x3ede85c 3
Aweme!0x775cb00 1
Aweme!0x775e918 1
Aweme!0x3ea1228 1
Aweme!0x3ea61ec 21
Aweme!0x3e808c8 1
Aweme!0x3e6047c 1
Aweme!0x3e713b0 3
Aweme!0x3ed325c 5
Aweme!0x775e804 4
Aweme!0x3ecb260 6
Aweme!0x3e853d8 30
Aweme!0x3e85208 9
Aweme!0x3e71128 1
Aweme!0x3e7bed4 1
Aweme!0x3ea61f0 2
Aweme!0x3e7129c 1
Aweme!0x3e86df4 9
Aweme!0x3e70b5c 20
Aweme!0x3e712f8 1
Aweme!0x3e71240 2
Aweme!0x3e4e728 2
Aweme!0x3ed9ec8 3
Aweme!0x3e51534 7
Aweme!0x3ea1858 37
Aweme!0x3ecf460 1
Aweme!0x3e71698 10
Aweme!0x3e70c74 1
Aweme!0x3ea2ad4 2
Aweme!0x3ecc428 1
Aweme!0x3edb1a4 1
On receive  16384
Error happenError: unable to find module containing 0x1258ac25c
Error happenError: unable to find module containing 0x12582e984
Error happenError: unable to find module containing 0x12582e994
